
+-+-+-+-+-+-+
|C|E|I|N|M|S|
+-+-+-+-+-+-+-+-+-+-+
|C|a|l|i|b|r|a|t|e|d|
+-+-+-+-+-+-+-+-+-+-+-+-+
|E|M|G|-|I|n|f|o|r|m|e|d|
+-+-+-+-+-+-+-+-+-+-+-+-+-+-+-+-+-+-+-+-+
|N|e|u|r|o|m|u|s|c|u|l|o|s|k|e|l|e|t|a|l|
+-+-+-+-+-+-+-+-+-+-+-+-+-+-+-+-+-+-+-+-+
|T|o|o|l|b|o|x|
+-+-+-+-+-+-+-+

CEINMS version 0.21.0
Copyright (C) Apr 29 2020
Claudio Pizzolato, Monica Reggiani, Massimo Sartori, David Lloyd
Software developers: Claudio Pizzolato, Elena Ceseracciu, Monica Reggiani
Check configuration data...
Reading subject file: D:/3-PhD/Data/MocapData/ElaboratedData/009/pre/ceinms/execution/Setup/../../calibration/calibratedSubject.xml .
Contact model found
Reading subject file: D:/3-PhD/Data/MocapData/ElaboratedData/009/pre/ceinms/execution/Setup/../../calibration/calibratedSubject.xml .
activeForceLength
passiveForceLength
forceVelocity
tendonForceStrain
Assuming addbrev_r pennation angle in radians: 0.114781
Assuming addlong_r pennation angle in radians: 0.13777
Assuming addmagDist_r pennation angle in radians: 0.194705
Assuming addmagIsch_r pennation angle in radians: 0.168044
Assuming addmagMid_r pennation angle in radians: 0.207308
Assuming addmagProx_r pennation angle in radians: 0.311483
Assuming bflh_r pennation angle in radians: 0.175918
Assuming bfsh_r pennation angle in radians: 0.264223
Assuming edl_r pennation angle in radians: 0.218258
Assuming ehl_r pennation angle in radians: 0.197268
Assuming fdl_r pennation angle in radians: 0.224839
Assuming fhl_r pennation angle in radians: 0.258026
Assuming gaslat_r pennation angle in radians: 0.210227
Reading tendonForceStrain of MTU gaslat_r
Assuming gasmed_r pennation angle in radians: 0.165682
Reading tendonForceStrain of MTU gasmed_r
Assuming glmax1_r pennation angle in radians: 0.354012
Assuming glmax2_r pennation angle in radians: 0.367382
Assuming glmax3_r pennation angle in radians: 0.382416
Assuming glmed1_r pennation angle in radians: 0.316556
Assuming glmed2_r pennation angle in radians: 0.316556
Assuming glmed3_r pennation angle in radians: 0.316556
Assuming glmin1_r pennation angle in radians: 0.174533
Assuming glmin2_r pennation angle in radians: 0
Assuming glmin3_r pennation angle in radians: 0.0174533
Assuming grac_r pennation angle in radians: 0.172002
Assuming iliacus_r pennation angle in radians: 0.279914
Assuming perbrev_r pennation angle in radians: 0.205236
Assuming perlong_r pennation angle in radians: 0.247952
Assuming psoas_r pennation angle in radians: 0.215525
Assuming recfem_r pennation angle in radians: 0.217015
Assuming sart_r pennation angle in radians: 0.0261354
Assuming semimem_r pennation angle in radians: 0.254561
Assuming semiten_r pennation angle in radians: 0.241295
Assuming soleus_r pennation angle in radians: 0.381429
Reading tendonForceStrain of MTU soleus_r
Assuming tfl_r pennation angle in radians: 0.0523599
Assuming tibant_r pennation angle in radians: 0.195183
Assuming tibpost_r pennation angle in radians: 0.226489
Assuming vasint_r pennation angle in radians: 0.0630997
Assuming vaslat_r pennation angle in radians: 0.252867
Assuming vasmed_r pennation angle in radians: 0.422223
Assuming addbrev_l pennation angle in radians: 0.114781
Assuming addlong_l pennation angle in radians: 0.13777
Assuming addmagDist_l pennation angle in radians: 0.194705
Assuming addmagIsch_l pennation angle in radians: 0.168044
Assuming addmagMid_l pennation angle in radians: 0.168044
Assuming addmagProx_l pennation angle in radians: 0.207308
Assuming bflh_l pennation angle in radians: 0.175918
Assuming bfsh_l pennation angle in radians: 0.264223
Assuming edl_l pennation angle in radians: 0.218258
Assuming ehl_l pennation angle in radians: 0.197268
Assuming fdl_l pennation angle in radians: 0.224839
Assuming fhl_l pennation angle in radians: 0.258026
Assuming gaslat_l pennation angle in radians: 0.210227
Reading tendonForceStrain of MTU gaslat_l
Assuming gasmed_l pennation angle in radians: 0.165682
Reading tendonForceStrain of MTU gasmed_l
Assuming glmax1_l pennation angle in radians: 0.354012
Assuming glmax2_l pennation angle in radians: 0.367382
Assuming glmax3_l pennation angle in radians: 0.382416
Assuming glmed1_l pennation angle in radians: 0.316556
Assuming glmed2_l pennation angle in radians: 0.316556
Assuming glmed3_l pennation angle in radians: 0.316556
Assuming glmin1_l pennation angle in radians: 0.174533
Assuming glmin2_l pennation angle in radians: 0
Assuming glmin3_l pennation angle in radians: 0.0174533
Assuming grac_l pennation angle in radians: 0.172002
Assuming iliacus_l pennation angle in radians: 0.279914
Assuming perbrev_l pennation angle in radians: 0.205236
Assuming perlong_l pennation angle in radians: 0.247952
Assuming psoas_l pennation angle in radians: 0.215525
Assuming recfem_l pennation angle in radians: 0.217015
Assuming sart_l pennation angle in radians: 0.0261354
Assuming semimem_l pennation angle in radians: 0.254561
Assuming semiten_l pennation angle in radians: 0.241295
Assuming soleus_l pennation angle in radians: 0.381429
Reading tendonForceStrain of MTU soleus_l
Assuming tfl_l pennation angle in radians: 0.0523599
Assuming tibant_l pennation angle in radians: 0.195183
Assuming tibpost_l pennation angle in radians: 0.226489
Assuming vasint_l pennation angle in radians: 0.0630997
Assuming vaslat_l pennation angle in radians: 0.252867
Assuming vasmed_l pennation angle in radians: 0.422223
Assuming piri_r pennation angle in radians: 0.174533
Found OpenSim model associated to the subject: D:\3-PhD\Data\MocapData\ElaboratedData\009\pre\009_Rajagopal2015_FAI_rra_opt_N10.osim
Loaded model 009_Rajagopal2015_FAI_rra_opt_N10.osim from file D:\3-PhD\Data\MocapData\ElaboratedData\009\pre\009_Rajagopal2015_FAI_rra_opt_N10.osim
Found valid OpenSim model: D:\3-PhD\Data\MocapData\ElaboratedData\009\pre\009_Rajagopal2015_FAI_rra_opt_N10.osim

EMG: Reading emg file...D:/3-PhD/Data/MocapData/ElaboratedData/009/pre/ceinms/execution/Setup/../../trials/../../dynamicElaborations/RunL1/emg.mot
Muscle excitations to muscle mapping:
addbrev_r -> addbrev_r
addlong_r -> addlong_r
addmagDist_r -> addmagDist_r
addmagIsch_r -> addmagIsch_r
addmagMid_r -> addmagMid_r
addmagProx_r -> addmagProx_r
bflh_r -> bflh_r
bfsh_r -> bfsh_r
edl_r -> edl_r
ehl_r -> ehl_r
fdl_r -> fdl_r
fhl_r -> fhl_r
gaslat_r -> gaslat_r
gasmed_r -> gasmed_r
glmax1_r -> glmax1_r
glmax2_r -> glmax2_r
glmax3_r -> glmax3_r
glmed1_r -> glmed1_r
glmed2_r -> glmed2_r
glmed3_r -> glmed3_r
glmin1_r -> glmin1_r
glmin2_r -> glmin2_r
glmin3_r -> glmin3_r
grac_r -> grac_r
iliacus_r -> iliacus_r
perbrev_r -> perbrev_r
perlong_r -> perlong_r
psoas_r -> psoas_r
recfem_r -> recfem_r
sart_r -> sart_r
semimem_r -> semimem_r
semiten_r -> semiten_r
soleus_r -> soleus_r
tfl_r -> tfl_r
tibant_r -> tibant_r
tibpost_r -> tibpost_r
vasint_r -> vasint_r
vaslat_r -> vaslat_r
vasmed_r -> vasmed_r
addbrev_l -> addbrev_l
addlong_l -> addlong_l
addmagDist_l -> addmagDist_l
addmagIsch_l -> addmagIsch_l
addmagMid_l -> addmagMid_l
addmagProx_l -> addmagProx_l
bflh_l -> bflh_l
bfsh_l -> bfsh_l
edl_l -> edl_l
ehl_l -> ehl_l
fdl_l -> fdl_l
fhl_l -> fhl_l
gaslat_l -> gaslat_l
gasmed_l -> gasmed_l
glmax1_l -> glmax1_l
glmax2_l -> glmax2_l
glmax3_l -> glmax3_l
glmed1_l -> glmed1_l
glmed2_l -> glmed2_l
glmed3_l -> glmed3_l
glmin1_l -> glmin1_l
glmin2_l -> glmin2_l
glmin3_l -> glmin3_l
grac_l -> grac_l
iliacus_l -> iliacus_l
perbrev_l -> perbrev_l
perlong_l -> perlong_l
psoas_l -> psoas_l
recfem_l -> recfem_l
sart_l -> sart_l
semimem_l -> semimem_l
semiten_l -> semiten_l
soleus_l -> soleus_l
tfl_l -> tfl_l
tibant_l -> tibant_l
tibpost_l -> tibpost_l
vasint_l -> vasint_l
vaslat_l -> vaslat_l
vasmed_l -> vasmed_l
piri_r -> piri_r
Using D:/3-PhD/Data/MocapData/ElaboratedData/009/pre/ceinms/execution/Setup/../simulations/RunL1/A1_B40_G41/ as output directory
Joint moments
hip_flexion_r -> Tracking
knee_angle_r -> Tracking
ankle_angle_r -> Tracking
Muscle excitations
addbrev_r ->  Adjusting
addlong_r ->  Adjusting
addmagDist_r ->  Adjusting
addmagIsch_r ->  Adjusting
addmagMid_r ->  Adjusting
addmagProx_r ->  Adjusting
bflh_r ->  Adjusting
bfsh_r ->  Adjusting
edl_r ->  Synthetising
ehl_r ->  Synthetising
fdl_r ->  Synthetising
fhl_r ->  Synthetising
gaslat_r ->  Adjusting
gasmed_r ->  Adjusting
glmax1_r ->  Adjusting
glmax2_r ->  Adjusting
glmax3_r ->  Adjusting
glmed1_r ->  Synthetising
glmed2_r ->  Synthetising
glmed3_r ->  Synthetising
glmin1_r ->  Synthetising
glmin2_r ->  Synthetising
glmin3_r ->  Synthetising
grac_r ->  Adjusting
iliacus_r ->  Synthetising
perbrev_r ->  Synthetising
perlong_r ->  Synthetising
psoas_r ->  Synthetising
recfem_r ->  Adjusting
sart_r ->  Synthetising
semimem_r ->  Adjusting
semiten_r ->  Adjusting
soleus_r ->  Adjusting
tfl_r ->  Adjusting
tibant_r ->  Adjusting
tibpost_r ->  Synthetising
vasint_r ->  Adjusting
vaslat_r ->  Adjusting
vasmed_r ->  Adjusting
addbrev_l ->  Unchanged
addlong_l ->  Unchanged
addmagDist_l ->  Unchanged
addmagIsch_l ->  Unchanged
addmagMid_l ->  Unchanged
addmagProx_l ->  Unchanged
bflh_l ->  Unchanged
bfsh_l ->  Unchanged
edl_l ->  Unchanged
ehl_l ->  Unchanged
fdl_l ->  Unchanged
fhl_l ->  Unchanged
gaslat_l ->  Unchanged
gasmed_l ->  Unchanged
glmax1_l ->  Unchanged
glmax2_l ->  Unchanged
glmax3_l ->  Unchanged
glmed1_l ->  Unchanged
glmed2_l ->  Unchanged
glmed3_l ->  Unchanged
glmin1_l ->  Unchanged
glmin2_l ->  Unchanged
glmin3_l ->  Unchanged
grac_l ->  Unchanged
iliacus_l ->  Unchanged
perbrev_l ->  Unchanged
perlong_l ->  Unchanged
psoas_l ->  Unchanged
recfem_l ->  Unchanged
sart_l ->  Unchanged
semimem_l ->  Unchanged
semiten_l ->  Unchanged
soleus_l ->  Unchanged
tfl_l ->  Unchanged
tibant_l ->  Unchanged
tibpost_l ->  Unchanged
vasint_l ->  Unchanged
vaslat_l ->  Unchanged
vasmed_l ->  Unchanged
piri_r ->  Synthetising
Using alpha = 1, beta = 40, gamma = 41
-- initialise contact model
Loaded model 009_Rajagopal2015_FAI_rra_opt_N10.osim from file D:\3-PhD\Data\MocapData\ElaboratedData\009\pre\009_Rajagopal2015_FAI_rra_opt_N10.osim
Storage: file=D:/3-PhD/Data/MocapData/ElaboratedData/009/pre/ceinms/execution/Setup/../../trials/../../inverseKinematics/RunL1/IK.mot (nr=113 nc=40)
Storage: file=D:/3-PhD/Data/MocapData/ElaboratedData/009/pre/ceinms/execution/Setup/../../trials/../../inverseKinematics/RunL1/IK.mot (nr=113 nc=40)
Using D:/3-PhD\Data\MocapData\ElaboratedData\009\pre\ceinms\execution\simulations\RunL1\A1_B40_G41 as output directory
-- Initialise external forces produces
Old version storage/motion file encountered
Storage: file=d:\3-PhD\Data\MocapData\ElaboratedData\009\pre\inverseDynamics\RunL1\RunL1.mot (nr=1151 nc=37)
.. assuming rotations in Degrees.
-- Initialise loggers
Using D:/3-PhD\Data\MocapData\ElaboratedData\009\pre\ceinms\execution\simulations\RunL1\A1_B40_G41 as output directory
Loaded model 009_Rajagopal2015_FAI_rra_opt_N10.osim from file D:\3-PhD\Data\MocapData\ElaboratedData\009\pre\009_Rajagopal2015_FAI_rra_opt_N10.osim
QueuesToJointReactionForces - initialising
Kinematics storage filename D:/3-PhD/Data/MocapData/ElaboratedData/009/pre/ceinms/execution/Setup/../../trials/../../inverseKinematics/RunL1/IK.mot
Loaded model 009_Rajagopal2015_FAI_rra_opt_N10.osim from file D:\3-PhD\Data\MocapData\ElaboratedData\009\pre\009_Rajagopal2015_FAI_rra_opt_N10.osim
Loaded model 009_Rajagopal2015_FAI_rra_opt_N10.osim from file D:\3-PhD\Data\MocapData\ElaboratedData\009\pre\009_Rajagopal2015_FAI_rra_opt_N10.osim
QueuesToJointReactionForces - done with initialisations
starting consume

externalTorque DONE

EMG: EMG DONE


EmgTime: 2.185
Adjusted EMG
0.001	0.001	0.999	0.999	0.001	0.001	0.592406	0.0201207	0.00424256	0.0693695	0.001	0.001	0.001	0.0810832	0.001	0.999	0.001	0.999	0.945163	0.999	0.001	0.999	0.999	0.001	0.001	0.001	0.001	0.001	0.0118133	0.001	0.0215937	0.247683	0.0732536	0.001	0.0517801	0.000997281	0.053196	0.001	0.001	0	0	0	0	0	0	0	0	0	0	0	0	0	0	0	0	0	0	0	0	0	0	0	0	0	0	0	0	0	0	0	0	0	0	0	0	0	0	0	0.443731	
LmtTime: 2.185
Lmt
0.161107	0.280848	0.253813	0.37842	0.168705	0.132549	0.448002	0.254215	0.471633	0.43807	0.433997	0.410288	0.447417	0.462967	0.185663	0.216448	0.227643	0.106439	0.122293	0.109474	0.0739516	0.0774159	0.0859634	0.490596	0.212492	0.200979	0.396956	0.23215	0.567434	0.626206	0.44347	0.488973	0.317539	0.585722	0.33991	0.329377	0.317236	0.331566	0.30364	0.133916	0.238738	0.319047	0.469263	0.197511	0.116965	0.488608	0.205865	0.443797	0.410136	0.434123	0.415055	0.41898	0.431248	0.25163	0.296154	0.328902	0.13131	0.155273	0.142427	0.083794	0.089814	0.102071	0.456428	0.158168	0.200291	0.395017	0.189081	0.568444	0.49778	0.465053	0.509591	0.332883	0.53423	0.308627	0.327203	0.374619	0.388157	0.358432	0.140563	
MomentArms on: hip_flexion_r
0.0309581	0.0462995	-0.0129832	-0.0289314	0.0104858	0.0223287	-0.0406595	-0.0453647	-0.0597548	-0.0621107	-0.0141598	-0.0150642	-0.0109019	0.00070907	-0.00177803	-0.00395108	0.0223614	0.031573	-0.00113487	0.021656	0.0286586	0.0217898	-0.0360327	-0.03857	0.0247674	
MomentArms on: knee_angle_r
0.0318315	0.0253747	0.0239297	0.0204051	0.0296052	-0.0506708	0.0194978	0.0373104	0.0440645	-0.0176463	-0.0478684	-0.0479359	-0.0476466	
MomentArms on: ankle_angle_r
0.0325934	0.0347175	-0.0122582	-0.0187597	-0.0438316	-0.0422068	-0.00817735	-0.0111785	-0.0446266	0.0371599	-0.0128693	
External Torques: -42.7185 17.8697 1.57248 
Current Torque on hip_flexion_r 56.2148
Current Torque on knee_angle_r 17.9999
Current Torque on ankle_angle_r 1.35219

----------------------------------------


EmgTime: 2.19
Adjusted EMG
0.001	0.001	0.999	0.581742	0.001	0.001	0.199422	0.0144982	0.001	0.001	0.001	0.001	0.0477352	0.0617302	0.001	0.999	0.001	0.999	0.2682	0.859176	0.001	0.316197	0.237863	0.001	0.001	0.001	0.001	0.001	0.0132659	0.001	0.0228911	0.144853	0.0547357	0.001	0.001	0.000997281	0.240279	0.001	0.001	0	0	0	0	0	0	0	0	0	0	0	0	0	0	0	0	0	0	0	0	0	0	0	0	0	0	0	0	0	0	0	0	0	0	0	0	0	0	0	0.140608	
LmtTime: 2.19
Lmt
0.161892	0.281988	0.253615	0.37784	0.169054	0.133136	0.44737	0.254403	0.473825	0.440403	0.433143	0.40899	0.444639	0.460277	0.1846	0.215081	0.226338	0.106012	0.121873	0.109186	0.0738806	0.0772969	0.0858128	0.491435	0.213197	0.200414	0.396189	0.232647	0.567673	0.626793	0.442969	0.488487	0.314512	0.586051	0.342398	0.328485	0.31688	0.331209	0.303286	0.132887	0.237724	0.318767	0.469082	0.196945	0.116025	0.490716	0.208068	0.443686	0.410017	0.434144	0.415094	0.420904	0.433712	0.252401	0.29669	0.32885	0.13197	0.155972	0.143103	0.0843123	0.090443	0.102726	0.458739	0.157779	0.200308	0.395043	0.188602	0.567053	0.500817	0.467508	0.512551	0.333005	0.534531	0.308496	0.327228	0.373258	0.386917	0.357164	0.140516	
MomentArms on: hip_flexion_r
0.0309173	0.0461599	-0.0116912	-0.0275725	0.0114244	0.0224489	-0.0395209	-0.0452512	-0.0597045	-0.0608308	-0.0142529	-0.0148411	-0.0104338	0.0006798	-0.00177832	-0.00385462	0.0234155	0.0314686	-0.00089444	0.0215841	0.027805	0.0204711	-0.0350051	-0.0372141	0.0236521	
MomentArms on: knee_angle_r
0.0317127	0.0252661	0.0239518	0.0203447	0.0293343	-0.0506737	0.0192475	0.037124	0.0438417	-0.0176732	-0.0479754	-0.0479014	-0.0477423	
MomentArms on: ankle_angle_r
0.0317064	0.0337213	-0.0127666	-0.019283	-0.0428659	-0.0411149	-0.00837255	-0.0113166	-0.0441288	0.0358203	-0.0132828	
External Torques: -14.5472 12.1147 1.9152 
Current Torque on hip_flexion_r 66.8457
Current Torque on knee_angle_r 15.9585
Current Torque on ankle_angle_r 4.84608

----------------------------------------


EmgTime: 2.195
Adjusted EMG
0.001	0.001	0.802782	0.347491	0.001	0.001	0.0266126	0.0117597	0.001	0.001	0.001	0.001	0.0333148	0.0456369	0.001	0.648426	0.00112489	0.109044	0.0212832	0.175754	0.001	0.0609097	0.0273692	0.001	0.001	0.001	0.001	0.001	0.001	0.001	0.0240478	0.0369724	0.0394759	0.001	0.001	0.000997281	0.259914	0.001	0.001	0	0	0	0	0	0	0	0	0	0	0	0	0	0	0	0	0	0	0	0	0	0	0	0	0	0	0	0	0	0	0	0	0	0	0	0	0	0	0	0.0545518	
LmtTime: 2.195
Lmt
0.162458	0.28286	0.253359	0.377264	0.169246	0.13357	0.4466	0.254406	0.47569	0.442385	0.43237	0.407829	0.442119	0.457864	0.18386	0.21404	0.225198	0.105753	0.121718	0.109198	0.0739371	0.0773525	0.0858696	0.49191	0.213792	0.199911	0.395512	0.233064	0.568238	0.627215	0.442275	0.487752	0.311901	0.586592	0.344495	0.327684	0.316874	0.331203	0.303279	0.131998	0.236889	0.318272	0.468657	0.196262	0.115143	0.492749	0.210587	0.443596	0.40992	0.434161	0.415125	0.422972	0.436289	0.25287	0.296911	0.328504	0.132664	0.156569	0.143582	0.0848792	0.0910669	0.103309	0.461129	0.157732	0.200322	0.395064	0.188404	0.565826	0.504343	0.469982	0.515531	0.333103	0.535248	0.30839	0.327248	0.371807	0.385595	0.355813	0.140681	
MomentArms on: hip_flexion_r
0.0309116	0.0460597	-0.0105728	-0.0263535	0.0122346	0.0225628	-0.0385296	-0.0450179	-0.0595794	-0.0597323	-0.0140613	-0.0144449	-0.00993246	0.00087505	-0.00159448	-0.00363845	0.0243567	0.0314163	-0.00067084	0.0215391	0.0270468	0.0192854	-0.0340815	-0.0359938	0.022791	
MomentArms on: knee_angle_r
0.0316666	0.0252641	0.0239426	0.0203436	0.0292799	-0.0506496	0.019243	0.0370804	0.0437778	-0.0176736	-0.0479774	-0.0479008	-0.047744	
MomentArms on: ankle_angle_r
0.0308987	0.032816	-0.013187	-0.0197067	-0.0418363	-0.0399794	-0.0085245	-0.0114079	-0.0435118	0.0346024	-0.0136165	
External Torques: 13.5452 6.31598 2.30904 
Current Torque on hip_flexion_r 53.8149
Current Torque on knee_angle_r 14.6455
Current Torque on ankle_angle_r 7.37276

----------------------------------------


EmgTime: 2.2
Adjusted EMG
0.229883	0.227729	0.222315	0.225573	0.228388	0.227469	0.0124582	0.0108444	0.001	0.001	0.001	0.001	0.0219883	0.0325902	0.00277439	0.001	0.00277442	0.001	0.001	0.001	0.00122577	0.001	0.001	0.001	0.0563394	0.001	0.001	0.073801	0.310259	0.001	0.0250209	0.0204407	0.0272912	0.182709	0.001	0.000997281	0.229698	0.001	0.001	0	0	0	0	0	0	0	0	0	0	0	0	0	0	0	0	0	0	0	0	0	0	0	0	0	0	0	0	0	0	0	0	0	0	0	0	0	0	0	0.001	
LmtTime: 2.2
Lmt
0.162794	0.28345	0.253028	0.37668	0.169262	0.133841	0.445663	0.254209	0.477199	0.443987	0.431711	0.406847	0.43989	0.455756	0.183475	0.213355	0.224217	0.105689	0.121858	0.109543	0.074144	0.077608	0.0861594	0.49199	0.214274	0.199487	0.394947	0.233399	0.569168	0.627469	0.441359	0.48673	0.309767	0.587382	0.346179	0.327005	0.317248	0.331577	0.303652	0.131286	0.236261	0.317582	0.46801	0.195488	0.114357	0.4947	0.213385	0.443541	0.409861	0.434172	0.415144	0.425141	0.438931	0.253018	0.296814	0.327882	0.133361	0.157036	0.143842	0.0854757	0.091664	0.103801	0.4636	0.158025	0.20033	0.395077	0.188491	0.564647	0.508297	0.472468	0.518518	0.333163	0.536328	0.308325	0.32726	0.370249	0.384172	0.35436	0.14108	
MomentArms on: hip_flexion_r
0.0309497	0.04601	-0.00963677	-0.0252844	0.0129193	0.0226781	-0.037702	-0.0446626	-0.0593849	-0.0588617	-0.0135579	-0.0138649	-0.00940445	0.00131419	-0.00121316	-0.00329704	0.0251875	0.0314174	-0.00047221	0.0215209	0.0263901	0.0182381	-0.0332731	-0.0349219	0.0222003	
MomentArms on: knee_angle_r
0.0317008	0.0253783	0.023899	0.0204049	0.0294609	-0.0506001	0.0195059	0.0371924	0.043887	-0.0176454	-0.0478649	-0.047937	-0.0476435	
MomentArms on: ankle_angle_r
0.0302066	0.0320413	-0.0135175	-0.0200327	-0.0408503	-0.0389098	-0.00863629	-0.0114603	-0.0428699	0.0335605	-0.0138721	
External Torques: 41.1271 0.555446 2.74389 
Current Torque on hip_flexion_r 40.9847
Current Torque on knee_angle_r 8.46049
Current Torque on ankle_angle_r 7.76811

----------------------------------------


EmgTime: 2.205
Adjusted EMG
0.532614	0.381151	0.001	0.172072	0.476499	0.372807	0.00839406	0.0130703	0.001	0.001	0.001	0.001	0.0135082	0.0223262	0.00453782	0.001	0.00453782	0.001	0.001	0.001	0.192157	0.001	0.001	0.221785	0.993311	0.001	0.001	0.966813	0.448102	0.288247	0.0258127	0.017531	0.0179172	0.243413	0.001	0.000997281	0.0855351	0.001	0.001	0	0	0	0	0	0	0	0	0	0	0	0	0	0	0	0	0	0	0	0	0	0	0	0	0	0	0	0	0	0	0	0	0	0	0	0	0	0	0	0.001	
LmtTime: 2.205
Lmt
0.162884	0.283734	0.25262	0.376099	0.169089	0.133933	0.444513	0.253758	0.478186	0.445033	0.431262	0.406185	0.438136	0.454126	0.183466	0.213055	0.223415	0.105843	0.122294	0.110201	0.0745075	0.0780628	0.0866732	0.491587	0.214626	0.199202	0.39457	0.233637	0.570546	0.627503	0.440162	0.485349	0.308364	0.588443	0.347272	0.326546	0.318091	0.332424	0.304491	0.130781	0.235868	0.316726	0.467169	0.194653	0.113695	0.496562	0.21641	0.443539	0.409858	0.434172	0.415145	0.42736	0.441584	0.252847	0.29641	0.327011	0.13404	0.157359	0.143871	0.0860881	0.0922202	0.104191	0.466149	0.158644	0.20033	0.395078	0.188855	0.563426	0.5126	0.474954	0.5215	0.333166	0.537704	0.308322	0.327261	0.368551	0.382663	0.352808	0.141688	
MomentArms on: hip_flexion_r
0.031037	0.04602	-0.00892202	-0.0244139	0.0134591	0.0227976	-0.0370767	-0.0442237	-0.0591543	-0.0582946	-0.0127777	-0.0131468	-0.00889514	0.00196285	-0.00066846	-0.00286308	0.0258825	0.0314728	-0.00032214	0.0215253	0.0258624	0.017374	-0.032616	-0.0340452	0.0218946	
MomentArms on: knee_angle_r
0.0318397	0.0256408	0.023819	0.0205447	0.0299246	-0.0505169	0.0200937	0.0374969	0.0442108	-0.0175767	-0.0476091	-0.0479931	-0.0474069	
MomentArms on: ankle_angle_r
0.0297344	0.0315133	-0.0137282	-0.0202363	-0.0401245	-0.0381332	-0.00870316	-0.0114823	-0.0423761	0.0328509	-0.0140313	
External Torques: 67.7808 -5.08158 3.21074 
Current Torque on hip_flexion_r 50.327
Current Torque on knee_angle_r -3.42946
Current Torque on ankle_angle_r 6.58231

----------------------------------------


EmgTime: 2.21
Adjusted EMG
0.514461	0.375134	0.0716086	0.166334	0.570516	0.390077	0.0079689	0.0144988	0.001	0.001	0.001	0.001	0.00755846	0.0145644	0.00634226	0.001	0.00642	0.001	0.001	0.001	0.346543	0.001	0.001	0.29095	0.643518	0.001	0.001	0.844857	0.41523	0.462089	0.0263775	0.0208532	0.0110412	0.253517	0.0579114	0.000997281	0.001	0.001	0.00142657	0	0	0	0	0	0	0	0	0	0	0	0	0	0	0	0	0	0	0	0	0	0	0	0	0	0	0	0	0	0	0	0	0	0	0	0	0	0	0	0.001	
LmtTime: 2.21
Lmt
0.162696	0.283652	0.252169	0.375584	0.168723	0.133814	0.443075	0.252933	0.478221	0.44507	0.431246	0.406161	0.437331	0.453423	0.183844	0.21319	0.222882	0.106216	0.122976	0.11108	0.0749915	0.0786655	0.0873465	0.49051	0.214799	0.199191	0.394556	0.233744	0.572526	0.62717	0.438575	0.483472	0.308314	0.589765	0.347311	0.326529	0.319601	0.333955	0.305995	0.130507	0.235731	0.315751	0.466186	0.1938	0.113181	0.498346	0.219606	0.44361	0.409935	0.434159	0.41512	0.429572	0.444185	0.25239	0.295737	0.325944	0.1347	0.157547	0.143687	0.0867164	0.0927368	0.104483	0.468792	0.159544	0.20032	0.395061	0.189457	0.562139	0.517144	0.477446	0.524486	0.333088	0.539284	0.308406	0.327245	0.366652	0.381	0.351074	0.142422	
MomentArms on: hip_flexion_r
0.0311734	0.0461001	-0.00853806	-0.0238773	0.0137812	0.0229154	-0.0367474	-0.0437867	-0.0589486	-0.058166	-0.0118354	-0.0124051	-0.00849321	0.00272333	-4.616e-05	-0.00240827	0.026358	0.0315754	-0.00025311	0.0215548	0.0255415	0.0168216	-0.0322047	-0.0334875	0.021918	
MomentArms on: knee_angle_r
0.0321399	0.0261298	0.023698	0.0207912	0.0307783	-0.0503646	0.0211302	0.0380748	0.0448391	-0.0174358	-0.0471417	-0.0480037	-0.0469472	
MomentArms on: ankle_angle_r
0.0297175	0.0314944	-0.0137355	-0.0202433	-0.0400912	-0.0381042	-0.00870541	-0.0114829	-0.0423576	0.0328255	-0.0140368	
External Torques: 93.1235 -10.5092 3.7019 
Current Torque on hip_flexion_r 69.0368
Current Torque on knee_angle_r -16.9856
Current Torque on ankle_angle_r 4.28378

----------------------------------------


EmgTime: 2.215
Adjusted EMG
0.438964	0.337177	0.0569087	0.185505	0.543288	0.354887	0.00827193	0.0129083	0.00342905	0.0282905	0.001	0.001	0.00355108	0.00888543	0.00801517	0.001	0.00809365	0.001	0.001	0.001	0.410446	0.112187	0.001	0.283898	0.412258	0.001	0.001	0.760803	0.444426	0.415916	0.0265978	0.0227616	0.00634903	0.256342	0.0864219	0.000997281	0.001	0.001	0.00297856	0	0	0	0	0	0	0	0	0	0	0	0	0	0	0	0	0	0	0	0	0	0	0	0	0	0	0	0	0	0	0	0	0	0	0	0	0	0	0	0.001	
LmtTime: 2.215
Lmt
0.162354	0.283391	0.251612	0.375012	0.168199	0.133557	0.441414	0.251931	0.478223	0.445073	0.431245	0.406159	0.436426	0.452626	0.184348	0.213427	0.222282	0.106774	0.123808	0.112056	0.0756128	0.0793956	0.0881241	0.489055	0.214951	0.199191	0.394555	0.233818	0.57481	0.626696	0.436733	0.481274	0.308311	0.591292	0.347313	0.326528	0.321378	0.335773	0.307764	0.130364	0.235753	0.314552	0.464941	0.192823	0.112736	0.499933	0.222904	0.443762	0.410099	0.43413	0.415067	0.431733	0.446691	0.251637	0.294777	0.324596	0.135313	0.157585	0.14329	0.0873326	0.0931998	0.104675	0.471357	0.160738	0.200296	0.395025	0.190309	0.56088	0.522026	0.47982	0.527314	0.332922	0.541167	0.308586	0.327211	0.36456	0.379124	0.349148	0.143202	
MomentArms on: hip_flexion_r
0.0313563	0.0462243	-0.0082311	-0.0234222	0.0140749	0.0230709	-0.0365026	-0.0434339	-0.0588502	-0.0582619	-0.0108794	-0.0117261	-0.00821445	0.00347148	0.00053766	-0.00201898	0.0267925	0.0317198	-0.00028745	0.0216116	0.0252711	0.0163406	-0.0318547	-0.0330096	0.021992	
MomentArms on: knee_angle_r
0.0325171	0.0267372	0.0238243	0.021076	0.0317581	-0.0501259	0.0223233	0.0387532	0.0455762	-0.0172412	-0.0465626	-0.0478538	-0.046335	
MomentArms on: ankle_angle_r
0.0297164	0.0314931	-0.013736	-0.0202438	-0.0400782	-0.0381014	-0.00870557	-0.0114829	-0.0423563	0.0328237	-0.0140372	
External Torques: 116.819 -15.6411 4.21014 
Current Torque on hip_flexion_r 95.2091
Current Torque on knee_angle_r -22.7654
Current Torque on ankle_angle_r 3.68601

----------------------------------------


EmgTime: 2.22
Adjusted EMG
0.385188	0.303852	0.0603284	0.189876	0.500679	0.322554	0.00848108	0.0126524	0.0054656	0.0323778	0.001	0.001	0.00156612	0.00516377	0.00955675	0.001	0.00962077	0.001	0.001	0.001	0.409941	0.18129	0.001	0.278833	0.345138	0.001	0.001	0.75109	0.455237	0.360383	0.0264497	0.0234688	0.00351756	0.280851	0.101119	0.000997281	0.001	0.001	0.00437422	0	0	0	0	0	0	0	0	0	0	0	0	0	0	0	0	0	0	0	0	0	0	0	0	0	0	0	0	0	0	0	0	0	0	0	0	0	0	0	0.001	
LmtTime: 2.22
Lmt
0.161897	0.282989	0.250974	0.374405	0.167551	0.13318	0.439526	0.250747	0.478223	0.445073	0.431245	0.406159	0.435378	0.451697	0.184857	0.213654	0.221572	0.107478	0.124688	0.112987	0.0763259	0.0801816	0.088914	0.487224	0.215105	0.199191	0.394555	0.233871	0.577362	0.626056	0.434638	0.478758	0.30831	0.592957	0.347314	0.326528	0.323397	0.337855	0.309771	0.130307	0.235894	0.313117	0.463418	0.191703	0.112324	0.501282	0.226193	0.444006	0.410361	0.434083	0.414982	0.433795	0.449053	0.250623	0.293559	0.322962	0.13588	0.157493	0.142711	0.0879342	0.0936156	0.104781	0.473778	0.162189	0.200258	0.394968	0.191376	0.559654	0.527208	0.482027	0.529923	0.332654	0.54333	0.308875	0.327156	0.362279	0.377033	0.347031	0.143917	
MomentArms on: hip_flexion_r
0.0315749	0.0463795	-0.00798674	-0.0230526	0.0143518	0.0232664	-0.036321	-0.0432573	-0.0589238	-0.0585632	-0.0100772	-0.0112379	-0.00812677	0.00407263	0.00096686	-0.00178407	0.0271849	0.031893	-0.00044922	0.0216991	0.0252625	0.0159391	-0.0315604	-0.0326063	0.0220401	
MomentArms on: knee_angle_r
0.0329746	0.0274707	0.0240739	0.0214007	0.0328457	-0.0497177	0.0236453	0.039521	0.0464098	-0.0169824	-0.0458188	-0.0474247	-0.0455016	
MomentArms on: ankle_angle_r
0.0297162	0.0314928	-0.0137361	-0.0202439	-0.0400641	-0.0380998	-0.00870559	-0.0114829	-0.0423561	0.0328235	-0.0140372	
External Torques: 138.623 -20.4075 4.72995 
Current Torque on hip_flexion_r 119.117
Current Torque on knee_angle_r -27.3774
Current Torque on ankle_angle_r 3.87071

----------------------------------------


EmgTime: 2.225
Adjusted EMG
0.367872	0.285623	0.0510944	0.179134	0.489432	0.306795	0.00856623	0.0123509	0.0060413	0.0335059	0.001	0.001	0.001	0.00298027	0.0108947	0.001	0.0108484	0.001	0.001	0.001	0.43353	0.220442	0.001	0.293067	0.360342	0.001	0.001	0.786918	0.393668	0.387272	0.0259107	0.0235108	0.00219032	0.307594	0.114311	0.000997281	0.001	0.001	0.00558717	0	0	0	0	0	0	0	0	0	0	0	0	0	0	0	0	0	0	0	0	0	0	0	0	0	0	0	0	0	0	0	0	0	0	0	0	0	0	0	0.001	
LmtTime: 2.225
Lmt
0.161357	0.282475	0.250291	0.373796	0.166816	0.132702	0.437418	0.249368	0.478223	0.445072	0.431245	0.406159	0.434181	0.450631	0.185271	0.213787	0.220746	0.108273	0.125516	0.113745	0.0770729	0.0809464	0.0896267	0.485014	0.215267	0.199191	0.394555	0.233909	0.580142	0.625209	0.432291	0.475931	0.308311	0.594681	0.347313	0.326528	0.325637	0.34018	0.311992	0.130296	0.236116	0.311451	0.46162	0.190431	0.111915	0.502367	0.229387	0.44435	0.410732	0.434017	0.41486	0.435714	0.451226	0.249397	0.292122	0.32104	0.136403	0.157292	0.14199	0.0885195	0.0939924	0.104817	0.476005	0.163847	0.200205	0.394886	0.192612	0.558472	0.532629	0.484028	0.532263	0.332273	0.545733	0.309282	0.327078	0.359828	0.374743	0.344739	0.144463	
MomentArms on: hip_flexion_r
0.0318154	0.0465554	-0.00781192	-0.0227944	0.014602	0.0234948	-0.0362004	-0.0433277	-0.0592123	-0.0590588	-0.00957319	-0.011047	-0.00828207	0.00441638	0.00114941	-0.00177203	0.0275173	0.032086	-0.00075118	0.0218172	0.0253439	0.0156464	-0.0313007	-0.0322937	0.0220184	
MomentArms on: knee_angle_r
0.0335153	0.0283407	0.0243924	0.0217595	0.0340309	-0.0490962	0.0250751	0.0406683	0.0473322	-0.0166491	-0.0449042	-0.0466607	-0.0444353	
MomentArms on: ankle_angle_r
0.0297165	0.0314932	-0.013736	-0.0202438	-0.0400484	-0.0380984	-0.00870555	-0.0114829	-0.0423564	0.0328239	-0.0140371	
External Torques: 158.382 -24.7526 5.25593 
Current Torque on hip_flexion_r 137.471
Current Torque on knee_angle_r -33.5238
Current Torque on ankle_angle_r 4.31793

----------------------------------------


EmgTime: 2.23
Adjusted EMG
0.369802	0.27501	0.0236557	0.16066	0.505347	0.300266	0.00828873	0.0120161	0.00656425	0.0365764	0.001	0.001	0.00128906	0.00207374	0.0119663	0.001	0.0119663	0.001	0.001	0.001	0.459535	0.219004	0.001	0.318098	0.403446	0.001	0.001	0.839101	0.297092	0.452295	0.0249983	0.0230443	0.00205126	0.33638	0.127092	0.000997281	0.001	0.001	0.00659072	0	0	0	0	0	0	0	0	0	0	0	0	0	0	0	0	0	0	0	0	0	0	0	0	0	0	0	0	0	0	0	0	0	0	0	0	0	0	0	0.001	
LmtTime: 2.23
Lmt
0.160754	0.281859	0.249598	0.373226	0.166027	0.132133	0.435115	0.247782	0.47822	0.44507	0.431246	0.406161	0.43283	0.449426	0.185532	0.213792	0.219838	0.109109	0.126218	0.114242	0.0778022	0.0816296	0.0901972	0.482418	0.215426	0.199191	0.394556	0.233924	0.583103	0.624113	0.42969	0.472818	0.308315	0.59639	0.34731	0.326529	0.328084	0.342723	0.314408	0.130303	0.236393	0.309583	0.459579	0.189021	0.111493	0.503176	0.23244	0.444796	0.411213	0.433929	0.4147	0.437448	0.453171	0.248008	0.290515	0.318862	0.136882	0.157008	0.141159	0.0890847	0.0943353	0.1048	0.478002	0.165652	0.200135	0.39478	0.193967	0.557347	0.538189	0.485793	0.534299	0.331778	0.548306	0.30981	0.326976	0.357248	0.372291	0.342309	0.144773	
MomentArms on: hip_flexion_r
0.0320663	0.0467453	-0.0077365	-0.0226913	0.0148016	0.0237472	-0.0361584	-0.0436796	-0.059729	-0.0597514	-0.00945248	-0.011214	-0.00870633	0.00444177	0.00103699	-0.00201722	0.0277611	0.0322877	-0.00119152	0.021963	0.0252665	0.0155039	-0.031113	-0.0321051	0.0219215	
MomentArms on: knee_angle_r
0.0341362	0.0293532	0.0247821	0.0221505	0.0352924	-0.0484897	0.0265922	0.0420715	0.0483358	-0.0162345	-0.0440813	-0.0458059	-0.0434198	
MomentArms on: ankle_angle_r
0.0297177	0.0314945	-0.0137354	-0.0202433	-0.0400318	-0.0380976	-0.00870539	-0.0114829	-0.0423578	0.0328257	-0.0140367	
External Torques: 176.033 -28.6402 5.78254 
Current Torque on hip_flexion_r 151.18
Current Torque on knee_angle_r -40.5053
Current Torque on ankle_angle_r 4.75245

----------------------------------------


EmgTime: 2.235
Adjusted EMG
0.381592	0.268666	0.0187037	0.13761	0.542377	0.299136	0.0075886	0.0116772	0.00721717	0.0400374	0.001	0.001	0.00212178	0.00210828	0.0128489	0.001	0.0128489	0.001	0.001	0.001	0.467622	0.157158	0.001	0.348922	0.439664	0.001	0.001	0.889366	0.251269	0.532033	0.0237606	0.0220232	0.00277603	0.371389	0.139211	0.000997281	0.001	0.001	0.00729485	0	0	0	0	0	0	0	0	0	0	0	0	0	0	0	0	0	0	0	0	0	0	0	0	0	0	0	0	0	0	0	0	0	0	0	0	0	0	0	0.001	
LmtTime: 2.235
Lmt
0.16009	0.281132	0.248926	0.372732	0.165201	0.131478	0.43265	0.245974	0.478207	0.445055	0.431253	0.406171	0.431336	0.44808	0.18564	0.213694	0.218916	0.109954	0.126763	0.114449	0.0784804	0.0821991	0.0905969	0.479427	0.215557	0.199196	0.394562	0.233902	0.586201	0.622732	0.426856	0.469439	0.308334	0.598025	0.347295	0.326536	0.330723	0.345461	0.317001	0.130325	0.236718	0.30757	0.457359	0.187516	0.111064	0.503714	0.2353	0.445336	0.411794	0.433821	0.414505	0.438961	0.454851	0.24651	0.288793	0.316489	0.137314	0.156661	0.140249	0.0896233	0.0946451	0.104741	0.479754	0.167534	0.200049	0.394649	0.195384	0.556314	0.543744	0.487303	0.536013	0.331173	0.550954	0.310449	0.326849	0.354625	0.369765	0.339824	0.144823	
MomentArms on: hip_flexion_r
0.0323206	0.0469491	-0.00780433	-0.0227923	0.0149139	0.024012	-0.0362307	-0.0443092	-0.0604571	-0.0606595	-0.00973035	-0.0117485	-0.00940058	0.00414189	0.00062737	-0.0025192	0.0278811	0.0324919	-0.0017592	0.0221335	0.0250404	0.0155586	-0.0310596	-0.0320077	0.0217795	
MomentArms on: knee_angle_r
0.0348282	0.0305122	0.0252442	0.023154	0.0366141	-0.04784	0.0281701	0.0434754	0.0499531	-0.0157313	-0.0433352	-0.0448268	-0.0424607	
MomentArms on: ankle_angle_r
0.0297244	0.031502	-0.0137325	-0.0202405	-0.0400222	-0.0381051	-0.0087045	-0.0114826	-0.0423651	0.0328358	-0.0140346	
External Torques: 191.587 -32.0635 6.30351 
Current Torque on hip_flexion_r 160.76
Current Torque on knee_angle_r -47.5562
Current Torque on ankle_angle_r 5.13367

----------------------------------------


EmgTime: 2.24
Adjusted EMG
