
+-+-+-+-+-+-+
|C|E|I|N|M|S|
+-+-+-+-+-+-+-+-+-+-+
|C|a|l|i|b|r|a|t|e|d|
+-+-+-+-+-+-+-+-+-+-+-+-+
|E|M|G|-|I|n|f|o|r|m|e|d|
+-+-+-+-+-+-+-+-+-+-+-+-+-+-+-+-+-+-+-+-+
|N|e|u|r|o|m|u|s|c|u|l|o|s|k|e|l|e|t|a|l|
+-+-+-+-+-+-+-+-+-+-+-+-+-+-+-+-+-+-+-+-+
|T|o|o|l|b|o|x|
+-+-+-+-+-+-+-+

CEINMScalibrate version 0.21.0
Copyright (C) Apr 29 2020
Claudio Pizzolato, Monica Reggiani, Massimo Sartori, David Lloyd
Software developers: Claudio Pizzolato, Monica Reggiani
readNMSmodelCfg
Reading subject file: c:\opensim_tutorial\tutorials\Cerebral_Palsy_Project\Simulations\TD006\normal2_r1\ceinms\uncalibratedSubject.xml .
Contact model  not found
Calibration configuration
 - Algorithm
 -- Simulated Annealing
 --- noEpsilon 4
 --- NS 15
 --- NT 5
 --- maxNoEval 200000
 --- rt 0.3
 --- T 200000
 --- epsilon 1e-05
 - NMSmodel
 - CalibrationSteps
 -- Step
 Objective Function: TorqueErrorNormalised
 - Targets Type: Torque
 - Targets: all 
 - Weight: 1
 - Exponent: 1
 Objective Function: Penalty
 - Targets Type: Normalised Fibre Length
 - Targets: all 
 - Weight: 100
 - Exponent: 2
 - Range: 0.6, 1.4
 - Trials
 -- c:\opensim_tutorial\tutorials\Cerebral_Palsy_Project\Simulations\TD006\normal2_r1\ceinms\.\trial.xml


Reading subject file: c:\opensim_tutorial\tutorials\Cerebral_Palsy_Project\Simulations\TD006\normal2_r1\ceinms\uncalibratedSubject.xml .
activeForceLength
passiveForceLength
forceVelocity
tendonForceStrain
Assuming glut_med1_r pennation angle in radians: 0.139626
Assuming glut_med2_r pennation angle in radians: 0
Assuming glut_med3_r pennation angle in radians: 0.331613
Assuming glut_min1_r pennation angle in radians: 0.174533
Assuming glut_min2_r pennation angle in radians: 0
Assuming glut_min3_r pennation angle in radians: 0.0174533
Assuming semimem_r pennation angle in radians: 0.261799
Assuming semiten_r pennation angle in radians: 0.0872665
Assuming bifemlh_r pennation angle in radians: 0
Assuming bifemsh_r pennation angle in radians: 0.401426
Assuming sar_r pennation angle in radians: 0
Assuming add_long_r pennation angle in radians: 0.10472
Assuming add_brev_r pennation angle in radians: 0
Assuming add_mag1_r pennation angle in radians: 0.0872665
Assuming add_mag2_r pennation angle in radians: 0.0523599
Assuming add_mag3_r pennation angle in radians: 0.0872665
Assuming tfl_r pennation angle in radians: 0.0523599
Assuming pect_r pennation angle in radians: 0
Assuming grac_r pennation angle in radians: 0.0523599
Assuming glut_max1_r pennation angle in radians: 0.0872665
Assuming glut_max2_r pennation angle in radians: 0
Assuming glut_max3_r pennation angle in radians: 0.0872665
Assuming iliacus_r pennation angle in radians: 0.122173
Assuming psoas_r pennation angle in radians: 0.139626
Assuming quad_fem_r pennation angle in radians: 0
Assuming gem_r pennation angle in radians: 0
Assuming peri_r pennation angle in radians: 0.174533
Assuming rect_fem_r pennation angle in radians: 0.0872665
Assuming vas_med_r pennation angle in radians: 0.0872665
Assuming vas_int_r pennation angle in radians: 0.0523599
Assuming vas_lat_r pennation angle in radians: 0.0872665
Assuming med_gas_r pennation angle in radians: 0.296706
Assuming lat_gas_r pennation angle in radians: 0.139626
Assuming soleus_r pennation angle in radians: 0.436332
Assuming tib_post_r pennation angle in radians: 0.20944
Assuming flex_dig_r pennation angle in radians: 0.122173
Assuming flex_hal_r pennation angle in radians: 0.174533
Assuming tib_ant_r pennation angle in radians: 0.0872665
Assuming per_brev_r pennation angle in radians: 0.0872665
Assuming per_long_r pennation angle in radians: 0.174533
Assuming per_tert_r pennation angle in radians: 0.226893
Assuming ext_dig_r pennation angle in radians: 0.139626
Assuming ext_hal_r pennation angle in radians: 0.10472
Assuming glut_med1_l pennation angle in radians: 0.139626
Assuming glut_med2_l pennation angle in radians: 0
Assuming glut_med3_l pennation angle in radians: 0.331613
Assuming glut_min1_l pennation angle in radians: 0.174533
Assuming glut_min2_l pennation angle in radians: 0
Assuming glut_min3_l pennation angle in radians: 0.0174533
Assuming semimem_l pennation angle in radians: 0.261799
Assuming semiten_l pennation angle in radians: 0.0872665
Assuming bifemlh_l pennation angle in radians: 0
Assuming bifemsh_l pennation angle in radians: 0.401426
Assuming sar_l pennation angle in radians: 0
Assuming add_long_l pennation angle in radians: 0.10472
Assuming add_brev_l pennation angle in radians: 0
Assuming add_mag1_l pennation angle in radians: 0.0872665
Assuming add_mag2_l pennation angle in radians: 0.0523599
Assuming add_mag3_l pennation angle in radians: 0.0872665
Assuming tfl_l pennation angle in radians: 0.0523599
Assuming pect_l pennation angle in radians: 0
Assuming grac_l pennation angle in radians: 0.0523599
Assuming glut_max1_l pennation angle in radians: 0.0872665
Assuming glut_max2_l pennation angle in radians: 0
Assuming glut_max3_l pennation angle in radians: 0.0872665
Assuming iliacus_l pennation angle in radians: 0.122173
Assuming psoas_l pennation angle in radians: 0.139626
Assuming quad_fem_l pennation angle in radians: 0
Assuming gem_l pennation angle in radians: 0
Assuming peri_l pennation angle in radians: 0.174533
Assuming rect_fem_l pennation angle in radians: 0.0872665
Assuming vas_med_l pennation angle in radians: 0.0872665
Assuming vas_int_l pennation angle in radians: 0.0523599
Assuming vas_lat_l pennation angle in radians: 0.0872665
Assuming med_gas_l pennation angle in radians: 0.296706
Assuming lat_gas_l pennation angle in radians: 0.139626
Assuming soleus_l pennation angle in radians: 0.436332
Assuming tib_post_l pennation angle in radians: 0.20944
Assuming flex_dig_l pennation angle in radians: 0.122173
Assuming flex_hal_l pennation angle in radians: 0.174533
Assuming tib_ant_l pennation angle in radians: 0.0872665
Assuming per_brev_l pennation angle in radians: 0.0872665
Assuming per_long_l pennation angle in radians: 0.174533
Assuming per_tert_l pennation angle in radians: 0.226893
Assuming ext_dig_l pennation angle in radians: 0.139626
Assuming ext_hal_l pennation angle in radians: 0.10472
Assuming ercspn_r pennation angle in radians: 0
Assuming ercspn_l pennation angle in radians: 0
Assuming intobl_r pennation angle in radians: 0
Assuming intobl_l pennation angle in radians: 0
Assuming extobl_r pennation angle in radians: 0
Assuming extobl_l pennation angle in radians: 0
Found OpenSim model associated to the subject: c:\opensim_tutorial\tutorials\Cerebral_Palsy_Project\Simulations\TD006\TD006_v3.osim

EMG: Reading emg file...c:/opensim_tutorial/tutorials/Cerebral_Palsy_Project/Simulations/TD006/normal2_r1/ceinms/./../processed_emg_signals.mot
Muscle excitations to muscle mapping:
glut_med1_r -> glut_med1_r
glut_med2_r -> glut_med2_r
glut_med3_r -> glut_med3_r
glut_min1_r -> glut_min1_r
glut_min2_r -> glut_min2_r
glut_min3_r -> glut_min3_r
semimem_r -> semimem_r
semiten_r -> semiten_r
bifemlh_r -> bifemlh_r
bifemsh_r -> bifemsh_r
sar_r -> sar_r
add_long_r -> add_long_r
add_brev_r -> add_brev_r
add_mag1_r -> add_mag1_r
add_mag2_r -> add_mag2_r
add_mag3_r -> add_mag3_r
tfl_r -> tfl_r
pect_r -> pect_r
grac_r -> grac_r
glut_max1_r -> glut_max1_r
glut_max2_r -> glut_max2_r
glut_max3_r -> glut_max3_r
iliacus_r -> iliacus_r
psoas_r -> psoas_r
quad_fem_r -> quad_fem_r
gem_r -> gem_r
peri_r -> peri_r
rect_fem_r -> rect_fem_r
vas_med_r -> vas_med_r
vas_int_r -> vas_int_r
vas_lat_r -> vas_lat_r
med_gas_r -> med_gas_r
lat_gas_r -> lat_gas_r
soleus_r -> soleus_r
tib_post_r -> tib_post_r
flex_dig_r -> flex_dig_r
flex_hal_r -> flex_hal_r
tib_ant_r -> tib_ant_r
per_brev_r -> per_brev_r
per_long_r -> per_long_r
per_tert_r -> per_tert_r
ext_dig_r -> ext_dig_r
ext_hal_r -> ext_hal_r
glut_med1_l -> glut_med1_l
glut_med2_l -> glut_med2_l
glut_med3_l -> glut_med3_l
glut_min1_l -> glut_min1_l
glut_min2_l -> glut_min2_l
glut_min3_l -> glut_min3_l
semimem_l -> semimem_l
semiten_l -> semiten_l
bifemlh_l -> bifemlh_l
bifemsh_l -> bifemsh_l
sar_l -> sar_l
add_long_l -> add_long_l
add_brev_l -> add_brev_l
add_mag1_l -> add_mag1_l
add_mag2_l -> add_mag2_l
add_mag3_l -> add_mag3_l
tfl_l -> tfl_l
pect_l -> pect_l
grac_l -> grac_l
glut_max1_l -> glut_max1_l
glut_max2_l -> glut_max2_l
glut_max3_l -> glut_max3_l
iliacus_l -> iliacus_l
psoas_l -> psoas_l
quad_fem_l -> quad_fem_l
gem_l -> gem_l
peri_l -> peri_l
rect_fem_l -> rect_fem_l
vas_med_l -> vas_med_l
vas_int_l -> vas_int_l
vas_lat_l -> vas_lat_l
med_gas_l -> med_gas_l
lat_gas_l -> lat_gas_l
soleus_l -> soleus_l
tib_post_l -> tib_post_l
flex_dig_l -> flex_dig_l
flex_hal_l -> flex_hal_l
tib_ant_l -> tib_ant_l
per_brev_l -> per_brev_l
per_long_l -> per_long_l
per_tert_l -> per_tert_l
ext_dig_l -> ext_dig_l
ext_hal_l -> ext_hal_l
ercspn_r -> ercspn_r
ercspn_l -> ercspn_l
intobl_r -> intobl_r
intobl_l -> intobl_l
extobl_r -> extobl_r
extobl_l -> extobl_l

externalTorque DONE

EMG: EMG DONE

LmtMa: lmtMa DONE
Cropping trial: 1.34, 1.76
Loaded model TD006 from file c:\opensim_tutorial\tutorials\Cerebral_Palsy_Project\Simulations\TD006\TD006_v3.osim
Storage: file=c:/opensim_tutorial/tutorials/Cerebral_Palsy_Project/Simulations/TD006/normal2_r1/ceinms/./../Visual3d_SIMM_input.mot (nr=43 nc=42)
Return false
fLatest_.at(0) - fOpt_ = 911.703 - 86.8493 > 1e-05
------------------------------------------------------------------------------
 Objective Function: TorqueErrorNormalised
 - Targets Type: Torque
 - Targets: hip_adduction_r hip_rotation_r hip_flexion_r knee_angle_r ankle_angle_r 
 - Weight: 1
 - Exponent: 1
 - Value: 907.516
 -- Root Mean Square Errors
 --- Trial #1
 ---- hip_adduction_r: 26.5888 Nm
 ---- hip_rotation_r: 17.9887 Nm
 ---- hip_flexion_r: 29.2839 Nm
 ---- knee_angle_r: 93.9319 Nm
 ---- ankle_angle_r: 265.364 Nm

 Objective Function: Penalty
 - Targets Type: Normalised Fibre Length
 - Targets: glut_med1_r glut_med2_r glut_med3_r glut_min1_r glut_min2_r glut_min3_r semimem_r semiten_r bifemlh_r bifemsh_r sar_r add_long_r add_brev_r add_mag1_r add_mag2_r add_mag3_r tfl_r pect_r grac_r glut_max1_r glut_max2_r glut_max3_r iliacus_r psoas_r quad_fem_r gem_r peri_r rect_fem_r vas_med_r vas_int_r vas_lat_r med_gas_r lat_gas_r soleus_r tib_post_r flex_dig_r flex_hal_r tib_ant_r per_brev_r per_long_r per_tert_r ext_dig_r ext_hal_r glut_med1_l glut_med2_l glut_med3_l glut_min1_l glut_min2_l glut_min3_l semimem_l semiten_l bifemlh_l bifemsh_l sar_l add_long_l add_brev_l add_mag1_l add_mag2_l add_mag3_l tfl_l pect_l grac_l glut_max1_l glut_max2_l glut_max3_l iliacus_l psoas_l quad_fem_l gem_l peri_l rect_fem_l vas_med_l vas_int_l vas_lat_l med_gas_l lat_gas_l soleus_l tib_post_l flex_dig_l flex_hal_l tib_ant_l per_brev_l per_long_l per_tert_l ext_dig_l ext_hal_l ercspn_r ercspn_l intobl_r intobl_l extobl_r extobl_l 
 - Weight: 100
 - Exponent: 2
 - Range: 0.6, 1.4
 - Value: 4.18664

------------------------------------------------------------------------------
   Fobj = 911.703
------------------------------------------------------------------------------
Return false
fLatest_.at(0) - fOpt_ = 381.625 - 62.7007 > 1e-05
------------------------------------------------------------------------------
 Objective Function: TorqueErrorNormalised
 - Targets Type: Torque
 - Targets: hip_adduction_r hip_rotation_r hip_flexion_r knee_angle_r ankle_angle_r 
 - Weight: 1
 - Exponent: 1
 - Value: 381.547
 -- Root Mean Square Errors
 --- Trial #1
 ---- hip_adduction_r: 25.2175 Nm
 ---- hip_rotation_r: 6.44012 Nm
 ---- hip_flexion_r: 92.6837 Nm
 ---- knee_angle_r: 89.0143 Nm
 ---- ankle_angle_r: 168.191 Nm

 Objective Function: Penalty
 - Targets Type: Normalised Fibre Length
 - Targets: glut_med1_r glut_med2_r glut_med3_r glut_min1_r glut_min2_r glut_min3_r semimem_r semiten_r bifemlh_r bifemsh_r sar_r add_long_r add_brev_r add_mag1_r add_mag2_r add_mag3_r tfl_r pect_r grac_r glut_max1_r glut_max2_r glut_max3_r iliacus_r psoas_r quad_fem_r gem_r peri_r rect_fem_r vas_med_r vas_int_r vas_lat_r med_gas_r lat_gas_r soleus_r tib_post_r flex_dig_r flex_hal_r tib_ant_r per_brev_r per_long_r per_tert_r ext_dig_r ext_hal_r glut_med1_l glut_med2_l glut_med3_l glut_min1_l glut_min2_l glut_min3_l semimem_l semiten_l bifemlh_l bifemsh_l sar_l add_long_l add_brev_l add_mag1_l add_mag2_l add_mag3_l tfl_l pect_l grac_l glut_max1_l glut_max2_l glut_max3_l iliacus_l psoas_l quad_fem_l gem_l peri_l rect_fem_l vas_med_l vas_int_l vas_lat_l med_gas_l lat_gas_l soleus_l tib_post_l flex_dig_l flex_hal_l tib_ant_l per_brev_l per_long_l per_tert_l ext_dig_l ext_hal_l ercspn_r ercspn_l intobl_r intobl_l extobl_r extobl_l 
 - Weight: 100
 - Exponent: 2
 - Range: 0.6, 1.4
 - Value: 0.0784922

------------------------------------------------------------------------------
   Fobj = 381.625
------------------------------------------------------------------------------
Return false
fLatest_.at(0) - fOpt_ = 433.986 - 61.2437 > 1e-05
------------------------------------------------------------------------------
 Objective Function: TorqueErrorNormalised
 - Targets Type: Torque
 - Targets: hip_adduction_r hip_rotation_r hip_flexion_r knee_angle_r ankle_angle_r 
 - Weight: 1
 - Exponent: 1
 - Value: 433.881
 -- Root Mean Square Errors
 --- Trial #1
 ---- hip_adduction_r: 25.2979 Nm
 ---- hip_rotation_r: 13.2732 Nm
 ---- hip_flexion_r: 52.5005 Nm
 ---- knee_angle_r: 68.7532 Nm
 ---- ankle_angle_r: 274.057 Nm

 Objective Function: Penalty
 - Targets Type: Normalised Fibre Length
 - Targets: glut_med1_r glut_med2_r glut_med3_r glut_min1_r glut_min2_r glut_min3_r semimem_r semiten_r bifemlh_r bifemsh_r sar_r add_long_r add_brev_r add_mag1_r add_mag2_r add_mag3_r tfl_r pect_r grac_r glut_max1_r glut_max2_r glut_max3_r iliacus_r psoas_r quad_fem_r gem_r peri_r rect_fem_r vas_med_r vas_int_r vas_lat_r med_gas_r lat_gas_r soleus_r tib_post_r flex_dig_r flex_hal_r tib_ant_r per_brev_r per_long_r per_tert_r ext_dig_r ext_hal_r glut_med1_l glut_med2_l glut_med3_l glut_min1_l glut_min2_l glut_min3_l semimem_l semiten_l bifemlh_l bifemsh_l sar_l add_long_l add_brev_l add_mag1_l add_mag2_l add_mag3_l tfl_l pect_l grac_l glut_max1_l glut_max2_l glut_max3_l iliacus_l psoas_l quad_fem_l gem_l peri_l rect_fem_l vas_med_l vas_int_l vas_lat_l med_gas_l lat_gas_l soleus_l tib_post_l flex_dig_l flex_hal_l tib_ant_l per_brev_l per_long_l per_tert_l ext_dig_l ext_hal_l ercspn_r ercspn_l intobl_r intobl_l extobl_r extobl_l 
 - Weight: 100
 - Exponent: 2
 - Range: 0.6, 1.4
 - Value: 0.104839

------------------------------------------------------------------------------
   Fobj = 433.986
------------------------------------------------------------------------------
Return false
fLatest_.at(0) - fOpt_ = 228.457 - 57.6089 > 1e-05
------------------------------------------------------------------------------
 Objective Function: TorqueErrorNormalised
 - Targets Type: Torque
 - Targets: hip_adduction_r hip_rotation_r hip_flexion_r knee_angle_r ankle_angle_r 
 - Weight: 1
 - Exponent: 1
 - Value: 228.052
 -- Root Mean Square Errors
 --- Trial #1
 ---- hip_adduction_r: 24.9789 Nm
 ---- hip_rotation_r: 12.0958 Nm
 ---- hip_flexion_r: 24.9311 Nm
 ---- knee_angle_r: 14.4295 Nm
 ---- ankle_angle_r: 151.616 Nm

 Objective Function: Penalty
 - Targets Type: Normalised Fibre Length
 - Targets: glut_med1_r glut_med2_r glut_med3_r glut_min1_r glut_min2_r glut_min3_r semimem_r semiten_r bifemlh_r bifemsh_r sar_r add_long_r add_brev_r add_mag1_r add_mag2_r add_mag3_r tfl_r pect_r grac_r glut_max1_r glut_max2_r glut_max3_r iliacus_r psoas_r quad_fem_r gem_r peri_r rect_fem_r vas_med_r vas_int_r vas_lat_r med_gas_r lat_gas_r soleus_r tib_post_r flex_dig_r flex_hal_r tib_ant_r per_brev_r per_long_r per_tert_r ext_dig_r ext_hal_r glut_med1_l glut_med2_l glut_med3_l glut_min1_l glut_min2_l glut_min3_l semimem_l semiten_l bifemlh_l bifemsh_l sar_l add_long_l add_brev_l add_mag1_l add_mag2_l add_mag3_l tfl_l pect_l grac_l glut_max1_l glut_max2_l glut_max3_l iliacus_l psoas_l quad_fem_l gem_l peri_l rect_fem_l vas_med_l vas_int_l vas_lat_l med_gas_l lat_gas_l soleus_l tib_post_l flex_dig_l flex_hal_l tib_ant_l per_brev_l per_long_l per_tert_l ext_dig_l ext_hal_l ercspn_r ercspn_l intobl_r intobl_l extobl_r extobl_l 
 - Weight: 100
 - Exponent: 2
 - Range: 0.6, 1.4
 - Value: 0.405707

------------------------------------------------------------------------------
   Fobj = 228.457
------------------------------------------------------------------------------
Return false
fLatest_.at(0) - fOpt_ = 537.61 - 57.6089 > 1e-05
------------------------------------------------------------------------------
 Objective Function: TorqueErrorNormalised
 - Targets Type: Torque
 - Targets: hip_adduction_r hip_rotation_r hip_flexion_r knee_angle_r ankle_angle_r 
 - Weight: 1
 - Exponent: 1
 - Value: 534.415
 -- Root Mean Square Errors
 --- Trial #1
 ---- hip_adduction_r: 27.6501 Nm
 ---- hip_rotation_r: 3.73293 Nm
 ---- hip_flexion_r: 23.3185 Nm
 ---- knee_angle_r: 11.6767 Nm
 ---- ankle_angle_r: 96.2423 Nm

 Objective Function: Penalty
 - Targets Type: Normalised Fibre Length
 - Targets: glut_med1_r glut_med2_r glut_med3_r glut_min1_r glut_min2_r glut_min3_r semimem_r semiten_r bifemlh_r bifemsh_r sar_r add_long_r add_brev_r add_mag1_r add_mag2_r add_mag3_r tfl_r pect_r grac_r glut_max1_r glut_max2_r glut_max3_r iliacus_r psoas_r quad_fem_r gem_r peri_r rect_fem_r vas_med_r vas_int_r vas_lat_r med_gas_r lat_gas_r soleus_r tib_post_r flex_dig_r flex_hal_r tib_ant_r per_brev_r per_long_r per_tert_r ext_dig_r ext_hal_r glut_med1_l glut_med2_l glut_med3_l glut_min1_l glut_min2_l glut_min3_l semimem_l semiten_l bifemlh_l bifemsh_l sar_l add_long_l add_brev_l add_mag1_l add_mag2_l add_mag3_l tfl_l pect_l grac_l glut_max1_l glut_max2_l glut_max3_l iliacus_l psoas_l quad_fem_l gem_l peri_l rect_fem_l vas_med_l vas_int_l vas_lat_l med_gas_l lat_gas_l soleus_l tib_post_l flex_dig_l flex_hal_l tib_ant_l per_brev_l per_long_l per_tert_l ext_dig_l ext_hal_l ercspn_r ercspn_l intobl_r intobl_l extobl_r extobl_l 
 - Weight: 100
 - Exponent: 2
 - Range: 0.6, 1.4
 - Value: 3.19433

------------------------------------------------------------------------------
   Fobj = 537.61
------------------------------------------------------------------------------
Return false
fLatest_.at(0) - fOpt_ = 292.043 - 57.6089 > 1e-05
------------------------------------------------------------------------------
 Objective Function: TorqueErrorNormalised
 - Targets Type: Torque
 - Targets: hip_adduction_r hip_rotation_r hip_flexion_r knee_angle_r ankle_angle_r 
 - Weight: 1
 - Exponent: 1
 - Value: 291.761
 -- Root Mean Square Errors
 --- Trial #1
 ---- hip_adduction_r: 39.8695 Nm
 ---- hip_rotation_r: 4.88201 Nm
 ---- hip_flexion_r: 55.6442 Nm
 ---- knee_angle_r: 63.108 Nm
 ---- ankle_angle_r: 128.257 Nm

 Objective Function: Penalty
 - Targets Type: Normalised Fibre Length
 - Targets: glut_med1_r glut_med2_r glut_med3_r glut_min1_r glut_min2_r glut_min3_r semimem_r semiten_r bifemlh_r bifemsh_r sar_r add_long_r add_brev_r add_mag1_r add_mag2_r add_mag3_r tfl_r pect_r grac_r glut_max1_r glut_max2_r glut_max3_r iliacus_r psoas_r quad_fem_r gem_r peri_r rect_fem_r vas_med_r vas_int_r vas_lat_r med_gas_r lat_gas_r soleus_r tib_post_r flex_dig_r flex_hal_r tib_ant_r per_brev_r per_long_r per_tert_r ext_dig_r ext_hal_r glut_med1_l glut_med2_l glut_med3_l glut_min1_l glut_min2_l glut_min3_l semimem_l semiten_l bifemlh_l bifemsh_l sar_l add_long_l add_brev_l add_mag1_l add_mag2_l add_mag3_l tfl_l pect_l grac_l glut_max1_l glut_max2_l glut_max3_l iliacus_l psoas_l quad_fem_l gem_l peri_l rect_fem_l vas_med_l vas_int_l vas_lat_l med_gas_l lat_gas_l soleus_l tib_post_l flex_dig_l flex_hal_l tib_ant_l per_brev_l per_long_l per_tert_l ext_dig_l ext_hal_l ercspn_r ercspn_l intobl_r intobl_l extobl_r extobl_l 
 - Weight: 100
 - Exponent: 2
 - Range: 0.6, 1.4
 - Value: 0.282206

------------------------------------------------------------------------------
   Fobj = 292.043
------------------------------------------------------------------------------
Return false
fLatest_.at(0) - fOpt_ = 244.503 - 57.6089 > 1e-05
------------------------------------------------------------------------------
 Objective Function: TorqueErrorNormalised
 - Targets Type: Torque
 - Targets: hip_adduction_r hip_rotation_r hip_flexion_r knee_angle_r ankle_angle_r 
 - Weight: 1
 - Exponent: 1
 - Value: 244.416
 -- Root Mean Square Errors
 --- Trial #1
 ---- hip_adduction_r: 20.1421 Nm
 ---- hip_rotation_r: 7.25671 Nm
 ---- hip_flexion_r: 56.1249 Nm
 ---- knee_angle_r: 22.3007 Nm
 ---- ankle_angle_r: 138.591 Nm

 Objective Function: Penalty
 - Targets Type: Normalised Fibre Length
 - Targets: glut_med1_r glut_med2_r glut_med3_r glut_min1_r glut_min2_r glut_min3_r semimem_r semiten_r bifemlh_r bifemsh_r sar_r add_long_r add_brev_r add_mag1_r add_mag2_r add_mag3_r tfl_r pect_r grac_r glut_max1_r glut_max2_r glut_max3_r iliacus_r psoas_r quad_fem_r gem_r peri_r rect_fem_r vas_med_r vas_int_r vas_lat_r med_gas_r lat_gas_r soleus_r tib_post_r flex_dig_r flex_hal_r tib_ant_r per_brev_r per_long_r per_tert_r ext_dig_r ext_hal_r glut_med1_l glut_med2_l glut_med3_l glut_min1_l glut_min2_l glut_min3_l semimem_l semiten_l bifemlh_l bifemsh_l sar_l add_long_l add_brev_l add_mag1_l add_mag2_l add_mag3_l tfl_l pect_l grac_l glut_max1_l glut_max2_l glut_max3_l iliacus_l psoas_l quad_fem_l gem_l peri_l rect_fem_l vas_med_l vas_int_l vas_lat_l med_gas_l lat_gas_l soleus_l tib_post_l flex_dig_l flex_hal_l tib_ant_l per_brev_l per_long_l per_tert_l ext_dig_l ext_hal_l ercspn_r ercspn_l intobl_r intobl_l extobl_r extobl_l 
 - Weight: 100
 - Exponent: 2
 - Range: 0.6, 1.4
 - Value: 0.086882

------------------------------------------------------------------------------
   Fobj = 244.503
------------------------------------------------------------------------------
Return false
fLatest_.at(0) - fOpt_ = 73.3595 - 57.6089 > 1e-05
------------------------------------------------------------------------------
 Objective Function: TorqueErrorNormalised
 - Targets Type: Torque
 - Targets: hip_adduction_r hip_rotation_r hip_flexion_r knee_angle_r ankle_angle_r 
 - Weight: 1
 - Exponent: 1
 - Value: 73.2794
 -- Root Mean Square Errors
 --- Trial #1
 ---- hip_adduction_r: 20.2724 Nm
 ---- hip_rotation_r: 3.06453 Nm
 ---- hip_flexion_r: 19.1377 Nm
 ---- knee_angle_r: 4.63783 Nm
 ---- ankle_angle_r: 26.1669 Nm

 Objective Function: Penalty
 - Targets Type: Normalised Fibre Length
 - Targets: glut_med1_r glut_med2_r glut_med3_r glut_min1_r glut_min2_r glut_min3_r semimem_r semiten_r bifemlh_r bifemsh_r sar_r add_long_r add_brev_r add_mag1_r add_mag2_r add_mag3_r tfl_r pect_r grac_r glut_max1_r glut_max2_r glut_max3_r iliacus_r psoas_r quad_fem_r gem_r peri_r rect_fem_r vas_med_r vas_int_r vas_lat_r med_gas_r lat_gas_r soleus_r tib_post_r flex_dig_r flex_hal_r tib_ant_r per_brev_r per_long_r per_tert_r ext_dig_r ext_hal_r glut_med1_l glut_med2_l glut_med3_l glut_min1_l glut_min2_l glut_min3_l semimem_l semiten_l bifemlh_l bifemsh_l sar_l add_long_l add_brev_l add_mag1_l add_mag2_l add_mag3_l tfl_l pect_l grac_l glut_max1_l glut_max2_l glut_max3_l iliacus_l psoas_l quad_fem_l gem_l peri_l rect_fem_l vas_med_l vas_int_l vas_lat_l med_gas_l lat_gas_l soleus_l tib_post_l flex_dig_l flex_hal_l tib_ant_l per_brev_l per_long_l per_tert_l ext_dig_l ext_hal_l ercspn_r ercspn_l intobl_r intobl_l extobl_r extobl_l 
 - Weight: 100
 - Exponent: 2
 - Range: 0.6, 1.4
 - Value: 0.0801378

------------------------------------------------------------------------------
   Fobj = 73.3595
------------------------------------------------------------------------------
Return false
fLatest_.at(0) - fOpt_ = 70.6492 - 48.5519 > 1e-05
------------------------------------------------------------------------------
 Objective Function: TorqueErrorNormalised
 - Targets Type: Torque
 - Targets: hip_adduction_r hip_rotation_r hip_flexion_r knee_angle_r ankle_angle_r 
 - Weight: 1
 - Exponent: 1
 - Value: 70.5618
 -- Root Mean Square Errors
 --- Trial #1
 ---- hip_adduction_r: 22.8971 Nm
 ---- hip_rotation_r: 6.12313 Nm
 ---- hip_flexion_r: 29.6363 Nm
 ---- knee_angle_r: 7.56359 Nm
 ---- ankle_angle_r: 4.3417 Nm

 Objective Function: Penalty
 - Targets Type: Normalised Fibre Length
 - Targets: glut_med1_r glut_med2_r glut_med3_r glut_min1_r glut_min2_r glut_min3_r semimem_r semiten_r bifemlh_r bifemsh_r sar_r add_long_r add_brev_r add_mag1_r add_mag2_r add_mag3_r tfl_r pect_r grac_r glut_max1_r glut_max2_r glut_max3_r iliacus_r psoas_r quad_fem_r gem_r peri_r rect_fem_r vas_med_r vas_int_r vas_lat_r med_gas_r lat_gas_r soleus_r tib_post_r flex_dig_r flex_hal_r tib_ant_r per_brev_r per_long_r per_tert_r ext_dig_r ext_hal_r glut_med1_l glut_med2_l glut_med3_l glut_min1_l glut_min2_l glut_min3_l semimem_l semiten_l bifemlh_l bifemsh_l sar_l add_long_l add_brev_l add_mag1_l add_mag2_l add_mag3_l tfl_l pect_l grac_l glut_max1_l glut_max2_l glut_max3_l iliacus_l psoas_l quad_fem_l gem_l peri_l rect_fem_l vas_med_l vas_int_l vas_lat_l med_gas_l lat_gas_l soleus_l tib_post_l flex_dig_l flex_hal_l tib_ant_l per_brev_l per_long_l per_tert_l ext_dig_l ext_hal_l ercspn_r ercspn_l intobl_r intobl_l extobl_r extobl_l 
 - Weight: 100
 - Exponent: 2
 - Range: 0.6, 1.4
 - Value: 0.0874087

------------------------------------------------------------------------------
   Fobj = 70.6492
------------------------------------------------------------------------------
Return false
fLatest_.at(0) - fOpt_ = 64.2447 - 34.8994 > 1e-05
------------------------------------------------------------------------------
 Objective Function: TorqueErrorNormalised
 - Targets Type: Torque
 - Targets: hip_adduction_r hip_rotation_r hip_flexion_r knee_angle_r ankle_angle_r 
 - Weight: 1
 - Exponent: 1
 - Value: 64.0854
 -- Root Mean Square Errors
 --- Trial #1
 ---- hip_adduction_r: 21.8432 Nm
 ---- hip_rotation_r: 6.37485 Nm
 ---- hip_flexion_r: 26.9791 Nm
 ---- knee_angle_r: 5.34986 Nm
 ---- ankle_angle_r: 3.5383 Nm

 Objective Function: Penalty
 - Targets Type: Normalised Fibre Length
 - Targets: glut_med1_r glut_med2_r glut_med3_r glut_min1_r glut_min2_r glut_min3_r semimem_r semiten_r bifemlh_r bifemsh_r sar_r add_long_r add_brev_r add_mag1_r add_mag2_r add_mag3_r tfl_r pect_r grac_r glut_max1_r glut_max2_r glut_max3_r iliacus_r psoas_r quad_fem_r gem_r peri_r rect_fem_r vas_med_r vas_int_r vas_lat_r med_gas_r lat_gas_r soleus_r tib_post_r flex_dig_r flex_hal_r tib_ant_r per_brev_r per_long_r per_tert_r ext_dig_r ext_hal_r glut_med1_l glut_med2_l glut_med3_l glut_min1_l glut_min2_l glut_min3_l semimem_l semiten_l bifemlh_l bifemsh_l sar_l add_long_l add_brev_l add_mag1_l add_mag2_l add_mag3_l tfl_l pect_l grac_l glut_max1_l glut_max2_l glut_max3_l iliacus_l psoas_l quad_fem_l gem_l peri_l rect_fem_l vas_med_l vas_int_l vas_lat_l med_gas_l lat_gas_l soleus_l tib_post_l flex_dig_l flex_hal_l tib_ant_l per_brev_l per_long_l per_tert_l ext_dig_l ext_hal_l ercspn_r ercspn_l intobl_r intobl_l extobl_r extobl_l 
 - Weight: 100
 - Exponent: 2
 - Range: 0.6, 1.4
 - Value: 0.159299

------------------------------------------------------------------------------
   Fobj = 64.2447
------------------------------------------------------------------------------
Return false
fLatest_.at(0) - fOpt_ = 31.0304 - 23.6452 > 1e-05
------------------------------------------------------------------------------
 Objective Function: TorqueErrorNormalised
 - Targets Type: Torque
 - Targets: hip_adduction_r hip_rotation_r hip_flexion_r knee_angle_r ankle_angle_r 
 - Weight: 1
 - Exponent: 1
 - Value: 30.8767
 -- Root Mean Square Errors
 --- Trial #1
 ---- hip_adduction_r: 15.0202 Nm
 ---- hip_rotation_r: 1.62001 Nm
 ---- hip_flexion_r: 6.75022 Nm
 ---- knee_angle_r: 5.72221 Nm
 ---- ankle_angle_r: 1.76409 Nm

 Objective Function: Penalty
 - Targets Type: Normalised Fibre Length
 - Targets: glut_med1_r glut_med2_r glut_med3_r glut_min1_r glut_min2_r glut_min3_r semimem_r semiten_r bifemlh_r bifemsh_r sar_r add_long_r add_brev_r add_mag1_r add_mag2_r add_mag3_r tfl_r pect_r grac_r glut_max1_r glut_max2_r glut_max3_r iliacus_r psoas_r quad_fem_r gem_r peri_r rect_fem_r vas_med_r vas_int_r vas_lat_r med_gas_r lat_gas_r soleus_r tib_post_r flex_dig_r flex_hal_r tib_ant_r per_brev_r per_long_r per_tert_r ext_dig_r ext_hal_r glut_med1_l glut_med2_l glut_med3_l glut_min1_l glut_min2_l glut_min3_l semimem_l semiten_l bifemlh_l bifemsh_l sar_l add_long_l add_brev_l add_mag1_l add_mag2_l add_mag3_l tfl_l pect_l grac_l glut_max1_l glut_max2_l glut_max3_l iliacus_l psoas_l quad_fem_l gem_l peri_l rect_fem_l vas_med_l vas_int_l vas_lat_l med_gas_l lat_gas_l soleus_l tib_post_l flex_dig_l flex_hal_l tib_ant_l per_brev_l per_long_l per_tert_l ext_dig_l ext_hal_l ercspn_r ercspn_l intobl_r intobl_l extobl_r extobl_l 
 - Weight: 100
 - Exponent: 2
 - Range: 0.6, 1.4
 - Value: 0.15365

------------------------------------------------------------------------------
   Fobj = 31.0304
------------------------------------------------------------------------------

Calibration finished.
Best solution found:
fOpt_ = 23.6452
------------------------------------------------------------------------------
 Objective Function: TorqueErrorNormalised
 - Targets Type: Torque
 - Targets: hip_adduction_r hip_rotation_r hip_flexion_r knee_angle_r ankle_angle_r 
 - Weight: 1
 - Exponent: 1
 - Value: 23.4873
 -- Root Mean Square Errors
 --- Trial #1
 ---- hip_adduction_r: 9.69542 Nm
 ---- hip_rotation_r: 1.85792 Nm
 ---- hip_flexion_r: 5.86804 Nm
 ---- knee_angle_r: 4.29968 Nm
 ---- ankle_angle_r: 1.76623 Nm

 Objective Function: Penalty
 - Targets Type: Normalised Fibre Length
 - Targets: glut_med1_r glut_med2_r glut_med3_r glut_min1_r glut_min2_r glut_min3_r semimem_r semiten_r bifemlh_r bifemsh_r sar_r add_long_r add_brev_r add_mag1_r add_mag2_r add_mag3_r tfl_r pect_r grac_r glut_max1_r glut_max2_r glut_max3_r iliacus_r psoas_r quad_fem_r gem_r peri_r rect_fem_r vas_med_r vas_int_r vas_lat_r med_gas_r lat_gas_r soleus_r tib_post_r flex_dig_r flex_hal_r tib_ant_r per_brev_r per_long_r per_tert_r ext_dig_r ext_hal_r glut_med1_l glut_med2_l glut_med3_l glut_min1_l glut_min2_l glut_min3_l semimem_l semiten_l bifemlh_l bifemsh_l sar_l add_long_l add_brev_l add_mag1_l add_mag2_l add_mag3_l tfl_l pect_l grac_l glut_max1_l glut_max2_l glut_max3_l iliacus_l psoas_l quad_fem_l gem_l peri_l rect_fem_l vas_med_l vas_int_l vas_lat_l med_gas_l lat_gas_l soleus_l tib_post_l flex_dig_l flex_hal_l tib_ant_l per_brev_l per_long_l per_tert_l ext_dig_l ext_hal_l ercspn_r ercspn_l intobl_r intobl_l extobl_r extobl_l 
 - Weight: 100
 - Exponent: 2
 - Range: 0.6, 1.4
 - Value: 0.1362

------------------------------------------------------------------------------
   Fobj = 23.6235
------------------------------------------------------------------------------
total number of evaluations:212850
Reading subject file: c:\opensim_tutorial\tutorials\Cerebral_Palsy_Project\Simulations\TD006\normal2_r1\ceinms\uncalibratedSubject.xml .
Calibration time: 11minutes
