
+-+-+-+-+-+-+
|C|E|I|N|M|S|
+-+-+-+-+-+-+-+-+-+-+
|C|a|l|i|b|r|a|t|e|d|
+-+-+-+-+-+-+-+-+-+-+-+-+
|E|M|G|-|I|n|f|o|r|m|e|d|
+-+-+-+-+-+-+-+-+-+-+-+-+-+-+-+-+-+-+-+-+
|N|e|u|r|o|m|u|s|c|u|l|o|s|k|e|l|e|t|a|l|
+-+-+-+-+-+-+-+-+-+-+-+-+-+-+-+-+-+-+-+-+
|T|o|o|l|b|o|x|
+-+-+-+-+-+-+-+

CEINMS version 0.21.0
Copyright (C) Apr 29 2020
Claudio Pizzolato, Monica Reggiani, Massimo Sartori, David Lloyd
Software developers: Claudio Pizzolato, Elena Ceseracciu, Monica Reggiani
Check configuration data...
Reading subject file: c:/opensim_tutorial/tutorials/Cerebral_Palsy_Project/Simulations/PC006/trial2_r1/ceinms/./calibratedSubject.xml .
Contact model  not found
Reading subject file: c:/opensim_tutorial/tutorials/Cerebral_Palsy_Project/Simulations/PC006/trial2_r1/ceinms/./calibratedSubject.xml .
activeForceLength
passiveForceLength
forceVelocity
tendonForceStrain
Assuming glut_med1_r pennation angle in radians: 0.139626
Assuming glut_med2_r pennation angle in radians: 0
Assuming glut_med3_r pennation angle in radians: 0.331613
Assuming glut_min1_r pennation angle in radians: 0.174533
Assuming glut_min2_r pennation angle in radians: 0
Assuming glut_min3_r pennation angle in radians: 0.0174533
Assuming semimem_r pennation angle in radians: 0.261799
Assuming semiten_r pennation angle in radians: 0.0872665
Assuming bifemlh_r pennation angle in radians: 0
Assuming bifemsh_r pennation angle in radians: 0.401426
Assuming sar_r pennation angle in radians: 0
Assuming add_long_r pennation angle in radians: 0.10472
Assuming add_brev_r pennation angle in radians: 0
Assuming add_mag1_r pennation angle in radians: 0.0872665
Assuming add_mag2_r pennation angle in radians: 0.0523599
Assuming add_mag3_r pennation angle in radians: 0.0872665
Assuming tfl_r pennation angle in radians: 0.0523599
Assuming pect_r pennation angle in radians: 0
Assuming grac_r pennation angle in radians: 0.0523599
Assuming glut_max1_r pennation angle in radians: 0.0872665
Assuming glut_max2_r pennation angle in radians: 0
Assuming glut_max3_r pennation angle in radians: 0.0872665
Assuming iliacus_r pennation angle in radians: 0.122173
Assuming psoas_r pennation angle in radians: 0.139626
Assuming quad_fem_r pennation angle in radians: 0
Assuming gem_r pennation angle in radians: 0
Assuming peri_r pennation angle in radians: 0.174533
Assuming rect_fem_r pennation angle in radians: 0.0872665
Assuming vas_med_r pennation angle in radians: 0.0872665
Assuming vas_int_r pennation angle in radians: 0.0523599
Assuming vas_lat_r pennation angle in radians: 0.0872665
Assuming med_gas_r pennation angle in radians: 0.296706
Assuming lat_gas_r pennation angle in radians: 0.139626
Assuming soleus_r pennation angle in radians: 0.436332
Assuming tib_post_r pennation angle in radians: 0.20944
Assuming flex_dig_r pennation angle in radians: 0.122173
Assuming flex_hal_r pennation angle in radians: 0.174533
Assuming tib_ant_r pennation angle in radians: 0.0872665
Assuming per_brev_r pennation angle in radians: 0.0872665
Assuming per_long_r pennation angle in radians: 0.174533
Assuming per_tert_r pennation angle in radians: 0.226893
Assuming ext_dig_r pennation angle in radians: 0.139626
Assuming ext_hal_r pennation angle in radians: 0.10472
Assuming glut_med1_l pennation angle in radians: 0.139626
Assuming glut_med2_l pennation angle in radians: 0
Assuming glut_med3_l pennation angle in radians: 0.331613
Assuming glut_min1_l pennation angle in radians: 0.174533
Assuming glut_min2_l pennation angle in radians: 0
Assuming glut_min3_l pennation angle in radians: 0.0174533
Assuming semimem_l pennation angle in radians: 0.261799
Assuming semiten_l pennation angle in radians: 0.0872665
Assuming bifemlh_l pennation angle in radians: 0
Assuming bifemsh_l pennation angle in radians: 0.401426
Assuming sar_l pennation angle in radians: 0
Assuming add_long_l pennation angle in radians: 0.10472
Assuming add_brev_l pennation angle in radians: 0
Assuming add_mag1_l pennation angle in radians: 0.0872665
Assuming add_mag2_l pennation angle in radians: 0.0523599
Assuming add_mag3_l pennation angle in radians: 0.0872665
Assuming tfl_l pennation angle in radians: 0.0523599
Assuming pect_l pennation angle in radians: 0
Assuming grac_l pennation angle in radians: 0.0523599
Assuming glut_max1_l pennation angle in radians: 0.0872665
Assuming glut_max2_l pennation angle in radians: 0
Assuming glut_max3_l pennation angle in radians: 0.0872665
Assuming iliacus_l pennation angle in radians: 0.122173
Assuming psoas_l pennation angle in radians: 0.139626
Assuming quad_fem_l pennation angle in radians: 0
Assuming gem_l pennation angle in radians: 0
Assuming peri_l pennation angle in radians: 0.174533
Assuming rect_fem_l pennation angle in radians: 0.0872665
Assuming vas_med_l pennation angle in radians: 0.0872665
Assuming vas_int_l pennation angle in radians: 0.0523599
Assuming vas_lat_l pennation angle in radians: 0.0872665
Assuming med_gas_l pennation angle in radians: 0.296706
Assuming lat_gas_l pennation angle in radians: 0.139626
Assuming soleus_l pennation angle in radians: 0.436332
Assuming tib_post_l pennation angle in radians: 0.20944
Assuming flex_dig_l pennation angle in radians: 0.122173
Assuming flex_hal_l pennation angle in radians: 0.174533
Assuming tib_ant_l pennation angle in radians: 0.0872665
Assuming per_brev_l pennation angle in radians: 0.0872665
Assuming per_long_l pennation angle in radians: 0.174533
Assuming per_tert_l pennation angle in radians: 0.226893
Assuming ext_dig_l pennation angle in radians: 0.139626
Assuming ext_hal_l pennation angle in radians: 0.10472
Assuming ercspn_r pennation angle in radians: 0
Assuming ercspn_l pennation angle in radians: 0
Assuming intobl_r pennation angle in radians: 0
Assuming intobl_l pennation angle in radians: 0
Assuming extobl_r pennation angle in radians: 0
Assuming extobl_l pennation angle in radians: 0
Found OpenSim model associated to the subject: c:\opensim_tutorial\tutorials\Cerebral_Palsy_Project\Simulations\PC006\PC006_v3.osim

EMG: Reading emg file...c:/opensim_tutorial/tutorials/Cerebral_Palsy_Project/Simulations/PC006/trial2_r1/ceinms/./../processed_emg_signals.mot
Muscle excitations to muscle mapping:
glut_med1_r -> glut_med1_r
glut_med2_r -> glut_med2_r
glut_med3_r -> glut_med3_r
glut_min1_r -> glut_min1_r
glut_min2_r -> glut_min2_r
glut_min3_r -> glut_min3_r
semimem_r -> semimem_r
semiten_r -> semiten_r
bifemlh_r -> bifemlh_r
bifemsh_r -> bifemsh_r
sar_r -> sar_r
add_long_r -> add_long_r
add_brev_r -> add_brev_r
add_mag1_r -> add_mag1_r
add_mag2_r -> add_mag2_r
add_mag3_r -> add_mag3_r
tfl_r -> tfl_r
pect_r -> pect_r
grac_r -> grac_r
glut_max1_r -> glut_max1_r
glut_max2_r -> glut_max2_r
glut_max3_r -> glut_max3_r
iliacus_r -> iliacus_r
psoas_r -> psoas_r
quad_fem_r -> quad_fem_r
gem_r -> gem_r
peri_r -> peri_r
rect_fem_r -> rect_fem_r
vas_med_r -> vas_med_r
vas_int_r -> vas_int_r
vas_lat_r -> vas_lat_r
med_gas_r -> med_gas_r
lat_gas_r -> lat_gas_r
soleus_r -> soleus_r
tib_post_r -> tib_post_r
flex_dig_r -> flex_dig_r
flex_hal_r -> flex_hal_r
tib_ant_r -> tib_ant_r
per_brev_r -> per_brev_r
per_long_r -> per_long_r
per_tert_r -> per_tert_r
ext_dig_r -> ext_dig_r
ext_hal_r -> ext_hal_r
glut_med1_l -> glut_med1_l
glut_med2_l -> glut_med2_l
glut_med3_l -> glut_med3_l
glut_min1_l -> glut_min1_l
glut_min2_l -> glut_min2_l
glut_min3_l -> glut_min3_l
semimem_l -> semimem_l
semiten_l -> semiten_l
bifemlh_l -> bifemlh_l
bifemsh_l -> bifemsh_l
sar_l -> sar_l
add_long_l -> add_long_l
add_brev_l -> add_brev_l
add_mag1_l -> add_mag1_l
add_mag2_l -> add_mag2_l
add_mag3_l -> add_mag3_l
tfl_l -> tfl_l
pect_l -> pect_l
grac_l -> grac_l
glut_max1_l -> glut_max1_l
glut_max2_l -> glut_max2_l
glut_max3_l -> glut_max3_l
iliacus_l -> iliacus_l
psoas_l -> psoas_l
quad_fem_l -> quad_fem_l
gem_l -> gem_l
peri_l -> peri_l
rect_fem_l -> rect_fem_l
vas_med_l -> vas_med_l
vas_int_l -> vas_int_l
vas_lat_l -> vas_lat_l
med_gas_l -> med_gas_l
lat_gas_l -> lat_gas_l
soleus_l -> soleus_l
tib_post_l -> tib_post_l
flex_dig_l -> flex_dig_l
flex_hal_l -> flex_hal_l
tib_ant_l -> tib_ant_l
per_brev_l -> per_brev_l
per_long_l -> per_long_l
per_tert_l -> per_tert_l
ext_dig_l -> ext_dig_l
ext_hal_l -> ext_hal_l
ercspn_r -> ercspn_r
ercspn_l -> ercspn_l
intobl_r -> intobl_r
intobl_l -> intobl_l
extobl_r -> extobl_r
extobl_l -> extobl_l
Using c:/opensim_tutorial/tutorials/Cerebral_Palsy_Project/Simulations/PC006/trial2_r1/ceinms/./execution/ as output directory
Joint moments
hip_flexion_r -> Tracking
knee_angle_r -> Tracking
ankle_angle_r -> Tracking
Muscle excitations
glut_med1_r ->  Adjusting
glut_med2_r ->  Adjusting
glut_med3_r ->  Adjusting
glut_min1_r ->  Adjusting
glut_min2_r ->  Adjusting
glut_min3_r ->  Adjusting
semimem_r ->  Adjusting
semiten_r ->  Adjusting
bifemlh_r ->  Adjusting
bifemsh_r ->  Adjusting
sar_r ->  Synthetising
add_long_r ->  Adjusting
add_brev_r ->  Adjusting
add_mag1_r ->  Synthetising
add_mag2_r ->  Synthetising
add_mag3_r ->  Synthetising
tfl_r ->  Synthetising
pect_r ->  Adjusting
grac_r ->  Adjusting
glut_max1_r ->  Adjusting
glut_max2_r ->  Adjusting
glut_max3_r ->  Adjusting
iliacus_r ->  Synthetising
psoas_r ->  Synthetising
quad_fem_r ->  Synthetising
gem_r ->  Synthetising
peri_r ->  Synthetising
rect_fem_r ->  Synthetising
vas_med_r ->  Adjusting
vas_int_r ->  Adjusting
vas_lat_r ->  Adjusting
med_gas_r ->  Adjusting
lat_gas_r ->  Adjusting
soleus_r ->  Adjusting
tib_post_r ->  Synthetising
flex_dig_r ->  Synthetising
flex_hal_r ->  Synthetising
tib_ant_r ->  Adjusting
per_brev_r ->  Synthetising
per_long_r ->  Synthetising
per_tert_r ->  Synthetising
ext_dig_r ->  Adjusting
ext_hal_r ->  Adjusting
glut_med1_l ->  Unchanged
glut_med2_l ->  Unchanged
glut_med3_l ->  Unchanged
glut_min1_l ->  Unchanged
glut_min2_l ->  Unchanged
glut_min3_l ->  Unchanged
semimem_l ->  Unchanged
semiten_l ->  Unchanged
bifemlh_l ->  Unchanged
bifemsh_l ->  Unchanged
sar_l ->  Unchanged
add_long_l ->  Unchanged
add_brev_l ->  Unchanged
add_mag1_l ->  Unchanged
add_mag2_l ->  Unchanged
add_mag3_l ->  Unchanged
tfl_l ->  Unchanged
pect_l ->  Unchanged
grac_l ->  Unchanged
glut_max1_l ->  Unchanged
glut_max2_l ->  Unchanged
glut_max3_l ->  Unchanged
iliacus_l ->  Unchanged
psoas_l ->  Unchanged
quad_fem_l ->  Unchanged
gem_l ->  Unchanged
peri_l ->  Unchanged
rect_fem_l ->  Unchanged
vas_med_l ->  Unchanged
vas_int_l ->  Unchanged
vas_lat_l ->  Unchanged
med_gas_l ->  Unchanged
lat_gas_l ->  Unchanged
soleus_l ->  Unchanged
tib_post_l ->  Unchanged
flex_dig_l ->  Unchanged
flex_hal_l ->  Unchanged
tib_ant_l ->  Unchanged
per_brev_l ->  Unchanged
per_long_l ->  Unchanged
per_tert_l ->  Unchanged
ext_dig_l ->  Unchanged
ext_hal_l ->  Unchanged
ercspn_r ->  Synthetising
ercspn_l ->  Unchanged
intobl_r ->  Synthetising
intobl_l ->  Unchanged
extobl_r ->  Synthetising
extobl_l ->  Unchanged
Using alpha = 1, beta = 5, gamma = 10
Using c:/opensim_tutorial\tutorials\Cerebral_Palsy_Project\Simulations\PC006\trial2_r1\ceinms\execution as output directory
starting consume

externalTorque DONE

EMG: EMG DONE


EmgTime: 1.745
Adjusted EMG
0.001	0.327717	0.327717	0.0922736	0.327717	0.327717	0.118433	0.001	0.0506128	0.001	0.001	0.0910628	0.338409	0.001	0.001	0.001	0.001	0.106595	0.0506797	0.327717	0.327717	0.327717	0.001	0.001	0.001	0.001	0.001	0.136685	0.999	0.999	0.999	0.135909	0.135909	0.00225004	0.001	0.001	0.001	0.541516	0.001	0.001	0.234303	0.669238	0.659878	0	0	0	0	0	0	0	0	0	0	0	0	0	0	0	0	0	0	0	0	0	0	0	0	0	0	0	0	0	0	0	0	0	0	0	0	0	0	0	0	0	0	0	0.001	0	0.001	0	0.000997281	0	
LmtTime: 1.74
Lmt
0.0982238	0.11142	0.0979094	0.0659921	0.0687824	0.074467	0.340518	0.372553	0.347721	0.186338	0.444096	0.162655	0.10198	0.0911539	0.162589	0.295897	0.432215	0.0746794	0.345539	0.173116	0.18406	0.204762	0.150387	0.19137	0.0574763	0.0548131	0.113131	0.351434	0.163525	0.172746	0.186512	0.329133	0.326102	0.227952	0.257291	0.339815	0.334203	0.208955	0.158906	0.299494	0.127758	0.322634	0.300316	0.0805498	0.0984663	0.0918189	0.0554522	0.0599248	0.0678881	0.322315	0.354618	0.329658	0.183883	0.455661	0.188539	0.117145	0.103784	0.168627	0.285329	0.439982	0.0889066	0.357279	0.159669	0.171731	0.19678	0.164949	0.205906	0.0740094	0.0635243	0.114042	0.369132	0.167366	0.176553	0.190463	0.323026	0.319824	0.222891	0.258091	0.339959	0.333439	0.218346	0.159392	0.300762	0.132977	0.33153	0.309335	0.107373	0.10421	0.172878	0.188175	0.235939	0.238133	
MomentArms on: hip_flexion_r
-0.00416817	0.0190661	0.010103	0.0152469	-0.0209573	0.0333876	0.0143127	0.0335613	0.0396162	0.0522533	0.0532847	
MomentArms on: knee_angle_r
-0.0213899	-0.0219691	-0.0235572	-0.0154638	-0.0149505	-0.00842564	-0.026165	-0.0316637	0.0331531	0.0305912	0.0303861	0.0299453	
MomentArms on: ankle_angle_r
0.026135	0.0289463	0.0165294	0.0301364	-0.00956579	-0.0124338	-0.0368077	-0.0362956	-0.00532862	-0.00726473	-0.0329956	-0.0101338	
External Torques: 7.33985 21.3885 -5.04909 
Current Torque on hip_flexion_r 11.2983
Current Torque on knee_angle_r 16.6268
Current Torque on ankle_angle_r -6.09483

----------------------------------------


EmgTime: 1.755
Adjusted EMG
0.001	0.328686	0.328686	0.001	0.328686	0.328686	0.118565	0.001	0.112416	0.001	0.001	0.0844881	0.316752	0.001	0.001	0.001	0.001	0.0731868	0.178979	0.328686	0.328686	0.328686	0.001	0.001	0.001	0.001	0.001	0.001	0.878456	0.581025	0.702139	0.13609	0.13609	0.13522	0.001	0.001	0.001	0.510744	0.001	0.001	0.00167293	0.510989	0.510921	0	0	0	0	0	0	0	0	0	0	0	0	0	0	0	0	0	0	0	0	0	0	0	0	0	0	0	0	0	0	0	0	0	0	0	0	0	0	0	0	0	0	0	0.001	0	0.001	0	0.000997281	0	
LmtTime: 1.75
Lmt
0.0990421	0.111738	0.0977753	0.0667612	0.0693543	0.0747623	0.340585	0.372578	0.347586	0.186663	0.444516	0.162446	0.101587	0.0904762	0.162014	0.295513	0.432863	0.0745835	0.345382	0.172884	0.183583	0.203772	0.150655	0.19162	0.0563761	0.0542169	0.112913	0.351162	0.163041	0.172259	0.186012	0.329481	0.326455	0.228032	0.257316	0.339838	0.334233	0.208882	0.158919	0.299512	0.127718	0.32257	0.300245	0.0799012	0.0975037	0.0906193	0.0546908	0.0590338	0.0669419	0.322658	0.355047	0.33018	0.183463	0.45452	0.188843	0.117893	0.104781	0.169682	0.286444	0.438683	0.0890931	0.357298	0.158851	0.17145	0.197745	0.164464	0.205403	0.0738699	0.0631516	0.113165	0.368945	0.167956	0.177151	0.191067	0.321787	0.318562	0.222008	0.25782	0.339698	0.333115	0.219017	0.159254	0.300583	0.133359	0.332107	0.309962	0.107022	0.103728	0.172648	0.189678	0.235875	0.238941	
MomentArms on: hip_flexion_r
-0.00378177	0.019495	0.00943775	0.0147387	-0.0204161	0.0334588	0.0145307	0.0335866	0.0395573	0.0519344	0.0526626	
MomentArms on: knee_angle_r
-0.0215093	-0.0219854	-0.0234245	-0.0154538	-0.0148956	-0.00827659	-0.0261624	-0.0316744	0.0333373	0.0307134	0.0305738	0.0300948	
MomentArms on: ankle_angle_r
0.0261358	0.028952	0.0165249	0.030136	-0.00955436	-0.0124225	-0.03677	-0.0362551	-0.00532404	-0.00726071	-0.0329571	-0.010123	
External Torques: 6.39491 21.5046 -5.95972 
Current Torque on hip_flexion_r 12.0481
Current Torque on knee_angle_r 16.2786
Current Torque on ankle_angle_r -5.97029

----------------------------------------


EmgTime: 1.765
Adjusted EMG
0.001	0.329579	0.329579	0.001	0.329579	0.329579	0.118611	0.001	0.112868	0.001	0.001	0.0579952	0.295444	0.001	0.001	0.001	0.001	0.001	0.483751	0.329579	0.329579	0.329579	0.001	0.001	0.001	0.001	0.001	0.001	0.370084	0.315015	0.352241	0.136187	0.136187	0.157642	0.0534933	0.0229472	0.0589995	0.5059	0.0361318	0.0425311	0.001	0.488577	0.493794	0	0	0	0	0	0	0	0	0	0	0	0	0	0	0	0	0	0	0	0	0	0	0	0	0	0	0	0	0	0	0	0	0	0	0	0	0	0	0	0	0	0	0	0.001	0	0.001	0	0.000997281	0	
LmtTime: 1.76
Lmt
0.0998171	0.112006	0.0975955	0.0675026	0.0698967	0.0750256	0.340637	0.372586	0.347429	0.186999	0.444967	0.16229	0.101221	0.0898127	0.16144	0.295104	0.433527	0.074519	0.345254	0.172601	0.183066	0.202747	0.150956	0.191901	0.0552839	0.0536174	0.112671	0.350901	0.162537	0.171753	0.185491	0.329836	0.326814	0.228105	0.257338	0.339859	0.334261	0.208814	0.158931	0.299528	0.12768	0.322511	0.30018	0.079375	0.0966271	0.0894733	0.0540271	0.0582215	0.0660512	0.323001	0.355472	0.330688	0.183059	0.453388	0.189119	0.11859	0.10571	0.170689	0.287536	0.437427	0.0892601	0.357308	0.1581	0.171184	0.198645	0.163998	0.204919	0.0736686	0.0627469	0.112299	0.368742	0.168518	0.177722	0.191642	0.320608	0.31736	0.221164	0.257562	0.339449	0.332805	0.219647	0.159122	0.300413	0.13372	0.332649	0.310549	0.106728	0.103284	0.172446	0.191085	0.23578	0.239697	
MomentArms on: hip_flexion_r
-0.00335055	0.0199677	0.00870379	0.0141789	-0.0198021	0.0335198	0.0147693	0.0335981	0.0394755	0.0515557	0.0519524	
MomentArms on: knee_angle_r
-0.0216384	-0.0219954	-0.0232682	-0.0154182	-0.0151571	-0.00810635	-0.0261526	-0.0316781	0.0335369	0.0308458	0.0307793	0.0302583	
MomentArms on: ankle_angle_r
0.0261362	0.0289555	0.0165222	0.0301357	-0.00954737	-0.0124156	-0.0367474	-0.036212	-0.00532124	-0.00725825	-0.0329335	-0.0101164	
External Torques: 5.13118 20.7154 -6.75858 
Current Torque on hip_flexion_r 13.0302
Current Torque on knee_angle_r 19.0315
Current Torque on ankle_angle_r -5.90423

----------------------------------------


EmgTime: 1.775
Adjusted EMG
0.001	0.330448	0.330448	0.001	0.330448	0.330448	0.118655	0.133583	0.119349	0.143081	0.001	0.001	0.320828	0.001	0.001	0.001	0.001	0.001	0.634864	0.330448	0.330448	0.330448	0.001	0.001	0.001	0.001	0.001	0.001	0.238478	0.245808	0.241898	0.13628	0.13628	0.167163	0.0612699	0.0283697	0.053825	0.503419	0.0421984	0.0492018	0.001	0.480137	0.486424	0	0	0	0	0	0	0	0	0	0	0	0	0	0	0	0	0	0	0	0	0	0	0	0	0	0	0	0	0	0	0	0	0	0	0	0	0	0	0	0	0	0	0	0.001	0	0.001	0	0.000997281	0	
LmtTime: 1.77
Lmt
0.100523	0.112198	0.0973454	0.0681991	0.0703911	0.0752381	0.340653	0.372558	0.347228	0.187356	0.445479	0.162232	0.100911	0.0891828	0.16087	0.294643	0.434212	0.0745149	0.34517	0.172234	0.182478	0.20166	0.151313	0.192239	0.0542161	0.0530203	0.112392	0.350659	0.161998	0.171213	0.184934	0.3302	0.327182	0.228168	0.257358	0.339877	0.334285	0.208756	0.158941	0.299542	0.127649	0.322461	0.300124	0.0790043	0.0958797	0.088428	0.0534973	0.0575285	0.0652571	0.32333	0.355873	0.331162	0.182689	0.45232	0.189337	0.119196	0.10652	0.171592	0.288552	0.436273	0.0893927	0.357287	0.15745	0.170943	0.199434	0.163564	0.204466	0.0733989	0.0623195	0.111477	0.368532	0.169031	0.178243	0.192166	0.319551	0.316281	0.220408	0.25733	0.339225	0.332528	0.220203	0.159004	0.300261	0.134039	0.333127	0.311067	0.106525	0.102894	0.172286	0.19232	0.235685	0.240348	
MomentArms on: hip_flexion_r
-0.00288193	0.0204749	0.00791854	0.0135812	-0.0191231	0.0335662	0.0150238	0.0335927	0.0393673	0.0511165	0.0511629	
MomentArms on: knee_angle_r
-0.0217738	-0.0219966	-0.0230879	-0.0155731	-0.0153168	-0.00791661	-0.0261334	-0.0316722	0.0337469	0.030985	0.0309978	0.030432	
MomentArms on: ankle_angle_r
0.0261364	0.0289568	0.0165211	0.0301355	-0.00954459	-0.0124128	-0.036757	-0.0362231	-0.00532013	-0.00725727	-0.0329242	-0.0101138	
External Torques: 3.60535 19.1338 -7.38809 
Current Torque on hip_flexion_r 13.4346
Current Torque on knee_angle_r 19.3059
Current Torque on ankle_angle_r -6.24833

----------------------------------------


EmgTime: 1.785
Adjusted EMG
0.001	0.331295	0.331295	0.001	0.331295	0.331295	0.118697	0.0281938	0.115986	0.00685447	0.001	0.001	0.315557	0.001	0.001	0.001	0.001	0.001	0.658315	0.331295	0.331295	0.331295	0.001	0.001	0.001	0.001	0.001	0.001	0.318792	0.28157	0.29335	0.136369	0.136369	0.169653	0.0584899	0.0258907	0.0490688	0.501676	0.0381464	0.0430019	0.001	0.478343	0.483815	0	0	0	0	0	0	0	0	0	0	0	0	0	0	0	0	0	0	0	0	0	0	0	0	0	0	0	0	0	0	0	0	0	0	0	0	0	0	0	0	0	0	0	0.001	0	0.001	0	0.000997281	0	
LmtTime: 1.78
Lmt
0.101138	0.112291	0.0970051	0.0688358	0.0708212	0.0753835	0.340623	0.372482	0.346968	0.18774	0.446071	0.162309	0.100681	0.0886064	0.160309	0.294117	0.434919	0.0745937	0.345147	0.171758	0.181793	0.200491	0.151745	0.192648	0.0531885	0.05243	0.112067	0.350442	0.161415	0.170629	0.18433	0.330574	0.32756	0.228216	0.257372	0.339891	0.334303	0.208712	0.158948	0.299553	0.127625	0.322423	0.300081	0.0788067	0.0952947	0.0875246	0.0531239	0.0569844	0.064593	0.323636	0.356233	0.331585	0.182364	0.45136	0.189467	0.119677	0.107169	0.172343	0.28945	0.435268	0.0894767	0.357211	0.156927	0.17074	0.200083	0.163164	0.204047	0.0730621	0.0618825	0.110731	0.368324	0.169479	0.178699	0.192623	0.318668	0.31538	0.219783	0.257138	0.339039	0.332299	0.220656	0.158907	0.300137	0.134299	0.333516	0.311488	0.10644	0.10257	0.172182	0.193329	0.235623	0.240853	
MomentArms on: hip_flexion_r
-0.00238652	0.0210042	0.00710151	0.0129603	-0.0183936	0.0335956	0.0152888	0.0335693	0.0392312	0.0506215	0.050309	
MomentArms on: knee_angle_r
-0.0219114	-0.0219867	-0.0228854	-0.0157302	-0.0154792	-0.00771043	-0.0261033	-0.0316541	0.0339615	0.0311269	0.0312236	0.0306113	
MomentArms on: ankle_angle_r
0.0261364	0.0289565	0.0165213	0.0301356	-0.00954523	-0.0124135	-0.0367787	-0.0362458	-0.00532039	-0.0072575	-0.0329264	-0.0101144	
External Torques: 1.94252 16.9511 -7.82974 
Current Torque on hip_flexion_r 13.1964
Current Torque on knee_angle_r 16.2862
Current Torque on ankle_angle_r -6.75037

----------------------------------------


EmgTime: 1.795
Adjusted EMG
0.001	0.33212	0.33212	0.001	0.33212	0.33212	0.118739	0.001	0.111228	0.001	0.001	0.001	0.302625	0.001	0.001	0.001	0.001	0.001	0.639569	0.33212	0.33212	0.33212	0.001	0.001	0.001	0.001	0.001	0.001	0.451112	0.342367	0.35986	0.136453	0.136453	0.162018	0.0437435	0.0186538	0.0409269	0.501414	0.0274704	0.029775	0.001	0.484572	0.487994	0	0	0	0	0	0	0	0	0	0	0	0	0	0	0	0	0	0	0	0	0	0	0	0	0	0	0	0	0	0	0	0	0	0	0	0	0	0	0	0	0	0	0	0.001	0	0.001	0	0.000997281	0	
LmtTime: 1.79
Lmt
0.101648	0.112271	0.0965615	0.0694015	0.0711752	0.0754501	0.340541	0.372352	0.346644	0.188153	0.446748	0.162544	0.100551	0.0881022	0.159767	0.293522	0.435639	0.0747691	0.345193	0.171161	0.180999	0.199236	0.152257	0.193136	0.0522154	0.0518503	0.111687	0.350254	0.160784	0.169997	0.183677	0.330959	0.327949	0.228247	0.257382	0.3399	0.334314	0.208683	0.158954	0.29956	0.127609	0.322398	0.300053	0.0787854	0.0948935	0.0867962	0.0529142	0.056606	0.0640827	0.323914	0.356544	0.331953	0.182091	0.450541	0.189481	0.120007	0.107629	0.172908	0.290204	0.434442	0.0894979	0.357059	0.156556	0.170595	0.200585	0.162795	0.203661	0.0726657	0.0614505	0.110087	0.368122	0.169853	0.17908	0.193005	0.317999	0.314697	0.219324	0.256998	0.338903	0.332132	0.220984	0.158835	0.300046	0.134488	0.333799	0.311794	0.106486	0.102314	0.172143	0.194076	0.235623	0.241186	
MomentArms on: hip_flexion_r
-0.0018776	0.0215405	0.00627236	0.01233	-0.0176353	0.0336074	0.0155584	0.033529	0.039069	0.050082	0.0494111	
MomentArms on: knee_angle_r
-0.022047	-0.0219642	-0.0226641	-0.0158859	-0.0156405	-0.00749221	-0.0260613	-0.0316225	0.0341742	0.0312673	0.0314502	0.0307908	
MomentArms on: ankle_angle_r
0.0261362	0.0289551	0.0165224	0.0301357	-0.00954805	-0.0124162	-0.0368079	-0.0362757	-0.00532151	-0.00725849	-0.0329358	-0.0101171	
External Torques: 0.292089 14.3966 -8.09682 
Current Torque on hip_flexion_r 12.4882
Current Torque on knee_angle_r 12.2716
Current Torque on ankle_angle_r -7.31114

----------------------------------------


EmgTime: 1.805
Adjusted EMG
0.001	0.332917	0.332917	0.001	0.332917	0.332917	0.118776	0.001	0.111149	0.001	0.001	0.001	0.284212	0.001	0.001	0.001	0.001	0.001	0.627408	0.332917	0.332917	0.332917	0.001	0.001	0.001	0.001	0.001	0.001	0.474019	0.353746	0.360843	0.136531	0.136532	0.151259	0.0266975	0.0109342	0.0312597	0.501931	0.0161404	0.0169651	0.001	0.492524	0.494223	0	0	0	0	0	0	0	0	0	0	0	0	0	0	0	0	0	0	0	0	0	0	0	0	0	0	0	0	0	0	0	0	0	0	0	0	0	0	0	0	0	0	0	0.001	0	0.001	0	0.000997281	0	
LmtTime: 1.8
Lmt
0.102045	0.112132	0.0960106	0.0698891	0.0714458	0.0754315	0.34041	0.372171	0.34626	0.188593	0.447502	0.162944	0.10053	0.0876867	0.159259	0.292867	0.436357	0.0750441	0.345351	0.170438	0.180096	0.197904	0.152844	0.193699	0.0513097	0.0512843	0.111251	0.350092	0.16011	0.169323	0.182977	0.331354	0.328348	0.228261	0.257386	0.339904	0.33432	0.20867	0.158956	0.299563	0.127602	0.322386	0.300041	0.0789315	0.0946865	0.0862659	0.0528624	0.0563973	0.063739	0.324169	0.356807	0.332271	0.181872	0.449875	0.189352	0.120169	0.107882	0.173267	0.290802	0.43381	0.0894434	0.356815	0.156356	0.170528	0.200952	0.162444	0.203296	0.0722223	0.0610384	0.109566	0.367928	0.170153	0.179385	0.19331	0.317566	0.314255	0.219054	0.256915	0.338823	0.332033	0.221177	0.158793	0.299993	0.134599	0.333965	0.311973	0.106661	0.102124	0.172173	0.194547	0.235707	0.241337	
MomentArms on: hip_flexion_r
-0.00137004	0.022068	0.00544896	0.011702	-0.0168756	0.0336032	0.0158273	0.0334748	0.0388856	0.049516	0.0484934	
MomentArms on: knee_angle_r
-0.0221766	-0.0219295	-0.0224299	-0.0160391	-0.0157995	-0.0072684	-0.0260077	-0.0315773	0.03438	0.0314026	0.031672	0.0309664	
MomentArms on: ankle_angle_r
0.026136	0.0289534	0.0165238	0.0301359	-0.00955148	-0.0124197	-0.0368389	-0.0363074	-0.00532289	-0.00725969	-0.0329474	-0.0101203	
External Torques: -1.22512 11.6974 -8.22581 
Current Torque on hip_flexion_r 11.5805
Current Torque on knee_angle_r 8.92105
Current Torque on ankle_angle_r -7.77095

----------------------------------------


EmgTime: 1.815
Adjusted EMG
0.001	0.333688	0.333688	0.001	0.333688	0.333688	0.118811	0.001	0.114104	0.001	0.001	0.001	0.258877	0.001	0.001	0.001	0.001	0.001	0.639547	0.333688	0.333688	0.333688	0.001	0.001	0.001	0.001	0.001	0.001	0.436761	0.331379	0.323847	0.136603	0.136604	0.142706	0.0123807	0.00472293	0.0202852	0.502208	0.00699484	0.00720166	0.001	0.49835	0.498999	0	0	0	0	0	0	0	0	0	0	0	0	0	0	0	0	0	0	0	0	0	0	0	0	0	0	0	0	0	0	0	0	0	0	0	0	0	0	0	0	0	0	0	0.001	0	0.001	0	0.000997281	0	
LmtTime: 1.81
Lmt
0.10233	0.111877	0.0953572	0.0702957	0.0716311	0.0753277	0.340238	0.37195	0.345827	0.189052	0.448308	0.1635	0.100623	0.0873719	0.1588	0.292169	0.437057	0.0754118	0.345538	0.169602	0.179097	0.196515	0.153495	0.194322	0.0504814	0.0507351	0.11076	0.349953	0.159401	0.168616	0.182243	0.331757	0.328754	0.22826	0.257386	0.339904	0.33432	0.20867	0.158956	0.299563	0.127602	0.322386	0.300041	0.079228	0.0946745	0.0859469	0.0529522	0.0563512	0.0635646	0.324409	0.357032	0.332553	0.181701	0.449356	0.189058	0.120152	0.107925	0.173419	0.291254	0.433362	0.0893016	0.356466	0.156341	0.170566	0.201211	0.162094	0.202936	0.0717467	0.060659	0.109181	0.367739	0.170386	0.179622	0.193547	0.317374	0.314059	0.218979	0.256892	0.3388	0.332005	0.22123	0.158782	0.299978	0.13463	0.334011	0.312022	0.106952	0.101993	0.172273	0.19475	0.235883	0.241312	
MomentArms on: hip_flexion_r
-0.00087885	0.0225719	0.00464592	0.0110852	-0.0161449	0.0335865	0.0160913	0.0334113	0.0386891	0.0489462	0.0475816	
MomentArms on: knee_angle_r
-0.0222956	-0.0218895	-0.0221925	-0.0162066	-0.0159729	-0.00705322	-0.0259435	-0.0315196	0.0345806	0.0315371	0.0318928	0.0311409	
MomentArms on: ankle_angle_r
0.0261358	0.0289522	0.0165247	0.030136	-0.00955388	-0.012422	-0.0368659	-0.0363353	-0.00532385	-0.00726054	-0.0329555	-0.0101226	
External Torques: -2.53621 9.05548 -8.26664 
Current Torque on hip_flexion_r 10.691
Current Torque on knee_angle_r 6.58563
Current Torque on ankle_angle_r -8.07425

----------------------------------------


EmgTime: 1.825
Adjusted EMG
0.001	0.334432	0.334432	0.001	0.334432	0.334432	0.11884	0.001	0.1171	0.001	0.001	0.001	0.227626	0.001	0.001	0.001	0.001	0.001	0.665834	0.334432	0.334432	0.334432	0.001	0.001	0.001	0.001	0.001	0.001	0.384069	0.301881	0.282897	0.136669	0.13667	0.137837	0.00276662	0.001	0.00781668	0.501761	0.00141583	0.0014475	0.001	0.501021	0.501141	0	0	0	0	0	0	0	0	0	0	0	0	0	0	0	0	0	0	0	0	0	0	0	0	0	0	0	0	0	0	0	0	0	0	0	0	0	0	0	0	0	0	0	0.001	0	0.001	0	0.000997281	0	
LmtTime: 1.82
Lmt
0.10251	0.111519	0.0946152	0.0706225	0.0717346	0.0751445	0.340038	0.371702	0.345365	0.189521	0.44914	0.164191	0.10082	0.0871634	0.158402	0.291453	0.437718	0.0758563	0.345799	0.168673	0.178026	0.195102	0.154189	0.194987	0.0497375	0.0502062	0.11022	0.349829	0.158674	0.16789	0.181489	0.332163	0.329163	0.228249	0.257383	0.339901	0.334315	0.208681	0.158954	0.29956	0.127607	0.322395	0.300051	0.0796532	0.09485	0.0858428	0.0531606	0.056452	0.0635527	0.32465	0.357236	0.332821	0.181571	0.448959	0.188582	0.119957	0.107768	0.173376	0.29158	0.433077	0.0890633	0.356006	0.15652	0.170732	0.201406	0.161723	0.202559	0.0712552	0.0603225	0.108938	0.367548	0.170563	0.179803	0.193727	0.317408	0.314094	0.219093	0.256927	0.338834	0.332047	0.221149	0.158799	0.3	0.134583	0.333941	0.311947	0.107334	0.101908	0.172441	0.194705	0.236146	0.241128	
MomentArms on: hip_flexion_r
-0.00041749	0.0230396	0.00387364	0.010485	-0.0154731	0.0335618	0.0163475	0.0333437	0.0384897	0.0483971	0.0466994	
MomentArms on: knee_angle_r
-0.0224018	-0.0218471	-0.0219604	-0.0163869	-0.016159	-0.00685295	-0.0258712	-0.0314518	0.0347732	0.031669	0.0321094	0.031312	
MomentArms on: ankle_angle_r
0.0261358	0.0289523	0.0165247	0.030136	-0.00955372	-0.0124219	-0.0368833	-0.036354	-0.00532379	-0.00726048	-0.032955	-0.0101224	
External Torques: -3.6086 6.63503 -8.27511 
Current Torque on hip_flexion_r 9.85024
Current Torque on knee_angle_r 4.89357
Current Torque on ankle_angle_r -8.23744

----------------------------------------


EmgTime: 1.835
Adjusted EMG
0.001	0.335145	0.335145	0.001	0.335145	0.335145	0.118864	0.001	0.118863	0.001	0.001	0.001	0.193055	0.001	0.001	0.001	0.001	0.001	0.690127	0.335145	0.335145	0.335145	0.001	0.001	0.001	0.001	0.001	0.001	0.328917	0.276309	0.251436	0.136728	0.136487	0.136691	0.001	0.001	0.001	0.500447	0.001	0.001	0.001	0.500471	0.500467	0	0	0	0	0	0	0	0	0	0	0	0	0	0	0	0	0	0	0	0	0	0	0	0	0	0	0	0	0	0	0	0	0	0	0	0	0	0	0	0	0	0	0	0.001	0	0.001	0	0.000997281	0	
LmtTime: 1.83
Lmt
0.102597	0.111074	0.0938059	0.0708747	0.0717642	0.0748932	0.339826	0.371445	0.344894	0.189988	0.449963	0.164983	0.101109	0.0870594	0.158076	0.290748	0.438322	0.0763559	0.346126	0.167681	0.176915	0.193703	0.1549	0.195669	0.0490812	0.0497012	0.109644	0.349715	0.157944	0.167163	0.180733	0.332568	0.329572	0.228233	0.257377	0.339896	0.334309	0.208696	0.158951	0.299556	0.127616	0.322409	0.300066	0.0801832	0.0951993	0.0859481	0.0534608	0.0566783	0.0636895	0.324909	0.357439	0.333102	0.18147	0.448648	0.187915	0.119589	0.107428	0.173161	0.291816	0.432918	0.0887221	0.355438	0.156899	0.171048	0.201584	0.161309	0.202143	0.0707635	0.060036	0.108834	0.367346	0.170701	0.179944	0.193868	0.317642	0.314334	0.219379	0.257014	0.338919	0.332152	0.220945	0.158844	0.300057	0.134466	0.333766	0.311758	0.107775	0.101856	0.172671	0.194445	0.236482	0.240813	
MomentArms on: hip_flexion_r
3.79e-06	0.0234627	0.00313818	0.00990411	-0.014885	0.0335335	0.0165947	0.0332769	0.0382972	0.0478909	0.0458658	
MomentArms on: knee_angle_r
-0.0224945	-0.0218036	-0.0217407	-0.0165733	-0.0163511	-0.00667015	-0.0257937	-0.0313775	0.0349543	0.0317954	0.0323172	0.0314758	
MomentArms on: ankle_angle_r
0.0261361	0.0289543	0.0165231	0.0301358	-0.00954982	-0.012418	-0.0368869	-0.0363594	-0.00532223	-0.00725911	-0.0329418	-0.0101188	
External Torques: -4.42473 4.55839 -8.3057 
Current Torque on hip_flexion_r 9.08519
Current Torque on knee_angle_r 3.59314
Current Torque on ankle_angle_r -8.30686

----------------------------------------


EmgTime: 1.845
Adjusted EMG
0.001	0.33583	0.33583	0.001	0.33583	0.33583	0.11889	0.0514403	0.11889	0.0203406	0.001	0.001	0.157828	0.001	0.001	0.001	0.001	0.001	0.695175	0.33583	0.33583	0.33583	0.001	0.001	0.001	0.001	0.001	0.001	0.299002	0.264051	0.251292	0.136779	0.136279	0.135742	0.001	0.001	0.001	0.499006	0.001	0.001	0.00526921	0.499684	0.499576	0	0	0	0	0	0	0	0	0	0	0	0	0	0	0	0	0	0	0	0	0	0	0	0	0	0	0	0	0	0	0	0	0	0	0	0	0	0	0	0	0	0	0	0.001	0	0.001	0	0.000997281	0	
LmtTime: 1.84
Lmt
0.102607	0.110569	0.0929556	0.07106	0.0717312	0.0745888	0.339615	0.371194	0.344434	0.190441	0.45075	0.165838	0.101466	0.0870508	0.157826	0.290077	0.438857	0.0768857	0.346503	0.16666	0.175798	0.192354	0.155606	0.196345	0.0485121	0.0492245	0.109046	0.349604	0.157231	0.166452	0.179995	0.332969	0.329975	0.228216	0.257372	0.339891	0.334303	0.208711	0.158949	0.299553	0.127624	0.322422	0.300081	0.0807932	0.0957028	0.0862495	0.0538248	0.0570045	0.0639552	0.325204	0.357666	0.333424	0.181383	0.448381	0.187054	0.119063	0.106933	0.172809	0.292001	0.43284	0.0882751	0.354768	0.157474	0.171531	0.201798	0.160831	0.201668	0.0702869	0.0598032	0.108862	0.367121	0.170819	0.180064	0.193987	0.318037	0.314738	0.219808	0.257146	0.339047	0.332308	0.220638	0.15891	0.300142	0.134289	0.333501	0.311472	0.108238	0.101822	0.172955	0.194011	0.236869	0.240404	
MomentArms on: hip_flexion_r
0.00037929	0.0238374	0.00244156	0.00934308	-0.0143963	0.0335053	0.0168328	0.0332143	0.0381201	0.0474438	0.0450927	
MomentArms on: knee_angle_r
-0.0225742	-0.0217605	-0.0215389	-0.0167594	-0.0165426	-0.00650567	-0.0257142	-0.0313004	0.0351217	0.0319141	0.032513	0.0316297	
MomentArms on: ankle_angle_r
0.0261366	0.0289584	0.0165198	0.0301354	-0.00954146	-0.0124097	-0.0368742	-0.0363491	-0.00531887	-0.00725617	-0.0329137	-0.0101109	
External Torques: -4.97682 2.89575 -8.40554 
Current Torque on hip_flexion_r 8.405
Current Torque on knee_angle_r 2.33251
Current Torque on ankle_angle_r -8.43933

----------------------------------------


EmgTime: 1.855
Adjusted EMG
0.146234	0.336482	0.336482	0.001	0.336482	0.336482	0.118915	0.0650426	0.118915	0.038527	0.001	0.001	0.124268	0.001	0.001	0.001	0.001	0.001	0.684746	0.336482	0.336482	0.336482	0.001	0.001	0.001	0.001	0.001	0.001	0.292737	0.260396	0.25115	0.136823	0.13615	0.137115	0.00101156	0.001	0.00300308	0.496926	0.001	0.001	0.001	0.496732	0.496763	0	0	0	0	0	0	0	0	0	0	0	0	0	0	0	0	0	0	0	0	0	0	0	0	0	0	0	0	0	0	0	0	0	0	0	0	0	0	0	0	0	0	0	0.001	0	0.001	0	0.000997281	0	
LmtTime: 1.85
Lmt
0.102558	0.110027	0.0920931	0.0711879	0.0716493	0.074249	0.339418	0.370967	0.344002	0.190871	0.451476	0.166717	0.101869	0.0871219	0.15765	0.289461	0.439316	0.0774215	0.346912	0.165645	0.17471	0.191089	0.156283	0.196993	0.0480265	0.0487805	0.108443	0.349493	0.15655	0.165774	0.179291	0.33336	0.330369	0.228206	0.257369	0.339888	0.334299	0.208721	0.158947	0.299551	0.12763	0.322431	0.30009	0.0814582	0.0963366	0.0867262	0.0542249	0.0574033	0.0643257	0.32555	0.357939	0.33381	0.181299	0.448113	0.186006	0.118397	0.106315	0.17236	0.292177	0.432799	0.0877235	0.354008	0.158236	0.172189	0.202092	0.160273	0.201119	0.0698391	0.0596252	0.109007	0.366864	0.170933	0.18018	0.194103	0.31855	0.315262	0.220345	0.257311	0.339206	0.332505	0.220249	0.158994	0.300249	0.134065	0.333166	0.311109	0.108683	0.10179	0.173286	0.193445	0.237282	0.239935	
MomentArms on: hip_flexion_r
0.00070883	0.0241648	0.00178229	0.00880104	-0.0140105	0.0334791	0.0170626	0.0331575	0.0379626	0.0470622	0.0443826	
MomentArms on: knee_angle_r
-0.0226425	-0.0217184	-0.0213572	-0.0169409	-0.0167292	-0.00635862	-0.0256348	-0.0312232	0.0352749	0.0320243	0.0326954	0.0317727	
MomentArms on: ankle_angle_r
0.0261374	0.0289648	0.0165147	0.0301347	-0.00952849	-0.0123968	-0.0368448	-0.0363228	-0.00531367	-0.00725159	-0.03287	-0.0100987	
External Torques: -5.26983 1.65658 -8.60823 
Current Torque on hip_flexion_r 7.85478
Current Torque on knee_angle_r 1.17901
Current Torque on ankle_angle_r -8.59837

----------------------------------------


EmgTime: 1.865
Adjusted EMG
0.271355	0.337102	0.337102	0.001	0.337102	0.337102	0.118938	0.0683523	0.118938	0.0457687	0.001	0.001	0.0940799	0.001	0.001	0.001	0.001	0.001	0.668571	0.337102	0.337102	0.337102	0.001	0.001	0.001	0.001	0.001	0.001	0.290649	0.258318	0.251017	0.136859	0.136386	0.140406	0.0124325	0.00307712	0.0161429	0.494302	0.00456188	0.00486266	0.001	0.491911	0.492288	0	0	0	0	0	0	0	0	0	0	0	0	0	0	0	0	0	0	0	0	0	0	0	0	0	0	0	0	0	0	0	0	0	0	0	0	0	0	0	0	0	0	0	0.001	0	0.001	0	0.000997281	0	
LmtTime: 1.86
Lmt
0.102468	0.109474	0.0912466	0.0712687	0.0715324	0.0738919	0.339242	0.370759	0.34361	0.191269	0.452127	0.167584	0.102294	0.0872532	0.157539	0.288911	0.439695	0.0779422	0.347335	0.164668	0.173681	0.189931	0.156915	0.197598	0.047619	0.0483739	0.107854	0.349383	0.155915	0.165142	0.178637	0.333738	0.33075	0.228207	0.257369	0.339889	0.334299	0.20872	0.158947	0.299551	0.127629	0.32243	0.300089	0.0821536	0.0970727	0.0873513	0.0546356	0.0578473	0.0647747	0.325961	0.358275	0.33428	0.181206	0.447803	0.184786	0.117616	0.10561	0.171854	0.292382	0.43275	0.0870732	0.353179	0.159168	0.173019	0.202505	0.159626	0.200486	0.0694324	0.0595008	0.109251	0.366566	0.171058	0.180308	0.194231	0.319135	0.31586	0.220954	0.257497	0.339387	0.332728	0.219802	0.159089	0.30037	0.133809	0.332782	0.310694	0.109077	0.101749	0.173657	0.192784	0.237698	0.239445	
MomentArms on: hip_flexion_r
0.00099797	0.0244512	0.0011557	0.00827604	-0.0137173	0.0334549	0.0172854	0.0331057	0.0378248	0.0467418	0.0437288	
MomentArms on: knee_angle_r
-0.0227012	-0.0216776	-0.0211946	-0.0171161	-0.0169093	-0.00622664	-0.0255564	-0.031147	0.0354148	0.0321263	0.0328652	0.0319054	
MomentArms on: ankle_angle_r
0.0261383	0.0289732	0.0165079	0.0301338	-0.00951138	-0.0123799	-0.0368001	-0.0362819	-0.0053068	-0.00724555	-0.0328123	-0.0100825	
External Torques: -5.37545 0.788929 -8.93268 
Current Torque on hip_flexion_r 7.36492
Current Torque on knee_angle_r 0.339308
Current Torque on ankle_angle_r -8.81622

----------------------------------------


EmgTime: 1.875
Adjusted EMG
0.320668	0.337693	0.337693	0.0115735	0.337693	0.337693	0.118959	0.071849	0.118959	0.05343	0.001	0.001	0.0683363	0.001	0.001	0.001	0.001	0.001	0.648396	0.337693	0.337693	0.337693	0.001	0.001	0.001	0.001	0.001	0.001	0.28831	0.256574	0.250883	0.136886	0.137171	0.144146	0.0243033	0.00622632	0.0231068	0.4915	0.00922183	0.00998631	0.001	0.48655	0.487348	0	0	0	0	0	0	0	0	0	0	0	0	0	0	0	0	0	0	0	0	0	0	0	0	0	0	0	0	0	0	0	0	0	0	0	0	0	0	0	0	0	0	0	0.001	0	0.001	0	0.000997281	0	
LmtTime: 1.87
Lmt
0.10235	0.108932	0.0904408	0.0713118	0.0713937	0.0735338	0.339087	0.370585	0.343263	0.191629	0.452698	0.168409	0.102718	0.0874243	0.157482	0.288429	0.440001	0.078432	0.347754	0.163752	0.172731	0.188894	0.157492	0.198149	0.0472838	0.0480095	0.107294	0.349275	0.155335	0.164566	0.178041	0.334102	0.331116	0.228223	0.257375	0.339893	0.334306	0.208705	0.15895	0.299554	0.127621	0.322416	0.300074	0.0828558	0.097881	0.0880935	0.0550341	0.0583101	0.0652748	0.326444	0.358689	0.334846	0.181096	0.447417	0.183418	0.116746	0.104855	0.171333	0.292647	0.432656	0.0863344	0.352303	0.160242	0.174009	0.203059	0.158886	0.199764	0.0690771	0.0594264	0.109574	0.366222	0.171207	0.18046	0.194382	0.319422	0.316449	0.221601	0.257696	0.339578	0.332965	0.219322	0.15919	0.300501	0.133534	0.33237	0.310246	0.109388	0.101691	0.174064	0.192062	0.238096	0.238963	
MomentArms on: hip_flexion_r
0.0012576	0.024707	0.00055405	0.00776492	-0.0134939	0.0334311	0.0175025	0.0330566	0.037702	0.0464678	0.0431156	
MomentArms on: knee_angle_r
-0.0227524	-0.0216378	-0.0210461	-0.0172862	-0.017084	-0.00610614	-0.02525	-0.0310709	0.0355442	0.032222	0.0330256	0.0320302	
MomentArms on: ankle_angle_r
0.0261393	0.028983	0.0164997	0.0301325	-0.00949112	-0.0123598	-0.0367439	-0.0362298	-0.00529866	-0.00723838	-0.0327439	-0.0100635	
External Torques: -5.32745 0.231487 -9.38086 
Current Torque on hip_flexion_r 6.89812
Current Torque on knee_angle_r -0.186798
Current Torque on ankle_angle_r -9.14443

----------------------------------------


EmgTime: 1.885
Adjusted EMG
0.338828	0.338248	0.338248	0.0702818	0.338248	0.338248	0.118979	0.0747061	0.118979	0.0591308	0.001	0.001	0.0473399	0.001	0.001	0.001	0.001	0.001	0.624198	0.338248	0.338248	0.338248	0.001	0.001	0.001	0.001	0.001	0.001	0.286943	0.255271	0.250758	0.136904	0.138295	0.147373	0.031827	0.00880208	0.0278314	0.488786	0.0130239	0.0142587	0.001	0.481623	0.482794	0	0	0	0	0	0	0	0	0	0	0	0	0	0	0	0	0	0	0	0	0	0	0	0	0	0	0	0	0	0	0	0	0	0	0	0	0	0	0	0	0	0	0	0.001	0	0.001	0	0.000997281	0	
LmtTime: 1.88
Lmt
0.102215	0.108417	0.0896951	0.0713247	0.0712435	0.0731883	0.338953	0.370441	0.342958	0.191949	0.453194	0.169175	0.103125	0.0876164	0.157464	0.288012	0.440243	0.0788817	0.348154	0.162915	0.171872	0.187978	0.158009	0.198643	0.0470167	0.0476923	0.106779	0.349174	0.154815	0.164049	0.177509	0.33445	0.331466	0.228258	0.257385	0.339903	0.334319	0.208673	0.158955	0.299562	0.127603	0.322389	0.300043	0.0835434	0.0987308	0.0889192	0.0554021	0.0587684	0.0657997	0.327001	0.359188	0.335514	0.180964	0.446933	0.181932	0.115818	0.104087	0.170834	0.292996	0.432485	0.0855217	0.351405	0.161428	0.175135	0.203767	0.158058	0.198957	0.0687813	0.0593968	0.109954	0.365829	0.171386	0.180642	0.194564	0.32003	0.317068	0.222254	0.257896	0.339771	0.333205	0.218831	0.159292	0.300633	0.133253	0.331947	0.309788	0.109597	0.10161	0.174503	0.191305	0.23846	0.238515	
MomentArms on: hip_flexion_r
0.00150278	0.0249459	-3.346e-05	0.0072628	-0.0133076	0.0334051	0.0177154	0.0330067	0.037586	0.0462177	0.0425209	
MomentArms on: knee_angle_r
-0.0227976	-0.0215981	-0.020904	-0.0174546	-0.0172569	-0.00599282	-0.0253106	-0.0309924	0.0356664	0.0323141	0.0331809	0.0321505	
MomentArms on: ankle_angle_r
0.0261403	0.0289937	0.0164907	0.0301309	-0.00946912	-0.0123379	-0.0366811	-0.0361714	-0.0052898	-0.00723056	-0.0326696	-0.0100427	
External Torques: -5.13274 -0.07949 -9.9418 
Current Torque on hip_flexion_r 6.47063
Current Torque on knee_angle_r -0.47523
Current Torque on ankle_angle_r -9.60428

----------------------------------------


EmgTime: 1.895
Adjusted EMG
0.345297	0.338769	0.338769	0.124689	0.338769	0.338769	0.118998	0.0745918	0.118998	0.0609129	0.001	0.001	0.0313356	0.001	0.001	0.001	0.001	0.001	0.594333	0.338769	0.338769	0.338769	0.001	0.001	0.001	0.001	0.001	0.001	0.287707	0.254405	0.250636	0.136913	0.139386	0.149672	0.0349733	0.0104549	0.0312761	0.486255	0.0154824	0.0170364	0.001	0.477576	0.479014	0	0	0	0	0	0	0	0	0	0	0	0	0	0	0	0	0	0	0	0	0	0	0	0	0	0	0	0	0	0	0	0	0	0	0	0	0	0	0	0	0	0	0	0.001	0	0.001	0	0.000997281	0	
LmtTime: 1.89
Lmt
0.102067	0.10794	0.0890218	0.0713125	0.0710889	0.0728645	0.338833	0.370316	0.342689	0.192231	0.453626	0.169871	0.103503	0.0878147	0.15747	0.287648	0.440432	0.0792882	0.348527	0.162161	0.171105	0.187175	0.158469	0.199084	0.046815	0.0474266	0.106317	0.349084	0.154355	0.163591	0.177038	0.334784	0.331802	0.228311	0.257402	0.339919	0.334339	0.208623	0.158964	0.299574	0.127576	0.322345	0.299995	0.0841978	0.099593	0.0897944	0.0557255	0.0592025	0.0663258	0.32763	0.359774	0.33628	0.180808	0.446337	0.180364	0.11486	0.103342	0.170389	0.293442	0.432217	0.0846529	0.350512	0.162688	0.176369	0.204624	0.157152	0.198075	0.0685502	0.0594054	0.110368	0.365387	0.171596	0.180857	0.194777	0.320603	0.317651	0.222888	0.25809	0.339958	0.333438	0.218348	0.159392	0.300762	0.132978	0.331532	0.309337	0.109688	0.101505	0.174975	0.190527	0.238784	0.238117	
MomentArms on: hip_flexion_r
0.00175075	0.0251829	-0.00062037	0.00676275	-0.0131205	0.0333737	0.0179247	0.0329521	0.0374667	0.0459654	0.0419185	
MomentArms on: knee_angle_r
-0.0228381	-0.0215571	-0.0207588	-0.0176265	-0.0174333	-0.00588222	-0.0253661	-0.0309071	0.0357853	0.0324057	0.0333367	0.0322706	
MomentArms on: ankle_angle_r
0.0261411	0.0290043	0.0164815	0.0301292	-0.009447	-0.012316	-0.0366175	-0.0361122	-0.00528089	-0.00722269	-0.0325948	-0.0100219	
External Torques: -4.7701 -0.198226 -10.5933 
Current Torque on hip_flexion_r 6.07849
Current Torque on knee_angle_r -0.592852
Current Torque on ankle_angle_r -10.1875

----------------------------------------


EmgTime: 1.905
Adjusted EMG
0.347896	0.339254	0.339254	0.174982	0.339254	0.339254	0.119016	0.0723454	0.119016	0.0600653	0.001	0.001	0.0181553	0.001	0.001	0.001	0.001	0.001	0.556919	0.339254	0.339254	0.339254	0.001	0.001	0.001	0.001	0.001	0.001	0.289943	0.253763	0.25052	0.136913	0.140205	0.15104	0.0355041	0.0111389	0.0330159	0.483891	0.0165335	0.0181891	0.001	0.474432	0.476051	0	0	0	0	0	0	0	0	0	0	0	0	0	0	0	0	0	0	0	0	0	0	0	0	0	0	0	0	0	0	0	0	0	0	0	0	0	0	0	0	0	0	0	0.001	0	0.001	0	0.000997281	0	
LmtTime: 1.9
Lmt
0.101908	0.107503	0.0884263	0.0712775	0.0709332	0.0725669	0.338718	0.370198	0.342446	0.192476	0.454011	0.170499	0.103848	0.0880098	0.157488	0.287322	0.440582	0.079654	0.348866	0.161489	0.170424	0.186469	0.158881	0.199478	0.0466784	0.0472162	0.105916	0.349011	0.153949	0.163188	0.176625	0.335106	0.332126	0.228384	0.257424	0.33994	0.334367	0.208555	0.158976	0.29959	0.127539	0.322286	0.29993	0.0848045	0.100442	0.090688	0.0559955	0.0595977	0.066833	0.328325	0.360445	0.337138	0.18063	0.445625	0.178749	0.113903	0.102648	0.170023	0.293988	0.431841	0.0837473	0.349651	0.163988	0.177676	0.205618	0.156183	0.19713	0.068386	0.0594449	0.110797	0.364895	0.171835	0.181102	0.19502	0.321123	0.318179	0.223484	0.258272	0.340134	0.333658	0.217887	0.159486	0.300884	0.132716	0.331136	0.308907	0.10966	0.101376	0.175483	0.189738	0.239063	0.237776	
MomentArms on: hip_flexion_r
0.00201859	0.0254323	-0.00122204	0.0062559	-0.0128954	0.0333343	0.0181304	0.0328897	0.0373338	0.0456853	0.0412822	
MomentArms on: knee_angle_r
-0.0228733	-0.0215123	-0.0205998	-0.0178066	-0.0176182	-0.00576942	-0.0254173	-0.0308091	0.0358898	0.0324876	0.0334832	0.0323823	
MomentArms on: ankle_angle_r
0.0261418	0.0290141	0.0164729	0.0301274	-0.00942645	-0.0122955	-0.0365587	-0.0360577	-0.0052726	-0.00721536	-0.0325253	-0.0100025	
External Torques: -4.20521 -0.168641 -11.3066 
Current Torque on hip_flexion_r 5.70904
Current Torque on knee_angle_r -0.577109
Current Torque on ankle_angle_r -10.8653

----------------------------------------


EmgTime: 1.915
Adjusted EMG
0.349287	0.339706	0.339706	0.219254	0.339706	0.339706	0.119033	0.0698081	0.119033	0.0585248	0.001	0.001	0.0104298	0.001	0.001	0.001	0.001	0.001	0.50938	0.339706	0.339706	0.339706	0.001	0.001	0.001	0.001	0.001	0.001	0.292563	0.253173	0.250409	0.136912	0.140558	0.151386	0.0344156	0.0111593	0.0333984	0.481673	0.0166022	0.0182208	0.001	0.472186	0.473858	0	0	0	0	0	0	0	0	0	0	0	0	0	0	0	0	0	0	0	0	0	0	0	0	0	0	0	0	0	0	0	0	0	0	0	0	0	0	0	0	0	0	0	0.001	0	0.001	0	0.000997281	0	
LmtTime: 1.91
Lmt
0.101734	0.107104	0.087907	0.0712197	0.0707764	0.0722958	0.338599	0.370077	0.342218	0.192691	0.454364	0.171068	0.104162	0.0881978	0.157509	0.287021	0.440703	0.0799859	0.349173	0.16089	0.169814	0.18584	0.159253	0.199836	0.0466083	0.0470637	0.105577	0.34896	0.153591	0.162833	0.176263	0.335417	0.33244	0.228474	0.257452	0.339966	0.334401	0.208471	0.15899	0.29961	0.127493	0.322214	0.299849	0.0853534	0.101256	0.0915727	0.0562078	0.0599438	0.0673062	0.329079	0.361194	0.338073	0.180435	0.444804	0.177126	0.112971	0.102029	0.169753	0.294634	0.431354	0.082825	0.348843	0.165294	0.179024	0.206726	0.155168	0.196141	0.0682881	0.0595076	0.111223	0.364357	0.172097	0.181369	0.195285	0.321579	0.318641	0.224031	0.25844	0.340295	0.333859	0.21746	0.159572	0.300996	0.132474	0.330769	0.308508	0.109515	0.101229	0.176029	0.188941	0.239302	0.237493	
MomentArms on: hip_flexion_r
0.00232063	0.025705	-0.00185389	0.00573226	-0.0126004	0.0332846	0.018331	0.0328171	0.0371784	0.0453565	0.040589	
MomentArms on: knee_angle_r
-0.0229013	-0.0214608	-0.0204166	-0.0179984	-0.0178151	-0.00564988	-0.0254632	-0.0306919	0.035972	0.0325541	0.0336134	0.0324805	
MomentArms on: ankle_angle_r
0.0261422	0.0290225	0.0164655	0.0301257	-0.00940892	-0.0122781	-0.0365101	-0.0360128	-0.00526552	-0.00720909	-0.0324659	-0.00998598	
External Torques: -3.41538 -0.029809 -12.0513 
Current Torque on hip_flexion_r 5.35514
Current Torque on knee_angle_r -0.455692
Current Torque on ankle_angle_r -11.6078

----------------------------------------


EmgTime: 1.925
Adjusted EMG
0.350292	0.340123	0.340123	0.2566	0.340123	0.340123	0.119051	0.0613705	0.119051	0.0506088	0.001	0.001	0.0114903	0.001	0.001	0.001	0.001	0.001	0.447987	0.340123	0.340123	0.340123	0.001	0.001	0.001	0.001	0.001	0.001	0.299076	0.252788	0.250302	0.136887	0.137361	0.145857	0.0211776	0.006786	0.0247792	0.480569	0.0102077	0.0110672	0.001	0.474914	0.47595	0	0	0	0	0	0	0	0	0	0	0	0	0	0	0	0	0	0	0	0	0	0	0	0	0	0	0	0	0	0	0	0	0	0	0	0	0	0	0	0	0	0	0	0.001	0	0.001	0	0.000997281	0	
LmtTime: 1.92
Lmt
0.10154	0.106737	0.0874576	0.0711375	0.070616	0.072048	0.338468	0.369942	0.341993	0.192879	0.454702	0.17159	0.10445	0.0883796	0.157528	0.28673	0.440804	0.0802931	0.349453	0.16035	0.169261	0.18527	0.159598	0.20017	0.0466066	0.0469701	0.105298	0.348936	0.153275	0.162519	0.175944	0.33572	0.332746	0.228578	0.257484	0.339996	0.33444	0.208373	0.159007	0.299634	0.12744	0.322129	0.299754	0.0858383	0.102019	0.0924269	0.0563615	0.0602353	0.0677348	0.329883	0.362016	0.339075	0.18023	0.443883	0.175526	0.112085	0.101502	0.169588	0.295368	0.430759	0.0819049	0.34811	0.166576	0.180381	0.207924	0.154124	0.195122	0.0682538	0.0595866	0.111633	0.363775	0.172372	0.181651	0.195564	0.321968	0.319036	0.224521	0.25859	0.340439	0.33404	0.217072	0.15965	0.301098	0.132254	0.330436	0.308144	0.109267	0.101068	0.17662	0.188134	0.239509	0.237262	
MomentArms on: hip_flexion_r
0.0026663	0.0260068	-0.00252924	0.00518224	-0.0122138	0.0332229	0.018524	0.0327331	0.0369938	0.0449654	0.0398222	
MomentArms on: knee_angle_r
-0.0229205	-0.0214009	-0.0202027	-0.0182042	-0.0180264	-0.0055213	-0.0255024	-0.0305504	0.0360307	0.0326057	0.0337269	0.0325657	
MomentArms on: ankle_angle_r
0.0261425	0.0290288	0.0164597	0.0301244	-0.0093955	-0.0122648	-0.0364751	-0.0359811	-0.0052601	-0.00720428	-0.0324205	-0.00997333	
External Torques: -2.40446 0.179384 -12.801 
Current Torque on hip_flexion_r 5.02249
Current Torque on knee_angle_r -0.304807
Current Torque on ankle_angle_r -12.5324

----------------------------------------


EmgTime: 1.935
Adjusted EMG
0.350787	0.340502	0.340502	0.286777	0.340502	0.340502	0.119068	0.0596016	0.119068	0.0488475	0.001	0.001	0.0238691	0.001	0.001	0.001	0.001	0.001	0.381264	0.340502	0.340502	0.340502	0.001	0.001	0.001	0.001	0.001	0.001	0.301356	0.2521	0.250202	0.136831	0.134399	0.141241	0.0108732	0.00326851	0.0168736	0.479134	0.00497845	0.00534993	0.001	0.476478	0.476971	0	0	0	0	0	0	0	0	0	0	0	0	0	0	0	0	0	0	0	0	0	0	0	0	0	0	0	0	0	0	0	0	0	0	0	0	0	0	0	0	0	0	0	0.001	0	0.001	0	0.000997281	0	
LmtTime: 1.93
Lmt
0.10132	0.106392	0.087068	0.0710284	0.0704481	0.0718179	0.338317	0.369784	0.341761	0.193045	0.455036	0.172082	0.10472	0.0885603	0.157545	0.286439	0.440892	0.0805858	0.349712	0.159853	0.168746	0.184739	0.159928	0.20049	0.0466751	0.0469349	0.105075	0.34894	0.152992	0.162238	0.175659	0.336015	0.333044	0.228694	0.25752	0.34003	0.334484	0.208264	0.159026	0.29966	0.12738	0.322034	0.299649	0.0862561	0.102722	0.093235	0.0564587	0.06047	0.0681127	0.330729	0.362901	0.340128	0.180022	0.442879	0.173978	0.111263	0.101076	0.169531	0.29618	0.430067	0.0810034	0.347468	0.167813	0.181723	0.209186	0.153067	0.194089	0.0682792	0.0596759	0.112017	0.363151	0.172649	0.181935	0.195845	0.322294	0.319366	0.224954	0.258722	0.340566	0.3342	0.216726	0.159718	0.301188	0.132059	0.330138	0.30782	0.108932	0.100899	0.17726	0.187314	0.239693	0.237072	
MomentArms on: hip_flexion_r
0.00305855	0.026337	-0.003257	0.00459839	-0.011726	0.0331482	0.0187056	0.032637	0.0367762	0.0445067	0.0389736	
MomentArms on: knee_angle_r
-0.0229283	-0.0213313	-0.0199543	-0.0184235	-0.0182517	-0.00538277	-0.0255329	-0.0303808	0.036064	0.032643	0.0338216	0.032638	
MomentArms on: ankle_angle_r
0.0261426	0.0290329	0.016456	0.0301234	-0.00938679	-0.0122561	-0.0364556	-0.0359642	-0.00525658	-0.00720116	-0.032391	-0.00996512	
External Torques: -1.1933 0.427179 -13.5326 
Current Torque on hip_flexion_r 4.72366
Current Torque on knee_angle_r -0.0733308
Current Torque on ankle_angle_r -13.4043

----------------------------------------


EmgTime: 1.945
Adjusted EMG
0.350533	0.340846	0.340846	0.309957	0.340846	0.340846	0.119086	0.0669139	0.119086	0.0547762	0.001	0.001	0.0498427	0.001	0.001	0.001	0.001	0.001	0.317261	0.340846	0.340846	0.340846	0.001	0.001	0.001	0.001	0.001	0.001	0.298353	0.250108	0.250107	0.136777	0.133436	0.139688	0.00770148	0.00213466	0.0143435	0.476996	0.00327025	0.00351548	0.001	0.475307	0.475632	0	0	0	0	0	0	0	0	0	0	0	0	0	0	0	0	0	0	0	0	0	0	0	0	0	0	0	0	0	0	0	0	0	0	0	0	0	0	0	0	0	0	0	0.001	0	0.001	0	0.000997281	0	
LmtTime: 1.94
Lmt
0.101067	0.10606	0.0867265	0.0708895	0.0702677	0.071599	0.338142	0.369598	0.341516	0.193194	0.455376	0.172562	0.104985	0.0887474	0.157563	0.28614	0.44097	0.0808742	0.349958	0.159384	0.168255	0.184235	0.160251	0.200806	0.046815	0.046956	0.1049	0.348975	0.152737	0.161986	0.175404	0.336304	0.333335	0.228819	0.257558	0.340066	0.334532	0.208146	0.159047	0.299687	0.127316	0.321931	0.299535	0.0866062	0.103358	0.0939868	0.0565024	0.0606484	0.068437	0.33161	0.363845	0.341222	0.17982	0.44181	0.172505	0.110517	0.100757	0.16958	0.297056	0.429286	0.080134	0.346929	0.168989	0.183028	0.21049	0.152013	0.193057	0.0683598	0.0597714	0.11237	0.362486	0.172918	0.18221	0.196117	0.322564	0.319639	0.22533	0.258838	0.340676	0.334339	0.216423	0.159778	0.301267	0.131887	0.329878	0.307536	0.108533	0.10073	0.177953	0.186478	0.239867	0.23691	
MomentArms on: hip_flexion_r
0.00349351	0.0266889	-0.00403998	0.00397698	-0.0112046	0.0330599	0.0188712	0.0325289	0.0365251	0.0439836	0.0380447	
MomentArms on: knee_angle_r
-0.0229223	-0.0212513	-0.0191231	-0.0186529	-0.0184875	-0.00523473	-0.0255519	-0.0301813	0.0360709	0.0326678	0.0338955	0.032698	
MomentArms on: ankle_angle_r
0.0261427	0.0290348	0.0164542	0.030123	-0.00938278	-0.0122521	-0.0364514	-0.0359618	-0.00525496	-0.00719972	-0.0323774	-0.00996134	
External Torques: 0.179136 0.686628 -14.2273 
Current Torque on hip_flexion_r 4.47454
Current Torque on knee_angle_r 0.221025
Current Torque on ankle_angle_r -14.1452

----------------------------------------


EmgTime: 1.955
Adjusted EMG
0.349058	0.341154	0.341154	0.326257	0.341154	0.341154	0.119105	0.0657369	0.119105	0.0521024	0.001	0.001	0.0872303	0.001	0.001	0.001	0.001	0.026191	0.248512	0.341154	0.341154	0.341154	0.001	0.001	0.001	0.001	0.001	0.001	0.301389	0.250017	0.250017	0.136711	0.1324	0.139173	0.00700991	0.00180876	0.0134027	0.474578	0.00277718	0.00299402	0.001	0.473191	0.473468	0	0	0	0	0	0	0	0	0	0	0	0	0	0	0	0	0	0	0	0	0	0	0	0	0	0	0	0	0	0	0	0	0	0	0	0	0	0	0	0	0	0	0	0.001	0	0.001	0	0.000997281	0	
LmtTime: 1.95
Lmt
0.100777	0.105731	0.0864216	0.0707185	0.0700706	0.0713845	0.337938	0.369382	0.341251	0.193329	0.455725	0.173045	0.105253	0.0889499	0.157587	0.285831	0.441038	0.081167	0.350201	0.158932	0.167776	0.183749	0.160575	0.201124	0.0470262	0.0470301	0.104766	0.349042	0.152507	0.161757	0.175173	0.336585	0.333618	0.22895	0.257599	0.340104	0.334581	0.208022	0.159068	0.299717	0.127248	0.321824	0.299415	0.0868895	0.103924	0.0946773	0.0564965	0.0607726	0.0687076	0.332522	0.364841	0.342346	0.179633	0.440693	0.17112	0.109852	0.100544	0.169728	0.29798	0.428429	0.0793069	0.346503	0.170093	0.184284	0.211816	0.150972	0.192036	0.0684916	0.0598704	0.112689	0.36178	0.173166	0.182464	0.196368	0.322787	0.319865	0.225653	0.258937	0.340771	0.334459	0.21616	0.159829	0.301334	0.13174	0.329652	0.307289	0.108094	0.100568	0.178698	0.185622	0.240042	0.23676	
MomentArms on: hip_flexion_r
0.00396117	0.0270509	-0.00487398	0.00331908	-0.0104996	0.0329581	0.0190163	0.0324098	0.036243	0.043407	0.0370464	
MomentArms on: knee_angle_r
-0.0229005	-0.0211612	-0.0191036	-0.0188862	-0.0187276	-0.00507886	-0.0255567	-0.0299524	0.0360535	0.0326848	0.0339485	0.0327484	
MomentArms on: ankle_angle_r
0.0261427	0.0290347	0.0164543	0.030123	-0.00938288	-0.0122522	-0.0364601	-0.0359718	-0.005255	-0.00719975	-0.0323777	-0.00996144	
External Torques: 1.66439 0.938125 -14.871 
Current Torque on hip_flexion_r 4.3567
Current Torque on knee_angle_r 0.449673
Current Torque on ankle_angle_r -14.8034

----------------------------------------


EmgTime: 1.965
Adjusted EMG
0.346699	0.341425	0.341425	0.335806	0.341425	0.341425	0.119124	0.0655417	0.119124	0.0510978	0.001	0.0633211	0.125516	0.001	0.001	0.001	0.001	0.148065	0.19144	0.341425	0.341425	0.341425	0.001	0.001	0.001	0.001	0.001	0.001	0.302878	0.249933	0.249933	0.136628	0.131006	0.13804	0.00418725	0.001	0.00851402	0.472209	0.00151887	0.00164293	0.001	0.471452	0.471608	0	0	0	0	0	0	0	0	0	0	0	0	0	0	0	0	0	0	0	0	0	0	0	0	0	0	0	0	0	0	0	0	0	0	0	0	0	0	0	0	0	0	0	0.001	0	0.001	0	0.000997281	0	
LmtTime: 1.96
Lmt
0.100445	0.105397	0.0861428	0.0705135	0.0698526	0.0711683	0.337705	0.369135	0.340965	0.193449	0.456085	0.173545	0.105537	0.0891767	0.157624	0.285513	0.441096	0.0814711	0.350449	0.158484	0.167299	0.183278	0.160905	0.20145	0.0473076	0.0471532	0.104666	0.349141	0.152297	0.16155	0.174965	0.336857	0.333893	0.229085	0.25764	0.340143	0.334633	0.207894	0.15909	0.299747	0.127179	0.321712	0.299291	0.0871076	0.10442	0.0953052	0.0564444	0.0608453	0.0689263	0.333462	0.365885	0.343494	0.17947	0.439545	0.169835	0.109272	0.100431	0.169966	0.298939	0.427509	0.0785289	0.346193	0.171121	0.185481	0.213148	0.149955	0.191036	0.0686708	0.0599721	0.112974	0.361034	0.173383	0.182687	0.196587	0.322971	0.320051	0.225926	0.25902	0.340851	0.33456	0.215937	0.159873	0.301392	0.131614	0.32946	0.30708	0.107642	0.10042	0.179494	0.184745	0.240226	0.236608	
MomentArms on: hip_flexion_r
0.00444703	0.0274092	-0.00574803	0.00263089	-0.00973331	0.0328439	0.0191373	0.0322811	0.0359359	0.042794	0.0359979	
MomentArms on: knee_angle_r
-0.022862	-0.0210623	-0.0190717	-0.0191156	-0.0189639	-0.00491781	-0.0255457	-0.0296976	0.0360169	0.032701	0.0339834	0.0327943	
MomentArms on: ankle_angle_r
0.0261426	0.0290332	0.0164556	0.0301234	-0.00938602	-0.0122553	-0.0364777	-0.0359903	-0.00525627	-0.00720088	-0.0323883	-0.00996439	
External Torques: 3.21368 1.17143 -15.4526 
Current Torque on hip_flexion_r 4.58927
Current Torque on knee_angle_r 0.671762
Current Torque on ankle_angle_r -15.4157

----------------------------------------


EmgTime: 1.975
Adjusted EMG
0.344009	0.34166	0.34166	0.340334	0.34166	0.34166	0.119146	0.0708773	0.119146	0.0560214	0.001	0.137875	0.156243	0.001	0.001	0.001	0.001	0.214737	0.155998	0.34166	0.34166	0.34166	0.001	0.001	0.001	0.001	0.001	0.00761353	0.300326	0.249855	0.249855	0.136531	0.129449	0.136038	0.001	0.001	0.001	0.469924	0.001	0.001	0.00265548	0.470258	0.470187	0	0	0	0	0	0	0	0	0	0	0	0	0	0	0	0	0	0	0	0	0	0	0	0	0	0	0	0	0	0	0	0	0	0	0	0	0	0	0	0	0	0	0	0.001	0	0.001	0	0.000997281	0	
LmtTime: 1.97
Lmt
0.10007	0.105051	0.0858814	0.0702731	0.0696108	0.0709455	0.337443	0.368858	0.340658	0.193557	0.456451	0.174073	0.105844	0.0894364	0.157681	0.285188	0.441142	0.0817915	0.350709	0.158036	0.166819	0.182824	0.161242	0.201784	0.0476575	0.0473212	0.104592	0.349271	0.15211	0.161364	0.174779	0.33712	0.334158	0.229223	0.257683	0.340183	0.334685	0.207762	0.159113	0.299778	0.127107	0.321598	0.299163	0.0872624	0.104849	0.0958717	0.0563494	0.06087	0.0690959	0.334426	0.366973	0.344658	0.179337	0.438386	0.168653	0.108774	0.100411	0.170282	0.299919	0.426537	0.0778039	0.346001	0.172072	0.186617	0.214473	0.148967	0.190063	0.0688944	0.0600768	0.113226	0.360247	0.173559	0.182868	0.196766	0.323124	0.320207	0.226151	0.259089	0.340917	0.334644	0.215752	0.159909	0.301439	0.13151	0.329301	0.306905	0.1072	0.100289	0.180332	0.183847	0.240426	0.23644	
MomentArms on: hip_flexion_r
0.00493448	0.0277499	-0.00664543	0.00192324	-0.0089358	0.0327194	0.0192324	0.0321454	0.0356121	0.042165	0.0349244	
MomentArms on: knee_angle_r
-0.0228074	-0.0209568	-0.0190285	-0.0193328	-0.0191882	-0.0047549	-0.0255187	-0.0294229	0.0359693	0.0327249	0.0340054	0.0328423	
MomentArms on: ankle_angle_r
0.0261426	0.029031	0.0164577	0.0301239	-0.00939073	-0.01226	-0.036499	-0.0360123	-0.00525817	-0.00720257	-0.0324043	-0.00996883	
External Torques: 4.78588 1.38539 -15.9657 
Current Torque on hip_flexion_r 5.25816
Current Torque on knee_angle_r 0.914357
Current Torque on ankle_angle_r -15.9821

----------------------------------------


EmgTime: 1.985
Adjusted EMG
0.343065	0.341859	0.341859	0.341539	0.341859	0.341859	0.119169	0.0995311	0.119169	0.0909091	0.001	0.158963	0.165723	0.001	0.001	0.001	0.001	0.235389	0.163607	0.341859	0.341859	0.341859	0.001	0.001	0.001	0.001	0.001	0.0485626	0.27442	0.249783	0.249781	0.136463	0.130611	0.133222	0.001	0.001	0.001	0.467715	0.001	0.001	0.0139073	0.469547	0.469145	0	0	0	0	0	0	0	0	0	0	0	0	0	0	0	0	0	0	0	0	0	0	0	0	0	0	0	0	0	0	0	0	0	0	0	0	0	0	0	0	0	0	0	0.001	0	0.001	0	0.000997281	0	
LmtTime: 1.98
Lmt
0.0996496	0.10469	0.0856314	0.0699966	0.0693431	0.0707124	0.337152	0.368553	0.34033	0.193649	0.45682	0.174635	0.106181	0.0897358	0.157766	0.284862	0.441174	0.0821313	0.350986	0.157582	0.166334	0.18239	0.161589	0.202127	0.0480735	0.0475302	0.104541	0.349434	0.151947	0.161202	0.174617	0.33737	0.33441	0.229362	0.257726	0.340223	0.334738	0.207629	0.159135	0.29981	0.127035	0.321482	0.299034	0.0873563	0.105213	0.0963802	0.0562147	0.0608505	0.0692202	0.335411	0.368101	0.345832	0.17924	0.437231	0.167574	0.108354	0.100473	0.170664	0.300906	0.425528	0.0771335	0.345926	0.172946	0.187688	0.215778	0.148015	0.189124	0.0691591	0.0601856	0.113449	0.359421	0.173688	0.183	0.196895	0.323251	0.320336	0.226329	0.259144	0.340969	0.33471	0.215604	0.159937	0.301477	0.131427	0.329174	0.306767	0.106791	0.100182	0.181201	0.182928	0.240644	0.236245	
MomentArms on: hip_flexion_r
0.00540727	0.0280619	-0.0075456	0.00121063	-0.00813833	0.0325882	0.0193019	0.032006	0.0352817	0.0415417	0.033854	
MomentArms on: knee_angle_r
-0.0227389	-0.0208472	-0.0189759	-0.0195303	-0.0193925	-0.00459344	-0.025477	-0.0291362	0.0359196	0.0327638	0.0340208	0.0328985	
MomentArms on: ankle_angle_r
0.0261425	0.0290288	0.0164597	0.0301244	-0.00939537	-0.0122646	-0.0365185	-0.0360324	-0.00526005	-0.00720423	-0.03242	-0.00997321	
External Torques: 6.35001 1.58541 -16.4113 
Current Torque on hip_flexion_r 6.54009
Current Torque on knee_angle_r 1.3628
Current Torque on ankle_angle_r -16.5012

----------------------------------------


EmgTime: 1.995
Adjusted EMG
0.342733	0.342022	0.342022	0.341961	0.342022	0.342022	0.119194	0.111952	0.119194	0.108165	0.001	0.165675	0.168593	0.001	0.001	0.001	0.001	0.242769	0.168805	0.342022	0.342022	0.342022	0.001	0.001	0.001	0.001	0.001	0.00557384	0.260093	0.249713	0.249713	0.136351	0.129549	0.12956	0.001	0.001	0.001	0.465677	0.001	0.001	0.0266844	0.469306	0.468469	0	0	0	0	0	0	0	0	0	0	0	0	0	0	0	0	0	0	0	0	0	0	0	0	0	0	0	0	0	0	0	0	0	0	0	0	0	0	0	0	0	0	0	0.001	0	0.001	0	0.000997281	0	
LmtTime: 1.99
Lmt
0.0991839	0.10431	0.0853894	0.0696836	0.0690485	0.0704672	0.336833	0.368222	0.339982	0.193726	0.457187	0.175235	0.106552	0.0900801	0.157885	0.284541	0.441189	0.0824915	0.351283	0.157121	0.165846	0.181984	0.161942	0.202479	0.0485536	0.0477773	0.104507	0.34963	0.151811	0.161068	0.174483	0.337605	0.334648	0.229503	0.257769	0.340264	0.334792	0.207493	0.159158	0.299842	0.126962	0.321364	0.298902	0.0873925	0.105516	0.0968345	0.0560437	0.0607907	0.0693033	0.336414	0.369262	0.347011	0.179184	0.436099	0.166597	0.108005	0.100603	0.171094	0.301886	0.424494	0.0765176	0.345961	0.173747	0.188694	0.217053	0.147105	0.188224	0.0694611	0.0603001	0.113645	0.35856	0.173761	0.183075	0.196969	0.323355	0.320441	0.226459	0.259184	0.341007	0.334758	0.215496	0.159958	0.301505	0.131366	0.329081	0.306665	0.106433	0.100101	0.182089	0.181989	0.240878	0.236013	
MomentArms on: hip_flexion_r
0.00585163	0.0283378	-0.00842629	0.00050968	-0.00736904	0.0324541	0.0193478	0.0318668	0.0349553	0.0409434	0.0328145	
MomentArms on: knee_angle_r
-0.0226527	-0.0207108	-0.0189016	-0.0196633	-0.0195322	-0.00441118	-0.025414	-0.0285131	0.0358391	0.0327793	0.0339877	0.0329296	
MomentArms on: ankle_angle_r
0.0261424	0.0290275	0.0164609	0.0301246	-0.00939829	-0.0122675	-0.0365307	-0.0360455	-0.00526123	-0.00720528	-0.0324299	-0.00997596	
External Torques: 7.87918 1.77676 -16.7975 
Current Torque on hip_flexion_r 7.96896
Current Torque on knee_angle_r 1.68616
Current Torque on ankle_angle_r -16.9813

----------------------------------------


EmgTime: 2.005
Adjusted EMG
0.342671	0.342149	0.342149	0.34216	0.342149	0.342149	0.119222	0.113548	0.119222	0.110722	0.001	0.167384	0.169023	0.001	0.001	0.001	0.001	0.245343	0.167929	0.342149	0.342149	0.342149	0.001	0.001	0.001	0.001	0.001	0.0330727	0.258045	0.24965	0.24965	0.136191	0.126213	0.125358	0.001	0.001	0.001	0.463457	0.001	0.001	0.0390893	0.469274	0.467943	0	0	0	0	0	0	0	0	0	0	0	0	0	0	0	0	0	0	0	0	0	0	0	0	0	0	0	0	0	0	0	0	0	0	0	0	0	0	0	0	0	0	0	0.001	0	0.001	0	0.000997281	0	
LmtTime: 2
Lmt
0.0986737	0.103913	0.0851552	0.0693344	0.0687268	0.0702095	0.336488	0.367867	0.339617	0.193784	0.457544	0.175874	0.10696	0.090472	0.158042	0.284229	0.441186	0.0828714	0.351602	0.156657	0.165359	0.181614	0.1623	0.202835	0.0490955	0.0480604	0.104492	0.349861	0.151709	0.160967	0.174382	0.337823	0.334868	0.229645	0.257813	0.340305	0.334846	0.207356	0.159182	0.299874	0.126887	0.321245	0.298769	0.0873746	0.105762	0.0972387	0.0558402	0.0606952	0.0693497	0.337428	0.370448	0.348185	0.179174	0.435007	0.165716	0.107719	0.100789	0.171559	0.302843	0.423451	0.0759553	0.3461	0.174476	0.189635	0.218286	0.146242	0.187369	0.0697957	0.0604214	0.11382	0.357666	0.173775	0.183089	0.196983	0.323434	0.320521	0.226539	0.259208	0.341031	0.334788	0.21543	0.159971	0.301521	0.131329	0.329024	0.306603	0.106141	0.10005	0.18298	0.181032	0.241125	0.235738	
MomentArms on: hip_flexion_r
0.00625781	0.0285746	-0.00926595	-0.00016252	-0.00664957	0.0323216	0.0193736	0.0317315	0.0346421	0.040385	0.0318308	
MomentArms on: knee_angle_r
-0.0225498	-0.0205397	-0.0188021	-0.0197184	-0.0195934	-0.00420174	-0.0253291	-0.0285545	0.0357198	0.0327563	0.0338915	0.0329234	
MomentArms on: ankle_angle_r
0.0261424	0.0290276	0.0164608	0.0301246	-0.00939802	-0.0122673	-0.036531	-0.0360471	-0.00526112	-0.00720518	-0.032429	-0.0099757	
External Torques: 9.34736 1.96161 -17.137 
Current Torque on hip_flexion_r 9.40092
Current Torque on knee_angle_r 1.88995
Current Torque on ankle_angle_r -17.4261

----------------------------------------


EmgTime: 2.015
Adjusted EMG
0.34292	0.34224	0.34224	0.342298	0.34224	0.34224	0.119253	0.114003	0.119253	0.111642	0.001	0.165861	0.167588	0.001	0.001	0.001	0.001	0.244735	0.167292	0.34224	0.34224	0.34224	0.001	0.001	0.001	0.001	0.001	0.0180253	0.257476	0.249592	0.249592	0.136014	0.122615	0.121206	0.001	0.001	0.001	0.46127	0.001	0.001	0.0492649	0.469046	0.467226	0	0	0	0	0	0	0	0	0	0	0	0	0	0	0	0	0	0	0	0	0	0	0	0	0	0	0	0	0	0	0	0	0	0	0	0	0	0	0	0	0	0	0	0.001	0	0.001	0	0.000997281	0	
LmtTime: 2.01
Lmt
0.0981204	0.1035	0.0849318	0.0689497	0.0683795	0.0699412	0.336116	0.367488	0.339236	0.19382	0.457888	0.176548	0.107402	0.0909112	0.15824	0.283934	0.441165	0.0832687	0.35194	0.156193	0.164878	0.18129	0.162659	0.203194	0.0496977	0.0483791	0.104495	0.350129	0.151645	0.160904	0.174319	0.338021	0.335068	0.229789	0.257857	0.340347	0.334901	0.207216	0.159205	0.299907	0.126812	0.321123	0.298633	0.087307	0.105954	0.0975966	0.0556085	0.0605688	0.0693639	0.338446	0.371649	0.349346	0.179211	0.433973	0.164926	0.107486	0.101015	0.172041	0.303765	0.422414	0.0754452	0.346333	0.175136	0.190509	0.219465	0.14543	0.186564	0.0701568	0.0605503	0.113975	0.356748	0.173725	0.183038	0.196933	0.323485	0.320573	0.226563	0.259216	0.341038	0.334797	0.21541	0.159975	0.301527	0.131318	0.329007	0.306584	0.105924	0.10003	0.183859	0.180058	0.241377	0.235419	
MomentArms on: hip_flexion_r
0.00662068	0.0287734	-0.0100458	-0.00079018	-0.00599262	0.0321941	0.0193837	0.031603	0.0343488	0.0398743	0.0309217	
MomentArms on: knee_angle_r
-0.0224366	-0.0203468	-0.0186857	-0.0197161	-0.0195968	-0.00397892	-0.0252295	-0.0285699	0.0355807	0.0327113	0.0337551	0.0328958	
MomentArms on: ankle_angle_r
0.0261425	0.0290298	0.0164588	0.0301241	-0.00939339	-0.0122627	-0.0365161	-0.036034	-0.00525925	-0.00720352	-0.0324133	-0.00997134	
External Torques: 10.7325 2.14122 -17.4434 
Current Torque on hip_flexion_r 10.7908
Current Torque on knee_angle_r 2.07524
Current Torque on ankle_angle_r -17.8332

----------------------------------------


EmgTime: 2.025
Adjusted EMG
0.343236	0.342297	0.342297	0.34241	0.342297	0.342297	0.119287	0.113325	0.119287	0.110889	0.001	0.163878	0.165867	0.001	0.001	0.001	0.001	0.243703	0.165761	0.342297	0.342297	0.342297	0.001	0.001	0.001	0.001	0.001	0.0179169	0.258731	0.249538	0.249538	0.135834	0.119426	0.117834	0.001	0.001	0.001	0.458871	0.001	0.001	0.0558767	0.468148	0.46594	0	0	0	0	0	0	0	0	0	0	0	0	0	0	0	0	0	0	0	0	0	0	0	0	0	0	0	0	0	0	0	0	0	0	0	0	0	0	0	0	0	0	0	0.001	0	0.001	0	0.000997281	0	
LmtTime: 2.02
Lmt
0.0975267	0.103077	0.0847256	0.0685309	0.0680091	0.0696663	0.335719	0.367087	0.338842	0.19383	0.458214	0.177251	0.107876	0.0913946	0.158479	0.283658	0.441127	0.083679	0.352295	0.155737	0.164411	0.18102	0.163015	0.203551	0.0503586	0.0487338	0.104521	0.350437	0.151626	0.160885	0.174301	0.338195	0.335244	0.229934	0.257902	0.340389	0.334957	0.207074	0.159229	0.29994	0.126735	0.321	0.298495	0.087195	0.106098	0.0979108	0.0553538	0.0604168	0.0693504	0.33946	0.372853	0.350483	0.179298	0.433013	0.164224	0.107299	0.101267	0.172524	0.304635	0.421399	0.0749864	0.346647	0.175729	0.191315	0.220577	0.144677	0.185816	0.0705372	0.0606864	0.114113	0.355813	0.173611	0.182921	0.196817	0.323504	0.320593	0.226527	0.259205	0.341027	0.334783	0.21544	0.159969	0.301519	0.131335	0.329033	0.306612	0.105786	0.100044	0.184711	0.179069	0.241626	0.235056	
MomentArms on: hip_flexion_r
0.00693957	0.0289381	-0.0107513	-0.00136019	-0.00540133	0.0320741	0.0193823	0.0314832	0.0340787	0.0394125	0.0300992	
MomentArms on: knee_angle_r
-0.0223194	-0.0201442	-0.0185606	-0.0196755	-0.0195614	-0.00375444	-0.0251221	-0.0285653	0.035437	0.0326574	0.0335981	0.0328589	
MomentArms on: ankle_angle_r
0.0261427	0.0290344	0.0164546	0.0301231	-0.00938366	-0.012253	-0.0364836	-0.036004	-0.00525531	-0.00720003	-0.0323804	-0.00996217	
External Torques: 12.0203 2.31791 -17.7292 
Current Torque on hip_flexion_r 12.0888
Current Torque on knee_angle_r 2.24298
Current Torque on ankle_angle_r -18.1968

----------------------------------------


EmgTime: 2.035
Adjusted EMG
0.343636	0.342319	0.342319	0.342506	0.342319	0.342319	0.119325	0.112492	0.119325	0.109909	0.001	0.161453	0.16383	0.001	0.001	0.001	0.001	0.242221	0.164184	0.342319	0.342319	0.342319	0.001	0.001	0.001	0.001	0.001	0.012311	0.260505	0.249489	0.249489	0.135669	0.117675	0.115985	0.001	0.001	0.001	0.456183	0.001	0.001	0.0580911	0.466175	0.46376	0	0	0	0	0	0	0	0	0	0	0	0	0	0	0	0	0	0	0	0	0	0	0	0	0	0	0	0	0	0	0	0	0	0	0	0	0	0	0	0	0	0	0	0.001	0	0.001	0	0.000997281	0	
LmtTime: 2.03
Lmt
0.0968967	0.102652	0.0845467	0.0680808	0.0676204	0.069391	0.335297	0.366661	0.338436	0.193812	0.458518	0.177973	0.108374	0.0919151	0.158755	0.283404	0.441074	0.0840965	0.35266	0.1553	0.163971	0.180813	0.163365	0.203901	0.0510764	0.0491259	0.104578	0.350788	0.15166	0.160918	0.174333	0.33834	0.33539	0.23008	0.257948	0.340431	0.335013	0.206931	0.159253	0.299973	0.126658	0.320875	0.298355	0.0870447	0.106196	0.0981829	0.055082	0.0602446	0.0693133	0.34046	0.374046	0.351586	0.179434	0.432143	0.163607	0.10715	0.101531	0.172994	0.305442	0.420424	0.0745786	0.34703	0.176254	0.192048	0.22161	0.143989	0.185132	0.0709283	0.0608284	0.114236	0.35487	0.173431	0.182736	0.196636	0.323486	0.320575	0.226425	0.259173	0.340997	0.334746	0.215525	0.159953	0.301497	0.131382	0.329105	0.306692	0.105726	0.100095	0.185522	0.178072	0.24186	0.234655	
MomentArms on: hip_flexion_r
0.00721751	0.0290745	-0.0113735	-0.00186326	-0.00487027	0.0319627	0.0193729	0.0313726	0.0338312	0.0389936	0.0293678	
MomentArms on: knee_angle_r
-0.0222029	-0.0199415	-0.0184329	-0.0196121	-0.0195026	-0.00353689	-0.0250126	-0.0285466	0.0352984	0.0326032	0.0334349	0.0328208	
MomentArms on: ankle_angle_r
0.0261428	0.0290414	0.016448	0.0301214	-0.0093685	-0.0122379	-0.0364326	-0.0359564	-0.00524918	-0.00719458	-0.0323289	-0.00994787	
External Torques: 13.2107 2.49865 -18.0056 
Current Torque on hip_flexion_r 13.295
Current Torque on knee_angle_r 2.41236
Current Torque on ankle_angle_r -18.5106

----------------------------------------


EmgTime: 2.045
Adjusted EMG
0.343476	0.342307	0.342307	0.342488	0.342307	0.342307	0.119367	0.114069	0.119367	0.112147	0.001	0.161987	0.16379	0.001	0.001	0.001	0.001	0.243629	0.164157	0.342307	0.342307	0.342307	0.001	0.001	0.001	0.001	0.001	0.00975942	0.258639	0.249648	0.249443	0.135543	0.118628	0.116389	0.001	0.001	0.001	0.453098	0.001	0.001	0.0551002	0.462752	0.460391	0	0	0	0	0	0	0	0	0	0	0	0	0	0	0	0	0	0	0	0	0	0	0	0	0	0	0	0	0	0	0	0	0	0	0	0	0	0	0	0	0	0	0	0.001	0	0.001	0	0.000997281	0	
LmtTime: 2.04
Lmt
0.0962362	0.102235	0.0844078	0.0676037	0.0672197	0.069124	0.334849	0.366212	0.338019	0.19376	0.458798	0.178699	0.108884	0.0924623	0.159061	0.283174	0.441012	0.0845138	0.353025	0.154895	0.16357	0.180676	0.163701	0.204241	0.0518486	0.0495572	0.104672	0.351186	0.15175	0.161008	0.174423	0.33845	0.335502	0.230225	0.257992	0.340473	0.335068	0.206789	0.159277	0.300007	0.126581	0.320752	0.298216	0.0868627	0.106252	0.0984133	0.0547993	0.0600576	0.0692561	0.341434	0.375215	0.352642	0.179618	0.431375	0.163073	0.107035	0.101797	0.173439	0.306173	0.419503	0.0742226	0.347472	0.17671	0.192706	0.222553	0.143372	0.184518	0.0713209	0.0609739	0.114343	0.35393	0.173186	0.182485	0.196389	0.323426	0.320514	0.226254	0.259121	0.340947	0.334682	0.215666	0.159925	0.301461	0.131462	0.329227	0.306825	0.105739	0.100185	0.186279	0.177071	0.242069	0.234226	
MomentArms on: hip_flexion_r
0.00746005	0.0291892	-0.0119089	-0.0022944	-0.00438762	0.0318595	0.0193583	0.0312704	0.0336029	0.0386071	0.0287252	
MomentArms on: knee_angle_r
-0.0220902	-0.019745	-0.0183068	-0.0195369	-0.0194315	-0.00333144	-0.0249049	-0.0285186	0.0351704	0.0325534	0.033275	0.0327859	
MomentArms on: ankle_angle_r
0.026143	0.029051	0.016439	0.030119	-0.00934799	-0.0122175	-0.0363637	-0.0358915	-0.00524087	-0.00718719	-0.0322593	-0.00992853	
External Torques: 14.3133 2.69404 -18.2804 
Current Torque on hip_flexion_r 14.3806
Current Torque on knee_angle_r 2.62584
Current Torque on ankle_angle_r -18.7673

----------------------------------------


EmgTime: 2.055
Adjusted EMG
0.343169	0.342262	0.342262	0.342407	0.342262	0.342262	0.119414	0.115709	0.119414	0.11443	0.001	0.162919	0.164095	0.001	0.001	0.001	0.001	0.245356	0.164304	0.342262	0.342262	0.342262	0.001	0.001	0.001	0.001	0.001	0.0100679	0.256395	0.249601	0.249401	0.135457	0.122159	0.119684	0.001	0.001	0.001	0.449591	0.001	0.001	0.0457631	0.457564	0.455595	0	0	0	0	0	0	0	0	0	0	0	0	0	0	0	0	0	0	0	0	0	0	0	0	0	0	0	0	0	0	0	0	0	0	0	0	0	0	0	0	0	0	0	0.001	0	0.001	0	0.000997281	0	
LmtTime: 2.05
Lmt
0.0955535	0.101839	0.0843238	0.0671055	0.0668156	0.0688756	0.334376	0.365736	0.337592	0.193673	0.459053	0.179415	0.109394	0.0930225	0.159388	0.282966	0.440947	0.0849218	0.353381	0.154537	0.163221	0.180614	0.16402	0.204564	0.0526711	0.050029	0.104813	0.351634	0.151905	0.161161	0.174575	0.338519	0.335572	0.230365	0.258036	0.340514	0.335122	0.20665	0.1593	0.300039	0.126506	0.320631	0.298081	0.0866563	0.10627	0.0986018	0.0545126	0.0598612	0.0691825	0.342373	0.376346	0.353641	0.179848	0.430722	0.162624	0.10695	0.102056	0.173849	0.30682	0.418651	0.0739199	0.347959	0.177097	0.193283	0.223396	0.142831	0.183979	0.0717052	0.0611196	0.114434	0.353003	0.17288	0.182172	0.196079	0.32332	0.320408	0.226013	0.259047	0.340876	0.334593	0.215865	0.159887	0.30141	0.131574	0.329398	0.307012	0.105815	0.100317	0.186973	0.176077	0.242241	0.233779	
MomentArms on: hip_flexion_r
0.0076741	0.0292882	-0.0123591	-0.0026529	-0.0039379	0.031763	0.0193398	0.0311746	0.0333882	0.0382395	0.0281638	
MomentArms on: knee_angle_r
-0.0219828	-0.0195582	-0.0181844	-0.0194571	-0.0193554	-0.00314026	-0.0248011	-0.0284848	0.0350549	0.0325098	0.0331233	0.0327559	
MomentArms on: ankle_angle_r
0.026143	0.0290627	0.0164277	0.0301158	-0.00932255	-0.0121922	-0.0362783	-0.0358107	-0.00523056	-0.00717801	-0.032173	-0.00990454	
External Torques: 15.3428 2.91626 -18.5592 
Current Torque on hip_flexion_r 15.3898
Current Torque on knee_angle_r 2.8677
Current Torque on ankle_angle_r -18.959

----------------------------------------


EmgTime: 2.065
Adjusted EMG
0.342646	0.342183	0.342183	0.342258	0.342183	0.342183	0.119465	0.117694	0.119465	0.117108	0.001	0.164345	0.164839	0.001	0.001	0.001	0.001	0.24753	0.164834	0.342183	0.342183	0.342183	0.001	0.001	0.001	0.001	0.001	0.00915185	0.253043	0.24949	0.249362	0.135411	0.128127	0.1262	0.001	0.001	0.001	0.445584	0.001	0.001	0.0281617	0.450322	0.449145	0	0	0	0	0	0	0	0	0	0	0	0	0	0	0	0	0	0	0	0	0	0	0	0	0	0	0	0	0	0	0	0	0	0	0	0	0	0	0	0	0	0	0	0.001	0	0.001	0	0.000997281	0	
LmtTime: 2.06
Lmt
0.0948584	0.101478	0.0843096	0.0665942	0.066418	0.0686572	0.333876	0.365233	0.337156	0.193547	0.459282	0.180101	0.109888	0.0935799	0.159723	0.282779	0.440888	0.0853112	0.353715	0.154243	0.162941	0.180633	0.164316	0.204867	0.0535379	0.0505414	0.105011	0.352137	0.152127	0.161381	0.174796	0.338539	0.335594	0.230498	0.258077	0.340552	0.335173	0.206518	0.159322	0.300069	0.126435	0.320516	0.297952	0.0864332	0.106252	0.0987477	0.0542291	0.059661	0.0690956	0.343265	0.377425	0.354571	0.180121	0.430188	0.162262	0.106895	0.102302	0.174217	0.307376	0.41788	0.0736726	0.34848	0.177412	0.193774	0.224132	0.142372	0.183522	0.0720715	0.0612613	0.114509	0.3521	0.172517	0.1818	0.195711	0.323168	0.320255	0.225703	0.258952	0.340786	0.334477	0.21612	0.159837	0.301345	0.131717	0.329617	0.307251	0.105941	0.100493	0.187596	0.175101	0.242368	0.23333	
MomentArms on: hip_flexion_r
0.00786678	0.0293766	-0.0127299	-0.00294182	-0.00350469	0.0316712	0.0193181	0.031083	0.0331807	0.0378769	0.0276722	
MomentArms on: knee_angle_r
-0.0218811	-0.0193822	-0.0180661	-0.019377	-0.0192787	-0.00296336	-0.0247022	-0.0284478	0.0349517	0.032473	0.0329816	0.0327313	
MomentArms on: ankle_angle_r
0.0261427	0.0290763	0.0164143	0.0301117	-0.00929285	-0.0121626	-0.0361784	-0.0357161	-0.0052185	-0.00716725	-0.032072	-0.00987652	
External Torques: 16.3097 3.17552 -18.8445 
Current Torque on hip_flexion_r 16.3313
Current Torque on knee_angle_r 3.15179
Current Torque on ankle_angle_r -19.079

----------------------------------------


EmgTime: 2.075
Adjusted EMG
0.342063	0.342073	0.342073	0.342071	0.342073	0.342073	0.119521	0.119416	0.119521	0.119382	0.001	0.16546	0.165452	0.001	0.001	0.001	0.001	0.24936	0.165322	0.342073	0.342073	0.342073	0.00128601	0.00317428	0.001	0.001	0.001	0.0057212	0.249568	0.249336	0.249326	0.135389	0.135532	0.135622	0.00101213	0.001	0.00161237	0.441106	0.001	0.001	0.001	0.440982	0.441013	0	0	0	0	0	0	0	0	0	0	0	0	0	0	0	0	0	0	0	0	0	0	0	0	0	0	0	0	0	0	0	0	0	0	0	0	0	0	0	0	0	0	0	0.001	0	0.001	0	0.000997281	0	
LmtTime: 2.07
Lmt
0.094163	0.101165	0.0843783	0.0660789	0.0660374	0.0684797	0.333351	0.364701	0.33671	0.193379	0.459485	0.180742	0.110352	0.0941176	0.160053	0.282611	0.440843	0.0856724	0.354012	0.154029	0.162743	0.180731	0.164585	0.205144	0.0544401	0.0510924	0.105272	0.352695	0.15242	0.161671	0.175087	0.338503	0.335559	0.230618	0.258114	0.340587	0.335219	0.206399	0.159342	0.300097	0.126371	0.320412	0.297835	0.086202	0.106204	0.0988508	0.0539564	0.059463	0.068999	0.344099	0.378438	0.355423	0.18043	0.429779	0.161988	0.106869	0.102528	0.174537	0.307836	0.417203	0.0734822	0.349023	0.177656	0.194178	0.224752	0.141998	0.18315	0.0724104	0.061395	0.114565	0.351233	0.172103	0.181376	0.195292	0.322973	0.320059	0.22533	0.258838	0.340676	0.334339	0.216423	0.159778	0.301267	0.131887	0.329877	0.307536	0.106102	0.100715	0.188143	0.174157	0.242442	0.232896	
MomentArms on: hip_flexion_r
0.00804457	0.0294581	-0.01303	-0.00316705	-0.00307289	0.0315815	0.0192928	0.030993	0.032974	0.037507	0.0272376	
MomentArms on: knee_angle_r
-0.0217845	-0.0192167	-0.0179514	-0.0192987	-0.0192034	-0.00279954	-0.0246081	-0.0284087	0.0348594	0.0324424	0.0328501	0.0327117	
MomentArms on: ankle_angle_r
0.0261421	0.0290913	0.0163991	0.0301068	-0.00925966	-0.0121295	-0.0360667	-0.0356101	-0.005205	-0.00715518	-0.0319591	-0.00984521	
External Torques: 17.2156 3.48016 -19.1315 
Current Torque on hip_flexion_r 17.2151
Current Torque on knee_angle_r 3.47873
Current Torque on ankle_angle_r -19.1255

----------------------------------------


EmgTime: 2.085
Adjusted EMG
0.341901	0.341931	0.341931	0.341926	0.341931	0.341931	0.119583	0.119599	0.119583	0.119604	0.001	0.164806	0.164785	0.001	0.001	0.001	0.001	0.249385	0.164716	0.341931	0.341931	0.341931	0.00323947	0.00745787	0.001	0.001	0.001	0.00280851	0.249253	0.249289	0.249292	0.135347	0.142258	0.145869	0.0368293	0.00703166	0.0277274	0.436399	0.0114406	0.0131498	0.001	0.430469	0.431946	0	0	0	0	0	0	0	0	0	0	0	0	0	0	0	0	0	0	0	0	0	0	0	0	0	0	0	0	0	0	0	0	0	0	0	0	0	0	0	0	0	0	0	0.001	0	0.001	0	0.000997281	0	
LmtTime: 2.08
Lmt
0.0934799	0.100912	0.0845385	0.0655699	0.0656844	0.0683519	0.332801	0.364139	0.336256	0.193166	0.459662	0.181322	0.110772	0.0946198	0.160366	0.282459	0.440821	0.0859969	0.354262	0.153905	0.162638	0.180906	0.164821	0.205392	0.0553665	0.0516772	0.105599	0.353311	0.152786	0.162035	0.175453	0.338404	0.33546	0.23072	0.258146	0.340617	0.335259	0.206297	0.159359	0.300121	0.126316	0.320323	0.297735	0.0859717	0.10613	0.0989124	0.0537024	0.0592735	0.068897	0.344865	0.379372	0.356185	0.180769	0.429495	0.161801	0.10687	0.102731	0.174805	0.308197	0.416627	0.0733492	0.349575	0.177828	0.19449	0.225253	0.141712	0.182865	0.0727129	0.0615165	0.114604	0.350413	0.171648	0.18091	0.19483	0.322742	0.319828	0.224906	0.258708	0.340552	0.334182	0.216765	0.159711	0.301178	0.13208	0.330171	0.307856	0.106284	0.100982	0.188613	0.173259	0.24246	0.23249	
MomentArms on: hip_flexion_r
0.00821272	0.0295351	-0.0132694	-0.00333624	-0.00263032	0.0314916	0.0192632	0.0309024	0.0327627	0.0371201	0.0268469	
MomentArms on: knee_angle_r
-0.0216923	-0.0190609	-0.0178396	-0.0192232	-0.0191306	-0.00264735	-0.0245184	-0.0283685	0.0347766	0.0324174	0.0327279	0.0326966	
MomentArms on: ankle_angle_r
0.026141	0.0291073	0.0163823	0.030101	-0.0092238	-0.0120938	-0.0359458	-0.0354953	-0.00519039	-0.00714209	-0.0318368	-0.00981137	
External Torques: 18.047 3.83474 -19.4054 
Current Torque on hip_flexion_r 18.0459
Current Torque on knee_angle_r 3.83497
Current Torque on ankle_angle_r -19.1253

----------------------------------------


EmgTime: 2.095
Adjusted EMG
0.341708	0.341759	0.341759	0.341751	0.341759	0.341759	0.119651	0.119751	0.119651	0.119779	0.001	0.164193	0.164164	0.001	0.001	0.001	0.001	0.249401	0.164132	0.341759	0.341759	0.341759	0.00559778	0.0118614	0.001	0.001	0.001	0.00126664	0.248979	0.24924	0.249259	0.135265	0.147805	0.155733	0.0542978	0.0137017	0.038092	0.431577	0.0218264	0.0252542	0.001	0.41927	0.422296	0	0	0	0	0	0	0	0	0	0	0	0	0	0	0	0	0	0	0	0	0	0	0	0	0	0	0	0	0	0	0	0	0	0	0	0	0	0	0	0	0	0	0	0.001	0	0.001	0	0.000997281	0	
LmtTime: 2.09
Lmt
0.0928221	0.100727	0.0847925	0.0650775	0.0653676	0.0682795	0.332227	0.363548	0.335792	0.192908	0.459813	0.181828	0.111138	0.0950735	0.160652	0.282321	0.440829	0.0862783	0.354452	0.153882	0.162632	0.181153	0.165022	0.205607	0.0563033	0.0522879	0.10599	0.353986	0.153226	0.16247	0.175895	0.338236	0.335292	0.2308	0.258171	0.34064	0.33529	0.206217	0.159372	0.300139	0.126273	0.320254	0.297657	0.0857522	0.106037	0.0989357	0.0534755	0.0590996	0.0687948	0.345551	0.380213	0.35685	0.181131	0.429336	0.161699	0.106896	0.102904	0.175017	0.308457	0.416162	0.0732716	0.350122	0.177932	0.194711	0.22563	0.141514	0.182668	0.0729709	0.0616225	0.114625	0.349653	0.17116	0.180412	0.194334	0.322488	0.319573	0.224446	0.258567	0.340417	0.334013	0.217132	0.159638	0.301083	0.132288	0.330487	0.3082	0.106473	0.101289	0.189009	0.17242	0.242421	0.232127	
MomentArms on: hip_flexion_r
0.00837495	0.0296084	-0.0134583	-0.00345772	-0.00216852	0.0313995	0.0192281	0.0308091	0.0325429	0.03671	0.0264887	
MomentArms on: knee_angle_r
-0.0216041	-0.0189141	-0.0177301	-0.0191511	-0.0190611	-0.00250575	-0.0244327	-0.0283276	0.034702	0.0323973	0.0326147	0.0326854	
MomentArms on: ankle_angle_r
0.0261394	0.0291239	0.0163643	0.0300943	-0.009186	-0.0120561	-0.0358181	-0.035374	-0.00517496	-0.00712824	-0.0317079	-0.00977569	
External Torques: 18.7727 4.23858 -19.6405 
Current Torque on hip_flexion_r 18.7707
Current Torque on knee_angle_r 4.2401
Current Torque on ankle_angle_r -19.075

----------------------------------------


EmgTime: 2.105
Adjusted EMG
0.34147	0.341557	0.341557	0.341543	0.341557	0.341557	0.119725	0.121845	0.119725	0.122395	0.001	0.163661	0.163622	0.001	0.001	0.001	0.001	0.249443	0.165394	0.341557	0.341557	0.341557	0.00785689	0.015644	0.001	0.001	0.001	0.001	0.242637	0.248673	0.249227	0.135129	0.152128	0.164477	0.0632733	0.0197911	0.0453831	0.426679	0.0308609	0.0355804	0.001	0.407524	0.412167	0	0	0	0	0	0	0	0	0	0	0	0	0	0	0	0	0	0	0	0	0	0	0	0	0	0	0	0	0	0	0	0	0	0	0	0	0	0	0	0	0	0	0	0.001	0	0.001	0	0.000997281	0	
LmtTime: 2.1
Lmt
0.0922011	0.100611	0.0851346	0.0646109	0.0650929	0.0682634	0.33163	0.362928	0.335319	0.192604	0.459935	0.182255	0.111443	0.0954699	0.160902	0.282195	0.440869	0.0865126	0.354576	0.153958	0.162725	0.181465	0.165188	0.205788	0.0572348	0.0529138	0.106437	0.354718	0.153736	0.162977	0.17641	0.337995	0.33505	0.230853	0.258187	0.340655	0.33531	0.206163	0.159381	0.300152	0.126245	0.320207	0.297604	0.0855542	0.105935	0.0989263	0.0532843	0.058949	0.068699	0.346149	0.380948	0.357408	0.181506	0.429297	0.161673	0.106939	0.103041	0.175167	0.308616	0.415812	0.0732453	0.350647	0.177974	0.194843	0.225882	0.141402	0.182557	0.0731771	0.0617103	0.114632	0.348963	0.170651	0.179893	0.193817	0.32255	0.319344	0.223971	0.258422	0.340277	0.333837	0.217507	0.159563	0.300984	0.1325	0.330809	0.308551	0.106656	0.10163	0.189336	0.17165	0.24233	0.231817	
MomentArms on: hip_flexion_r
0.00853341	0.0296778	-0.0136061	-0.00353953	-0.00168281	0.0313037	0.0191864	0.030712	0.032312	0.0362739	0.0261535	
MomentArms on: knee_angle_r
-0.0215198	-0.0187767	-0.0176232	-0.0190832	-0.0189955	-0.00237463	-0.0243512	-0.0282866	0.0346349	0.0323816	0.0325104	0.0326778	
MomentArms on: ankle_angle_r
0.0261372	0.0291409	0.0163452	0.0300868	-0.00914684	-0.012017	-0.0356857	-0.0352481	-0.00515895	-0.00711382	-0.0315741	-0.00973872	
External Torques: 19.3541 4.68862 -19.8046 
Current Torque on hip_flexion_r 19.3512
Current Torque on knee_angle_r 4.71932
Current Torque on ankle_angle_r -18.9534

----------------------------------------


EmgTime: 2.115
Adjusted EMG
0.341211	0.341326	0.341326	0.341308	0.341326	0.341326	0.119805	0.125009	0.119805	0.126301	0.00129339	0.163156	0.163116	0.001	0.001	0.001	0.001	0.249456	0.167701	0.341326	0.341326	0.341326	0.00934719	0.0178934	0.001	0.001	0.001	0.001	0.230828	0.247363	0.249195	0.134922	0.154629	0.171257	0.0685444	0.0247434	0.0523617	0.421826	0.0378904	0.0430932	0.001	0.395906	0.402063	0	0	0	0	0	0	0	0	0	0	0	0	0	0	0	0	0	0	0	0	0	0	0	0	0	0	0	0	0	0	0	0	0	0	0	0	0	0	0	0	0	0	0	0.001	0	0.001	0	0.000997281	0	
LmtTime: 2.11
Lmt
0.0916261	0.100562	0.0855508	0.0641772	0.0648626	0.0682991	0.331015	0.362284	0.334838	0.192255	0.460028	0.182603	0.111686	0.0958056	0.161116	0.282082	0.440944	0.0866994	0.35463	0.154129	0.162911	0.181829	0.165318	0.205936	0.0581447	0.0535418	0.106925	0.355501	0.154314	0.16355	0.176997	0.337679	0.334732	0.230876	0.258194	0.340662	0.335319	0.20614	0.159385	0.300157	0.126232	0.320187	0.297581	0.0853885	0.105832	0.0988923	0.0531371	0.05883	0.068617	0.346648	0.381565	0.357853	0.181885	0.429376	0.161712	0.106992	0.103134	0.175251	0.308675	0.415585	0.0732626	0.351133	0.177961	0.194892	0.226009	0.141371	0.182528	0.0733255	0.0617784	0.114628	0.348356	0.170135	0.179367	0.193292	0.322305	0.319094	0.223505	0.258279	0.34014	0.333665	0.217871	0.159489	0.300888	0.132707	0.331122	0.308892	0.106824	0.101996	0.189605	0.170958	0.242195	0.231565	
MomentArms on: hip_flexion_r
0.00868885	0.0297421	-0.0137207	-0.00358862	-0.00117185	0.0312031	0.0191367	0.0306101	0.032069	0.0358115	0.0258347	
MomentArms on: knee_angle_r
-0.0214402	-0.0186501	-0.0175199	-0.0190205	-0.0189349	-0.00225502	-0.0242747	-0.0282464	0.0345749	0.0323699	0.0324158	0.0326731	
MomentArms on: ankle_angle_r
0.0261345	0.0291581	0.0163253	0.0300784	-0.00910675	-0.0119769	-0.0355497	-0.0351187	-0.00514252	-0.007099	-0.0314369	-0.00970086	
External Torques: 19.7562 5.17863 -19.867 
Current Torque on hip_flexion_r 19.7526
Current Torque on knee_angle_r 5.25591
Current Torque on ankle_angle_r -18.754

----------------------------------------


EmgTime: 2.125
Adjusted EMG
0.340932	0.341067	0.341067	0.341045	0.341067	0.341067	0.119892	0.127255	0.119892	0.128979	0.00162001	0.162683	0.162647	0.001	0.001	0.001	0.00120823	0.249442	0.169195	0.341067	0.341067	0.341067	0.010107	0.0190368	0.001	0.001	0.001	0.001	0.219409	0.245749	0.249163	0.134631	0.154734	0.175736	0.0714749	0.0284267	0.0571626	0.417108	0.042773	0.0477402	0.001	0.384816	0.392366	0	0	0	0	0	0	0	0	0	0	0	0	0	0	0	0	0	0	0	0	0	0	0	0	0	0	0	0	0	0	0	0	0	0	0	0	0	0	0	0	0	0	0	0.001	0	0.001	0	0.000997281	0	
LmtTime: 2.12
Lmt
0.0911029	0.100569	0.08602	0.0637808	0.064675	0.0683772	0.330386	0.361621	0.334349	0.191865	0.460088	0.182876	0.111873	0.0960831	0.161294	0.281984	0.441047	0.0868415	0.354615	0.154377	0.163177	0.182233	0.165415	0.206051	0.0590169	0.0541575	0.107436	0.356331	0.154952	0.164185	0.177648	0.337289	0.33434	0.230867	0.258192	0.340659	0.335316	0.206149	0.159384	0.300155	0.126237	0.320194	0.29759	0.0852661	0.10574	0.0988437	0.053042	0.0587509	0.068557	0.347043	0.382053	0.358181	0.182258	0.429565	0.161798	0.107041	0.103173	0.175262	0.308634	0.415482	0.0733138	0.351561	0.177906	0.194866	0.226011	0.141417	0.182575	0.0734112	0.0618264	0.114619	0.347841	0.169625	0.178847	0.192771	0.322096	0.31888	0.223074	0.258147	0.340013	0.333507	0.218205	0.159421	0.3008	0.132896	0.331409	0.309204	0.10697	0.102374	0.189828	0.170345	0.242028	0.231371	
MomentArms on: hip_flexion_r
0.00884086	0.0297998	-0.0138075	-0.00361031	-0.00063698	0.0310974	0.0190782	0.0305033	0.0318141	0.035325	0.0255281	
MomentArms on: knee_angle_r
-0.0213667	-0.018537	-0.0174223	-0.0189645	-0.0188809	-0.00214911	-0.0242047	-0.0282081	0.0345222	0.0323616	0.0323325	0.0326708	
MomentArms on: ankle_angle_r
0.0261311	0.0291753	0.0163047	0.0300693	-0.00906593	-0.0119361	-0.0354111	-0.0349868	-0.00512576	-0.00708385	-0.031297	-0.0096623	
External Torques: 19.9589 5.70062 -19.804 
Current Torque on hip_flexion_r 19.9549
Current Torque on knee_angle_r 5.8123
Current Torque on ankle_angle_r -18.4688

----------------------------------------


EmgTime: 2.135
Adjusted EMG
0.340636	0.340781	0.340781	0.340758	0.340781	0.340781	0.119986	0.135615	0.119986	0.13923	0.00272979	0.162253	0.162224	0.001	0.001	0.001	0.00132756	0.249406	0.176423	0.340781	0.340781	0.340781	0.0100789	0.0190636	0.001	0.001	0.001	0.001	0.171072	0.239687	0.247672	0.134213	0.152402	0.176812	0.0710447	0.0300837	0.0597784	0.412883	0.0446307	0.0486956	0.001	0.376196	0.384609	0	0	0	0	0	0	0	0	0	0	0	0	0	0	0	0	0	0	0	0	0	0	0	0	0	0	0	0	0	0	0	0	0	0	0	0	0	0	0	0	0	0	0	0.001	0	0.001	0	0.000997281	0	
LmtTime: 2.13
Lmt
0.0906332	0.100619	0.0865158	0.063423	0.0645243	0.0684846	0.329747	0.360945	0.333856	0.191438	0.460115	0.183086	0.112013	0.0963102	0.161444	0.281904	0.441174	0.0869446	0.354536	0.154683	0.163501	0.182665	0.165481	0.206137	0.0598372	0.0547466	0.107949	0.357198	0.155643	0.164872	0.178357	0.33683	0.333878	0.230825	0.258179	0.340647	0.3353	0.206191	0.159377	0.300145	0.126259	0.320231	0.297632	0.0851971	0.105672	0.0987922	0.053006	0.0587193	0.0685271	0.347329	0.382407	0.358389	0.182615	0.429856	0.161911	0.107075	0.10315	0.175195	0.308496	0.415505	0.0733867	0.351913	0.17782	0.194775	0.225892	0.141529	0.18269	0.0734311	0.0618544	0.114611	0.347428	0.169133	0.178346	0.19227	0.321945	0.318725	0.222705	0.258034	0.339904	0.333371	0.218489	0.159363	0.300724	0.133058	0.331653	0.309469	0.10709	0.10275	0.19002	0.169809	0.241845	0.231231	
MomentArms on: hip_flexion_r
0.00898821	0.0298491	-0.0138696	-0.00360776	-8.134e-05	0.0309864	0.0190101	0.0303916	0.0315484	0.0348177	0.0252328	
MomentArms on: knee_angle_r
-0.0213013	-0.0184414	-0.0173334	-0.0189173	-0.0188353	-0.00206012	-0.0241435	-0.0281733	0.0344775	0.0323561	0.032263	0.0326703	
MomentArms on: ankle_angle_r
0.0261271	0.0291925	0.0162832	0.0300593	-0.00902444	-0.0118946	-0.03527	-0.0348523	-0.0051087	-0.00706838	-0.0311546	-0.0096231	
External Torques: 19.9634 6.24509 -19.5998 
Current Torque on hip_flexion_r 19.9593
Current Torque on knee_angle_r 6.49037
Current Torque on ankle_angle_r -18.1326

----------------------------------------


EmgTime: 2.145
Adjusted EMG
0.34032	0.34047	0.34047	0.340447	0.34047	0.34047	0.120086	0.13681	0.120086	0.14039	0.0028097	0.16188	0.161859	0.001	0.001	0.001	0.00135549	0.249361	0.177015	0.34047	0.34047	0.34047	0.00968019	0.0184645	0.001	0.001	0.001	0.001	0.15368	0.236522	0.245046	0.133993	0.14692	0.175272	0.0683687	0.0302065	0.0608067	0.409174	0.0442527	0.0472004	0.001	0.370185	0.378972	0	0	0	0	0	0	0	0	0	0	0	0	0	0	0	0	0	0	0	0	0	0	0	0	0	0	0	0	0	0	0	0	0	0	0	0	0	0	0	0	0	0	0	0.001	0	0.001	0	0.000997281	0	
LmtTime: 2.14
Lmt
0.0902151	0.100693	0.0870101	0.0631021	0.0644021	0.0686056	0.329105	0.360264	0.333362	0.19098	0.460105	0.183246	0.112118	0.0964988	0.161574	0.281844	0.441314	0.0870172	0.354404	0.155021	0.16386	0.183111	0.165522	0.206196	0.0605944	0.0552961	0.108443	0.35809	0.156377	0.165602	0.179113	0.336309	0.333354	0.230751	0.258155	0.340626	0.335271	0.206266	0.159364	0.300128	0.1263	0.320296	0.297705	0.0851901	0.105638	0.0987493	0.0530343	0.0587419	0.0685349	0.347504	0.382621	0.358478	0.182949	0.43024	0.162031	0.107079	0.103057	0.175046	0.308267	0.41565	0.0734687	0.352173	0.177717	0.194631	0.225658	0.141699	0.182863	0.0733837	0.0618635	0.11461	0.347122	0.168672	0.177878	0.191799	0.321869	0.318647	0.22242	0.257946	0.33982	0.333266	0.218706	0.159318	0.300666	0.133182	0.331839	0.309671	0.107183	0.103108	0.190197	0.169345	0.241661	0.231136	
MomentArms on: hip_flexion_r
0.00912911	0.0298882	-0.0139073	-0.00358161	0.00049074	0.0308704	0.018932	0.0302754	0.0312733	0.0342936	0.02495	
MomentArms on: knee_angle_r
-0.0212468	-0.0183678	-0.0172568	-0.0188811	-0.0188003	-0.00199209	-0.0240939	-0.028144	0.0344417	0.032353	0.0322101	0.0326707	
MomentArms on: ankle_angle_r
0.0261225	0.0292096	0.016261	0.0300485	-0.00898224	-0.0118524	-0.0351261	-0.0347151	-0.00509131	-0.00705257	-0.0310096	-0.00958323	
External Torques: 19.8011 6.80494 -19.2454 
Current Torque on hip_flexion_r 19.797
Current Torque on knee_angle_r 7.07072
Current Torque on ankle_angle_r -17.7306

----------------------------------------


EmgTime: 2.155
Adjusted EMG
0.33998	0.340132	0.340132	0.340108	0.340132	0.340132	0.120195	0.129969	0.120195	0.131756	0.00183242	0.161566	0.161552	0.001	0.001	0.001	0.00134908	0.249308	0.170181	0.340132	0.340132	0.340132	0.00923164	0.0178078	0.001	0.001	0.001	0.001	0.196044	0.240326	0.244859	0.133766	0.139139	0.172189	0.0644503	0.0292332	0.0607383	0.405871	0.0423217	0.0442176	0.001	0.366596	0.375317	0	0	0	0	0	0	0	0	0	0	0	0	0	0	0	0	0	0	0	0	0	0	0	0	0	0	0	0	0	0	0	0	0	0	0	0	0	0	0	0	0	0	0	0.001	0	0.001	0	0.000997281	0	
LmtTime: 2.15
Lmt
0.089843	0.100773	0.087476	0.0628138	0.0642984	0.0687247	0.328466	0.359577	0.332869	0.190498	0.46006	0.183374	0.112203	0.0966629	0.161695	0.281809	0.441459	0.0870687	0.354229	0.155363	0.16423	0.183559	0.165543	0.206234	0.0612813	0.055796	0.108898	0.358996	0.157141	0.166363	0.179902	0.335737	0.332777	0.230645	0.258123	0.340595	0.33523	0.206372	0.159347	0.300103	0.126357	0.320389	0.297809	0.0852508	0.105646	0.0987254	0.0531296	0.0588227	0.068586	0.347571	0.382699	0.358452	0.183251	0.430705	0.162138	0.107041	0.102886	0.174813	0.307953	0.415913	0.0735474	0.352332	0.17761	0.194447	0.225317	0.141915	0.183082	0.0732696	0.0618552	0.114623	0.346924	0.168251	0.177451	0.191369	0.321885	0.318663	0.222238	0.257891	0.339766	0.333199	0.218843	0.15929	0.300629	0.13326	0.331958	0.3098	0.107251	0.103438	0.190371	0.168943	0.241491	0.231074	
MomentArms on: hip_flexion_r
0.00926145	0.0299159	-0.0139175	-0.00352966	0.00107432	0.0307501	0.0188439	0.0301554	0.030991	0.033757	0.0246836	
MomentArms on: knee_angle_r
-0.0212061	-0.0183216	-0.0171965	-0.0188583	-0.0187785	-0.00194954	-0.0240589	-0.0281225	0.0344158	0.0323514	0.0321772	0.0326714	
MomentArms on: ankle_angle_r
0.0261171	0.0292268	0.0162379	0.0300367	-0.00893929	-0.0118094	-0.0349793	-0.0345751	-0.00507357	-0.00703641	-0.0308618	-0.00954263	
External Torques: 19.5342 7.37746 -18.7338 
Current Torque on hip_flexion_r 19.5302
Current Torque on knee_angle_r 7.53047
Current Torque on ankle_angle_r -17.2391

----------------------------------------


EmgTime: 2.165
Adjusted EMG
0.339599	0.339771	0.339771	0.339745	0.339771	0.339771	0.120311	0.134213	0.120311	0.136513	0.00235347	0.161354	0.161345	0.001	0.001	0.001	0.00147466	0.249286	0.173476	0.339771	0.339771	0.339771	0.00990204	0.0188244	0.001	0.001	0.001	0.001	0.167004	0.234375	0.239943	0.133534	0.133542	0.166798	0.057725	0.0264847	0.0581495	0.403413	0.0379513	0.0389771	0.001	0.367107	0.375039	0	0	0	0	0	0	0	0	0	0	0	0	0	0	0	0	0	0	0	0	0	0	0	0	0	0	0	0	0	0	0	0	0	0	0	0	0	0	0	0	0	0	0	0.001	0	0.001	0	0.000997281	0	
LmtTime: 2.16
Lmt
0.0895097	0.100844	0.0878921	0.0625526	0.0642032	0.0688287	0.327835	0.358908	0.33238	0.189999	0.459981	0.183485	0.112282	0.0968164	0.161817	0.281799	0.4416	0.0871087	0.354023	0.155686	0.16459	0.183998	0.165548	0.206255	0.0618951	0.05624	0.109301	0.359904	0.157926	0.167145	0.180714	0.335125	0.33216	0.23051	0.258081	0.340556	0.335178	0.206506	0.159324	0.300072	0.126429	0.320505	0.29794	0.0853817	0.105704	0.0987284	0.0532918	0.0589631	0.0686832	0.347537	0.382645	0.35832	0.183519	0.431238	0.162216	0.106952	0.102636	0.174497	0.307563	0.416284	0.0736128	0.352382	0.17751	0.194235	0.224879	0.142166	0.183338	0.0730918	0.061831	0.114652	0.346831	0.167878	0.177072	0.190987	0.322	0.318779	0.222171	0.25787	0.339746	0.333174	0.218894	0.159279	0.300616	0.133289	0.332002	0.309847	0.107295	0.103728	0.190556	0.168592	0.241346	0.231035	
MomentArms on: hip_flexion_r
0.00938299	0.0299314	-0.0138939	-0.0034467	0.00166405	0.0306264	0.0187463	0.0300324	0.0307038	0.0332118	0.02444	
MomentArms on: knee_angle_r
-0.0211824	-0.0183081	-0.0171567	-0.0188515	-0.0187721	-0.00193712	-0.0240418	-0.028111	0.0344016	0.032351	0.0321676	0.0326717	
MomentArms on: ankle_angle_r
0.0261109	0.029244	0.016214	0.030024	-0.00889563	-0.0117656	-0.0348299	-0.0344325	-0.0050555	-0.00701992	-0.0307114	-0.00950135	
External Torques: 19.282 7.97679 -18.0562 
Current Torque on hip_flexion_r 19.2776
Current Torque on knee_angle_r 8.19412
Current Torque on ankle_angle_r -16.6911

----------------------------------------


EmgTime: 2.175
Adjusted EMG
0.339198	0.339387	0.339387	0.339359	0.339387	0.339387	0.120435	0.135868	0.120435	0.138308	0.00258632	0.161207	0.161202	0.001	0.001	0.001	0.00153793	0.249254	0.174611	0.339387	0.339387	0.339387	0.0103173	0.0194306	0.001	0.001	0.001	0.001	0.147497	0.230039	0.234772	0.133296	0.133296	0.16006	0.0491893	0.0224754	0.0538535	0.401644	0.0319501	0.0323357	0.001	0.370783	0.377401	0	0	0	0	0	0	0	0	0	0	0	0	0	0	0	0	0	0	0	0	0	0	0	0	0	0	0	0	0	0	0	0	0	0	0	0	0	0	0	0	0	0	0	0.001	0	0.001	0	0.000997281	0	
LmtTime: 2.17
Lmt
0.0892065	0.100893	0.0882445	0.0623122	0.0641084	0.068908	0.327217	0.358247	0.331899	0.18949	0.459869	0.183592	0.112366	0.0969712	0.161948	0.281816	0.44173	0.0871454	0.3538	0.155971	0.164921	0.184422	0.165543	0.206264	0.0624383	0.0566267	0.109643	0.360805	0.158721	0.167937	0.181538	0.334483	0.331513	0.230351	0.258031	0.34051	0.335117	0.206664	0.159298	0.300036	0.126514	0.320643	0.298095	0.0855809	0.105812	0.0987627	0.0535172	0.0591606	0.0688262	0.347411	0.382474	0.358093	0.18375	0.431826	0.162252	0.106807	0.102308	0.174105	0.307108	0.41675	0.0736578	0.352327	0.177425	0.194005	0.224359	0.142443	0.18362	0.0728554	0.0617929	0.114699	0.346834	0.167553	0.176743	0.190655	0.322213	0.318995	0.222219	0.257885	0.339761	0.333192	0.218858	0.159287	0.300625	0.133269	0.331971	0.309814	0.107321	0.103974	0.19076	0.168282	0.241235	0.231005	
MomentArms on: hip_flexion_r
0.00949157	0.0299344	-0.0138267	-0.00332457	0.00225432	0.0305008	0.0186403	0.0299078	0.0304143	0.0326622	0.0242274	
MomentArms on: knee_angle_r
-0.0211786	-0.0183322	-0.0171415	-0.018863	-0.0187836	-0.00195928	-0.0240457	-0.0281116	0.0344009	0.0323518	0.0321847	0.0326712	
MomentArms on: ankle_angle_r
0.0261039	0.029261	0.0161893	0.0300103	-0.00885153	-0.0117214	-0.0346786	-0.0342879	-0.00503722	-0.00700318	-0.0305592	-0.00945965	
External Torques: 19.1058 8.59642 -17.2068 
Current Torque on hip_flexion_r 19.1012
Current Torque on knee_angle_r 8.83848
Current Torque on ankle_angle_r -16.0507

----------------------------------------
Estimation completed.

LmtMa: lmtMa DONE
Using c:/opensim_tutorial\tutorials\Cerebral_Palsy_Project\Simulations\PC006\trial2_r1\ceinms\execution as output directory
