Constructing tool from setup file E:\3-PhD\Data\MocapData\ElaboratedData\009\pre\inverseKinematics\Run_baseline1\setup_IK.xml.

Loaded model 009 from file E:\3-PhD\Data\MocapData\ElaboratedData\009\pre\009_Rajagopal2015_FAI.osim
               MODEL: 009
         coordinates: 39
              forces: 99
           actuators: 99
             muscles: 82
            analyses: 0
              probes: 0
              bodies: 23
              joints: 22
         constraints: 2
             markers: 67
         controllers: 0
  contact geometries: 0
misc modelcomponents: 0
Running tool .
Loaded marker file .\Run_baseline1.trc (54 markers, 100 frames)
Frame 0 (t=4.925):	total squared error = 0.0247017, marker error: RMS=0.0245455, max=0.0605562 (LBHD)
Frame 1 (t=4.93):	total squared error = 0.0251086, marker error: RMS=0.0247468, max=0.0609703 (LBHD)
Frame 2 (t=4.935):	total squared error = 0.0254979, marker error: RMS=0.0249379, max=0.0613522 (LBHD)
Frame 3 (t=4.94):	total squared error = 0.0258488, marker error: RMS=0.0251089, max=0.061717 (LBHD)
Frame 4 (t=4.945):	total squared error = 0.0261538, marker error: RMS=0.0252566, max=0.0627555 (RBHD)
Frame 5 (t=4.95):	total squared error = 0.0264292, marker error: RMS=0.0253893, max=0.0641079 (RBHD)
Frame 6 (t=4.955):	total squared error = 0.0267135, marker error: RMS=0.0255254, max=0.0656206 (RBHD)
Frame 7 (t=4.96):	total squared error = 0.0270462, marker error: RMS=0.0256839, max=0.0672583 (RBHD)
Frame 8 (t=4.965):	total squared error = 0.0274556, marker error: RMS=0.0258776, max=0.068988 (RBHD)
Frame 9 (t=4.97):	total squared error = 0.0279438, marker error: RMS=0.0261066, max=0.0707544 (RBHD)
Frame 10 (t=4.975):	total squared error = 0.0284923, marker error: RMS=0.0263616, max=0.07252 (RBHD)
Frame 11 (t=4.98):	total squared error = 0.0290697, marker error: RMS=0.0266274, max=0.0742708 (RBHD)
Frame 12 (t=4.985):	total squared error = 0.0296055, marker error: RMS=0.0268716, max=0.0759219 (RBHD)
Frame 13 (t=4.99):	total squared error = 0.0300729, marker error: RMS=0.0270829, max=0.0775104 (RBHD)
Frame 14 (t=4.995):	total squared error = 0.0304285, marker error: RMS=0.0272426, max=0.0790077 (RBHD)
Frame 15 (t=5):	total squared error = 0.0306468, marker error: RMS=0.0273401, max=0.0803976 (RBHD)
Frame 16 (t=5.005):	total squared error = 0.0307153, marker error: RMS=0.0273707, max=0.0816522 (RBHD)
Frame 17 (t=5.01):	total squared error = 0.0306425, marker error: RMS=0.0273382, max=0.0827367 (RBHD)
Frame 18 (t=5.015):	total squared error = 0.030442, marker error: RMS=0.0272486, max=0.083582 (RBHD)
Frame 19 (t=5.02):	total squared error = 0.0301368, marker error: RMS=0.0271117, max=0.0841057 (RBHD)
Frame 20 (t=5.025):	total squared error = 0.0297568, marker error: RMS=0.0269402, max=0.0842313 (RBHD)
Frame 21 (t=5.03):	total squared error = 0.0293254, marker error: RMS=0.0267442, max=0.083897 (RBHD)
Frame 22 (t=5.035):	total squared error = 0.0288533, marker error: RMS=0.0265281, max=0.0830727 (RBHD)
Frame 23 (t=5.04):	total squared error = 0.0283365, marker error: RMS=0.0262894, max=0.0817735 (RBHD)
Frame 24 (t=5.045):	total squared error = 0.027761, marker error: RMS=0.0260211, max=0.0800577 (RBHD)
Frame 25 (t=5.05):	total squared error = 0.0271147, marker error: RMS=0.0257164, max=0.0780269 (RBHD)
Frame 26 (t=5.055):	total squared error = 0.026393, marker error: RMS=0.0253719, max=0.0758067 (RBHD)
Frame 27 (t=5.06):	total squared error = 0.0256069, marker error: RMS=0.0249912, max=0.0735357 (RBHD)
Frame 28 (t=5.065):	total squared error = 0.0247886, marker error: RMS=0.0245886, max=0.0713623 (RBHD)
Frame 29 (t=5.07):	total squared error = 0.0239865, marker error: RMS=0.0241875, max=0.069403 (RBHD)
Frame 30 (t=5.075):	total squared error = 0.0232638, marker error: RMS=0.0238204, max=0.0677516 (RBHD)
Frame 31 (t=5.08):	total squared error = 0.0226852, marker error: RMS=0.0235223, max=0.0664666 (RBHD)
Frame 32 (t=5.085):	total squared error = 0.0222958, marker error: RMS=0.0233195, max=0.0655483 (RBHD)
Frame 33 (t=5.09):	total squared error = 0.0221006, marker error: RMS=0.0232172, max=0.0648988 (RBHD)
Frame 34 (t=5.095):	total squared error = 0.0221015, marker error: RMS=0.0232177, max=0.0646156 (RBHD)
Frame 35 (t=5.1):	total squared error = 0.0222247, marker error: RMS=0.0232823, max=0.0644675 (RBHD)
Frame 36 (t=5.105):	total squared error = 0.022413, marker error: RMS=0.0233807, max=0.0644363 (RBHD)
Frame 37 (t=5.11):	total squared error = 0.0226017, marker error: RMS=0.0234789, max=0.0644497 (RBHD)
Frame 38 (t=5.115):	total squared error = 0.0227387, marker error: RMS=0.02355, max=0.0644298 (RBHD)
Frame 39 (t=5.12):	total squared error = 0.0227937, marker error: RMS=0.0235785, max=0.0643012 (RBHD)
Frame 40 (t=5.125):	total squared error = 0.0227569, marker error: RMS=0.0235594, max=0.0639867 (RBHD)
Frame 41 (t=5.13):	total squared error = 0.0226404, marker error: RMS=0.023499, max=0.0634397 (RBHD)
Frame 42 (t=5.135):	total squared error = 0.0224652, marker error: RMS=0.023408, max=0.0626403 (RBHD)
Frame 43 (t=5.14):	total squared error = 0.0222494, marker error: RMS=0.0232952, max=0.0616 (RBHD)
Frame 44 (t=5.145):	total squared error = 0.0220033, marker error: RMS=0.023166, max=0.0603714 (RBHD)
Frame 45 (t=5.15):	total squared error = 0.0217342, marker error: RMS=0.0230239, max=0.0590342 (RBHD)
Frame 46 (t=5.155):	total squared error = 0.0214518, marker error: RMS=0.0228739, max=0.057677 (RBHD)
Frame 47 (t=5.16):	total squared error = 0.021164, marker error: RMS=0.0227199, max=0.0563728 (RBHD)
Frame 48 (t=5.165):	total squared error = 0.0208718, marker error: RMS=0.0225625, max=0.0551689 (RBHD)
Frame 49 (t=5.17):	total squared error = 0.0205725, marker error: RMS=0.0224002, max=0.0540842 (RBHD)
Frame 50 (t=5.175):	total squared error = 0.0202717, marker error: RMS=0.0222358, max=0.053118 (RBHD)
Frame 51 (t=5.18):	total squared error = 0.0199955, marker error: RMS=0.0220838, max=0.0522589 (RBHD)
Frame 52 (t=5.185):	total squared error = 0.0197912, marker error: RMS=0.0219707, max=0.0514815 (RBHD)
Frame 53 (t=5.19):	total squared error = 0.0197225, marker error: RMS=0.0219325, max=0.0507617 (RBHD)
Frame 54 (t=5.195):	total squared error = 0.0198466, marker error: RMS=0.0220014, max=0.0500705 (RBHD)
Frame 55 (t=5.2):	total squared error = 0.0201884, marker error: RMS=0.0221901, max=0.0493836 (RBHD)
Frame 56 (t=5.205):	total squared error = 0.020712, marker error: RMS=0.022476, max=0.0491426 (LBHD)
Frame 57 (t=5.21):	total squared error = 0.0213127, marker error: RMS=0.0227996, max=0.0518083 (RHEE)
Frame 58 (t=5.215):	total squared error = 0.0218389, marker error: RMS=0.0230793, max=0.0543432 (RHEE)
Frame 59 (t=5.22):	total squared error = 0.0221453, marker error: RMS=0.0232407, max=0.0559964 (RHEE)
Frame 60 (t=5.225):	total squared error = 0.0221395, marker error: RMS=0.0232377, max=0.0565926 (RHEE)
Frame 61 (t=5.23):	total squared error = 0.0217962, marker error: RMS=0.0230568, max=0.0561214 (RHEE)
Frame 62 (t=5.235):	total squared error = 0.021165, marker error: RMS=0.0227204, max=0.0546878 (RHEE)
Frame 63 (t=5.24):	total squared error = 0.0203345, marker error: RMS=0.0222702, max=0.0524576 (RHEE)
Frame 64 (t=5.245):	total squared error = 0.0194036, marker error: RMS=0.0217545, max=0.0496271 (RHEE)
Frame 65 (t=5.25):	total squared error = 0.0185072, marker error: RMS=0.0212461, max=0.0477346 (LBHD)
Frame 66 (t=5.255):	total squared error = 0.0177518, marker error: RMS=0.020808, max=0.0476858 (LBHD)
Frame 67 (t=5.26):	total squared error = 0.0172098, marker error: RMS=0.0204879, max=0.0477128 (LBHD)
Frame 68 (t=5.265):	total squared error = 0.0169311, marker error: RMS=0.0203213, max=0.047907 (LBHD)
Frame 69 (t=5.27):	total squared error = 0.0168986, marker error: RMS=0.0203017, max=0.0482771 (LBHD)
Frame 70 (t=5.275):	total squared error = 0.0170571, marker error: RMS=0.0203968, max=0.0488188 (LBHD)
Frame 71 (t=5.28):	total squared error = 0.0173308, marker error: RMS=0.0205597, max=0.0495003 (LBHD)
Frame 72 (t=5.285):	total squared error = 0.0176344, marker error: RMS=0.020739, max=0.0502336 (LBHD)
Frame 73 (t=5.29):	total squared error = 0.0179079, marker error: RMS=0.0208992, max=0.0509465 (LBHD)
Frame 74 (t=5.295):	total squared error = 0.0181012, marker error: RMS=0.0210117, max=0.0515242 (LBHD)
Frame 75 (t=5.3):	total squared error = 0.0181836, marker error: RMS=0.0210595, max=0.0518605 (LBHD)
Frame 76 (t=5.305):	total squared error = 0.0181389, marker error: RMS=0.0210336, max=0.0518671 (LBHD)
Frame 77 (t=5.31):	total squared error = 0.0179605, marker error: RMS=0.0209299, max=0.0514853 (LBHD)
Frame 78 (t=5.315):	total squared error = 0.017648, marker error: RMS=0.020747, max=0.0506826 (LBHD)
Frame 79 (t=5.32):	total squared error = 0.0172264, marker error: RMS=0.0204977, max=0.0495192 (LBHD)
Frame 80 (t=5.325):	total squared error = 0.0167158, marker error: RMS=0.0201917, max=0.0480356 (LBHD)
Frame 81 (t=5.33):	total squared error = 0.016161, marker error: RMS=0.0198538, max=0.0463623 (LBHD)
Frame 82 (t=5.335):	total squared error = 0.0155999, marker error: RMS=0.0195061, max=0.0446006 (LBHD)
Frame 83 (t=5.34):	total squared error = 0.0150811, marker error: RMS=0.0191789, max=0.0429045 (LBHD)
Frame 84 (t=5.345):	total squared error = 0.0146483, marker error: RMS=0.0189018, max=0.0414514 (LBHD)
Frame 85 (t=5.35):	total squared error = 0.0143147, marker error: RMS=0.0186853, max=0.0402348 (LBHD)
Frame 86 (t=5.355):	total squared error = 0.0140973, marker error: RMS=0.0185428, max=0.0393511 (LBHD)
Frame 87 (t=5.36):	total squared error = 0.0139917, marker error: RMS=0.0184733, max=0.038813 (LBHD)
Frame 88 (t=5.365):	total squared error = 0.0139844, marker error: RMS=0.0184684, max=0.0386084 (LBHD)
Frame 89 (t=5.37):	total squared error = 0.0140539, marker error: RMS=0.0185143, max=0.0386383 (LBHD)
Frame 90 (t=5.375):	total squared error = 0.0141933, marker error: RMS=0.0186059, max=0.0390935 (RHEE)
Frame 91 (t=5.38):	total squared error = 0.0143825, marker error: RMS=0.0187295, max=0.0410935 (RHEE)
Frame 92 (t=5.385):	total squared error = 0.014618, marker error: RMS=0.0188822, max=0.043013 (RHEE)
Frame 93 (t=5.39):	total squared error = 0.0148976, marker error: RMS=0.0190619, max=0.0447725 (RHEE)
Frame 94 (t=5.395):	total squared error = 0.0152202, marker error: RMS=0.0192672, max=0.04633 (RHEE)
Frame 95 (t=5.4):	total squared error = 0.0155847, marker error: RMS=0.0194966, max=0.0476774 (RHEE)
Frame 96 (t=5.405):	total squared error = 0.0159886, marker error: RMS=0.0197475, max=0.0488327 (RHEE)
InverseKinematicsTool completed 96 frames in 42.847s

IK compute time = 44578ms

