[2025-03-26 11:32:59.650] [info] Loaded model Visual3d from file C:\Git\opensim_tutorial\tutorials\repeated_sprinting\Simulations\PC003\PC003_scaled.osim
[2025-03-26 11:32:59.651] [warning] Couldn't find file 'treadmill.vtp'.
[2025-03-26 11:32:59.651] [warning] Couldn't find file 'sacrum.vtp'.
[2025-03-26 11:32:59.651] [warning] Couldn't find file 'pelvis.vtp'.
[2025-03-26 11:32:59.652] [warning] Couldn't find file 'l_pelvis.vtp'.
[2025-03-26 11:32:59.652] [warning] Couldn't find file 'femur_r.vtp'.
[2025-03-26 11:32:59.652] [warning] Couldn't find file 'tibia_r.vtp'.
[2025-03-26 11:32:59.652] [warning] Couldn't find file 'fibula.vtp'.
[2025-03-26 11:32:59.653] [warning] Couldn't find file 'talus.vtp'.
[2025-03-26 11:32:59.653] [warning] Couldn't find file 'foot.vtp'.
[2025-03-26 11:32:59.654] [warning] Couldn't find file 'bofoot.vtp'.
[2025-03-26 11:32:59.654] [warning] Couldn't find file 'femur_l.vtp'.
[2025-03-26 11:32:59.655] [warning] Couldn't find file 'tibia_l.vtp'.
[2025-03-26 11:32:59.655] [warning] Couldn't find file 'l_fibula.vtp'.
[2025-03-26 11:32:59.656] [warning] Couldn't find file 'l_talus.vtp'.
[2025-03-26 11:32:59.656] [warning] Couldn't find file 'l_foot.vtp'.
[2025-03-26 11:32:59.656] [warning] Couldn't find file 'l_bofoot.vtp'.
[2025-03-26 11:32:59.657] [warning] Couldn't find file 'hat_spine.vtp'.
[2025-03-26 11:32:59.657] [warning] Couldn't find file 'hat_jaw.vtp'.
[2025-03-26 11:32:59.657] [warning] Couldn't find file 'hat_skull.vtp'.
[2025-03-26 11:32:59.658] [warning] Couldn't find file 'hat_ribs.vtp'.
[2025-03-26 11:34:09.685] [info] Loaded model Visual3d from file C:\Git\opensim_tutorial\tutorials\repeated_sprinting\Simulations\PC003\PC003_scaled.osim
[2025-03-26 11:34:09.686] [warning] Couldn't find file 'treadmill.vtp'.
[2025-03-26 11:34:09.687] [warning] Couldn't find file 'sacrum.vtp'.
[2025-03-26 11:34:09.687] [warning] Couldn't find file 'pelvis.vtp'.
[2025-03-26 11:34:09.688] [warning] Couldn't find file 'l_pelvis.vtp'.
[2025-03-26 11:34:09.688] [warning] Couldn't find file 'femur_r.vtp'.
[2025-03-26 11:34:09.689] [warning] Couldn't find file 'tibia_r.vtp'.
[2025-03-26 11:34:09.689] [warning] Couldn't find file 'fibula.vtp'.
[2025-03-26 11:34:09.690] [warning] Couldn't find file 'talus.vtp'.
[2025-03-26 11:34:09.691] [warning] Couldn't find file 'foot.vtp'.
[2025-03-26 11:34:09.691] [warning] Couldn't find file 'bofoot.vtp'.
[2025-03-26 11:34:09.692] [warning] Couldn't find file 'femur_l.vtp'.
[2025-03-26 11:34:09.693] [warning] Couldn't find file 'tibia_l.vtp'.
[2025-03-26 11:34:09.693] [warning] Couldn't find file 'l_fibula.vtp'.
[2025-03-26 11:34:09.694] [warning] Couldn't find file 'l_talus.vtp'.
[2025-03-26 11:34:09.694] [warning] Couldn't find file 'l_foot.vtp'.
[2025-03-26 11:34:09.695] [warning] Couldn't find file 'l_bofoot.vtp'.
[2025-03-26 11:34:09.695] [warning] Couldn't find file 'hat_spine.vtp'.
[2025-03-26 11:34:09.696] [warning] Couldn't find file 'hat_jaw.vtp'.
[2025-03-26 11:34:09.696] [warning] Couldn't find file 'hat_skull.vtp'.
[2025-03-26 11:34:09.697] [warning] Couldn't find file 'hat_ribs.vtp'.
[2025-03-26 11:34:46.869] [info] Loaded model Visual3d from file C:\Git\opensim_tutorial\tutorials\repeated_sprinting\Simulations\PC003\PC003_scaled.osim
[2025-03-26 11:34:46.870] [warning] Couldn't find file 'treadmill.vtp'.
[2025-03-26 11:34:46.870] [warning] Couldn't find file 'sacrum.vtp'.
[2025-03-26 11:34:46.870] [warning] Couldn't find file 'pelvis.vtp'.
[2025-03-26 11:34:46.870] [warning] Couldn't find file 'l_pelvis.vtp'.
[2025-03-26 11:34:46.871] [warning] Couldn't find file 'femur_r.vtp'.
[2025-03-26 11:34:46.871] [warning] Couldn't find file 'tibia_r.vtp'.
[2025-03-26 11:34:46.871] [warning] Couldn't find file 'fibula.vtp'.
[2025-03-26 11:34:46.872] [warning] Couldn't find file 'talus.vtp'.
[2025-03-26 11:34:46.872] [warning] Couldn't find file 'foot.vtp'.
[2025-03-26 11:34:46.873] [warning] Couldn't find file 'bofoot.vtp'.
[2025-03-26 11:34:46.873] [warning] Couldn't find file 'femur_l.vtp'.
[2025-03-26 11:34:46.873] [warning] Couldn't find file 'tibia_l.vtp'.
[2025-03-26 11:34:46.874] [warning] Couldn't find file 'l_fibula.vtp'.
[2025-03-26 11:34:46.874] [warning] Couldn't find file 'l_talus.vtp'.
[2025-03-26 11:34:46.875] [warning] Couldn't find file 'l_foot.vtp'.
[2025-03-26 11:34:46.875] [warning] Couldn't find file 'l_bofoot.vtp'.
[2025-03-26 11:34:46.875] [warning] Couldn't find file 'hat_spine.vtp'.
[2025-03-26 11:34:46.876] [warning] Couldn't find file 'hat_jaw.vtp'.
[2025-03-26 11:34:46.876] [warning] Couldn't find file 'hat_skull.vtp'.
[2025-03-26 11:34:46.876] [warning] Couldn't find file 'hat_ribs.vtp'.
[2025-03-26 11:35:18.217] [info] Loaded model Visual3d from file C:\Git\opensim_tutorial\tutorials\repeated_sprinting\Simulations\PC003\PC003_scaled.osim
[2025-03-26 11:35:18.218] [warning] Couldn't find file 'treadmill.vtp'.
[2025-03-26 11:35:18.219] [warning] Couldn't find file 'sacrum.vtp'.
[2025-03-26 11:35:18.219] [warning] Couldn't find file 'pelvis.vtp'.
[2025-03-26 11:35:18.219] [warning] Couldn't find file 'l_pelvis.vtp'.
[2025-03-26 11:35:18.219] [warning] Couldn't find file 'femur_r.vtp'.
[2025-03-26 11:35:18.220] [warning] Couldn't find file 'tibia_r.vtp'.
[2025-03-26 11:35:18.220] [warning] Couldn't find file 'fibula.vtp'.
[2025-03-26 11:35:18.220] [warning] Couldn't find file 'talus.vtp'.
[2025-03-26 11:35:18.221] [warning] Couldn't find file 'foot.vtp'.
[2025-03-26 11:35:18.221] [warning] Couldn't find file 'bofoot.vtp'.
[2025-03-26 11:35:18.221] [warning] Couldn't find file 'femur_l.vtp'.
[2025-03-26 11:35:18.222] [warning] Couldn't find file 'tibia_l.vtp'.
[2025-03-26 11:35:18.222] [warning] Couldn't find file 'l_fibula.vtp'.
[2025-03-26 11:35:18.224] [warning] Couldn't find file 'l_talus.vtp'.
[2025-03-26 11:35:18.224] [warning] Couldn't find file 'l_foot.vtp'.
[2025-03-26 11:35:18.224] [warning] Couldn't find file 'l_bofoot.vtp'.
[2025-03-26 11:35:18.225] [warning] Couldn't find file 'hat_spine.vtp'.
[2025-03-26 11:35:18.225] [warning] Couldn't find file 'hat_jaw.vtp'.
[2025-03-26 11:35:18.226] [warning] Couldn't find file 'hat_skull.vtp'.
[2025-03-26 11:35:18.226] [warning] Couldn't find file 'hat_ribs.vtp'.
[2025-03-26 11:35:24.387] [info] Loaded model Visual3d from file C:\Git\opensim_tutorial\tutorials\repeated_sprinting\Simulations\PC003\PC003_scaled.osim
[2025-03-26 11:35:24.388] [warning] Couldn't find file 'treadmill.vtp'.
[2025-03-26 11:35:24.388] [warning] Couldn't find file 'sacrum.vtp'.
[2025-03-26 11:35:24.389] [warning] Couldn't find file 'pelvis.vtp'.
[2025-03-26 11:35:24.389] [warning] Couldn't find file 'l_pelvis.vtp'.
[2025-03-26 11:35:24.390] [warning] Couldn't find file 'femur_r.vtp'.
[2025-03-26 11:35:24.390] [warning] Couldn't find file 'tibia_r.vtp'.
[2025-03-26 11:35:24.390] [warning] Couldn't find file 'fibula.vtp'.
[2025-03-26 11:35:24.390] [warning] Couldn't find file 'talus.vtp'.
[2025-03-26 11:35:24.391] [warning] Couldn't find file 'foot.vtp'.
[2025-03-26 11:35:24.391] [warning] Couldn't find file 'bofoot.vtp'.
[2025-03-26 11:35:24.391] [warning] Couldn't find file 'femur_l.vtp'.
[2025-03-26 11:35:24.392] [warning] Couldn't find file 'tibia_l.vtp'.
[2025-03-26 11:35:24.392] [warning] Couldn't find file 'l_fibula.vtp'.
[2025-03-26 11:35:24.392] [warning] Couldn't find file 'l_talus.vtp'.
[2025-03-26 11:35:24.393] [warning] Couldn't find file 'l_foot.vtp'.
[2025-03-26 11:35:24.393] [warning] Couldn't find file 'l_bofoot.vtp'.
[2025-03-26 11:35:24.393] [warning] Couldn't find file 'hat_spine.vtp'.
[2025-03-26 11:35:24.394] [warning] Couldn't find file 'hat_jaw.vtp'.
[2025-03-26 11:35:24.394] [warning] Couldn't find file 'hat_skull.vtp'.
[2025-03-26 11:35:24.394] [warning] Couldn't find file 'hat_ribs.vtp'.
[2025-03-26 11:35:46.033] [info] Loaded model Visual3d from file C:\Git\opensim_tutorial\tutorials\repeated_sprinting\Simulations\PC003\PC003_scaled.osim
[2025-03-26 11:35:46.034] [warning] Couldn't find file 'treadmill.vtp'.
[2025-03-26 11:35:46.034] [warning] Couldn't find file 'sacrum.vtp'.
[2025-03-26 11:35:46.034] [warning] Couldn't find file 'pelvis.vtp'.
[2025-03-26 11:35:46.035] [warning] Couldn't find file 'l_pelvis.vtp'.
[2025-03-26 11:35:46.035] [warning] Couldn't find file 'femur_r.vtp'.
[2025-03-26 11:35:46.035] [warning] Couldn't find file 'tibia_r.vtp'.
[2025-03-26 11:35:46.035] [warning] Couldn't find file 'fibula.vtp'.
[2025-03-26 11:35:46.036] [warning] Couldn't find file 'talus.vtp'.
[2025-03-26 11:35:46.036] [warning] Couldn't find file 'foot.vtp'.
[2025-03-26 11:35:46.036] [warning] Couldn't find file 'bofoot.vtp'.
[2025-03-26 11:35:46.036] [warning] Couldn't find file 'femur_l.vtp'.
[2025-03-26 11:35:46.037] [warning] Couldn't find file 'tibia_l.vtp'.
[2025-03-26 11:35:46.037] [warning] Couldn't find file 'l_fibula.vtp'.
[2025-03-26 11:35:46.037] [warning] Couldn't find file 'l_talus.vtp'.
[2025-03-26 11:35:46.037] [warning] Couldn't find file 'l_foot.vtp'.
[2025-03-26 11:35:46.037] [warning] Couldn't find file 'l_bofoot.vtp'.
[2025-03-26 11:35:46.038] [warning] Couldn't find file 'hat_spine.vtp'.
[2025-03-26 11:35:46.038] [warning] Couldn't find file 'hat_jaw.vtp'.
[2025-03-26 11:35:46.038] [warning] Couldn't find file 'hat_skull.vtp'.
[2025-03-26 11:35:46.039] [warning] Couldn't find file 'hat_ribs.vtp'.
[2025-03-26 11:35:52.560] [info] Loaded model Visual3d from file C:\Git\opensim_tutorial\tutorials\repeated_sprinting\Simulations\PC003\PC003_scaled.osim
[2025-03-26 11:35:52.561] [warning] Couldn't find file 'treadmill.vtp'.
[2025-03-26 11:35:52.562] [warning] Couldn't find file 'sacrum.vtp'.
[2025-03-26 11:35:52.562] [warning] Couldn't find file 'pelvis.vtp'.
[2025-03-26 11:35:52.562] [warning] Couldn't find file 'l_pelvis.vtp'.
[2025-03-26 11:35:52.563] [warning] Couldn't find file 'femur_r.vtp'.
[2025-03-26 11:35:52.563] [warning] Couldn't find file 'tibia_r.vtp'.
[2025-03-26 11:35:52.563] [warning] Couldn't find file 'fibula.vtp'.
[2025-03-26 11:35:52.564] [warning] Couldn't find file 'talus.vtp'.
[2025-03-26 11:35:52.564] [warning] Couldn't find file 'foot.vtp'.
[2025-03-26 11:35:52.564] [warning] Couldn't find file 'bofoot.vtp'.
[2025-03-26 11:35:52.564] [warning] Couldn't find file 'femur_l.vtp'.
[2025-03-26 11:35:52.565] [warning] Couldn't find file 'tibia_l.vtp'.
[2025-03-26 11:35:52.565] [warning] Couldn't find file 'l_fibula.vtp'.
[2025-03-26 11:35:52.565] [warning] Couldn't find file 'l_talus.vtp'.
[2025-03-26 11:35:52.566] [warning] Couldn't find file 'l_foot.vtp'.
[2025-03-26 11:35:52.566] [warning] Couldn't find file 'l_bofoot.vtp'.
[2025-03-26 11:35:52.566] [warning] Couldn't find file 'hat_spine.vtp'.
[2025-03-26 11:35:52.566] [warning] Couldn't find file 'hat_jaw.vtp'.
[2025-03-26 11:35:52.567] [warning] Couldn't find file 'hat_skull.vtp'.
[2025-03-26 11:35:52.567] [warning] Couldn't find file 'hat_ribs.vtp'.
[2025-03-26 11:35:57.976] [info] Loaded model Visual3d from file C:\Git\opensim_tutorial\tutorials\repeated_sprinting\Simulations\PC003\PC003_scaled.osim
[2025-03-26 11:35:57.976] [warning] Couldn't find file 'treadmill.vtp'.
[2025-03-26 11:35:57.977] [warning] Couldn't find file 'sacrum.vtp'.
[2025-03-26 11:35:57.977] [warning] Couldn't find file 'pelvis.vtp'.
[2025-03-26 11:35:57.977] [warning] Couldn't find file 'l_pelvis.vtp'.
[2025-03-26 11:35:57.977] [warning] Couldn't find file 'femur_r.vtp'.
[2025-03-26 11:35:57.978] [warning] Couldn't find file 'tibia_r.vtp'.
[2025-03-26 11:35:57.978] [warning] Couldn't find file 'fibula.vtp'.
[2025-03-26 11:35:57.978] [warning] Couldn't find file 'talus.vtp'.
[2025-03-26 11:35:57.978] [warning] Couldn't find file 'foot.vtp'.
[2025-03-26 11:35:57.979] [warning] Couldn't find file 'bofoot.vtp'.
[2025-03-26 11:35:57.979] [warning] Couldn't find file 'femur_l.vtp'.
[2025-03-26 11:35:57.979] [warning] Couldn't find file 'tibia_l.vtp'.
[2025-03-26 11:35:57.979] [warning] Couldn't find file 'l_fibula.vtp'.
[2025-03-26 11:35:57.980] [warning] Couldn't find file 'l_talus.vtp'.
[2025-03-26 11:35:57.980] [warning] Couldn't find file 'l_foot.vtp'.
[2025-03-26 11:35:57.980] [warning] Couldn't find file 'l_bofoot.vtp'.
[2025-03-26 11:35:57.980] [warning] Couldn't find file 'hat_spine.vtp'.
[2025-03-26 11:35:57.981] [warning] Couldn't find file 'hat_jaw.vtp'.
[2025-03-26 11:35:57.981] [warning] Couldn't find file 'hat_skull.vtp'.
[2025-03-26 11:35:57.981] [warning] Couldn't find file 'hat_ribs.vtp'.
[2025-03-26 11:36:04.849] [info] Loaded model Visual3d from file C:\Git\opensim_tutorial\tutorials\repeated_sprinting\Simulations\PC003\PC003_scaled.osim
[2025-03-26 11:36:04.851] [warning] Couldn't find file 'treadmill.vtp'.
[2025-03-26 11:36:04.851] [warning] Couldn't find file 'sacrum.vtp'.
[2025-03-26 11:36:04.851] [warning] Couldn't find file 'pelvis.vtp'.
[2025-03-26 11:36:04.852] [warning] Couldn't find file 'l_pelvis.vtp'.
[2025-03-26 11:36:04.852] [warning] Couldn't find file 'femur_r.vtp'.
[2025-03-26 11:36:04.852] [warning] Couldn't find file 'tibia_r.vtp'.
[2025-03-26 11:36:04.853] [warning] Couldn't find file 'fibula.vtp'.
[2025-03-26 11:36:04.853] [warning] Couldn't find file 'talus.vtp'.
[2025-03-26 11:36:04.854] [warning] Couldn't find file 'foot.vtp'.
[2025-03-26 11:36:04.854] [warning] Couldn't find file 'bofoot.vtp'.
[2025-03-26 11:36:04.854] [warning] Couldn't find file 'femur_l.vtp'.
[2025-03-26 11:36:04.855] [warning] Couldn't find file 'tibia_l.vtp'.
[2025-03-26 11:36:04.855] [warning] Couldn't find file 'l_fibula.vtp'.
[2025-03-26 11:36:04.855] [warning] Couldn't find file 'l_talus.vtp'.
[2025-03-26 11:36:04.856] [warning] Couldn't find file 'l_foot.vtp'.
[2025-03-26 11:36:04.856] [warning] Couldn't find file 'l_bofoot.vtp'.
[2025-03-26 11:36:04.856] [warning] Couldn't find file 'hat_spine.vtp'.
[2025-03-26 11:36:04.857] [warning] Couldn't find file 'hat_jaw.vtp'.
[2025-03-26 11:36:04.857] [warning] Couldn't find file 'hat_skull.vtp'.
[2025-03-26 11:36:04.858] [warning] Couldn't find file 'hat_ribs.vtp'.
[2025-03-26 11:36:08.644] [info] Loaded model Visual3d from file C:\Git\opensim_tutorial\tutorials\repeated_sprinting\Simulations\PC003\PC003_scaled.osim
[2025-03-26 11:36:08.646] [warning] Couldn't find file 'treadmill.vtp'.
[2025-03-26 11:36:08.646] [warning] Couldn't find file 'sacrum.vtp'.
[2025-03-26 11:36:08.647] [warning] Couldn't find file 'pelvis.vtp'.
[2025-03-26 11:36:08.647] [warning] Couldn't find file 'l_pelvis.vtp'.
[2025-03-26 11:36:08.647] [warning] Couldn't find file 'femur_r.vtp'.
[2025-03-26 11:36:08.648] [warning] Couldn't find file 'tibia_r.vtp'.
[2025-03-26 11:36:08.648] [warning] Couldn't find file 'fibula.vtp'.
[2025-03-26 11:36:08.649] [warning] Couldn't find file 'talus.vtp'.
[2025-03-26 11:36:08.649] [warning] Couldn't find file 'foot.vtp'.
[2025-03-26 11:36:08.649] [warning] Couldn't find file 'bofoot.vtp'.
[2025-03-26 11:36:08.649] [warning] Couldn't find file 'femur_l.vtp'.
[2025-03-26 11:36:08.650] [warning] Couldn't find file 'tibia_l.vtp'.
[2025-03-26 11:36:08.650] [warning] Couldn't find file 'l_fibula.vtp'.
[2025-03-26 11:36:08.650] [warning] Couldn't find file 'l_talus.vtp'.
[2025-03-26 11:36:08.651] [warning] Couldn't find file 'l_foot.vtp'.
[2025-03-26 11:36:08.651] [warning] Couldn't find file 'l_bofoot.vtp'.
[2025-03-26 11:36:08.651] [warning] Couldn't find file 'hat_spine.vtp'.
[2025-03-26 11:36:08.652] [warning] Couldn't find file 'hat_jaw.vtp'.
[2025-03-26 11:36:08.652] [warning] Couldn't find file 'hat_skull.vtp'.
[2025-03-26 11:36:08.652] [warning] Couldn't find file 'hat_ribs.vtp'.
[2025-03-26 11:36:12.377] [info] Loaded model Visual3d from file C:\Git\opensim_tutorial\tutorials\repeated_sprinting\Simulations\PC003\PC003_scaled.osim
[2025-03-26 11:36:12.379] [warning] Couldn't find file 'treadmill.vtp'.
[2025-03-26 11:36:12.380] [warning] Couldn't find file 'sacrum.vtp'.
[2025-03-26 11:36:12.380] [warning] Couldn't find file 'pelvis.vtp'.
[2025-03-26 11:36:12.381] [warning] Couldn't find file 'l_pelvis.vtp'.
[2025-03-26 11:36:12.381] [warning] Couldn't find file 'femur_r.vtp'.
[2025-03-26 11:36:12.382] [warning] Couldn't find file 'tibia_r.vtp'.
[2025-03-26 11:36:12.382] [warning] Couldn't find file 'fibula.vtp'.
[2025-03-26 11:36:12.383] [warning] Couldn't find file 'talus.vtp'.
[2025-03-26 11:36:12.383] [warning] Couldn't find file 'foot.vtp'.
[2025-03-26 11:36:12.384] [warning] Couldn't find file 'bofoot.vtp'.
[2025-03-26 11:36:12.384] [warning] Couldn't find file 'femur_l.vtp'.
[2025-03-26 11:36:12.385] [warning] Couldn't find file 'tibia_l.vtp'.
[2025-03-26 11:36:12.385] [warning] Couldn't find file 'l_fibula.vtp'.
[2025-03-26 11:36:12.386] [warning] Couldn't find file 'l_talus.vtp'.
[2025-03-26 11:36:12.386] [warning] Couldn't find file 'l_foot.vtp'.
[2025-03-26 11:36:12.387] [warning] Couldn't find file 'l_bofoot.vtp'.
[2025-03-26 11:36:12.387] [warning] Couldn't find file 'hat_spine.vtp'.
[2025-03-26 11:36:12.387] [warning] Couldn't find file 'hat_jaw.vtp'.
[2025-03-26 11:36:12.388] [warning] Couldn't find file 'hat_skull.vtp'.
[2025-03-26 11:36:12.388] [warning] Couldn't find file 'hat_ribs.vtp'.
[2025-03-26 11:36:15.979] [info] Loaded model Visual3d from file C:\Git\opensim_tutorial\tutorials\repeated_sprinting\Simulations\PC003\PC003_scaled.osim
[2025-03-26 11:36:15.981] [warning] Couldn't find file 'treadmill.vtp'.
[2025-03-26 11:36:15.982] [warning] Couldn't find file 'sacrum.vtp'.
[2025-03-26 11:36:15.982] [warning] Couldn't find file 'pelvis.vtp'.
[2025-03-26 11:36:15.982] [warning] Couldn't find file 'l_pelvis.vtp'.
[2025-03-26 11:36:15.983] [warning] Couldn't find file 'femur_r.vtp'.
[2025-03-26 11:36:15.983] [warning] Couldn't find file 'tibia_r.vtp'.
[2025-03-26 11:36:15.984] [warning] Couldn't find file 'fibula.vtp'.
[2025-03-26 11:36:15.984] [warning] Couldn't find file 'talus.vtp'.
[2025-03-26 11:36:15.984] [warning] Couldn't find file 'foot.vtp'.
[2025-03-26 11:36:15.985] [warning] Couldn't find file 'bofoot.vtp'.
[2025-03-26 11:36:15.985] [warning] Couldn't find file 'femur_l.vtp'.
[2025-03-26 11:36:15.985] [warning] Couldn't find file 'tibia_l.vtp'.
[2025-03-26 11:36:15.986] [warning] Couldn't find file 'l_fibula.vtp'.
[2025-03-26 11:36:15.986] [warning] Couldn't find file 'l_talus.vtp'.
[2025-03-26 11:36:15.987] [warning] Couldn't find file 'l_foot.vtp'.
[2025-03-26 11:36:15.987] [warning] Couldn't find file 'l_bofoot.vtp'.
[2025-03-26 11:36:15.987] [warning] Couldn't find file 'hat_spine.vtp'.
[2025-03-26 11:36:15.988] [warning] Couldn't find file 'hat_jaw.vtp'.
[2025-03-26 11:36:15.988] [warning] Couldn't find file 'hat_skull.vtp'.
[2025-03-26 11:36:15.989] [warning] Couldn't find file 'hat_ribs.vtp'.
[2025-03-26 11:36:46.675] [info] Loaded model CR006 from file C:\Git\opensim_tutorial\tutorials\repeated_sprinting\Simulations\TD006\TD006_scaled.osim
[2025-03-26 11:36:46.676] [warning] Couldn't find file 'treadmill.vtp'.
[2025-03-26 11:36:46.676] [warning] Couldn't find file 'sacrum.vtp'.
[2025-03-26 11:36:46.677] [warning] Couldn't find file 'pelvis.vtp'.
[2025-03-26 11:36:46.677] [warning] Couldn't find file 'l_pelvis.vtp'.
[2025-03-26 11:36:46.678] [warning] Couldn't find file 'femur_r.vtp'.
[2025-03-26 11:36:46.678] [warning] Couldn't find file 'tibia_r.vtp'.
[2025-03-26 11:36:46.679] [warning] Couldn't find file 'fibula.vtp'.
[2025-03-26 11:36:46.679] [warning] Couldn't find file 'talus.vtp'.
[2025-03-26 11:36:46.680] [warning] Couldn't find file 'foot.vtp'.
[2025-03-26 11:36:46.680] [warning] Couldn't find file 'bofoot.vtp'.
[2025-03-26 11:36:46.681] [warning] Couldn't find file 'femur_l.vtp'.
[2025-03-26 11:36:46.681] [warning] Couldn't find file 'tibia_l.vtp'.
[2025-03-26 11:36:46.682] [warning] Couldn't find file 'l_fibula.vtp'.
[2025-03-26 11:36:46.682] [warning] Couldn't find file 'l_talus.vtp'.
[2025-03-26 11:36:46.682] [warning] Couldn't find file 'l_foot.vtp'.
[2025-03-26 11:36:46.683] [warning] Couldn't find file 'l_bofoot.vtp'.
[2025-03-26 11:36:46.683] [warning] Couldn't find file 'hat_spine.vtp'.
[2025-03-26 11:36:46.683] [warning] Couldn't find file 'hat_jaw.vtp'.
[2025-03-26 11:36:46.684] [warning] Couldn't find file 'hat_skull.vtp'.
[2025-03-26 11:36:46.684] [warning] Couldn't find file 'hat_ribs.vtp'.
[2025-03-26 11:40:23.583] [info] Loaded model 009_Rajagopal2015_FAI_rra_opt_N10.osim from file C:\Git\opensim_tutorial\tutorials\repeated_sprinting\Simulations\009\pre\009_Rajagopal2015_FAI_rra_opt_N10_v4.osim
[2025-03-26 11:40:23.585] [warning] Couldn't find file 'Raja\r_pelvis.vtp'.
[2025-03-26 11:40:23.585] [warning] Couldn't find file 'Raja\l_pelvis.vtp'.
[2025-03-26 11:40:23.586] [warning] Couldn't find file 'Raja\sacrum.vtp'.
[2025-03-26 11:40:23.587] [warning] Couldn't find file 'Raja\r_femur.vtp'.
[2025-03-26 11:40:23.587] [warning] Couldn't find file 'Raja\r_tibia.vtp'.
[2025-03-26 11:40:23.588] [warning] Couldn't find file 'Raja\r_fibula.vtp'.
[2025-03-26 11:40:23.589] [warning] Couldn't find file 'Raja\r_patella.vtp'.
[2025-03-26 11:40:23.589] [warning] Couldn't find file 'Raja\r_talus.vtp'.
[2025-03-26 11:40:23.590] [warning] Couldn't find file 'Raja\r_foot.vtp'.
[2025-03-26 11:40:23.591] [warning] Couldn't find file 'Raja\r_bofoot.vtp'.
[2025-03-26 11:40:23.598] [warning] Couldn't find file 'Raja\l_femur.vtp'.
[2025-03-26 11:40:23.599] [warning] Couldn't find file 'Raja\l_tibia.vtp'.
[2025-03-26 11:40:23.599] [warning] Couldn't find file 'Raja\l_fibula.vtp'.
[2025-03-26 11:40:23.600] [warning] Couldn't find file 'Raja\l_patella.vtp'.
[2025-03-26 11:40:23.600] [warning] Couldn't find file 'Raja\l_talus.vtp'.
[2025-03-26 11:40:23.601] [warning] Couldn't find file 'Raja\l_foot.vtp'.
[2025-03-26 11:40:23.601] [warning] Couldn't find file 'Raja\l_bofoot.vtp'.
[2025-03-26 11:40:23.602] [warning] Couldn't find file 'Raja\hat_spine.vtp'.
[2025-03-26 11:40:23.603] [warning] Couldn't find file 'Raja\hat_jaw.vtp'.
[2025-03-26 11:40:23.603] [warning] Couldn't find file 'Raja\hat_skull.vtp'.
[2025-03-26 11:40:23.604] [warning] Couldn't find file 'Raja\hat_ribs_scap.vtp'.
[2025-03-26 11:40:23.604] [warning] Couldn't find file 'Raja\humerus_rv.vtp'.
[2025-03-26 11:40:23.605] [warning] Couldn't find file 'Raja\ulna_rv.vtp'.
[2025-03-26 11:40:23.605] [warning] Couldn't find file 'Raja\radius_rv.vtp'.
[2025-03-26 11:40:23.606] [warning] Couldn't find file 'Raja\pisiform_rvs.vtp'.
[2025-03-26 11:40:23.606] [warning] Couldn't find file 'Raja\lunate_rvs.vtp'.
[2025-03-26 11:40:23.607] [warning] Couldn't find file 'Raja\scaphoid_rvs.vtp'.
[2025-03-26 11:40:23.607] [warning] Couldn't find file 'Raja\triquetrum_rvs.vtp'.
[2025-03-26 11:40:23.608] [warning] Couldn't find file 'Raja\hamate_rvs.vtp'.
[2025-03-26 11:40:23.609] [warning] Couldn't find file 'Raja\capitate_rvs.vtp'.
[2025-03-26 11:40:23.609] [warning] Couldn't find file 'Raja\trapezoid_rvs.vtp'.
[2025-03-26 11:40:23.610] [warning] Couldn't find file 'Raja\trapezium_rvs.vtp'.
[2025-03-26 11:40:23.610] [warning] Couldn't find file 'Raja\metacarpal2_rvs.vtp'.
[2025-03-26 11:40:23.611] [warning] Couldn't find file 'Raja\index_proximal_rvs.vtp'.
[2025-03-26 11:40:23.611] [warning] Couldn't find file 'Raja\index_medial_rvs.vtp'.
[2025-03-26 11:40:23.612] [warning] Couldn't find file 'Raja\index_distal_rvs.vtp'.
[2025-03-26 11:40:23.612] [warning] Couldn't find file 'metacarpal3_rvs.vtp'.
[2025-03-26 11:40:23.613] [warning] Couldn't find file 'Raja\middle_proximal_rvs.vtp'.
[2025-03-26 11:40:23.613] [warning] Couldn't find file 'middle_medial_rvs.vtp'.
[2025-03-26 11:40:23.614] [warning] Couldn't find file 'Raja\middle_distal_rvs.vtp'.
[2025-03-26 11:40:23.614] [warning] Couldn't find file 'Raja\metacarpal4_rvs.vtp'.
[2025-03-26 11:40:23.615] [warning] Couldn't find file 'Raja\ring_proximal_rvs.vtp'.
[2025-03-26 11:40:23.615] [warning] Couldn't find file 'Raja\ring_medial_rvs.vtp'.
[2025-03-26 11:40:23.616] [warning] Couldn't find file 'Raja\ring_distal_rvs.vtp'.
[2025-03-26 11:40:23.616] [warning] Couldn't find file 'Raja\metacarpal5_rvs.vtp'.
[2025-03-26 11:40:23.617] [warning] Couldn't find file 'Raja\little_proximal_rvs.vtp'.
[2025-03-26 11:40:23.617] [warning] Couldn't find file 'Raja\little_medial_rvs.vtp'.
[2025-03-26 11:40:23.618] [warning] Couldn't find file 'Raja\little_distal_rvs.vtp'.
[2025-03-26 11:40:23.619] [warning] Couldn't find file 'Raja\metacarpal1_rvs.vtp'.
[2025-03-26 11:40:23.619] [warning] Couldn't find file 'Raja\thumb_proximal_rvs.vtp'.
[2025-03-26 11:40:23.620] [warning] Couldn't find file 'Raja\thumb_distal_rvs.vtp'.
[2025-03-26 11:40:23.620] [warning] Couldn't find file 'Raja\humerus_lv.vtp'.
[2025-03-26 11:40:23.621] [warning] Couldn't find file 'Raja\ulna_lv.vtp'.
[2025-03-26 11:40:23.622] [warning] Couldn't find file 'Raja\radius_lv.vtp'.
[2025-03-26 11:40:23.622] [warning] Couldn't find file 'Raja\pisiform_lvs.vtp'.
[2025-03-26 11:40:23.623] [warning] Couldn't find file 'Raja\lunate_lvs.vtp'.
[2025-03-26 11:40:23.623] [warning] Couldn't find file 'Raja\scaphoid_lvs.vtp'.
[2025-03-26 11:40:23.624] [warning] Couldn't find file 'Raja\triquetrum_lvs.vtp'.
[2025-03-26 11:40:23.624] [warning] Couldn't find file 'Raja\hamate_lvs.vtp'.
[2025-03-26 11:40:23.625] [warning] Couldn't find file 'Raja\capitate_lvs.vtp'.
[2025-03-26 11:40:23.625] [warning] Couldn't find file 'Raja\trapezoid_lvs.vtp'.
[2025-03-26 11:40:23.626] [warning] Couldn't find file 'Raja\trapezium_lvs.vtp'.
[2025-03-26 11:40:23.626] [warning] Couldn't find file 'Raja\metacarpal2_lvs.vtp'.
[2025-03-26 11:40:23.627] [warning] Couldn't find file 'Raja\index_proximal_lvs.vtp'.
[2025-03-26 11:40:23.627] [warning] Couldn't find file 'Raja\index_medial_lvs.vtp'.
[2025-03-26 11:40:23.628] [warning] Couldn't find file 'Raja\index_distal_lvs.vtp'.
[2025-03-26 11:40:23.628] [warning] Couldn't find file 'Raja\metacarpal3_lvs.vtp'.
[2025-03-26 11:40:23.629] [warning] Couldn't find file 'Raja\middle_proximal_lvs.vtp'.
[2025-03-26 11:40:23.629] [warning] Couldn't find file 'Raja\middle_medial_lvs.vtp'.
[2025-03-26 11:40:23.630] [warning] Couldn't find file 'Raja\middle_distal_lvs.vtp'.
[2025-03-26 11:40:23.630] [warning] Couldn't find file 'Raja\metacarpal4_lvs.vtp'.
[2025-03-26 11:40:23.631] [warning] Couldn't find file 'Raja\ring_proximal_lvs.vtp'.
[2025-03-26 11:40:23.631] [warning] Couldn't find file 'Raja\ring_medial_lvs.vtp'.
[2025-03-26 11:40:23.631] [warning] Couldn't find file 'Raja\ring_distal_lvs.vtp'.
[2025-03-26 11:40:23.632] [warning] Couldn't find file 'Raja\metacarpal5_lvs.vtp'.
[2025-03-26 11:40:23.632] [warning] Couldn't find file 'Raja\little_proximal_lvs.vtp'.
[2025-03-26 11:40:23.632] [warning] Couldn't find file 'Raja\little_medial_lvs.vtp'.
[2025-03-26 11:40:23.633] [warning] Couldn't find file 'Raja\little_distal_lvs.vtp'.
[2025-03-26 11:40:23.634] [warning] Couldn't find file 'Raja\metacarpal1_lvs.vtp'.
[2025-03-26 11:40:23.634] [warning] Couldn't find file 'Raja\thumb_proximal_lvs.vtp'.
[2025-03-26 11:40:23.634] [warning] Couldn't find file 'Raja\thumb_distal_lvs.vtp'.
[2025-03-26 11:43:08.531] [info] Loaded model 009_Rajagopal2015_FAI_rra_opt_N10.osim from file C:\Git\opensim_tutorial\tutorials\repeated_sprinting\Simulations\009\pre\009_Rajagopal2015_FAI_rra_opt_N10_v4.osim
[2025-03-26 11:43:08.533] [warning] Couldn't find file 'Raja\r_pelvis.vtp'.
[2025-03-26 11:43:08.533] [warning] Couldn't find file 'Raja\l_pelvis.vtp'.
[2025-03-26 11:43:08.534] [warning] Couldn't find file 'Raja\sacrum.vtp'.
[2025-03-26 11:43:08.535] [warning] Couldn't find file 'Raja\r_femur.vtp'.
[2025-03-26 11:43:08.536] [warning] Couldn't find file 'Raja\r_tibia.vtp'.
[2025-03-26 11:43:08.536] [warning] Couldn't find file 'Raja\r_fibula.vtp'.
[2025-03-26 11:43:08.538] [warning] Couldn't find file 'Raja\r_patella.vtp'.
[2025-03-26 11:43:08.539] [warning] Couldn't find file 'Raja\r_talus.vtp'.
[2025-03-26 11:43:08.540] [warning] Couldn't find file 'Raja\r_foot.vtp'.
[2025-03-26 11:43:08.544] [warning] Couldn't find file 'Raja\r_bofoot.vtp'.
[2025-03-26 11:43:08.545] [warning] Couldn't find file 'Raja\l_femur.vtp'.
[2025-03-26 11:43:08.546] [warning] Couldn't find file 'Raja\l_tibia.vtp'.
[2025-03-26 11:43:08.547] [warning] Couldn't find file 'Raja\l_fibula.vtp'.
[2025-03-26 11:43:08.547] [warning] Couldn't find file 'Raja\l_patella.vtp'.
[2025-03-26 11:43:08.548] [warning] Couldn't find file 'Raja\l_talus.vtp'.
[2025-03-26 11:43:08.548] [warning] Couldn't find file 'Raja\l_foot.vtp'.
[2025-03-26 11:43:08.549] [warning] Couldn't find file 'Raja\l_bofoot.vtp'.
[2025-03-26 11:43:08.549] [warning] Couldn't find file 'Raja\hat_spine.vtp'.
[2025-03-26 11:43:08.550] [warning] Couldn't find file 'Raja\hat_jaw.vtp'.
[2025-03-26 11:43:08.551] [warning] Couldn't find file 'Raja\hat_skull.vtp'.
[2025-03-26 11:43:08.552] [warning] Couldn't find file 'Raja\hat_ribs_scap.vtp'.
[2025-03-26 11:43:08.553] [warning] Couldn't find file 'Raja\humerus_rv.vtp'.
[2025-03-26 11:43:08.554] [warning] Couldn't find file 'Raja\ulna_rv.vtp'.
[2025-03-26 11:43:08.555] [warning] Couldn't find file 'Raja\radius_rv.vtp'.
[2025-03-26 11:43:08.558] [warning] Couldn't find file 'Raja\pisiform_rvs.vtp'.
[2025-03-26 11:43:08.559] [warning] Couldn't find file 'Raja\lunate_rvs.vtp'.
[2025-03-26 11:43:08.560] [warning] Couldn't find file 'Raja\scaphoid_rvs.vtp'.
[2025-03-26 11:43:08.560] [warning] Couldn't find file 'Raja\triquetrum_rvs.vtp'.
[2025-03-26 11:43:08.561] [warning] Couldn't find file 'Raja\hamate_rvs.vtp'.
[2025-03-26 11:43:08.561] [warning] Couldn't find file 'Raja\capitate_rvs.vtp'.
[2025-03-26 11:43:08.562] [warning] Couldn't find file 'Raja\trapezoid_rvs.vtp'.
[2025-03-26 11:43:08.563] [warning] Couldn't find file 'Raja\trapezium_rvs.vtp'.
[2025-03-26 11:43:08.564] [warning] Couldn't find file 'Raja\metacarpal2_rvs.vtp'.
[2025-03-26 11:43:08.565] [warning] Couldn't find file 'Raja\index_proximal_rvs.vtp'.
[2025-03-26 11:43:08.566] [warning] Couldn't find file 'Raja\index_medial_rvs.vtp'.
[2025-03-26 11:43:08.567] [warning] Couldn't find file 'Raja\index_distal_rvs.vtp'.
[2025-03-26 11:43:08.567] [warning] Couldn't find file 'metacarpal3_rvs.vtp'.
[2025-03-26 11:43:08.568] [warning] Couldn't find file 'Raja\middle_proximal_rvs.vtp'.
[2025-03-26 11:43:08.569] [warning] Couldn't find file 'middle_medial_rvs.vtp'.
[2025-03-26 11:43:08.570] [warning] Couldn't find file 'Raja\middle_distal_rvs.vtp'.
[2025-03-26 11:43:08.571] [warning] Couldn't find file 'Raja\metacarpal4_rvs.vtp'.
[2025-03-26 11:43:08.572] [warning] Couldn't find file 'Raja\ring_proximal_rvs.vtp'.
[2025-03-26 11:43:08.574] [warning] Couldn't find file 'Raja\ring_medial_rvs.vtp'.
[2025-03-26 11:43:08.575] [warning] Couldn't find file 'Raja\ring_distal_rvs.vtp'.
[2025-03-26 11:43:08.576] [warning] Couldn't find file 'Raja\metacarpal5_rvs.vtp'.
[2025-03-26 11:43:08.576] [warning] Couldn't find file 'Raja\little_proximal_rvs.vtp'.
[2025-03-26 11:43:08.577] [warning] Couldn't find file 'Raja\little_medial_rvs.vtp'.
[2025-03-26 11:43:08.578] [warning] Couldn't find file 'Raja\little_distal_rvs.vtp'.
[2025-03-26 11:43:08.578] [warning] Couldn't find file 'Raja\metacarpal1_rvs.vtp'.
[2025-03-26 11:43:08.579] [warning] Couldn't find file 'Raja\thumb_proximal_rvs.vtp'.
[2025-03-26 11:43:08.580] [warning] Couldn't find file 'Raja\thumb_distal_rvs.vtp'.
[2025-03-26 11:43:08.580] [warning] Couldn't find file 'Raja\humerus_lv.vtp'.
[2025-03-26 11:43:08.581] [warning] Couldn't find file 'Raja\ulna_lv.vtp'.
[2025-03-26 11:43:08.582] [warning] Couldn't find file 'Raja\radius_lv.vtp'.
[2025-03-26 11:43:08.583] [warning] Couldn't find file 'Raja\pisiform_lvs.vtp'.
[2025-03-26 11:43:08.584] [warning] Couldn't find file 'Raja\lunate_lvs.vtp'.
[2025-03-26 11:43:08.585] [warning] Couldn't find file 'Raja\scaphoid_lvs.vtp'.
[2025-03-26 11:43:08.586] [warning] Couldn't find file 'Raja\triquetrum_lvs.vtp'.
[2025-03-26 11:43:08.587] [warning] Couldn't find file 'Raja\hamate_lvs.vtp'.
[2025-03-26 11:43:08.588] [warning] Couldn't find file 'Raja\capitate_lvs.vtp'.
[2025-03-26 11:43:08.589] [warning] Couldn't find file 'Raja\trapezoid_lvs.vtp'.
[2025-03-26 11:43:08.590] [warning] Couldn't find file 'Raja\trapezium_lvs.vtp'.
[2025-03-26 11:43:08.590] [warning] Couldn't find file 'Raja\metacarpal2_lvs.vtp'.
[2025-03-26 11:43:08.592] [warning] Couldn't find file 'Raja\index_proximal_lvs.vtp'.
[2025-03-26 11:43:08.592] [warning] Couldn't find file 'Raja\index_medial_lvs.vtp'.
[2025-03-26 11:43:08.593] [warning] Couldn't find file 'Raja\index_distal_lvs.vtp'.
[2025-03-26 11:43:08.594] [warning] Couldn't find file 'Raja\metacarpal3_lvs.vtp'.
[2025-03-26 11:43:08.595] [warning] Couldn't find file 'Raja\middle_proximal_lvs.vtp'.
[2025-03-26 11:43:08.596] [warning] Couldn't find file 'Raja\middle_medial_lvs.vtp'.
[2025-03-26 11:43:08.597] [warning] Couldn't find file 'Raja\middle_distal_lvs.vtp'.
[2025-03-26 11:43:08.597] [warning] Couldn't find file 'Raja\metacarpal4_lvs.vtp'.
[2025-03-26 11:43:08.598] [warning] Couldn't find file 'Raja\ring_proximal_lvs.vtp'.
[2025-03-26 11:43:08.598] [warning] Couldn't find file 'Raja\ring_medial_lvs.vtp'.
[2025-03-26 11:43:08.599] [warning] Couldn't find file 'Raja\ring_distal_lvs.vtp'.
[2025-03-26 11:43:08.600] [warning] Couldn't find file 'Raja\metacarpal5_lvs.vtp'.
[2025-03-26 11:43:08.601] [warning] Couldn't find file 'Raja\little_proximal_lvs.vtp'.
[2025-03-26 11:43:08.602] [warning] Couldn't find file 'Raja\little_medial_lvs.vtp'.
[2025-03-26 11:43:08.603] [warning] Couldn't find file 'Raja\little_distal_lvs.vtp'.
[2025-03-26 11:43:08.603] [warning] Couldn't find file 'Raja\metacarpal1_lvs.vtp'.
[2025-03-26 11:43:08.604] [warning] Couldn't find file 'Raja\thumb_proximal_lvs.vtp'.
[2025-03-26 11:43:08.605] [warning] Couldn't find file 'Raja\thumb_distal_lvs.vtp'.
