
+-+-+-+-+-+-+
|C|E|I|N|M|S|
+-+-+-+-+-+-+-+-+-+-+
|C|a|l|i|b|r|a|t|e|d|
+-+-+-+-+-+-+-+-+-+-+-+-+
|E|M|G|-|I|n|f|o|r|m|e|d|
+-+-+-+-+-+-+-+-+-+-+-+-+-+-+-+-+-+-+-+-+
|N|e|u|r|o|m|u|s|c|u|l|o|s|k|e|l|e|t|a|l|
+-+-+-+-+-+-+-+-+-+-+-+-+-+-+-+-+-+-+-+-+
|T|o|o|l|b|o|x|
+-+-+-+-+-+-+-+

CEINMS version 0.21.0
Copyright (C) Apr 29 2020
Claudio Pizzolato, Monica Reggiani, Massimo Sartori, David Lloyd
Software developers: Claudio Pizzolato, Elena Ceseracciu, Monica Reggiani
Check configuration data...
Reading subject file: c:/opensim_tutorial/tutorials/Cerebral_Palsy_Project/Simulations/PC003/trial1_l1/ceinms/./calibratedSubject.xml .
Contact model  not found
Reading subject file: c:/opensim_tutorial/tutorials/Cerebral_Palsy_Project/Simulations/PC003/trial1_l1/ceinms/./calibratedSubject.xml .
activeForceLength
passiveForceLength
forceVelocity
tendonForceStrain
Assuming glut_med1_r pennation angle in radians: 0.139626
Assuming glut_med2_r pennation angle in radians: 0
Assuming glut_med3_r pennation angle in radians: 0.331613
Assuming glut_min1_r pennation angle in radians: 0.174533
Assuming glut_min2_r pennation angle in radians: 0
Assuming glut_min3_r pennation angle in radians: 0.0174533
Assuming semimem_r pennation angle in radians: 0.261799
Assuming semiten_r pennation angle in radians: 0.0872665
Assuming bifemlh_r pennation angle in radians: 0
Assuming bifemsh_r pennation angle in radians: 0.401426
Assuming sar_r pennation angle in radians: 0
Assuming add_long_r pennation angle in radians: 0.10472
Assuming add_brev_r pennation angle in radians: 0
Assuming add_mag1_r pennation angle in radians: 0.0872665
Assuming add_mag2_r pennation angle in radians: 0.0523599
Assuming add_mag3_r pennation angle in radians: 0.0872665
Assuming tfl_r pennation angle in radians: 0.0523599
Assuming pect_r pennation angle in radians: 0
Assuming grac_r pennation angle in radians: 0.0523599
Assuming glut_max1_r pennation angle in radians: 0.0872665
Assuming glut_max2_r pennation angle in radians: 0
Assuming glut_max3_r pennation angle in radians: 0.0872665
Assuming iliacus_r pennation angle in radians: 0.122173
Assuming psoas_r pennation angle in radians: 0.139626
Assuming quad_fem_r pennation angle in radians: 0
Assuming gem_r pennation angle in radians: 0
Assuming peri_r pennation angle in radians: 0.174533
Assuming rect_fem_r pennation angle in radians: 0.0872665
Assuming vas_med_r pennation angle in radians: 0.0872665
Assuming vas_int_r pennation angle in radians: 0.0523599
Assuming vas_lat_r pennation angle in radians: 0.0872665
Assuming med_gas_r pennation angle in radians: 0.296706
Assuming lat_gas_r pennation angle in radians: 0.139626
Assuming soleus_r pennation angle in radians: 0.436332
Assuming tib_post_r pennation angle in radians: 0.20944
Assuming flex_dig_r pennation angle in radians: 0.122173
Assuming flex_hal_r pennation angle in radians: 0.174533
Assuming tib_ant_r pennation angle in radians: 0.0872665
Assuming per_brev_r pennation angle in radians: 0.0872665
Assuming per_long_r pennation angle in radians: 0.174533
Assuming per_tert_r pennation angle in radians: 0.226893
Assuming ext_dig_r pennation angle in radians: 0.139626
Assuming ext_hal_r pennation angle in radians: 0.10472
Assuming glut_med1_l pennation angle in radians: 0.139626
Assuming glut_med2_l pennation angle in radians: 0
Assuming glut_med3_l pennation angle in radians: 0.331613
Assuming glut_min1_l pennation angle in radians: 0.174533
Assuming glut_min2_l pennation angle in radians: 0
Assuming glut_min3_l pennation angle in radians: 0.0174533
Assuming semimem_l pennation angle in radians: 0.261799
Assuming semiten_l pennation angle in radians: 0.0872665
Assuming bifemlh_l pennation angle in radians: 0
Assuming bifemsh_l pennation angle in radians: 0.401426
Assuming sar_l pennation angle in radians: 0
Assuming add_long_l pennation angle in radians: 0.10472
Assuming add_brev_l pennation angle in radians: 0
Assuming add_mag1_l pennation angle in radians: 0.0872665
Assuming add_mag2_l pennation angle in radians: 0.0523599
Assuming add_mag3_l pennation angle in radians: 0.0872665
Assuming tfl_l pennation angle in radians: 0.0523599
Assuming pect_l pennation angle in radians: 0
Assuming grac_l pennation angle in radians: 0.0523599
Assuming glut_max1_l pennation angle in radians: 0.0872665
Assuming glut_max2_l pennation angle in radians: 0
Assuming glut_max3_l pennation angle in radians: 0.0872665
Assuming iliacus_l pennation angle in radians: 0.122173
Assuming psoas_l pennation angle in radians: 0.139626
Assuming quad_fem_l pennation angle in radians: 0
Assuming gem_l pennation angle in radians: 0
Assuming peri_l pennation angle in radians: 0.174533
Assuming rect_fem_l pennation angle in radians: 0.0872665
Assuming vas_med_l pennation angle in radians: 0.0872665
Assuming vas_int_l pennation angle in radians: 0.0523599
Assuming vas_lat_l pennation angle in radians: 0.0872665
Assuming med_gas_l pennation angle in radians: 0.296706
Assuming lat_gas_l pennation angle in radians: 0.139626
Assuming soleus_l pennation angle in radians: 0.436332
Assuming tib_post_l pennation angle in radians: 0.20944
Assuming flex_dig_l pennation angle in radians: 0.122173
Assuming flex_hal_l pennation angle in radians: 0.174533
Assuming tib_ant_l pennation angle in radians: 0.0872665
Assuming per_brev_l pennation angle in radians: 0.0872665
Assuming per_long_l pennation angle in radians: 0.174533
Assuming per_tert_l pennation angle in radians: 0.226893
Assuming ext_dig_l pennation angle in radians: 0.139626
Assuming ext_hal_l pennation angle in radians: 0.10472
Assuming ercspn_r pennation angle in radians: 0
Assuming ercspn_l pennation angle in radians: 0
Assuming intobl_r pennation angle in radians: 0
Assuming intobl_l pennation angle in radians: 0
Assuming extobl_r pennation angle in radians: 0
Assuming extobl_l pennation angle in radians: 0
Found OpenSim model associated to the subject: c:\opensim_tutorial\tutorials\Cerebral_Palsy_Project\Simulations\PC003\PC003_v3.osim

EMG: Reading emg file...c:/opensim_tutorial/tutorials/Cerebral_Palsy_Project/Simulations/PC003/trial1_l1/ceinms/./../processed_emg_signals.mot
Muscle excitations to muscle mapping:
glut_med1_r -> glut_med1_r
glut_med2_r -> glut_med2_r
glut_med3_r -> glut_med3_r
glut_min1_r -> glut_min1_r
glut_min2_r -> glut_min2_r
glut_min3_r -> glut_min3_r
semimem_r -> semimem_r
semiten_r -> semiten_r
bifemlh_r -> bifemlh_r
bifemsh_r -> bifemsh_r
sar_r -> sar_r
add_long_r -> add_long_r
add_brev_r -> add_brev_r
add_mag1_r -> add_mag1_r
add_mag2_r -> add_mag2_r
add_mag3_r -> add_mag3_r
tfl_r -> tfl_r
pect_r -> pect_r
grac_r -> grac_r
glut_max1_r -> glut_max1_r
glut_max2_r -> glut_max2_r
glut_max3_r -> glut_max3_r
iliacus_r -> iliacus_r
psoas_r -> psoas_r
quad_fem_r -> quad_fem_r
gem_r -> gem_r
peri_r -> peri_r
rect_fem_r -> rect_fem_r
vas_med_r -> vas_med_r
vas_int_r -> vas_int_r
vas_lat_r -> vas_lat_r
med_gas_r -> med_gas_r
lat_gas_r -> lat_gas_r
soleus_r -> soleus_r
tib_post_r -> tib_post_r
flex_dig_r -> flex_dig_r
flex_hal_r -> flex_hal_r
tib_ant_r -> tib_ant_r
per_brev_r -> per_brev_r
per_long_r -> per_long_r
per_tert_r -> per_tert_r
ext_dig_r -> ext_dig_r
ext_hal_r -> ext_hal_r
glut_med1_l -> glut_med1_l
glut_med2_l -> glut_med2_l
glut_med3_l -> glut_med3_l
glut_min1_l -> glut_min1_l
glut_min2_l -> glut_min2_l
glut_min3_l -> glut_min3_l
semimem_l -> semimem_l
semiten_l -> semiten_l
bifemlh_l -> bifemlh_l
bifemsh_l -> bifemsh_l
sar_l -> sar_l
add_long_l -> add_long_l
add_brev_l -> add_brev_l
add_mag1_l -> add_mag1_l
add_mag2_l -> add_mag2_l
add_mag3_l -> add_mag3_l
tfl_l -> tfl_l
pect_l -> pect_l
grac_l -> grac_l
glut_max1_l -> glut_max1_l
glut_max2_l -> glut_max2_l
glut_max3_l -> glut_max3_l
iliacus_l -> iliacus_l
psoas_l -> psoas_l
quad_fem_l -> quad_fem_l
gem_l -> gem_l
peri_l -> peri_l
rect_fem_l -> rect_fem_l
vas_med_l -> vas_med_l
vas_int_l -> vas_int_l
vas_lat_l -> vas_lat_l
med_gas_l -> med_gas_l
lat_gas_l -> lat_gas_l
soleus_l -> soleus_l
tib_post_l -> tib_post_l
flex_dig_l -> flex_dig_l
flex_hal_l -> flex_hal_l
tib_ant_l -> tib_ant_l
per_brev_l -> per_brev_l
per_long_l -> per_long_l
per_tert_l -> per_tert_l
ext_dig_l -> ext_dig_l
ext_hal_l -> ext_hal_l
ercspn_r -> ercspn_r
ercspn_l -> ercspn_l
intobl_r -> intobl_r
intobl_l -> intobl_l
extobl_r -> extobl_r
extobl_l -> extobl_l
Using c:/opensim_tutorial/tutorials/Cerebral_Palsy_Project/Simulations/PC003/trial1_l1/ceinms/./execution/ as output directory
Joint moments
hip_flexion_l -> Tracking
hip_adduction_l -> Tracking
hip_rotation_l -> Tracking
knee_angle_l -> Tracking
ankle_angle_l -> Tracking
Muscle excitations
glut_med1_r ->  Unchanged
glut_med2_r ->  Unchanged
glut_med3_r ->  Unchanged
glut_min1_r ->  Unchanged
glut_min2_r ->  Unchanged
glut_min3_r ->  Unchanged
semimem_r ->  Unchanged
semiten_r ->  Unchanged
bifemlh_r ->  Unchanged
bifemsh_r ->  Unchanged
sar_r ->  Unchanged
add_long_r ->  Unchanged
add_brev_r ->  Unchanged
add_mag1_r ->  Unchanged
add_mag2_r ->  Unchanged
add_mag3_r ->  Unchanged
tfl_r ->  Unchanged
pect_r ->  Unchanged
grac_r ->  Unchanged
glut_max1_r ->  Unchanged
glut_max2_r ->  Unchanged
glut_max3_r ->  Unchanged
iliacus_r ->  Unchanged
psoas_r ->  Unchanged
quad_fem_r ->  Unchanged
gem_r ->  Unchanged
peri_r ->  Unchanged
rect_fem_r ->  Unchanged
vas_med_r ->  Unchanged
vas_int_r ->  Unchanged
vas_lat_r ->  Unchanged
med_gas_r ->  Unchanged
lat_gas_r ->  Unchanged
soleus_r ->  Unchanged
tib_post_r ->  Unchanged
flex_dig_r ->  Unchanged
flex_hal_r ->  Unchanged
tib_ant_r ->  Unchanged
per_brev_r ->  Unchanged
per_long_r ->  Unchanged
per_tert_r ->  Unchanged
ext_dig_r ->  Unchanged
ext_hal_r ->  Unchanged
glut_med1_l ->  Adjusting
glut_med2_l ->  Adjusting
glut_med3_l ->  Adjusting
glut_min1_l ->  Adjusting
glut_min2_l ->  Adjusting
glut_min3_l ->  Adjusting
semimem_l ->  Adjusting
semiten_l ->  Adjusting
bifemlh_l ->  Adjusting
bifemsh_l ->  Adjusting
sar_l ->  Synthetising
add_long_l ->  Adjusting
add_brev_l ->  Adjusting
add_mag1_l ->  Synthetising
add_mag2_l ->  Synthetising
add_mag3_l ->  Synthetising
tfl_l ->  Synthetising
pect_l ->  Adjusting
grac_l ->  Adjusting
glut_max1_l ->  Adjusting
glut_max2_l ->  Adjusting
glut_max3_l ->  Adjusting
iliacus_l ->  Synthetising
psoas_l ->  Synthetising
quad_fem_l ->  Synthetising
gem_l ->  Synthetising
peri_l ->  Synthetising
rect_fem_l ->  Synthetising
vas_med_l ->  Adjusting
vas_int_l ->  Adjusting
vas_lat_l ->  Adjusting
med_gas_l ->  Adjusting
lat_gas_l ->  Adjusting
soleus_l ->  Adjusting
tib_post_l ->  Synthetising
flex_dig_l ->  Synthetising
flex_hal_l ->  Synthetising
tib_ant_l ->  Adjusting
per_brev_l ->  Synthetising
per_long_l ->  Synthetising
per_tert_l ->  Synthetising
ext_dig_l ->  Adjusting
ext_hal_l ->  Adjusting
ercspn_r ->  Unchanged
ercspn_l ->  Synthetising
intobl_r ->  Unchanged
intobl_l ->  Synthetising
extobl_r ->  Unchanged
extobl_l ->  Synthetising
Using alpha = 1, beta = 50, gamma = 1000
Using c:/opensim_tutorial\tutorials\Cerebral_Palsy_Project\Simulations\PC003\trial1_l1\ceinms\execution as output directory
starting consume

externalTorque DONE

EMG: EMG DONE


EmgTime: 3.185
Adjusted EMG
0	0	0	0	0	0	0	0	0	0	0	0	0	0	0	0	0	0	0	0	0	0	0	0	0	0	0	0	0	0	0	0	0	0	0	0	0	0	0	0	0	0	0	0.001	0.00287154	0.00270143	0.001	0.00287154	0.00249566	0.00424137	0.0429724	0.00424139	0.0292064	0.284829	0.0040337	0.001	0.001	0.001	0.001	0.001	0.00808413	0.0111271	0.00287154	0.00287154	0.00287154	0.0093339	0.00764012	0.153918	0.00371308	0.00857727	0.001	0.001	0.001	0.00164563	0.00179548	0.001	0.001	0.001	0.001	0.001	0.001	0.001	0.001	0.001	0.001	0.0397672	0	0.001	0	0.001	0	0.000997281	
LmtTime: 3.18
Lmt
0.111249	0.129212	0.114422	0.0719054	0.0752911	0.083463	0.37129	0.408767	0.383872	0.204963	0.526293	0.207097	0.134304	0.119546	0.1936	0.336845	0.51369	0.0990176	0.395374	0.205778	0.218917	0.252069	0.196559	0.250782	0.0820404	0.071546	0.140472	0.434796	0.207315	0.218048	0.234338	0.390206	0.386991	0.271423	0.309829	0.398443	0.389504	0.257186	0.188986	0.357502	0.152427	0.387021	0.359205	0.114223	0.141719	0.134527	0.0694815	0.0779155	0.0911407	0.374646	0.411545	0.391903	0.196245	0.498742	0.15598	0.101156	0.0991424	0.17811	0.334627	0.488079	0.0693382	0.365812	0.231388	0.245975	0.269271	0.176351	0.232001	0.0889302	0.0796589	0.152856	0.409228	0.203256	0.213703	0.229383	0.385501	0.38245	0.270065	0.305598	0.395323	0.387157	0.249827	0.186497	0.353426	0.148339	0.379269	0.35195	0.115321	0.121167	0.231908	0.2102	0.294851	0.288496	
MomentArms on: hip_flexion_l
-0.00886311	0.0240607	0.0254821	0.0300061	-0.0283108	0.0401307	0.0186277	0.0388536	0.0485282	0.0624583	0.0679713	
MomentArms on: hip_adduction_l
0.0700718	0.0693654	0.0632799	0.0488205	0.0265767	0.0136759	0.0440881	0.0442486	0.0116933	0.0208182	
MomentArms on: hip_rotation_l
0.0360338	0.032702	0.0019002	0.00094377	0.0094371	-0.0211117	0.00054635	0.015578	-0.00416981	-0.0371733	
MomentArms on: knee_angle_l
-0.0236897	-0.0264904	-0.0319013	-0.0159564	-0.0163098	-0.0137911	-0.0323166	-0.0384684	0.0339262	0.0323008	0.0303538	0.0308356	
MomentArms on: ankle_angle_l
0.0341716	0.0364833	0.0206392	0.0366413	-0.00794304	-0.0120047	-0.0374409	-0.0370348	-0.00370176	-0.00684267	-0.03429	-0.00891595	
External Torques: 3.37782 -2.22313 7.07446 53.4329 -11.2842 
Current Torque on hip_flexion_l 3.32937
Current Torque on hip_adduction_l 0.258601
Current Torque on hip_rotation_l 7.64549
Current Torque on knee_angle_l 59.8464
Current Torque on ankle_angle_l -14.644

----------------------------------------


EmgTime: 3.195
Adjusted EMG
0	0	0	0	0	0	0	0	0	0	0	0	0	0	0	0	0	0	0	0	0	0	0	0	0	0	0	0	0	0	0	0	0	0	0	0	0	0	0	0	0	0	0	0.001	0.0028627	0.00292647	0.001	0.0028627	0.00263113	0.00421814	0.0163625	0.00421814	0.018523	0.001	0.00403437	0.001	0.001	0.001	0.001	0.001	0.00805553	0.00362901	0.0028627	0.0028627	0.0028627	0.001	0.001	0.0533746	0.001	0.001	0.001	0.00678881	0.001	0.00592927	0.00178835	0.001	0.001	0.001	0.001	0.001	0.001	0.001	0.001	0.001	0.001	0.0291759	0	0.001	0	0.001	0	0.000997281	
LmtTime: 3.19
Lmt
0.112001	0.128979	0.113353	0.0726394	0.0755657	0.0832149	0.371601	0.409136	0.383734	0.205567	0.526703	0.207952	0.13484	0.11973	0.19372	0.336718	0.513889	0.0995225	0.396012	0.204684	0.217548	0.250784	0.197086	0.251249	0.0806737	0.0704819	0.139507	0.434232	0.206591	0.217295	0.233617	0.391544	0.38834	0.27232	0.310064	0.398657	0.389819	0.256262	0.189087	0.357682	0.151892	0.386166	0.358297	0.114556	0.141495	0.133648	0.0699828	0.0780889	0.0909953	0.374885	0.411947	0.391733	0.196883	0.499184	0.158432	0.103143	0.100217	0.178767	0.334628	0.488455	0.0710103	0.367242	0.23015	0.244548	0.268605	0.176649	0.23223	0.0881129	0.0789014	0.152219	0.408748	0.202512	0.212924	0.22865	0.386812	0.383763	0.270913	0.305818	0.395518	0.387454	0.248912	0.186588	0.353596	0.147826	0.378416	0.351038	0.116083	0.121512	0.231028	0.209739	0.294255	0.288371	
MomentArms on: hip_flexion_l
-0.0081254	0.0246438	0.0236263	0.0284829	-0.0278415	0.0410833	0.0188299	0.0398116	0.0490158	0.0629064	0.0676097	
MomentArms on: hip_adduction_l
0.0699824	0.0702729	0.0642124	0.0502053	0.0270786	0.0135797	0.0453984	0.0439908	0.0115381	0.0208443	
MomentArms on: hip_rotation_l
0.03573	0.0324704	0.0022274	0.00118981	0.00967299	-0.0218093	-0.00055069	0.0147779	-0.0051592	-0.0375678	
MomentArms on: knee_angle_l
-0.024049	-0.0267324	-0.0318506	-0.0161689	-0.016438	-0.0136082	-0.0325092	-0.0387225	0.0344736	0.0326618	0.03083	0.0312254	
MomentArms on: ankle_angle_l
0.0340296	0.0364311	0.0203478	0.0364523	-0.00771355	-0.0117561	-0.0367139	-0.0363323	-0.00358526	-0.00671684	-0.0335341	-0.008702	
External Torques: 1.65424 -1.8057 8.14811 51.7659 -12.9714 
Current Torque on hip_flexion_l 2.62455
Current Torque on hip_adduction_l 1.27036
Current Torque on hip_rotation_l 8.58956
Current Torque on knee_angle_l 55.1556
Current Torque on ankle_angle_l -18.844

----------------------------------------


EmgTime: 3.205
Adjusted EMG
0	0	0	0	0	0	0	0	0	0	0	0	0	0	0	0	0	0	0	0	0	0	0	0	0	0	0	0	0	0	0	0	0	0	0	0	0	0	0	0	0	0	0	0.001	0.00285341	0.00255957	0.001	0.00285341	0.0032091	0.00419498	0.00297023	0.00419498	0.00857495	0.001	0.00403534	0.001	0.001	0.001	0.001	0.001	0.00802643	0.00411387	0.00285341	0.00285341	0.00285341	0.001	0.001	0.001	0.001	0.001	0.001	0.00430444	0.0011604	0.00718987	0.00178081	0.001	0.001	0.001	0.001	0.001	0.001	0.001	0.001	0.001	0.001	0.0251805	0	0.001	0	0.001	0	0.000997281	
LmtTime: 3.2
Lmt
0.112667	0.128801	0.11246	0.0732696	0.0758072	0.0830076	0.371942	0.409537	0.383713	0.206062	0.526946	0.208585	0.135249	0.119869	0.193842	0.336696	0.514005	0.0998873	0.396523	0.203833	0.216488	0.249803	0.19746	0.251573	0.0794932	0.069555	0.138674	0.433695	0.205994	0.216675	0.233022	0.392798	0.389608	0.273201	0.310296	0.398865	0.390129	0.255338	0.189186	0.357859	0.151362	0.385311	0.357387	0.114805	0.141233	0.132812	0.0703832	0.0781925	0.0908114	0.375104	0.412319	0.391595	0.197442	0.499537	0.16062	0.104905	0.101215	0.1794	0.334657	0.488735	0.0724735	0.368538	0.22902	0.243275	0.26803	0.176964	0.232479	0.0874092	0.0782209	0.151612	0.408315	0.201858	0.21224	0.228003	0.387965	0.384919	0.271659	0.306012	0.395689	0.387715	0.248096	0.186667	0.353746	0.147372	0.377653	0.35022	0.116751	0.121825	0.230303	0.209311	0.293757	0.288223	
MomentArms on: hip_flexion_l
-0.0074947	0.0251108	0.0219638	0.0271101	-0.0274194	0.041789	0.0189764	0.0405358	0.0494098	0.0632721	0.067215	
MomentArms on: hip_adduction_l
0.0698487	0.0709731	0.0649601	0.0514059	0.0275517	0.0135292	0.0465528	0.0437345	0.011431	0.0209012	
MomentArms on: hip_rotation_l
0.0354883	0.0322827	0.00249947	0.00139759	0.00986713	-0.0224121	-0.00147932	0.0140995	-0.00601237	-0.0379061	
MomentArms on: knee_angle_l
-0.0243532	-0.0269288	-0.0317931	-0.0163491	-0.0165445	-0.0134459	-0.0326638	-0.0389291	0.0349394	0.0329711	0.0312405	0.0315617	
MomentArms on: ankle_angle_l
0.0338644	0.0363571	0.0200652	0.0362534	-0.00750655	-0.0115314	-0.0360461	-0.0356864	-0.00348009	-0.00660269	-0.0328443	-0.00850873	
External Torques: -0.32514 -1.48455 9.0455 50.3903 -14.6334 
Current Torque on hip_flexion_l 2.8669
Current Torque on hip_adduction_l 1.26382
Current Torque on hip_rotation_l 8.2746
Current Torque on knee_angle_l 51.6848
Current Torque on ankle_angle_l -21.3676

----------------------------------------


EmgTime: 3.215
Adjusted EMG
0	0	0	0	0	0	0	0	0	0	0	0	0	0	0	0	0	0	0	0	0	0	0	0	0	0	0	0	0	0	0	0	0	0	0	0	0	0	0	0	0	0	0	0.00146505	0.00284371	0.00152089	0.001	0.00284371	0.00374045	0.004172	0.001	0.004172	0.00681805	0.001	0.00403661	0.001	0.001	0.001	0.001	0.001	0.00799696	0.00608782	0.00284371	0.00284371	0.00284371	0.001	0.001	0.001	0.001	0.001	0.001	0.001	0.001	0.00745707	0.00177294	0.001	0.001	0.001	0.001	0.001	0.001	0.001	0.001	0.001	0.001	0.0241984	0	0.001	0	0.001	0	0.000997281	
LmtTime: 3.21
Lmt
0.113232	0.12875	0.111875	0.0737653	0.0760231	0.0828946	0.372323	0.409975	0.383856	0.206392	0.52695	0.208876	0.13547	0.119934	0.193955	0.336828	0.513998	0.100048	0.396824	0.203361	0.215888	0.249269	0.197595	0.251674	0.0785861	0.0688442	0.138074	0.433202	0.205595	0.21626	0.232623	0.393912	0.390734	0.274045	0.310517	0.399063	0.390426	0.254439	0.189279	0.35803	0.15085	0.384477	0.356497	0.11495	0.140969	0.132104	0.0706525	0.0782245	0.0906159	0.375283	0.412626	0.391502	0.197871	0.499769	0.162378	0.106323	0.102062	0.17996	0.334716	0.488903	0.0736291	0.369592	0.228099	0.242265	0.267611	0.177234	0.232696	0.086885	0.0776808	0.151097	0.407969	0.201354	0.211715	0.227505	0.38888	0.385838	0.272258	0.306167	0.395826	0.387926	0.24743	0.18673	0.353866	0.147005	0.377031	0.349552	0.117259	0.122092	0.229777	0.208968	0.293379	0.288094	
MomentArms on: hip_flexion_l
-0.00701478	0.0254399	0.020637	0.0260091	-0.0270908	0.0422649	0.0190637	0.0410353	0.049703	0.0635556	0.0668649	
MomentArms on: hip_adduction_l
0.0697042	0.0714702	0.0654975	0.0523489	0.0279561	0.0135141	0.0474831	0.0435163	0.011369	0.0209744	
MomentArms on: hip_rotation_l
0.0353234	0.0321511	0.00270299	0.00155513	0.0100024	-0.0228749	-0.0021752	0.0135886	-0.00666661	-0.0381612	
MomentArms on: knee_angle_l
-0.0245793	-0.0270696	-0.0317411	-0.0164833	-0.0166223	-0.0133203	-0.0327734	-0.0390772	0.0352888	0.0332045	0.0315515	0.0318167	
MomentArms on: ankle_angle_l
0.0336982	0.0362742	0.0198181	0.0360686	-0.00733606	-0.011346	-0.0354877	-0.0351459	-0.00339341	-0.00650823	-0.0322706	-0.00834934	
External Torques: -2.26645 -1.37912 9.78382 49.4618 -16.1757 
Current Torque on hip_flexion_l 1.91835
Current Torque on hip_adduction_l 0.967021
Current Torque on hip_rotation_l 7.81154
Current Torque on knee_angle_l 50.1693
Current Torque on ankle_angle_l -22.5981

----------------------------------------


EmgTime: 3.225
Adjusted EMG
0	0	0	0	0	0	0	0	0	0	0	0	0	0	0	0	0	0	0	0	0	0	0	0	0	0	0	0	0	0	0	0	0	0	0	0	0	0	0	0	0	0	0	0.00329265	0.00283357	0.001	0.001	0.00283357	0.0042077	0.0041492	0.001	0.0041492	0.00582703	0.001	0.00403821	0.001	0.001	0.001	0.001	0.001	0.00796706	0.00688703	0.00283357	0.00283357	0.00283357	0.001	0.001	0.001	0.001	0.001	0.001	0.001	0.001	0.00755806	0.00176457	0.001	0.001	0.001	0.001	0.001	0.001	0.001	0.001	0.001	0.001	0.0237918	0	0.001	0	0.001	0	0.000997281	
LmtTime: 3.22
Lmt
0.113719	0.128863	0.111633	0.0741437	0.0762337	0.0829024	0.372745	0.410446	0.384167	0.206551	0.52671	0.208793	0.135485	0.119909	0.194044	0.337115	0.513868	0.0999943	0.396889	0.203292	0.21576	0.24919	0.197477	0.251539	0.0779465	0.0683553	0.137732	0.432753	0.205402	0.21606	0.23243	0.394881	0.391714	0.274852	0.310727	0.399251	0.39071	0.253565	0.189368	0.358193	0.150356	0.383665	0.355628	0.114992	0.140724	0.131557	0.070788	0.0781921	0.0904266	0.375409	0.412854	0.391448	0.198156	0.499885	0.163682	0.107383	0.102738	0.180425	0.334799	0.48897	0.0744722	0.370376	0.227416	0.241545	0.267362	0.17743	0.232852	0.0865591	0.0773032	0.150703	0.407729	0.201019	0.211365	0.227172	0.389548	0.386509	0.27271	0.306284	0.395929	0.388085	0.246923	0.186778	0.353958	0.146727	0.376557	0.349041	0.117586	0.122326	0.22942	0.208747	0.293101	0.28803	
MomentArms on: hip_flexion_l
-0.0066854	0.025645	0.0196846	0.0252171	-0.0268663	0.0425702	0.0190998	0.0413633	0.049911	0.0637724	0.0666061	
MomentArms on: hip_adduction_l
0.0695727	0.071808	0.0658492	0.0530368	0.0282783	0.0135189	0.0481915	0.0433535	0.0113403	0.0210504	
MomentArms on: hip_rotation_l
0.0352272	0.032069	0.00284274	0.00166442	0.0100693	-0.0231903	-0.00263937	0.0132418	-0.00711648	-0.038326	
MomentArms on: knee_angle_l
-0.0247262	-0.0271587	-0.031702	-0.0165706	-0.0166717	-0.013236	-0.0328421	-0.0391707	0.0355175	0.033358	0.0317566	0.031985	
MomentArms on: ankle_angle_l
0.0335497	0.0361956	0.0196192	0.0359131	-0.00720495	-0.0112033	-0.0350529	-0.0347252	-0.00332672	-0.00643532	-0.0318261	-0.00822665	
External Torques: -3.89988 -1.62648 10.4141 49.0579 -17.54 
Current Torque on hip_flexion_l 1.09658
Current Torque on hip_adduction_l 0.761127
Current Torque on hip_rotation_l 7.42987
Current Torque on knee_angle_l 49.5377
Current Torque on ankle_angle_l -23.3428

----------------------------------------


EmgTime: 3.235
Adjusted EMG
0	0	0	0	0	0	0	0	0	0	0	0	0	0	0	0	0	0	0	0	0	0	0	0	0	0	0	0	0	0	0	0	0	0	0	0	0	0	0	0	0	0	0	0.00426027	0.00282296	0.001	0.001	0.00282296	0.00467943	0.00412681	0.001	0.0041267	0.00479281	0.001	0.00404192	0.001	0.001	0.001	0.001	0.001	0.00793708	0.00544211	0.00282296	0.00282296	0.00282296	0.001	0.001	0.001	0.001	0.001	0.00127302	0.001	0.00448618	0.007756	0.0017613	0.001	0.001	0.001	0.001	0.001	0.001	0.001	0.001	0.001	0.001	0.0230371	0	0.001	0	0.001	0	0.000997281	
LmtTime: 3.23
Lmt
0.114158	0.129129	0.111692	0.0744365	0.0764518	0.0830234	0.373207	0.410951	0.384627	0.206561	0.52625	0.208378	0.135321	0.119804	0.194114	0.337544	0.51363	0.0997518	0.396742	0.20357	0.216036	0.249498	0.197134	0.251192	0.0775211	0.0680483	0.137615	0.432335	0.205391	0.216048	0.232419	0.395726	0.392569	0.275628	0.31093	0.399431	0.390983	0.25271	0.189453	0.358351	0.149878	0.382871	0.354777	0.114941	0.140503	0.131163	0.0708072	0.078109	0.0902526	0.375476	0.412994	0.391415	0.198313	0.499918	0.164588	0.108129	0.103251	0.180789	0.334884	0.488967	0.0750488	0.370912	0.226948	0.241084	0.26726	0.177553	0.232949	0.0864138	0.0770786	0.150427	0.407598	0.200834	0.211172	0.226988	0.389999	0.386963	0.273035	0.306368	0.396002	0.388199	0.246555	0.186812	0.354023	0.146527	0.376214	0.34867	0.117753	0.122552	0.22918	0.208652	0.292883	0.288049	
MomentArms on: hip_flexion_l
-0.00647996	0.0257585	0.0190761	0.0247131	-0.0267265	0.0427613	0.0190991	0.0415734	0.0500529	0.0639339	0.066446	
MomentArms on: hip_adduction_l
0.0694657	0.0720314	0.0660592	0.0535098	0.0285204	0.0135314	0.0487118	0.043245	0.0113313	0.0211193	
MomentArms on: hip_rotation_l
0.0351773	0.0320179	0.00293067	0.00173368	0.0100656	-0.0233746	-0.00291197	0.0130273	-0.00739188	-0.0384066	
MomentArms on: knee_angle_l
-0.024806	-0.0272059	-0.0316772	-0.0166173	-0.0166969	-0.0131888	-0.0328785	-0.0392207	0.0356419	0.0334418	0.0318689	0.0320771	
MomentArms on: ankle_angle_l
0.0334288	0.0361293	0.0194693	0.0357923	-0.00710938	-0.0110992	-0.0347329	-0.0344159	-0.00327809	-0.00638203	-0.0315003	-0.00813715	
External Torques: -5.05045 -2.3247 10.9874 49.1744 -18.7081 
Current Torque on hip_flexion_l 0.682625
Current Torque on hip_adduction_l 0.594053
Current Torque on hip_rotation_l 7.05644
Current Torque on knee_angle_l 49.3687
Current Torque on ankle_angle_l -23.8821

----------------------------------------


EmgTime: 3.245
Adjusted EMG
0	0	0	0	0	0	0	0	0	0	0	0	0	0	0	0	0	0	0	0	0	0	0	0	0	0	0	0	0	0	0	0	0	0	0	0	0	0	0	0	0	0	0	0.00281262	0.00281196	0.001	0.00313053	0.00281196	0.00514972	0.00410475	0.001	0.00410454	0.00434643	0.001	0.00404481	0.001	0.001	0.001	0.001	0.001	0.00790679	0.0019062	0.00281196	0.00281196	0.00281196	0.001	0.001	0.001	0.001	0.001	0.00126944	0.00320546	0.00654247	0.00783753	0.00175177	0.001	0.001	0.001	0.001	0.001	0.001	0.001	0.001	0.001	0.001	0.0218613	0	0.001	0	0.001	0	0.000997281	
LmtTime: 3.24
Lmt
0.114573	0.129517	0.111974	0.0746738	0.0766799	0.08323	0.373712	0.411494	0.385211	0.206454	0.525601	0.207709	0.135026	0.119647	0.194183	0.3381	0.513296	0.0993639	0.396434	0.20411	0.216614	0.250105	0.196612	0.250675	0.0772445	0.0678663	0.13766	0.431931	0.20552	0.216183	0.232548	0.396468	0.393319	0.276373	0.311123	0.399603	0.391246	0.251877	0.189533	0.358503	0.149415	0.382095	0.353942	0.114817	0.140306	0.130898	0.0707381	0.0779909	0.0900973	0.375483	0.413048	0.391383	0.198372	0.499911	0.165186	0.108626	0.103622	0.181054	0.33495	0.488932	0.0754223	0.371247	0.226651	0.240822	0.267257	0.177624	0.233005	0.0864112	0.0769803	0.150252	0.407565	0.200764	0.211099	0.226919	0.39028	0.387247	0.273259	0.306425	0.396052	0.388278	0.2463	0.186835	0.354069	0.146388	0.375975	0.348412	0.1178	0.122784	0.229001	0.208665	0.292693	0.288144	
MomentArms on: hip_flexion_l
-0.00636274	0.0258162	0.0187471	0.0244465	-0.0266392	0.0428787	0.0190771	0.0417052	0.0501446	0.0640446	0.0663658	
MomentArms on: hip_adduction_l
0.069385	0.0721751	0.0661724	0.0538189	0.0286925	0.0135438	0.049086	0.0431796	0.0113311	0.0211756	
MomentArms on: hip_rotation_l
0.0351482	0.0319766	0.00297962	0.00177242	0.00999546	-0.0234545	-0.00304681	0.012904	-0.00753643	-0.0384163	
MomentArms on: knee_angle_l
-0.0248362	-0.0272234	-0.0316641	-0.0166354	-0.0167059	-0.0131707	-0.032892	-0.0392394	0.0356876	0.0334734	0.0319113	0.0321119	
MomentArms on: ankle_angle_l
0.0333377	0.0360782	0.0193622	0.0357042	-0.00704269	-0.0110264	-0.0345079	-0.0341988	-0.00324415	-0.00634478	-0.0312722	-0.00807467	
External Torques: -5.66944 -3.49098 11.5337 49.7412 -19.6934 
Current Torque on hip_flexion_l 0.491883
Current Torque on hip_adduction_l 0.450136
Current Torque on hip_rotation_l 6.7479
Current Torque on knee_angle_l 49.8115
Current Torque on ankle_angle_l -24.2286

----------------------------------------


EmgTime: 3.255
Adjusted EMG
0	0	0	0	0	0	0	0	0	0	0	0	0	0	0	0	0	0	0	0	0	0	0	0	0	0	0	0	0	0	0	0	0	0	0	0	0	0	0	0	0	0	0	0.00280052	0.00280052	0.001	0.0061593	0.00280052	0.00558841	0.00408305	0.001	0.00408277	0.00422029	0.001	0.00404843	0.001	0.001	0.001	0.001	0.001	0.00787597	0.001	0.00280052	0.00280052	0.00280052	0.001	0.001	0.001	0.001	0.001	0.001	0.00490476	0.00706038	0.00783505	0.00174171	0.001	0.001	0.001	0.001	0.001	0.001	0.001	0.001	0.001	0.001	0.0202807	0	0.001	0	0.001	0	0.000997281	
LmtTime: 3.25
Lmt
0.114988	0.12999	0.112401	0.0748837	0.0769196	0.0834934	0.374262	0.412084	0.385898	0.206263	0.524788	0.206862	0.134646	0.119467	0.194271	0.338771	0.512875	0.0988718	0.39602	0.204826	0.217398	0.250929	0.195953	0.250029	0.0770537	0.0677533	0.137802	0.431519	0.205751	0.216423	0.232779	0.397117	0.393976	0.277079	0.311307	0.399764	0.391496	0.251074	0.189609	0.358647	0.148973	0.381348	0.353135	0.114641	0.140126	0.130726	0.0706072	0.07785	0.0899577	0.375436	0.413027	0.391338	0.198367	0.4999	0.165573	0.108945	0.103882	0.181233	0.334983	0.488894	0.0756582	0.371437	0.226471	0.240695	0.26731	0.177667	0.233041	0.08651	0.0769754	0.150154	0.407612	0.200771	0.211106	0.226925	0.390441	0.38741	0.27341	0.306464	0.396086	0.388331	0.246127	0.18685	0.354099	0.146295	0.375814	0.348238	0.117768	0.123029	0.228834	0.208766	0.292506	0.288305	
MomentArms on: hip_flexion_l
-0.00629974	0.0258477	0.0186212	0.0243551	-0.0265747	0.0429508	0.0190455	0.0417875	0.0502	0.0641103	0.0663378	
MomentArms on: hip_adduction_l
0.0693263	0.0722659	0.0662268	0.0540164	0.028811	0.0135529	0.0493593	0.0431428	0.0113326	0.0212188	
MomentArms on: hip_rotation_l
0.03512	0.0319286	0.0030015	0.00178982	0.00986732	-0.0234588	-0.00309472	0.0128343	-0.00759397	-0.0383712	
MomentArms on: knee_angle_l
-0.0248337	-0.0272218	-0.0316587	-0.0166352	-0.016705	-0.0131724	-0.0328908	-0.039238	0.0356808	0.0334705	0.0319074	0.0321087	
MomentArms on: ankle_angle_l
0.0332728	0.0360414	0.0192886	0.0356427	-0.00699758	-0.0109772	-0.0343547	-0.0340514	-0.00322119	-0.00631954	-0.0311174	-0.00803238	
External Torques: -5.82162 -5.0544 12.0574 50.6495 -20.525 
Current Torque on hip_flexion_l 0.409241
Current Torque on hip_adduction_l 0.351741
Current Torque on hip_rotation_l 6.50126
Current Torque on knee_angle_l 50.6895
Current Torque on ankle_angle_l -24.4257

----------------------------------------


EmgTime: 3.265
Adjusted EMG
0	0	0	0	0	0	0	0	0	0	0	0	0	0	0	0	0	0	0	0	0	0	0	0	0	0	0	0	0	0	0	0	0	0	0	0	0	0	0	0	0	0	0	0.00278865	0.00278865	0.001	0.00959585	0.00278865	0.00598878	0.00406181	0.001	0.00406143	0.00404183	0.001	0.00405237	0.001	0.001	0.001	0.001	0.001	0.00784501	0.001	0.00278865	0.00278865	0.00278865	0.001	0.001	0.001	0.001	0.001	0.001	0.00824459	0.00795896	0.00784988	0.00173127	0.001	0.001	0.001	0.001	0.001	0.001	0.001	0.001	0.001	0.001	0.0183964	0	0.001	0	0.001	0	0.000997281	
LmtTime: 3.26
Lmt
0.115417	0.13052	0.112909	0.0750865	0.0771702	0.0837895	0.374865	0.412733	0.386674	0.206015	0.52383	0.205899	0.134222	0.119289	0.1944	0.339552	0.512372	0.0983095	0.395547	0.205655	0.218313	0.251909	0.195193	0.249284	0.0769015	0.067665	0.137992	0.43108	0.206051	0.216734	0.233079	0.397676	0.394541	0.277733	0.311477	0.399913	0.391728	0.25032	0.189678	0.358781	0.148562	0.380645	0.352374	0.114432	0.139955	0.130609	0.0704405	0.0776972	0.0898291	0.375348	0.412949	0.391272	0.198325	0.499904	0.165839	0.109154	0.104066	0.18135	0.334981	0.488868	0.0758152	0.371538	0.226359	0.240645	0.267385	0.177703	0.233075	0.0866687	0.0770286	0.150102	0.407716	0.200819	0.211156	0.226973	0.390526	0.387495	0.27351	0.30649	0.396109	0.388367	0.246012	0.186861	0.35412	0.146233	0.375707	0.348122	0.117686	0.123292	0.228649	0.208935	0.292304	0.288516	
MomentArms on: hip_flexion_l
-0.00626329	0.0258728	0.0186206	0.0243735	-0.0265122	0.0429974	0.0190121	0.041841	0.0502318	0.0641408	0.0663351	
MomentArms on: hip_adduction_l
0.0692823	0.0723247	0.0662517	0.0541488	0.0288942	0.0135583	0.0495724	0.043121	0.0113326	0.0212516	
MomentArms on: hip_rotation_l
0.0350818	0.0318661	0.00300705	0.00179431	0.00969662	-0.0234168	-0.00309813	0.0127885	-0.00760342	-0.0382897	
MomentArms on: knee_angle_l
-0.0248134	-0.0272096	-0.031657	-0.0166249	-0.0166986	-0.0131849	-0.0328815	-0.0392256	0.0356445	0.0334485	0.031878	0.0320846	
MomentArms on: ankle_angle_l
0.0332278	0.0360156	0.0192388	0.0356008	-0.00696738	-0.0109442	-0.0342515	-0.0339525	-0.00320581	-0.00630263	-0.0310137	-0.00800407	
External Torques: -5.64474 -6.87648 12.5455 51.7719 -21.2394 
Current Torque on hip_flexion_l 0.388145
Current Torque on hip_adduction_l 0.297915
Current Torque on hip_rotation_l 6.30245
Current Torque on knee_angle_l 51.7664
Current Torque on ankle_angle_l -24.5428

----------------------------------------


EmgTime: 3.275
Adjusted EMG
0	0	0	0	0	0	0	0	0	0	0	0	0	0	0	0	0	0	0	0	0	0	0	0	0	0	0	0	0	0	0	0	0	0	0	0	0	0	0	0	0	0	0	0.00277447	0.00277637	0.001	0.0130899	0.00277637	0.00636884	0.00404004	0.001	0.00404004	0.00382482	0.001	0.00405141	0.001	0.001	0.001	0.001	0.001	0.00781292	0.001	0.00277637	0.00277637	0.00277637	0.001	0.001	0.001	0.001	0.001	0.00104239	0.0119863	0.00907897	0.00787631	0.00171746	0.001	0.001	0.001	0.001	0.001	0.001	0.001	0.001	0.001	0.001	0.0163267	0	0.001	0	0.001	0	0.000997281	
LmtTime: 3.27
Lmt
0.115864	0.131079	0.113449	0.0752906	0.077425	0.084095	0.375526	0.413453	0.387535	0.205728	0.522731	0.204881	0.133796	0.119148	0.1946	0.340445	0.511783	0.0977086	0.395064	0.206543	0.219306	0.253009	0.194357	0.248463	0.0767612	0.0675705	0.13819	0.430597	0.206397	0.217093	0.233424	0.398144	0.395014	0.278325	0.31163	0.400047	0.391938	0.249628	0.18974	0.358903	0.148187	0.380001	0.351673	0.114218	0.139793	0.13052	0.0702676	0.0775474	0.0897114	0.375231	0.412834	0.391184	0.198272	0.499933	0.166051	0.109309	0.104203	0.181423	0.334947	0.488866	0.0759386	0.371595	0.226275	0.24062	0.267449	0.177747	0.233118	0.086844	0.0771052	0.150073	0.407852	0.200882	0.211222	0.227036	0.390568	0.387538	0.273578	0.306508	0.396124	0.388391	0.245934	0.186868	0.354134	0.14619	0.375634	0.348042	0.117584	0.123582	0.228446	0.209136	0.292083	0.288759	
MomentArms on: hip_flexion_l
-0.00623184	0.0259052	0.0186737	0.0244399	-0.0264383	0.0430313	0.0189841	0.0418799	0.0502496	0.0641448	0.066334	
MomentArms on: hip_adduction_l
0.0692469	0.0723661	0.0662695	0.0542515	0.0289565	0.0135606	0.0497532	0.0431029	0.0113291	0.0212761	
MomentArms on: hip_rotation_l
0.0350287	0.0317878	0.00300539	0.00179313	0.00950659	-0.0233566	-0.00309252	0.0127446	-0.00759811	-0.0381927	
MomentArms on: knee_angle_l
-0.024787	-0.0271937	-0.0316563	-0.0166107	-0.0166902	-0.0132012	-0.0328693	-0.0392093	0.0355975	0.03342	0.0318397	0.0320532	
MomentArms on: ankle_angle_l
0.0331962	0.0359974	0.0192044	0.0355716	-0.00694667	-0.0109216	-0.0341804	-0.0338846	-0.00319527	-0.00629103	-0.0309424	-0.00798465	
External Torques: -5.29394 -8.78698 12.9811 52.9834 -21.8723 
Current Torque on hip_flexion_l 0.412929
Current Torque on hip_adduction_l 0.272046
Current Torque on hip_rotation_l 6.14832
Current Torque on knee_angle_l 52.9215
Current Torque on ankle_angle_l -24.6346

----------------------------------------


EmgTime: 3.285
Adjusted EMG
0	0	0	0	0	0	0	0	0	0	0	0	0	0	0	0	0	0	0	0	0	0	0	0	0	0	0	0	0	0	0	0	0	0	0	0	0	0	0	0	0	0	0	0.00275956	0.00276372	0.001	0.016404	0.00276372	0.00672338	0.00401967	0.001	0.00401967	0.00357363	0.001	0.00405518	0.001	0.001	0.001	0.001	0.001	0.00778154	0.001	0.00276372	0.00276372	0.00276372	0.001	0.001	0.001	0.001	0.001	0.001	0.0157636	0.0103225	0.00791148	0.00170705	0.001	0.001	0.001	0.001	0.001	0.001	0.001	0.001	0.001	0.001	0.0141745	0	0.001	0	0.001	0	0.000997281	
LmtTime: 3.28
Lmt
0.116329	0.131643	0.113978	0.0755001	0.0776765	0.0843901	0.37625	0.414255	0.388474	0.205416	0.521492	0.203866	0.133409	0.119078	0.194898	0.341456	0.511102	0.0970986	0.394615	0.207449	0.220331	0.254206	0.193468	0.247587	0.0766156	0.0674466	0.138364	0.430061	0.206772	0.217483	0.233798	0.398524	0.395399	0.278849	0.311766	0.400164	0.392124	0.249008	0.189795	0.359012	0.147854	0.379423	0.351042	0.114024	0.139645	0.130437	0.0701156	0.0774161	0.0896078	0.375094	0.412692	0.391071	0.198223	0.499994	0.166257	0.109444	0.104309	0.181465	0.334884	0.488898	0.0760596	0.371634	0.22619	0.240583	0.267478	0.177809	0.23318	0.0869981	0.0771771	0.15005	0.408005	0.20094	0.211283	0.227094	0.390594	0.387564	0.273629	0.306521	0.396136	0.388409	0.245875	0.186873	0.354144	0.146158	0.375579	0.347983	0.117484	0.123906	0.228239	0.209333	0.291843	0.289013	
MomentArms on: hip_flexion_l
-0.00618955	0.0259547	0.0187249	0.024506	-0.0263431	0.0430602	0.0189677	0.0419123	0.0502596	0.0641273	0.0663155	
MomentArms on: hip_adduction_l
0.0692163	0.0723991	0.0662965	0.0543482	0.029007	0.0135603	0.0499174	0.04308	0.0113209	0.0212936	
MomentArms on: hip_rotation_l
0.0349579	0.0316947	0.00300335	0.00179171	0.00931969	-0.0233008	-0.0031053	0.0126867	-0.00760367	-0.0380986	
MomentArms on: knee_angle_l
-0.0247628	-0.027179	-0.0316548	-0.0165975	-0.0166824	-0.013216	-0.0328581	-0.0391945	0.035554	0.0333938	0.0318046	0.0320244	
MomentArms on: ankle_angle_l
0.0331723	0.0359836	0.0191787	0.0355498	-0.00693127	-0.0109048	-0.0341274	-0.0338341	-0.00318743	-0.00628241	-0.0308894	-0.00797021	
External Torques: -4.89512 -10.6187 13.3557 54.1786 -22.4505 
Current Torque on hip_flexion_l 0.472433
Current Torque on hip_adduction_l 0.26221
Current Torque on hip_rotation_l 6.03265
Current Torque on knee_angle_l 54.0514
Current Torque on ankle_angle_l -24.7303

----------------------------------------


EmgTime: 3.295
Adjusted EMG
0	0	0	0	0	0	0	0	0	0	0	0	0	0	0	0	0	0	0	0	0	0	0	0	0	0	0	0	0	0	0	0	0	0	0	0	0	0	0	0	0	0	0	0.00274602	0.0027506	0.001	0.0192234	0.0027506	0.00700251	0.00399979	0.001	0.00399979	0.00333859	0.001	0.00405935	0.001	0.001	0.001	0.001	0.001	0.00774988	0.001	0.0027506	0.0027506	0.0027506	0.001	0.001	0.001	0.001	0.001	0.001	0.018824	0.0113827	0.00793691	0.00169627	0.001	0.001	0.001	0.001	0.001	0.001	0.001	0.001	0.001	0.001	0.0120422	0	0.001	0	0.001	0	0.000997281	
LmtTime: 3.29
Lmt
0.116821	0.1322	0.114471	0.0757287	0.0779286	0.0846674	0.377038	0.415142	0.389481	0.205092	0.520121	0.20289	0.133083	0.119093	0.195305	0.34258	0.510336	0.0964999	0.394228	0.208343	0.221356	0.25547	0.192543	0.246674	0.0764422	0.0672714	0.138493	0.429464	0.207161	0.217888	0.234185	0.39882	0.395699	0.279303	0.311883	0.400266	0.392286	0.248464	0.189842	0.359106	0.147565	0.378917	0.350488	0.113861	0.139508	0.130347	0.0699952	0.0773075	0.0895159	0.374945	0.412535	0.390933	0.198186	0.500087	0.16649	0.10959	0.104403	0.181491	0.334797	0.488964	0.0761999	0.371677	0.226086	0.240511	0.267461	0.177895	0.233264	0.0871142	0.0772288	0.150019	0.408162	0.200983	0.211327	0.227136	0.39062	0.387591	0.273673	0.306532	0.396146	0.388425	0.245824	0.186878	0.354153	0.146131	0.375532	0.347931	0.117399	0.124262	0.228023	0.209515	0.291583	0.289271	
MomentArms on: hip_flexion_l
-0.0061281	0.0260246	0.0187402	0.0245423	-0.026223	0.0430895	0.0189643	0.0419445	0.050267	0.064095	0.0662709	
MomentArms on: hip_adduction_l
0.0691864	0.0724307	0.0663412	0.0544562	0.0290545	0.0135584	0.0500804	0.0430474	0.0113084	0.0213068	
MomentArms on: hip_rotation_l
0.0348706	0.0315891	0.00300519	0.00179343	0.00914688	-0.0232623	-0.00315035	0.0126068	-0.00763421	-0.038017	
MomentArms on: knee_angle_l
-0.0247449	-0.027168	-0.0316519	-0.0165877	-0.0166765	-0.0132269	-0.0328497	-0.0391837	0.0355208	0.0333744	0.0317787	0.0320031	
MomentArms on: ankle_angle_l
0.0331513	0.0359713	0.0191563	0.0355306	-0.00691788	-0.0108902	-0.0340812	-0.03379	-0.00318061	-0.0062749	-0.0308433	-0.00795765	
External Torques: -4.52178 -12.2325 13.6728 55.2777 -22.9938 
Current Torque on hip_flexion_l 0.595889
Current Torque on hip_adduction_l 0.268649
Current Torque on hip_rotation_l 5.92976
Current Torque on knee_angle_l 55.0912
Current Torque on ankle_angle_l -24.8487

----------------------------------------


EmgTime: 3.305
Adjusted EMG
0	0	0	0	0	0	0	0	0	0	0	0	0	0	0	0	0	0	0	0	0	0	0	0	0	0	0	0	0	0	0	0	0	0	0	0	0	0	0	0	0	0	0	0.00273716	0.00273718	0.001	0.0215009	0.00273718	0.00715512	0.0039807	0.001	0.0039807	0.00313803	0.001	0.00406395	0.001	0.001	0.001	0.001	0.001	0.00771833	0.001	0.00273718	0.00273718	0.00273718	0.001	0.001	0.001	0.001	0.001	0.001	0.0211877	0.0122114	0.00795446	0.00168527	0.001	0.001	0.001	0.001	0.001	0.001	0.001	0.001	0.001	0.001	0.0100057	0	0.001	0	0.001	0	0.000997281	
LmtTime: 3.3
Lmt
0.117368	0.132762	0.114925	0.0760038	0.0782022	0.0849382	0.377888	0.416111	0.390545	0.20477	0.518641	0.20196	0.132814	0.119175	0.195804	0.343798	0.509514	0.095916	0.393908	0.209217	0.222358	0.256762	0.191599	0.245737	0.0762099	0.0670266	0.138571	0.428802	0.207546	0.218289	0.234568	0.399041	0.395924	0.279687	0.311982	0.400351	0.392422	0.248001	0.189882	0.359186	0.147319	0.378487	0.350015	0.113713	0.139368	0.130232	0.069895	0.0772086	0.0894227	0.374791	0.412374	0.390779	0.198163	0.500194	0.166782	0.109778	0.104516	0.181528	0.334703	0.489046	0.0763784	0.371748	0.225948	0.240397	0.267414	0.178	0.233364	0.0871998	0.0772567	0.149969	0.408316	0.201011	0.211356	0.227164	0.390657	0.387629	0.273721	0.306545	0.396156	0.388441	0.24577	0.186883	0.354163	0.146102	0.375481	0.347876	0.117324	0.124646	0.227765	0.209706	0.29129	0.289545	
MomentArms on: hip_flexion_l
-0.00604686	0.0261091	0.018703	0.0245343	-0.0260831	0.0431249	0.0189675	0.0419835	0.0502788	0.064062	0.0662035	
MomentArms on: hip_adduction_l
0.0691507	0.07247	0.0664044	0.0545928	0.0291132	0.0135577	0.0502667	0.0430034	0.0112944	0.0213223	
MomentArms on: hip_rotation_l
0.0347735	0.031476	0.00301347	0.00180029	0.00898512	-0.0232436	-0.00322695	0.0125047	-0.0076927	-0.037948	
MomentArms on: knee_angle_l
-0.0247334	-0.0271609	-0.0316474	-0.0165815	-0.0166727	-0.0132339	-0.0328444	-0.0391769	0.0354984	0.0333619	0.0317619	0.0319893	
MomentArms on: ankle_angle_l
0.0331284	0.035958	0.0191321	0.0355099	-0.00690349	-0.0108745	-0.0340318	-0.0337427	-0.00317329	-0.00626683	-0.0307937	-0.00794415	
External Torques: -4.19689 -13.5356 13.9456 56.2204 -23.5196 
Current Torque on hip_flexion_l 0.729463
Current Torque on hip_adduction_l 0.298986
Current Torque on hip_rotation_l 5.80102
Current Torque on knee_angle_l 55.9845
Current Torque on ankle_angle_l -25.0074

----------------------------------------


EmgTime: 3.315
Adjusted EMG
0	0	0	0	0	0	0	0	0	0	0	0	0	0	0	0	0	0	0	0	0	0	0	0	0	0	0	0	0	0	0	0	0	0	0	0	0	0	0	0	0	0	0	0.00272329	0.00272329	0.001	0.0237773	0.00272329	0.00719878	0.00396383	0.001	0.00396305	0.00296525	0.001	0.00407622	0.001	0.001	0.001	0.001	0.001	0.00768782	0.001	0.00272329	0.00272329	0.00272329	0.001	0.001	0.001	0.001	0.001	0.001	0.023084	0.0128753	0.00796134	0.0016753	0.001	0.001	0.001	0.001	0.001	0.001	0.001	0.001	0.001	0.001	0.00810862	0	0.001	0	0.001	0	0.000997281	
LmtTime: 3.31
Lmt
0.117997	0.13335	0.115353	0.0763547	0.0785245	0.0852243	0.378796	0.417154	0.39165	0.204467	0.517089	0.201062	0.132578	0.119289	0.196357	0.345079	0.508675	0.0953395	0.393647	0.210075	0.223331	0.258041	0.190647	0.244788	0.0758912	0.0667025	0.138605	0.428076	0.207909	0.218667	0.234928	0.399197	0.396083	0.280001	0.312064	0.400421	0.392535	0.247619	0.189914	0.359252	0.147118	0.378132	0.349623	0.113558	0.139204	0.130077	0.0697935	0.0770985	0.0893097	0.374639	0.412223	0.390621	0.198148	0.500295	0.167164	0.110042	0.104687	0.181608	0.334625	0.489122	0.0766126	0.37187	0.225763	0.240239	0.267362	0.178117	0.233474	0.0872741	0.0772631	0.149892	0.408462	0.201028	0.211374	0.227181	0.390712	0.387685	0.273779	0.30656	0.396169	0.388462	0.245702	0.186889	0.354175	0.146065	0.375417	0.347807	0.117244	0.125054	0.227419	0.209948	0.290946	0.289857	
MomentArms on: hip_flexion_l
-0.0059483	0.0261992	0.0186054	0.0244761	-0.0259307	0.0431717	0.0189679	0.0420361	0.0503024	0.064044	0.0661212	
MomentArms on: hip_adduction_l
0.0691015	0.0725262	0.0664833	0.0547747	0.0291992	0.0135616	0.0505041	0.0429476	0.011283	0.0213484	
MomentArms on: hip_rotation_l
0.0346743	0.0313605	0.00302974	0.00181352	0.00882366	-0.0232424	-0.00332827	0.0123832	-0.00777715	-0.0378867	
MomentArms on: knee_angle_l
-0.024726	-0.0271563	-0.0316416	-0.0165778	-0.0166702	-0.0132384	-0.0328409	-0.0391727	0.0354831	0.0333538	0.0317511	0.0319805	
MomentArms on: ankle_angle_l
0.0330994	0.0359411	0.0191018	0.0354838	-0.00688559	-0.0108549	-0.0339704	-0.0336837	-0.00316417	-0.00625679	-0.030732	-0.00792736	
External Torques: -3.90328 -14.4923 14.1954 56.9627 -24.0453 
Current Torque on hip_flexion_l 0.766388
Current Torque on hip_adduction_l 0.350758
Current Torque on hip_rotation_l 5.62344
Current Torque on knee_angle_l 56.6852
Current Torque on ankle_angle_l -25.2168

----------------------------------------


EmgTime: 3.325
Adjusted EMG
0	0	0	0	0	0	0	0	0	0	0	0	0	0	0	0	0	0	0	0	0	0	0	0	0	0	0	0	0	0	0	0	0	0	0	0	0	0	0	0	0	0	0	0.00270908	0.00270908	0.001	0.0261506	0.00270908	0.0072018	0.00394626	0.001	0.00394545	0.00291506	0.001	0.0040818	0.001	0.001	0.001	0.001	0.001	0.00765616	0.001	0.00270908	0.00270908	0.00270908	0.001	0.001	0.001	0.001	0.001	0.001	0.023521	0.0129321	0.00793662	0.00166337	0.001	0.001	0.001	0.001	0.001	0.001	0.001	0.001	0.001	0.001	0.00631349	0	0.001	0	0.001	0	0.000997281	
LmtTime: 3.32
Lmt
0.118725	0.13398	0.115772	0.0768	0.0789155	0.0855444	0.379754	0.418258	0.392778	0.204194	0.515503	0.200182	0.132351	0.1194	0.196927	0.346388	0.507858	0.0947632	0.393435	0.210924	0.224269	0.259272	0.1897	0.24384	0.0754717	0.0662992	0.13861	0.427291	0.208234	0.219006	0.23525	0.399303	0.396192	0.280251	0.312128	0.400476	0.392624	0.247311	0.189939	0.359304	0.146957	0.377848	0.349307	0.113374	0.138998	0.129871	0.0696727	0.0769604	0.0891632	0.374491	0.412085	0.390463	0.198137	0.500376	0.167658	0.110403	0.104938	0.181752	0.334573	0.489178	0.0769142	0.372057	0.225522	0.240036	0.267323	0.178243	0.233591	0.0873542	0.0772523	0.14978	0.408601	0.201041	0.211388	0.227194	0.390788	0.387761	0.273855	0.306579	0.396186	0.388489	0.245615	0.186896	0.35419	0.146018	0.375336	0.34772	0.117152	0.125485	0.226944	0.21027	0.290533	0.290222	
MomentArms on: hip_flexion_l
-0.00583392	0.0262894	0.0184464	0.0243674	-0.0257685	0.0432316	0.018959	0.042105	0.0503417	0.0640493	0.0660287	
MomentArms on: hip_adduction_l
0.0690331	0.0726036	0.0665751	0.0550124	0.0293232	0.0135727	0.050812	0.042879	0.0112768	0.0213911	
MomentArms on: hip_rotation_l
0.0345766	0.0312431	0.00305445	0.00183347	0.00865062	-0.0232548	-0.00344931	0.0122433	-0.00788546	-0.0378274	
MomentArms on: knee_angle_l
-0.0247205	-0.0271529	-0.0316346	-0.0165754	-0.0166683	-0.0132417	-0.0328384	-0.0391698	0.0354712	0.0333479	0.0317432	0.0319739	
MomentArms on: ankle_angle_l
0.0330616	0.035919	0.0190628	0.0354501	-0.00686264	-0.0108299	-0.0338916	-0.033608	-0.00315249	-0.00624391	-0.0306527	-0.00790584	
External Torques: -3.59913 -15.1233 14.4487 57.4717 -24.5859 
Current Torque on hip_flexion_l 0.767052
Current Torque on hip_adduction_l 0.411149
Current Torque on hip_rotation_l 5.39202
Current Torque on knee_angle_l 57.1861
Current Torque on ankle_angle_l -25.4752

----------------------------------------


EmgTime: 3.335
Adjusted EMG
0	0	0	0	0	0	0	0	0	0	0	0	0	0	0	0	0	0	0	0	0	0	0	0	0	0	0	0	0	0	0	0	0	0	0	0	0	0	0	0	0	0	0	0.00268777	0.00269453	0.001	0.0286899	0.00269453	0.00720343	0.00392782	0.001	0.00392782	0.00295071	0.001	0.00408024	0.001	0.001	0.001	0.001	0.001	0.00762452	0.001	0.00269453	0.00269453	0.00269453	0.001	0.001	0.001	0.001	0.001	0.001	0.0229726	0.0126004	0.00789035	0.00165043	0.001	0.001	0.001	0.001	0.001	0.001	0.001	0.001	0.001	0.001	0.00455013	0	0.001	0	0.001	0	0.000997281	
LmtTime: 3.33
Lmt
0.119554	0.134658	0.116192	0.0773439	0.0793832	0.0859091	0.380755	0.419413	0.393919	0.203963	0.513914	0.199311	0.132118	0.119485	0.19749	0.347699	0.507089	0.0941827	0.393271	0.211767	0.225173	0.260436	0.188768	0.242902	0.0749518	0.0658245	0.138597	0.426453	0.20851	0.219293	0.235523	0.399375	0.396267	0.280448	0.312179	0.40052	0.392695	0.247069	0.189959	0.359345	0.146831	0.377625	0.349059	0.113147	0.138742	0.129608	0.069521	0.0767846	0.0889759	0.374344	0.41196	0.390304	0.198127	0.500435	0.168269	0.110866	0.105278	0.181967	0.33455	0.489208	0.0772864	0.372313	0.225222	0.239789	0.267303	0.178379	0.233714	0.087452	0.0772299	0.149632	0.408738	0.201053	0.211401	0.227206	0.390883	0.387857	0.273948	0.306603	0.396207	0.388521	0.245508	0.186906	0.354209	0.145961	0.375236	0.34761	0.117045	0.125936	0.226315	0.210685	0.290039	0.290644	
MomentArms on: hip_flexion_l
-0.0057049	0.0263779	0.0182315	0.024214	-0.0255948	0.0433021	0.0189376	0.0421882	0.0503964	0.064078	0.0659279	
MomentArms on: hip_adduction_l
0.0689425	0.0727014	0.0666768	0.0553082	0.0294891	0.0135923	0.0511974	0.0427969	0.0112773	0.021453	
MomentArms on: hip_rotation_l
0.0344796	0.0311218	0.00308683	0.00185957	0.00845624	-0.0232763	-0.00358671	0.012085	-0.00801509	-0.0377645	
MomentArms on: knee_angle_l
-0.0247154	-0.0271498	-0.0316265	-0.0165733	-0.0166666	-0.0132447	-0.0328361	-0.0391671	0.0354599	0.0333424	0.0317358	0.0319679	
MomentArms on: ankle_angle_l
0.0330136	0.0358907	0.019014	0.0354078	-0.00683414	-0.0107987	-0.0337937	-0.0335138	-0.00313797	-0.0062279	-0.0305542	-0.00787909	
External Torques: -3.23912 -15.4803 14.7284 57.7347 -25.1513 
Current Torque on hip_flexion_l 0.771018
Current Torque on hip_adduction_l 0.470411
Current Torque on hip_rotation_l 5.10771
Current Torque on knee_angle_l 57.4637
Current Torque on ankle_angle_l -25.7749

----------------------------------------


EmgTime: 3.345
Adjusted EMG
0	0	0	0	0	0	0	0	0	0	0	0	0	0	0	0	0	0	0	0	0	0	0	0	0	0	0	0	0	0	0	0	0	0	0	0	0	0	0	0	0	0	0	0.00267221	0.00267968	0.001	0.0314581	0.00267968	0.00724892	0.00391199	0.001	0.00391199	0.00301791	0.001	0.00408659	0.001	0.001	0.001	0.001	0.001	0.00759178	0.001	0.00267968	0.00267968	0.00267968	0.001	0.001	0.001	0.001	0.001	0.001	0.0219533	0.0121292	0.00783571	0.00163836	0.001	0.001	0.001	0.001	0.001	0.001	0.001	0.001	0.001	0.001	0.00275418	0	0.001	0	0.001	0	0.000997281	
LmtTime: 3.34
Lmt
0.120465	0.135382	0.116625	0.0779713	0.0799194	0.0863184	0.3818	0.420619	0.395074	0.203777	0.512334	0.198447	0.131874	0.119545	0.19804	0.349004	0.50637	0.0935963	0.393162	0.21261	0.226052	0.261543	0.187851	0.241977	0.0743545	0.0652966	0.13858	0.425563	0.208731	0.219524	0.235742	0.399427	0.396321	0.280601	0.312218	0.400553	0.39275	0.24688	0.189975	0.359377	0.146733	0.37745	0.348864	0.112875	0.138437	0.129294	0.069335	0.0765702	0.0887488	0.374198	0.411848	0.390148	0.198116	0.500472	0.168986	0.11142	0.105701	0.182248	0.334553	0.48921	0.0777199	0.372635	0.224871	0.239507	0.267307	0.178524	0.233845	0.0875729	0.0772012	0.149454	0.408871	0.201065	0.211413	0.227218	0.390997	0.387972	0.274056	0.306631	0.396231	0.38856	0.245381	0.186917	0.354231	0.145893	0.375118	0.347483	0.116926	0.126404	0.225535	0.211186	0.289468	0.291116	
MomentArms on: hip_flexion_l
-0.00556488	0.0264621	0.0179726	0.0240261	-0.0254106	0.0433776	0.0189031	0.0422796	0.0504628	0.0641255	0.065821	
MomentArms on: hip_adduction_l
0.0688303	0.0728135	0.0667833	0.0556535	0.0296935	0.0136211	0.0516521	0.0427023	0.0112851	0.0215339	
MomentArms on: hip_rotation_l
0.0343834	0.030996	0.003125	0.00189037	0.00823754	-0.0233026	-0.00373562	0.0119113	-0.00816107	-0.0376949	
MomentArms on: knee_angle_l
-0.0247103	-0.0271467	-0.0316173	-0.0165714	-0.0166649	-0.0132477	-0.0328338	-0.0391644	0.0354483	0.033337	0.0317286	0.031962	
MomentArms on: ankle_angle_l
0.0329555	0.0358563	0.0189562	0.0353572	-0.00680065	-0.0107621	-0.0336784	-0.0334029	-0.00312092	-0.00620908	-0.0304383	-0.00784767	
External Torques: -2.80568 -15.619 15.0404 57.7702 -25.7376 
Current Torque on hip_flexion_l 0.780754
Current Torque on hip_adduction_l 0.518334
Current Torque on hip_rotation_l 4.78667
Current Torque on knee_angle_l 57.5224
Current Torque on ankle_angle_l -26.103

----------------------------------------


EmgTime: 3.355
Adjusted EMG
0	0	0	0	0	0	0	0	0	0	0	0	0	0	0	0	0	0	0	0	0	0	0	0	0	0	0	0	0	0	0	0	0	0	0	0	0	0	0	0	0	0	0	0.00265621	0.00266446	0.001	0.0343748	0.00266446	0.0073676	0.00389708	0.001	0.00389708	0.00308563	0.001	0.00409336	0.001	0.001	0.001	0.001	0.001	0.00756033	0.001	0.00266446	0.00266446	0.00266446	0.001	0.001	0.001	0.001	0.001	0.001	0.0207916	0.0116535	0.00778026	0.00162618	0.00112089	0.001	0.001	0.001	0.001	0.001	0.001	0.001	0.001	0.001	0.001	0	0.001	0	0.001	0	0.000997281	
LmtTime: 3.35
Lmt
0.121421	0.13614	0.117081	0.0786469	0.0804998	0.0867628	0.382901	0.421897	0.396265	0.203635	0.510748	0.197588	0.131626	0.119597	0.198598	0.350319	0.505673	0.093002	0.393128	0.213466	0.226933	0.262634	0.186936	0.241052	0.0737289	0.0647459	0.138575	0.42461	0.2089	0.219701	0.235909	0.399472	0.396368	0.280722	0.31225	0.40058	0.392793	0.24673	0.189987	0.359403	0.146655	0.377312	0.34871	0.112567	0.138094	0.128944	0.0691192	0.0763236	0.0884903	0.374063	0.411756	0.390004	0.198108	0.500486	0.169774	0.112039	0.106187	0.182583	0.334585	0.489183	0.0781935	0.373012	0.224484	0.239205	0.267336	0.178673	0.233978	0.0877159	0.0771703	0.149254	0.408994	0.201075	0.211423	0.227227	0.391123	0.388099	0.274176	0.306662	0.396258	0.388602	0.245243	0.186929	0.354255	0.145819	0.374989	0.347342	0.116797	0.126877	0.224648	0.211746	0.28884	0.291618	
MomentArms on: hip_flexion_l
-0.00542158	0.0265367	0.0176858	0.0238161	-0.0252236	0.0434507	0.018856	0.0423714	0.0505363	0.0641877	0.0657135	
MomentArms on: hip_adduction_l
0.0687004	0.0729316	0.0668867	0.05603	0.0299272	0.0136583	0.0521541	0.0425989	0.0113008	0.0216307	
MomentArms on: hip_rotation_l
0.0342922	0.0308708	0.00316645	0.00192389	0.00800113	-0.0233301	-0.00388737	0.0117307	-0.00831507	-0.0376197	
MomentArms on: knee_angle_l
-0.0247063	-0.0271442	-0.0316071	-0.0165702	-0.0166635	-0.0132501	-0.032832	-0.0391624	0.0354378	0.0333326	0.0317227	0.0319572	
MomentArms on: ankle_angle_l
0.0328895	0.035817	0.0188919	0.0353004	-0.00676374	-0.0107218	-0.0335511	-0.0332803	-0.00310212	-0.00618833	-0.0303104	-0.00781302	
External Torques: -2.33052 -15.5845 15.3651 57.6193 -26.3317 
Current Torque on hip_flexion_l 0.781172
Current Torque on hip_adduction_l 0.549618
Current Torque on hip_rotation_l 4.45395
Current Torque on knee_angle_l 57.3951
Current Torque on ankle_angle_l -26.4408

----------------------------------------


EmgTime: 3.365
Adjusted EMG
0	0	0	0	0	0	0	0	0	0	0	0	0	0	0	0	0	0	0	0	0	0	0	0	0	0	0	0	0	0	0	0	0	0	0	0	0	0	0	0	0	0	0	0.00263993	0.00264898	0.001	0.0369937	0.00264898	0.00750843	0.00388488	0.001	0.00388404	0.00316049	0.001	0.00410565	0.001	0.001	0.001	0.001	0.001	0.00752911	0.001	0.00264898	0.00264898	0.00264898	0.001	0.001	0.001	0.001	0.001	0.001	0.0195101	0.0111644	0.0077241	0.00161344	0.00170173	0.00262369	0.001	0.001	0.001	0.001	0.001	0.001	0.001	0.001	0.001	0	0.001	0	0.001	0	0.000997281	
LmtTime: 3.36
Lmt
0.122383	0.13692	0.117576	0.079332	0.0810977	0.0872322	0.384077	0.423269	0.397522	0.203532	0.509133	0.196726	0.131379	0.119667	0.199186	0.351665	0.504957	0.0923946	0.393184	0.214351	0.227844	0.263759	0.186003	0.240109	0.073131	0.0642072	0.138601	0.423581	0.209022	0.219828	0.23603	0.399515	0.396412	0.280819	0.312275	0.400601	0.392828	0.246609	0.189997	0.359423	0.146593	0.377201	0.348586	0.112229	0.137724	0.128572	0.0688769	0.0760508	0.0882085	0.373952	0.411699	0.389887	0.198104	0.500469	0.170596	0.112696	0.10672	0.182966	0.334649	0.489118	0.0786846	0.373433	0.224081	0.2389	0.267398	0.178816	0.234105	0.087881	0.0771409	0.149039	0.409094	0.20108	0.211429	0.227233	0.391256	0.388233	0.2743	0.306694	0.396286	0.388646	0.245098	0.186942	0.354281	0.145741	0.374854	0.347195	0.116654	0.127347	0.223706	0.212344	0.288185	0.292133	
MomentArms on: hip_flexion_l
-0.0052848	0.0265937	0.0173868	0.0235958	-0.0250467	0.0435164	0.0187956	0.0424579	0.0506141	0.064265	0.0656144	
MomentArms on: hip_adduction_l
0.068557	0.07305	0.0669782	0.0564192	0.0301812	0.013703	0.052682	0.0424922	0.0113247	0.0217405	
MomentArms on: hip_rotation_l
0.0342138	0.0307546	0.00320896	0.00195835	0.00775568	-0.0233556	-0.00403003	0.0115546	-0.00846679	-0.0375408	
MomentArms on: knee_angle_l
-0.0247044	-0.0271428	-0.0315961	-0.01657	-0.0166627	-0.0132515	-0.032831	-0.0391615	0.0354296	0.0333301	0.0317194	0.0319544	
MomentArms on: ankle_angle_l
0.032818	0.0357741	0.0188239	0.03524	-0.00672513	-0.0106795	-0.0334177	-0.0331518	-0.00308245	-0.0061666	-0.0301764	-0.00777677	
External Torques: -1.87644 -15.4078 15.6628 57.3412 -26.9134 
Current Torque on hip_flexion_l 0.756634
Current Torque on hip_adduction_l 0.571845
Current Torque on hip_rotation_l 4.11858
Current Torque on knee_angle_l 57.1418
Current Torque on ankle_angle_l -26.7758

----------------------------------------


EmgTime: 3.375
Adjusted EMG
0	0	0	0	0	0	0	0	0	0	0	0	0	0	0	0	0	0	0	0	0	0	0	0	0	0	0	0	0	0	0	0	0	0	0	0	0	0	0	0	0	0	0	0.00262351	0.00263323	0.001	0.0388692	0.00263323	0.00763275	0.00387201	0.001	0.00387145	0.00323747	0.001	0.00411516	0.001	0.001	0.001	0.001	0.001	0.00749892	0.001	0.00263323	0.00263323	0.00263323	0.001	0.001	0.001	0.001	0.001	0.001	0.0181901	0.0106833	0.0076685	0.00160051	0.00219268	0.00414471	0.001	0.001	0.001	0.001	0.00100575	0.001	0.001	0.001	0.001	0	0.001	0	0.001	0	0.000997281	
LmtTime: 3.37
Lmt
0.123321	0.137716	0.118121	0.0799974	0.0816923	0.0877184	0.385339	0.424749	0.398863	0.203465	0.507471	0.195854	0.131137	0.119772	0.199821	0.353059	0.504189	0.0917704	0.393341	0.215276	0.228806	0.264954	0.185036	0.239132	0.0726041	0.0637071	0.138672	0.422465	0.209102	0.219911	0.236108	0.399561	0.396459	0.280898	0.312295	0.400619	0.392856	0.24651	0.190005	0.35944	0.146542	0.37711	0.348484	0.111865	0.137336	0.128191	0.0686083	0.0757547	0.0879088	0.373875	0.411686	0.389808	0.198102	0.500415	0.171423	0.113369	0.107288	0.183387	0.334751	0.489009	0.0791741	0.373889	0.223677	0.238609	0.267503	0.178942	0.234216	0.0880715	0.0771186	0.148819	0.409165	0.201083	0.211431	0.227235	0.391392	0.38837	0.274424	0.306726	0.396313	0.38869	0.244952	0.186955	0.354306	0.145664	0.374719	0.347047	0.116493	0.12781	0.222745	0.212965	0.28752	0.292655	
MomentArms on: hip_flexion_l
-0.00516278	0.0266269	0.0170927	0.0233787	-0.0248906	0.0435721	0.018721	0.0425361	0.0506943	0.0643582	0.0655327	
MomentArms on: hip_adduction_l
0.0684039	0.0731647	0.0670505	0.0568056	0.0304478	0.0137535	0.0532191	0.0423871	0.0113565	0.0218601	
MomentArms on: hip_rotation_l
0.0341537	0.0306533	0.00325051	0.00199209	0.00750497	-0.0233745	-0.00415236	0.0113928	-0.00860631	-0.0374576	
MomentArms on: knee_angle_l
-0.0247041	-0.0271422	-0.0315848	-0.0165706	-0.0166623	-0.0132521	-0.0328306	-0.0391614	0.0354228	0.0333291	0.031718	0.0319533	
MomentArms on: ankle_angle_l
0.0327434	0.0357292	0.0187548	0.0351779	-0.00668627	-0.010637	-0.0332831	-0.0330222	-0.00306265	-0.00614471	-0.0300412	-0.00774028	
External Torques: -1.5132 -15.1126 15.8837 57.0021 -27.4608 
Current Torque on hip_flexion_l 0.711181
Current Torque on hip_adduction_l 0.585185
Current Torque on hip_rotation_l 3.78391
Current Torque on knee_angle_l 56.8276
Current Torque on ankle_angle_l -27.111

----------------------------------------


EmgTime: 3.385
Adjusted EMG
0	0	0	0	0	0	0	0	0	0	0	0	0	0	0	0	0	0	0	0	0	0	0	0	0	0	0	0	0	0	0	0	0	0	0	0	0	0	0	0	0	0	0	0.00260726	0.00261714	0.001	0.0398698	0.00261714	0.0077581	0.00385879	0.001	0.00385879	0.00330333	0.001	0.004123	0.001	0.001	0.001	0.001	0.001	0.00746718	0.001	0.00261714	0.00261714	0.00261714	0.001	0.001	0.001	0.001	0.001	0.001	0.0170181	0.0102703	0.00761659	0.00158731	0.00255535	0.00527004	0.001	0.001	0.001	0.001	0.00109408	0.001	0.001	0.001	0.001	0	0.001	0	0.001	0	0.000997281	
LmtTime: 3.38
Lmt
0.124214	0.138518	0.118716	0.0806213	0.0822663	0.0882116	0.386691	0.426347	0.400303	0.203429	0.505744	0.194975	0.130911	0.119933	0.200524	0.354513	0.50334	0.0911314	0.39361	0.216244	0.229829	0.266241	0.184025	0.238113	0.0721791	0.0632625	0.138791	0.421257	0.209144	0.219956	0.236151	0.399609	0.396508	0.280962	0.312312	0.400632	0.392879	0.246431	0.190011	0.359453	0.146501	0.377037	0.348402	0.111478	0.136938	0.127814	0.0683133	0.0754389	0.0875979	0.373834	0.411719	0.389774	0.1981	0.500323	0.172223	0.114033	0.107872	0.183835	0.33489	0.488855	0.079643	0.374364	0.223289	0.23835	0.267655	0.179046	0.234304	0.0882916	0.07711	0.148603	0.409204	0.201084	0.211433	0.227237	0.391523	0.388502	0.274544	0.306757	0.39634	0.388733	0.244812	0.186967	0.354331	0.145589	0.374588	0.346904	0.116312	0.12826	0.221793	0.2136	0.286862	0.293176	
MomentArms on: hip_flexion_l
-0.00506246	0.0266328	0.0168236	0.0231812	-0.0247633	0.0436166	0.0186324	0.042604	0.0507747	0.0644659	0.0654766	
MomentArms on: hip_adduction_l
0.0682463	0.0732727	0.0670982	0.0571739	0.0307175	0.0138069	0.0537487	0.0422889	0.0113948	0.021985	
MomentArms on: hip_rotation_l
0.0341143	0.0305693	0.00328889	0.00202333	0.00725012	-0.0233811	-0.0042444	0.0112535	-0.00872388	-0.0373681	
MomentArms on: knee_angle_l
-0.0247045	-0.0271417	-0.0315734	-0.0165713	-0.0166621	-0.0132525	-0.0328304	-0.0391616	0.0354158	0.0333283	0.031717	0.0319524	
MomentArms on: ankle_angle_l
0.0326685	0.0356838	0.018687	0.0351166	-0.00664851	-0.0105957	-0.033152	-0.0328959	-0.00304342	-0.00612342	-0.0299097	-0.00770481	
External Torques: -1.26907 -14.7074 15.9779 56.66 -27.9541 
Current Torque on hip_flexion_l 0.653272
Current Torque on hip_adduction_l 0.583736
Current Torque on hip_rotation_l 3.45757
Current Torque on knee_angle_l 56.5071
Current Torque on ankle_angle_l -27.4417

----------------------------------------


EmgTime: 3.395
Adjusted EMG
0	0	0	0	0	0	0	0	0	0	0	0	0	0	0	0	0	0	0	0	0	0	0	0	0	0	0	0	0	0	0	0	0	0	0	0	0	0	0	0	0	0	0	0.00259053	0.00260093	0.001	0.0397979	0.00260093	0.00784123	0.00384841	0.001	0.00384841	0.00335877	0.001	0.001	0.001	0.001	0.001	0.001	0.001	0.00743676	0.001	0.00260093	0.00260093	0.00260093	0.001	0.001	0.001	0.001	0.001	0.001	0.0159703	0.00991125	0.00756809	0.00157514	0.00278476	0.00598221	0.001	0.001	0.001	0.001	0.00177727	0.001	0.001	0.001	0.001	0	0.001	0	0.001	0	0.000997281	
LmtTime: 3.39
Lmt
0.125044	0.139318	0.119362	0.0811884	0.082807	0.0887036	0.388138	0.428067	0.401849	0.203421	0.50394	0.194094	0.130709	0.120164	0.201305	0.356037	0.502389	0.0904803	0.393998	0.217252	0.230914	0.267634	0.182965	0.237044	0.0718781	0.062885	0.138962	0.419952	0.209154	0.219966	0.23616	0.399655	0.396554	0.281008	0.312323	0.400643	0.392896	0.246373	0.190016	0.359463	0.146471	0.376984	0.348343	0.111068	0.136538	0.127455	0.0679904	0.075105	0.0872807	0.373833	0.411799	0.38979	0.198097	0.500189	0.172969	0.114669	0.108459	0.184301	0.335064	0.488654	0.0800751	0.374845	0.222933	0.238137	0.267862	0.179117	0.234364	0.0885467	0.0771219	0.148398	0.409211	0.201089	0.211437	0.227241	0.391644	0.388625	0.274657	0.306786	0.396365	0.388772	0.244679	0.186978	0.354354	0.145518	0.374465	0.346769	0.116108	0.128688	0.220868	0.214244	0.286224	0.293692	
MomentArms on: hip_flexion_l
-0.00499019	0.0266084	0.0165984	0.0230193	-0.024673	0.0436505	0.0185296	0.042662	0.0508545	0.0645888	0.0654549	
MomentArms on: hip_adduction_l
0.0680887	0.0733734	0.0671169	0.0575115	0.0309825	0.0138604	0.0542577	0.0422025	0.0114378	0.0221114	
MomentArms on: hip_rotation_l
0.0340978	0.0305049	0.00332233	0.00205056	0.00699069	-0.0233698	-0.00429644	0.0111439	-0.00881026	-0.0372697	
MomentArms on: knee_angle_l
-0.024704	-0.0271405	-0.0315624	-0.0165713	-0.0166614	-0.0132537	-0.0328296	-0.039161	0.0354059	0.0333263	0.0317142	0.0319502	
MomentArms on: ankle_angle_l
0.0325956	0.0356393	0.0186225	0.0350578	-0.00661295	-0.0105568	-0.0330282	-0.0327767	-0.0030253	-0.00610335	-0.0297857	-0.00767139	
External Torques: -1.07535 -14.1765 15.9119 56.3561 -28.3797 
Current Torque on hip_flexion_l 0.697162
Current Torque on hip_adduction_l 0.899277
Current Torque on hip_rotation_l 3.13637
Current Torque on knee_angle_l 56.2217
Current Torque on ankle_angle_l -27.7565

----------------------------------------


EmgTime: 3.405
Adjusted EMG
0	0	0	0	0	0	0	0	0	0	0	0	0	0	0	0	0	0	0	0	0	0	0	0	0	0	0	0	0	0	0	0	0	0	0	0	0	0	0	0	0	0	0	0.00257293	0.00258453	0.001	0.0390755	0.00258453	0.0078581	0.00383927	0.001	0.00383927	0.00342349	0.001	0.001	0.001	0.001	0.001	0.001	0.001	0.00740665	0.001	0.00258453	0.00258453	0.00258453	0.001	0.001	0.001	0.001	0.001	0.001	0.0148886	0.00954579	0.00751959	0.00156092	0.00290665	0.00633424	0.001	0.001	0.001	0.001	0.00179997	0.001	0.001	0.001	0.001	0	0.001	0	0.001	0	0.000997281	
LmtTime: 3.4
Lmt
0.125806	0.140109	0.120053	0.0816923	0.083308	0.0891893	0.389675	0.429903	0.403494	0.203443	0.502067	0.193215	0.130532	0.120468	0.202164	0.357623	0.501333	0.0898209	0.394506	0.218295	0.232054	0.269122	0.181858	0.23593	0.0717085	0.0625803	0.139183	0.418553	0.209128	0.219938	0.236134	0.399695	0.396594	0.281031	0.312329	0.400648	0.392904	0.246344	0.190018	0.359468	0.146456	0.376957	0.348313	0.110632	0.136136	0.127118	0.0676357	0.0747521	0.0869589	0.373871	0.411924	0.389858	0.198087	0.500014	0.173648	0.115266	0.109041	0.184777	0.335273	0.488407	0.0804619	0.375323	0.222616	0.237982	0.268129	0.179154	0.234391	0.0888432	0.0771604	0.148212	0.40919	0.2011	0.211449	0.227252	0.391752	0.388733	0.27476	0.306812	0.396388	0.388809	0.244558	0.186989	0.354375	0.145454	0.374352	0.346646	0.115881	0.129088	0.219973	0.214896	0.285611	0.2942	
MomentArms on: hip_flexion_l
-0.0049489	0.0265533	0.0164316	0.0229057	-0.0246225	0.0436757	0.0184124	0.0427114	0.0509334	0.0647265	0.0654732	
MomentArms on: hip_adduction_l
0.0679341	0.0734672	0.0671052	0.0578125	0.031238	0.0139118	0.0547405	0.0421311	0.0114839	0.0222361	
MomentArms on: hip_rotation_l
0.0341026	0.0304582	0.00334968	0.00207282	0.00672179	-0.0233356	-0.00430311	0.0110671	-0.00885968	-0.0371582	
MomentArms on: knee_angle_l
-0.0247012	-0.0271376	-0.0315522	-0.0165695	-0.0166598	-0.0132565	-0.0328275	-0.0391587	0.0353904	0.0333212	0.0317074	0.0319446	
MomentArms on: ankle_angle_l
0.0325264	0.0355969	0.0185626	0.0350028	-0.00658023	-0.0105209	-0.0329141	-0.0326668	-0.00300863	-0.00608488	-0.0296714	-0.00764065	
External Torques: -0.832092 -13.5126 15.6732 56.1039 -28.7311 
Current Torque on hip_flexion_l 0.741522
Current Torque on hip_adduction_l 1.23339
Current Torque on hip_rotation_l 2.81522
Current Torque on knee_angle_l 55.9889
Current Torque on ankle_angle_l -28.0448

----------------------------------------


EmgTime: 3.415
Adjusted EMG
0	0	0	0	0	0	0	0	0	0	0	0	0	0	0	0	0	0	0	0	0	0	0	0	0	0	0	0	0	0	0	0	0	0	0	0	0	0	0	0	0	0	0	0.00256807	0.00256844	0.001	0.0384322	0.00256844	0.00784851	0.00383167	0.001	0.00383167	0.00350178	0.001	0.001	0.001	0.001	0.001	0.001	0.001	0.00737781	0.001	0.00256844	0.00256844	0.00256844	0.001	0.001	0.001	0.001	0.001	0.001	0.013547	0.00910642	0.00746851	0.00154857	0.00295047	0.00642727	0.001	0.001	0.001	0.001	0.00182255	0.001	0.001	0.001	0.001	0	0.001	0	0.001	0	0.000997281	
LmtTime: 3.41
Lmt
0.126496	0.140881	0.120772	0.0821355	0.0837676	0.0896614	0.391281	0.431831	0.405212	0.2035	0.500155	0.192357	0.130386	0.12084	0.203086	0.359247	0.500189	0.0891658	0.39513	0.219348	0.233222	0.270671	0.180725	0.234789	0.071658	0.0623416	0.139442	0.417074	0.209061	0.219868	0.236068	0.399726	0.396625	0.281028	0.312329	0.400647	0.392903	0.246348	0.190018	0.359467	0.146458	0.376961	0.348317	0.110166	0.135733	0.126811	0.0672471	0.0743807	0.0866349	0.373934	0.412077	0.389964	0.19807	0.499811	0.174253	0.115812	0.109605	0.185249	0.335501	0.488129	0.0808001	0.375788	0.222343	0.237886	0.268447	0.17916	0.23439	0.0891858	0.0772319	0.148048	0.409154	0.201121	0.211471	0.227273	0.391843	0.388825	0.274852	0.306836	0.396408	0.388842	0.244449	0.186998	0.354394	0.145396	0.374251	0.346535	0.115638	0.129458	0.219097	0.215555	0.285019	0.294698	
MomentArms on: hip_flexion_l
-0.00493584	0.0264745	0.0163376	0.0228548	-0.0246035	0.0436935	0.0182836	0.042753	0.0510088	0.0648707	0.0655298	
MomentArms on: hip_adduction_l
0.0677858	0.0735535	0.0670664	0.0580746	0.0314791	0.0139591	0.0551943	0.0420746	0.0115307	0.0223564	
MomentArms on: hip_rotation_l
0.0341178	0.030418	0.00336965	0.00208905	0.00643261	-0.0232734	-0.00426719	0.0110177	-0.00887134	-0.037027	
MomentArms on: knee_angle_l
-0.0246949	-0.0271322	-0.0315426	-0.0165654	-0.0166568	-0.0132617	-0.0328236	-0.0391539	0.0353669	0.0333118	0.0316948	0.0319343	
MomentArms on: ankle_angle_l
0.0324626	0.0355577	0.0185085	0.0349528	-0.00655089	-0.0104888	-0.0328115	-0.0325681	-0.00299367	-0.0060683	-0.0295688	-0.00761307	
External Torques: -0.490954 -12.7405 15.2661 55.8815 -29.0099 
Current Torque on hip_flexion_l 0.587962
Current Torque on hip_adduction_l 0.950968
Current Torque on hip_rotation_l 2.49723
Current Torque on knee_angle_l 55.7897
Current Torque on ankle_angle_l -28.2963

----------------------------------------


EmgTime: 3.425
Adjusted EMG
0	0	0	0	0	0	0	0	0	0	0	0	0	0	0	0	0	0	0	0	0	0	0	0	0	0	0	0	0	0	0	0	0	0	0	0	0	0	0	0	0	0	0	0.00254117	0.00255113	0.001	0.0364206	0.00255113	0.00779376	0.00382601	0.001	0.0038255	0.00360108	0.001	0.001	0.001	0.001	0.001	0.001	0.001	0.0073482	0.001	0.00255113	0.00255113	0.00255113	0.0185071	0.001	0.001	0.001	0.001	0.001	0.0117243	0.00853519	0.00740926	0.00153404	0.0029488	0.0063552	0.001	0.001	0.001	0.001	0.00196892	0.001	0.001	0.001	0.001	0	0.001	0	0.001	0	0.000997281	
LmtTime: 3.42
Lmt
0.127127	0.141621	0.121488	0.0825323	0.0841905	0.0901123	0.39293	0.433819	0.406967	0.203598	0.498244	0.191553	0.130282	0.121268	0.204053	0.360875	0.498993	0.0885365	0.395868	0.22038	0.234376	0.272231	0.179598	0.233653	0.0716919	0.0621469	0.139716	0.415539	0.208944	0.219746	0.235952	0.399753	0.396651	0.280996	0.31232	0.40064	0.392892	0.246388	0.190014	0.359461	0.146479	0.376997	0.348358	0.109666	0.135327	0.126536	0.0668223	0.0739911	0.0863109	0.374003	0.412236	0.390089	0.198042	0.499604	0.174783	0.116298	0.110135	0.185698	0.335725	0.487841	0.0810898	0.376226	0.222114	0.23785	0.268804	0.179147	0.234374	0.0895796	0.0773442	0.147914	0.409124	0.201153	0.211504	0.227304	0.391914	0.388897	0.274932	0.306857	0.396426	0.38887	0.244354	0.187006	0.35441	0.145346	0.374162	0.346439	0.115389	0.129799	0.218211	0.216222	0.284432	0.295183	
MomentArms on: hip_flexion_l
-0.00494489	0.0263837	0.0163319	0.0228827	-0.0245998	0.0437049	0.0181477	0.0427866	0.0510766	0.0650075	0.0656183	
MomentArms on: hip_adduction_l
0.0676467	0.0736302	0.0670071	0.0582988	0.0317018	0.0140015	0.0556181	0.0420312	0.0115757	0.0224698	
MomentArms on: hip_rotation_l
0.034126	0.0303661	0.0033807	0.00209799	0.00610729	-0.0231771	-0.00419655	0.010985	-0.00884736	-0.0368673	
MomentArms on: knee_angle_l
-0.0246843	-0.0271237	-0.031533	-0.0165583	-0.0166522	-0.0132697	-0.0328174	-0.0391463	0.0353333	0.0332971	0.0316752	0.0319182	
MomentArms on: ankle_angle_l
0.0324054	0.0355224	0.0184607	0.0349084	-0.0065252	-0.0104606	-0.0327213	-0.0324814	-0.00298058	-0.00605378	-0.0294788	-0.00758892	
External Torques: -0.0620478 -11.8803 14.697 55.6501 -29.2227 
Current Torque on hip_flexion_l 0.853792
Current Torque on hip_adduction_l 0.869224
Current Torque on hip_rotation_l 2.1966
Current Torque on knee_angle_l 55.5877
Current Torque on ankle_angle_l -28.5066

----------------------------------------


EmgTime: 3.435
Adjusted EMG
0	0	0	0	0	0	0	0	0	0	0	0	0	0	0	0	0	0	0	0	0	0	0	0	0	0	0	0	0	0	0	0	0	0	0	0	0	0	0	0	0	0	0	0.00253417	0.00253411	0.001	0.0334618	0.00253411	0.00763278	0.00382044	0.001	0.00381978	0.00373257	0.001	0.001	0.001	0.001	0.001	0.001	0.001	0.00731825	0.001	0.00253411	0.00253411	0.00253411	0.0173631	0.001	0.001	0.001	0.001	0.001	0.00924301	0.00782482	0.00734436	0.00152101	0.00292039	0.00616958	0.001	0.001	0.001	0.001	0.00195844	0.001	0.001	0.001	0.001	0	0.001	0	0.001	0	0.000997281	
LmtTime: 3.43
Lmt
0.127719	0.142322	0.122172	0.0829068	0.0845897	0.0905396	0.394593	0.435832	0.408715	0.203747	0.496382	0.190835	0.130227	0.121736	0.205039	0.362471	0.497794	0.0879531	0.396712	0.221359	0.235477	0.273743	0.178515	0.232557	0.0717615	0.061966	0.139981	0.413972	0.208766	0.219561	0.235777	0.399778	0.396675	0.280935	0.312305	0.400627	0.39287	0.246465	0.190008	0.359448	0.146518	0.377068	0.348437	0.10912	0.134912	0.126293	0.0663556	0.0735796	0.0859848	0.374063	0.412382	0.390218	0.198003	0.499409	0.175248	0.116725	0.110627	0.186114	0.335931	0.487558	0.0813355	0.376636	0.221926	0.237869	0.269191	0.179124	0.234351	0.0900316	0.0775032	0.147811	0.409115	0.201199	0.211552	0.22735	0.391968	0.388951	0.275003	0.306875	0.396442	0.388895	0.244271	0.187013	0.354425	0.145302	0.374085	0.346354	0.11514	0.130107	0.217279	0.216909	0.283836	0.295656	
MomentArms on: hip_flexion_l
-0.0049708	0.0262895	0.0164251	0.0230015	-0.0245988	0.043711	0.0180069	0.042813	0.0511345	0.0651277	0.0657336	
MomentArms on: hip_adduction_l
0.0675175	0.0736971	0.066932	0.0584899	0.0319066	0.0140393	0.0560178	0.0419986	0.0116182	0.0225768	
MomentArms on: hip_rotation_l
0.034112	0.0302863	0.00338193	0.00209892	0.00572989	-0.0230417	-0.00409796	0.0109591	-0.00879026	-0.0366706	
MomentArms on: knee_angle_l
-0.0246687	-0.0271115	-0.031523	-0.0165477	-0.0166455	-0.0132813	-0.0328084	-0.0391353	0.0352872	0.033276	0.0316471	0.0318951	
MomentArms on: ankle_angle_l
0.0323542	0.0354907	0.0184187	0.0348692	-0.0065027	-0.010436	-0.0326421	-0.0324055	-0.00296912	-0.00604105	-0.0294	-0.00756777	
External Torques: 0.39217 -10.919 13.9618 55.3674 -29.3831 
Current Torque on hip_flexion_l 1.28054
Current Torque on hip_adduction_l 0.828702
Current Torque on hip_rotation_l 1.88504
Current Torque on knee_angle_l 55.3421
Current Torque on ankle_angle_l -28.683

----------------------------------------


EmgTime: 3.445
Adjusted EMG
0	0	0	0	0	0	0	0	0	0	0	0	0	0	0	0	0	0	0	0	0	0	0	0	0	0	0	0	0	0	0	0	0	0	0	0	0	0	0	0	0	0	0	0.00250819	0.00251721	0.001	0.0301179	0.00251721	0.00734942	0.0038162	0.001	0.00381666	0.0038691	0.001	0.001	0.001	0.001	0.001	0.001	0.001	0.00728992	0.001	0.00251721	0.00251721	0.00251721	0.0191856	0.001	0.001	0.001	0.001	0.001	0.00608886	0.006997	0.007275	0.00150678	0.00287465	0.00593159	0.001	0.001	0.001	0.001	0.0019276	0.001	0.001	0.001	0.001	0	0.001	0	0.001	0	0.000997281	
LmtTime: 3.44
Lmt
0.128295	0.142982	0.122804	0.0832834	0.0849805	0.0909458	0.396249	0.437841	0.410425	0.203956	0.494611	0.190223	0.13022	0.122219	0.206014	0.364001	0.496642	0.0874281	0.39765	0.222264	0.236492	0.275162	0.177505	0.231531	0.0718211	0.0617727	0.140218	0.412392	0.208518	0.219302	0.235531	0.399807	0.396702	0.280842	0.312281	0.400606	0.392836	0.24658	0.189999	0.359428	0.146578	0.377174	0.348556	0.108521	0.134479	0.126074	0.0658403	0.0731402	0.0856509	0.374108	0.412511	0.390346	0.197951	0.499226	0.175661	0.117102	0.111088	0.186503	0.336116	0.487283	0.0815455	0.377023	0.221771	0.237941	0.269609	0.179095	0.234325	0.0905472	0.0777104	0.147737	0.409136	0.20126	0.211616	0.227411	0.392005	0.388989	0.275066	0.306891	0.396456	0.388917	0.244196	0.18702	0.354438	0.145262	0.374016	0.346278	0.114888	0.13038	0.21627	0.217636	0.283215	0.296121	
MomentArms on: hip_flexion_l
-0.00501049	0.0261942	0.0166175	0.0232134	-0.0245949	0.043713	0.0178601	0.0428335	0.0511834	0.0652305	0.0658729	
MomentArms on: hip_adduction_l
0.0673959	0.0737558	0.0668437	0.0586556	0.0320984	0.0140737	0.0564035	0.0419743	0.0116587	0.0226797	
MomentArms on: hip_rotation_l
0.0340683	0.0301695	0.00337355	0.00209202	0.0052901	-0.0228653	-0.00397542	0.0109334	-0.00870268	-0.0364321	
MomentArms on: knee_angle_l
-0.0246474	-0.0270951	-0.0315124	-0.0165331	-0.0166365	-0.0132967	-0.0327964	-0.0391205	0.0352269	0.0332478	0.0316093	0.0318641	
MomentArms on: ankle_angle_l
0.032307	0.0354614	0.0183804	0.0348333	-0.00648234	-0.0104137	-0.0325701	-0.0323367	-0.00295874	-0.00602953	-0.0293285	-0.00754862	
External Torques: 0.763225 -9.82449 13.0509 54.9959 -29.5103 
Current Torque on hip_flexion_l 1.59938
Current Torque on hip_adduction_l 0.77764
Current Torque on hip_rotation_l 1.54071
Current Torque on knee_angle_l 55.0108
Current Torque on ankle_angle_l -28.8373

----------------------------------------


EmgTime: 3.455
Adjusted EMG
0	0	0	0	0	0	0	0	0	0	0	0	0	0	0	0	0	0	0	0	0	0	0	0	0	0	0	0	0	0	0	0	0	0	0	0	0	0	0	0	0	0	0	0.00250014	0.00250017	0.001	0.0264598	0.00250017	0.00695381	0.00381406	0.001	0.00381406	0.00401154	0.001	0.001	0.001	0.001	0.001	0.001	0.001	0.00726195	0.001	0.00250017	0.00250017	0.00250017	0.0129344	0.001	0.001	0.001	0.001	0.001	0.0023218	0.00614202	0.00720567	0.00149369	0.00283466	0.00570867	0.001	0.001	0.001	0.001	0.00187601	0.001	0.001	0.001	0.001	0	0.001	0	0.001	0	0.000997281	
LmtTime: 3.45
Lmt
0.128874	0.143605	0.123374	0.0836815	0.0853769	0.0913361	0.397878	0.439822	0.412067	0.20423	0.492972	0.18972	0.130251	0.122689	0.206948	0.365436	0.49558	0.0869659	0.398663	0.223082	0.237401	0.276449	0.176591	0.230596	0.0718336	0.061549	0.140418	0.410818	0.208191	0.218961	0.235208	0.39984	0.396733	0.280717	0.312248	0.400579	0.392791	0.246736	0.189986	0.359402	0.146658	0.377317	0.348716	0.10786	0.134019	0.125869	0.0652717	0.0726666	0.0853019	0.374138	0.412623	0.390472	0.197885	0.499052	0.176044	0.117447	0.111534	0.186875	0.336287	0.487016	0.0817317	0.3774	0.221639	0.238056	0.270062	0.179062	0.234299	0.0911282	0.0779627	0.147685	0.409185	0.201338	0.211698	0.227488	0.392032	0.389017	0.275127	0.306907	0.396469	0.388939	0.244123	0.187026	0.35445	0.145224	0.373948	0.346204	0.114629	0.130617	0.21516	0.218421	0.282559	0.296584	
MomentArms on: hip_flexion_l
-0.00506122	0.0260977	0.0169003	0.023512	-0.0245858	0.0437119	0.0177054	0.0428496	0.0512255	0.0653194	0.0660328	
MomentArms on: hip_adduction_l
0.0672778	0.0738088	0.0667432	0.0588054	0.0322844	0.0141064	0.0567877	0.0419554	0.0116984	0.0227816	
MomentArms on: hip_rotation_l
0.0339911	0.0300107	0.00335673	0.00207826	0.00478307	-0.0226492	-0.00383301	0.0109027	-0.00858895	-0.0361504	
MomentArms on: knee_angle_l
-0.0246201	-0.0270741	-0.0315011	-0.0165144	-0.0166251	-0.0133162	-0.032781	-0.0391017	0.0351519	0.033212	0.0315615	0.0318249	
MomentArms on: ankle_angle_l
0.0322604	0.0354324	0.0183431	0.0347981	-0.00646261	-0.010392	-0.0325002	-0.0322699	-0.00294868	-0.00601836	-0.0292593	-0.00753007	
External Torques: 0.925053 -8.56868 11.9599 54.5103 -29.628 
Current Torque on hip_flexion_l 1.71965
Current Torque on hip_adduction_l 0.742395
Current Torque on hip_rotation_l 1.15686
Current Torque on knee_angle_l 54.5661
Current Torque on ankle_angle_l -28.9833

----------------------------------------


EmgTime: 3.465
Adjusted EMG
0	0	0	0	0	0	0	0	0	0	0	0	0	0	0	0	0	0	0	0	0	0	0	0	0	0	0	0	0	0	0	0	0	0	0	0	0	0	0	0	0	0	0	0.00247538	0.00248299	0.001	0.0226185	0.00248299	0.00643473	0.00381346	0.001	0.00381346	0.00485393	0.001	0.001	0.001	0.001	0.001	0.001	0.001	0.00723435	0.001	0.00248299	0.00248299	0.00248299	0.00202499	0.001	0.001	0.001	0.001	0.001	0.001	0.00104641	0.00693393	0.00147915	0.003003	0.00551994	0.001	0.001	0.001	0.001	0.00181712	0.001	0.001	0.001	0.001	0	0.001	0	0.001	0	0.000997281	
LmtTime: 3.46
Lmt
0.129471	0.144195	0.123879	0.0841173	0.085793	0.0917192	0.399456	0.441742	0.413613	0.204574	0.491512	0.189311	0.130297	0.123108	0.207798	0.366738	0.494657	0.0865611	0.399715	0.223809	0.238194	0.277567	0.17579	0.229772	0.0717677	0.0612853	0.140579	0.409272	0.207781	0.218533	0.234801	0.399877	0.396767	0.280555	0.312207	0.400543	0.392733	0.246937	0.18997	0.359368	0.146762	0.377502	0.348923	0.107132	0.133518	0.12566	0.0646458	0.0721515	0.0849275	0.374155	0.412726	0.390597	0.197805	0.498876	0.176428	0.117788	0.111988	0.187253	0.336455	0.486748	0.081913	0.377787	0.22151	0.238202	0.270553	0.17903	0.234275	0.0917726	0.078252	0.147642	0.40926	0.201432	0.211796	0.227582	0.392055	0.389041	0.275192	0.306924	0.396484	0.388962	0.244045	0.187033	0.354464	0.145183	0.373876	0.346125	0.114354	0.130825	0.213929	0.219284	0.281854	0.297057	
MomentArms on: hip_flexion_l
-0.00511887	0.0259981	0.0172528	0.0238803	-0.0245695	0.043707	0.0175396	0.0428619	0.0512641	0.0654008	0.0662083	
MomentArms on: hip_adduction_l
0.0671562	0.0738592	0.0666321	0.0589529	0.0324754	0.0141393	0.057188	0.041937	0.0117391	0.0228872	
MomentArms on: hip_rotation_l
0.0338793	0.0298077	0.00333388	0.00205964	0.00420716	-0.0223985	-0.00367734	0.0108606	-0.00845702	-0.0358273	
MomentArms on: knee_angle_l
-0.0245869	-0.0270485	-0.0314892	-0.0164917	-0.0166113	-0.0133397	-0.0327624	-0.0390788	0.0350623	0.0331687	0.0315037	0.0317775	
MomentArms on: ankle_angle_l
0.0322096	0.0354007	0.018303	0.0347602	-0.00644147	-0.0103689	-0.032425	-0.0321983	-0.00293791	-0.00600639	-0.029185	-0.00751019	
External Torques: 0.787867 -7.14196 10.7017 53.9085 -29.7597 
Current Torque on hip_flexion_l 1.54371
Current Torque on hip_adduction_l 0.757337
Current Torque on hip_rotation_l 0.723307
Current Torque on knee_angle_l 54.2045
Current Torque on ankle_angle_l -29.1413

----------------------------------------


EmgTime: 3.475
Adjusted EMG
0	0	0	0	0	0	0	0	0	0	0	0	0	0	0	0	0	0	0	0	0	0	0	0	0	0	0	0	0	0	0	0	0	0	0	0	0	0	0	0	0	0	0	0.00246584	0.00246584	0.001	0.0183904	0.00246584	0.00583693	0.00381444	0.001	0.00381444	0.0069545	0.001	0.001	0.001	0.001	0.001	0.001	0.001	0.00589786	0.001	0.00246584	0.00246584	0.00246584	0.001	0.001	0.001	0.001	0.001	0.001	0.001	0.001	0.00629282	0.00146599	0.0035452	0.00535938	0.001	0.001	0.001	0.001	0.00178701	0.001	0.001	0.001	0.001	0	0.001	0	0.001	0	0.000997281	
LmtTime: 3.47
Lmt
0.130096	0.144762	0.124328	0.0845981	0.0862384	0.0921055	0.400958	0.443565	0.415038	0.204987	0.490279	0.188961	0.130319	0.123429	0.208516	0.367867	0.493918	0.0861975	0.40076	0.224447	0.238865	0.278486	0.175111	0.229068	0.0716041	0.0609849	0.14071	0.407781	0.207287	0.218018	0.234309	0.399911	0.396799	0.280352	0.312154	0.400499	0.39266	0.247188	0.189949	0.359325	0.146893	0.377734	0.349181	0.106332	0.132964	0.125426	0.063961	0.0715879	0.0845164	0.374163	0.412827	0.390724	0.197712	0.498682	0.176857	0.118161	0.112481	0.187666	0.336636	0.48647	0.0821136	0.378212	0.221363	0.238357	0.271086	0.179002	0.234255	0.0924741	0.0785662	0.147592	0.409355	0.201541	0.211909	0.22769	0.392082	0.389069	0.275269	0.306943	0.3965	0.38899	0.243954	0.18704	0.35448	0.145135	0.373792	0.346032	0.114052	0.131019	0.212564	0.220245	0.281085	0.297553	
MomentArms on: hip_flexion_l
-0.0051781	0.0258926	0.017644	0.0242921	-0.0245438	0.0436967	0.0173595	0.0428701	0.0513034	0.0654827	0.0663924	
MomentArms on: hip_adduction_l
0.067022	0.0739102	0.0665116	0.0591142	0.0326842	0.0141751	0.0576238	0.0419125	0.0117828	0.0230016	
MomentArms on: hip_rotation_l
0.0337343	0.0295609	0.0033085	0.00203902	0.00356521	-0.0221222	-0.00351795	0.0107997	-0.00831844	-0.0354681	
MomentArms on: knee_angle_l
-0.0245478	-0.0270183	-0.0314766	-0.0164653	-0.0165952	-0.013367	-0.0327405	-0.0390521	0.034959	0.0331183	0.0314365	0.0317224	
MomentArms on: ankle_angle_l
0.0321486	0.0353626	0.0182555	0.0347152	-0.00641665	-0.0103416	-0.0323366	-0.032114	-0.00292525	-0.00599232	-0.0290977	-0.00748684	
External Torques: 0.346738 -5.55921 9.31551 53.2172 -29.9246 
Current Torque on hip_flexion_l 1.28776
Current Torque on hip_adduction_l 0.873114
Current Torque on hip_rotation_l 0.258428
Current Torque on knee_angle_l 54.118
Current Torque on ankle_angle_l -29.3315

----------------------------------------


EmgTime: 3.485
Adjusted EMG
0	0	0	0	0	0	0	0	0	0	0	0	0	0	0	0	0	0	0	0	0	0	0	0	0	0	0	0	0	0	0	0	0	0	0	0	0	0	0	0	0	0	0	0.00244304	0.0024487	0.001	0.0024446	0.0024487	0.00527648	0.00381704	0.001	0.00381704	0.0098139	0.001	0.001	0.001	0.001	0.001	0.001	0.001	0.00591016	0.001	0.0024487	0.0024487	0.0024487	0.001	0.001	0.001	0.001	0.001	0.001	0.001	0.001	0.00542022	0.0014508	0.00433226	0.00526035	0.001	0.001	0.001	0.001	0.00165161	0.001	0.001	0.001	0.001	0	0.001	0	0.001	0	0.000997281	
LmtTime: 3.48
Lmt
0.130738	0.145306	0.124729	0.0851136	0.086709	0.0924974	0.402359	0.445257	0.416321	0.205462	0.489307	0.18863	0.130286	0.12362	0.209065	0.368795	0.493382	0.0858574	0.401749	0.225001	0.239422	0.279192	0.174551	0.228485	0.0713474	0.0606647	0.140823	0.40637	0.206717	0.217426	0.233743	0.399933	0.396819	0.280103	0.31209	0.400444	0.392571	0.247494	0.189924	0.359273	0.147053	0.378017	0.349494	0.105467	0.132352	0.125151	0.0632255	0.0709782	0.084065	0.374167	0.412933	0.390853	0.197609	0.498463	0.177357	0.118589	0.11303	0.188129	0.33684	0.486179	0.0823503	0.37869	0.22118	0.238503	0.271654	0.178983	0.234245	0.0932179	0.0788912	0.147524	0.409462	0.201662	0.212036	0.22781	0.392121	0.389108	0.275361	0.306967	0.396521	0.389022	0.243844	0.187049	0.354498	0.145077	0.37369	0.34592	0.113718	0.131209	0.211078	0.221302	0.280252	0.298076	
MomentArms on: hip_flexion_l
-0.00523371	0.0257804	0.0180432	0.024721	-0.0245062	0.043678	0.0171649	0.0428722	0.0513453	0.065569	0.0665774	
MomentArms on: hip_adduction_l
0.0668693	0.0739625	0.0663844	0.0592994	0.0329178	0.0142153	0.0581037	0.0418765	0.0118306	0.0231272	
MomentArms on: hip_rotation_l
0.0335584	0.0292735	0.00328383	0.00201905	0.00286811	-0.0218314	-0.00336587	0.0107137	-0.00818514	-0.0350818	
MomentArms on: knee_angle_l
-0.0245042	-0.0269845	-0.0314635	-0.0164358	-0.0165772	-0.0133972	-0.032716	-0.0390222	0.0348449	0.0330622	0.0313618	0.0316611	
MomentArms on: ankle_angle_l
0.0320732	0.0353153	0.0181979	0.0346601	-0.00638666	-0.0103087	-0.0322297	-0.0320121	-0.00290997	-0.00597532	-0.0289922	-0.00745863	
External Torques: -0.297429 -3.86007 7.86855 52.4887 -30.1338 
Current Torque on hip_flexion_l 1.09122
Current Torque on hip_adduction_l 1.02721
Current Torque on hip_rotation_l -0.208321
Current Torque on knee_angle_l 54.2228
Current Torque on ankle_angle_l -29.5578

----------------------------------------


EmgTime: 3.495
Adjusted EMG
0	0	0	0	0	0	0	0	0	0	0	0	0	0	0	0	0	0	0	0	0	0	0	0	0	0	0	0	0	0	0	0	0	0	0	0	0	0	0	0	0	0	0	0.00243162	0.00243162	0.001	0.00243162	0.00243162	0.00481921	0.0038213	0.00774552	0.00382125	0.012634	0.001	0.001	0.001	0.001	0.001	0.001	0.001	0.00621486	0.001	0.00243162	0.00243162	0.00243162	0.001	0.001	0.001	0.001	0.001	0.001	0.001	0.001	0.00455851	0.00143822	0.00515845	0.0053076	0.001	0.001	0.001	0.001	0.00163295	0.001	0.001	0.001	0.001	0	0.001	0	0.001	0	0.000997281	
LmtTime: 3.49
Lmt
0.131372	0.145818	0.125087	0.085638	0.0871858	0.0928858	0.403637	0.44679	0.417451	0.205978	0.488598	0.188297	0.130186	0.123678	0.209437	0.369515	0.493037	0.0855328	0.402647	0.225476	0.239873	0.279696	0.174102	0.228016	0.0710233	0.0603476	0.140928	0.405065	0.206095	0.216779	0.233122	0.399928	0.396813	0.279806	0.312013	0.400378	0.392465	0.247856	0.189894	0.359211	0.147243	0.378352	0.349866	0.104562	0.131697	0.124837	0.0624614	0.0703389	0.0835837	0.374166	0.413044	0.390979	0.197501	0.498222	0.177928	0.119072	0.113628	0.188637	0.337065	0.485881	0.0826244	0.37922	0.220957	0.238627	0.272239	0.178979	0.234248	0.0939791	0.0792139	0.147435	0.409576	0.201789	0.212168	0.227935	0.392173	0.389162	0.275468	0.306995	0.396544	0.389061	0.243716	0.18706	0.354521	0.14501	0.373571	0.345789	0.113357	0.131394	0.209516	0.222426	0.279375	0.298614	
MomentArms on: hip_flexion_l
-0.00528135	0.0256648	0.0184296	0.0251473	-0.0244542	0.0436484	0.0169612	0.0428652	0.0513885	0.0656565	0.0667543	
MomentArms on: hip_adduction_l
0.0666994	0.0740134	0.0662549	0.0595071	0.0331725	0.0142596	0.0586177	0.0418268	0.0118816	0.0232617	
MomentArms on: hip_rotation_l
0.0333532	0.0289498	0.00326169	0.00200121	0.00213605	-0.0215375	-0.00323196	0.0105992	-0.00806663	-0.034681	
MomentArms on: knee_angle_l
-0.0244582	-0.0269485	-0.0314501	-0.0164049	-0.0165582	-0.0134288	-0.0326901	-0.0389907	0.0347249	0.0330032	0.0312832	0.0315967	
MomentArms on: ankle_angle_l
0.031982	0.0352579	0.0181295	0.0345944	-0.00635141	-0.0102701	-0.032104	-0.031892	-0.002892	-0.00595532	-0.0288679	-0.00742546	
External Torques: -0.963145 -2.09958 6.4442 51.787 -30.393 
Current Torque on hip_flexion_l 0.955179
Current Torque on hip_adduction_l 1.10364
Current Torque on hip_rotation_l -0.619333
Current Torque on knee_angle_l 54.3531
Current Torque on ankle_angle_l -29.8112

----------------------------------------


EmgTime: 3.505
Adjusted EMG
0	0	0	0	0	0	0	0	0	0	0	0	0	0	0	0	0	0	0	0	0	0	0	0	0	0	0	0	0	0	0	0	0	0	0	0	0	0	0	0	0	0	0	0.0024109	0.0024146	0.001	0.0024146	0.0024146	0.00447923	0.00382722	0.0169487	0.00382706	0.0148319	0.001	0.001	0.001	0.001	0.001	0.001	0.001	0.00647498	0.0105124	0.0024146	0.0024146	0.0024146	0.001	0.001	0.001	0.001	0.001	0.001	0.001	0.001	0.00387584	0.00142433	0.00587207	0.00556245	0.001	0.001	0.001	0.001	0.00164206	0.001	0.001	0.001	0.001	0	0.001	0	0.001	0	0.000997281	
LmtTime: 3.5
Lmt
0.131968	0.146282	0.125399	0.0861427	0.0876448	0.0932551	0.404766	0.448135	0.418418	0.206509	0.488135	0.187961	0.130026	0.123619	0.209647	0.370038	0.492858	0.0852267	0.403427	0.22587	0.240227	0.28002	0.173755	0.227653	0.0706626	0.0600519	0.141025	0.403895	0.205453	0.216113	0.232481	0.399882	0.396766	0.279464	0.311925	0.400302	0.392343	0.24827	0.189859	0.35914	0.147462	0.378737	0.35029	0.103652	0.131023	0.124497	0.061699	0.0696961	0.0830923	0.374157	0.413151	0.391094	0.197393	0.497974	0.17855	0.119589	0.114248	0.189168	0.337297	0.485595	0.0829263	0.37978	0.220701	0.238724	0.272813	0.178994	0.234269	0.0947282	0.0795228	0.147329	0.409696	0.201915	0.2123	0.22806	0.39224	0.389231	0.275589	0.307026	0.396571	0.389103	0.243571	0.187072	0.354546	0.144934	0.373437	0.345641	0.112983	0.131569	0.207942	0.223573	0.278488	0.299145	
MomentArms on: hip_flexion_l
-0.00531717	0.0255532	0.0187908	0.0255578	-0.024384	0.0436067	0.0167577	0.0428469	0.0514291	0.0657361	0.0669136	
MomentArms on: hip_adduction_l
0.0665186	0.0740584	0.0661292	0.0597294	0.0334382	0.0143071	0.0591448	0.0417637	0.0119341	0.0234003	
MomentArms on: hip_rotation_l
0.0331202	0.0285954	0.00324264	0.00198594	0.00139438	-0.0212511	-0.00312604	0.0104558	-0.00796982	-0.0342796	
MomentArms on: knee_angle_l
-0.0244124	-0.026912	-0.0314365	-0.0163741	-0.016539	-0.0134603	-0.0326639	-0.0389593	0.0346042	0.0329441	0.0312046	0.0315323	
MomentArms on: ankle_angle_l
0.0318757	0.0351907	0.0180517	0.0345191	-0.00631166	-0.0102264	-0.031962	-0.0317562	-0.00287173	-0.00593276	-0.0287276	-0.00738805	
External Torques: -1.44323 -0.340019 5.12662 51.1698 -30.7046 
Current Torque on hip_flexion_l 0.84885
Current Torque on hip_adduction_l 1.27164
Current Torque on hip_rotation_l -1.00125
Current Torque on knee_angle_l 54.4049
Current Torque on ankle_angle_l -30.0842

----------------------------------------


EmgTime: 3.515
Adjusted EMG
0	0	0	0	0	0	0	0	0	0	0	0	0	0	0	0	0	0	0	0	0	0	0	0	0	0	0	0	0	0	0	0	0	0	0	0	0	0	0	0	0	0	0	0.0023977	0.0023977	0.001	0.00239899	0.0023977	0.00423825	0.00383487	0.024334	0.00383487	0.0164286	0.001	0.00169511	0.00468534	0.001	0.001	0.001	0.001	0.00680895	0.0214662	0.0023977	0.0023977	0.0023977	0.001	0.001	0.001	0.001	0.001	0.001	0.001	0.001	0.00337174	0.00141045	0.00647906	0.00604665	0.001	0.001	0.001	0.001	0.00172795	0.001	0.001	0.001	0.001	0	0.001	0	0.001	0	0.000997281	
LmtTime: 3.51
Lmt
0.132506	0.146687	0.12566	0.0866063	0.0880669	0.0935912	0.405719	0.44926	0.419206	0.207022	0.487891	0.187632	0.12982	0.123465	0.20971	0.370374	0.492821	0.084946	0.404064	0.226183	0.240487	0.280184	0.173505	0.227392	0.0702879	0.0597884	0.141112	0.402893	0.204829	0.215467	0.231857	0.399781	0.396664	0.279081	0.311826	0.400216	0.392207	0.248731	0.189819	0.35906	0.147706	0.379165	0.35076	0.102771	0.130358	0.124147	0.0609679	0.0690757	0.0826119	0.374133	0.413241	0.391185	0.197289	0.497741	0.179199	0.120116	0.114861	0.189692	0.337517	0.48534	0.0832439	0.380346	0.220425	0.238788	0.27335	0.179034	0.234312	0.095439	0.0798103	0.147215	0.409825	0.202037	0.212427	0.228181	0.392321	0.389313	0.27572	0.307059	0.3966	0.38915	0.243413	0.187085	0.354573	0.144852	0.373292	0.345481	0.112612	0.131728	0.206414	0.2247	0.277624	0.29965	
MomentArms on: hip_flexion_l
-0.00533756	0.0254544	0.0191204	0.0259444	-0.024291	0.0435533	0.0165643	0.0428162	0.0514625	0.065797	0.0670464	
MomentArms on: hip_adduction_l
0.0663347	0.0740933	0.0660142	0.0599577	0.0337036	0.014357	0.0596641	0.0416884	0.0119865	0.0235383	
MomentArms on: hip_rotation_l
0.0328603	0.0282155	0.00322652	0.00197311	0.00066628	-0.0209808	-0.00305601	0.010284	-0.0078994	-0.0338894	
MomentArms on: knee_angle_l
-0.0243683	-0.0268764	-0.0314231	-0.0163445	-0.0165205	-0.0134906	-0.0326385	-0.038929	0.0344869	0.032887	0.0311287	0.0314701	
MomentArms on: ankle_angle_l
0.0317556	0.0351145	0.0179662	0.0344356	-0.00626838	-0.0101789	-0.0318073	-0.0316081	-0.00284966	-0.00590816	-0.0285746	-0.0073473	
External Torques: -1.56924 1.35704 3.98318 50.673 -31.0695 
Current Torque on hip_flexion_l 0.75424
Current Torque on hip_adduction_l 1.4955
Current Torque on hip_rotation_l -1.34332
Current Torque on knee_angle_l 54.4122
Current Torque on ankle_angle_l -30.3742

----------------------------------------


EmgTime: 3.525
Adjusted EMG
0	0	0	0	0	0	0	0	0	0	0	0	0	0	0	0	0	0	0	0	0	0	0	0	0	0	0	0	0	0	0	0	0	0	0	0	0	0	0	0	0	0	0	0.00237832	0.00238093	0.001	0.00238044	0.00238093	0.00409367	0.00384435	0.029459	0.00384435	0.0176239	0.001	0.00510863	0.0136732	0.001	0.001	0.0590288	0.001	0.00714049	0.0289365	0.00238093	0.00238093	0.00238093	0.001	0.001	0.001	0.001	0.001	0.001	0.001	0.001	0.00298371	0.0013966	0.00702644	0.00673455	0.001	0.00104848	0.001	0.001	0.00215054	0.001	0.001	0.001	0.001	0	0.001	0	0.001	0	0.000997281	
LmtTime: 3.52
Lmt
0.132972	0.147023	0.125865	0.0870155	0.0884396	0.0938843	0.406466	0.450131	0.419796	0.20749	0.487847	0.187315	0.129579	0.12323	0.209641	0.370533	0.492912	0.0846976	0.404535	0.226411	0.240654	0.280201	0.173348	0.227229	0.0699132	0.0595628	0.141185	0.402092	0.204259	0.214876	0.231285	0.399616	0.3965	0.278667	0.311719	0.400124	0.392059	0.249224	0.189776	0.358974	0.14797	0.379624	0.351262	0.101945	0.129725	0.123804	0.0602918	0.0685001	0.0821617	0.374082	0.413294	0.391236	0.197191	0.497543	0.179849	0.120628	0.115435	0.19018	0.337703	0.485139	0.0835644	0.38089	0.220141	0.23882	0.273823	0.179103	0.234384	0.0960931	0.0800733	0.147103	0.409973	0.202152	0.212547	0.228294	0.392412	0.389406	0.275856	0.307095	0.39663	0.389199	0.243248	0.187099	0.354601	0.144766	0.37314	0.345312	0.112256	0.131863	0.204968	0.225776	0.276806	0.300115	
MomentArms on: hip_flexion_l
-0.00533926	0.0253785	0.0194211	0.026307	-0.0241686	0.0434901	0.0163903	0.0427733	0.0514844	0.0658274	0.0671449	
MomentArms on: hip_adduction_l
0.066156	0.0741144	0.0659168	0.0601847	0.0339592	0.0144095	0.060158	0.0416028	0.012038	0.0236726	
MomentArms on: hip_rotation_l
0.0325719	0.0278115	0.00321227	0.00196191	-3.232e-05	-0.0207305	-0.00302763	0.0100842	-0.00785735	-0.0335173	
MomentArms on: knee_angle_l
-0.0243266	-0.0268423	-0.0314101	-0.0163165	-0.016503	-0.0135191	-0.0326144	-0.0389004	0.0343751	0.0328328	0.0310567	0.0314111	
MomentArms on: ankle_angle_l
0.031624	0.0350306	0.017875	0.034346	-0.00622278	-0.0101289	-0.0316439	-0.0314516	-0.00282641	-0.00588223	-0.0284131	-0.00730437	
External Torques: -1.25292 2.94437 3.05245 50.3089 -31.4779 
Current Torque on hip_flexion_l 0.693057
Current Torque on hip_adduction_l 1.99123
Current Torque on hip_rotation_l -1.64216
Current Torque on knee_angle_l 54.4433
Current Torque on ankle_angle_l -30.6742

----------------------------------------

LmtMa: lmtMa DONE
Estimation completed.
