Constructing tool from setup file E:\3-PhD\Data\MocapData\ElaboratedData\009\pre\inverseKinematics\RunN1\setup_IK.xml.

Loaded model 009 from file E:\3-PhD\Data\MocapData\ElaboratedData\009\pre\009_Rajagopal2015_FAI.osim
               MODEL: 009
         coordinates: 39
              forces: 99
           actuators: 99
             muscles: 82
            analyses: 0
              probes: 0
              bodies: 23
              joints: 22
         constraints: 2
             markers: 67
         controllers: 0
  contact geometries: 0
misc modelcomponents: 0
Running tool .
Loaded marker file .\RunN1.trc (54 markers, 114 frames)
Frame 0 (t=2.78):	total squared error = 0.0229518, marker error: RMS=0.0236601, max=0.05134 (RHEE)
Frame 1 (t=2.785):	total squared error = 0.0234814, marker error: RMS=0.0239315, max=0.0514709 (RHEE)
Frame 2 (t=2.79):	total squared error = 0.0239424, marker error: RMS=0.0241653, max=0.0514619 (RHEE)
Frame 3 (t=2.795):	total squared error = 0.0243244, marker error: RMS=0.0243573, max=0.0524969 (RMT5)
Frame 4 (t=2.8):	total squared error = 0.0246244, marker error: RMS=0.024507, max=0.0541017 (RMT5)
Frame 5 (t=2.805):	total squared error = 0.0248461, marker error: RMS=0.0246171, max=0.0557953 (RMT5)
Frame 6 (t=2.81):	total squared error = 0.025008, marker error: RMS=0.0246972, max=0.0566306 (RMT5)
Frame 7 (t=2.815):	total squared error = 0.0251127, marker error: RMS=0.0247488, max=0.0566656 (RMT5)
Frame 8 (t=2.82):	total squared error = 0.0251863, marker error: RMS=0.0247851, max=0.0590288 (RHEE)
Frame 9 (t=2.825):	total squared error = 0.025253, marker error: RMS=0.0248179, max=0.0618301 (RHEE)
Frame 10 (t=2.83):	total squared error = 0.0253124, marker error: RMS=0.0248471, max=0.063626 (RHEE)
Frame 11 (t=2.835):	total squared error = 0.0253769, marker error: RMS=0.0248787, max=0.0648499 (RHEE)
Frame 12 (t=2.84):	total squared error = 0.02543, marker error: RMS=0.0249047, max=0.0654899 (RHEE)
Frame 13 (t=2.845):	total squared error = 0.0254598, marker error: RMS=0.0249193, max=0.0655671 (RHEE)
Frame 14 (t=2.85):	total squared error = 0.0254411, marker error: RMS=0.0249102, max=0.0651599 (RHEE)
Frame 15 (t=2.855):	total squared error = 0.0253704, marker error: RMS=0.0248755, max=0.06439 (RHEE)
Frame 16 (t=2.86):	total squared error = 0.0252542, marker error: RMS=0.0248185, max=0.0633931 (RHEE)
Frame 17 (t=2.865):	total squared error = 0.0251022, marker error: RMS=0.0247436, max=0.0622927 (RHEE)
Frame 18 (t=2.87):	total squared error = 0.024927, marker error: RMS=0.0246571, max=0.0611797 (RHEE)
Frame 19 (t=2.875):	total squared error = 0.0247287, marker error: RMS=0.0245589, max=0.0601069 (RHEE)
Frame 20 (t=2.88):	total squared error = 0.0245054, marker error: RMS=0.0244477, max=0.0590971 (RHEE)
Frame 21 (t=2.885):	total squared error = 0.0242538, marker error: RMS=0.0243219, max=0.0581541 (RHEE)
Frame 22 (t=2.89):	total squared error = 0.023979, marker error: RMS=0.0241837, max=0.0572749 (RHEE)
Frame 23 (t=2.895):	total squared error = 0.0236907, marker error: RMS=0.0240379, max=0.0564582 (RHEE)
Frame 24 (t=2.9):	total squared error = 0.0233967, marker error: RMS=0.0238883, max=0.0557078 (RHEE)
Frame 25 (t=2.905):	total squared error = 0.0230968, marker error: RMS=0.0237347, max=0.0550307 (RHEE)
Frame 26 (t=2.91):	total squared error = 0.02278, marker error: RMS=0.0235714, max=0.0544334 (RHEE)
Frame 27 (t=2.915):	total squared error = 0.0224331, marker error: RMS=0.0233912, max=0.0539171 (RHEE)
Frame 28 (t=2.92):	total squared error = 0.0220488, marker error: RMS=0.02319, max=0.0534747 (RHEE)
Frame 29 (t=2.925):	total squared error = 0.0216296, marker error: RMS=0.0229685, max=0.0530919 (RHEE)
Frame 30 (t=2.93):	total squared error = 0.021189, marker error: RMS=0.0227333, max=0.0527483 (RHEE)
Frame 31 (t=2.935):	total squared error = 0.0207482, marker error: RMS=0.0224956, max=0.0524208 (RHEE)
Frame 32 (t=2.94):	total squared error = 0.0203276, marker error: RMS=0.0222665, max=0.0520819 (RHEE)
Frame 33 (t=2.945):	total squared error = 0.0199391, marker error: RMS=0.0220527, max=0.0517024 (RHEE)
Frame 34 (t=2.95):	total squared error = 0.0195901, marker error: RMS=0.0218588, max=0.0512523 (RHEE)
Frame 35 (t=2.955):	total squared error = 0.019271, marker error: RMS=0.02168, max=0.0507037 (RHEE)
Frame 36 (t=2.96):	total squared error = 0.0189773, marker error: RMS=0.0215142, max=0.0500386 (RHEE)
Frame 37 (t=2.965):	total squared error = 0.0187107, marker error: RMS=0.0213625, max=0.0492531 (RHEE)
Frame 38 (t=2.97):	total squared error = 0.0184821, marker error: RMS=0.0212317, max=0.0483588 (RHEE)
Frame 39 (t=2.975):	total squared error = 0.0182992, marker error: RMS=0.0211263, max=0.0473839 (RHEE)
Frame 40 (t=2.98):	total squared error = 0.0181698, marker error: RMS=0.0210515, max=0.0463726 (RHEE)
Frame 41 (t=2.985):	total squared error = 0.0180934, marker error: RMS=0.0210072, max=0.0453792 (RHEE)
Frame 42 (t=2.99):	total squared error = 0.0180614, marker error: RMS=0.0209886, max=0.0444596 (RHEE)
Frame 43 (t=2.995):	total squared error = 0.0180582, marker error: RMS=0.0209867, max=0.0436564 (RHEE)
Frame 44 (t=3):	total squared error = 0.0180637, marker error: RMS=0.0209899, max=0.0429897 (RHEE)
Frame 45 (t=3.005):	total squared error = 0.0180582, marker error: RMS=0.0209867, max=0.0424539 (RHEE)
Frame 46 (t=3.01):	total squared error = 0.0180276, marker error: RMS=0.020969, max=0.0420275 (RHEE)
Frame 47 (t=3.015):	total squared error = 0.0179679, marker error: RMS=0.0209342, max=0.0416871 (RHEE)
Frame 48 (t=3.02):	total squared error = 0.0178845, marker error: RMS=0.0208856, max=0.0414202 (RHEE)
Frame 49 (t=3.025):	total squared error = 0.017788, marker error: RMS=0.0208291, max=0.0412272 (RHEE)
Frame 50 (t=3.03):	total squared error = 0.0176902, marker error: RMS=0.0207718, max=0.0413238 (LHEE)
Frame 51 (t=3.035):	total squared error = 0.0176013, marker error: RMS=0.0207195, max=0.0415779 (LHEE)
Frame 52 (t=3.04):	total squared error = 0.0175244, marker error: RMS=0.0206742, max=0.0416505 (LHEE)
Frame 53 (t=3.045):	total squared error = 0.0174545, marker error: RMS=0.020633, max=0.0415282 (LHEE)
Frame 54 (t=3.05):	total squared error = 0.0173869, marker error: RMS=0.020593, max=0.041675 (RHEE)
Frame 55 (t=3.055):	total squared error = 0.0173249, marker error: RMS=0.0205562, max=0.0419518 (RHEE)
Frame 56 (t=3.06):	total squared error = 0.0172804, marker error: RMS=0.0205298, max=0.0422402 (RHEE)
Frame 57 (t=3.065):	total squared error = 0.0172633, marker error: RMS=0.0205197, max=0.042529 (RHEE)
Frame 58 (t=3.07):	total squared error = 0.0172748, marker error: RMS=0.0205265, max=0.0427993 (RHEE)
Frame 59 (t=3.075):	total squared error = 0.0173045, marker error: RMS=0.0205441, max=0.0430211 (RHEE)
Frame 60 (t=3.08):	total squared error = 0.0173371, marker error: RMS=0.0205635, max=0.0431628 (RHEE)
Frame 61 (t=3.085):	total squared error = 0.0173642, marker error: RMS=0.0205795, max=0.0432102 (RHEE)
Frame 62 (t=3.09):	total squared error = 0.017394, marker error: RMS=0.0205972, max=0.0431899 (RHEE)
Frame 63 (t=3.095):	total squared error = 0.017455, marker error: RMS=0.0206333, max=0.0431842 (RHEE)
Frame 64 (t=3.1):	total squared error = 0.0175897, marker error: RMS=0.0207127, max=0.0433261 (RHEE)
Frame 65 (t=3.105):	total squared error = 0.0178389, marker error: RMS=0.0208589, max=0.0449871 (LHEE)
Frame 66 (t=3.11):	total squared error = 0.0182222, marker error: RMS=0.0210818, max=0.0469628 (LHEE)
Frame 67 (t=3.115):	total squared error = 0.0187235, marker error: RMS=0.0213698, max=0.0488913 (LHEE)
Frame 68 (t=3.12):	total squared error = 0.0192869, marker error: RMS=0.021689, max=0.0505606 (LHEE)
Frame 69 (t=3.125):	total squared error = 0.0198265, marker error: RMS=0.0219903, max=0.0518133 (LHEE)
Frame 70 (t=3.13):	total squared error = 0.020248, marker error: RMS=0.0222228, max=0.0525704 (LHEE)
Frame 71 (t=3.135):	total squared error = 0.0204803, marker error: RMS=0.0223499, max=0.0528309 (LHEE)
Frame 72 (t=3.14):	total squared error = 0.0204603, marker error: RMS=0.022339, max=0.0526497 (LHEE)
Frame 73 (t=3.145):	total squared error = 0.020183, marker error: RMS=0.0221871, max=0.0521162 (LHEE)
Frame 74 (t=3.15):	total squared error = 0.0196693, marker error: RMS=0.0219029, max=0.0513179 (LHEE)
Frame 75 (t=3.155):	total squared error = 0.0189524, marker error: RMS=0.0215001, max=0.0503321 (LHEE)
Frame 76 (t=3.16):	total squared error = 0.0180627, marker error: RMS=0.0209894, max=0.0492248 (LHEE)
Frame 77 (t=3.165):	total squared error = 0.0170661, marker error: RMS=0.0204021, max=0.048048 (LHEE)
Frame 78 (t=3.17):	total squared error = 0.0160619, marker error: RMS=0.0197928, max=0.0468495 (LHEE)
Frame 79 (t=3.175):	total squared error = 0.015162, marker error: RMS=0.0192303, max=0.0456767 (LHEE)
Frame 80 (t=3.18):	total squared error = 0.0144549, marker error: RMS=0.0187765, max=0.0445723 (LHEE)
Frame 81 (t=3.185):	total squared error = 0.0139774, marker error: RMS=0.0184638, max=0.0435617 (LHEE)
Frame 82 (t=3.19):	total squared error = 0.0137151, marker error: RMS=0.0182898, max=0.0426383 (LHEE)
Frame 83 (t=3.195):	total squared error = 0.0136258, marker error: RMS=0.0182301, max=0.041767 (LHEE)
Frame 84 (t=3.2):	total squared error = 0.0136782, marker error: RMS=0.0182652, max=0.0408956 (LHEE)
Frame 85 (t=3.205):	total squared error = 0.0138305, marker error: RMS=0.0183665, max=0.0399809 (LHEE)
Frame 86 (t=3.21):	total squared error = 0.0140499, marker error: RMS=0.0185116, max=0.0390017 (LHEE)
Frame 87 (t=3.215):	total squared error = 0.0142957, marker error: RMS=0.0186729, max=0.0385523 (LTHI3)
Frame 88 (t=3.22):	total squared error = 0.0145272, marker error: RMS=0.0188234, max=0.040269 (LTHI3)
Frame 89 (t=3.225):	total squared error = 0.0147077, marker error: RMS=0.01894, max=0.0415496 (LTHI3)
Frame 90 (t=3.23):	total squared error = 0.0148147, marker error: RMS=0.0190088, max=0.0423362 (LTHI3)
Frame 91 (t=3.235):	total squared error = 0.014845, marker error: RMS=0.0190282, max=0.0426082 (LTHI3)
Frame 92 (t=3.24):	total squared error = 0.0148091, marker error: RMS=0.0190052, max=0.0423836 (LTHI3)
Frame 93 (t=3.245):	total squared error = 0.0147253, marker error: RMS=0.0189514, max=0.0420826 (LTHI4)
Frame 94 (t=3.25):	total squared error = 0.0146167, marker error: RMS=0.0188814, max=0.0418151 (LTHI4)
Frame 95 (t=3.255):	total squared error = 0.0145079, marker error: RMS=0.0188109, max=0.0412354 (LTHI4)
Frame 96 (t=3.26):	total squared error = 0.0144222, marker error: RMS=0.0187553, max=0.0404104 (LTHI4)
Frame 97 (t=3.265):	total squared error = 0.01438, marker error: RMS=0.0187278, max=0.0394102 (LTHI4)
Frame 98 (t=3.27):	total squared error = 0.0143969, marker error: RMS=0.0187388, max=0.0382997 (LTHI4)
Frame 99 (t=3.275):	total squared error = 0.0144835, marker error: RMS=0.0187951, max=0.0371324 (LTHI4)
Frame 100 (t=3.28):	total squared error = 0.0146438, marker error: RMS=0.0188988, max=0.0384697 (RHEE)
Frame 101 (t=3.285):	total squared error = 0.0148805, marker error: RMS=0.019051, max=0.0403037 (RHEE)
Frame 102 (t=3.29):	total squared error = 0.0151903, marker error: RMS=0.0192482, max=0.042319 (RHEE)
Frame 103 (t=3.295):	total squared error = 0.0155731, marker error: RMS=0.0194892, max=0.0444483 (RHEE)
Frame 104 (t=3.3):	total squared error = 0.0160242, marker error: RMS=0.0197695, max=0.0466019 (RHEE)
Frame 105 (t=3.305):	total squared error = 0.0165385, marker error: RMS=0.0200843, max=0.0486801 (RHEE)
Frame 106 (t=3.31):	total squared error = 0.0171094, marker error: RMS=0.020428, max=0.0505869 (RHEE)
Frame 107 (t=3.315):	total squared error = 0.0177288, marker error: RMS=0.0207945, max=0.0522402 (RHEE)
Frame 108 (t=3.32):	total squared error = 0.0183877, marker error: RMS=0.0211773, max=0.0543686 (LBHD)
Frame 109 (t=3.325):	total squared error = 0.0190766, marker error: RMS=0.0215704, max=0.0568538 (LBHD)
Frame 110 (t=3.33):	total squared error = 0.019783, marker error: RMS=0.0219661, max=0.059189 (LBHD)
Frame 111 (t=3.335):	total squared error = 0.0205007, marker error: RMS=0.0223611, max=0.0613921 (LBHD)
InverseKinematicsTool completed 111 frames in 59.795s

IK compute time = 62364ms

