
+-+-+-+-+-+-+
|C|E|I|N|M|S|
+-+-+-+-+-+-+-+-+-+-+
|C|a|l|i|b|r|a|t|e|d|
+-+-+-+-+-+-+-+-+-+-+-+-+
|E|M|G|-|I|n|f|o|r|m|e|d|
+-+-+-+-+-+-+-+-+-+-+-+-+-+-+-+-+-+-+-+-+
|N|e|u|r|o|m|u|s|c|u|l|o|s|k|e|l|e|t|a|l|
+-+-+-+-+-+-+-+-+-+-+-+-+-+-+-+-+-+-+-+-+
|T|o|o|l|b|o|x|
+-+-+-+-+-+-+-+

CEINMS version 0.21.0
Copyright (C) Apr 29 2020
Claudio Pizzolato, Monica Reggiani, Massimo Sartori, David Lloyd
Software developers: Claudio Pizzolato, Elena Ceseracciu, Monica Reggiani
Check configuration data...
Reading subject file: c:/opensim_tutorial/tutorials/Cerebral_Palsy_Project/Simulations/PC003/trial1_r1/ceinms/./calibratedSubject.xml .
Contact model  not found
Reading subject file: c:/opensim_tutorial/tutorials/Cerebral_Palsy_Project/Simulations/PC003/trial1_r1/ceinms/./calibratedSubject.xml .
activeForceLength
passiveForceLength
forceVelocity
tendonForceStrain
Assuming glut_med1_r pennation angle in radians: 0.139626
Assuming glut_med2_r pennation angle in radians: 0
Assuming glut_med3_r pennation angle in radians: 0.331613
Assuming glut_min1_r pennation angle in radians: 0.174533
Assuming glut_min2_r pennation angle in radians: 0
Assuming glut_min3_r pennation angle in radians: 0.0174533
Assuming semimem_r pennation angle in radians: 0.261799
Assuming semiten_r pennation angle in radians: 0.0872665
Assuming bifemlh_r pennation angle in radians: 0
Assuming bifemsh_r pennation angle in radians: 0.401426
Assuming sar_r pennation angle in radians: 0
Assuming add_long_r pennation angle in radians: 0.10472
Assuming add_brev_r pennation angle in radians: 0
Assuming add_mag1_r pennation angle in radians: 0.0872665
Assuming add_mag2_r pennation angle in radians: 0.0523599
Assuming add_mag3_r pennation angle in radians: 0.0872665
Assuming tfl_r pennation angle in radians: 0.0523599
Assuming pect_r pennation angle in radians: 0
Assuming grac_r pennation angle in radians: 0.0523599
Assuming glut_max1_r pennation angle in radians: 0.0872665
Assuming glut_max2_r pennation angle in radians: 0
Assuming glut_max3_r pennation angle in radians: 0.0872665
Assuming iliacus_r pennation angle in radians: 0.122173
Assuming psoas_r pennation angle in radians: 0.139626
Assuming quad_fem_r pennation angle in radians: 0
Assuming gem_r pennation angle in radians: 0
Assuming peri_r pennation angle in radians: 0.174533
Assuming rect_fem_r pennation angle in radians: 0.0872665
Assuming vas_med_r pennation angle in radians: 0.0872665
Assuming vas_int_r pennation angle in radians: 0.0523599
Assuming vas_lat_r pennation angle in radians: 0.0872665
Assuming med_gas_r pennation angle in radians: 0.296706
Assuming lat_gas_r pennation angle in radians: 0.139626
Assuming soleus_r pennation angle in radians: 0.436332
Assuming tib_post_r pennation angle in radians: 0.20944
Assuming flex_dig_r pennation angle in radians: 0.122173
Assuming flex_hal_r pennation angle in radians: 0.174533
Assuming tib_ant_r pennation angle in radians: 0.0872665
Assuming per_brev_r pennation angle in radians: 0.0872665
Assuming per_long_r pennation angle in radians: 0.174533
Assuming per_tert_r pennation angle in radians: 0.226893
Assuming ext_dig_r pennation angle in radians: 0.139626
Assuming ext_hal_r pennation angle in radians: 0.10472
Assuming glut_med1_l pennation angle in radians: 0.139626
Assuming glut_med2_l pennation angle in radians: 0
Assuming glut_med3_l pennation angle in radians: 0.331613
Assuming glut_min1_l pennation angle in radians: 0.174533
Assuming glut_min2_l pennation angle in radians: 0
Assuming glut_min3_l pennation angle in radians: 0.0174533
Assuming semimem_l pennation angle in radians: 0.261799
Assuming semiten_l pennation angle in radians: 0.0872665
Assuming bifemlh_l pennation angle in radians: 0
Assuming bifemsh_l pennation angle in radians: 0.401426
Assuming sar_l pennation angle in radians: 0
Assuming add_long_l pennation angle in radians: 0.10472
Assuming add_brev_l pennation angle in radians: 0
Assuming add_mag1_l pennation angle in radians: 0.0872665
Assuming add_mag2_l pennation angle in radians: 0.0523599
Assuming add_mag3_l pennation angle in radians: 0.0872665
Assuming tfl_l pennation angle in radians: 0.0523599
Assuming pect_l pennation angle in radians: 0
Assuming grac_l pennation angle in radians: 0.0523599
Assuming glut_max1_l pennation angle in radians: 0.0872665
Assuming glut_max2_l pennation angle in radians: 0
Assuming glut_max3_l pennation angle in radians: 0.0872665
Assuming iliacus_l pennation angle in radians: 0.122173
Assuming psoas_l pennation angle in radians: 0.139626
Assuming quad_fem_l pennation angle in radians: 0
Assuming gem_l pennation angle in radians: 0
Assuming peri_l pennation angle in radians: 0.174533
Assuming rect_fem_l pennation angle in radians: 0.0872665
Assuming vas_med_l pennation angle in radians: 0.0872665
Assuming vas_int_l pennation angle in radians: 0.0523599
Assuming vas_lat_l pennation angle in radians: 0.0872665
Assuming med_gas_l pennation angle in radians: 0.296706
Assuming lat_gas_l pennation angle in radians: 0.139626
Assuming soleus_l pennation angle in radians: 0.436332
Assuming tib_post_l pennation angle in radians: 0.20944
Assuming flex_dig_l pennation angle in radians: 0.122173
Assuming flex_hal_l pennation angle in radians: 0.174533
Assuming tib_ant_l pennation angle in radians: 0.0872665
Assuming per_brev_l pennation angle in radians: 0.0872665
Assuming per_long_l pennation angle in radians: 0.174533
Assuming per_tert_l pennation angle in radians: 0.226893
Assuming ext_dig_l pennation angle in radians: 0.139626
Assuming ext_hal_l pennation angle in radians: 0.10472
Assuming ercspn_r pennation angle in radians: 0
Assuming ercspn_l pennation angle in radians: 0
Assuming intobl_r pennation angle in radians: 0
Assuming intobl_l pennation angle in radians: 0
Assuming extobl_r pennation angle in radians: 0
Assuming extobl_l pennation angle in radians: 0
Found OpenSim model associated to the subject: c:\opensim_tutorial\tutorials\Cerebral_Palsy_Project\Simulations\PC003\PC003_v3.osim

EMG: Reading emg file...c:/opensim_tutorial/tutorials/Cerebral_Palsy_Project/Simulations/PC003/trial1_r1/ceinms/./../processed_emg_signals.mot
Muscle excitations to muscle mapping:
glut_med1_r -> glut_med1_r
glut_med2_r -> glut_med2_r
glut_med3_r -> glut_med3_r
glut_min1_r -> glut_min1_r
glut_min2_r -> glut_min2_r
glut_min3_r -> glut_min3_r
semimem_r -> semimem_r
semiten_r -> semiten_r
bifemlh_r -> bifemlh_r
bifemsh_r -> bifemsh_r
sar_r -> sar_r
add_long_r -> add_long_r
add_brev_r -> add_brev_r
add_mag1_r -> add_mag1_r
add_mag2_r -> add_mag2_r
add_mag3_r -> add_mag3_r
tfl_r -> tfl_r
pect_r -> pect_r
grac_r -> grac_r
glut_max1_r -> glut_max1_r
glut_max2_r -> glut_max2_r
glut_max3_r -> glut_max3_r
iliacus_r -> iliacus_r
psoas_r -> psoas_r
quad_fem_r -> quad_fem_r
gem_r -> gem_r
peri_r -> peri_r
rect_fem_r -> rect_fem_r
vas_med_r -> vas_med_r
vas_int_r -> vas_int_r
vas_lat_r -> vas_lat_r
med_gas_r -> med_gas_r
lat_gas_r -> lat_gas_r
soleus_r -> soleus_r
tib_post_r -> tib_post_r
flex_dig_r -> flex_dig_r
flex_hal_r -> flex_hal_r
tib_ant_r -> tib_ant_r
per_brev_r -> per_brev_r
per_long_r -> per_long_r
per_tert_r -> per_tert_r
ext_dig_r -> ext_dig_r
ext_hal_r -> ext_hal_r
glut_med1_l -> glut_med1_l
glut_med2_l -> glut_med2_l
glut_med3_l -> glut_med3_l
glut_min1_l -> glut_min1_l
glut_min2_l -> glut_min2_l
glut_min3_l -> glut_min3_l
semimem_l -> semimem_l
semiten_l -> semiten_l
bifemlh_l -> bifemlh_l
bifemsh_l -> bifemsh_l
sar_l -> sar_l
add_long_l -> add_long_l
add_brev_l -> add_brev_l
add_mag1_l -> add_mag1_l
add_mag2_l -> add_mag2_l
add_mag3_l -> add_mag3_l
tfl_l -> tfl_l
pect_l -> pect_l
grac_l -> grac_l
glut_max1_l -> glut_max1_l
glut_max2_l -> glut_max2_l
glut_max3_l -> glut_max3_l
iliacus_l -> iliacus_l
psoas_l -> psoas_l
quad_fem_l -> quad_fem_l
gem_l -> gem_l
peri_l -> peri_l
rect_fem_l -> rect_fem_l
vas_med_l -> vas_med_l
vas_int_l -> vas_int_l
vas_lat_l -> vas_lat_l
med_gas_l -> med_gas_l
lat_gas_l -> lat_gas_l
soleus_l -> soleus_l
tib_post_l -> tib_post_l
flex_dig_l -> flex_dig_l
flex_hal_l -> flex_hal_l
tib_ant_l -> tib_ant_l
per_brev_l -> per_brev_l
per_long_l -> per_long_l
per_tert_l -> per_tert_l
ext_dig_l -> ext_dig_l
ext_hal_l -> ext_hal_l
ercspn_r -> ercspn_r
ercspn_l -> ercspn_l
intobl_r -> intobl_r
intobl_l -> intobl_l
extobl_r -> extobl_r
extobl_l -> extobl_l
Using c:/opensim_tutorial/tutorials/Cerebral_Palsy_Project/Simulations/PC003/trial1_r1/ceinms/./execution/ as output directory
Joint moments
hip_flexion_r -> Tracking
hip_adduction_r -> Tracking
hip_rotation_r -> Tracking
knee_angle_r -> Tracking
ankle_angle_r -> Tracking
Muscle excitations
glut_med1_r ->  Adjusting
glut_med2_r ->  Adjusting
glut_med3_r ->  Adjusting
glut_min1_r ->  Adjusting
glut_min2_r ->  Adjusting
glut_min3_r ->  Adjusting
semimem_r ->  Adjusting
semiten_r ->  Adjusting
bifemlh_r ->  Adjusting
bifemsh_r ->  Adjusting
sar_r ->  Synthetising
add_long_r ->  Adjusting
add_brev_r ->  Adjusting
add_mag1_r ->  Synthetising
add_mag2_r ->  Synthetising
add_mag3_r ->  Synthetising
tfl_r ->  Synthetising
pect_r ->  Adjusting
grac_r ->  Adjusting
glut_max1_r ->  Adjusting
glut_max2_r ->  Adjusting
glut_max3_r ->  Adjusting
iliacus_r ->  Synthetising
psoas_r ->  Synthetising
quad_fem_r ->  Synthetising
gem_r ->  Synthetising
peri_r ->  Synthetising
rect_fem_r ->  Synthetising
vas_med_r ->  Adjusting
vas_int_r ->  Adjusting
vas_lat_r ->  Adjusting
med_gas_r ->  Adjusting
lat_gas_r ->  Adjusting
soleus_r ->  Adjusting
tib_post_r ->  Synthetising
flex_dig_r ->  Synthetising
flex_hal_r ->  Synthetising
tib_ant_r ->  Adjusting
per_brev_r ->  Synthetising
per_long_r ->  Synthetising
per_tert_r ->  Synthetising
ext_dig_r ->  Adjusting
ext_hal_r ->  Adjusting
glut_med1_l ->  Unchanged
glut_med2_l ->  Unchanged
glut_med3_l ->  Unchanged
glut_min1_l ->  Unchanged
glut_min2_l ->  Unchanged
glut_min3_l ->  Unchanged
semimem_l ->  Unchanged
semiten_l ->  Unchanged
bifemlh_l ->  Unchanged
bifemsh_l ->  Unchanged
sar_l ->  Unchanged
add_long_l ->  Unchanged
add_brev_l ->  Unchanged
add_mag1_l ->  Unchanged
add_mag2_l ->  Unchanged
add_mag3_l ->  Unchanged
tfl_l ->  Unchanged
pect_l ->  Unchanged
grac_l ->  Unchanged
glut_max1_l ->  Unchanged
glut_max2_l ->  Unchanged
glut_max3_l ->  Unchanged
iliacus_l ->  Unchanged
psoas_l ->  Unchanged
quad_fem_l ->  Unchanged
gem_l ->  Unchanged
peri_l ->  Unchanged
rect_fem_l ->  Unchanged
vas_med_l ->  Unchanged
vas_int_l ->  Unchanged
vas_lat_l ->  Unchanged
med_gas_l ->  Unchanged
lat_gas_l ->  Unchanged
soleus_l ->  Unchanged
tib_post_l ->  Unchanged
flex_dig_l ->  Unchanged
flex_hal_l ->  Unchanged
tib_ant_l ->  Unchanged
per_brev_l ->  Unchanged
per_long_l ->  Unchanged
per_tert_l ->  Unchanged
ext_dig_l ->  Unchanged
ext_hal_l ->  Unchanged
ercspn_r ->  Synthetising
ercspn_l ->  Unchanged
intobl_r ->  Synthetising
intobl_l ->  Unchanged
extobl_r ->  Synthetising
extobl_l ->  Unchanged
Using alpha = 1, beta = 50, gamma = 1000
Using c:/opensim_tutorial\tutorials\Cerebral_Palsy_Project\Simulations\PC003\trial1_r1\ceinms\execution as output directory
starting consume

externalTorque DONE

EMG: EMG DONE


EmgTime: 3.855
Adjusted EMG
0.0583626	0.0118226	0.0157687	0.0449975	0.0118226	0.022461	0.001	0.001	0.001	0.030154	0.0815625	0.013722	0.00631239	0.001	0.001	0.001	0.001	0.00362205	0.001	0.0118226	0.0118226	0.0118226	0.001	0.001	0.001	0.001	0.001	0.001	0.001	0.001	0.001	0.079868	0.079868	0.001	0.001	0.001	0.001	0.832349	0.001	0.001	0.001	0.799828	0.816057	0	0	0	0	0	0	0	0	0	0	0	0	0	0	0	0	0	0	0	0	0	0	0	0	0	0	0	0	0	0	0	0	0	0	0	0	0	0	0	0	0	0	0	0.001	0	0.001	0	0.000997281	0	
LmtTime: 3.85
Lmt
0.122951	0.141417	0.124968	0.0791619	0.0829244	0.0911163	0.389984	0.429301	0.40316	0.207457	0.512773	0.184603	0.122141	0.112361	0.192972	0.349499	0.504965	0.0857351	0.391784	0.221084	0.234228	0.265181	0.182504	0.237003	0.0759559	0.0686579	0.144542	0.417576	0.204299	0.214918	0.231325	0.395805	0.392647	0.275185	0.310814	0.399328	0.390827	0.2532	0.189404	0.358261	0.150151	0.383326	0.355265	0.107199	0.133529	0.1262	0.0658925	0.0735451	0.0861378	0.36485	0.401621	0.381117	0.19597	0.506196	0.179497	0.11674	0.108072	0.181771	0.328622	0.495161	0.083723	0.373543	0.220256	0.235447	0.263844	0.184352	0.23956	0.0915559	0.0794207	0.148898	0.41828	0.203576	0.214038	0.229698	0.381179	0.378081	0.266194	0.304587	0.394412	0.385804	0.253812	0.18607	0.352659	0.150624	0.382975	0.355889	0.109644	0.125287	0.207367	0.230017	0.280877	0.300382	
MomentArms on: hip_flexion_r
-0.0124622	0.0152015	0.0187472	0.0227254	-0.0378171	0.0425953	0.0144517	0.0428659	0.0509244	0.0713285	0.0745878	
MomentArms on: hip_adduction_r
0.0688252	0.0727791	0.0614548	0.0519058	0.0318282	0.0155271	0.0483184	0.0457743	0.0144408	0.0242915	
MomentArms on: hip_rotation_r
0.0442611	0.0408643	0.00369359	0.00276164	0.018106	-0.0236943	0.00424353	0.0205752	-0.00285415	-0.0408887	
MomentArms on: knee_angle_r
-0.0240704	-0.0268879	-0.0325924	-0.0165426	-0.0169019	-0.013922	-0.0328047	-0.0390451	0.0352996	0.0332987	0.0313699	0.0318364	
MomentArms on: ankle_angle_r
0.0349376	0.0370393	0.0221551	0.0378753	-0.00907622	-0.0132681	-0.0407563	-0.0401928	-0.00432418	-0.00755956	-0.0377604	-0.00996978	
External Torques: 18.257 -25.8858 15.5224 52.7399 -6.85112 
Current Torque on hip_flexion_r 19.1844
Current Torque on hip_adduction_r 0.55258
Current Torque on hip_rotation_r 11.9138
Current Torque on knee_angle_r 63.3204
Current Torque on ankle_angle_r -25.9979

----------------------------------------


EmgTime: 3.865
Adjusted EMG
0.001	0.0118469	0.0124355	0.001	0.0118469	0.0158211	0.001	0.001	0.001	0.0178693	0.001	0.001	0.00325343	0.001	0.001	0.001	0.001	0.001	0.001	0.0118469	0.0118469	0.0118469	0.001	0.001	0.001	0.001	0.001	0.001	0.0177918	0.0177918	0.001	0.0787542	0.0787542	0.001	0.001	0.001	0.001	0.757314	0.001	0.001	0.001	0.74795	0.74839	0	0	0	0	0	0	0	0	0	0	0	0	0	0	0	0	0	0	0	0	0	0	0	0	0	0	0	0	0	0	0	0	0	0	0	0	0	0	0	0	0	0	0	0.001	0	0.001	0	0.000997281	0	
LmtTime: 3.86
Lmt
0.123939	0.140924	0.123292	0.0804172	0.0835317	0.0909135	0.388941	0.428096	0.401338	0.208239	0.51489	0.187043	0.123201	0.11208	0.192217	0.34788	0.507095	0.0872392	0.392373	0.219009	0.231599	0.262151	0.184401	0.238793	0.073668	0.0671014	0.143228	0.418209	0.20334	0.213925	0.230361	0.397122	0.393982	0.275954	0.311014	0.399506	0.391098	0.252347	0.189488	0.358417	0.149676	0.382533	0.354413	0.107723	0.133356	0.12528	0.0665025	0.0737697	0.0859901	0.364607	0.401409	0.380523	0.196312	0.506573	0.181387	0.118165	0.108912	0.182319	0.328505	0.495393	0.0849497	0.374387	0.218924	0.233795	0.262677	0.185062	0.240195	0.0905023	0.0785859	0.148197	0.418202	0.203178	0.213621	0.229306	0.382043	0.378948	0.266806	0.304747	0.394558	0.386017	0.253201	0.186139	0.35278	0.150269	0.382409	0.355289	0.110778	0.125515	0.206531	0.229526	0.280537	0.2998	
MomentArms on: hip_flexion_r
-0.0122609	0.0155066	0.0185805	0.0226379	-0.0375769	0.042596	0.0145182	0.0428371	0.0510634	0.0714086	0.0744604	
MomentArms on: hip_adduction_r
0.0687727	0.0729657	0.0615978	0.0521312	0.0318189	0.0153764	0.0486755	0.0457163	0.014271	0.0241536	
MomentArms on: hip_rotation_r
0.0441676	0.0407359	0.00368493	0.00275542	0.0176905	-0.023693	0.00414863	0.0204226	-0.00296799	-0.0407953	
MomentArms on: knee_angle_r
-0.0240738	-0.0268901	-0.0325801	-0.0165444	-0.016903	-0.0139204	-0.0328068	-0.0390499	0.0352949	0.0333019	0.0313741	0.0318398	
MomentArms on: ankle_angle_r
0.0349374	0.0370388	0.0221561	0.0378754	-0.00907756	-0.0132696	-0.0407601	-0.0401964	-0.00432487	-0.00756029	-0.0377644	-0.00997101	
External Torques: 17.624 -26.3632 16.9618 52.2216 -8.37314 
Current Torque on hip_flexion_r 25.8207
Current Torque on hip_adduction_r 0.959406
Current Torque on hip_rotation_r 14.8513
Current Torque on knee_angle_r 57.9009
Current Torque on ankle_angle_r -29.3942

----------------------------------------


EmgTime: 3.875
Adjusted EMG
0.001	0.0118703	0.0119336	0.001	0.0118703	0.0121651	0.001	0.001	0.001	0.00336701	0.001	0.001	0.00403027	0.001	0.001	0.001	0.001	0.001	0.001	0.0118703	0.0118703	0.0118703	0.001	0.001	0.001	0.001	0.001	0.001	0.017761	0.017761	0.001	0.0776403	0.0776403	0.001	0.001	0.001	0.001	0.732985	0.001	0.001	0.001	0.731031	0.733188	0	0	0	0	0	0	0	0	0	0	0	0	0	0	0	0	0	0	0	0	0	0	0	0	0	0	0	0	0	0	0	0	0	0	0	0	0	0	0	0	0	0	0	0.001	0	0.001	0	0.000997281	0	
LmtTime: 3.87
Lmt
0.124725	0.140275	0.121535	0.0814828	0.0839744	0.0905768	0.387941	0.426955	0.399598	0.208991	0.516892	0.189434	0.124257	0.11191	0.191569	0.346334	0.509025	0.0886881	0.393016	0.216914	0.229026	0.259223	0.186234	0.240526	0.0715589	0.0656094	0.141865	0.418814	0.20241	0.212965	0.229425	0.398368	0.395247	0.276675	0.311202	0.399672	0.391353	0.251535	0.189566	0.358565	0.149226	0.381777	0.353598	0.108224	0.133147	0.124335	0.0670815	0.073961	0.0858041	0.364406	0.401245	0.379983	0.196639	0.506888	0.183176	0.119515	0.109728	0.182873	0.328433	0.495578	0.0860973	0.3752	0.217615	0.232195	0.261562	0.18574	0.2408	0.0894625	0.0777444	0.147465	0.418099	0.202797	0.213222	0.228931	0.382879	0.379788	0.267399	0.304903	0.394699	0.386225	0.252602	0.186205	0.352897	0.149922	0.381852	0.354699	0.111888	0.125732	0.205769	0.229041	0.28027	0.299184	
MomentArms on: hip_flexion_r
-0.0120292	0.0158579	0.0183868	0.0225357	-0.0372901	0.041233	0.014605	0.0412245	0.0512075	0.0714713	0.0742981	
MomentArms on: hip_adduction_r
0.0687183	0.0731549	0.0617655	0.0523798	0.031807	0.0152181	0.0490549	0.0456429	0.0140889	0.0240063	
MomentArms on: hip_rotation_r
0.044042	0.0405748	0.00297476	0.0017809	0.0172463	-0.0237031	0.00401342	0.0202319	-0.00311401	-0.040702	
MomentArms on: knee_angle_r
-0.0240809	-0.0268949	-0.0325666	-0.0165484	-0.0169055	-0.013917	-0.0328111	-0.0390577	0.0352952	0.0333087	0.0313831	0.0318472	
MomentArms on: ankle_angle_r
0.0349375	0.0370389	0.022156	0.0378754	-0.00907741	-0.0132694	-0.0407598	-0.0401961	-0.00432479	-0.0075602	-0.037764	-0.00997087	
External Torques: 15.718 -24.4214 17.3866 51.5736 -10.0219 
Current Torque on hip_flexion_r 29.8978
Current Torque on hip_adduction_r 1.64502
Current Torque on hip_rotation_r 17.1115
Current Torque on knee_angle_r 52.9056
Current Torque on ankle_angle_r -29.593

----------------------------------------


EmgTime: 3.885
Adjusted EMG
0.001	0.0118937	0.0119024	0.001	0.0118937	0.0119307	0.001	0.001	0.001	0.001	0.001	0.001	0.00590986	0.001	0.001	0.001	0.001	0.001	0.001	0.0118937	0.0118937	0.0118937	0.001	0.001	0.001	0.001	0.001	0.001	0.0177326	0.0177326	0.0395014	0.0765258	0.0750404	0.001	0.001	0.001	0.001	0.723637	0.001	0.001	0.001	0.7218	0.723577	0	0	0	0	0	0	0	0	0	0	0	0	0	0	0	0	0	0	0	0	0	0	0	0	0	0	0	0	0	0	0	0	0	0	0	0	0	0	0	0	0	0	0	0.001	0	0.001	0	0.000997281	0	
LmtTime: 3.88
Lmt
0.125287	0.139512	0.119781	0.0823264	0.0842453	0.0901321	0.387002	0.425899	0.397987	0.209683	0.518724	0.191706	0.12528	0.111857	0.191048	0.344907	0.510697	0.0900423	0.393683	0.214881	0.226602	0.256504	0.187946	0.242145	0.0697196	0.0642541	0.140521	0.419382	0.201547	0.212076	0.228554	0.399499	0.396396	0.277324	0.31137	0.39982	0.391583	0.250793	0.189635	0.358697	0.148819	0.381086	0.352852	0.108725	0.132939	0.123411	0.0676382	0.0741368	0.0856057	0.364276	0.401154	0.379535	0.196938	0.507107	0.184769	0.120732	0.110479	0.18341	0.328428	0.495697	0.0871118	0.375931	0.216395	0.230713	0.260545	0.186336	0.241327	0.0884393	0.0769078	0.146731	0.417952	0.202448	0.212857	0.228587	0.383669	0.380582	0.267965	0.305051	0.394832	0.386422	0.252025	0.186267	0.353009	0.14959	0.381316	0.354129	0.112943	0.125912	0.205143	0.22855	0.280106	0.298549	
MomentArms on: hip_flexion_r
-0.0117597	0.0162647	0.018146	0.0224007	-0.0369483	0.0416232	0.0147236	0.0416131	0.0513535	0.0715061	0.0740844	
MomentArms on: hip_adduction_r
0.0686653	0.0733408	0.0619665	0.0526521	0.0317901	0.0150559	0.049444	0.0455494	0.013897	0.0238514	
MomentArms on: hip_rotation_r
0.0438729	0.0403729	0.00304427	0.00183637	0.0168012	-0.0237395	0.00381528	0.01999	-0.00330839	-0.0406236	
MomentArms on: knee_angle_r
-0.0240962	-0.0269055	-0.0325525	-0.0165575	-0.0169111	-0.0139094	-0.0328199	-0.0390716	0.0353082	0.033324	0.0314033	0.0318637	
MomentArms on: ankle_angle_r
0.0349379	0.0370404	0.022153	0.037875	-0.00907347	-0.0132652	-0.0407489	-0.0401855	-0.00432277	-0.00755807	-0.037752	-0.00996724	
External Torques: 13.2934 -20.8868 17.0904 50.9839 -11.6481 
Current Torque on hip_flexion_r 31.7741
Current Torque on hip_adduction_r 1.34154
Current Torque on hip_rotation_r 17.0519
Current Torque on knee_angle_r 49.9044
Current Torque on ankle_angle_r -29.0654

----------------------------------------


EmgTime: 3.895
Adjusted EMG
0.001	0.0119168	0.0119535	0.001	0.0119168	0.0120587	0.001	0.001	0.001	0.001	0.001	0.001	0.00781374	0.001	0.001	0.001	0.001	0.001	0.00247376	0.0119168	0.0119168	0.0119168	0.001	0.001	0.001	0.001	0.001	0.001	0.0177067	0.0177067	0.0598609	0.0754117	0.0730906	0.001	0.001	0.001	0.001	0.714588	0.001	0.001	0.001	0.712784	0.714374	0	0	0	0	0	0	0	0	0	0	0	0	0	0	0	0	0	0	0	0	0	0	0	0	0	0	0	0	0	0	0	0	0	0	0	0	0	0	0	0	0	0	0	0.001	0	0.001	0	0.000997281	0	
LmtTime: 3.89
Lmt
0.125625	0.138684	0.11811	0.0829381	0.0843544	0.0896155	0.386136	0.424938	0.396538	0.210293	0.520352	0.1938	0.126247	0.111915	0.190658	0.343628	0.512084	0.0912742	0.394346	0.212985	0.2244	0.254073	0.189493	0.243611	0.0682123	0.0630932	0.139263	0.41991	0.200782	0.211289	0.22778	0.400479	0.397395	0.277882	0.311515	0.399946	0.39178	0.250147	0.189694	0.358812	0.148468	0.380484	0.352199	0.109254	0.132776	0.122558	0.0681894	0.0743213	0.0854252	0.364239	0.401156	0.379211	0.1972	0.507206	0.18609	0.121765	0.111126	0.183906	0.328506	0.495742	0.0879519	0.376537	0.215321	0.229404	0.259657	0.186814	0.241741	0.0874286	0.076084	0.14602	0.417745	0.202141	0.212536	0.228284	0.3844	0.381318	0.268496	0.305189	0.394957	0.386608	0.251477	0.186326	0.353114	0.149276	0.380806	0.353588	0.113917	0.126036	0.204701	0.228043	0.280064	0.297911	
MomentArms on: hip_flexion_r
-0.0114408	0.0167409	0.0178282	0.0222063	-0.0365395	0.0420109	0.0148881	0.0419883	0.0514983	0.0715013	0.0737969	
MomentArms on: hip_adduction_r
0.0686177	0.0735184	0.0622133	0.0529515	0.0317655	0.0148928	0.0498318	0.0454294	0.0136969	0.0236892	
MomentArms on: hip_rotation_r
0.0436465	0.0401207	0.003123	0.00189937	0.0163881	-0.0238215	0.00352605	0.0196808	-0.00357213	-0.0405785	
MomentArms on: knee_angle_r
-0.0241258	-0.0269262	-0.0325381	-0.0165753	-0.0169221	-0.0138944	-0.0328367	-0.0390961	0.0353443	0.0333539	0.0314429	0.031896	
MomentArms on: ankle_angle_r
0.0349391	0.0370444	0.0221446	0.0378738	-0.00906262	-0.0132535	-0.0407187	-0.0401564	-0.0043172	-0.0075522	-0.0377192	-0.00995724	
External Torques: 11.0986 -16.9748 16.4508 50.6457 -13.1315 
Current Torque on hip_flexion_r 33.3236
Current Torque on hip_adduction_r 1.26024
Current Torque on hip_rotation_r 16.2853
Current Torque on knee_angle_r 48.4469
Current Torque on ankle_angle_r -28.3207

----------------------------------------


EmgTime: 3.905
Adjusted EMG
0.001	0.0119397	0.0119701	0.001	0.0119397	0.0120527	0.001	0.001	0.001	0.001	0.001	0.001	0.00928769	0.001	0.001	0.001	0.001	0.001	0.017435	0.0119397	0.0119397	0.0119397	0.001	0.001	0.001	0.001	0.001	0.001	0.0176826	0.017682	0.0715154	0.0742995	0.0713438	0.001	0.001	0.001	0.001	0.705321	0.001	0.001	0.001	0.703666	0.705079	0	0	0	0	0	0	0	0	0	0	0	0	0	0	0	0	0	0	0	0	0	0	0	0	0	0	0	0	0	0	0	0	0	0	0	0	0	0	0	0	0	0	0	0.001	0	0.001	0	0.000997281	0	
LmtTime: 3.9
Lmt
0.125753	0.137839	0.11659	0.083325	0.0843213	0.089064	0.385348	0.424075	0.395267	0.210806	0.521759	0.195683	0.127142	0.112074	0.190397	0.342516	0.513182	0.0923708	0.39498	0.211279	0.222464	0.251984	0.190849	0.244899	0.0670677	0.0621633	0.138144	0.420399	0.200134	0.210623	0.227124	0.401292	0.398224	0.278341	0.311634	0.40005	0.391943	0.24961	0.189742	0.358907	0.148177	0.379983	0.351654	0.10984	0.132697	0.121815	0.0687557	0.0745404	0.0852926	0.36431	0.401265	0.379028	0.197424	0.507177	0.187087	0.122581	0.111636	0.184335	0.328671	0.495719	0.0885908	0.376988	0.214437	0.228306	0.258915	0.187146	0.242018	0.0864218	0.0752776	0.145359	0.417468	0.201879	0.212262	0.228024	0.385064	0.381987	0.268987	0.305317	0.395072	0.386779	0.250967	0.186379	0.353212	0.148985	0.380331	0.353083	0.114795	0.126091	0.204478	0.227504	0.280152	0.297283	
MomentArms on: hip_flexion_r
-0.0110567	0.0173045	0.0173937	0.0219176	-0.0360475	0.0423924	0.0151146	0.0423441	0.0516399	0.0714451	0.0734068	
MomentArms on: hip_adduction_r
0.0685781	0.0736843	0.0625218	0.053285	0.0317308	0.0147307	0.05021	0.0452749	0.0134883	0.0235193	
MomentArms on: hip_rotation_r
0.043348	0.0398079	0.00321423	0.00197271	0.0160411	-0.0239717	0.00311314	0.0192851	-0.00393046	-0.0405878	
MomentArms on: knee_angle_r
-0.0241774	-0.0269621	-0.0325235	-0.0166066	-0.0169413	-0.0138682	-0.0328656	-0.0391364	0.0354158	0.033406	0.0315119	0.0319524	
MomentArms on: ankle_angle_r
0.0349413	0.0370523	0.0221279	0.0378712	-0.00904103	-0.0132304	-0.0406582	-0.0400982	-0.00430611	-0.00754051	-0.0376536	-0.00993732	
External Torques: 9.6505 -13.8506 15.7941 50.6859 -14.4189 
Current Torque on hip_flexion_r 34.7635
Current Torque on hip_adduction_r 1.23491
Current Torque on hip_rotation_r 15.6531
Current Torque on knee_angle_r 47.8062
Current Torque on ankle_angle_r -27.7161

----------------------------------------


EmgTime: 3.915
Adjusted EMG
0.001	0.0119624	0.0120202	0.001	0.0119624	0.0121887	0.001	0.001	0.001	0.001	0.001	0.001	0.00992569	0.001	0.001	0.00110295	0.001	0.001	0.0234711	0.0119624	0.0119624	0.0119624	0.001	0.001	0.001	0.001	0.001	0.001	0.0176614	0.0176612	0.0796164	0.0731887	0.070031	0.001	0.001	0.001	0.001	0.695959	0.001	0.001	0.001	0.694391	0.695676	0	0	0	0	0	0	0	0	0	0	0	0	0	0	0	0	0	0	0	0	0	0	0	0	0	0	0	0	0	0	0	0	0	0	0	0	0	0	0	0	0	0	0	0.001	0	0.001	0	0.000997281	0	
LmtTime: 3.91
Lmt
0.125694	0.137015	0.115261	0.0835057	0.0841693	0.0885084	0.384636	0.423305	0.394174	0.211217	0.522948	0.197345	0.127963	0.112321	0.190255	0.341572	0.514009	0.0933329	0.395573	0.209789	0.220813	0.250256	0.192008	0.246004	0.0662867	0.0614785	0.137196	0.420853	0.199611	0.210086	0.226594	0.401934	0.39888	0.2787	0.311727	0.400131	0.392071	0.249185	0.18978	0.358981	0.147949	0.379588	0.351223	0.110508	0.132733	0.121213	0.0693575	0.0748182	0.0852342	0.364498	0.401487	0.378996	0.197613	0.507025	0.187733	0.12316	0.111984	0.184679	0.32892	0.495642	0.0890164	0.377272	0.213773	0.227439	0.258321	0.187322	0.242146	0.0854089	0.0744907	0.144766	0.417111	0.201657	0.21203	0.227804	0.385661	0.382588	0.269432	0.305433	0.395176	0.386935	0.250498	0.186428	0.3533	0.148719	0.379895	0.352618	0.115573	0.126071	0.204488	0.226918	0.28037	0.296671	
MomentArms on: hip_flexion_r
-0.0105883	0.0179757	0.0167958	0.0214934	-0.0354522	0.0427632	0.0154189	0.0426747	0.0517759	0.0713249	0.0728789	
MomentArms on: hip_adduction_r
0.0685481	0.0738353	0.0629101	0.0536642	0.0316847	0.014571	0.0505746	0.0450761	0.0132699	0.0233404	
MomentArms on: hip_rotation_r
0.0429614	0.0394234	0.00332115	0.00205921	0.0157909	-0.0242144	0.00254205	0.0187819	-0.00441104	-0.0406724	
MomentArms on: knee_angle_r
-0.024259	-0.0270186	-0.0325085	-0.0166562	-0.0169717	-0.0138262	-0.0329106	-0.0391981	0.0355359	0.0334889	0.0316218	0.0320421	
MomentArms on: ankle_angle_r
0.0349445	0.0370655	0.0220991	0.0378664	-0.00900436	-0.013191	-0.0405551	-0.039999	-0.00428729	-0.00752065	-0.0375422	-0.0099035	
External Torques: 9.16037 -12.2831 15.3252 51.1229 -15.5233 
Current Torque on hip_flexion_r 35.8656
Current Torque on hip_adduction_r 1.43721
Current Torque on hip_rotation_r 15.0358
Current Torque on knee_angle_r 47.8061
Current Torque on ankle_angle_r -27.2216

----------------------------------------


EmgTime: 3.925
Adjusted EMG
0.001	0.0119847	0.0121075	0.001	0.0119847	0.0125764	0.001	0.001	0.001	0.001	0.001	0.001	0.0098253	0.001	0.001	0.00130642	0.001	0.001	0.0215251	0.0119847	0.0119847	0.0119847	0.001	0.001	0.001	0.001	0.001	0.001	0.0176419	0.0176425	0.084712	0.072081	0.0690573	0.001	0.001	0.001	0.001	0.686415	0.001	0.001	0.001	0.684927	0.686112	0	0	0	0	0	0	0	0	0	0	0	0	0	0	0	0	0	0	0	0	0	0	0	0	0	0	0	0	0	0	0	0	0	0	0	0	0	0	0	0	0	0	0	0.001	0	0.001	0	0.000997281	0	
LmtTime: 3.92
Lmt
0.125473	0.136234	0.114138	0.0835043	0.0839203	0.0879683	0.383993	0.422619	0.393248	0.211531	0.523934	0.198799	0.128716	0.112644	0.190219	0.340788	0.514592	0.0941726	0.39612	0.208519	0.219436	0.248881	0.19298	0.246935	0.065847	0.0610321	0.136432	0.421277	0.199211	0.209675	0.226187	0.402415	0.399372	0.278966	0.311796	0.400191	0.392166	0.248868	0.189807	0.359036	0.14778	0.379293	0.3509	0.111273	0.132905	0.120774	0.0700112	0.0751733	0.0852694	0.364809	0.401828	0.379113	0.197778	0.506762	0.188026	0.123497	0.112157	0.184922	0.329242	0.495528	0.089229	0.377392	0.213339	0.226809	0.257866	0.187343	0.242127	0.0843816	0.0737242	0.144257	0.41667	0.201463	0.211828	0.227612	0.386193	0.383124	0.269832	0.305537	0.395269	0.387075	0.250075	0.186471	0.35338	0.148479	0.379501	0.352197	0.116255	0.12598	0.20473	0.226269	0.280707	0.296077	
MomentArms on: hip_flexion_r
-0.0100151	0.0187736	0.0159842	0.0208903	-0.0347309	0.0431151	0.0158132	0.0429721	0.0519027	0.0711275	0.0721732	
MomentArms on: hip_adduction_r
0.0685265	0.0739678	0.0633963	0.0541035	0.0316285	0.0144156	0.0509265	0.0448214	0.0130402	0.0231513	
MomentArms on: hip_rotation_r
0.0424713	0.038956	0.0034457	0.00216084	0.01566	-0.0245718	0.00178033	0.0181508	-0.00504092	-0.0408508	
MomentArms on: knee_angle_r
-0.0243788	-0.0271003	-0.0324917	-0.0167289	-0.017016	-0.0137638	-0.0329755	-0.0392865	0.0357172	0.0336106	0.0317834	0.0321742	
MomentArms on: ankle_angle_r
0.0349486	0.0370849	0.0220539	0.0378576	-0.00894824	-0.0131308	-0.0403963	-0.0398463	-0.00425847	-0.0074902	-0.0373709	-0.00985171	
External Torques: 9.58144 -12.4973 15.1182 51.8685 -16.4985 
Current Torque on hip_flexion_r 36.6024
Current Torque on hip_adduction_r 1.40352
Current Torque on hip_rotation_r 14.3502
Current Torque on knee_angle_r 48.3571
Current Torque on ankle_angle_r -26.6235

----------------------------------------


EmgTime: 3.935
Adjusted EMG
0.001	0.0120067	0.0121311	0.00158432	0.0120067	0.0131511	0.001	0.001	0.001	0.001	0.001	0.001	0.00902656	0.001	0.001	0.001	0.001	0.001	0.0124906	0.0120067	0.0120067	0.0120067	0.001	0.001	0.001	0.001	0.001	0.001	0.0176262	0.0176272	0.0867304	0.0709774	0.0683166	0.001	0.001	0.001	0.001	0.676644	0.001	0.001	0.001	0.675268	0.67634	0	0	0	0	0	0	0	0	0	0	0	0	0	0	0	0	0	0	0	0	0	0	0	0	0	0	0	0	0	0	0	0	0	0	0	0	0	0	0	0	0	0	0	0.001	0	0.001	0	0.000997281	0	
LmtTime: 3.93
Lmt
0.125115	0.135503	0.113211	0.0833471	0.0835922	0.0874519	0.383412	0.422008	0.392468	0.211758	0.524741	0.200077	0.129415	0.113035	0.190277	0.340147	0.514967	0.0949103	0.396628	0.207448	0.218305	0.247828	0.193787	0.247711	0.0657094	0.0608009	0.135842	0.421676	0.19892	0.209377	0.225892	0.402755	0.399719	0.279151	0.311844	0.400232	0.392231	0.248647	0.189826	0.359075	0.147662	0.379088	0.350675	0.112141	0.13322	0.120504	0.0707266	0.0756166	0.0854098	0.365241	0.402288	0.379372	0.197932	0.506413	0.187979	0.123597	0.112152	0.185058	0.329622	0.495397	0.0892389	0.377366	0.213132	0.226406	0.257534	0.187221	0.241972	0.0833357	0.0729798	0.143841	0.416141	0.201282	0.211639	0.227433	0.386668	0.383602	0.270184	0.305629	0.39535	0.387198	0.2497	0.186509	0.35345	0.148267	0.37915	0.351823	0.116858	0.125827	0.205189	0.225543	0.28115	0.295493	
MomentArms on: hip_flexion_r
-0.00931809	0.0197113	0.0149118	0.0200676	-0.0338609	0.0434343	0.0163035	0.0432246	0.0520143	0.0708392	0.0712466	
MomentArms on: hip_adduction_r
0.0685089	0.0740755	0.0639948	0.0546191	0.0315669	0.0142678	0.0512707	0.0444993	0.0127986	0.0229524	
MomentArms on: hip_rotation_r
0.0418633	0.0383954	0.00358741	0.00227778	0.0156571	-0.0250609	0.00080271	0.0173746	-0.00584245	-0.0411346	
MomentArms on: knee_angle_r
-0.0245436	-0.0272102	-0.0324708	-0.0168286	-0.0170762	-0.0136767	-0.0330625	-0.0394049	0.0359692	0.0337781	0.0320064	0.0323564	
MomentArms on: ankle_angle_r
0.034952	0.0371107	0.0219877	0.0378424	-0.00886871	-0.0130454	-0.0401695	-0.039628	-0.00421763	-0.00744696	-0.037127	-0.00977828	
External Torques: 10.7155 -14.2349 15.1464 52.7686 -17.4028 
Current Torque on hip_flexion_r 37.021
Current Torque on hip_adduction_r 1.35546
Current Torque on hip_rotation_r 13.6219
Current Torque on knee_angle_r 49.3007
Current Torque on ankle_angle_r -25.8241

----------------------------------------


EmgTime: 3.945
Adjusted EMG
0.001	0.0120289	0.0119172	0.00481896	0.0120289	0.0137869	0.001	0.001	0.001	0.001	0.001	0.001	0.00776351	0.001	0.001	0.001	0.001	0.001	0.001	0.0120289	0.0120289	0.0120289	0.001	0.001	0.001	0.001	0.001	0.001	0.0176175	0.023504	0.0835256	0.0698791	0.0676979	0.001	0.001	0.001	0.001	0.666631	0.001	0.001	0.001	0.665431	0.666358	0	0	0	0	0	0	0	0	0	0	0	0	0	0	0	0	0	0	0	0	0	0	0	0	0	0	0	0	0	0	0	0	0	0	0	0	0	0	0	0	0	0	0	0.001	0	0.001	0	0.000997281	0	
LmtTime: 3.94
Lmt
0.124642	0.134815	0.11245	0.0830603	0.083199	0.0869576	0.38288	0.421458	0.39181	0.211913	0.525401	0.201218	0.130077	0.113488	0.190419	0.339627	0.515173	0.0955703	0.397111	0.206541	0.217378	0.247049	0.19446	0.248363	0.0658248	0.0607509	0.135402	0.422054	0.198721	0.209173	0.225689	0.403331	0.399987	0.279269	0.311874	0.400258	0.392273	0.248506	0.189839	0.359099	0.147587	0.378956	0.350531	0.113107	0.133677	0.120401	0.0715052	0.0761503	0.0856582	0.365791	0.402863	0.379763	0.198089	0.506001	0.187622	0.123475	0.111973	0.185085	0.330043	0.495267	0.0890634	0.37722	0.213137	0.226211	0.257304	0.186974	0.2417	0.082273	0.0722608	0.143522	0.415523	0.201097	0.211446	0.227249	0.387093	0.38403	0.270488	0.305708	0.39542	0.387305	0.249373	0.186542	0.353511	0.148084	0.378845	0.351497	0.1174	0.125626	0.205838	0.224728	0.281679	0.294908	
MomentArms on: hip_flexion_r
-0.0084835	0.0207913	0.0135419	0.0189946	-0.0328231	0.0437024	0.0168857	0.0434173	0.0521008	0.0704467	0.0700576	
MomentArms on: hip_adduction_r
0.0684875	0.0741493	0.0647129	0.055226	0.0315087	0.0141333	0.0516157	0.0440989	0.0125462	0.0227462	
MomentArms on: hip_rotation_r
0.041127	0.0377335	0.0037426	0.00240775	0.0157737	-0.0256891	-0.00040307	0.016443	-0.0068286	-0.0415261	
MomentArms on: knee_angle_r
-0.0247572	-0.0273483	-0.0324422	-0.0169572	-0.0171531	-0.0135613	-0.0331715	-0.039554	0.0362966	0.0339957	0.0322971	0.032594	
MomentArms on: ankle_angle_r
0.0349525	0.0371419	0.0218958	0.0378172	-0.00876292	-0.0129316	-0.0398645	-0.0393344	-0.00416327	-0.00738929	-0.0368003	-0.00968052	
External Torques: 12.3087 -16.9506 15.329 53.6477 -18.2771 
Current Torque on hip_flexion_r 37.1752
Current Torque on hip_adduction_r 1.31304
Current Torque on hip_rotation_r 12.8996
Current Torque on knee_angle_r 50.5531
Current Torque on ankle_angle_r -24.8803

----------------------------------------


EmgTime: 3.955
Adjusted EMG
0.001	0.0120487	0.0112869	0.00478283	0.0120487	0.0142459	0.001	0.001	0.001	0.001	0.001	0.001	0.00628783	0.001	0.001	0.00199619	0.001	0.001	0.001	0.0120487	0.0120487	0.0120487	0.001	0.001	0.001	0.001	0.001	0.001	0.0231997	0.024338	0.0690785	0.0687859	0.0672935	0.00357583	0.001	0.001	0.001	0.656362	0.001	0.001	0.001	0.655416	0.656143	0	0	0	0	0	0	0	0	0	0	0	0	0	0	0	0	0	0	0	0	0	0	0	0	0	0	0	0	0	0	0	0	0	0	0	0	0	0	0	0	0	0	0	0.001	0	0.001	0	0.000997281	0	
LmtTime: 3.95
Lmt
0.124074	0.134156	0.111817	0.0826694	0.0827521	0.0864781	0.382389	0.42096	0.391248	0.212014	0.525944	0.202268	0.130722	0.113999	0.190635	0.339205	0.515245	0.0961774	0.397586	0.205758	0.216606	0.246491	0.195033	0.248921	0.06614	0.0608426	0.135077	0.422416	0.198592	0.20904	0.225558	0.403468	0.400125	0.279336	0.311892	0.400273	0.392297	0.248425	0.189846	0.359113	0.147544	0.378881	0.350448	0.114156	0.134261	0.120458	0.0723398	0.0767682	0.0860101	0.36645	0.403549	0.380273	0.198264	0.505554	0.186991	0.123153	0.111634	0.185008	0.330487	0.49515	0.0887236	0.376988	0.213329	0.226199	0.257157	0.186625	0.241333	0.0812016	0.071573	0.143301	0.414819	0.200891	0.211231	0.227045	0.387479	0.384418	0.270745	0.305775	0.39548	0.387395	0.249095	0.18657	0.353563	0.147928	0.378586	0.35122	0.117903	0.125394	0.206643	0.22382	0.282273	0.294311	
MomentArms on: hip_flexion_r
-0.00750685	0.0220018	0.0118566	0.0176562	-0.0316063	0.0438986	0.0175445	0.0435347	0.0521486	0.0699384	0.0685725	
MomentArms on: hip_adduction_r
0.0684513	0.0741762	0.0655464	0.0559349	0.0314671	0.0140203	0.0519717	0.043613	0.0122874	0.0225384	
MomentArms on: hip_rotation_r
0.040259	0.0369666	0.00390442	0.00254584	0.0159833	-0.0264511	-0.00183102	0.0153564	-0.00799861	-0.0420155	
MomentArms on: knee_angle_r
-0.0250196	-0.027511	-0.032401	-0.0171133	-0.0172449	-0.0134155	-0.0332991	-0.0397309	0.0366977	0.0342643	0.0326572	0.0328887	
MomentArms on: ankle_angle_r
0.034946	0.0371762	0.0217735	0.0377771	-0.00862964	-0.0127881	-0.0394753	-0.0389592	-0.00409477	-0.0073164	-0.0363853	-0.00955724	
External Torques: 14.1211 -20.0208 15.5697 54.3581 -19.1334 
Current Torque on hip_flexion_r 37.071
Current Torque on hip_adduction_r 1.28829
Current Torque on hip_rotation_r 12.1764
Current Torque on knee_angle_r 52.2009
Current Torque on ankle_angle_r -23.8549

----------------------------------------


EmgTime: 3.965
Adjusted EMG
0.00756928	0.0120671	0.0101837	0.0058872	0.0120671	0.0144207	0.001	0.001	0.001	0.001	0.001	0.001	0.00483129	0.001	0.001	0.00187161	0.001	0.001	0.001	0.0120671	0.0120671	0.0120671	0.001	0.001	0.001	0.001	0.001	0.001	0.023861	0.022588	0.0595454	0.0676995	0.0667178	0.029845	0.001	0.001	0.001	0.646048	0.001	0.001	0.001	0.645351	0.64589	0	0	0	0	0	0	0	0	0	0	0	0	0	0	0	0	0	0	0	0	0	0	0	0	0	0	0	0	0	0	0	0	0	0	0	0	0	0	0	0	0	0	0	0.001	0	0.001	0	0.000997281	0	
LmtTime: 3.96
Lmt
0.123432	0.133512	0.111267	0.0821987	0.0822609	0.0860037	0.381928	0.420502	0.390755	0.212076	0.5264	0.203267	0.131367	0.114562	0.190915	0.338859	0.515218	0.096754	0.39807	0.205057	0.215941	0.246097	0.195537	0.249415	0.0666022	0.061036	0.134832	0.422765	0.198511	0.208958	0.225476	0.403542	0.400201	0.279368	0.3119	0.40028	0.392309	0.248386	0.189849	0.35912	0.147523	0.378845	0.350409	0.115264	0.134954	0.120659	0.0732158	0.0774563	0.086454	0.367209	0.404338	0.380886	0.198468	0.505094	0.186128	0.122653	0.111153	0.184836	0.33094	0.495053	0.0882427	0.376703	0.213681	0.226345	0.257076	0.186196	0.240892	0.0801362	0.0709246	0.143177	0.414033	0.200651	0.210981	0.226806	0.387832	0.384773	0.270956	0.305829	0.395528	0.387469	0.248866	0.186592	0.353605	0.1478	0.378372	0.350991	0.118388	0.125147	0.207568	0.222817	0.282911	0.293691	
MomentArms on: hip_flexion_r
-0.00639608	0.0233147	0.00986359	0.0160588	-0.030211	0.0440053	0.0182535	0.0435643	0.0521409	0.0693065	0.0667742	
MomentArms on: hip_adduction_r
0.0683876	0.0741415	0.0664773	0.0567489	0.0314582	0.0139394	0.0523489	0.0430402	0.0120299	0.022338	
MomentArms on: hip_rotation_r
0.0392659	0.0360985	0.00406374	0.00268514	0.0162445	-0.0273272	-0.00345357	0.0141288	-0.00933498	-0.042581	
MomentArms on: knee_angle_r
-0.0253265	-0.0276884	-0.0323409	-0.0172815	-0.0173369	-0.0132339	-0.0334393	-0.0399286	0.0371611	0.0345779	0.0330801	0.0332349	
MomentArms on: ankle_angle_r
0.0349272	0.0372094	0.0216173	0.0377165	-0.00846983	-0.0126158	-0.0390013	-0.0385017	-0.0040126	-0.00722863	-0.0358827	-0.00940924	
External Torques: 15.9706 -22.9066 15.7846 54.8083 -19.957 
Current Torque on hip_flexion_r 36.7783
Current Torque on hip_adduction_r 1.28754
Current Torque on hip_rotation_r 11.5076
Current Torque on knee_angle_r 53.2284
Current Torque on ankle_angle_r -23.2007

----------------------------------------


EmgTime: 3.975
Adjusted EMG
0.0175043	0.0120911	0.0088673	0.00609689	0.0120911	0.0142898	0.001	0.001	0.001	0.001	0.001	0.001	0.0035911	0.001	0.001	0.00167556	0.001	0.001	0.001	0.0120911	0.0120911	0.0120911	0.001	0.001	0.001	0.001	0.001	0.001	0.0237212	0.0223718	0.0605509	0.066624	0.0659137	0.0442066	0.001	0.001	0.001	0.63586	0.001	0.001	0.001	0.635341	0.635748	0	0	0	0	0	0	0	0	0	0	0	0	0	0	0	0	0	0	0	0	0	0	0	0	0	0	0	0	0	0	0	0	0	0	0	0	0	0	0	0	0	0	0	0.001	0	0.001	0	0.000997281	0	
LmtTime: 3.97
Lmt
0.122734	0.132868	0.110764	0.0816707	0.0817348	0.085526	0.38149	0.420077	0.390311	0.212116	0.526795	0.204248	0.132023	0.115173	0.191251	0.338568	0.515121	0.0973177	0.398577	0.204399	0.215339	0.245814	0.196001	0.249872	0.0671629	0.0612942	0.134635	0.423101	0.198459	0.208905	0.225424	0.40358	0.400239	0.279379	0.311903	0.400283	0.392313	0.248373	0.18985	0.359122	0.147516	0.378832	0.350395	0.116404	0.135729	0.120985	0.074112	0.0781951	0.0869736	0.368058	0.405223	0.381591	0.198708	0.504639	0.185073	0.122002	0.110553	0.184583	0.331389	0.494976	0.087644	0.376397	0.214166	0.226624	0.257052	0.185708	0.240397	0.0790966	0.0703263	0.143143	0.41317	0.200367	0.210685	0.226524	0.388159	0.385102	0.271122	0.305872	0.395566	0.387527	0.248685	0.18661	0.353638	0.1477	0.378204	0.350811	0.118869	0.124901	0.208572	0.221728	0.28357	0.293042	
MomentArms on: hip_flexion_r
-0.00517338	0.0246873	0.00760059	0.014233	-0.0286531	0.0440122	0.0189782	0.0435006	0.0520609	0.0685497	0.0646705	
MomentArms on: hip_adduction_r
0.0682837	0.0740318	0.0674731	0.0576601	0.0314994	0.0139013	0.0527557	0.0423872	0.011784	0.0221564	
MomentArms on: hip_rotation_r
0.0381672	0.0351422	0.00421086	0.00281791	0.0165088	-0.028284	-0.00522147	0.0127889	-0.0108029	-0.04319	
MomentArms on: knee_angle_r
-0.0256687	-0.0278679	-0.0322561	-0.0174462	-0.017415	-0.0130152	-0.0335829	-0.0401364	0.0376688	0.0349257	0.0335527	0.0336216	
MomentArms on: ankle_angle_r
0.0348897	0.0372361	0.0214254	0.0376299	-0.00828682	-0.0124182	-0.0384489	-0.037968	-0.00391844	-0.00712767	-0.0353007	-0.00923951	
External Torques: 17.7429 -25.2303 15.9147 54.9688 -20.7167 
Current Torque on hip_flexion_r 36.3669
Current Torque on hip_adduction_r 1.30575
Current Torque on hip_rotation_r 10.9216
Current Torque on knee_angle_r 53.4266
Current Torque on ankle_angle_r -22.9591

----------------------------------------


EmgTime: 3.985
Adjusted EMG
0.0244087	0.0121076	0.00827689	0.00997836	0.0121076	0.0136791	0.001	0.001	0.001	0.001	0.001	0.001	0.0026571	0.001	0.001	0.001	0.001	0.001	0.001	0.0121076	0.0121076	0.0121076	0.001	0.001	0.001	0.001	0.001	0.001	0.022492	0.0215749	0.054715	0.0655547	0.06505	0.0516341	0.001	0.001	0.001	0.625692	0.001	0.001	0.001	0.625313	0.625616	0	0	0	0	0	0	0	0	0	0	0	0	0	0	0	0	0	0	0	0	0	0	0	0	0	0	0	0	0	0	0	0	0	0	0	0	0	0	0	0	0	0	0	0.001	0	0.001	0	0.000997281	0	
LmtTime: 3.98
Lmt
0.121997	0.132214	0.110278	0.0811059	0.081183	0.0850393	0.381069	0.419679	0.389898	0.212145	0.527147	0.205235	0.132697	0.115823	0.191632	0.338316	0.514979	0.0978803	0.399114	0.203755	0.214767	0.245599	0.196447	0.250311	0.0677805	0.0615863	0.134458	0.423425	0.198422	0.208867	0.225385	0.403601	0.40026	0.279382	0.311904	0.400283	0.392314	0.24837	0.18985	0.359123	0.147515	0.37883	0.350392	0.117543	0.13656	0.121418	0.0750036	0.0789609	0.0875495	0.368984	0.406195	0.382378	0.198988	0.504201	0.183865	0.121229	0.109862	0.184268	0.33183	0.494909	0.0869497	0.376098	0.214756	0.227017	0.25708	0.185178	0.239866	0.0781069	0.0697897	0.143196	0.412239	0.200036	0.21034	0.226194	0.388463	0.385407	0.271244	0.305904	0.395594	0.38757	0.248552	0.186623	0.353662	0.147625	0.378079	0.350677	0.119357	0.124669	0.209622	0.220565	0.28423	0.292363	
MomentArms on: hip_flexion_r
-0.0038745	0.0260674	0.00513495	0.0122336	-0.0269639	0.0439192	0.0196815	0.0433468	0.0518953	0.0676755	0.062301	
MomentArms on: hip_adduction_r
0.0681304	0.0738386	0.0684896	0.0586493	0.0316054	0.0139152	0.0531968	0.0416697	0.0115618	0.022006	
MomentArms on: hip_rotation_r
0.0369961	0.0341218	0.00433745	0.00293706	0.0167295	-0.0292777	-0.00706795	0.011379	-0.0123529	-0.0438036	
MomentArms on: knee_angle_r
-0.0260322	-0.028037	-0.0321433	-0.0175944	-0.0174692	-0.0127631	-0.0337198	-0.0403416	0.038198	0.0352935	0.0340568	0.0340341	
MomentArms on: ankle_angle_r
0.0348271	0.0372504	0.0211989	0.0375131	-0.00808628	-0.0122013	-0.0378324	-0.0373713	-0.00381522	-0.00701649	-0.0346554	-0.00905326	
External Torques: 19.3735 -26.7881 15.9278 54.8572 -21.3843 
Current Torque on hip_flexion_r 35.8968
Current Torque on hip_adduction_r 1.33236
Current Torque on hip_rotation_r 10.4157
Current Torque on knee_angle_r 53.5958
Current Torque on ankle_angle_r -22.9497

----------------------------------------


EmgTime: 3.995
Adjusted EMG
0.0288858	0.0121255	0.0121186	0.0189597	0.0121255	0.0121248	0.001	0.001	0.001	0.001	0.001	0.001	0.00211381	0.001	0.001	0.001	0.001	0.001	0.001	0.0121255	0.0121255	0.0121255	0.001	0.001	0.001	0.001	0.001	0.001	0.0211251	0.0205086	0.0459639	0.0644972	0.0641467	0.0555364	0.001	0.001	0.001	0.61558	0.001	0.001	0.001	0.615308	0.615531	0	0	0	0	0	0	0	0	0	0	0	0	0	0	0	0	0	0	0	0	0	0	0	0	0	0	0	0	0	0	0	0	0	0	0	0	0	0	0	0	0	0	0	0.001	0	0.001	0	0.000997281	0	
LmtTime: 3.99
Lmt
0.12124	0.131547	0.109788	0.0805221	0.0806151	0.0845422	0.380662	0.419302	0.389505	0.212172	0.527472	0.206236	0.13339	0.116502	0.19205	0.338093	0.51481	0.0984469	0.399683	0.203108	0.214202	0.24542	0.196887	0.250746	0.0684219	0.061889	0.134283	0.423738	0.198388	0.208832	0.225351	0.403621	0.40028	0.279385	0.311904	0.400284	0.392315	0.248366	0.189851	0.359123	0.147513	0.378826	0.350388	0.11865	0.137422	0.12194	0.0758639	0.0797286	0.0881606	0.369978	0.407245	0.383237	0.199307	0.503783	0.182541	0.12036	0.109108	0.183912	0.332262	0.49484	0.0861803	0.375827	0.215429	0.227505	0.257163	0.184617	0.23931	0.077193	0.069327	0.143328	0.411247	0.199657	0.209946	0.225817	0.388746	0.385691	0.271325	0.305925	0.395613	0.387598	0.248463	0.186632	0.353679	0.147576	0.377996	0.350588	0.119856	0.124458	0.210685	0.219347	0.284873	0.291658	
MomentArms on: hip_flexion_r
-0.00254539	0.0274001	0.00255838	0.010135	-0.0251893	0.0437365	0.0203289	0.0431146	0.0516379	0.0667019	0.0597381	
MomentArms on: hip_adduction_r
0.0679241	0.0735617	0.0694775	0.0596864	0.031785	0.0139859	0.0536718	0.0409115	0.0113746	0.0218985	
MomentArms on: hip_rotation_r
0.0357966	0.0330703	0.00443805	0.00303742	0.0168707	-0.0302593	-0.00891684	0.00995046	-0.013926	-0.0443824	
MomentArms on: knee_angle_r
-0.0264004	-0.0281846	-0.0320024	-0.017716	-0.0174932	-0.0124855	-0.0338402	-0.040531	0.0387241	0.0356648	0.0345706	0.0344543	
MomentArms on: ankle_angle_r
0.0347343	0.0372469	0.0209425	0.0373652	-0.00787581	-0.0119732	-0.0371729	-0.0367323	-0.00370683	-0.00689922	-0.0339699	-0.00885749	
External Torques: 20.8184 -27.5241 15.8113 54.5111 -21.9481 
Current Torque on hip_flexion_r 35.424
Current Torque on hip_adduction_r 1.35657
Current Torque on hip_rotation_r 9.99457
Current Torque on knee_angle_r 53.6145
Current Torque on ankle_angle_r -23.0427

----------------------------------------


EmgTime: 4.005
Adjusted EMG
0.0316024	0.0121437	0.011315	0.0254163	0.0121437	0.0121438	0.001	0.001	0.001	0.001	0.001	0.001	0.00196671	0.001	0.001	0.00197582	0.001	0.001	0.001	0.0121437	0.0121437	0.0121437	0.001	0.001	0.001	0.001	0.001	0.001	0.020163	0.019699	0.0390999	0.0634504	0.0632035	0.0575233	0.001	0.001	0.001	0.605508	0.001	0.001	0.001	0.605315	0.605477	0	0	0	0	0	0	0	0	0	0	0	0	0	0	0	0	0	0	0	0	0	0	0	0	0	0	0	0	0	0	0	0	0	0	0	0	0	0	0	0	0	0	0	0.001	0	0.001	0	0.000997281	0	
LmtTime: 4
Lmt
0.120476	0.130869	0.109286	0.0799339	0.0800409	0.0840369	0.380268	0.418946	0.389126	0.2122	0.527776	0.207252	0.134095	0.1172	0.192493	0.337891	0.514626	0.099017	0.400281	0.202451	0.213632	0.245256	0.197329	0.251181	0.0690631	0.0621867	0.1341	0.424039	0.198351	0.208794	0.225314	0.40365	0.40031	0.279395	0.311907	0.400286	0.392318	0.248354	0.189852	0.359125	0.147506	0.378815	0.350375	0.119694	0.138289	0.122532	0.0766671	0.0804732	0.0887862	0.371029	0.408364	0.384165	0.19966	0.503381	0.181133	0.119424	0.108324	0.183539	0.332687	0.494748	0.0853545	0.375603	0.216165	0.228076	0.25731	0.184034	0.238737	0.0763811	0.0689489	0.143531	0.410201	0.199237	0.20951	0.225397	0.389009	0.385955	0.271367	0.305936	0.395623	0.387613	0.248417	0.186636	0.353687	0.14755	0.377953	0.350542	0.120363	0.124277	0.211735	0.218093	0.285483	0.290937	
MomentArms on: hip_flexion_r
-0.00123642	0.0286367	-2.346e-05	0.00802351	-0.0233844	0.0434824	0.0208946	0.0428226	0.0512932	0.0656566	0.0570806	
MomentArms on: hip_adduction_r
0.0676682	0.0732112	0.0703899	0.060734	0.0320386	0.0141131	0.0541753	0.0401415	0.0112315	0.0218423	
MomentArms on: hip_rotation_r
0.0346181	0.0320266	0.00451078	0.00311638	0.016912	-0.0311815	-0.0106931	0.00855687	-0.0154613	-0.0448918	
MomentArms on: knee_angle_r
-0.0267563	-0.0283033	-0.0318377	-0.0178055	-0.0174855	-0.0121941	-0.033937	-0.0406939	0.039224	0.0360232	0.0350714	0.0348637	
MomentArms on: ankle_angle_r
0.0346093	0.0372221	0.0206652	0.0371891	-0.00766419	-0.0117434	-0.0364975	-0.0360769	-0.0035978	-0.00678071	-0.0332726	-0.00866034	
External Torques: 22.048 -27.4834 15.5668 53.9733 -22.4186 
Current Torque on hip_flexion_r 34.9775
Current Torque on hip_adduction_r 1.37007
Current Torque on hip_rotation_r 9.61694
Current Torque on knee_angle_r 53.3381
Current Torque on ankle_angle_r -23.1844

----------------------------------------


EmgTime: 4.015
Adjusted EMG
0.0331504	0.0121612	0.0113953	0.0295681	0.0121612	0.0121612	0.001	0.001	0.001	0.001	0.001	0.001	0.00221101	0.001	0.001	0.00186344	0.001	0.001	0.001	0.0121612	0.0121612	0.0121612	0.001	0.001	0.001	0.001	0.001	0.001	0.0194051	0.0190728	0.0333276	0.0624155	0.0622372	0.0582946	0.001	0.001	0.001	0.595486	0.001	0.001	0.001	0.595344	0.595465	0	0	0	0	0	0	0	0	0	0	0	0	0	0	0	0	0	0	0	0	0	0	0	0	0	0	0	0	0	0	0	0	0	0	0	0	0	0	0	0	0	0	0	0.001	0	0.001	0	0.000997281	0	
LmtTime: 4.01
Lmt
0.119719	0.130188	0.108774	0.0793525	0.0794693	0.0835291	0.379888	0.418608	0.388759	0.212231	0.528061	0.208271	0.134805	0.117904	0.192953	0.337707	0.514438	0.099585	0.400897	0.201784	0.213057	0.245098	0.19777	0.251615	0.0696888	0.062471	0.133908	0.424326	0.198311	0.208754	0.225273	0.403694	0.400354	0.279417	0.311913	0.400291	0.392326	0.248327	0.189854	0.35913	0.147492	0.37879	0.350348	0.12065	0.13914	0.123178	0.0773895	0.0811716	0.0894064	0.372129	0.409547	0.385157	0.20004	0.502987	0.179671	0.118447	0.107542	0.183173	0.333116	0.49461	0.0844889	0.375438	0.216948	0.228721	0.257534	0.183431	0.23815	0.0756951	0.0686643	0.143797	0.409109	0.198784	0.209038	0.224944	0.389249	0.386196	0.271375	0.305938	0.395624	0.387616	0.248408	0.186637	0.353689	0.147546	0.377945	0.350533	0.120868	0.124128	0.212757	0.216825	0.28605	0.290213	
MomentArms on: hip_flexion_r
4.34e-06	0.0297401	-0.00250417	0.00598742	-0.0216071	0.0431798	0.0213632	0.0424927	0.0508762	0.0645749	0.0544415	
MomentArms on: hip_adduction_r
0.0673727	0.0728057	0.0711907	0.0617538	0.0323574	0.0142908	0.0546972	0.0393895	0.0111375	0.0218413	
MomentArms on: hip_rotation_r
0.0335081	0.0310294	0.00455721	0.003174	0.0168496	-0.0320048	-0.012333	0.00724697	-0.0169041	-0.0453066	
MomentArms on: knee_angle_r
-0.0270845	-0.0283904	-0.0316569	-0.017863	-0.0174502	-0.0119027	-0.0340067	-0.040824	0.0396789	0.0363541	0.0355385	0.0352453	
MomentArms on: ankle_angle_r
0.0344545	0.0371756	0.0203792	0.0369927	-0.0074604	-0.0115217	-0.0358357	-0.035434	-0.00349276	-0.00666605	-0.0325936	-0.00847021	
External Torques: 23.0551 -26.7633 15.204 53.294 -22.8184 
Current Torque on hip_flexion_r 34.5833
Current Torque on hip_adduction_r 1.36686
Current Torque on hip_rotation_r 9.25982
Current Torque on knee_angle_r 52.8553
Current Torque on ankle_angle_r -23.3706

----------------------------------------


EmgTime: 4.025
Adjusted EMG
0.0338995	0.0121762	0.0109706	0.0320355	0.0121762	0.0121755	0.001	0.001	0.001	0.001	0.001	0.001	0.00276109	0.001	0.001	0.00157684	0.001	0.001	0.001	0.0121762	0.0121762	0.0121762	0.001	0.001	0.001	0.001	0.001	0.001	0.018681	0.0184868	0.0273546	0.0613938	0.0612626	0.0581794	0.001	0.001	0.001	0.585521	0.001	0.001	0.001	0.58541	0.585507	0	0	0	0	0	0	0	0	0	0	0	0	0	0	0	0	0	0	0	0	0	0	0	0	0	0	0	0	0	0	0	0	0	0	0	0	0	0	0	0	0	0	0	0.001	0	0.001	0	0.000997281	0	
LmtTime: 4.02
Lmt
0.118979	0.129513	0.10826	0.078786	0.0789089	0.0830271	0.379523	0.418289	0.388406	0.212263	0.528326	0.209278	0.135505	0.118602	0.193419	0.337541	0.514248	0.100142	0.401519	0.20112	0.212485	0.244946	0.198205	0.252043	0.0702915	0.0627399	0.133711	0.424599	0.19827	0.208711	0.225231	0.403753	0.400414	0.279453	0.311922	0.400299	0.392339	0.248284	0.189858	0.359137	0.147469	0.37875	0.350304	0.121496	0.139956	0.123864	0.0780114	0.0818039	0.0900035	0.373269	0.410787	0.386211	0.200438	0.502587	0.17818	0.117456	0.106794	0.182841	0.333559	0.494404	0.0835986	0.375342	0.217767	0.229433	0.257847	0.18281	0.23755	0.0751553	0.068479	0.144118	0.407977	0.198306	0.208543	0.224466	0.389466	0.386415	0.271351	0.305932	0.395619	0.387607	0.248434	0.186634	0.353684	0.14756	0.377969	0.35056	0.121361	0.124015	0.213739	0.215565	0.286565	0.289503	
MomentArms on: hip_flexion_r
0.00113718	0.0306891	-0.0047899	0.00410608	-0.0199107	0.0428528	0.0217309	0.0421472	0.0504108	0.0634951	0.051933	
MomentArms on: hip_adduction_r
0.0670524	0.0723696	0.0718595	0.0627114	0.0327252	0.0145086	0.0552256	0.0386823	0.011093	0.0218946	
MomentArms on: hip_rotation_r
0.0325053	0.0301121	0.00458142	0.00321245	0.016692	-0.0327014	-0.0137921	0.00605817	-0.0182116	-0.0456136	
MomentArms on: knee_angle_r
-0.0273737	-0.0284478	-0.0314702	-0.0178928	-0.0173952	-0.0116256	-0.0340502	-0.0409199	0.040076	0.0366469	0.0359559	0.0355862	
MomentArms on: ankle_angle_r
0.0342776	0.0371105	0.020099	0.0367874	-0.00727261	-0.011317	-0.0352164	-0.0348317	-0.00339593	-0.00655995	-0.0319619	-0.00829478	
External Torques: 23.8597 -25.4886 14.7395 52.5313 -23.1696 
Current Torque on hip_flexion_r 34.2618
Current Torque on hip_adduction_r 1.34328
Current Torque on hip_rotation_r 8.92434
Current Torque on knee_angle_r 52.276
Current Torque on ankle_angle_r -23.608

----------------------------------------


EmgTime: 4.035
Adjusted EMG
0.0341358	0.0121901	0.00987635	0.0333645	0.0121901	0.0121896	0.001	0.001	0.001	0.001	0.001	0.001	0.00352564	0.001	0.001	0.001	0.001	0.001	0.001	0.0121901	0.0121901	0.0121901	0.001	0.001	0.001	0.001	0.001	0.001	0.0180757	0.017998	0.0217406	0.0603868	0.0602768	0.0573436	0.001	0.001	0.001	0.575643	0.001	0.001	0.001	0.575539	0.575633	0	0	0	0	0	0	0	0	0	0	0	0	0	0	0	0	0	0	0	0	0	0	0	0	0	0	0	0	0	0	0	0	0	0	0	0	0	0	0	0	0	0	0	0.001	0	0.001	0	0.000997281	0	
LmtTime: 4.03
Lmt
0.118265	0.128858	0.107761	0.0782396	0.0783672	0.0825406	0.379177	0.417991	0.388072	0.212292	0.528568	0.210252	0.136182	0.11928	0.193882	0.337392	0.51406	0.100677	0.40213	0.200473	0.211931	0.244806	0.198625	0.252456	0.0708695	0.0629959	0.133519	0.424859	0.198233	0.208673	0.225193	0.403827	0.400489	0.279504	0.311935	0.400311	0.392357	0.248223	0.189863	0.359148	0.147437	0.378693	0.350241	0.122217	0.140721	0.124574	0.0785177	0.0823538	0.090562	0.374445	0.412079	0.387327	0.200845	0.502168	0.176686	0.116476	0.106107	0.182565	0.334027	0.49411	0.0826973	0.37532	0.218611	0.230206	0.258263	0.18217	0.236935	0.0747768	0.0683949	0.144482	0.406812	0.197817	0.208035	0.223975	0.389659	0.38661	0.2713	0.305919	0.395607	0.387589	0.24849	0.186629	0.353674	0.147591	0.378022	0.350616	0.121827	0.123938	0.214677	0.214331	0.287023	0.288821	
MomentArms on: hip_flexion_r
0.00213483	0.0314773	-0.00680983	0.00244131	-0.0183377	0.0425229	0.0220022	0.0418058	0.0499247	0.0624536	0.0496502	
MomentArms on: hip_adduction_r
0.066723	0.0719283	0.0723918	0.0635823	0.0331225	0.0147546	0.055749	0.0380397	0.0110946	0.0219975	
MomentArms on: hip_rotation_r
0.031635	0.029298	0.00458881	0.00323518	0.0164548	-0.0332573	-0.0150478	0.00501301	-0.0193567	-0.0458104	
MomentArms on: knee_angle_r
-0.0276173	-0.0284808	-0.0312882	-0.0179022	-0.0173304	-0.0113749	-0.0340717	-0.0409845	0.0404088	0.0368955	0.0363134	0.0358781	
MomentArms on: ankle_angle_r
0.0340908	0.0370331	0.0198388	0.0365866	-0.0071073	-0.0111366	-0.0346639	-0.0342938	-0.00331066	-0.00646619	-0.031401	-0.00814016	
External Torques: 24.5138 -23.8068 14.1982 51.7519 -23.4858 
Current Torque on hip_flexion_r 34.0207
Current Torque on hip_adduction_r 1.29876
Current Torque on hip_rotation_r 8.61228
Current Torque on knee_angle_r 51.6511
Current Torque on ankle_angle_r -23.9012

----------------------------------------


EmgTime: 4.045
Adjusted EMG
0.0339796	0.0122042	0.0082544	0.0337931	0.0122042	0.0122038	0.001	0.001	0.001	0.001	0.001	0.001	0.00447541	0.001	0.001	0.001	0.001	0.001	0.001	0.0122042	0.0122042	0.0122042	0.001	0.001	0.001	0.001	0.001	0.001	0.0176014	0.0176156	0.016916	0.0593946	0.0592845	0.0559376	0.001	0.001	0.001	0.565847	0.001	0.001	0.001	0.565729	0.565837	0	0	0	0	0	0	0	0	0	0	0	0	0	0	0	0	0	0	0	0	0	0	0	0	0	0	0	0	0	0	0	0	0	0	0	0	0	0	0	0	0	0	0	0.001	0	0.001	0	0.000997281	0	
LmtTime: 4.04
Lmt
0.117581	0.128237	0.107292	0.0777161	0.0778507	0.0820799	0.378852	0.417713	0.387761	0.212314	0.528782	0.21117	0.136822	0.119927	0.19433	0.337264	0.513875	0.10118	0.402717	0.199862	0.211412	0.244689	0.19902	0.252844	0.071425	0.0632443	0.133343	0.425105	0.198204	0.208644	0.225164	0.403912	0.400575	0.279568	0.311952	0.400325	0.39238	0.248145	0.189869	0.359161	0.147395	0.378621	0.350162	0.122801	0.141424	0.125296	0.0788982	0.0828093	0.0910691	0.375649	0.413419	0.3885	0.201253	0.501715	0.175209	0.11553	0.105508	0.182365	0.334532	0.493711	0.0817975	0.375378	0.219471	0.231033	0.25879	0.181509	0.236304	0.0745683	0.0684104	0.144879	0.405621	0.197324	0.207525	0.223481	0.389826	0.386779	0.271225	0.305899	0.39559	0.387563	0.248572	0.186621	0.353659	0.147637	0.378098	0.350697	0.12225	0.123899	0.215574	0.21314	0.287422	0.288186	
MomentArms on: hip_flexion_r
0.00298393	0.0321111	-0.0085219	0.00103184	-0.0169154	0.0422069	0.0221876	0.0414835	0.0494448	0.0614794	0.0476606	
MomentArms on: hip_adduction_r
0.0663983	0.0715037	0.072796	0.0643536	0.0335304	0.0150172	0.0562591	0.0374733	0.0111364	0.0221429	
MomentArms on: hip_rotation_r
0.030908	0.0285991	0.00458488	0.00324603	0.0161546	-0.0336714	-0.016098	0.00411881	-0.0203283	-0.0459036	
MomentArms on: knee_angle_r
-0.0278138	-0.0284959	-0.03112	-0.0178985	-0.0172646	-0.0111597	-0.0340773	-0.041024	0.0406762	0.0370978	0.0366067	0.0361175	
MomentArms on: ankle_angle_r
0.0339086	0.036952	0.0196107	0.0364032	-0.00696863	-0.010985	-0.0341952	-0.0338372	-0.00323913	-0.00638729	-0.0309273	-0.00801033	
External Torques: 25.0832 -21.8858 13.6128 51.0133 -23.7803 
Current Torque on hip_flexion_r 33.8554
Current Torque on hip_adduction_r 1.23434
Current Torque on hip_rotation_r 8.32453
Current Torque on knee_angle_r 51.0311
Current Torque on ankle_angle_r -24.2504

----------------------------------------


EmgTime: 4.055
Adjusted EMG
0.0335948	0.0122164	0.00644046	0.0336756	0.0122164	0.0122164	0.001	0.001	0.001	0.001	0.001	0.001	0.00544483	0.001	0.001	0.00170041	0.001	0.001	0.001	0.0122164	0.0122164	0.0122164	0.001	0.001	0.001	0.001	0.001	0.001	0.0172344	0.0173222	0.0127435	0.0584186	0.0582901	0.0540644	0.001	0.001	0.001	0.556146	0.001	0.001	0.001	0.555998	0.556134	0	0	0	0	0	0	0	0	0	0	0	0	0	0	0	0	0	0	0	0	0	0	0	0	0	0	0	0	0	0	0	0	0	0	0	0	0	0	0	0	0	0	0	0.001	0	0.001	0	0.000997281	0	
LmtTime: 4.05
Lmt
0.116933	0.127661	0.106871	0.0772175	0.0773651	0.0816547	0.378548	0.417455	0.387478	0.212324	0.528966	0.212013	0.137413	0.120532	0.194756	0.337157	0.513694	0.10164	0.403262	0.199304	0.210947	0.244605	0.199378	0.253198	0.0719621	0.0634914	0.133196	0.42534	0.198191	0.20863	0.225151	0.404003	0.400666	0.279645	0.311971	0.400342	0.392407	0.248052	0.189877	0.359177	0.147346	0.378535	0.350067	0.123242	0.142054	0.126015	0.0791474	0.0831621	0.0915147	0.376876	0.4148	0.389727	0.201653	0.501218	0.17377	0.114638	0.105016	0.182258	0.33508	0.493195	0.0809107	0.375515	0.220337	0.231908	0.259432	0.180827	0.235656	0.0745324	0.0685203	0.145299	0.40441	0.196839	0.207023	0.222993	0.389967	0.386922	0.271131	0.305875	0.395569	0.38753	0.248675	0.186611	0.35364	0.147694	0.378194	0.3508	0.122619	0.123898	0.216432	0.212005	0.287762	0.287612	
MomentArms on: hip_flexion_r
0.00368411	0.0326053	-0.00991365	-0.00010828	-0.0156548	0.0419157	0.0222999	0.0411897	0.0489922	0.0605915	0.045998	
MomentArms on: hip_adduction_r
0.0660879	0.071111	0.0730887	0.0650242	0.0339347	0.0152876	0.0567527	0.0369859	0.011212	0.0223239	
MomentArms on: hip_rotation_r
0.030322	0.0280158	0.00457434	0.00324854	0.0158058	-0.0339521	-0.0169565	0.00336981	-0.0211297	-0.0459055	
MomentArms on: knee_angle_r
-0.0279652	-0.0284999	-0.0309714	-0.0178885	-0.0172051	-0.0109842	-0.0340731	-0.0410452	0.0408821	0.0372557	0.0368371	0.0363054	
MomentArms on: ankle_angle_r
0.033745	0.0368756	0.0194227	0.0362471	-0.00685824	-0.0108642	-0.0338188	-0.0334702	-0.00318217	-0.00632433	-0.0305481	-0.0079069	
External Torques: 25.6421 -19.895 13.0198 50.3622 -24.0665 
Current Torque on hip_flexion_r 33.7513
Current Torque on hip_adduction_r 1.15276
Current Torque on hip_rotation_r 8.06161
Current Torque on knee_angle_r 50.4704
Current Torque on ankle_angle_r -24.6516

----------------------------------------


EmgTime: 4.065
Adjusted EMG
0.0329883	0.0122281	0.00456145	0.0332302	0.0122281	0.0122281	0.001	0.001	0.001	0.001	0.001	0.001	0.00642154	0.001	0.001	0.00159794	0.001	0.001	0.001	0.0122281	0.0122281	0.0122281	0.001	0.001	0.001	0.001	0.001	0.001	0.0169765	0.0171194	0.00941938	0.0574595	0.0572995	0.0518858	0.001	0.001	0.001	0.546538	0.001	0.001	0.001	0.546351	0.546526	0	0	0	0	0	0	0	0	0	0	0	0	0	0	0	0	0	0	0	0	0	0	0	0	0	0	0	0	0	0	0	0	0	0	0	0	0	0	0	0	0	0	0	0.001	0	0.001	0	0.000997281	0	
LmtTime: 4.06
Lmt
0.116322	0.127141	0.106513	0.0767446	0.0769148	0.0812736	0.378266	0.417215	0.387226	0.212319	0.529118	0.212765	0.137942	0.121085	0.195151	0.337069	0.51352	0.102049	0.403753	0.198815	0.210549	0.244562	0.199693	0.253509	0.0724852	0.0637436	0.133087	0.425565	0.198198	0.208637	0.225158	0.404095	0.40076	0.279732	0.311994	0.400361	0.392439	0.247946	0.189886	0.359195	0.147291	0.378436	0.349959	0.123541	0.142604	0.126721	0.0792645	0.0834081	0.0918913	0.37812	0.416216	0.391001	0.20204	0.500671	0.172388	0.113817	0.104647	0.182253	0.335678	0.492559	0.0800478	0.375733	0.221198	0.232821	0.26019	0.180125	0.234991	0.074665	0.0687161	0.14573	0.403186	0.196368	0.206536	0.222519	0.390081	0.38704	0.271021	0.305846	0.395543	0.387492	0.248795	0.186599	0.353618	0.147761	0.378306	0.350921	0.122923	0.123936	0.217258	0.210939	0.288044	0.287112	
MomentArms on: hip_flexion_r
0.00424566	0.0329792	-0.0109989	-0.00098765	-0.0145513	0.0416539	0.022352	0.0409278	0.0485799	0.059797	0.0446632	
MomentArms on: hip_adduction_r
0.0657957	0.0707579	0.0732894	0.0656025	0.0343284	0.0155611	0.0572319	0.0365728	0.0113159	0.0225352	
MomentArms on: hip_rotation_r
0.0298649	0.0275396	0.00456066	0.00324556	0.0154187	-0.0341149	-0.0176469	0.00275077	-0.021775	-0.0458301	
MomentArms on: knee_angle_r
-0.0280767	-0.0284982	-0.0308451	-0.0178768	-0.0171558	-0.0108488	-0.0340645	-0.0410545	0.0410329	0.0373734	0.03701	0.0364464	
MomentArms on: ankle_angle_r
0.0336105	0.0368108	0.0192777	0.036124	-0.00677537	-0.0107735	-0.0335343	-0.0331928	-0.0031394	-0.00627698	-0.0302622	-0.00782921	
External Torques: 26.2681 -17.9804 12.453 49.8379 -24.3588 
Current Torque on hip_flexion_r 33.688
Current Torque on hip_adduction_r 1.06474
Current Torque on hip_rotation_r 7.82325
Current Torque on knee_angle_r 50.0095
Current Torque on ankle_angle_r -25.0976

----------------------------------------


EmgTime: 4.075
Adjusted EMG
0.0321658	0.0122385	0.00294182	0.0325372	0.0122385	0.0122385	0.001	0.001	0.001	0.001	0.001	0.001	0.00732886	0.001	0.001	0.001	0.001	0.001	0.001	0.0122385	0.0122385	0.0122385	0.001	0.001	0.001	0.001	0.001	0.001	0.0167708	0.0169608	0.0065508	0.0565182	0.0563201	0.0495532	0.001	0.001	0.001	0.53703	0.001	0.001	0.001	0.536798	0.537018	0	0	0	0	0	0	0	0	0	0	0	0	0	0	0	0	0	0	0	0	0	0	0	0	0	0	0	0	0	0	0	0	0	0	0	0	0	0	0	0	0	0	0	0.001	0	0.001	0	0.000997281	0	
LmtTime: 4.07
Lmt
0.115751	0.126686	0.106231	0.0762985	0.0765038	0.0809431	0.378005	0.41699	0.387004	0.212295	0.52924	0.213413	0.138403	0.121578	0.195504	0.336998	0.513356	0.102401	0.404177	0.198406	0.21023	0.244565	0.199959	0.253774	0.0729974	0.0640055	0.133027	0.425785	0.198229	0.208669	0.225189	0.404186	0.400851	0.279827	0.312019	0.400382	0.392473	0.24783	0.189896	0.359215	0.147229	0.378329	0.34984	0.123698	0.14307	0.127399	0.0792529	0.0835468	0.0921938	0.379372	0.417657	0.392313	0.202409	0.500072	0.171077	0.113078	0.104408	0.182354	0.336324	0.491806	0.0792187	0.376028	0.222046	0.233761	0.261053	0.179406	0.234311	0.0749563	0.0689872	0.146161	0.401958	0.195916	0.206069	0.222064	0.39017	0.387132	0.270897	0.305814	0.395515	0.387448	0.24893	0.186586	0.353593	0.147836	0.378432	0.351056	0.123156	0.124013	0.218055	0.209951	0.288272	0.286693	
MomentArms on: hip_flexion_r
0.00468632	0.0332535	-0.0118116	-0.00163308	-0.0135881	0.0414207	0.0223555	0.0406963	0.0482121	0.0590919	0.043629	
MomentArms on: hip_adduction_r
0.0655207	0.0704444	0.0734169	0.0661037	0.0347108	0.0158365	0.0577028	0.0362237	0.0114441	0.0227739	
MomentArms on: hip_rotation_r
0.0295179	0.0271556	0.00454601	0.00323911	0.0149996	-0.0341784	-0.0181978	0.00224061	-0.0222857	-0.0456917	
MomentArms on: knee_angle_r
-0.0281545	-0.0284944	-0.0307407	-0.0178663	-0.0171182	-0.01075	-0.0340551	-0.0410568	0.0411374	0.0374571	0.0371333	0.036547	
MomentArms on: ankle_angle_r
0.0335098	0.0367613	0.0191741	0.0360345	-0.00671732	-0.0107099	-0.0333341	-0.0329973	-0.00310944	-0.00624376	-0.0300614	-0.00777476	
External Torques: 27.0291 -16.2448 11.9388 49.4716 -24.6703 
Current Torque on hip_flexion_r 33.6433
Current Torque on hip_adduction_r 0.963177
Current Torque on hip_rotation_r 7.60783
Current Torque on knee_angle_r 49.6923
Current Torque on ankle_angle_r -25.5783

----------------------------------------


EmgTime: 4.085
Adjusted EMG
0.0311041	0.012248	0.00173269	0.0317348	0.012248	0.0125151	0.001	0.001	0.001	0.001	0.001	0.001	0.00811718	0.001	0.001	0.001	0.001	0.001	0.001	0.012248	0.012248	0.012248	0.001	0.001	0.001	0.001	0.001	0.001	0.0166383	0.0168636	0.00442908	0.055596	0.0553592	0.0472555	0.001	0.001	0.001	0.527628	0.001	0.001	0.001	0.527352	0.527617	0	0	0	0	0	0	0	0	0	0	0	0	0	0	0	0	0	0	0	0	0	0	0	0	0	0	0	0	0	0	0	0	0	0	0	0	0	0	0	0	0	0	0	0.001	0	0.001	0	0.000997281	0	
LmtTime: 4.08
Lmt
0.115221	0.126299	0.10603	0.0758804	0.076135	0.0806679	0.377761	0.416774	0.386809	0.212251	0.529336	0.21395	0.138788	0.122004	0.19581	0.336938	0.513208	0.102694	0.404528	0.198082	0.209994	0.244612	0.200175	0.253991	0.0735004	0.0642801	0.13302	0.426003	0.198285	0.208727	0.225246	0.40427	0.400936	0.279929	0.312045	0.400405	0.392509	0.247706	0.189906	0.359237	0.147164	0.378214	0.349713	0.123721	0.143447	0.128041	0.07912	0.0835812	0.0924202	0.380622	0.41911	0.393647	0.202759	0.499426	0.169852	0.112431	0.104298	0.182557	0.337013	0.490946	0.0784324	0.376393	0.222868	0.234715	0.262009	0.178675	0.233622	0.0753909	0.0693214	0.146583	0.400737	0.195487	0.205626	0.221631	0.390233	0.387199	0.270761	0.305779	0.395483	0.3874	0.249078	0.186571	0.353566	0.147919	0.37857	0.351203	0.123316	0.124126	0.218825	0.209051	0.288449	0.286363	
MomentArms on: hip_flexion_r
0.00502807	0.0334485	-0.012399	-0.0020836	-0.0127402	0.0412114	0.0223201	0.0404901	0.0478856	0.0584641	0.0428487	
MomentArms on: hip_adduction_r
0.0652582	0.0701647	0.0734874	0.066546	0.0350869	0.0161161	0.0581739	0.035925	0.0115946	0.0230391	
MomentArms on: hip_rotation_r
0.0292595	0.0268451	0.00453143	0.00323052	0.014552	-0.0341621	-0.0186393	0.0018157	-0.0226876	-0.045503	
MomentArms on: knee_angle_r
-0.0282059	-0.0284905	-0.0306551	-0.0180747	-0.0177902	-0.0106822	-0.0340466	-0.0410554	0.0412048	0.0375136	0.0372169	0.0366151	
MomentArms on: ankle_angle_r
0.0334421	0.0367276	0.0191067	0.0359757	-0.00668001	-0.010669	-0.0332253	-0.0329029	-0.00309019	-0.00622239	-0.029932	-0.00773975	
External Torques: 27.9738 -14.7412 11.4946 49.2859 -25.0148 
Current Torque on hip_flexion_r 33.5978
Current Torque on hip_adduction_r 0.926568
Current Torque on hip_rotation_r 7.41483
Current Torque on knee_angle_r 49.5381
Current Torque on ankle_angle_r -26.0834

----------------------------------------


EmgTime: 4.095
Adjusted EMG
0.029769	0.0122563	0.001	0.0309096	0.0122563	0.0126137	0.001	0.001	0.001	0.001	0.001	0.001	0.00883894	0.001	0.001	0.00142257	0.001	0.001	0.001	0.0122563	0.0122563	0.0122563	0.001	0.001	0.001	0.001	0.001	0.001	0.0165717	0.0168214	0.00298479	0.0546938	0.0544231	0.0450817	0.001	0.001	0.001	0.518338	0.001	0.001	0.001	0.518022	0.518328	0	0	0	0	0	0	0	0	0	0	0	0	0	0	0	0	0	0	0	0	0	0	0	0	0	0	0	0	0	0	0	0	0	0	0	0	0	0	0	0	0	0	0	0.001	0	0.001	0	0.000997281	0	
LmtTime: 4.09
Lmt
0.114734	0.125984	0.105913	0.0754919	0.0758103	0.08045	0.377529	0.416562	0.386636	0.212188	0.529415	0.214377	0.139096	0.122358	0.19606	0.336881	0.513082	0.102928	0.4048	0.197845	0.20984	0.244695	0.200342	0.254161	0.0739934	0.0645682	0.133067	0.426223	0.198366	0.20881	0.225329	0.404347	0.401014	0.280035	0.312072	0.400428	0.392547	0.247577	0.189917	0.359259	0.147096	0.378094	0.34958	0.123619	0.143736	0.128635	0.0788765	0.0835178	0.092571	0.381858	0.420561	0.394989	0.203086	0.498743	0.168722	0.111877	0.104311	0.182852	0.337732	0.489995	0.0776965	0.376821	0.223654	0.235669	0.263036	0.177942	0.232931	0.0759491	0.0697055	0.146986	0.399536	0.195083	0.20521	0.221223	0.390272	0.38724	0.270615	0.305741	0.39545	0.387349	0.249236	0.186556	0.353536	0.148007	0.378718	0.351361	0.123404	0.124273	0.219566	0.208248	0.288582	0.286122	
MomentArms on: hip_flexion_r
0.00529419	0.0335824	-0.0128144	-0.0023843	-0.0119791	0.0410188	0.0222541	0.0403019	0.0475919	0.057896	0.0422648	
MomentArms on: hip_adduction_r
0.0650016	0.0699093	0.0735144	0.0669477	0.0354643	0.0164039	0.0586533	0.0356615	0.0117667	0.0233314	
MomentArms on: hip_rotation_r
0.0290671	0.0265885	0.00451727	0.00322057	0.0140785	-0.034085	-0.0190001	0.00145233	-0.0230074	-0.0452752	
MomentArms on: knee_angle_r
-0.0282376	-0.0284875	-0.0305842	-0.0181086	-0.0178253	-0.0106381	-0.0340399	-0.0410521	0.0412445	0.0375499	0.0372706	0.0366589	
MomentArms on: ankle_angle_r
0.0334024	0.0367077	0.0190679	0.0359416	-0.00665869	-0.0106456	-0.0331549	-0.0328357	-0.00307918	-0.00621017	-0.029858	-0.00771974	
External Torques: 29.1248 -13.477 11.1273 49.2943 -25.4024 
Current Torque on hip_flexion_r 33.5387
Current Torque on hip_adduction_r 0.805916
Current Torque on hip_rotation_r 7.24451
Current Torque on knee_angle_r 49.5652
Current Torque on ankle_angle_r -26.6024

----------------------------------------


EmgTime: 4.105
Adjusted EMG
0.0283704	0.0122634	0.001	0.0303359	0.0122634	0.0125709	0.001	0.001	0.001	0.001	0.001	0.001	0.00946695	0.001	0.001	0.00104194	0.001	0.001	0.001	0.0122634	0.0122634	0.0122634	0.001	0.001	0.001	0.001	0.001	0.001	0.0165555	0.0168212	0.00219516	0.0538121	0.0535173	0.0434372	0.001	0.001	0.001	0.509162	0.001	0.001	0.001	0.508818	0.509156	0	0	0	0	0	0	0	0	0	0	0	0	0	0	0	0	0	0	0	0	0	0	0	0	0	0	0	0	0	0	0	0	0	0	0	0	0	0	0	0	0	0	0	0.001	0	0.001	0	0.000997281	0	
LmtTime: 4.1
Lmt
0.114289	0.125737	0.105876	0.0751349	0.0755308	0.080289	0.377303	0.416345	0.386476	0.212108	0.529484	0.214695	0.139325	0.122638	0.196249	0.336819	0.512986	0.103106	0.404991	0.197689	0.209762	0.244804	0.200467	0.254292	0.0744738	0.0648683	0.133167	0.426451	0.198471	0.208917	0.225435	0.404416	0.401083	0.280143	0.3121	0.400452	0.392586	0.247445	0.189928	0.359281	0.147027	0.377972	0.349444	0.123405	0.143938	0.129176	0.0785363	0.0833661	0.09265	0.383064	0.421988	0.396317	0.203391	0.498039	0.167694	0.111416	0.104431	0.183223	0.338468	0.488979	0.0770167	0.377298	0.224394	0.236607	0.264109	0.177217	0.232248	0.0766076	0.0701263	0.147364	0.398368	0.194706	0.204821	0.220842	0.390286	0.387257	0.270458	0.3057	0.395414	0.387294	0.249405	0.186539	0.353505	0.148102	0.378875	0.351529	0.123425	0.12445	0.220274	0.207548	0.288676	0.285968	
MomentArms on: hip_flexion_r
0.00550681	0.033671	-0.0131106	-0.00258062	-0.0112769	0.0408352	0.0221644	0.0401236	0.0473203	0.0573685	0.0418183	
MomentArms on: hip_adduction_r
0.0647439	0.0696673	0.073508	0.0673249	0.0358511	0.0167043	0.0591468	0.0354189	0.0119601	0.0236514	
MomentArms on: hip_rotation_r
0.0289198	0.0263674	0.00450344	0.00320975	0.0135818	-0.0339642	-0.0193064	0.00112868	-0.0232708	-0.045018	
MomentArms on: knee_angle_r
-0.028256	-0.0284854	-0.0305232	-0.0181293	-0.0178466	-0.0106105	-0.0340344	-0.0410477	0.0412652	0.0375725	0.0373041	0.0366861	
MomentArms on: ankle_angle_r
0.0333831	0.036698	0.0190493	0.0359252	-0.00664849	-0.0106344	-0.0331217	-0.0328039	-0.00307392	-0.00620432	-0.0298226	-0.00771017	
External Torques: 30.4735 -12.4257 10.8352 49.4972 -25.841 
Current Torque on hip_flexion_r 33.4612
Current Torque on hip_adduction_r 0.670311
Current Torque on hip_rotation_r 7.02983
Current Torque on knee_angle_r 49.7765
Current Torque on ankle_angle_r -27.1291

----------------------------------------


EmgTime: 4.115
Adjusted EMG
0.0278578	0.0122694	0.001	0.0313667	0.0122694	0.0125301	0.001	0.001	0.001	0.001	0.001	0.001	0.010006	0.001	0.001	0.001	0.001	0.001	0.001	0.0122694	0.0122694	0.0122694	0.001	0.001	0.001	0.001	0.001	0.001	0.0165805	0.016855	0.00200744	0.052952	0.0526454	0.0421545	0.001	0.001	0.001	0.500114	0.001	0.001	0.001	0.499754	0.500112	0	0	0	0	0	0	0	0	0	0	0	0	0	0	0	0	0	0	0	0	0	0	0	0	0	0	0	0	0	0	0	0	0	0	0	0	0	0	0	0	0	0	0	0.001	0	0.001	0	0.000997281	0	
LmtTime: 4.11
Lmt
0.113888	0.125556	0.105913	0.0748113	0.0752964	0.0801822	0.377076	0.416116	0.38632	0.212012	0.529557	0.214916	0.13948	0.122843	0.196373	0.336743	0.512927	0.103232	0.405104	0.197606	0.209746	0.244921	0.200558	0.254391	0.0749376	0.0651772	0.133315	0.426692	0.198594	0.209043	0.22556	0.404476	0.401143	0.280251	0.312128	0.400476	0.392624	0.247312	0.189939	0.359304	0.146958	0.377848	0.349308	0.123095	0.144061	0.12966	0.0781162	0.0831389	0.0926637	0.384222	0.42337	0.397609	0.203672	0.497336	0.166769	0.111037	0.104636	0.183646	0.339199	0.487925	0.0763965	0.377807	0.225081	0.237514	0.265198	0.176513	0.231585	0.0773405	0.0705715	0.147712	0.397251	0.194356	0.204461	0.220488	0.390273	0.387247	0.270291	0.305657	0.395375	0.387236	0.249585	0.186521	0.353472	0.148203	0.379043	0.351709	0.123387	0.12465	0.220943	0.206957	0.288738	0.285896	
MomentArms on: hip_flexion_r
0.00568504	0.0337272	-0.0133349	-0.00271372	-0.0106093	0.0406537	0.022057	0.0399484	0.04706	0.0568635	0.0414552	
MomentArms on: hip_adduction_r
0.0644794	0.0694282	0.0734761	0.0676899	0.036254	0.0170214	0.0596569	0.0351849	0.0121747	0.0239994	
MomentArms on: hip_rotation_r
0.0287996	0.0261659	0.00448971	0.00319834	0.0130659	-0.0338149	-0.0195805	0.00082634	-0.0235003	-0.0447403	
MomentArms on: knee_angle_r
-0.0282665	-0.028484	-0.030468	-0.0181422	-0.0178599	-0.0105928	-0.0340299	-0.0410426	0.0412744	0.0375868	0.0373253	0.0367035	
MomentArms on: ankle_angle_r
0.0333763	0.0366946	0.0190428	0.0359194	-0.00664492	-0.0106305	-0.0331107	-0.0327934	-0.00307208	-0.00620227	-0.0298102	-0.00770682	
External Torques: 31.9871 -11.5378 10.6106 49.8857 -26.334 
Current Torque on hip_flexion_r 33.3676
Current Torque on hip_adduction_r 0.553231
Current Torque on hip_rotation_r 6.46535
Current Torque on knee_angle_r 50.1651
Current Torque on ankle_angle_r -27.6594

----------------------------------------


EmgTime: 4.125
Adjusted EMG
0.0261226	0.0122741	0.001	0.0301341	0.0122741	0.0124448	0.001	0.001	0.001	0.001	0.001	0.001	0.0104702	0.001	0.001	0.001	0.00689201	0.001	0.001	0.0122741	0.0122741	0.0122741	0.0263345	0.0206408	0.001	0.001	0.001	0.001	0.0166521	0.0169268	0.00238598	0.0521146	0.0518091	0.0413566	0.001	0.001	0.001	0.49121	0.001	0.001	0.001	0.490847	0.491211	0	0	0	0	0	0	0	0	0	0	0	0	0	0	0	0	0	0	0	0	0	0	0	0	0	0	0	0	0	0	0	0	0	0	0	0	0	0	0	0	0	0	0	0.001	0	0.001	0	0.000997281	0	
LmtTime: 4.12
Lmt
0.113528	0.125431	0.10601	0.0745229	0.0751059	0.0801246	0.37684	0.415865	0.386157	0.211905	0.529643	0.215051	0.139566	0.122974	0.196432	0.336641	0.512912	0.103314	0.405143	0.19758	0.209777	0.24503	0.200626	0.254468	0.0753795	0.0654901	0.133502	0.426949	0.198731	0.209183	0.225699	0.404528	0.401195	0.280359	0.312156	0.4005	0.392663	0.247179	0.18995	0.359327	0.146889	0.377726	0.349172	0.122708	0.144112	0.130086	0.0776353	0.0828515	0.0926217	0.385313	0.424679	0.398838	0.20393	0.496657	0.165942	0.110728	0.104899	0.184094	0.339901	0.486869	0.0758362	0.378327	0.225707	0.238376	0.266272	0.175845	0.230957	0.0781205	0.0710295	0.14803	0.396203	0.194034	0.20413	0.220163	0.390234	0.387211	0.270112	0.30561	0.395333	0.387173	0.249777	0.186502	0.353436	0.148311	0.379222	0.3519	0.123297	0.124866	0.221568	0.206477	0.288777	0.285897	
MomentArms on: hip_flexion_r
0.00584379	0.0337609	-0.0135255	-0.00281714	-0.0099582	0.0404689	0.0219369	0.0397707	0.0468016	0.0563666	0.0411316	
MomentArms on: hip_adduction_r
0.0642042	0.0691835	0.0734246	0.0680506	0.0366765	0.0173573	0.0601824	0.0349504	0.0124097	0.0243741	
MomentArms on: hip_rotation_r
0.0286925	0.025972	0.00447589	0.00318657	0.012536	-0.0336495	-0.0198401	0.00053134	-0.0237137	-0.0444498	
MomentArms on: knee_angle_r
-0.0282731	-0.0284829	-0.0304153	-0.0181514	-0.0178694	-0.01058	-0.0340256	-0.041037	0.0412778	0.0375972	0.0373408	0.0367161	
MomentArms on: ankle_angle_r
0.0333748	0.0366939	0.0190413	0.0359182	-0.00664415	-0.0106297	-0.0331089	-0.0327918	-0.00307168	-0.00620183	-0.0298075	-0.0077061	
External Torques: 33.6155 -10.7567 10.4416 50.4413 -26.8803 
Current Torque on hip_flexion_r 33.8759
Current Torque on hip_adduction_r 0.449127
Current Torque on hip_rotation_r 6.52507
Current Torque on knee_angle_r 50.7136
Current Torque on ankle_angle_r -28.1904

----------------------------------------


EmgTime: 4.135
Adjusted EMG
0.0259417	0.0122775	0.001	0.0295384	0.0122775	0.0123553	0.001	0.001	0.001	0.001	0.001	0.001	0.0108484	0.001	0.001	0.001	0.0072631	0.001	0.001	0.0122775	0.0122775	0.0122775	0.0473056	0.0623803	0.001	0.001	0.001	0.001	0.01676	0.0170279	0.00317681	0.0512998	0.0510209	0.0410985	0.001	0.001	0.001	0.482448	0.001	0.001	0.001	0.4821	0.482454	0	0	0	0	0	0	0	0	0	0	0	0	0	0	0	0	0	0	0	0	0	0	0	0	0	0	0	0	0	0	0	0	0	0	0	0	0	0	0	0	0	0	0	0.001	0	0.001	0	0.000997281	0	
LmtTime: 4.13
Lmt
0.11321	0.125353	0.106154	0.0742708	0.0749566	0.0801092	0.376588	0.415586	0.385976	0.211792	0.529755	0.215119	0.139592	0.123038	0.196425	0.336505	0.512948	0.103362	0.405117	0.197595	0.209835	0.24511	0.200683	0.254535	0.075794	0.0658013	0.133718	0.427226	0.198876	0.209332	0.225847	0.404222	0.401201	0.280464	0.312183	0.400523	0.392701	0.247049	0.189961	0.359349	0.146821	0.377606	0.349038	0.122265	0.144102	0.130456	0.0771141	0.0825216	0.092536	0.386316	0.425889	0.39998	0.204164	0.496029	0.165207	0.11047	0.105189	0.184536	0.34055	0.485845	0.0753334	0.378834	0.22627	0.239182	0.267296	0.175227	0.230377	0.0789201	0.0714905	0.148318	0.395246	0.193742	0.203829	0.219866	0.390166	0.387145	0.269919	0.30556	0.395289	0.387106	0.249982	0.186481	0.353397	0.148427	0.379414	0.352105	0.123168	0.125087	0.22214	0.206104	0.288799	0.285958	
MomentArms on: hip_flexion_r
0.00599321	0.0337792	-0.0137095	-0.00291491	-0.00931282	0.0402777	0.0218082	0.0395873	0.046539	0.0558682	0.0408168	
MomentArms on: hip_adduction_r
0.0639171	0.0689278	0.0733578	0.06841	0.0371189	0.0177123	0.0607183	0.0347099	0.0126635	0.0247727	
MomentArms on: hip_rotation_r
0.0285886	0.025778	0.00446187	0.00317464	0.011999	-0.0334774	-0.0200971	0.00023474	-0.0239234	-0.0441537	
MomentArms on: knee_angle_r
-0.0282786	-0.0284819	-0.0303631	-0.0181597	-0.0178781	-0.0105683	-0.0340211	-0.0410308	0.0412796	0.0376067	0.0373549	0.0367275	
MomentArms on: ankle_angle_r
0.033373	0.0366929	0.0190396	0.0359166	-0.00664318	-0.0106286	-0.0331064	-0.0327895	-0.00307118	-0.00620128	-0.0298041	-0.00770519	
External Torques: 35.3028 -10.034 10.3151 51.1391 -27.4702 
Current Torque on hip_flexion_r 35.3946
Current Torque on hip_adduction_r 0.361372
Current Torque on hip_rotation_r 6.56673
Current Torque on knee_angle_r 51.3994
Current Torque on ankle_angle_r -28.7011

----------------------------------------


EmgTime: 4.145
Adjusted EMG
0.0259196	0.0122797	0.001	0.0289944	0.0122797	0.0122573	0.001	0.001	0.001	0.001	0.001	0.001	0.0111745	0.001	0.001	0.001	0.00673206	0.001	0.001	0.0122797	0.0122797	0.0122797	0.0451357	0.0602318	0.001	0.001	0.001	0.001	0.016935	0.0171825	0.00477757	0.0505096	0.0502436	0.0410586	0.001	0.001	0.001	0.473885	0.001	0.001	0.001	0.473555	0.473895	0	0	0	0	0	0	0	0	0	0	0	0	0	0	0	0	0	0	0	0	0	0	0	0	0	0	0	0	0	0	0	0	0	0	0	0	0	0	0	0	0	0	0	0.001	0	0.001	0	0.000997281	0	
LmtTime: 4.14
Lmt
0.11293	0.125312	0.106328	0.0740554	0.0748448	0.0801276	0.376314	0.415272	0.385766	0.211678	0.529902	0.215141	0.139569	0.12304	0.196357	0.336328	0.513037	0.103387	0.405038	0.197633	0.2099	0.245143	0.200742	0.254604	0.076176	0.0661045	0.133952	0.427526	0.199023	0.209482	0.225996	0.404266	0.401243	0.280567	0.31221	0.400546	0.392737	0.246923	0.189971	0.35937	0.146755	0.377489	0.348908	0.121788	0.144045	0.130777	0.0765744	0.0821679	0.0924205	0.38721	0.426969	0.401008	0.204373	0.495481	0.16455	0.110241	0.105471	0.184939	0.341119	0.484892	0.074883	0.3793	0.226771	0.239921	0.26824	0.174674	0.22986	0.0797126	0.0719465	0.148579	0.394398	0.19348	0.20356	0.219601	0.390067	0.387047	0.269712	0.305506	0.395241	0.387033	0.250202	0.186458	0.353356	0.148551	0.379619	0.352324	0.123009	0.125304	0.222656	0.205831	0.288812	0.286065	
MomentArms on: hip_flexion_r
0.00613879	0.0337866	-0.013902	-0.00302087	-0.00866956	0.0400795	0.0216748	0.0393973	0.0462694	0.0553643	0.0404936	
MomentArms on: hip_adduction_r
0.0636195	0.068659	0.0732787	0.0687673	0.0375779	0.0180842	0.0612573	0.0344614	0.0129333	0.0251904	
MomentArms on: hip_rotation_r
0.0284825	0.0255802	0.00444767	0.00316271	0.0114622	-0.0333054	-0.0203579	-6.742e-05	-0.0241358	-0.0438579	
MomentArms on: knee_angle_r
-0.0282846	-0.0284808	-0.0303106	-0.0181688	-0.0178874	-0.0105558	-0.0340163	-0.0410241	0.041282	0.0376167	0.0373698	0.0367397	
MomentArms on: ankle_angle_r
0.0333666	0.0366897	0.0190335	0.0359112	-0.00663986	-0.010625	-0.0330958	-0.0327794	-0.00306946	-0.00619937	-0.0297926	-0.00770207	
External Torques: 36.9943 -9.33747 10.2185 51.947 -28.0889 
Current Torque on hip_flexion_r 37.0757
Current Torque on hip_adduction_r 0.298895
Current Torque on hip_rotation_r 6.64581
Current Torque on knee_angle_r 52.1837
Current Torque on ankle_angle_r -29.235

----------------------------------------


EmgTime: 4.155
Adjusted EMG
0.0257302	0.0122807	0.001	0.0284164	0.0122807	0.0121575	0.001	0.001	0.001	0.001	0.00178469	0.001	0.0114693	0.001	0.001	0.001	0.00663027	0.001	0.001	0.0122807	0.0122807	0.0122807	0.0514995	0.0736897	0.001	0.001	0.001	0.001	0.0171363	0.0173577	0.00656127	0.0497438	0.0495007	0.041256	0.001	0.001	0.001	0.465514	0.001	0.001	0.001	0.465211	0.465527	0	0	0	0	0	0	0	0	0	0	0	0	0	0	0	0	0	0	0	0	0	0	0	0	0	0	0	0	0	0	0	0	0	0	0	0	0	0	0	0	0	0	0	0.001	0	0.001	0	0.000997281	0	
LmtTime: 4.15
Lmt
0.112685	0.125294	0.106514	0.0738758	0.0747653	0.08017	0.37601	0.414917	0.385517	0.211566	0.530092	0.215137	0.139511	0.122992	0.196234	0.336104	0.513181	0.103401	0.404918	0.197672	0.209948	0.245113	0.200816	0.254689	0.0765213	0.0663936	0.134191	0.427852	0.199166	0.209629	0.226141	0.404308	0.401283	0.280665	0.312235	0.400567	0.392773	0.2468	0.189981	0.359391	0.146692	0.377377	0.348782	0.121299	0.143956	0.131056	0.0760374	0.0818102	0.0922904	0.387973	0.427893	0.401897	0.204555	0.495037	0.163955	0.110018	0.105711	0.185271	0.341583	0.484046	0.0744771	0.379699	0.227212	0.240586	0.269074	0.1742	0.229421	0.0804734	0.0723912	0.148819	0.39368	0.193251	0.203325	0.219369	0.389935	0.386916	0.269489	0.305448	0.395189	0.386955	0.250439	0.186434	0.353312	0.148685	0.379839	0.352558	0.122832	0.125506	0.223113	0.205648	0.288822	0.286202	
MomentArms on: hip_flexion_r
0.00628197	0.0337855	-0.0141071	-0.00313919	-0.00803122	0.0398757	0.0215394	0.039202	0.0459933	0.0548563	0.0401574	
MomentArms on: hip_adduction_r
0.063315	0.0683784	0.07319	0.0691186	0.0380472	0.0184686	0.0617904	0.0342067	0.013215	0.0256211	
MomentArms on: hip_rotation_r
0.0283725	0.0253785	0.00443339	0.00315092	0.0109328	-0.0331373	-0.0206239	-0.00037477	-0.0243524	-0.0435671	
MomentArms on: knee_angle_r
-0.0282914	-0.0284796	-0.030258	-0.0181791	-0.017898	-0.0105422	-0.034011	-0.041017	0.0412856	0.0376277	0.0373861	0.036753	
MomentArms on: ankle_angle_r
0.033353	0.0366829	0.0190205	0.0358997	-0.0066328	-0.0106172	-0.0330724	-0.0327571	-0.00306582	-0.00619533	-0.0297681	-0.00769545	
External Torques: 38.6415 -8.65545 10.1408 52.824 -28.7203 
Current Torque on hip_flexion_r 38.6504
Current Torque on hip_adduction_r 0.245905
Current Torque on hip_rotation_r 6.73375
Current Torque on knee_angle_r 53.0342
Current Torque on ankle_angle_r -29.7518

----------------------------------------


EmgTime: 4.165
Adjusted EMG
0.025503	0.0122803	0.001	0.0278394	0.0122803	0.012062	0.001	0.001	0.001	0.001	0.00387343	0.001	0.0117233	0.001	0.001	0.001	0.0063555	0.001	0.001	0.0122803	0.0122803	0.0122803	0.0546697	0.0796443	0.001	0.001	0.001	0.001	0.0173721	0.0175599	0.00867077	0.0490036	0.0487889	0.0416437	0.001	0.001	0.001	0.457357	0.001	0.001	0.001	0.457089	0.457372	0	0	0	0	0	0	0	0	0	0	0	0	0	0	0	0	0	0	0	0	0	0	0	0	0	0	0	0	0	0	0	0	0	0	0	0	0	0	0	0	0	0	0	0.001	0	0.001	0	0.000997281	0	
LmtTime: 4.16
Lmt
0.11247	0.125285	0.106693	0.0737301	0.0747122	0.0802263	0.375673	0.414519	0.385222	0.211461	0.530332	0.215133	0.139433	0.122906	0.196066	0.33583	0.513381	0.103416	0.404774	0.197693	0.209959	0.245005	0.200918	0.2548	0.0768269	0.066663	0.134423	0.428204	0.199299	0.209766	0.226277	0.404349	0.401322	0.280759	0.312259	0.400588	0.392806	0.246684	0.189991	0.359411	0.146631	0.377269	0.348662	0.12082	0.143851	0.131304	0.0755237	0.0814672	0.092161	0.388588	0.428635	0.402627	0.204709	0.494722	0.163405	0.109776	0.105876	0.185503	0.34192	0.483339	0.0741062	0.380004	0.227598	0.241173	0.269771	0.173818	0.229072	0.081181	0.0728201	0.149044	0.39311	0.193058	0.203126	0.219172	0.389768	0.386749	0.269249	0.305386	0.395133	0.386871	0.250691	0.186408	0.353264	0.148828	0.380075	0.352809	0.12265	0.125682	0.223509	0.205537	0.288836	0.286351	
MomentArms on: hip_flexion_r
0.00642105	0.0337772	-0.0143195	-0.00326586	-0.00740547	0.0396699	0.0214046	0.0390048	0.0457143	0.0543499	0.0398143	
MomentArms on: hip_adduction_r
0.0630089	0.0680903	0.0730938	0.0694579	0.038518	0.0188589	0.0623081	0.0339496	0.0135036	0.026057	
MomentArms on: hip_rotation_r
0.0282591	0.0251748	0.00441921	0.00313937	0.0104172	-0.0329747	-0.0208924	-0.00068364	-0.0245701	-0.0432846	
MomentArms on: knee_angle_r
-0.0282986	-0.0284782	-0.0302064	-0.01819	-0.0179093	-0.0105281	-0.0340054	-0.0410095	0.0412897	0.037639	0.0374029	0.0367667	
MomentArms on: ankle_angle_r
0.0333307	0.0366716	0.0189993	0.035881	-0.0066213	-0.0106046	-0.0330337	-0.0327199	-0.00305988	-0.00618873	-0.0297281	-0.00768465	
External Torques: 40.2084 -7.99442 10.0737 53.7215 -29.3485 
Current Torque on hip_flexion_r 40.1722
Current Torque on hip_adduction_r 0.21878
Current Torque on hip_rotation_r 6.82437
Current Torque on knee_angle_r 53.8995
Current Torque on ankle_angle_r -30.2472

----------------------------------------


EmgTime: 4.175
Adjusted EMG
0.0252323	0.0122786	0.001	0.0272839	0.0122786	0.011976	0.001	0.001	0.001	0.001	0.00456005	0.001	0.0119336	0.001	0.001	0.001	0.00590378	0.001	0.001	0.0122786	0.0122786	0.0122786	0.0545514	0.0806527	0.001	0.001	0.001	0.001	0.01762	0.0177717	0.0107846	0.0482895	0.0481059	0.0421143	0.001	0.001	0.001	0.449434	0.001	0.001	0.001	0.449204	0.449451	0	0	0	0	0	0	0	0	0	0	0	0	0	0	0	0	0	0	0	0	0	0	0	0	0	0	0	0	0	0	0	0	0	0	0	0	0	0	0	0	0	0	0	0.001	0	0.001	0	0.000997281	0	
LmtTime: 4.17
Lmt
0.112279	0.125274	0.106849	0.073615	0.0746784	0.0802862	0.375298	0.414074	0.384874	0.211368	0.530625	0.21515	0.139348	0.122794	0.195862	0.335504	0.513633	0.103444	0.40462	0.197678	0.209915	0.244807	0.201058	0.254948	0.077092	0.0669081	0.134638	0.428584	0.199419	0.209889	0.226399	0.404391	0.401363	0.280849	0.312282	0.400608	0.392839	0.246572	0.19	0.35943	0.146574	0.377167	0.348548	0.12037	0.143747	0.131533	0.0750515	0.0811566	0.0920471	0.38904	0.429175	0.403179	0.204832	0.494552	0.16288	0.109493	0.105939	0.18561	0.342114	0.482796	0.0737599	0.380192	0.227938	0.241682	0.270314	0.173536	0.228821	0.0818178	0.07323	0.149261	0.392701	0.192903	0.202967	0.219015	0.389565	0.386545	0.268993	0.305319	0.395073	0.386782	0.25096	0.18638	0.353213	0.148981	0.380325	0.353076	0.122474	0.125825	0.223847	0.205482	0.288857	0.286497	
MomentArms on: hip_flexion_r
0.00655244	0.0337621	-0.0145273	-0.00339082	-0.00680289	0.0394667	0.0212722	0.0388099	0.0454383	0.0538539	0.0394775	
MomentArms on: hip_adduction_r
0.0627076	0.0678015	0.0729923	0.0697786	0.0389804	0.0192471	0.0628014	0.0336962	0.0137929	0.0264895	
MomentArms on: hip_rotation_r
0.0281445	0.0249727	0.00440533	0.00312814	0.00992027	-0.0328176	-0.0211579	-0.00098843	-0.0247829	-0.0430125	
MomentArms on: knee_angle_r
-0.028305	-0.028477	-0.0301576	-0.0182005	-0.0179202	-0.0105152	-0.0339998	-0.0410019	0.0412928	0.0376493	0.0374182	0.0367792	
MomentArms on: ankle_angle_r
0.033299	0.0366555	0.0189695	0.0358544	-0.00660515	-0.0105869	-0.0329787	-0.0326672	-0.00305155	-0.00617946	-0.0296719	-0.00766949	
External Torques: 41.6746 -7.37464 10.013 54.5887 -29.9583 
Current Torque on hip_flexion_r 41.6199
Current Torque on hip_adduction_r 0.222375
Current Torque on hip_rotation_r 6.90841
Current Torque on knee_angle_r 54.733
Current Torque on ankle_angle_r -30.7179

----------------------------------------


EmgTime: 4.185
Adjusted EMG
0.0249501	0.0122756	0.001	0.0267848	0.0122756	0.0119021	0.001	0.001	0.001	0.001	0.00424142	0.001	0.012103	0.001	0.001	0.001	0.00542031	0.001	0.001	0.0122756	0.0122756	0.0122756	0.0526508	0.0794374	0.001	0.001	0.001	0.001	0.0178745	0.0179897	0.0128105	0.047602	0.0474483	0.0425685	0.001	0.001	0.001	0.441765	0.001	0.001	0.001	0.441574	0.441782	0	0	0	0	0	0	0	0	0	0	0	0	0	0	0	0	0	0	0	0	0	0	0	0	0	0	0	0	0	0	0	0	0	0	0	0	0	0	0	0	0	0	0	0.001	0	0.001	0	0.000997281	0	
LmtTime: 4.18
Lmt
0.112105	0.125248	0.106967	0.0735261	0.0746569	0.0803399	0.374883	0.413582	0.384468	0.211288	0.530972	0.215208	0.139273	0.12267	0.195634	0.335126	0.513935	0.103496	0.404471	0.197608	0.209799	0.244514	0.201245	0.255141	0.0773178	0.067126	0.134824	0.42899	0.199521	0.209993	0.226502	0.404437	0.401407	0.280933	0.312304	0.400626	0.392869	0.246467	0.190008	0.359447	0.146519	0.37707	0.348439	0.119968	0.143657	0.131752	0.074636	0.0808929	0.0919615	0.389321	0.429501	0.403546	0.204923	0.494539	0.162364	0.10915	0.105877	0.185574	0.342153	0.482437	0.073428	0.380246	0.228239	0.242114	0.270687	0.17336	0.228674	0.0823712	0.0736196	0.149478	0.392462	0.192788	0.202849	0.218898	0.389326	0.386304	0.26872	0.305248	0.395009	0.386686	0.251245	0.18635	0.353159	0.149143	0.38059	0.353358	0.122315	0.125928	0.22413	0.20546	0.28889	0.286624	
MomentArms on: hip_flexion_r
0.00667174	0.0337406	-0.0147148	-0.00350044	-0.00623493	0.0392713	0.021144	0.0386225	0.0451721	0.0533784	0.0391645	
MomentArms on: hip_adduction_r
0.0624182	0.0675198	0.072888	0.0700745	0.0394237	0.0196245	0.0632627	0.033453	0.0140766	0.0269096	
MomentArms on: hip_rotation_r
0.028031	0.0247756	0.00439196	0.00311727	0.00944537	-0.0326644	-0.0214138	-0.00128293	-0.0249836	-0.0427517	
MomentArms on: knee_angle_r
-0.0283092	-0.028476	-0.0301133	-0.0182092	-0.0179292	-0.0105054	-0.0339946	-0.0409944	0.0412926	0.0376571	0.0374298	0.0367886	
MomentArms on: ankle_angle_r
0.0332578	0.0366345	0.0189312	0.0358202	-0.00658453	-0.0105643	-0.032908	-0.0325994	-0.0030409	-0.00616763	-0.0296001	-0.00765013	
External Torques: 43.0349 -6.82052 9.95766 55.3783 -30.5382 
Current Torque on hip_flexion_r 42.9794
Current Torque on hip_adduction_r 0.24663
Current Torque on hip_rotation_r 6.97767
Current Torque on knee_angle_r 55.4887
Current Torque on ankle_angle_r -31.1622

----------------------------------------


EmgTime: 4.195
Adjusted EMG
0.0246614	0.0122714	0.001	0.026359	0.0122714	0.0118414	0.001	0.001	0.001	0.001	0.00342528	0.001	0.012228	0.001	0.001	0.001	0.00492007	0.001	0.001	0.0122714	0.0122714	0.0122714	0.0500608	0.0772529	0.001	0.001	0.001	0.001	0.0181192	0.0181999	0.01464	0.046942	0.0468157	0.042941	0.001	0.001	0.001	0.434368	0.001	0.001	0.001	0.434213	0.434384	0	0	0	0	0	0	0	0	0	0	0	0	0	0	0	0	0	0	0	0	0	0	0	0	0	0	0	0	0	0	0	0	0	0	0	0	0	0	0	0	0	0	0	0.001	0	0.001	0	0.000997281	0	
LmtTime: 4.19
Lmt
0.111941	0.125195	0.107036	0.0734581	0.0746405	0.0803793	0.374428	0.413045	0.384004	0.211223	0.531373	0.215326	0.13922	0.122548	0.195394	0.3347	0.514279	0.103581	0.404342	0.197472	0.209599	0.244123	0.201486	0.255385	0.0775075	0.0673155	0.134977	0.429423	0.199603	0.210078	0.226586	0.404486	0.401456	0.281012	0.312325	0.400644	0.392897	0.246368	0.190016	0.359464	0.146468	0.376979	0.348337	0.119626	0.143593	0.131973	0.074288	0.0806869	0.0919139	0.389429	0.42961	0.403725	0.204981	0.494685	0.161842	0.108734	0.105678	0.185386	0.342034	0.482268	0.0731008	0.380156	0.228511	0.242475	0.270888	0.17329	0.228632	0.082834	0.0739883	0.1497	0.392392	0.192714	0.202773	0.218823	0.389053	0.386027	0.268433	0.305173	0.394942	0.386586	0.251543	0.186319	0.353102	0.149313	0.380867	0.353653	0.122184	0.125989	0.224366	0.205453	0.288936	0.286719	
MomentArms on: hip_flexion_r
0.00677478	0.0337132	-0.0148653	-0.00357998	-0.00571207	0.0390888	0.0210215	0.0384473	0.044923	0.0529334	0.0388931	
MomentArms on: hip_adduction_r
0.0621474	0.0672534	0.0727836	0.0703402	0.0398381	0.0199824	0.0636857	0.0332264	0.0143482	0.0273087	
MomentArms on: hip_rotation_r
0.0279203	0.0245862	0.0043793	0.00310679	0.00899418	-0.0325133	-0.0216537	-0.00156149	-0.0251647	-0.0425019	
MomentArms on: knee_angle_r
-0.0283099	-0.0284755	-0.0300753	-0.0182147	-0.0179349	-0.0105009	-0.0339901	-0.0409871	0.0412872	0.0376607	0.0374352	0.036793	
MomentArms on: ankle_angle_r
0.0332075	0.0366087	0.0188851	0.0357789	-0.00655985	-0.0105372	-0.0328227	-0.0325175	-0.00302816	-0.00615346	-0.0295141	-0.00762696	
External Torques: 44.3017 -6.35335 9.90857 56.0539 -31.0781 
Current Torque on hip_flexion_r 44.255
Current Torque on hip_adduction_r 0.288206
Current Torque on hip_rotation_r 7.02844
Current Torque on knee_angle_r 56.1323
Current Torque on ankle_angle_r -31.5782

----------------------------------------


EmgTime: 4.205
Adjusted EMG
0.0243724	0.0122657	0.001	0.0259953	0.0122657	0.0117932	0.001	0.001	0.001	0.001	0.00222605	0.001	0.0123137	0.001	0.001	0.001	0.00441931	0.001	0.001	0.0122657	0.0122657	0.0122657	0.0469004	0.0739142	0.001	0.001	0.001	0.001	0.0183454	0.0183969	0.0161577	0.0463098	0.0462062	0.0431554	0.001	0.001	0.001	0.427262	0.001	0.001	0.001	0.427138	0.427277	0	0	0	0	0	0	0	0	0	0	0	0	0	0	0	0	0	0	0	0	0	0	0	0	0	0	0	0	0	0	0	0	0	0	0	0	0	0	0	0	0	0	0	0.001	0	0.001	0	0.000997281	0	
LmtTime: 4.2
Lmt
0.111779	0.12511	0.10705	0.0734052	0.0746227	0.0803979	0.373934	0.412466	0.383483	0.211175	0.531823	0.215513	0.139198	0.122438	0.195151	0.33423	0.51466	0.103704	0.404242	0.197263	0.209311	0.243637	0.201781	0.255681	0.0776668	0.0674774	0.135091	0.429879	0.199665	0.210141	0.226648	0.40454	0.401509	0.281088	0.312344	0.40066	0.392925	0.246273	0.190024	0.35948	0.146419	0.376892	0.34824	0.119352	0.143563	0.132204	0.0740132	0.0805446	0.0919105	0.389372	0.429509	0.403723	0.205008	0.494983	0.161301	0.108235	0.105337	0.185046	0.341763	0.482285	0.0727704	0.379923	0.228764	0.242772	0.270922	0.173322	0.22869	0.083205	0.0743367	0.149932	0.392486	0.19268	0.202739	0.218789	0.388746	0.385717	0.268133	0.305094	0.394872	0.386481	0.251853	0.186286	0.353042	0.149491	0.381156	0.353959	0.122088	0.126006	0.224562	0.205444	0.288997	0.286774	
MomentArms on: hip_flexion_r
0.00685846	0.0336812	-0.0149634	-0.00361575	-0.00524225	0.0389238	0.0209062	0.0382888	0.044697	0.0525268	0.0386792	
MomentArms on: hip_adduction_r
0.0619012	0.0670098	0.0726822	0.0705722	0.0402148	0.020313	0.0640658	0.033022	0.0146017	0.027679	
MomentArms on: hip_rotation_r
0.0278128	0.0244059	0.00436748	0.00309667	0.00856693	-0.0323622	-0.0218728	-0.00181994	-0.0253201	-0.0422621	
MomentArms on: knee_angle_r
-0.0283059	-0.0284758	-0.030045	-0.0182157	-0.017936	-0.0105033	-0.0339868	-0.0409804	0.0412745	0.0376588	0.0374324	0.0367907	
MomentArms on: ankle_angle_r
0.0331486	0.0365783	0.0188322	0.0357311	-0.00653169	-0.0105063	-0.0327247	-0.0324234	-0.00301363	-0.00613728	-0.0294159	-0.00760052	
External Torques: 45.4985 -5.97874 9.8653 56.5912 -31.568 
Current Torque on hip_flexion_r 45.4682
Current Torque on hip_adduction_r 0.343756
Current Torque on hip_rotation_r 7.06118
Current Torque on knee_angle_r 56.6419
Current Torque on ankle_angle_r -31.9653

----------------------------------------


EmgTime: 4.215
Adjusted EMG
0.0240859	0.0122588	0.00217906	0.0256918	0.0122588	0.0117551	0.001	0.001	0.001	0.001	0.001	0.001	0.0123747	0.001	0.001	0.001	0.0039383	0.001	0.001	0.0122588	0.0122588	0.0122588	0.0434048	0.0696665	0.001	0.001	0.001	0.001	0.0185377	0.0185677	0.017267	0.0457061	0.0456178	0.0431286	0.001	0.001	0.001	0.420466	0.001	0.001	0.001	0.420363	0.42048	0	0	0	0	0	0	0	0	0	0	0	0	0	0	0	0	0	0	0	0	0	0	0	0	0	0	0	0	0	0	0	0	0	0	0	0	0	0	0	0	0	0	0	0.001	0	0.001	0	0.000997281	0	
LmtTime: 4.21
Lmt
0.111612	0.124987	0.107005	0.0733615	0.0745985	0.0803922	0.373404	0.411849	0.38291	0.211142	0.532317	0.215775	0.139213	0.122349	0.194914	0.333722	0.515069	0.103868	0.40418	0.196977	0.208934	0.243062	0.202131	0.25603	0.0778028	0.0676147	0.135168	0.430357	0.199707	0.210184	0.22669	0.4046	0.401569	0.281159	0.312362	0.400676	0.39295	0.246184	0.190031	0.359495	0.146373	0.37681	0.348147	0.119146	0.143572	0.13245	0.0738112	0.0804663	0.091953	0.389166	0.429219	0.403559	0.205005	0.495418	0.160736	0.107653	0.10486	0.184564	0.341355	0.482471	0.0724306	0.379556	0.229006	0.243015	0.270801	0.173446	0.22884	0.0834896	0.0746667	0.150177	0.392727	0.192684	0.202742	0.218793	0.388411	0.385376	0.267821	0.305013	0.394798	0.386372	0.252172	0.186251	0.352981	0.149674	0.381453	0.354275	0.12203	0.125983	0.224726	0.205418	0.289071	0.286783	
MomentArms on: hip_flexion_r
0.00692122	0.0336465	-0.0149973	-0.00359673	-0.00482982	0.0387799	0.0207995	0.0381504	0.0444987	0.0521638	0.0385339	
MomentArms on: hip_adduction_r
0.0616846	0.0667948	0.0725871	0.0707685	0.0405469	0.02061	0.0644	0.0328438	0.0148319	0.0280139	
MomentArms on: hip_rotation_r
0.0277071	0.0242343	0.00435654	0.00308686	0.00816264	-0.0322093	-0.0220684	-0.00205618	-0.0254455	-0.0420309	
MomentArms on: knee_angle_r
-0.0282964	-0.0284768	-0.0300233	-0.0182113	-0.0179315	-0.0105138	-0.0339847	-0.0409743	0.0412532	0.0376504	0.0374198	0.0367805	
MomentArms on: ankle_angle_r
0.0330821	0.0365438	0.0187735	0.0356777	-0.00650071	-0.0104723	-0.0326162	-0.0323191	-0.00299764	-0.00611948	-0.0293077	-0.00757141	
External Torques: 46.6419 -5.66416 9.81983 56.9774 -31.9974 
Current Torque on hip_flexion_r 46.6326
Current Torque on hip_adduction_r 0.407927
Current Torque on hip_rotation_r 7.07144
Current Torque on knee_angle_r 57.0076
Current Torque on ankle_angle_r -32.3248

----------------------------------------

LmtMa: lmtMa DONE
Using c:/opensim_tutorial\tutorials\Cerebral_Palsy_Project\Simulations\PC003\trial1_r1\ceinms\execution as output directory
Estimation completed.
