[2025-02-20 20:38:23.194] [info] Updating Model file from 40000 to latest format...
[2025-02-20 20:38:23.271] [info] Loaded model 009 from file C:\Git\opensim_tutorial\tutorials\repeated_sprinting\models\009_rajagopal_scaled.osim
[2025-02-20 20:38:23.277] [warning] Couldn't find file 'index_medial_rvs.vtp'.
[2025-02-20 20:38:23.278] [warning] Couldn't find file 'middle_medial_rvs.vtp'.
[2025-02-20 20:38:23.279] [warning] Couldn't find file 'ring_medial_rvs.vtp'.
[2025-02-20 20:38:23.279] [warning] Couldn't find file 'little_medial_rvs.vtp'.
[2025-02-20 20:38:23.283] [warning] Couldn't find file 'index_medial_lvs.vtp'.
[2025-02-20 20:38:23.284] [warning] Couldn't find file 'middle_medial_lvs.vtp'.
[2025-02-20 20:38:23.285] [warning] Couldn't find file 'ring_medial_lvs.vtp'.
[2025-02-20 20:38:23.286] [warning] Couldn't find file 'little_medial_lvs.vtp'.
[2025-02-20 20:38:59.780] [info] Updating Model file from 40000 to latest format...
[2025-02-20 20:38:59.880] [info] Loaded model 009 from file C:\Git\opensim_tutorial\tutorials\repeated_sprinting\models\009_rajagopal_scaled.osim
[2025-02-20 20:38:59.889] [warning] Couldn't find file 'index_medial_rvs.vtp'.
[2025-02-20 20:38:59.890] [warning] Couldn't find file 'middle_medial_rvs.vtp'.
[2025-02-20 20:38:59.891] [warning] Couldn't find file 'ring_medial_rvs.vtp'.
[2025-02-20 20:38:59.892] [warning] Couldn't find file 'little_medial_rvs.vtp'.
[2025-02-20 20:38:59.896] [warning] Couldn't find file 'index_medial_lvs.vtp'.
[2025-02-20 20:38:59.897] [warning] Couldn't find file 'middle_medial_lvs.vtp'.
[2025-02-20 20:38:59.899] [warning] Couldn't find file 'ring_medial_lvs.vtp'.
[2025-02-20 20:38:59.900] [warning] Couldn't find file 'little_medial_lvs.vtp'.
[2025-02-20 20:39:13.330] [info] Updating Model file from 40000 to latest format...
[2025-02-20 20:39:13.393] [info] Loaded model 009 from file C:\Git\opensim_tutorial\tutorials\repeated_sprinting\models\009_rajagopal_scaled.osim
[2025-02-20 20:39:13.403] [warning] Couldn't find file 'index_medial_rvs.vtp'.
[2025-02-20 20:39:13.404] [warning] Couldn't find file 'middle_medial_rvs.vtp'.
[2025-02-20 20:39:13.405] [warning] Couldn't find file 'ring_medial_rvs.vtp'.
[2025-02-20 20:39:13.406] [warning] Couldn't find file 'little_medial_rvs.vtp'.
[2025-02-20 20:39:13.409] [warning] Couldn't find file 'index_medial_lvs.vtp'.
[2025-02-20 20:39:13.410] [warning] Couldn't find file 'middle_medial_lvs.vtp'.
[2025-02-20 20:39:13.411] [warning] Couldn't find file 'ring_medial_lvs.vtp'.
[2025-02-20 20:39:13.412] [warning] Couldn't find file 'little_medial_lvs.vtp'.
[2025-02-20 20:39:23.813] [info] Updating Model file from 40000 to latest format...
[2025-02-20 20:39:23.970] [info] Loaded model 009 from file C:\Git\opensim_tutorial\tutorials\repeated_sprinting\models\009_rajagopal_scaled.osim
[2025-02-20 20:39:23.983] [warning] Couldn't find file 'index_medial_rvs.vtp'.
[2025-02-20 20:39:23.985] [warning] Couldn't find file 'middle_medial_rvs.vtp'.
[2025-02-20 20:39:23.987] [warning] Couldn't find file 'ring_medial_rvs.vtp'.
[2025-02-20 20:39:23.988] [warning] Couldn't find file 'little_medial_rvs.vtp'.
[2025-02-20 20:39:23.993] [warning] Couldn't find file 'index_medial_lvs.vtp'.
[2025-02-20 20:39:23.995] [warning] Couldn't find file 'middle_medial_lvs.vtp'.
[2025-02-20 20:39:23.996] [warning] Couldn't find file 'ring_medial_lvs.vtp'.
[2025-02-20 20:39:23.997] [warning] Couldn't find file 'little_medial_lvs.vtp'.
[2025-02-20 20:39:50.505] [info] Updating Model file from 40000 to latest format...
[2025-02-20 20:39:50.554] [info] Loaded model 009 from file C:\Git\opensim_tutorial\tutorials\repeated_sprinting\models\009_rajagopal_scaled.osim
[2025-02-20 20:39:50.560] [warning] Couldn't find file 'index_medial_rvs.vtp'.
[2025-02-20 20:39:50.561] [warning] Couldn't find file 'middle_medial_rvs.vtp'.
[2025-02-20 20:39:50.562] [warning] Couldn't find file 'ring_medial_rvs.vtp'.
[2025-02-20 20:39:50.562] [warning] Couldn't find file 'little_medial_rvs.vtp'.
[2025-02-20 20:39:50.565] [warning] Couldn't find file 'index_medial_lvs.vtp'.
[2025-02-20 20:39:50.566] [warning] Couldn't find file 'middle_medial_lvs.vtp'.
[2025-02-20 20:39:50.566] [warning] Couldn't find file 'ring_medial_lvs.vtp'.
[2025-02-20 20:39:50.567] [warning] Couldn't find file 'little_medial_lvs.vtp'.
[2025-02-20 21:21:30.038] [info] Updating Model file from 40000 to latest format...
[2025-02-20 21:21:30.187] [info] Loaded model 009 from file C:\Git\opensim_tutorial\tutorials\repeated_sprinting\models\009_rajagopal_scaled.osim
[2025-02-20 21:21:31.060] [warning] Couldn't find file 'index_medial_rvs.vtp'.
[2025-02-20 21:21:31.139] [warning] Couldn't find file 'middle_medial_rvs.vtp'.
[2025-02-20 21:21:31.217] [warning] Couldn't find file 'ring_medial_rvs.vtp'.
[2025-02-20 21:21:31.290] [warning] Couldn't find file 'little_medial_rvs.vtp'.
[2025-02-20 21:21:31.666] [warning] Couldn't find file 'index_medial_lvs.vtp'.
[2025-02-20 21:21:31.740] [warning] Couldn't find file 'middle_medial_lvs.vtp'.
[2025-02-20 21:21:31.823] [warning] Couldn't find file 'ring_medial_lvs.vtp'.
[2025-02-20 21:21:31.899] [warning] Couldn't find file 'little_medial_lvs.vtp'.
[2025-02-20 21:21:45.396] [info] Updating Model file from 40000 to latest format...
[2025-02-20 21:21:45.445] [info] Loaded model 009 from file C:\Git\opensim_tutorial\tutorials\repeated_sprinting\models\009_rajagopal_scaled.osim
[2025-02-20 21:21:45.450] [warning] Couldn't find file 'index_medial_rvs.vtp'.
[2025-02-20 21:21:45.451] [warning] Couldn't find file 'middle_medial_rvs.vtp'.
[2025-02-20 21:21:45.452] [warning] Couldn't find file 'ring_medial_rvs.vtp'.
[2025-02-20 21:21:45.453] [warning] Couldn't find file 'little_medial_rvs.vtp'.
[2025-02-20 21:21:45.455] [warning] Couldn't find file 'index_medial_lvs.vtp'.
[2025-02-20 21:21:45.455] [warning] Couldn't find file 'middle_medial_lvs.vtp'.
[2025-02-20 21:21:45.456] [warning] Couldn't find file 'ring_medial_lvs.vtp'.
[2025-02-20 21:21:45.456] [warning] Couldn't find file 'little_medial_lvs.vtp'.
[2025-02-20 21:41:33.945] [info] Updating Model file from 40000 to latest format...
[2025-02-20 21:41:33.985] [info] Loaded model 009 from file C:\Git\opensim_tutorial\tutorials\repeated_sprinting\models\009_rajagopal_scaled.osim
[2025-02-20 21:41:33.992] [warning] Couldn't find file 'index_medial_rvs.vtp'.
[2025-02-20 21:41:33.993] [warning] Couldn't find file 'middle_medial_rvs.vtp'.
[2025-02-20 21:41:33.994] [warning] Couldn't find file 'ring_medial_rvs.vtp'.
[2025-02-20 21:41:33.995] [warning] Couldn't find file 'little_medial_rvs.vtp'.
[2025-02-20 21:41:33.997] [warning] Couldn't find file 'index_medial_lvs.vtp'.
[2025-02-20 21:41:33.998] [warning] Couldn't find file 'middle_medial_lvs.vtp'.
[2025-02-20 21:41:33.999] [warning] Couldn't find file 'ring_medial_lvs.vtp'.
[2025-02-20 21:41:34.000] [warning] Couldn't find file 'little_medial_lvs.vtp'.
[2025-02-20 21:42:06.265] [info] Updating Model file from 40000 to latest format...
[2025-02-20 21:42:06.300] [info] Loaded model 009 from file C:\Git\opensim_tutorial\tutorials\repeated_sprinting\models\009_rajagopal_scaled.osim
[2025-02-20 21:42:06.303] [warning] Couldn't find file 'index_medial_rvs.vtp'.
[2025-02-20 21:42:06.304] [warning] Couldn't find file 'middle_medial_rvs.vtp'.
[2025-02-20 21:42:06.304] [warning] Couldn't find file 'ring_medial_rvs.vtp'.
[2025-02-20 21:42:06.305] [warning] Couldn't find file 'little_medial_rvs.vtp'.
[2025-02-20 21:42:06.306] [warning] Couldn't find file 'index_medial_lvs.vtp'.
[2025-02-20 21:42:06.307] [warning] Couldn't find file 'middle_medial_lvs.vtp'.
[2025-02-20 21:42:06.307] [warning] Couldn't find file 'ring_medial_lvs.vtp'.
[2025-02-20 21:42:06.308] [warning] Couldn't find file 'little_medial_lvs.vtp'.
[2025-02-20 21:49:17.041] [info] Updating Model file from 40000 to latest format...
[2025-02-20 21:49:17.077] [info] Loaded model 009 from file C:\Git\opensim_tutorial\tutorials\repeated_sprinting\models\009_rajagopal_scaled.osim
[2025-02-20 21:49:17.083] [warning] Couldn't find file 'index_medial_rvs.vtp'.
[2025-02-20 21:49:17.084] [warning] Couldn't find file 'middle_medial_rvs.vtp'.
[2025-02-20 21:49:17.085] [warning] Couldn't find file 'ring_medial_rvs.vtp'.
[2025-02-20 21:49:17.085] [warning] Couldn't find file 'little_medial_rvs.vtp'.
[2025-02-20 21:49:17.087] [warning] Couldn't find file 'index_medial_lvs.vtp'.
[2025-02-20 21:49:17.087] [warning] Couldn't find file 'middle_medial_lvs.vtp'.
[2025-02-20 21:49:17.088] [warning] Couldn't find file 'ring_medial_lvs.vtp'.
[2025-02-20 21:49:17.089] [warning] Couldn't find file 'little_medial_lvs.vtp'.
[2025-02-20 21:52:06.388] [info] Updating Model file from 40000 to latest format...
[2025-02-20 21:52:06.420] [info] Loaded model 009 from file C:\Git\opensim_tutorial\tutorials\repeated_sprinting\models\009_rajagopal_scaled.osim
[2025-02-20 21:52:06.425] [warning] Couldn't find file 'index_medial_rvs.vtp'.
[2025-02-20 21:52:06.425] [warning] Couldn't find file 'middle_medial_rvs.vtp'.
[2025-02-20 21:52:06.426] [warning] Couldn't find file 'ring_medial_rvs.vtp'.
[2025-02-20 21:52:06.426] [warning] Couldn't find file 'little_medial_rvs.vtp'.
[2025-02-20 21:52:06.428] [warning] Couldn't find file 'index_medial_lvs.vtp'.
[2025-02-20 21:52:06.428] [warning] Couldn't find file 'middle_medial_lvs.vtp'.
[2025-02-20 21:52:06.429] [warning] Couldn't find file 'ring_medial_lvs.vtp'.
[2025-02-20 21:52:06.429] [warning] Couldn't find file 'little_medial_lvs.vtp'.
[2025-02-20 21:54:24.744] [info] Updating Model file from 40000 to latest format...
[2025-02-20 21:54:25.027] [info] Loaded model 009 from file C:\Git\opensim_tutorial\tutorials\repeated_sprinting\models\009_rajagopal_scaled.osim
[2025-02-20 21:54:25.065] [warning] Couldn't find file 'index_medial_rvs.vtp'.
[2025-02-20 21:54:25.067] [warning] Couldn't find file 'middle_medial_rvs.vtp'.
[2025-02-20 21:54:25.068] [warning] Couldn't find file 'ring_medial_rvs.vtp'.
[2025-02-20 21:54:25.069] [warning] Couldn't find file 'little_medial_rvs.vtp'.
[2025-02-20 21:54:25.075] [warning] Couldn't find file 'index_medial_lvs.vtp'.
[2025-02-20 21:54:25.078] [warning] Couldn't find file 'middle_medial_lvs.vtp'.
[2025-02-20 21:54:25.079] [warning] Couldn't find file 'ring_medial_lvs.vtp'.
[2025-02-20 21:54:25.081] [warning] Couldn't find file 'little_medial_lvs.vtp'.
[2025-02-20 21:54:43.116] [info] Updating Model file from 40000 to latest format...
[2025-02-20 21:54:43.171] [info] Loaded model 009 from file C:\Git\opensim_tutorial\tutorials\repeated_sprinting\models\009_rajagopal_scaled.osim
[2025-02-20 21:54:43.179] [warning] Couldn't find file 'index_medial_rvs.vtp'.
[2025-02-20 21:54:43.180] [warning] Couldn't find file 'middle_medial_rvs.vtp'.
[2025-02-20 21:54:43.181] [warning] Couldn't find file 'ring_medial_rvs.vtp'.
[2025-02-20 21:54:43.181] [warning] Couldn't find file 'little_medial_rvs.vtp'.
[2025-02-20 21:54:43.184] [warning] Couldn't find file 'index_medial_lvs.vtp'.
[2025-02-20 21:54:43.185] [warning] Couldn't find file 'middle_medial_lvs.vtp'.
[2025-02-20 21:54:43.185] [warning] Couldn't find file 'ring_medial_lvs.vtp'.
[2025-02-20 21:54:43.186] [warning] Couldn't find file 'little_medial_lvs.vtp'.
[2025-02-20 21:56:38.194] [info] Updating Model file from 40000 to latest format...
[2025-02-20 21:56:38.259] [info] Loaded model 009 from file C:\Git\opensim_tutorial\tutorials\repeated_sprinting\models\009_rajagopal_scaled.osim
[2025-02-20 21:56:38.266] [warning] Couldn't find file 'index_medial_rvs.vtp'.
[2025-02-20 21:56:38.267] [warning] Couldn't find file 'middle_medial_rvs.vtp'.
[2025-02-20 21:56:38.268] [warning] Couldn't find file 'ring_medial_rvs.vtp'.
[2025-02-20 21:56:38.269] [warning] Couldn't find file 'little_medial_rvs.vtp'.
[2025-02-20 21:56:38.271] [warning] Couldn't find file 'index_medial_lvs.vtp'.
[2025-02-20 21:56:38.273] [warning] Couldn't find file 'middle_medial_lvs.vtp'.
[2025-02-20 21:56:38.273] [warning] Couldn't find file 'ring_medial_lvs.vtp'.
[2025-02-20 21:56:38.274] [warning] Couldn't find file 'little_medial_lvs.vtp'.
[2025-02-20 22:00:38.171] [info] Updating Model file from 40000 to latest format...
[2025-02-20 22:00:38.227] [info] Loaded model 009 from file C:\Git\opensim_tutorial\tutorials\repeated_sprinting\models\009_rajagopal_scaled.osim
[2025-02-20 22:00:38.232] [warning] Couldn't find file 'index_medial_rvs.vtp'.
[2025-02-20 22:00:38.232] [warning] Couldn't find file 'middle_medial_rvs.vtp'.
[2025-02-20 22:00:38.233] [warning] Couldn't find file 'ring_medial_rvs.vtp'.
[2025-02-20 22:00:38.233] [warning] Couldn't find file 'little_medial_rvs.vtp'.
[2025-02-20 22:00:38.236] [warning] Couldn't find file 'index_medial_lvs.vtp'.
[2025-02-20 22:00:38.237] [warning] Couldn't find file 'middle_medial_lvs.vtp'.
[2025-02-20 22:00:38.237] [warning] Couldn't find file 'ring_medial_lvs.vtp'.
[2025-02-20 22:00:38.238] [warning] Couldn't find file 'little_medial_lvs.vtp'.
[2025-02-20 22:03:08.145] [info] Updating Model file from 40000 to latest format...
[2025-02-20 22:03:08.183] [info] Loaded model 009 from file C:\Git\opensim_tutorial\tutorials\repeated_sprinting\models\009_rajagopal_scaled.osim
[2025-02-20 22:03:08.187] [warning] Couldn't find file 'index_medial_rvs.vtp'.
[2025-02-20 22:03:08.188] [warning] Couldn't find file 'middle_medial_rvs.vtp'.
[2025-02-20 22:03:08.188] [warning] Couldn't find file 'ring_medial_rvs.vtp'.
[2025-02-20 22:03:08.189] [warning] Couldn't find file 'little_medial_rvs.vtp'.
[2025-02-20 22:03:08.191] [warning] Couldn't find file 'index_medial_lvs.vtp'.
[2025-02-20 22:03:08.191] [warning] Couldn't find file 'middle_medial_lvs.vtp'.
[2025-02-20 22:03:08.192] [warning] Couldn't find file 'ring_medial_lvs.vtp'.
[2025-02-20 22:03:08.193] [warning] Couldn't find file 'little_medial_lvs.vtp'.
[2025-02-20 22:07:55.736] [info] Updating Model file from 40000 to latest format...
[2025-02-20 22:07:55.784] [info] Loaded model 009 from file C:\Git\opensim_tutorial\tutorials\repeated_sprinting\models\009_rajagopal_scaled.osim
[2025-02-20 22:07:55.792] [warning] Couldn't find file 'index_medial_rvs.vtp'.
[2025-02-20 22:07:55.793] [warning] Couldn't find file 'middle_medial_rvs.vtp'.
[2025-02-20 22:07:55.794] [warning] Couldn't find file 'ring_medial_rvs.vtp'.
[2025-02-20 22:07:55.794] [warning] Couldn't find file 'little_medial_rvs.vtp'.
[2025-02-20 22:07:55.797] [warning] Couldn't find file 'index_medial_lvs.vtp'.
[2025-02-20 22:07:55.797] [warning] Couldn't find file 'middle_medial_lvs.vtp'.
[2025-02-20 22:07:55.798] [warning] Couldn't find file 'ring_medial_lvs.vtp'.
[2025-02-20 22:07:55.798] [warning] Couldn't find file 'little_medial_lvs.vtp'.
