Constructing tool from setup file E:\3-PhD\Data\MocapData\ElaboratedData\009\pre\JointReactionAnalysis\Run_baseline3\setup_JCF.xml.

AbstractTool JCF loading model '..\..\009_Rajagopal2015_FAI_rra_opt_N5.osim'
Loaded model 009_Rajagopal2015_FAI_rra_opt_N5.osim from file ..\..\009_Rajagopal2015_FAI_rra_opt_N5.osim
-----------------------------------------------------------------------
Loaded library
-----------------------------------------------------------------------
-----------------------------------------------------------------------

Old version storage/motion file encountered
Storage: file=.\Run_baseline3.mot (nr=421 nc=37)
.. assuming rotations in Degrees.
ExternalForce::Left
Data source being set to E:\3-PhD\Data\MocapData\ElaboratedData\009\pre\dynamicElaborations\Run_baseline3\Run_baseline3.mot
Storage: file=IK.mot (nr=41 nc=40)


Low-pass filtering coordinates data with a cutoff frequency of 7.

WARNING: hip_flexion_r is not a valid joint.  Ignoring this entry.

WARNING: No valid joint names were found.
Setting up _reactionList to include all joints in the model.
ExternalForce::Left_transformedP
Data source being set to E:\3-PhD\Data\MocapData\ElaboratedData\009\pre\dynamicElaborations\Run_baseline3\Run_baseline3.mot_transformedP

Loading coordinates from file ..\..\inverseKinematics\Run_baseline3\IK.mot.
Storage: file=..\..\inverseKinematics\Run_baseline3\IK.mot (nr=41 nc=40)


Low-pass filtering coordinates data with a cutoff frequency of 6...

Found 81 state vectors with time stamps ranging from 3.33 to 3.73.
Executing the analyses from 3.425 to 3.625...

Loading actuator forces from file .\forcefile.sto.
Storage: file=.\forcefile.sto (nr=41 nc=134)
Found 133 actuator forces with time stamps ranging from 3.43 to 3.63.

WARNING:  The forces file contains actuators that are not in the model's actuator set.
WARNING:  Ignoring fiber lengths and activations from the states since forces_file is also set.
Actuator forces will be constructed from .\forcefile.sto.
Printing results of investigation JCF to .\.
Analyze compute time = 3318ms

