
+-+-+-+-+-+-+
|C|E|I|N|M|S|
+-+-+-+-+-+-+-+-+-+-+
|C|a|l|i|b|r|a|t|e|d|
+-+-+-+-+-+-+-+-+-+-+-+-+
|E|M|G|-|I|n|f|o|r|m|e|d|
+-+-+-+-+-+-+-+-+-+-+-+-+-+-+-+-+-+-+-+-+
|N|e|u|r|o|m|u|s|c|u|l|o|s|k|e|l|e|t|a|l|
+-+-+-+-+-+-+-+-+-+-+-+-+-+-+-+-+-+-+-+-+
|T|o|o|l|b|o|x|
+-+-+-+-+-+-+-+

CEINMS version 0.21.0
Copyright (C) Apr 29 2020
Claudio Pizzolato, Monica Reggiani, Massimo Sartori, David Lloyd
Software developers: Claudio Pizzolato, Elena Ceseracciu, Monica Reggiani
Check configuration data...
Reading subject file: c:/opensim_tutorial/tutorials/Cerebral_Palsy_Project/Simulations/PC006/trial2_l1/ceinms/./calibratedSubject.xml .
Contact model  not found
Reading subject file: c:/opensim_tutorial/tutorials/Cerebral_Palsy_Project/Simulations/PC006/trial2_l1/ceinms/./calibratedSubject.xml .
activeForceLength
passiveForceLength
forceVelocity
tendonForceStrain
Assuming glut_med1_r pennation angle in radians: 0.139626
Assuming glut_med2_r pennation angle in radians: 0
Assuming glut_med3_r pennation angle in radians: 0.331613
Assuming glut_min1_r pennation angle in radians: 0.174533
Assuming glut_min2_r pennation angle in radians: 0
Assuming glut_min3_r pennation angle in radians: 0.0174533
Assuming semimem_r pennation angle in radians: 0.261799
Assuming semiten_r pennation angle in radians: 0.0872665
Assuming bifemlh_r pennation angle in radians: 0
Assuming bifemsh_r pennation angle in radians: 0.401426
Assuming sar_r pennation angle in radians: 0
Assuming add_long_r pennation angle in radians: 0.10472
Assuming add_brev_r pennation angle in radians: 0
Assuming add_mag1_r pennation angle in radians: 0.0872665
Assuming add_mag2_r pennation angle in radians: 0.0523599
Assuming add_mag3_r pennation angle in radians: 0.0872665
Assuming tfl_r pennation angle in radians: 0.0523599
Assuming pect_r pennation angle in radians: 0
Assuming grac_r pennation angle in radians: 0.0523599
Assuming glut_max1_r pennation angle in radians: 0.0872665
Assuming glut_max2_r pennation angle in radians: 0
Assuming glut_max3_r pennation angle in radians: 0.0872665
Assuming iliacus_r pennation angle in radians: 0.122173
Assuming psoas_r pennation angle in radians: 0.139626
Assuming quad_fem_r pennation angle in radians: 0
Assuming gem_r pennation angle in radians: 0
Assuming peri_r pennation angle in radians: 0.174533
Assuming rect_fem_r pennation angle in radians: 0.0872665
Assuming vas_med_r pennation angle in radians: 0.0872665
Assuming vas_int_r pennation angle in radians: 0.0523599
Assuming vas_lat_r pennation angle in radians: 0.0872665
Assuming med_gas_r pennation angle in radians: 0.296706
Assuming lat_gas_r pennation angle in radians: 0.139626
Assuming soleus_r pennation angle in radians: 0.436332
Assuming tib_post_r pennation angle in radians: 0.20944
Assuming flex_dig_r pennation angle in radians: 0.122173
Assuming flex_hal_r pennation angle in radians: 0.174533
Assuming tib_ant_r pennation angle in radians: 0.0872665
Assuming per_brev_r pennation angle in radians: 0.0872665
Assuming per_long_r pennation angle in radians: 0.174533
Assuming per_tert_r pennation angle in radians: 0.226893
Assuming ext_dig_r pennation angle in radians: 0.139626
Assuming ext_hal_r pennation angle in radians: 0.10472
Assuming glut_med1_l pennation angle in radians: 0.139626
Assuming glut_med2_l pennation angle in radians: 0
Assuming glut_med3_l pennation angle in radians: 0.331613
Assuming glut_min1_l pennation angle in radians: 0.174533
Assuming glut_min2_l pennation angle in radians: 0
Assuming glut_min3_l pennation angle in radians: 0.0174533
Assuming semimem_l pennation angle in radians: 0.261799
Assuming semiten_l pennation angle in radians: 0.0872665
Assuming bifemlh_l pennation angle in radians: 0
Assuming bifemsh_l pennation angle in radians: 0.401426
Assuming sar_l pennation angle in radians: 0
Assuming add_long_l pennation angle in radians: 0.10472
Assuming add_brev_l pennation angle in radians: 0
Assuming add_mag1_l pennation angle in radians: 0.0872665
Assuming add_mag2_l pennation angle in radians: 0.0523599
Assuming add_mag3_l pennation angle in radians: 0.0872665
Assuming tfl_l pennation angle in radians: 0.0523599
Assuming pect_l pennation angle in radians: 0
Assuming grac_l pennation angle in radians: 0.0523599
Assuming glut_max1_l pennation angle in radians: 0.0872665
Assuming glut_max2_l pennation angle in radians: 0
Assuming glut_max3_l pennation angle in radians: 0.0872665
Assuming iliacus_l pennation angle in radians: 0.122173
Assuming psoas_l pennation angle in radians: 0.139626
Assuming quad_fem_l pennation angle in radians: 0
Assuming gem_l pennation angle in radians: 0
Assuming peri_l pennation angle in radians: 0.174533
Assuming rect_fem_l pennation angle in radians: 0.0872665
Assuming vas_med_l pennation angle in radians: 0.0872665
Assuming vas_int_l pennation angle in radians: 0.0523599
Assuming vas_lat_l pennation angle in radians: 0.0872665
Assuming med_gas_l pennation angle in radians: 0.296706
Assuming lat_gas_l pennation angle in radians: 0.139626
Assuming soleus_l pennation angle in radians: 0.436332
Assuming tib_post_l pennation angle in radians: 0.20944
Assuming flex_dig_l pennation angle in radians: 0.122173
Assuming flex_hal_l pennation angle in radians: 0.174533
Assuming tib_ant_l pennation angle in radians: 0.0872665
Assuming per_brev_l pennation angle in radians: 0.0872665
Assuming per_long_l pennation angle in radians: 0.174533
Assuming per_tert_l pennation angle in radians: 0.226893
Assuming ext_dig_l pennation angle in radians: 0.139626
Assuming ext_hal_l pennation angle in radians: 0.10472
Assuming ercspn_r pennation angle in radians: 0
Assuming ercspn_l pennation angle in radians: 0
Assuming intobl_r pennation angle in radians: 0
Assuming intobl_l pennation angle in radians: 0
Assuming extobl_r pennation angle in radians: 0
Assuming extobl_l pennation angle in radians: 0
Found OpenSim model associated to the subject: c:\opensim_tutorial\tutorials\Cerebral_Palsy_Project\Simulations\PC006\PC006_v3.osim

EMG: Reading emg file...c:/opensim_tutorial/tutorials/Cerebral_Palsy_Project/Simulations/PC006/trial2_l1/ceinms/./../processed_emg_signals.mot
Muscle excitations to muscle mapping:
glut_med1_r -> glut_med1_r
glut_med2_r -> glut_med2_r
glut_med3_r -> glut_med3_r
glut_min1_r -> glut_min1_r
glut_min2_r -> glut_min2_r
glut_min3_r -> glut_min3_r
semimem_r -> semimem_r
semiten_r -> semiten_r
bifemlh_r -> bifemlh_r
bifemsh_r -> bifemsh_r
sar_r -> sar_r
add_long_r -> add_long_r
add_brev_r -> add_brev_r
add_mag1_r -> add_mag1_r
add_mag2_r -> add_mag2_r
add_mag3_r -> add_mag3_r
tfl_r -> tfl_r
pect_r -> pect_r
grac_r -> grac_r
glut_max1_r -> glut_max1_r
glut_max2_r -> glut_max2_r
glut_max3_r -> glut_max3_r
iliacus_r -> iliacus_r
psoas_r -> psoas_r
quad_fem_r -> quad_fem_r
gem_r -> gem_r
peri_r -> peri_r
rect_fem_r -> rect_fem_r
vas_med_r -> vas_med_r
vas_int_r -> vas_int_r
vas_lat_r -> vas_lat_r
med_gas_r -> med_gas_r
lat_gas_r -> lat_gas_r
soleus_r -> soleus_r
tib_post_r -> tib_post_r
flex_dig_r -> flex_dig_r
flex_hal_r -> flex_hal_r
tib_ant_r -> tib_ant_r
per_brev_r -> per_brev_r
per_long_r -> per_long_r
per_tert_r -> per_tert_r
ext_dig_r -> ext_dig_r
ext_hal_r -> ext_hal_r
glut_med1_l -> glut_med1_l
glut_med2_l -> glut_med2_l
glut_med3_l -> glut_med3_l
glut_min1_l -> glut_min1_l
glut_min2_l -> glut_min2_l
glut_min3_l -> glut_min3_l
semimem_l -> semimem_l
semiten_l -> semiten_l
bifemlh_l -> bifemlh_l
bifemsh_l -> bifemsh_l
sar_l -> sar_l
add_long_l -> add_long_l
add_brev_l -> add_brev_l
add_mag1_l -> add_mag1_l
add_mag2_l -> add_mag2_l
add_mag3_l -> add_mag3_l
tfl_l -> tfl_l
pect_l -> pect_l
grac_l -> grac_l
glut_max1_l -> glut_max1_l
glut_max2_l -> glut_max2_l
glut_max3_l -> glut_max3_l
iliacus_l -> iliacus_l
psoas_l -> psoas_l
quad_fem_l -> quad_fem_l
gem_l -> gem_l
peri_l -> peri_l
rect_fem_l -> rect_fem_l
vas_med_l -> vas_med_l
vas_int_l -> vas_int_l
vas_lat_l -> vas_lat_l
med_gas_l -> med_gas_l
lat_gas_l -> lat_gas_l
soleus_l -> soleus_l
tib_post_l -> tib_post_l
flex_dig_l -> flex_dig_l
flex_hal_l -> flex_hal_l
tib_ant_l -> tib_ant_l
per_brev_l -> per_brev_l
per_long_l -> per_long_l
per_tert_l -> per_tert_l
ext_dig_l -> ext_dig_l
ext_hal_l -> ext_hal_l
ercspn_r -> ercspn_r
ercspn_l -> ercspn_l
intobl_r -> intobl_r
intobl_l -> intobl_l
extobl_r -> extobl_r
extobl_l -> extobl_l
Using c:/opensim_tutorial/tutorials/Cerebral_Palsy_Project/Simulations/PC006/trial2_l1/ceinms/./execution/ as output directory
Joint moments
hip_flexion_l -> Tracking
knee_angle_l -> Tracking
ankle_angle_l -> Tracking
Muscle excitations
glut_med1_r ->  Unchanged
glut_med2_r ->  Unchanged
glut_med3_r ->  Unchanged
glut_min1_r ->  Unchanged
glut_min2_r ->  Unchanged
glut_min3_r ->  Unchanged
semimem_r ->  Unchanged
semiten_r ->  Unchanged
bifemlh_r ->  Unchanged
bifemsh_r ->  Unchanged
sar_r ->  Unchanged
add_long_r ->  Unchanged
add_brev_r ->  Unchanged
add_mag1_r ->  Unchanged
add_mag2_r ->  Unchanged
add_mag3_r ->  Unchanged
tfl_r ->  Unchanged
pect_r ->  Unchanged
grac_r ->  Unchanged
glut_max1_r ->  Unchanged
glut_max2_r ->  Unchanged
glut_max3_r ->  Unchanged
iliacus_r ->  Unchanged
psoas_r ->  Unchanged
quad_fem_r ->  Unchanged
gem_r ->  Unchanged
peri_r ->  Unchanged
rect_fem_r ->  Unchanged
vas_med_r ->  Unchanged
vas_int_r ->  Unchanged
vas_lat_r ->  Unchanged
med_gas_r ->  Unchanged
lat_gas_r ->  Unchanged
soleus_r ->  Unchanged
tib_post_r ->  Unchanged
flex_dig_r ->  Unchanged
flex_hal_r ->  Unchanged
tib_ant_r ->  Unchanged
per_brev_r ->  Unchanged
per_long_r ->  Unchanged
per_tert_r ->  Unchanged
ext_dig_r ->  Unchanged
ext_hal_r ->  Unchanged
glut_med1_l ->  Adjusting
glut_med2_l ->  Adjusting
glut_med3_l ->  Adjusting
glut_min1_l ->  Adjusting
glut_min2_l ->  Adjusting
glut_min3_l ->  Adjusting
semimem_l ->  Adjusting
semiten_l ->  Adjusting
bifemlh_l ->  Adjusting
bifemsh_l ->  Adjusting
sar_l ->  Synthetising
add_long_l ->  Adjusting
add_brev_l ->  Adjusting
add_mag1_l ->  Synthetising
add_mag2_l ->  Synthetising
add_mag3_l ->  Synthetising
tfl_l ->  Synthetising
pect_l ->  Synthetising
grac_l ->  Adjusting
glut_max1_l ->  Adjusting
glut_max2_l ->  Adjusting
glut_max3_l ->  Adjusting
iliacus_l ->  Synthetising
psoas_l ->  Synthetising
quad_fem_l ->  Synthetising
gem_l ->  Synthetising
peri_l ->  Synthetising
rect_fem_l ->  Adjusting
vas_med_l ->  Adjusting
vas_int_l ->  Adjusting
vas_lat_l ->  Adjusting
med_gas_l ->  Adjusting
lat_gas_l ->  Adjusting
soleus_l ->  Adjusting
tib_post_l ->  Synthetising
flex_dig_l ->  Synthetising
flex_hal_l ->  Synthetising
tib_ant_l ->  Adjusting
per_brev_l ->  Synthetising
per_long_l ->  Synthetising
per_tert_l ->  Synthetising
ext_dig_l ->  Adjusting
ext_hal_l ->  Adjusting
ercspn_r ->  Unchanged
ercspn_l ->  Synthetising
intobl_r ->  Unchanged
intobl_l ->  Synthetising
extobl_r ->  Unchanged
extobl_l ->  Synthetising
Using alpha = 1, beta = 5, gamma = 10
Using c:/opensim_tutorial\tutorials\Cerebral_Palsy_Project\Simulations\PC006\trial2_l1\ceinms\execution as output directory
starting consume

externalTorque DONE

EMG: EMG DONE


EmgTime: 2.275
Adjusted EMG
0	0	0	0	0	0	0	0	0	0	0	0	0	0	0	0	0	0	0	0	0	0	0	0	0	0	0	0	0	0	0	0	0	0	0	0	0	0	0	0	0	0	0	0.327568	0.325594	0.325594	0.327162	0.325594	0.325594	0.523393	0.5239	0.001	0.001	0.001	0.478599	0.477045	0.001	0.001	0.001	0.001	0.000997281	0.298362	0.325594	0.325594	0.325594	0.0646522	0.04119	0.001	0.001	0.001	0.914523	0.577295	0.826201	0.631818	0.528619	0.528619	0.470258	0.001	0.001	0.001	0.610387	0.001	0.001	0.00120799	0.616827	0.605258	0	0.001	0	0.001	0	0.001	
LmtTime: 2.27
Lmt
0.0862689	0.099218	0.0877727	0.0593388	0.0616769	0.0672955	0.324601	0.355601	0.330657	0.184978	0.455538	0.184926	0.114861	0.100573	0.165819	0.285416	0.439338	0.0875848	0.352559	0.156789	0.167535	0.190983	0.163842	0.204611	0.0653412	0.0579361	0.109562	0.365995	0.165527	0.174761	0.188573	0.326797	0.323735	0.226796	0.256936	0.33948	0.333768	0.210005	0.158719	0.299241	0.128334	0.323544	0.301323	0.0892834	0.110411	0.104069	0.0566123	0.063008	0.0729902	0.344902	0.378474	0.355295	0.184048	0.437671	0.153603	0.0979199	0.093285	0.165875	0.301412	0.422664	0.0685907	0.345527	0.182012	0.19657	0.219758	0.143187	0.184618	0.0711706	0.0634023	0.118528	0.349302	0.167133	0.176317	0.190225	0.327916	0.324804	0.22732	0.259448	0.341259	0.335079	0.214773	0.160096	0.301688	0.130961	0.328459	0.305984	0.106063	0.0990763	0.199485	0.164505	0.246716	0.227447	
MomentArms on: hip_flexion_l
-0.00957419	0.0131441	0.0231866	0.0259803	-0.0266094	0.0295598	0.0106572	0.0303395	0.0386359	0.0537333	0.0597394	
MomentArms on: knee_angle_l
-0.0212902	-0.0222928	-0.0245552	-0.0153856	-0.0151217	-0.00938417	-0.0266304	-0.0321174	0.0321481	0.0301536	0.0295711	0.0293385	
MomentArms on: ankle_angle_l
0.0262826	0.0289062	0.0169791	0.0305454	-0.0102659	-0.0131634	-0.0388331	-0.0382626	-0.00567542	-0.00761211	-0.0351374	-0.0107982	
External Torques: -3.56142 13.0959 -17.4483 
Current Torque on hip_flexion_l -3.57631
Current Torque on knee_angle_l 10.2793
Current Torque on ankle_angle_l -17.5057

----------------------------------------


EmgTime: 2.285
Adjusted EMG
0	0	0	0	0	0	0	0	0	0	0	0	0	0	0	0	0	0	0	0	0	0	0	0	0	0	0	0	0	0	0	0	0	0	0	0	0	0	0	0	0	0	0	0.001	0.324306	0.324306	0.001	0.324306	0.324306	0.522983	0.523684	0.001	0.001	0.001	0.378852	0.543326	0.001	0.001	0.001	0.001	0.000997281	0.304014	0.324306	0.324306	0.324306	0.001	0.001	0.001	0.001	0.001	0.619077	0.416096	0.554995	0.599095	0.527382	0.527388	0.719834	0.001	0.0491112	0.0205722	0.560358	0.0917449	0.001	0.001	0.542231	0.595781	0	0.001	0	0.001	0	0.001	
LmtTime: 2.28
Lmt
0.0861936	0.0984204	0.0864479	0.0592383	0.0612531	0.0665523	0.324741	0.355821	0.330734	0.18494	0.455068	0.185689	0.115632	0.101341	0.166563	0.285934	0.43875	0.0879977	0.352925	0.155674	0.166605	0.190817	0.16394	0.20467	0.064731	0.0572418	0.10852	0.365799	0.165582	0.174816	0.18863	0.325757	0.322679	0.225875	0.256654	0.339212	0.333424	0.210818	0.158572	0.299041	0.128783	0.324248	0.302099	0.090087	0.110893	0.104222	0.0573716	0.0636321	0.0734269	0.344726	0.378198	0.354921	0.184388	0.438455	0.153487	0.0975312	0.0925566	0.165163	0.300757	0.423445	0.0685739	0.3453	0.18194	0.196124	0.218704	0.143615	0.185041	0.0703585	0.0631069	0.118589	0.349238	0.166653	0.175831	0.189732	0.327985	0.324874	0.227159	0.259398	0.341212	0.335019	0.214909	0.16007	0.301654	0.131038	0.328576	0.306112	0.106456	0.0988447	0.200065	0.163562	0.246997	0.226716	
MomentArms on: hip_flexion_l
-0.00914955	0.0136663	0.0223563	0.025338	-0.0262013	0.0302128	0.0109332	0.0309567	0.0388468	0.0537885	0.0594899	
MomentArms on: knee_angle_l
-0.0213907	-0.0223325	-0.024463	-0.0154072	-0.0151074	-0.00927609	-0.0266462	-0.0321444	0.0323332	0.0302694	0.0297401	0.0294743	
MomentArms on: ankle_angle_l
0.0262867	0.0289165	0.0169752	0.0305491	-0.0102489	-0.0131467	-0.0387811	-0.0382098	-0.00566873	-0.00760648	-0.0350822	-0.0107823	
External Torques: -4.75479 12.3575 -18.4029 
Current Torque on hip_flexion_l -2.50669
Current Torque on knee_angle_l 6.25078
Current Torque on ankle_angle_l -17.5452

----------------------------------------


EmgTime: 2.295
Adjusted EMG
0	0	0	0	0	0	0	0	0	0	0	0	0	0	0	0	0	0	0	0	0	0	0	0	0	0	0	0	0	0	0	0	0	0	0	0	0	0	0	0	0	0	0	0.001	0.323048	0.323048	0.001	0.323048	0.323048	0.52259	0.523133	0.001	0.001	0.001	0.274743	0.592412	0.001	0.001	0.001	0.001	0.000997281	0.463288	0.323048	0.323048	0.323048	0.001	0.001	0.001	0.001	0.001	0.451166	0.377685	0.391106	0.515056	0.526089	0.526089	0.785716	0.001	0.0604492	0.0291965	0.553642	0.111259	0.001	0.001	0.555657	0.595478	0	0.001	0	0.001	0	0.001	
LmtTime: 2.29
Lmt
0.0861722	0.0976884	0.0851978	0.0591744	0.0608741	0.0658555	0.324895	0.356053	0.330829	0.184897	0.45459	0.18638	0.116334	0.102041	0.167266	0.286452	0.438187	0.088361	0.353262	0.154674	0.165776	0.190693	0.164015	0.204709	0.0641168	0.0565606	0.107515	0.365604	0.165644	0.17488	0.188695	0.324742	0.321648	0.224978	0.25638	0.338952	0.333089	0.211592	0.158429	0.29885	0.129213	0.324918	0.302835	0.0908499	0.111332	0.104337	0.0581006	0.0642248	0.0738322	0.344554	0.377935	0.354552	0.184734	0.43923	0.153423	0.097184	0.0918634	0.164478	0.30011	0.424212	0.0685898	0.345111	0.181828	0.195653	0.217652	0.144051	0.185471	0.0695601	0.0628071	0.118626	0.349165	0.166161	0.175333	0.189227	0.328065	0.324954	0.227001	0.25935	0.341166	0.33496	0.215042	0.160045	0.30162	0.131112	0.328691	0.306238	0.106825	0.0986402	0.200607	0.162665	0.247246	0.226025	
MomentArms on: hip_flexion_l
-0.00870277	0.0142113	0.0215037	0.0246814	-0.0257442	0.0308132	0.0112175	0.0315136	0.0390378	0.0537972	0.0591817	
MomentArms on: knee_angle_l
-0.0215033	-0.0223723	-0.0243526	-0.0154262	-0.0150854	-0.00914996	-0.0266595	-0.0321697	0.0325381	0.030399	0.0299304	0.0296273	
MomentArms on: ankle_angle_l
0.0262896	0.0289238	0.0169724	0.0305515	-0.0102369	-0.0131349	-0.0387448	-0.0381716	-0.00566402	-0.00760251	-0.0350432	-0.0107711	
External Torques: -6.35052 11.1463 -19.047 
Current Torque on hip_flexion_l -1.2425
Current Torque on knee_angle_l 5.41072
Current Torque on ankle_angle_l -17.3572

----------------------------------------


EmgTime: 2.305
Adjusted EMG
0	0	0	0	0	0	0	0	0	0	0	0	0	0	0	0	0	0	0	0	0	0	0	0	0	0	0	0	0	0	0	0	0	0	0	0	0	0	0	0	0	0	0	0.001	0.321819	0.321819	0.001	0.321819	0.321819	0.522213	0.522619	0.406821	0.001	0.001	0.21634	0.654522	0.001	0.001	0.001	0.001	0.000997281	0.523287	0.321819	0.321819	0.321819	0.001	0.001	0.001	0.001	0.001	0.364524	0.425657	0.418196	0.498781	0.524723	0.524723	0.795045	0.001	0.0639887	0.0327032	0.538193	0.117501	0.001	0.001	0.542269	0.59169	0	0.001	0	0.001	0	0.001	
LmtTime: 2.3
Lmt
0.0862127	0.0970719	0.0840976	0.0591522	0.0605638	0.0652479	0.325063	0.356293	0.33095	0.184845	0.454112	0.186945	0.116926	0.102636	0.16789	0.286956	0.43767	0.0886478	0.353535	0.153855	0.165108	0.19064	0.164046	0.204708	0.0635242	0.0559247	0.106604	0.365413	0.165721	0.174957	0.188773	0.323799	0.320688	0.224149	0.256127	0.33871	0.332782	0.212291	0.158298	0.298674	0.129603	0.325523	0.303499	0.0915437	0.111703	0.104393	0.0587777	0.0647647	0.0741867	0.34439	0.37769	0.35419	0.185091	0.439995	0.153455	0.0969155	0.0912387	0.163843	0.299475	0.424955	0.068664	0.34499	0.181656	0.195145	0.216613	0.144501	0.185913	0.0687954	0.0625065	0.118628	0.349078	0.165649	0.174816	0.188702	0.328163	0.325054	0.22685	0.259304	0.341122	0.334904	0.215169	0.160021	0.301588	0.131183	0.3288	0.306357	0.107153	0.0984894	0.201083	0.161858	0.247444	0.225415	
MomentArms on: hip_flexion_l
-0.00824443	0.0147673	0.0206547	0.0240308	-0.0252458	0.0313426	0.0115048	0.0319925	0.0392002	0.0537516	0.0588185	
MomentArms on: knee_angle_l
-0.0216253	-0.0224097	-0.0242239	-0.0154402	-0.0150543	-0.00900679	-0.0266684	-0.0321909	0.032758	0.0305395	0.030138	0.0297941	
MomentArms on: ankle_angle_l
0.0262911	0.0289276	0.0169709	0.0305528	-0.0102307	-0.0131288	-0.0387263	-0.03815	-0.00566156	-0.00760044	-0.0350229	-0.0107652	
External Torques: -8.06129 9.59807 -19.3612 
Current Torque on hip_flexion_l -0.980967
Current Torque on knee_angle_l 5.33477
Current Torque on ankle_angle_l -17.3564

----------------------------------------


EmgTime: 2.315
Adjusted EMG
0	0	0	0	0	0	0	0	0	0	0	0	0	0	0	0	0	0	0	0	0	0	0	0	0	0	0	0	0	0	0	0	0	0	0	0	0	0	0	0	0	0	0	0.001	0.320619	0.320619	0.001	0.320619	0.320619	0.521853	0.522249	0.449795	0.001	0.001	0.160538	0.689488	0.001	0.001	0.001	0.001	0.000997281	0.528683	0.320619	0.320619	0.320619	0.001	0.001	0.001	0.001	0.001	0.269365	0.43913	0.425759	0.500041	0.523288	0.523288	0.775153	0.001	0.0540726	0.0291067	0.531039	0.101409	0.001	0.001	0.538889	0.587852	0	0.001	0	0.001	0	0.001	
LmtTime: 2.31
Lmt
0.0863172	0.0966107	0.0832102	0.0591733	0.0603399	0.064765	0.325247	0.356536	0.331102	0.184779	0.453644	0.187341	0.117378	0.103096	0.168406	0.287436	0.437215	0.0888385	0.353718	0.153266	0.164646	0.190678	0.164015	0.204651	0.0629771	0.0553623	0.105836	0.365233	0.165817	0.175054	0.188872	0.322965	0.31984	0.223427	0.255907	0.3385	0.332515	0.212889	0.158184	0.298523	0.129938	0.326039	0.304064	0.0921457	0.111986	0.10437	0.0593858	0.0652348	0.0744744	0.344233	0.377469	0.353837	0.185464	0.440752	0.153619	0.0967578	0.090712	0.163276	0.298856	0.425663	0.0688183	0.344959	0.181407	0.194589	0.215596	0.144968	0.186369	0.0680815	0.0622079	0.118587	0.348975	0.165112	0.174274	0.18815	0.328287	0.325178	0.22671	0.259261	0.341081	0.334852	0.215287	0.159998	0.301558	0.131249	0.328901	0.306468	0.107424	0.0984142	0.20147	0.16118	0.247572	0.224924	
MomentArms on: hip_flexion_l
-0.00778519	0.0153231	0.0198338	0.0234049	-0.0247168	0.031792	0.0117914	0.0323856	0.0393281	0.0536477	0.0584082	
MomentArms on: knee_angle_l
-0.021753	-0.0224421	-0.0240777	-0.0154475	-0.0150132	-0.00884859	-0.026671	-0.0322055	0.0329875	0.0306871	0.0303581	0.0299706	
MomentArms on: ankle_angle_l
0.0262911	0.0289277	0.0169709	0.0305528	-0.0102305	-0.0131286	-0.0387268	-0.0381462	-0.00566151	-0.00760039	-0.0350224	-0.0107651	
External Torques: -9.62336 7.85197 -19.3696 
Current Torque on hip_flexion_l -1.10877
Current Torque on knee_angle_l 3.76733
Current Torque on ankle_angle_l -17.6048

----------------------------------------


EmgTime: 2.325
Adjusted EMG
0	0	0	0	0	0	0	0	0	0	0	0	0	0	0	0	0	0	0	0	0	0	0	0	0	0	0	0	0	0	0	0	0	0	0	0	0	0	0	0	0	0	0	0.001	0.319448	0.319448	0.001	0.319448	0.319448	0.521501	0.522071	0.441385	0.001	0.001	0.111575	0.70847	0.001	0.001	0.001	0.001	0.000997281	0.502168	0.319448	0.319448	0.319448	0.001	0.001	0.001	0.001	0.001	0.239346	0.447401	0.42295	0.517861	0.521784	0.521786	0.733424	0.001	0.0414882	0.0223153	0.535924	0.0799539	0.001	0.001	0.545359	0.584161	0	0.001	0	0.001	0	0.001	
LmtTime: 2.32
Lmt
0.0864828	0.0963315	0.08258	0.0592357	0.0602123	0.0644315	0.325447	0.356781	0.33129	0.184696	0.453192	0.187539	0.11767	0.103405	0.168796	0.287882	0.436833	0.0889209	0.353789	0.152936	0.164417	0.190822	0.163909	0.204525	0.0624954	0.0548956	0.105248	0.365065	0.165936	0.175174	0.188994	0.322271	0.319134	0.222844	0.255729	0.338331	0.3323	0.213364	0.158093	0.298402	0.130204	0.32645	0.304513	0.0926404	0.112165	0.104258	0.0599131	0.0656227	0.0746838	0.344083	0.377272	0.353491	0.185852	0.441499	0.15394	0.0967363	0.0903073	0.162794	0.298257	0.426329	0.0690687	0.345031	0.181067	0.193975	0.214607	0.145455	0.186843	0.0674302	0.0619127	0.118495	0.348855	0.164549	0.173706	0.187571	0.32844	0.325333	0.226582	0.259221	0.341043	0.334804	0.215394	0.159978	0.301531	0.131309	0.328993	0.306569	0.107629	0.0984309	0.201748	0.160661	0.247621	0.22458	
MomentArms on: hip_flexion_l
-0.0073349	0.0158692	0.0190618	0.0228189	-0.0241696	0.0321611	0.0120753	0.0326941	0.0394178	0.0534852	0.0579614	
MomentArms on: knee_angle_l
-0.0218825	-0.0224672	-0.0239162	-0.0154468	-0.0149617	-0.00867821	-0.026666	-0.0322117	0.0332208	0.0308378	0.0305847	0.0301524	
MomentArms on: ankle_angle_l
0.0262897	0.028924	0.0169723	0.0305516	-0.0102366	-0.0131346	-0.0387465	-0.0381604	-0.00566388	-0.0076024	-0.0350421	-0.0107708	
External Torques: -10.8385 6.02813 -19.1343 
Current Torque on hip_flexion_l -1.6736
Current Torque on knee_angle_l 0.341757
Current Torque on ankle_angle_l -17.8138

----------------------------------------


EmgTime: 2.335
Adjusted EMG
0	0	0	0	0	0	0	0	0	0	0	0	0	0	0	0	0	0	0	0	0	0	0	0	0	0	0	0	0	0	0	0	0	0	0	0	0	0	0	0	0	0	0	0.001	0.318306	0.318306	0.001	0.318306	0.318306	0.521176	0.522016	0.423253	0.001	0.001	0.0699491	0.710977	0.001	0.001	0.001	0.001	0.000997281	0.464686	0.318306	0.318306	0.318306	0.001	0.001	0.001	0.001	0.001	0.349628	0.461495	0.423755	0.543076	0.520216	0.520219	0.695709	0.001	0.0321603	0.0166717	0.543951	0.0639162	0.001	0.001	0.55184	0.580389	0	0.001	0	0.001	0	0.001	
LmtTime: 2.33
Lmt
0.0867027	0.0962462	0.0822306	0.0593342	0.0601836	0.0642596	0.325662	0.357025	0.331515	0.184596	0.45276	0.187519	0.117793	0.103556	0.169048	0.288289	0.436527	0.0888887	0.353734	0.152874	0.16443	0.191077	0.163718	0.204322	0.0620928	0.0545384	0.104862	0.364912	0.166081	0.175321	0.189144	0.321736	0.318589	0.22242	0.255599	0.338207	0.332144	0.213706	0.158026	0.298314	0.130397	0.326746	0.304836	0.09302	0.112232	0.104047	0.0603536	0.0659217	0.0748081	0.343967	0.377098	0.35315	0.186255	0.442233	0.154437	0.0968672	0.0900412	0.162409	0.297681	0.426946	0.0694244	0.345214	0.180627	0.193299	0.213651	0.145964	0.187335	0.0668484	0.0616209	0.118348	0.348723	0.163962	0.173114	0.186966	0.328624	0.325519	0.226469	0.259187	0.34101	0.334762	0.215488	0.15996	0.301507	0.131362	0.329074	0.306657	0.107763	0.098548	0.201903	0.160321	0.247584	0.224401	
MomentArms on: hip_flexion_l
-0.00690169	0.0163987	0.0183534	0.022283	-0.0236173	0.032456	0.0123563	0.0329257	0.0394686	0.0532673	0.0574897	
MomentArms on: knee_angle_l
-0.0220102	-0.0224835	-0.0237425	-0.0154377	-0.0149007	-0.00849922	-0.0266527	-0.0322083	0.0334522	0.0309876	0.0308122	0.0303347	
MomentArms on: ankle_angle_l
0.0262868	0.0289167	0.0169751	0.0305491	-0.0102486	-0.0131464	-0.0387848	-0.0381923	-0.00566864	-0.0076064	-0.0350814	-0.0107821	
External Torques: -11.5997 4.22841 -18.7389 
Current Torque on hip_flexion_l -2.51102
Current Torque on knee_angle_l -4.0842
Current Torque on ankle_angle_l -17.7718

----------------------------------------


EmgTime: 2.345
Adjusted EMG
0	0	0	0	0	0	0	0	0	0	0	0	0	0	0	0	0	0	0	0	0	0	0	0	0	0	0	0	0	0	0	0	0	0	0	0	0	0	0	0	0	0	0	0.001	0.317192	0.317192	0.001	0.317192	0.317192	0.520884	0.521986	0.406735	0.001	0.001	0.0259873	0.704826	0.001	0.001	0.001	0.001	0.000997281	0.423726	0.317192	0.317192	0.317192	0.001	0.001	0.001	0.001	0.001	0.488049	0.481645	0.435501	0.564567	0.518589	0.518583	0.67729	0.001	0.028482	0.0142068	0.546265	0.0575794	0.001	0.001	0.552954	0.576462	0	0.001	0	0.001	0	0.001	
LmtTime: 2.34
Lmt
0.0869689	0.0963533	0.082165	0.0594621	0.0602492	0.0642491	0.325893	0.357268	0.331781	0.184476	0.452347	0.187279	0.117746	0.10355	0.169163	0.288659	0.436293	0.0887411	0.35355	0.153076	0.164685	0.191449	0.163437	0.204037	0.0617764	0.0542963	0.104685	0.364772	0.166255	0.175496	0.189321	0.321365	0.318212	0.222159	0.25552	0.338131	0.332048	0.213914	0.157985	0.298261	0.130514	0.326926	0.305032	0.0932835	0.112185	0.103733	0.0607066	0.0661301	0.0748448	0.343819	0.376942	0.352813	0.186667	0.442948	0.155113	0.0971567	0.0899228	0.162127	0.297132	0.42751	0.0698871	0.345506	0.180086	0.192558	0.212731	0.146494	0.187847	0.0663381	0.0613317	0.118141	0.348581	0.163356	0.172505	0.186341	0.328839	0.325736	0.226373	0.259158	0.340982	0.334727	0.215567	0.159944	0.301486	0.131406	0.329142	0.306732	0.107827	0.0987654	0.201928	0.160169	0.24746	0.224394	
MomentArms on: hip_flexion_l
-0.00649123	0.0169074	0.0177166	0.0218014	-0.0230719	0.0326868	0.0126359	0.0330915	0.0394818	0.0529995	0.0570039	
MomentArms on: knee_angle_l
-0.0221328	-0.0224902	-0.0235609	-0.0153354	-0.0150711	-0.00831553	-0.0266312	-0.0321953	0.0336769	0.031133	0.0310352	0.0305131	
MomentArms on: ankle_angle_l
0.0262825	0.0289058	0.0169793	0.0305453	-0.0102664	-0.0131639	-0.0388363	-0.0382069	-0.00567563	-0.00761229	-0.0351392	-0.0107987	
External Torques: -11.8992 2.53755 -18.2724 
Current Torque on hip_flexion_l -3.18559
Current Torque on knee_angle_l -8.42883
Current Torque on ankle_angle_l -17.4679

----------------------------------------


EmgTime: 2.355
Adjusted EMG
0	0	0	0	0	0	0	0	0	0	0	0	0	0	0	0	0	0	0	0	0	0	0	0	0	0	0	0	0	0	0	0	0	0	0	0	0	0	0	0	0	0	0	0.001	0.316109	0.316109	0.001	0.316109	0.316109	0.520585	0.521936	0.383	0.001	0.001	0.001	0.696611	0.001	0.001	0.001	0.001	0.000997281	0.377835	0.316109	0.316109	0.316109	0.001	0.001	0.001	0.001	0.001	0.578561	0.504163	0.455185	0.580147	0.516878	0.516878	0.668163	0.001	0.0274001	0.0126074	0.545058	0.0555631	0.001	0.001	0.551173	0.572447	0	0.001	0	0.001	0	0.001	
LmtTime: 2.35
Lmt
0.0872733	0.0966403	0.0823683	0.059612	0.0603994	0.0643892	0.326142	0.357513	0.33209	0.184335	0.451947	0.186822	0.117537	0.103398	0.16915	0.288998	0.436119	0.0884814	0.353239	0.153526	0.165167	0.191935	0.163065	0.203669	0.0615463	0.0541665	0.104707	0.364643	0.166457	0.1757	0.189529	0.321152	0.317995	0.222058	0.255489	0.338101	0.332011	0.213995	0.15797	0.29824	0.13056	0.326995	0.305107	0.0934359	0.112028	0.10332	0.0609751	0.0662502	0.0747958	0.343671	0.376801	0.352477	0.187082	0.443637	0.155961	0.0976008	0.0899531	0.161954	0.296615	0.428019	0.0704505	0.345902	0.179446	0.191753	0.21185	0.147045	0.188376	0.0658975	0.0610439	0.117876	0.348435	0.162741	0.171887	0.185706	0.329082	0.325981	0.226297	0.259134	0.34096	0.334698	0.215631	0.159932	0.30147	0.131442	0.329196	0.306791	0.107824	0.0990743	0.201819	0.160206	0.247254	0.224555	
MomentArms on: hip_flexion_l
-0.00610648	0.0173939	0.0171519	0.0213728	-0.0225426	0.0328644	0.0129167	0.0332033	0.0394603	0.0526883	0.0565125	
MomentArms on: knee_angle_l
-0.0222482	-0.0224873	-0.0233759	-0.0154813	-0.0152214	-0.008131	-0.0266022	-0.0321734	0.0338912	0.031271	0.0312493	0.0306842	
MomentArms on: ankle_angle_l
0.0262768	0.0288917	0.0169845	0.0305403	-0.0102894	-0.0131865	-0.0389248	-0.0382927	-0.00568467	-0.00761989	-0.035214	-0.0108203	
External Torques: -11.8082 1.0222 -17.8158 
Current Torque on hip_flexion_l -3.46986
Current Torque on knee_angle_l -12.2091
Current Torque on ankle_angle_l -17.0803

----------------------------------------


EmgTime: 2.365
Adjusted EMG
0	0	0	0	0	0	0	0	0	0	0	0	0	0	0	0	0	0	0	0	0	0	0	0	0	0	0	0	0	0	0	0	0	0	0	0	0	0	0	0	0	0	0	0.001	0.315052	0.315052	0.001	0.315052	0.315052	0.520312	0.521858	0.359544	0.001	0.001	0.001	0.690667	0.001	0.001	0.001	0.001	0.000997281	0.324564	0.315052	0.315052	0.315052	0.001	0.001	0.001	0.001	0.001	0.630581	0.527849	0.477247	0.589484	0.515105	0.515105	0.655619	0.001	0.0259365	0.0112865	0.54387	0.0525297	0.001	0.001	0.549355	0.568398	0	0.001	0	0.001	0	0.001	
LmtTime: 2.36
Lmt
0.0876087	0.0970862	0.0828116	0.0597765	0.0606211	0.0646611	0.326414	0.357768	0.332446	0.184173	0.451548	0.186161	0.117181	0.103117	0.169029	0.289319	0.435989	0.0881155	0.352811	0.154197	0.165858	0.192535	0.162605	0.203219	0.0613967	0.0541395	0.104908	0.364519	0.16669	0.175936	0.189768	0.321078	0.317921	0.222101	0.255502	0.338114	0.332026	0.213961	0.157976	0.298249	0.130541	0.326966	0.305076	0.0934865	0.111768	0.102813	0.061165	0.0662879	0.0746665	0.34352	0.37667	0.352141	0.187492	0.444291	0.156963	0.0981859	0.0901255	0.161886	0.296136	0.428467	0.0711016	0.346389	0.178715	0.190892	0.21101	0.147612	0.188918	0.0655226	0.0607571	0.117556	0.348292	0.16213	0.171273	0.185074	0.329349	0.32625	0.226242	0.259117	0.340944	0.334678	0.215676	0.159923	0.301459	0.131467	0.329236	0.306835	0.107758	0.0994584	0.20158	0.160424	0.246976	0.224872	
MomentArms on: hip_flexion_l
-0.00574767	0.0178588	0.0166532	0.020991	-0.0220354	0.0329987	0.0132014	0.0332716	0.0394076	0.0523406	0.0560209	
MomentArms on: knee_angle_l
-0.0223547	-0.0224756	-0.0231921	-0.0156164	-0.0153607	-0.00794899	-0.026567	-0.0321442	0.0340925	0.0313998	0.0314513	0.0308455	
MomentArms on: ankle_angle_l
0.0262697	0.0288747	0.0169906	0.0305339	-0.0103171	-0.0132136	-0.0390269	-0.0383913	-0.00569552	-0.007629	-0.0353037	-0.0108462	
External Torques: -11.4382 -0.271221 -17.4304 
Current Torque on hip_flexion_l -3.30724
Current Torque on knee_angle_l -15.3129
Current Torque on ankle_angle_l -16.766

----------------------------------------


EmgTime: 2.375
Adjusted EMG
0	0	0	0	0	0	0	0	0	0	0	0	0	0	0	0	0	0	0	0	0	0	0	0	0	0	0	0	0	0	0	0	0	0	0	0	0	0	0	0	0	0	0	0.001	0.314026	0.314026	0.001	0.314026	0.314026	0.520058	0.521752	0.336779	0.001	0.001	0.001	0.682731	0.001	0.001	0.001	0.001	0.000997281	0.258465	0.314026	0.314026	0.314026	0.001	0.001	0.001	0.001	0.001	0.666943	0.551774	0.498122	0.595282	0.513271	0.513271	0.638388	0.001	0.0233739	0.00969431	0.543394	0.0474085	0.001	0.001	0.548099	0.564364	0	0.001	0	0.001	0	0.001	
LmtTime: 2.37
Lmt
0.0879685	0.097665	0.083457	0.0599487	0.0608986	0.0650408	0.326713	0.358039	0.332853	0.183989	0.451135	0.185317	0.116695	0.102729	0.168821	0.289637	0.43588	0.0876517	0.352281	0.155061	0.166734	0.193247	0.162059	0.20269	0.0613179	0.0542006	0.105259	0.364394	0.166954	0.176203	0.190039	0.321119	0.317963	0.222264	0.255552	0.338161	0.332086	0.213831	0.158002	0.298282	0.130467	0.326854	0.304953	0.0934473	0.111418	0.102225	0.0612837	0.0662514	0.0744651	0.343365	0.376545	0.351805	0.187888	0.444902	0.15809	0.0988905	0.0904268	0.161921	0.295701	0.428855	0.0718216	0.346951	0.177908	0.189988	0.210217	0.148189	0.189469	0.065208	0.0604718	0.117187	0.348159	0.161535	0.170676	0.184458	0.329634	0.326538	0.226209	0.259107	0.340934	0.334665	0.215704	0.159918	0.301452	0.131483	0.329259	0.30686	0.107634	0.0998947	0.201218	0.160812	0.246639	0.225325	
MomentArms on: hip_flexion_l
-0.00541262	0.0183042	0.0162098	0.0206468	-0.0215526	0.0330979	0.0134922	0.0333049	0.0393279	0.0519627	0.0555316	
MomentArms on: knee_angle_l
-0.0224523	-0.0224563	-0.0230129	-0.0157403	-0.0154889	-0.00777195	-0.0265272	-0.0321094	0.0342796	0.0315185	0.0316395	0.0309957	
MomentArms on: ankle_angle_l
0.0262614	0.0288551	0.0169974	0.0305264	-0.0103488	-0.0132447	-0.0391403	-0.0385006	-0.00570793	-0.00763937	-0.0354064	-0.0108759	
External Torques: -10.9094 -1.32085 -17.1568 
Current Torque on hip_flexion_l -2.95448
Current Torque on knee_angle_l -17.7375
Current Torque on ankle_angle_l -16.584

----------------------------------------


EmgTime: 2.385
Adjusted EMG
0	0	0	0	0	0	0	0	0	0	0	0	0	0	0	0	0	0	0	0	0	0	0	0	0	0	0	0	0	0	0	0	0	0	0	0	0	0	0	0	0	0	0	0.0181182	0.313055	0.313055	0.001	0.313055	0.313055	0.519829	0.521623	0.3164	0.001	0.001	0.001	0.675355	0.001	0.001	0.001	0.001	0.000997281	0.178661	0.313055	0.313055	0.313055	0.001	0.001	0.001	0.001	0.001	0.690424	0.575377	0.516044	0.59777	0.511421	0.511421	0.620248	0.001	0.0209441	0.00850326	0.542847	0.0425592	0.001	0.001	0.546712	0.560422	0	0.001	0	0.001	0	0.001	
LmtTime: 2.38
Lmt
0.0883471	0.0983479	0.0842616	0.0601222	0.0612158	0.0655016	0.327046	0.358337	0.333317	0.183782	0.450691	0.184312	0.116101	0.102258	0.168554	0.289971	0.43577	0.0871001	0.351667	0.156086	0.167769	0.194069	0.161432	0.202084	0.0612977	0.054332	0.105725	0.364259	0.16725	0.176502	0.190343	0.321246	0.318093	0.222521	0.25563	0.338236	0.332181	0.213625	0.158042	0.298335	0.130351	0.326675	0.304759	0.0933324	0.110994	0.101572	0.06134	0.0661504	0.0742025	0.343205	0.376424	0.351473	0.188262	0.44546	0.159308	0.0996872	0.0908379	0.162048	0.295315	0.42918	0.0725881	0.347568	0.177045	0.189056	0.209474	0.148769	0.190021	0.0649483	0.0601901	0.116778	0.34804	0.16097	0.17011	0.183873	0.329931	0.326838	0.226199	0.259104	0.340931	0.334662	0.215712	0.159917	0.30145	0.131487	0.329266	0.306868	0.107457	0.100357	0.200744	0.161351	0.24626	0.22589	
MomentArms on: hip_flexion_l
-0.00509729	0.0187331	0.015808	0.0203296	-0.0210926	0.0331682	0.0137899	0.0333097	0.0392251	0.0515599	0.0550446	
MomentArms on: knee_angle_l
-0.0225412	-0.0224304	-0.0228403	-0.0158539	-0.0156065	-0.00760111	-0.0264841	-0.0320708	0.0344528	0.0316271	0.0318138	0.0311346	
MomentArms on: ankle_angle_l
0.026252	0.0288332	0.0170046	0.0305177	-0.0103837	-0.0132789	-0.0392626	-0.0386181	-0.00572159	-0.00765077	-0.0355195	-0.0109087	
External Torques: -10.3284 -2.13082 -17.0184 
Current Torque on hip_flexion_l -2.42204
Current Torque on knee_angle_l -19.4978
Current Torque on ankle_angle_l -16.5302

----------------------------------------


EmgTime: 2.395
Adjusted EMG
0	0	0	0	0	0	0	0	0	0	0	0	0	0	0	0	0	0	0	0	0	0	0	0	0	0	0	0	0	0	0	0	0	0	0	0	0	0	0	0	0	0	0	0.0197999	0.312065	0.312065	0.001	0.312065	0.312065	0.519608	0.52146	0.296259	0.001	0.001	0.001	0.666455	0.001	0.001	0.001	0.001	0.000997281	0.0866625	0.312065	0.312065	0.312065	0.001	0.001	0.001	0.001	0.001	0.707878	0.5963	0.531368	0.597885	0.509415	0.509415	0.607239	0.001	0.0189411	0.0076123	0.541429	0.0385409	0.001	0.001	0.544579	0.556256	0	0.001	0	0.001	0	0.001	
LmtTime: 2.39
Lmt
0.0887384	0.0991055	0.0851815	0.060291	0.0615563	0.0660164	0.327419	0.358673	0.333843	0.183553	0.450197	0.183172	0.115422	0.101733	0.168258	0.290341	0.435635	0.0864719	0.35099	0.157238	0.168936	0.194998	0.160729	0.201406	0.0613241	0.0545151	0.106272	0.364106	0.167577	0.176833	0.190677	0.32143	0.31828	0.222845	0.255729	0.338331	0.3323	0.213364	0.158093	0.298402	0.130204	0.32645	0.304512	0.0931564	0.110512	0.100872	0.0613426	0.0659962	0.0738911	0.343042	0.376306	0.351147	0.188607	0.445959	0.160579	0.100545	0.0913357	0.162255	0.294979	0.429444	0.0733773	0.348219	0.176146	0.188116	0.208787	0.149341	0.190564	0.0647381	0.0599152	0.116341	0.34794	0.160446	0.169586	0.183331	0.330234	0.327144	0.226213	0.259109	0.340935	0.334667	0.2157	0.159919	0.301453	0.131481	0.329256	0.306857	0.107233	0.100817	0.200173	0.162025	0.245857	0.22654	
MomentArms on: hip_flexion_l
-0.00479633	0.0191486	0.0154334	0.0200291	-0.0206509	0.0332143	0.014094	0.0332912	0.0391034	0.0511373	0.0545582	
MomentArms on: knee_angle_l
-0.0226226	-0.0223999	-0.0226747	-0.0159612	-0.0157176	-0.00743752	-0.0264386	-0.0320293	0.0346143	0.0317277	0.0319765	0.0312642	
MomentArms on: ankle_angle_l
0.0262416	0.0288096	0.017012	0.0305078	-0.0104212	-0.0133156	-0.0393913	-0.0387417	-0.00573619	-0.00766291	-0.0356405	-0.0109438	
External Torques: -9.7719 -2.72477 -17.0246 
Current Torque on hip_flexion_l -1.81658
Current Torque on knee_angle_l -20.5926
Current Torque on ankle_angle_l -16.6056

----------------------------------------


EmgTime: 2.405
Adjusted EMG
0	0	0	0	0	0	0	0	0	0	0	0	0	0	0	0	0	0	0	0	0	0	0	0	0	0	0	0	0	0	0	0	0	0	0	0	0	0	0	0	0	0	0	0.0202356	0.311126	0.311126	0.001	0.311126	0.311126	0.519411	0.521267	0.279357	0.001	0.001	0.001	0.656745	0.001	0.001	0.001	0.001	0.000997281	0.001	0.311126	0.311126	0.311126	0.001	0.001	0.001	0.001	0.001	0.714935	0.615038	0.543123	0.595568	0.507388	0.507388	0.594137	0.001	0.0169103	0.00683515	0.539628	0.0344361	0.001	0.001	0.542154	0.552159	0	0.001	0	0.001	0	0.001	
LmtTime: 2.4
Lmt
0.0891364	0.0999096	0.0861748	0.0604495	0.061905	0.06656	0.327837	0.359057	0.334433	0.183302	0.449639	0.181925	0.114683	0.101179	0.16796	0.290761	0.435455	0.0857796	0.350272	0.158484	0.170206	0.196028	0.159957	0.200662	0.0613859	0.0547319	0.106868	0.363927	0.167933	0.177194	0.191042	0.321643	0.318498	0.223209	0.25584	0.338437	0.332434	0.213067	0.15815	0.298478	0.130038	0.326194	0.304233	0.0929339	0.109992	0.100147	0.0613009	0.0658006	0.0735447	0.342875	0.376187	0.35083	0.188917	0.446397	0.161865	0.101434	0.0918945	0.162525	0.294695	0.42965	0.0741661	0.348885	0.175236	0.187187	0.208161	0.149898	0.191092	0.0645724	0.0596513	0.115887	0.347864	0.159973	0.169113	0.182841	0.330537	0.327451	0.226252	0.25912	0.340947	0.334681	0.215668	0.159925	0.301461	0.131463	0.329229	0.306827	0.106966	0.101249	0.199521	0.162812	0.245445	0.227248	
MomentArms on: hip_flexion_l
-0.00450363	0.0195541	0.0150722	0.0197363	-0.0202209	0.0332407	0.0144022	0.0332542	0.0389671	0.0506996	0.0540699	
MomentArms on: knee_angle_l
-0.0226975	-0.0223681	-0.0225154	-0.0160734	-0.0158336	-0.00728376	-0.0263908	-0.0319852	0.0347694	0.0318254	0.0321346	0.0313901	
MomentArms on: ankle_angle_l
0.0262304	0.0287848	0.0170193	0.0304971	-0.0104603	-0.0133539	-0.0395241	-0.038869	-0.0057514	-0.0076755	-0.0357665	-0.0109804	
External Torques: -9.28026 -3.13559 -17.1751 
Current Torque on hip_flexion_l -1.17386
Current Torque on knee_angle_l -21.0212
Current Torque on ankle_angle_l -16.8137

----------------------------------------


EmgTime: 2.415
Adjusted EMG
0	0	0	0	0	0	0	0	0	0	0	0	0	0	0	0	0	0	0	0	0	0	0	0	0	0	0	0	0	0	0	0	0	0	0	0	0	0	0	0	0	0	0	0.028126	0.31022	0.31022	0.001	0.31022	0.31022	0.519236	0.521048	0.266152	0.001	0.001	0.001	0.644586	0.001	0.001	0.001	0.001	0.000997281	0.001	0.31022	0.31022	0.31022	0.001	0.001	0.001	0.001	0.001	0.712607	0.630643	0.551832	0.591553	0.505307	0.505307	0.582515	0.001	0.015301	0.00638852	0.537407	0.0311101	0.001	0.001	0.539415	0.548057	0	0.001	0	0.001	0	0.001	
LmtTime: 2.41
Lmt
0.0895347	0.100735	0.0872041	0.0605932	0.0622486	0.06711	0.328305	0.359498	0.335092	0.183032	0.449003	0.180599	0.113908	0.100624	0.167687	0.291247	0.43521	0.0850366	0.349535	0.15979	0.171552	0.197153	0.159124	0.199858	0.0614741	0.0549663	0.107483	0.363713	0.168315	0.177581	0.191432	0.321863	0.318723	0.223591	0.255957	0.338548	0.332576	0.212754	0.15821	0.298558	0.129862	0.325923	0.303936	0.0926782	0.109452	0.0994174	0.0612236	0.0655753	0.0731771	0.342703	0.376065	0.350522	0.189189	0.446775	0.163132	0.102323	0.092488	0.162841	0.294457	0.429806	0.0749346	0.349559	0.174337	0.186288	0.207595	0.150431	0.191597	0.0644472	0.0594034	0.115431	0.347814	0.159558	0.168698	0.18241	0.330837	0.327754	0.226314	0.259139	0.340965	0.334705	0.215616	0.159935	0.301474	0.131434	0.329184	0.306778	0.106664	0.101632	0.198802	0.163693	0.24504	0.22799	
MomentArms on: hip_flexion_l
-0.00421281	0.0199529	0.0147121	0.0194435	-0.0197948	0.0332523	0.0147108	0.0332045	0.0388207	0.0502518	0.0535769	
MomentArms on: knee_angle_l
-0.0227672	-0.0223351	-0.0223585	-0.0161923	-0.0159563	-0.00713728	-0.0263399	-0.0319376	0.0349204	0.031922	0.0322908	0.0315145	
MomentArms on: ankle_angle_l
0.0262186	0.0287592	0.0170265	0.0304856	-0.0105002	-0.0133929	-0.0396581	-0.0389975	-0.00576686	-0.00768826	-0.0358948	-0.0110177	
External Torques: -8.86412 -3.40151 -17.465 
Current Torque on hip_flexion_l -0.566183
Current Torque on knee_angle_l -20.8833
Current Torque on ankle_angle_l -17.1518

----------------------------------------


EmgTime: 2.425
Adjusted EMG
0	0	0	0	0	0	0	0	0	0	0	0	0	0	0	0	0	0	0	0	0	0	0	0	0	0	0	0	0	0	0	0	0	0	0	0	0	0	0	0	0	0	0	0.0278422	0.309342	0.309342	0.001	0.309342	0.309342	0.519081	0.520806	0.259094	0.001	0.001	0.001	0.629209	0.001	0.001	0.001	0.001	0.000997281	0.001	0.309342	0.309342	0.309342	0.001	0.001	0.001	0.001	0.001	0.699593	0.642678	0.557676	0.585751	0.503162	0.503162	0.572416	0.001	0.0139133	0.00621399	0.534806	0.028214	0.001	0.001	0.536378	0.543934	0	0.001	0	0.001	0	0.001	
LmtTime: 2.42
Lmt
0.0899272	0.101558	0.0882375	0.0607186	0.0625761	0.0676481	0.328826	0.360002	0.335819	0.182747	0.448282	0.179222	0.11312	0.100091	0.167459	0.291808	0.434889	0.084257	0.348801	0.161126	0.172946	0.198363	0.158238	0.199003	0.0615816	0.0552045	0.108094	0.363456	0.168716	0.177988	0.191842	0.322076	0.318939	0.223974	0.256073	0.33866	0.332717	0.212437	0.15827	0.298638	0.129685	0.325649	0.303637	0.092401	0.108908	0.0987024	0.0611189	0.0653314	0.0728016	0.342526	0.375937	0.350223	0.18942	0.4471	0.164352	0.103188	0.0930915	0.163181	0.294259	0.42992	0.075667	0.350196	0.173468	0.185434	0.207088	0.150935	0.192075	0.0643588	0.0591766	0.114984	0.347795	0.159203	0.168344	0.182042	0.331128	0.328049	0.226399	0.259165	0.34099	0.334736	0.215546	0.159949	0.301492	0.131394	0.329124	0.306712	0.106332	0.101949	0.198032	0.164648	0.244651	0.228744	
MomentArms on: hip_flexion_l
-0.00391764	0.020348	0.014342	0.0191443	-0.0193646	0.0332546	0.015015	0.0331484	0.0386693	0.0497996	0.0530765	
MomentArms on: knee_angle_l
-0.022833	-0.0223004	-0.0221988	-0.0163196	-0.0160873	-0.00699496	-0.0262845	-0.0318849	0.0350697	0.0320193	0.0324483	0.0316397	
MomentArms on: ankle_angle_l
0.0262065	0.0287335	0.0170332	0.0304736	-0.0105399	-0.0134317	-0.039791	-0.0391248	-0.00578222	-0.00770089	-0.0360222	-0.0110548	
External Torques: -8.50523 -3.5562 -17.886 
Current Torque on hip_flexion_l -0.0178942
Current Torque on knee_angle_l -20.2568
Current Torque on ankle_angle_l -17.6117

----------------------------------------


EmgTime: 2.435
Adjusted EMG
0	0	0	0	0	0	0	0	0	0	0	0	0	0	0	0	0	0	0	0	0	0	0	0	0	0	0	0	0	0	0	0	0	0	0	0	0	0	0	0	0	0	0	0.031866	0.308498	0.308498	0.001	0.308498	0.308498	0.518947	0.520552	0.261074	0.001	0.001	0.001	0.609897	0.001	0.001	0.001	0.001	0.000997281	0.001	0.308498	0.308498	0.308498	0.001	0.001	0.001	0.001	0.001	0.677532	0.651148	0.560853	0.578481	0.500967	0.500967	0.564054	0.001	0.0128712	0.00577959	0.531808	0.0259951	0.001	0.001	0.533059	0.539811	0	0.001	0	0.001	0	0.001	
LmtTime: 2.43
Lmt
0.0903083	0.102364	0.0892497	0.0608238	0.0628796	0.0681605	0.329402	0.360574	0.336613	0.182453	0.447474	0.177821	0.11234	0.0996019	0.167296	0.292446	0.434483	0.0834548	0.348093	0.162466	0.174362	0.199643	0.157311	0.198105	0.0617034	0.0554358	0.108683	0.363152	0.169128	0.178407	0.192264	0.32227	0.319138	0.224345	0.256187	0.338768	0.332855	0.212127	0.158329	0.298716	0.129511	0.325381	0.303343	0.0921114	0.108374	0.0980188	0.0609941	0.0650786	0.07243	0.34234	0.375797	0.34993	0.189612	0.447381	0.165503	0.104009	0.0936837	0.163529	0.294091	0.430005	0.0763526	0.350795	0.172645	0.184635	0.206636	0.151408	0.192524	0.0643049	0.058976	0.11456	0.34781	0.158908	0.168049	0.181737	0.331409	0.328333	0.226504	0.259198	0.341021	0.334775	0.215458	0.159965	0.301514	0.131345	0.329048	0.306629	0.105981	0.102192	0.197222	0.165659	0.244285	0.229494	
MomentArms on: hip_flexion_l
-0.00361238	0.0207421	0.013952	0.0188325	-0.0189231	0.0332542	0.0153098	0.0330933	0.0385181	0.0493489	0.0525662	
MomentArms on: knee_angle_l
-0.0228957	-0.0222633	-0.022031	-0.0164577	-0.0162293	-0.00685396	-0.0262229	-0.0318248	0.0352194	0.0321192	0.03261	0.0317683	
MomentArms on: ankle_angle_l
0.0261943	0.0287083	0.0170394	0.0304614	-0.0105786	-0.0134694	-0.0399201	-0.0392485	-0.00579714	-0.00771311	-0.0361461	-0.011091	
External Torques: -8.15295 -3.61661 -18.423 
Current Torque on hip_flexion_l 0.44952
Current Torque on knee_angle_l -19.2462
Current Torque on ankle_angle_l -18.1777

----------------------------------------


EmgTime: 2.445
Adjusted EMG
0	0	0	0	0	0	0	0	0	0	0	0	0	0	0	0	0	0	0	0	0	0	0	0	0	0	0	0	0	0	0	0	0	0	0	0	0	0	0	0	0	0	0	0.0363339	0.307684	0.307684	0.001	0.307684	0.307684	0.518836	0.520299	0.272781	0.001	0.001	0.001	0.586054	0.001	0.001	0.001	0.001	0.000997281	0.0256607	0.307684	0.307684	0.307684	0.001	0.001	0.001	0.001	0.001	0.651304	0.656379	0.561802	0.57011	0.498716	0.498716	0.557039	0.001	0.0121164	0.00533841	0.528558	0.0243425	0.001	0.001	0.529527	0.535681	0	0.001	0	0.001	0	0.001	
LmtTime: 2.44
Lmt
0.0906739	0.103137	0.0902218	0.0609082	0.0631542	0.0686377	0.330032	0.361218	0.337469	0.182156	0.44658	0.176421	0.111586	0.0991715	0.167208	0.293162	0.43399	0.0826437	0.347428	0.163786	0.175777	0.20098	0.156353	0.197175	0.0618361	0.0556522	0.109236	0.362793	0.169543	0.178828	0.192687	0.322444	0.319314	0.224697	0.256294	0.33887	0.332985	0.21183	0.158385	0.29879	0.129346	0.325124	0.303062	0.0918155	0.10786	0.0973789	0.0608547	0.0648247	0.0720713	0.342141	0.375638	0.349638	0.189765	0.447631	0.166575	0.104772	0.0942479	0.163869	0.293941	0.430074	0.0769856	0.351347	0.171877	0.183897	0.20623	0.151851	0.192945	0.0642837	0.0588056	0.114168	0.347862	0.158671	0.167812	0.181491	0.331677	0.328605	0.226627	0.259235	0.341056	0.334821	0.215356	0.159985	0.30154	0.131288	0.32896	0.306533	0.10562	0.102359	0.196383	0.166709	0.243945	0.230226	
MomentArms on: hip_flexion_l
-0.00329213	0.0211372	0.0135321	0.0185018	-0.0184641	0.0332572	0.0155901	0.0330464	0.0383721	0.0489057	0.0520434	
MomentArms on: knee_angle_l
-0.0229554	-0.0222231	-0.0218501	-0.0166089	-0.0163846	-0.0067122	-0.026153	-0.0317549	0.0353713	0.0322232	0.0327787	0.0319021	
MomentArms on: ankle_angle_l
0.0261824	0.0286841	0.017045	0.0304494	-0.0106154	-0.0135053	-0.0400433	-0.0393667	-0.00581131	-0.00772467	-0.0362639	-0.0111255	
External Torques: -7.71929 -3.5752 -19.0534 
Current Torque on hip_flexion_l 0.834305
Current Torque on knee_angle_l -17.957
Current Torque on ankle_angle_l -18.8314

----------------------------------------


EmgTime: 2.455
Adjusted EMG
0	0	0	0	0	0	0	0	0	0	0	0	0	0	0	0	0	0	0	0	0	0	0	0	0	0	0	0	0	0	0	0	0	0	0	0	0	0	0	0	0	0	0	0.0471016	0.306898	0.306898	0.001	0.306898	0.306898	0.518747	0.520062	0.293224	0.001	0.001	0.001	0.557835	0.001	0.001	0.001	0.001	0.000997281	0.099557	0.306898	0.306898	0.306898	0.001	0.001	0.001	0.001	0.001	0.629023	0.658897	0.561181	0.561405	0.496404	0.496404	0.550846	0.001	0.0114427	0.00492033	0.525087	0.0228409	0.001	0.001	0.525843	0.531536	0	0.001	0	0.001	0	0.001	
LmtTime: 2.45
Lmt
0.091021	0.10387	0.0911411	0.0609726	0.0633975	0.0690743	0.330717	0.361934	0.338385	0.181864	0.445609	0.175044	0.110873	0.0988117	0.167203	0.293951	0.433412	0.081836	0.346824	0.165068	0.177173	0.202356	0.155374	0.196224	0.0619772	0.0558481	0.109747	0.362377	0.169949	0.179241	0.193101	0.322598	0.319471	0.225026	0.256395	0.338966	0.333107	0.21155	0.158437	0.29886	0.12919	0.324882	0.302796	0.0915167	0.107372	0.0967908	0.0607046	0.064575	0.0717321	0.341925	0.375457	0.349344	0.189885	0.44786	0.167562	0.105471	0.0947732	0.164186	0.293799	0.430137	0.0775652	0.351845	0.171168	0.183221	0.205862	0.152266	0.193341	0.0642945	0.0586688	0.113813	0.347953	0.158486	0.167628	0.181299	0.331932	0.328863	0.226765	0.259278	0.341097	0.334872	0.215241	0.160007	0.30157	0.131223	0.328862	0.306425	0.105259	0.102453	0.195522	0.167784	0.243628	0.230933	
MomentArms on: hip_flexion_l
-0.00295318	0.0215347	0.0130729	0.0181452	-0.0179826	0.033269	0.0158514	0.0330135	0.0382353	0.0484753	0.0515051	
MomentArms on: knee_angle_l
-0.0230119	-0.0221793	-0.0216527	-0.016775	-0.0165552	-0.00656857	-0.0260733	-0.0316729	0.0355263	0.0323322	0.0329561	0.0320426	
MomentArms on: ankle_angle_l
0.0261711	0.0286614	0.0170499	0.0304377	-0.0106496	-0.0135387	-0.0401583	-0.0394771	-0.00582446	-0.00773536	-0.0363732	-0.0111575	
External Torques: -7.12454 -3.42394 -19.7525 
Current Torque on hip_flexion_l 1.1223
Current Torque on knee_angle_l -16.525
Current Torque on ankle_angle_l -19.5487

----------------------------------------


EmgTime: 2.465
Adjusted EMG
0	0	0	0	0	0	0	0	0	0	0	0	0	0	0	0	0	0	0	0	0	0	0	0	0	0	0	0	0	0	0	0	0	0	0	0	0	0	0	0	0	0	0	0.0702451	0.306147	0.306147	0.001	0.306147	0.306147	0.51868	0.519853	0.320145	0.001	0.001	0.001	0.527542	0.001	0.001	0.001	0.001	0.000997281	0.1654	0.306147	0.306147	0.306147	0.001	0.001	0.001	0.001	0.001	0.613894	0.659145	0.559316	0.552665	0.494049	0.494049	0.545457	0.001	0.0109814	0.00462515	0.521461	0.0217677	0.001	0.001	0.522049	0.527407	0	0.001	0	0.001	0	0.001	
LmtTime: 2.46
Lmt
0.0913481	0.104557	0.0920002	0.0610192	0.0636096	0.0694682	0.331455	0.362722	0.339353	0.181585	0.44457	0.173708	0.110211	0.0985292	0.167281	0.294804	0.432753	0.0810427	0.346297	0.1663	0.178532	0.203758	0.154385	0.19526	0.0621249	0.0560204	0.11021	0.361898	0.170335	0.179634	0.193494	0.322738	0.319614	0.225333	0.256488	0.339055	0.333221	0.211288	0.158486	0.298925	0.129044	0.324655	0.302546	0.0912155	0.106914	0.0962577	0.060546	0.0643324	0.0714158	0.34169	0.375248	0.349041	0.189974	0.448081	0.168469	0.106106	0.0952541	0.164475	0.293654	0.430204	0.0780942	0.352291	0.170518	0.182605	0.205523	0.152659	0.193716	0.0643374	0.0585676	0.113501	0.348084	0.158348	0.16749	0.181156	0.332172	0.329106	0.226913	0.259323	0.34114	0.334927	0.215116	0.160031	0.301601	0.131154	0.328754	0.306308	0.104907	0.102484	0.194643	0.168871	0.243329	0.23161	
MomentArms on: hip_flexion_l
-0.00259341	0.0219341	0.0125653	0.0177558	-0.0174755	0.0332923	0.0160899	0.0329979	0.0381104	0.0480615	0.0509485	
MomentArms on: knee_angle_l
-0.0230643	-0.0221316	-0.0214368	-0.0169569	-0.0167417	-0.00642307	-0.0259825	-0.0315775	0.0356843	0.0324464	0.0331427	0.03219	
MomentArms on: ankle_angle_l
0.0261606	0.0286407	0.0170542	0.0304269	-0.0106807	-0.0135689	-0.0402633	-0.0395781	-0.00583634	-0.00774498	-0.036472	-0.0111865	
External Torques: -6.32583 -3.16561 -20.493 
Current Torque on hip_flexion_l 1.36374
Current Torque on knee_angle_l -15.0164
Current Torque on ankle_angle_l -20.3032

----------------------------------------


EmgTime: 2.475
Adjusted EMG
0	0	0	0	0	0	0	0	0	0	0	0	0	0	0	0	0	0	0	0	0	0	0	0	0	0	0	0	0	0	0	0	0	0	0	0	0	0	0	0	0	0	0	0.107137	0.305428	0.305428	0.001	0.305428	0.305428	0.518638	0.519675	0.349519	0.001	0.001	0.001	0.497949	0.001	0.001	0.001	0.001	0.000997281	0.219161	0.305428	0.305428	0.305428	0.001	0.001	0.001	0.001	0.001	0.605092	0.657149	0.556265	0.544013	0.491644	0.491644	0.540401	0.001	0.0105261	0.00431907	0.51775	0.0206948	0.001	0.001	0.5182	0.523289	0	0.001	0	0.001	0	0.001	
LmtTime: 2.47
Lmt
0.0916547	0.105197	0.0927961	0.0610506	0.0637922	0.0698201	0.332243	0.36358	0.340368	0.181328	0.443477	0.172428	0.109607	0.0983262	0.167441	0.295712	0.432023	0.0802727	0.345857	0.167471	0.179845	0.205167	0.153396	0.194293	0.0622778	0.0561678	0.110624	0.361356	0.17069	0.179996	0.193856	0.322871	0.319748	0.225617	0.256575	0.339137	0.333327	0.211042	0.158531	0.298986	0.128908	0.324442	0.302313	0.0909101	0.106482	0.0957786	0.0603792	0.0640973	0.0711227	0.341432	0.375008	0.348726	0.190038	0.448303	0.169303	0.106679	0.0956909	0.164731	0.2935	0.430282	0.0785787	0.352687	0.169922	0.182041	0.205204	0.153033	0.194076	0.0644129	0.0585029	0.113231	0.348254	0.158249	0.167392	0.181054	0.332397	0.329335	0.227068	0.259371	0.341186	0.334985	0.214985	0.160056	0.301634	0.13108	0.328642	0.306184	0.104575	0.102464	0.193747	0.16996	0.243042	0.232257	
MomentArms on: hip_flexion_l
-0.00221264	0.0223336	0.0120017	0.0173269	-0.0169413	0.033327	0.0163026	0.0329995	0.0379981	0.047666	0.0503704	
MomentArms on: knee_angle_l
-0.0231114	-0.0220801	-0.0212028	-0.0171536	-0.0169434	-0.00627664	-0.0257549	-0.0314677	0.0358443	0.032565	0.0333377	0.0323434	
MomentArms on: ankle_angle_l
0.0261512	0.0286225	0.0170577	0.0304171	-0.0107079	-0.0135954	-0.0403566	-0.0396681	-0.00584675	-0.00775339	-0.0365586	-0.0112119	
External Torques: -5.32256 -2.81458 -21.2444 
Current Torque on hip_flexion_l 1.62928
Current Torque on knee_angle_l -13.4636
Current Torque on ankle_angle_l -21.0666

----------------------------------------


EmgTime: 2.485
Adjusted EMG
0	0	0	0	0	0	0	0	0	0	0	0	0	0	0	0	0	0	0	0	0	0	0	0	0	0	0	0	0	0	0	0	0	0	0	0	0	0	0	0	0	0	0	0.150054	0.30474	0.30474	0.001	0.30474	0.30474	0.51862	0.519529	0.378183	0.001	0.001	0.001	0.471092	0.001	0.001	0.001	0.001	0.000997281	0.260854	0.30474	0.30474	0.30474	0.001	0.001	0.001	0.001	0.001	0.600064	0.652945	0.552021	0.535392	0.489191	0.489191	0.535293	0.001	0.0100504	0.00399818	0.514019	0.0195834	0.001	0.001	0.514343	0.519181	0	0.001	0	0.001	0	0.001	
LmtTime: 2.48
Lmt
0.0919417	0.105789	0.0935288	0.0610704	0.0639485	0.0701324	0.333079	0.364507	0.341423	0.1811	0.442346	0.171214	0.109066	0.0982003	0.167677	0.296662	0.431232	0.0795333	0.345512	0.168577	0.1811	0.20657	0.152417	0.193333	0.0624343	0.0562902	0.110993	0.360748	0.171003	0.180315	0.194174	0.323003	0.319883	0.225882	0.256656	0.339214	0.333426	0.210812	0.158573	0.299043	0.12878	0.324243	0.302094	0.090597	0.106074	0.0953489	0.0602033	0.0638682	0.0708509	0.34115	0.374737	0.348395	0.19008	0.448533	0.170078	0.1072	0.0960883	0.164956	0.293329	0.430375	0.0790271	0.35304	0.169373	0.181523	0.2049	0.153396	0.194427	0.0645219	0.0584742	0.113002	0.348464	0.158184	0.167327	0.180987	0.332608	0.329549	0.227228	0.25942	0.341232	0.335045	0.214851	0.160081	0.301668	0.131005	0.328526	0.306057	0.104271	0.102411	0.192835	0.171045	0.242756	0.232873	
MomentArms on: hip_flexion_l
-0.00181292	0.0227293	0.0113768	0.0168535	-0.0163807	0.0333694	0.0164875	0.0330147	0.0378971	0.0472887	0.0497687	
MomentArms on: knee_angle_l
-0.0231522	-0.0220252	-0.0209532	-0.0173626	-0.0171576	-0.00613105	-0.0258231	-0.0313442	0.0360045	0.0326866	0.0335389	0.0325011	
MomentArms on: ankle_angle_l
0.0261431	0.0286069	0.0170605	0.0304086	-0.0107309	-0.0136178	-0.0404366	-0.0397457	-0.00585552	-0.00776046	-0.0366316	-0.0112334	
External Torques: -4.15786 -2.4001 -21.9774 
Current Torque on hip_flexion_l 1.96097
Current Torque on knee_angle_l -11.8939
Current Torque on ankle_angle_l -21.811

----------------------------------------


EmgTime: 2.495
Adjusted EMG
0	0	0	0	0	0	0	0	0	0	0	0	0	0	0	0	0	0	0	0	0	0	0	0	0	0	0	0	0	0	0	0	0	0	0	0	0	0	0	0	0	0	0	0.189073	0.304085	0.304085	0.053809	0.304085	0.304085	0.518626	0.519414	0.404003	0.001	0.001	0.001	0.448471	0.001	0.001	0.001	0.001	0.000997281	0.294156	0.304085	0.304085	0.304085	0.001	0.001	0.001	0.001	0.001	0.593965	0.64646	0.546454	0.526699	0.486693	0.486693	0.530539	0.001	0.00963559	0.00370481	0.510233	0.0186024	0.001	0.001	0.510445	0.515089	0	0.001	0	0.001	0	0.001	
LmtTime: 2.49
Lmt
0.0922103	0.106336	0.0942003	0.0610822	0.0640822	0.0704088	0.333958	0.365495	0.34251	0.180909	0.441194	0.170075	0.108587	0.0981461	0.167978	0.29764	0.430393	0.07883	0.345268	0.169615	0.182291	0.20795	0.151457	0.19239	0.0625927	0.0563887	0.111318	0.360076	0.171265	0.180582	0.19444	0.322824	0.319989	0.226128	0.256732	0.339286	0.333518	0.210597	0.158612	0.299096	0.128661	0.324057	0.301888	0.0902716	0.105682	0.0949613	0.0600164	0.0636421	0.0705964	0.340842	0.374432	0.348045	0.190104	0.448775	0.17081	0.107681	0.0964541	0.165153	0.293141	0.430485	0.079449	0.353361	0.168861	0.181039	0.204605	0.153755	0.194776	0.0646652	0.0584801	0.11281	0.348711	0.158147	0.16729	0.180948	0.332803	0.329747	0.227387	0.259468	0.341279	0.335104	0.214716	0.160107	0.301702	0.13093	0.32841	0.30593	0.104002	0.10234	0.191902	0.17212	0.242463	0.233462	
MomentArms on: hip_flexion_l
-0.00139864	0.0231156	0.0106893	0.0163333	-0.0157967	0.0334137	0.0166432	0.0330374	0.0378047	0.046928	0.0491427	
MomentArms on: knee_angle_l
-0.0231855	-0.0219676	-0.0206924	-0.0175797	-0.01738	-0.00598849	-0.0258839	-0.0312086	0.0361601	0.0328071	0.0337411	0.0326586	
MomentArms on: ankle_angle_l
0.0261366	0.0285945	0.0170627	0.0304018	-0.0107492	-0.0136356	-0.0405021	-0.0398093	-0.0058625	-0.00776607	-0.0366897	-0.0112505	
External Torques: -2.90048 -1.96186 -22.67 
Current Torque on hip_flexion_l 2.40488
Current Torque on knee_angle_l -10.3383
Current Torque on ankle_angle_l -22.513

----------------------------------------


EmgTime: 2.505
Adjusted EMG
0	0	0	0	0	0	0	0	0	0	0	0	0	0	0	0	0	0	0	0	0	0	0	0	0	0	0	0	0	0	0	0	0	0	0	0	0	0	0	0	0	0	0	0.219334	0.303465	0.303465	0.112696	0.303465	0.303465	0.518658	0.519334	0.425698	0.001	0.001	0.001	0.430037	0.001	0.001	0.001	0.001	0.000997281	0.319391	0.303465	0.303465	0.303465	0.001	0.001	0.001	0.001	0.001	0.586218	0.638159	0.540298	0.51822	0.484159	0.484159	0.526059	0.001	0.00934878	0.00349712	0.506413	0.0178955	0.001	0.001	0.506523	0.511026	0	0.001	0	0.001	0	0.001	
LmtTime: 2.5
Lmt
0.0924622	0.106841	0.0948135	0.0610899	0.0641976	0.0706534	0.334875	0.366538	0.343619	0.180762	0.44004	0.169015	0.10817	0.0981548	0.168333	0.298629	0.429522	0.0781676	0.345125	0.17058	0.183412	0.209292	0.150525	0.191472	0.0627504	0.0564651	0.111604	0.359343	0.171466	0.180787	0.194645	0.322974	0.320139	0.226356	0.256802	0.339352	0.333603	0.210396	0.158649	0.299145	0.12855	0.323883	0.301696	0.0899289	0.105298	0.0946071	0.0598163	0.0634154	0.0703542	0.340505	0.374094	0.347673	0.190113	0.449034	0.171516	0.108133	0.0967981	0.16533	0.292932	0.430613	0.0798545	0.353659	0.168373	0.180579	0.204313	0.154115	0.195127	0.0648439	0.0585188	0.112649	0.348995	0.158132	0.167275	0.180933	0.332982	0.329929	0.227543	0.259516	0.341324	0.335162	0.214583	0.160132	0.301736	0.130855	0.328295	0.305804	0.103775	0.102269	0.190942	0.173181	0.242151	0.234024	
MomentArms on: hip_flexion_l
-0.00097627	0.0234854	0.00994272	0.0157676	-0.0151949	0.0334525	0.0167692	0.0330598	0.0377169	0.0465815	0.0484938	
MomentArms on: knee_angle_l
-0.0232089	-0.0219067	-0.0204243	-0.0177977	-0.0176034	-0.00584945	-0.0259342	-0.0310618	0.0362829	0.0329033	0.0339139	0.0327916	
MomentArms on: ankle_angle_l
0.0261319	0.0285855	0.0170642	0.0303967	-0.0107625	-0.0136485	-0.0405516	-0.0398579	-0.00586755	-0.00777012	-0.0367318	-0.011263	
External Torques: -1.61172 -1.53209 -23.3045 
Current Torque on hip_flexion_l 2.9477
Current Torque on knee_angle_l -8.85994
Current Torque on ankle_angle_l -23.1552

----------------------------------------


EmgTime: 2.515
Adjusted EMG
0	0	0	0	0	0	0	0	0	0	0	0	0	0	0	0	0	0	0	0	0	0	0	0	0	0	0	0	0	0	0	0	0	0	0	0	0	0	0	0	0	0	0	0.242485	0.302879	0.302879	0.157255	0.302879	0.302879	0.518716	0.51929	0.444199	0.001	0.001	0.001	0.41548	0.001	0.001	0.001	0.001	0.000997281	0.338699	0.302879	0.302879	0.302879	0.001	0.001	0.001	0.001	0.001	0.576322	0.628112	0.533253	0.510237	0.481583	0.481583	0.521565	0.001	0.00903848	0.00327289	0.502594	0.0171449	0.001	0.001	0.502609	0.506985	0	0.001	0	0.001	0	0.001	
LmtTime: 2.51
Lmt
0.0926994	0.107304	0.0953708	0.0610972	0.064299	0.0708705	0.33582	0.367625	0.344737	0.180665	0.438907	0.168041	0.107811	0.0982155	0.168726	0.299612	0.428636	0.07755	0.345083	0.171473	0.184457	0.210578	0.149633	0.190589	0.062904	0.056521	0.111853	0.358556	0.171599	0.180923	0.19478	0.323137	0.320302	0.226565	0.256865	0.339412	0.333681	0.210211	0.158682	0.29919	0.128448	0.323723	0.30152	0.0895638	0.104917	0.0942772	0.0596007	0.0631843	0.0701193	0.340139	0.373721	0.347275	0.190111	0.449312	0.172214	0.108569	0.0971304	0.165493	0.292702	0.430759	0.0802535	0.353946	0.167899	0.180133	0.20402	0.154483	0.195489	0.0650587	0.0585881	0.112515	0.349317	0.158136	0.167278	0.180937	0.333144	0.330094	0.227693	0.259563	0.341368	0.335218	0.214454	0.160156	0.301768	0.130784	0.328185	0.305683	0.103596	0.102217	0.189947	0.174224	0.241812	0.234563	
MomentArms on: hip_flexion_l
-0.00055381	0.0238317	0.0091454	0.0151615	-0.0145832	0.0334789	0.0168657	0.0330746	0.0376298	0.0462474	0.0478266	
MomentArms on: knee_angle_l
-0.0232214	-0.0218429	-0.020155	-0.0180097	-0.0178207	-0.00571533	-0.0259725	-0.0309069	0.0363677	0.0329719	0.0340499	0.0328957	
MomentArms on: ankle_angle_l
0.026129	0.0285801	0.0170651	0.0303937	-0.0107704	-0.0136562	-0.0405842	-0.0398904	-0.00587056	-0.00777254	-0.0367569	-0.0112704	
External Torques: -0.342081 -1.13158 -23.8649 
Current Torque on hip_flexion_l 3.55094
Current Torque on knee_angle_l -7.4743
Current Torque on ankle_angle_l -23.7228

----------------------------------------


EmgTime: 2.525
Adjusted EMG
0	0	0	0	0	0	0	0	0	0	0	0	0	0	0	0	0	0	0	0	0	0	0	0	0	0	0	0	0	0	0	0	0	0	0	0	0	0	0	0	0	0	0	0.259895	0.302327	0.302327	0.190353	0.302327	0.302327	0.5188	0.519278	0.45961	0.001	0.001	0.001	0.40427	0.001	0.001	0.001	0.001	0.000997281	0.353474	0.302327	0.302327	0.302327	0.001	0.001	0.001	0.001	0.001	0.562793	0.61601	0.525352	0.502246	0.478974	0.478974	0.51708	0.001	0.00869671	0.00303101	0.498791	0.0163377	0.001	0.001	0.498719	0.502975	0	0.001	0	0.001	0	0.001	
LmtTime: 2.52
Lmt
0.0929236	0.107728	0.0958738	0.0611079	0.0643904	0.0710637	0.336783	0.368742	0.345851	0.180622	0.437817	0.167154	0.107505	0.0983159	0.169141	0.300568	0.427753	0.0769814	0.345136	0.172288	0.185418	0.21179	0.14879	0.189754	0.063049	0.0565579	0.112069	0.357721	0.171658	0.180983	0.194839	0.323311	0.320478	0.22675	0.256922	0.339466	0.333751	0.210046	0.158712	0.299231	0.128357	0.323579	0.301362	0.0891723	0.104529	0.0939638	0.0593682	0.0629459	0.0698876	0.339739	0.373312	0.346847	0.190098	0.44961	0.172919	0.109001	0.0974596	0.165648	0.292449	0.430925	0.0806544	0.354231	0.167428	0.179691	0.203721	0.154866	0.195866	0.06531	0.0586859	0.112404	0.349677	0.158156	0.167299	0.180958	0.333288	0.33024	0.227836	0.259606	0.34141	0.335272	0.214332	0.160179	0.301799	0.130715	0.32808	0.305567	0.103471	0.102198	0.18891	0.175247	0.241436	0.235076	
MomentArms on: hip_flexion_l
-0.0001399	0.0241478	0.00831069	0.0145245	-0.0139712	0.0334874	0.0169339	0.0330756	0.0375401	0.0459245	0.0471484	
MomentArms on: knee_angle_l
-0.0232242	-0.0217782	-0.019892	-0.0182099	-0.018026	-0.00558862	-0.0259992	-0.030749	0.0364205	0.0330186	0.0341531	0.0329752	
MomentArms on: ankle_angle_l
0.0261282	0.0285785	0.0170654	0.0303928	-0.0107727	-0.0136585	-0.040599	-0.039906	-0.00587144	-0.00777324	-0.0367643	-0.0112725	
External Torques: 0.869106 -0.771497 -24.3382 
Current Torque on hip_flexion_l 4.18401
Current Torque on knee_angle_l -6.16765
Current Torque on ankle_angle_l -24.203

----------------------------------------


EmgTime: 2.535
Adjusted EMG
0	0	0	0	0	0	0	0	0	0	0	0	0	0	0	0	0	0	0	0	0	0	0	0	0	0	0	0	0	0	0	0	0	0	0	0	0	0	0	0	0	0	0	0.272734	0.30181	0.30181	0.215211	0.30181	0.30181	0.518912	0.519296	0.472964	0.001	0.001	0.001	0.395762	0.001	0.001	0.001	0.001	0.000997281	0.36524	0.30181	0.30181	0.30181	0.001	0.001	0.001	0.001	0.001	0.543245	0.601348	0.516362	0.494195	0.47633	0.47633	0.512765	0.001	0.00840514	0.00282225	0.494981	0.0156485	0.001	0.001	0.494825	0.498993	0	0.001	0	0.001	0	0.001	
LmtTime: 2.53
Lmt
0.0931362	0.108113	0.0963223	0.0611254	0.0644752	0.0712356	0.337751	0.369873	0.346945	0.180638	0.436796	0.166362	0.107249	0.0984433	0.169562	0.301478	0.426896	0.0764665	0.345278	0.173023	0.186287	0.212909	0.14801	0.188979	0.0631797	0.0565768	0.112254	0.35685	0.171637	0.180961	0.194818	0.323495	0.320665	0.226908	0.256971	0.339512	0.33381	0.209905	0.158737	0.299265	0.128279	0.323457	0.301227	0.0887517	0.104132	0.093661	0.0591184	0.0626987	0.0696562	0.339302	0.372861	0.346384	0.190074	0.44993	0.173643	0.109435	0.097792	0.165799	0.292173	0.431114	0.0810641	0.354519	0.166952	0.179245	0.203411	0.15527	0.196265	0.0655979	0.0588108	0.112311	0.350078	0.158193	0.167335	0.180996	0.333411	0.330365	0.227968	0.259647	0.341449	0.335321	0.214218	0.1602	0.301827	0.130652	0.327982	0.30546	0.103406	0.102228	0.187823	0.176244	0.241018	0.235561	
MomentArms on: hip_flexion_l
0.00025727	0.0244291	0.00745578	0.0138689	-0.0133691	0.033475	0.016976	0.0330594	0.0374458	0.0456126	0.0464689	
MomentArms on: knee_angle_l
-0.0232191	-0.0217147	-0.0196425	-0.0183934	-0.0182144	-0.00547154	-0.0260158	-0.0305934	0.0364486	0.0330495	0.034229	0.0330353	
MomentArms on: ankle_angle_l
0.0261294	0.0285809	0.017065	0.0303941	-0.0107693	-0.0136551	-0.0405955	-0.0399041	-0.00587013	-0.00777219	-0.0367533	-0.0112693	
External Torques: 1.99962 -0.450907 -24.7148 
Current Torque on hip_flexion_l 4.82772
Current Torque on knee_angle_l -4.91246
Current Torque on ankle_angle_l -24.5853

----------------------------------------


EmgTime: 2.545
Adjusted EMG
0	0	0	0	0	0	0	0	0	0	0	0	0	0	0	0	0	0	0	0	0	0	0	0	0	0	0	0	0	0	0	0	0	0	0	0	0	0	0	0	0	0	0	0.281973	0.301328	0.301328	0.233761	0.301328	0.301328	0.519051	0.519345	0.484888	0.001	0.001	0.001	0.389383	0.001	0.001	0.001	0.001	0.000997281	0.374859	0.301328	0.301328	0.301328	0.001	0.001	0.001	0.001	0.001	0.51658	0.583297	0.506032	0.485936	0.473657	0.473083	0.507029	0.001	0.00779641	0.00252415	0.491363	0.014407	0.001	0.001	0.491144	0.495054	0	0.001	0	0.001	0	0.001	
LmtTime: 2.54
Lmt
0.0933383	0.108458	0.0967143	0.0611525	0.0645561	0.071388	0.33871	0.371	0.348002	0.180714	0.435869	0.165669	0.107041	0.0985855	0.169971	0.302321	0.426084	0.0760105	0.345502	0.173671	0.187055	0.213915	0.147304	0.188276	0.0632895	0.0565779	0.112409	0.355955	0.171532	0.180854	0.194711	0.323684	0.320858	0.227033	0.257009	0.339548	0.333857	0.209793	0.158757	0.299292	0.128217	0.32336	0.301119	0.0883017	0.103723	0.0933665	0.0588526	0.0624433	0.069425	0.338822	0.372364	0.34588	0.19004	0.450276	0.174394	0.109878	0.0981302	0.165949	0.291871	0.431328	0.0814868	0.354815	0.166466	0.178787	0.203084	0.155699	0.196689	0.0659217	0.0589614	0.112236	0.350527	0.158246	0.167389	0.181051	0.333511	0.330467	0.228087	0.259684	0.341483	0.335366	0.214115	0.16022	0.301853	0.130595	0.327893	0.305362	0.103405	0.102316	0.186681	0.177209	0.240554	0.236012	
MomentArms on: hip_flexion_l
0.00063093	0.0246733	0.0066003	0.0132099	-0.0127862	0.0334414	0.0169952	0.0330247	0.0373457	0.0453118	0.0457988	
MomentArms on: knee_angle_l
-0.023208	-0.0216546	-0.0194126	-0.0185568	-0.0183822	-0.00536591	-0.0260239	-0.0304453	0.0364594	0.03307	0.0342833	0.0330807	
MomentArms on: ankle_angle_l
0.0261327	0.0285872	0.0170639	0.0303977	-0.01076	-0.0136461	-0.0405735	-0.0398846	-0.00586661	-0.00776937	-0.036724	-0.0112606	
External Torques: 3.04508 -0.158708 -24.9884 
Current Torque on hip_flexion_l 5.46914
Current Torque on knee_angle_l -3.67868
Current Torque on ankle_angle_l -24.8697

----------------------------------------


EmgTime: 2.555
Adjusted EMG
0	0	0	0	0	0	0	0	0	0	0	0	0	0	0	0	0	0	0	0	0	0	0	0	0	0	0	0	0	0	0	0	0	0	0	0	0	0	0	0	0	0	0	0.288497	0.300883	0.300883	0.247212	0.300883	0.300883	0.519217	0.519427	0.495288	0.001	0.001	0.001	0.384514	0.001	0.001	0.001	0.001	0.000997281	0.382311	0.300883	0.300883	0.300883	0.001	0.001	0.001	0.001	0.001	0.48239	0.561669	0.49462	0.477645	0.47096	0.470374	0.503932	0.001	0.00780209	0.00246825	0.487458	0.0143319	0.001	0.001	0.487157	0.491146	0	0.001	0	0.001	0	0.001	
LmtTime: 2.55
Lmt
0.0935305	0.108762	0.0970461	0.0611917	0.0646347	0.0715211	0.339645	0.372106	0.349005	0.180854	0.435057	0.165082	0.106877	0.0987316	0.170355	0.303079	0.425338	0.0756195	0.345799	0.174225	0.187712	0.214791	0.146686	0.187658	0.0633714	0.0565606	0.112531	0.355049	0.171341	0.180659	0.194517	0.323872	0.321051	0.227119	0.257035	0.339573	0.333889	0.209716	0.158771	0.299311	0.128175	0.323293	0.301046	0.0878245	0.103304	0.0930816	0.0585743	0.0621829	0.0691964	0.338293	0.371815	0.345328	0.189992	0.450649	0.175174	0.110327	0.098473	0.166095	0.291538	0.431575	0.0819235	0.355116	0.165968	0.178317	0.202736	0.156157	0.197143	0.0662798	0.0591373	0.11218	0.351029	0.15832	0.167462	0.181127	0.333585	0.330542	0.228192	0.259716	0.341514	0.335405	0.214024	0.160237	0.301876	0.130544	0.327815	0.305276	0.103474	0.10247	0.185484	0.178135	0.240045	0.23642	
MomentArms on: hip_flexion_l
0.00097649	0.024881	0.00576463	0.0125636	-0.0121891	0.0333883	0.0169955	0.0329728	0.0372399	0.045022	0.0451488	
MomentArms on: knee_angle_l
-0.0231933	-0.0215994	-0.0193081	-0.0186982	-0.0185276	-0.00527298	-0.0260258	-0.0303091	0.036459	0.0330841	0.0343215	0.0331155	
MomentArms on: ankle_angle_l
0.0261381	0.0285973	0.0170622	0.0304033	-0.0107451	-0.0136316	-0.0405334	-0.0398479	-0.00586092	-0.0077648	-0.0366766	-0.0112467	
External Torques: 4.01733 0.123006 -25.1538 
Current Torque on hip_flexion_l 6.11632
Current Torque on knee_angle_l -2.47038
Current Torque on ankle_angle_l -25.0357

----------------------------------------


EmgTime: 2.565
Adjusted EMG
0	0	0	0	0	0	0	0	0	0	0	0	0	0	0	0	0	0	0	0	0	0	0	0	0	0	0	0	0	0	0	0	0	0	0	0	0	0	0	0	0	0	0	0.293242	0.300475	0.300475	0.257943	0.300475	0.300475	0.519412	0.519558	0.503039	0.0644117	0.001	0.001	0.381122	0.001	0.001	0.001	0.001	0.000997281	0.386293	0.300475	0.300475	0.300475	0.001	0.001	0.001	0.001	0.001	0.454995	0.541682	0.484881	0.471067	0.468236	0.467775	0.502043	0.001	0.00812247	0.00248453	0.4834	0.0148154	0.001	0.001	0.483013	0.487267	0	0.001	0	0.001	0	0.001	
LmtTime: 2.56
Lmt
0.0937132	0.10902	0.0973131	0.0612446	0.0647121	0.0716345	0.340542	0.373172	0.349938	0.181057	0.43438	0.164609	0.106759	0.098873	0.170699	0.303736	0.424674	0.0752992	0.346159	0.174679	0.188248	0.215523	0.146165	0.187137	0.0634186	0.0565234	0.112619	0.354145	0.171062	0.180375	0.194234	0.324372	0.321273	0.227159	0.257048	0.339585	0.333904	0.209679	0.158778	0.29932	0.128155	0.323261	0.30101	0.0873254	0.10288	0.0928116	0.0582888	0.0619227	0.0689754	0.337712	0.371207	0.344724	0.189929	0.45105	0.17598	0.110781	0.0988158	0.166235	0.291174	0.43186	0.082372	0.355419	0.165464	0.177835	0.202362	0.156643	0.197626	0.0666699	0.0593381	0.112146	0.35159	0.158417	0.167559	0.181228	0.333626	0.330584	0.228281	0.259743	0.34154	0.335438	0.213947	0.160251	0.301895	0.130501	0.327748	0.305203	0.103615	0.102692	0.184235	0.179013	0.239495	0.236775	
MomentArms on: hip_flexion_l
0.00129181	0.0250553	0.00496812	0.011946	-0.0116447	0.0333194	0.0169812	0.0329064	0.0371286	0.044742	0.0445281	
MomentArms on: knee_angle_l
-0.023177	-0.0215506	-0.019285	-0.0188171	-0.0186499	-0.00519338	-0.0260235	-0.0301878	0.0364526	0.0330946	0.034348	0.0331426	
MomentArms on: ankle_angle_l
0.0261453	0.0286111	0.0170598	0.0304109	-0.0107247	-0.0136118	-0.0404761	-0.0397946	-0.00585316	-0.00775856	-0.036612	-0.0112276	
External Torques: 4.93835 0.414119 -25.207 
Current Torque on hip_flexion_l 6.73282
Current Torque on knee_angle_l -1.44848
Current Torque on ankle_angle_l -25.0842

----------------------------------------


EmgTime: 2.575
Adjusted EMG
0	0	0	0	0	0	0	0	0	0	0	0	0	0	0	0	0	0	0	0	0	0	0	0	0	0	0	0	0	0	0	0	0	0	0	0	0	0	0	0	0	0	0	0.296394	0.300104	0.300104	0.266037	0.300104	0.300104	0.519636	0.519755	0.506204	0.319181	0.001	0.001	0.378805	0.001	0.001	0.001	0.001	0.000997281	0.385667	0.300104	0.300104	0.300104	0.001	0.001	0.001	0.001	0.001	0.455335	0.53556	0.481981	0.468963	0.465497	0.465119	0.500378	0.001	0.00857801	0.00255427	0.479341	0.0155472	0.001	0.001	0.47885	0.483438	0	0.001	0	0.001	0	0.001	
LmtTime: 2.57
Lmt
0.0938864	0.109232	0.0975104	0.0613124	0.0647883	0.0717269	0.34139	0.374183	0.350788	0.181322	0.433852	0.164255	0.106687	0.0990035	0.170996	0.304279	0.424107	0.0750548	0.346574	0.175028	0.188658	0.2161	0.145752	0.18672	0.063425	0.0564647	0.112671	0.353254	0.170698	0.180004	0.193863	0.324546	0.32145	0.227152	0.257045	0.339583	0.333902	0.209686	0.158777	0.299318	0.128158	0.323267	0.301017	0.0868127	0.10246	0.0925651	0.0580031	0.0616704	0.0687693	0.337073	0.370535	0.344064	0.189846	0.451478	0.176802	0.11123	0.0991509	0.166361	0.290778	0.43219	0.082827	0.355716	0.16496	0.177347	0.201963	0.157157	0.198136	0.0670881	0.0595631	0.112139	0.352218	0.158546	0.167688	0.181362	0.333629	0.330588	0.228351	0.259765	0.341561	0.335465	0.213886	0.160262	0.30191	0.130467	0.327696	0.305145	0.103829	0.102979	0.182944	0.179836	0.238913	0.237068	
MomentArms on: hip_flexion_l
0.00157716	0.0252012	0.00422763	0.0113715	-0.0111327	0.0332385	0.0169567	0.0328287	0.0370123	0.0444693	0.0439436	
MomentArms on: knee_angle_l
-0.0231606	-0.0215089	-0.0192633	-0.0189143	-0.01875	-0.00512712	-0.0260187	-0.0300832	0.0364436	0.0331029	0.0343664	0.0331639	
MomentArms on: ankle_angle_l
0.0261542	0.0286282	0.0170566	0.0304202	-0.0106994	-0.0135871	-0.040403	-0.0397262	-0.00584349	-0.00775076	-0.0365315	-0.011204	
External Torques: 5.8375 0.735683 -25.1455 
Current Torque on hip_flexion_l 7.36837
Current Torque on knee_angle_l -0.85648
Current Torque on ankle_angle_l -25.0165

----------------------------------------


EmgTime: 2.585
Adjusted EMG
0	0	0	0	0	0	0	0	0	0	0	0	0	0	0	0	0	0	0	0	0	0	0	0	0	0	0	0	0	0	0	0	0	0	0	0	0	0	0	0	0	0	0	0.298757	0.299772	0.299772	0.271816	0.299772	0.299772	0.519889	0.519965	0.51126	0.459032	0.001	0.001	0.377211	0.001	0.001	0.001	0.001	0.000997281	0.387293	0.299772	0.299772	0.299772	0.001	0.001	0.001	0.001	0.001	0.430221	0.514694	0.473414	0.463997	0.46274	0.462569	0.499274	0.001	0.00907222	0.00265968	0.475221	0.0163921	0.001	0.001	0.47461	0.47965	0	0.001	0	0.001	0	0.001	
LmtTime: 2.58
Lmt
0.0940502	0.109394	0.0976346	0.0613953	0.064863	0.0717971	0.342176	0.375127	0.351547	0.181645	0.433479	0.164025	0.10666	0.0991192	0.17124	0.304704	0.423645	0.0748895	0.347035	0.175267	0.188937	0.216516	0.145451	0.186414	0.063386	0.0563829	0.112683	0.352387	0.170251	0.179549	0.193409	0.324707	0.321614	0.227094	0.257028	0.339566	0.33388	0.209738	0.158767	0.299306	0.128187	0.323312	0.301067	0.0862973	0.102057	0.0923528	0.0577257	0.0614345	0.0685864	0.336376	0.369798	0.343347	0.189737	0.451927	0.177628	0.111664	0.0994696	0.16647	0.290351	0.432568	0.0832806	0.355995	0.16447	0.176863	0.201541	0.157691	0.198668	0.0675294	0.0598107	0.112165	0.352916	0.158714	0.167856	0.181536	0.333588	0.330547	0.228401	0.25978	0.341575	0.335483	0.213842	0.16027	0.301921	0.130443	0.327658	0.305104	0.104113	0.103325	0.181625	0.180597	0.238313	0.237291	
MomentArms on: hip_flexion_l
0.00183471	0.0253249	0.00355627	0.010852	-0.0106497	0.0331499	0.0169261	0.0327433	0.0368911	0.0441998	0.0433995	
MomentArms on: knee_angle_l
-0.0231453	-0.0214746	-0.0192436	-0.0189915	-0.0188297	-0.00507363	-0.0260128	-0.0299955	0.0364343	0.0331098	0.0343791	0.0331807	
MomentArms on: ankle_angle_l
0.0261643	0.0286481	0.0170527	0.0304308	-0.0106696	-0.0135582	-0.0403159	-0.0396444	-0.00583212	-0.00774157	-0.0364369	-0.0111762	
External Torques: 6.73422 1.10108 -24.9704 
Current Torque on hip_flexion_l 8.04418
Current Torque on knee_angle_l 0.0419405
Current Torque on ankle_angle_l -24.8323

----------------------------------------


EmgTime: 2.595
Adjusted EMG
0	0	0	0	0	0	0	0	0	0	0	0	0	0	0	0	0	0	0	0	0	0	0	0	0	0	0	0	0	0	0	0	0	0	0	0	0	0	0	0	0	0	0	0.299478	0.299478	0.299478	0.278079	0.299478	0.299478	0.520171	0.520166	0.520733	0.52174	0.001	0.001	0.377147	0.001	0.001	0.001	0.001	0.000997281	0.392793	0.299478	0.299478	0.299478	0.001	0.001	0.001	0.001	0.001	0.343529	0.446787	0.450944	0.451659	0.459971	0.459971	0.498368	0.001	0.009625	0.00278454	0.471083	0.0173598	0.001	0.001	0.470338	0.47591	0	0.001	0	0.001	0	0.001	
LmtTime: 2.59
Lmt
0.0942048	0.109505	0.0976844	0.0614932	0.0649358	0.0718444	0.342894	0.375995	0.352207	0.182021	0.433262	0.163917	0.106679	0.0992177	0.171427	0.305007	0.423291	0.0748035	0.34753	0.175397	0.189086	0.216771	0.145261	0.186219	0.0632992	0.0562769	0.112656	0.351553	0.16973	0.179019	0.192878	0.324853	0.321762	0.226988	0.256995	0.339535	0.33384	0.209833	0.15875	0.299282	0.128239	0.323395	0.301158	0.0857915	0.101682	0.0921851	0.0574648	0.0612237	0.068435	0.335622	0.368996	0.342578	0.189596	0.452389	0.178439	0.112074	0.0997629	0.166557	0.289899	0.432995	0.0837231	0.356244	0.164008	0.176396	0.201105	0.158236	0.199213	0.0679873	0.0600784	0.112226	0.353687	0.158932	0.168073	0.181761	0.333495	0.330454	0.228428	0.259788	0.341583	0.335494	0.213818	0.160275	0.301927	0.13043	0.327638	0.305081	0.104458	0.103717	0.180297	0.181294	0.237709	0.23744	
MomentArms on: hip_flexion_l
0.00206797	0.0254326	0.00296275	0.010396	-0.0101901	0.0330569	0.0168925	0.032653	0.0367648	0.0439289	0.0428969	
MomentArms on: knee_angle_l
-0.0231317	-0.0214475	-0.0192259	-0.019051	-0.0188912	-0.00503192	-0.0260067	-0.029924	0.0364259	0.0331155	0.0343878	0.0331936	
MomentArms on: ankle_angle_l
0.0261755	0.0286703	0.0170481	0.0304423	-0.0106363	-0.0135257	-0.040217	-0.0395514	-0.00581934	-0.0077312	-0.0363306	-0.011145	
External Torques: 7.62926 1.51515 -24.6817 
Current Torque on hip_flexion_l 8.65895
Current Torque on knee_angle_l 1.58636
Current Torque on ankle_angle_l -24.5333

----------------------------------------


EmgTime: 2.605
Adjusted EMG
0	0	0	0	0	0	0	0	0	0	0	0	0	0	0	0	0	0	0	0	0	0	0	0	0	0	0	0	0	0	0	0	0	0	0	0	0	0	0	0	0	0	0	0.299223	0.299223	0.299223	0.280669	0.299223	0.299223	0.520483	0.520416	0.528216	0.526967	0.001	0.0829092	0.376204	0.001	0.001	0.001	0.001	0.000997281	0.39651	0.299223	0.299223	0.299223	0.001	0.001	0.001	0.001	0.001	0.176877	0.244911	0.428334	0.439828	0.457193	0.457193	0.497916	0.001	0.0101075	0.00291357	0.466881	0.0182147	0.001	0.001	0.465961	0.47222	0	0.001	0	0.001	0	0.001	
LmtTime: 2.6
Lmt
0.094351	0.109569	0.0976623	0.0616053	0.0650068	0.0718695	0.343538	0.376777	0.352767	0.182441	0.433194	0.163924	0.106739	0.0992975	0.171559	0.305193	0.423045	0.074793	0.348049	0.175423	0.18911	0.216873	0.14518	0.18613	0.0631647	0.0561473	0.112589	0.350762	0.169145	0.178424	0.192281	0.324985	0.321897	0.226839	0.25695	0.339492	0.333784	0.209966	0.158726	0.29925	0.128313	0.32351	0.301286	0.0853078	0.101347	0.0920706	0.057228	0.0610448	0.0683212	0.334817	0.368133	0.341762	0.189417	0.45285	0.179219	0.11245	0.100024	0.16662	0.289434	0.433468	0.0841444	0.356451	0.163588	0.17596	0.200666	0.158781	0.199757	0.068454	0.0603616	0.112325	0.354533	0.159208	0.168349	0.182048	0.333342	0.330299	0.228431	0.259789	0.341584	0.335495	0.213816	0.160275	0.301928	0.130428	0.327636	0.305079	0.104851	0.104141	0.178983	0.181928	0.237118	0.237515	
MomentArms on: hip_flexion_l
0.00228119	0.0255298	0.00245107	0.0100081	-0.00974642	0.032962	0.0168581	0.0325599	0.0366325	0.0436513	0.0424345	
MomentArms on: knee_angle_l
-0.0231199	-0.0214269	-0.0192103	-0.0190953	-0.0189371	-0.00500065	-0.026001	-0.0298669	0.0364188	0.0331201	0.0343938	0.0332034	
MomentArms on: ankle_angle_l
0.0261874	0.0286942	0.0170427	0.0304544	-0.0106001	-0.0134905	-0.0401089	-0.0394494	-0.00580545	-0.00771989	-0.0362152	-0.0111112	
External Torques: 8.51156 1.97828 -24.2755 
Current Torque on hip_flexion_l 9.41264
Current Torque on knee_angle_l 2.97924
Current Torque on ankle_angle_l -24.1142

----------------------------------------


EmgTime: 2.615
Adjusted EMG
0	0	0	0	0	0	0	0	0	0	0	0	0	0	0	0	0	0	0	0	0	0	0	0	0	0	0	0	0	0	0	0	0	0	0	0	0	0	0	0	0	0	0	0.29901	0.299009	0.299009	0.285359	0.299009	0.299009	0.520824	0.520796	0.52409	0.52103	0.001	0.0941553	0.377044	0.001	0.001	0.001	0.001	0.000997281	0.390015	0.299009	0.299009	0.299009	0.001	0.001	0.001	0.001	0.001	0.283354	0.0838251	0.441045	0.446578	0.454418	0.454418	0.49953	0.001	0.0113694	0.00325068	0.462368	0.020527	0.001	0.001	0.46124	0.46858	0	0.001	0	0.001	0	0.001	
LmtTime: 2.61
Lmt
0.0944904	0.10959	0.0975751	0.0617308	0.0650768	0.071875	0.344104	0.37747	0.353228	0.182892	0.433259	0.164034	0.106834	0.099356	0.171635	0.305269	0.4229	0.0748494	0.348576	0.175355	0.189021	0.216833	0.145197	0.186139	0.0629851	0.0559962	0.112487	0.350019	0.168511	0.17778	0.191633	0.325107	0.32202	0.226657	0.256894	0.339439	0.333716	0.210129	0.158697	0.29921	0.128403	0.323652	0.301442	0.0848573	0.10106	0.0920131	0.0570201	0.0609017	0.0682476	0.333968	0.367218	0.34091	0.189191	0.453292	0.179951	0.112785	0.10025	0.16666	0.288968	0.433976	0.0845354	0.356603	0.163226	0.17557	0.200241	0.159311	0.200288	0.0689207	0.0606544	0.11246	0.355449	0.159555	0.168695	0.182407	0.33312	0.330075	0.228406	0.259782	0.341577	0.335485	0.213837	0.160271	0.301922	0.13044	0.327654	0.305099	0.105276	0.104578	0.177706	0.182504	0.236554	0.237526	
MomentArms on: hip_flexion_l
0.00247881	0.0256213	0.0020208	0.00968927	-0.00931075	0.0328667	0.0168245	0.0324653	0.0364932	0.0433619	0.0420086	
MomentArms on: knee_angle_l
-0.0231098	-0.0214121	-0.0191963	-0.0191268	-0.0189698	-0.00497838	-0.0259959	-0.029822	0.0364132	0.0331235	0.0343978	0.0332104	
MomentArms on: ankle_angle_l
0.0261996	0.0287191	0.0170368	0.0304667	-0.010562	-0.0134533	-0.0399942	-0.0393411	-0.00579078	-0.00770791	-0.0360933	-0.0110756	
External Torques: 9.35487 2.48424 -23.7506 
Current Torque on hip_flexion_l 10.0076
Current Torque on knee_angle_l 2.91971
Current Torque on ankle_angle_l -23.5666

----------------------------------------


EmgTime: 2.625
Adjusted EMG
0	0	0	0	0	0	0	0	0	0	0	0	0	0	0	0	0	0	0	0	0	0	0	0	0	0	0	0	0	0	0	0	0	0	0	0	0	0	0	0	0	0	0	0.298835	0.298835	0.298835	0.285486	0.298835	0.298835	0.521196	0.521174	0.523723	0.520503	0.001	0.147075	0.37556	0.001	0.001	0.001	0.001	0.000997281	0.387636	0.298835	0.298835	0.298835	0.001	0.001	0.001	0.001	0.001	0.310344	0.158314	0.442994	0.447363	0.451625	0.451625	0.503167	0.001	0.0131663	0.00378545	0.457436	0.0238226	0.001	0.001	0.45599	0.464961	0	0.001	0	0.001	0	0.001	
LmtTime: 2.62
Lmt
0.0946255	0.109576	0.097435	0.0618693	0.0651479	0.0718659	0.344589	0.378069	0.353591	0.183363	0.433442	0.164223	0.106951	0.0993886	0.171657	0.305246	0.422851	0.0749592	0.349092	0.175209	0.188835	0.216665	0.1453	0.186234	0.062765	0.0558278	0.112356	0.349336	0.167846	0.177106	0.190953	0.325222	0.322137	0.226453	0.256831	0.33938	0.33364	0.21031	0.158664	0.299166	0.128503	0.323808	0.301614	0.0844475	0.100825	0.0920102	0.0568425	0.060794	0.0682121	0.333087	0.366262	0.340036	0.188913	0.453698	0.180621	0.113076	0.100441	0.166683	0.288519	0.434506	0.0848889	0.356669	0.162927	0.175237	0.199848	0.159812	0.20079	0.0693784	0.0609491	0.112625	0.35643	0.159981	0.169121	0.182848	0.332823	0.329775	0.228352	0.259765	0.341561	0.335465	0.213885	0.160262	0.301911	0.130467	0.327695	0.305144	0.105712	0.10501	0.176489	0.183034	0.236031	0.237488	
MomentArms on: hip_flexion_l
0.0026652	0.0257104	0.00166773	0.00943713	-0.00887508	0.0327713	0.0167918	0.0323695	0.0363457	0.0430557	0.0416138	
MomentArms on: knee_angle_l
-0.0231011	-0.0214023	-0.0191834	-0.0191478	-0.0189918	-0.00496365	-0.0259914	-0.029787	0.036409	0.0331258	0.0344003	0.0332151	
MomentArms on: ankle_angle_l
0.0262117	0.0287445	0.0170304	0.0304788	-0.0105229	-0.0134151	-0.0398757	-0.039229	-0.00577566	-0.0076955	-0.0359678	-0.011039	
External Torques: 10.1137 3.0182 -23.1121 
Current Torque on hip_flexion_l 10.7389
Current Torque on knee_angle_l 3.36154
Current Torque on ankle_angle_l -22.8939

----------------------------------------


EmgTime: 2.635
Adjusted EMG
0	0	0	0	0	0	0	0	0	0	0	0	0	0	0	0	0	0	0	0	0	0	0	0	0	0	0	0	0	0	0	0	0	0	0	0	0	0	0	0	0	0	0	0.298702	0.298702	0.298702	0.286805	0.298702	0.298702	0.521598	0.521584	0.523273	0.520933	0.001	0.104125	0.374906	0.001	0.001	0.001	0.001	0.000997281	0.38525	0.298702	0.298702	0.298702	0.001	0.001	0.001	0.001	0.001	0.348419	0.0578383	0.446008	0.448697	0.448836	0.448835	0.509925	0.001	0.0156466	0.00457597	0.451826	0.0283993	0.001	0.001	0.449898	0.461375	0	0.001	0	0.001	0	0.001	
LmtTime: 2.63
Lmt
0.0947603	0.109538	0.0972587	0.0620209	0.0652239	0.0718501	0.34499	0.378566	0.353861	0.183836	0.433723	0.164464	0.107072	0.0993874	0.171623	0.305134	0.42289	0.0751048	0.349575	0.175004	0.188575	0.216387	0.145472	0.186397	0.0625104	0.0556483	0.112208	0.348722	0.167173	0.176424	0.190264	0.325338	0.322255	0.226245	0.256767	0.33932	0.333562	0.210494	0.158631	0.299121	0.128604	0.323968	0.30179	0.0840808	0.100638	0.0920525	0.056692	0.060716	0.0682072	0.332187	0.365278	0.339154	0.188577	0.454047	0.181222	0.113327	0.100603	0.166698	0.288105	0.435039	0.0852007	0.356695	0.162695	0.174968	0.199506	0.160268	0.201249	0.0698187	0.0612375	0.112808	0.357465	0.160492	0.169632	0.183379	0.332444	0.329392	0.228265	0.259738	0.341535	0.335432	0.213961	0.160248	0.301892	0.130509	0.32776	0.305216	0.106136	0.105421	0.17535	0.183531	0.235557	0.23742	
MomentArms on: hip_flexion_l
0.00284447	0.0257996	0.00138488	0.00924678	-0.00843164	0.0326752	0.01676	0.0322718	0.0361881	0.0427284	0.0412434	
MomentArms on: knee_angle_l
-0.0230935	-0.0213966	-0.0191711	-0.0191604	-0.019005	-0.00495514	-0.0259875	-0.0297597	0.0364059	0.0331272	0.0344017	0.0332177	
MomentArms on: ankle_angle_l
0.0262236	0.0287699	0.0170235	0.0304904	-0.0104835	-0.0133766	-0.0397558	-0.0391156	-0.00576041	-0.00768295	-0.0358413	-0.0110021	
External Torques: 10.7292 3.56054 -22.3712 
Current Torque on hip_flexion_l 11.275
Current Torque on knee_angle_l 3.79096
Current Torque on ankle_angle_l -22.1015

----------------------------------------


EmgTime: 2.645
Adjusted EMG
0	0	0	0	0	0	0	0	0	0	0	0	0	0	0	0	0	0	0	0	0	0	0	0	0	0	0	0	0	0	0	0	0	0	0	0	0	0	0	0	0	0	0	0.298612	0.298611	0.298611	0.285807	0.298611	0.298611	0.522029	0.521533	0.523329	0.521486	0.001	0.0814046	0.372787	0.001	0.001	0.001	0.001	0.000997281	0.383643	0.298611	0.298611	0.298611	0.001	0.001	0.001	0.001	0.001	0.352833	0.0249455	0.447607	0.449182	0.446056	0.446056	0.520769	0.001	0.0190213	0.00571603	0.44516	0.0346514	0.001	0.001	0.442493	0.457815	0	0.001	0	0.001	0	0.001	
LmtTime: 2.64
Lmt
0.0949002	0.109493	0.0970672	0.0621866	0.0653105	0.0718379	0.345303	0.378956	0.354038	0.184295	0.434083	0.164721	0.107177	0.0993411	0.171527	0.304943	0.423012	0.0752651	0.349999	0.174764	0.188265	0.216018	0.145694	0.186611	0.0622278	0.0554654	0.112057	0.348189	0.166516	0.17576	0.18959	0.325464	0.322382	0.226051	0.256708	0.339263	0.333489	0.210665	0.1586	0.299079	0.128698	0.324115	0.301953	0.0837543	0.10049	0.0921235	0.056561	0.0606571	0.0682204	0.33128	0.364282	0.338279	0.188181	0.454319	0.181752	0.113545	0.100749	0.166719	0.287747	0.435554	0.0854706	0.35665	0.162522	0.174763	0.199233	0.16067	0.201653	0.0702347	0.0615108	0.112995	0.358545	0.161093	0.170234	0.184001	0.331979	0.328921	0.228141	0.2597	0.341499	0.335386	0.214068	0.160228	0.301865	0.130569	0.327853	0.305318	0.106524	0.105797	0.174303	0.184012	0.235133	0.237346	
MomentArms on: hip_flexion_l
0.00302044	0.0258902	0.00116372	0.00911185	-0.00797283	0.0325772	0.0167281	0.0321712	0.0360183	0.0423751	0.0408896	
MomentArms on: knee_angle_l
-0.0230866	-0.0213943	-0.0191591	-0.019166	-0.0190111	-0.00495175	-0.0259839	-0.0297382	0.0364037	0.0331278	0.0344023	0.0332188	
MomentArms on: ankle_angle_l
0.0262349	0.0287947	0.0170164	0.0305014	-0.0104447	-0.0133386	-0.0396371	-0.0390031	-0.00574534	-0.00767049	-0.0357163	-0.0109658	
External Torques: 11.145 4.0924 -21.5435 
Current Torque on hip_flexion_l 11.7265
Current Torque on knee_angle_l 4.27275
Current Torque on ankle_angle_l -21.197

----------------------------------------


EmgTime: 2.655
Adjusted EMG
0	0	0	0	0	0	0	0	0	0	0	0	0	0	0	0	0	0	0	0	0	0	0	0	0	0	0	0	0	0	0	0	0	0	0	0	0	0	0	0	0	0	0	0.298563	0.298563	0.298563	0.284453	0.298563	0.298563	0.522492	0.510843	0.527806	0.520447	0.001	0.0646838	0.370272	0.001	0.001	0.001	0.001	0.000997281	0.386003	0.298563	0.298563	0.298563	0.001	0.001	0.001	0.001	0.001	0.202273	0.001	0.43272	0.435432	0.443279	0.443279	0.536379	0.001	0.0232725	0.00723787	0.436986	0.0425707	0.001	0.001	0.433135	0.45425	0	0.001	0	0.001	0	0.001	
LmtTime: 2.65
Lmt
0.095052	0.109457	0.0968841	0.0623685	0.0654148	0.0718415	0.345525	0.37923	0.354125	0.184721	0.434505	0.164957	0.107241	0.0992352	0.171365	0.304682	0.423214	0.0754173	0.350335	0.174515	0.187931	0.215574	0.145947	0.186857	0.0619236	0.0552877	0.111918	0.347754	0.1659	0.175138	0.188957	0.325608	0.322528	0.225891	0.256659	0.339217	0.333429	0.210805	0.158574	0.299045	0.128776	0.324236	0.302086	0.0834593	0.100364	0.0922015	0.0564378	0.0606029	0.068235	0.33038	0.363289	0.337428	0.187723	0.454498	0.182216	0.113744	0.100893	0.166762	0.287462	0.436027	0.0857022	0.356538	0.162395	0.174617	0.199044	0.161007	0.201994	0.0706212	0.061761	0.11317	0.359652	0.161783	0.170926	0.184716	0.331424	0.32836	0.227977	0.25965	0.341451	0.335324	0.21421	0.160202	0.301829	0.130648	0.327975	0.305452	0.106857	0.106127	0.173354	0.184493	0.234757	0.237292	
MomentArms on: hip_flexion_l
0.00319666	0.0259833	0.00099549	0.00902567	-0.00749122	0.0324755	0.0166952	0.032066	0.035834	0.041991	0.0405444	
MomentArms on: knee_angle_l
-0.0230801	-0.0213949	-0.019147	-0.0191659	-0.0190112	-0.00495263	-0.0259806	-0.0297209	0.0364022	0.0331277	0.0344021	0.0332185	
MomentArms on: ankle_angle_l
0.0262456	0.0288185	0.0170092	0.0305116	-0.0104071	-0.0133019	-0.0395216	-0.0388937	-0.00573071	-0.00765836	-0.0355951	-0.0109306	
External Torques: 11.3292 4.60343 -20.6458 
Current Torque on hip_flexion_l 11.9707
Current Torque on knee_angle_l 5.34239
Current Torque on ankle_angle_l -20.1894

----------------------------------------


EmgTime: 2.665
Adjusted EMG
0	0	0	0	0	0	0	0	0	0	0	0	0	0	0	0	0	0	0	0	0	0	0	0	0	0	0	0	0	0	0	0	0	0	0	0	0	0	0	0	0	0	0	0.298558	0.298558	0.298558	0.285629	0.298558	0.298558	0.522982	0.465108	0.535866	0.518866	0.001	0.265599	0.369249	0.001	0.001	0.001	0.001	0.000997281	0.391188	0.298558	0.298558	0.298558	0.001	0.001	0.001	0.001	0.001	0.001	0.001	0.41169	0.40397	0.440525	0.440527	0.556463	0.001	0.0285526	0.00942963	0.42691	0.0523833	0.001	0.001	0.421247	0.45069	0	0.001	0	0.001	0	0.001	
LmtTime: 2.66
Lmt
0.095223	0.109448	0.0967338	0.0625696	0.0655447	0.0718742	0.34565	0.379381	0.354122	0.185099	0.434973	0.165133	0.107238	0.0990537	0.171125	0.30436	0.423495	0.0755388	0.350557	0.174284	0.187599	0.215071	0.146213	0.187117	0.0616035	0.055124	0.111808	0.347428	0.165351	0.174583	0.188393	0.325777	0.322699	0.225784	0.256626	0.339186	0.333389	0.210898	0.158557	0.299022	0.128828	0.324317	0.302175	0.0831832	0.100242	0.0922618	0.056309	0.0605364	0.0682329	0.329502	0.362312	0.336614	0.187206	0.45457	0.182624	0.113938	0.101056	0.166845	0.287265	0.436434	0.0859025	0.356365	0.162294	0.17452	0.198949	0.161276	0.202266	0.0709755	0.0619808	0.113315	0.360772	0.162557	0.171702	0.185516	0.330781	0.327709	0.227769	0.259586	0.341391	0.335247	0.214389	0.160168	0.301785	0.130747	0.328129	0.305621	0.107116	0.106405	0.172503	0.184993	0.234423	0.237281	
MomentArms on: hip_flexion_l
0.00337643	0.0260797	0.00087254	0.00898239	-0.00697943	0.0323683	0.0166605	0.0319543	0.0356318	0.0415705	0.0401996	
MomentArms on: knee_angle_l
-0.0230737	-0.021398	-0.0191346	-0.0191606	-0.019006	-0.00495729	-0.0259774	-0.0297068	0.0364013	0.0331269	0.0344014	0.0332171	
MomentArms on: ankle_angle_l
0.0262554	0.0288409	0.0170021	0.0305208	-0.0103714	-0.0132669	-0.0394114	-0.0387892	-0.00571679	-0.00764677	-0.0354797	-0.0108971	
External Torques: 11.2975 5.10013 -19.6912 
Current Torque on hip_flexion_l 11.8983
Current Torque on knee_angle_l 6.893
Current Torque on ankle_angle_l -19.0872

----------------------------------------


EmgTime: 2.675
Adjusted EMG
0	0	0	0	0	0	0	0	0	0	0	0	0	0	0	0	0	0	0	0	0	0	0	0	0	0	0	0	0	0	0	0	0	0	0	0	0	0	0	0	0	0	0	0.298597	0.298597	0.298597	0.29356	0.298597	0.298597	0.523503	0.361862	0.545432	0.518325	0.0164776	0.326339	0.373529	0.001	0.001	0.001	0.001	0.000997281	0.39679	0.298597	0.298597	0.298597	0.001	0.001	0.001	0.001	0.001	0.001	0.001	0.407907	0.358635	0.437785	0.437785	0.579548	0.001	0.0339679	0.0118391	0.414688	0.0626199	0.001	0.001	0.406283	0.447108	0	0.001	0	0.001	0	0.001	
LmtTime: 2.67
Lmt
0.0954206	0.109483	0.0966392	0.0627932	0.0657081	0.0719485	0.345677	0.3794	0.354029	0.185415	0.435476	0.165215	0.107144	0.0987811	0.170801	0.303981	0.423855	0.0756091	0.35064	0.174095	0.187292	0.214523	0.146475	0.187376	0.061272	0.0549823	0.111742	0.347227	0.16489	0.174119	0.187918	0.325978	0.322903	0.225747	0.256615	0.339175	0.333376	0.21093	0.158551	0.299014	0.128845	0.324345	0.302206	0.0829115	0.100101	0.0922797	0.0561604	0.0604412	0.0681959	0.328657	0.361366	0.335848	0.186633	0.454525	0.182992	0.114146	0.101255	0.166984	0.287168	0.436756	0.0860805	0.356142	0.162197	0.174456	0.198954	0.161476	0.202467	0.0712967	0.0621645	0.113413	0.361887	0.163406	0.172555	0.186392	0.330053	0.326971	0.227514	0.259508	0.341316	0.335152	0.214607	0.160127	0.30173	0.130869	0.328316	0.305827	0.107287	0.106631	0.171744	0.185525	0.234119	0.237331	
MomentArms on: hip_flexion_l
0.00356271	0.0261799	0.00078948	0.00897797	-0.00643039	0.0322534	0.0166235	0.0318343	0.0354086	0.0411072	0.0398478	
MomentArms on: knee_angle_l
-0.0230673	-0.0214036	-0.0191216	-0.0191505	-0.0189957	-0.00496558	-0.0259741	-0.0296955	0.0364007	0.0331255	0.0344	0.0332144	
MomentArms on: ankle_angle_l
0.0262642	0.0288616	0.0169951	0.0305289	-0.0103382	-0.0132343	-0.0393084	-0.0386914	-0.00570379	-0.00763591	-0.0353721	-0.010866	
External Torques: 11.1224 5.60871 -18.6828 
Current Torque on hip_flexion_l 11.3665
Current Torque on knee_angle_l 8.65558
Current Torque on ankle_angle_l -17.8957

----------------------------------------


EmgTime: 2.685
Adjusted EMG
0	0	0	0	0	0	0	0	0	0	0	0	0	0	0	0	0	0	0	0	0	0	0	0	0	0	0	0	0	0	0	0	0	0	0	0	0	0	0	0	0	0	0	0.29868	0.29868	0.29868	0.298685	0.29868	0.29868	0.524053	0.228184	0.56067	0.518803	0.0773188	0.376726	0.376641	0.001	0.001	0.001	0.001	0.000997281	0.406812	0.29868	0.29868	0.29868	0.00169988	0.00121905	0.001	0.001	0.001	0.001	0.001	0.44681	0.270271	0.435064	0.435065	0.603292	0.001	0.0391413	0.0144301	0.40052	0.0725718	0.001	0.001	0.388218	0.443526	0	0.001	0	0.001	0	0.001	
LmtTime: 2.68
Lmt
0.0956512	0.109575	0.0966186	0.063042	0.0659114	0.0720745	0.345604	0.379286	0.353849	0.185657	0.436002	0.165174	0.106942	0.0984049	0.170386	0.303553	0.424291	0.0756121	0.350566	0.173966	0.18703	0.213941	0.14672	0.187622	0.0609327	0.0548685	0.111733	0.347157	0.164534	0.17376	0.187552	0.326215	0.323142	0.225791	0.256629	0.339188	0.333392	0.210891	0.158559	0.299023	0.128824	0.324311	0.302169	0.0826307	0.0999242	0.0922339	0.0559805	0.0603032	0.0681087	0.327817	0.360461	0.335139	0.186013	0.454361	0.183337	0.114385	0.101509	0.167194	0.287177	0.436975	0.0862466	0.355884	0.162083	0.174409	0.199059	0.161609	0.202601	0.0715853	0.062308	0.113452	0.362979	0.164315	0.173471	0.18733	0.329245	0.326151	0.22721	0.259414	0.341227	0.335038	0.214865	0.160078	0.301665	0.131013	0.328539	0.306071	0.107364	0.106806	0.171066	0.186099	0.233833	0.237457	
MomentArms on: hip_flexion_l
0.00375798	0.0262849	0.00074406	0.00901082	-0.00583778	0.0321295	0.016584	0.0317043	0.0351606	0.0405947	0.0394828	
MomentArms on: knee_angle_l
-0.0230608	-0.0214117	-0.0191082	-0.019135	-0.01898	-0.00497771	-0.0259709	-0.029687	0.0364006	0.0331236	0.0343979	0.0332106	
MomentArms on: ankle_angle_l
0.0262721	0.0288803	0.0169886	0.0305361	-0.010308	-0.0132047	-0.0392144	-0.0386021	-0.00569195	-0.007626	-0.0352741	-0.0108377	
External Torques: 10.9163 6.16579 -17.6092 
Current Torque on hip_flexion_l 10.9159
Current Torque on knee_angle_l 11.2456
Current Torque on ankle_angle_l -16.617

----------------------------------------


EmgTime: 2.695
Adjusted EMG
0	0	0	0	0	0	0	0	0	0	0	0	0	0	0	0	0	0	0	0	0	0	0	0	0	0	0	0	0	0	0	0	0	0	0	0	0	0	0	0	0	0	0	0.298808	0.298808	0.298808	0.298891	0.298808	0.298808	0.524631	0.199579	0.583667	0.52187	0.118523	0.377043	0.375835	0.001	0.001	0.001	0.00132821	0.000997281	0.421723	0.298808	0.298808	0.298808	0.0159092	0.0116043	0.001	0.001	0.001	0.001	0.001	0.613286	0.0924217	0.432366	0.432366	0.623739	0.001	0.0432343	0.016795	0.385291	0.0807249	0.001	0.001	0.367875	0.439978	0	0.001	0	0.001	0	0.001	
LmtTime: 2.69
Lmt
0.0959191	0.109736	0.0966843	0.0633181	0.0661587	0.0722586	0.345435	0.37904	0.353586	0.185821	0.436543	0.164994	0.106619	0.0979182	0.169876	0.30308	0.424801	0.0755374	0.350328	0.173911	0.186825	0.213336	0.14694	0.187846	0.060588	0.0547865	0.111789	0.347222	0.164292	0.173517	0.187303	0.326487	0.323418	0.225923	0.256669	0.339226	0.333441	0.210777	0.15858	0.299052	0.12876	0.324212	0.302059	0.08233	0.099697	0.0921089	0.0557611	0.0601125	0.0679608	0.327061	0.359605	0.334493	0.185353	0.454076	0.183675	0.114667	0.101829	0.167485	0.287294	0.437084	0.0864104	0.355602	0.161932	0.174364	0.19926	0.161682	0.202674	0.0718428	0.0624092	0.113424	0.364037	0.165273	0.174436	0.188316	0.328363	0.325257	0.226857	0.259306	0.341124	0.334906	0.215164	0.160022	0.301589	0.13118	0.328795	0.306352	0.107344	0.106935	0.170457	0.186722	0.233552	0.237664	
MomentArms on: hip_flexion_l
0.00396398	0.0263953	0.00073758	0.00908206	-0.00519699	0.0319957	0.0165426	0.0315635	0.0348846	0.0400273	0.0391003	
MomentArms on: knee_angle_l
-0.0230545	-0.0214227	-0.0190943	-0.0191133	-0.0189578	-0.00499432	-0.0259676	-0.0296821	0.036401	0.033121	0.034395	0.0332054	
MomentArms on: ankle_angle_l
0.0262788	0.0288967	0.0169826	0.0305421	-0.0102813	-0.0131785	-0.0391309	-0.0385228	-0.00568148	-0.00761721	-0.0351875	-0.0108127	
External Torques: 10.8065 6.80402 -16.4439 
Current Torque on hip_flexion_l 10.802
Current Torque on knee_angle_l 15.0021
Current Torque on ankle_angle_l -15.2503

----------------------------------------


EmgTime: 2.705
Adjusted EMG
0	0	0	0	0	0	0	0	0	0	0	0	0	0	0	0	0	0	0	0	0	0	0	0	0	0	0	0	0	0	0	0	0	0	0	0	0	0	0	0	0	0	0	0.298981	0.298981	0.298981	0.299119	0.298981	0.298981	0.525238	0.210201	0.611901	0.529356	0.16482	0.377312	0.375106	0.001	0.001	0.001	0.00190908	0.00130626	0.437349	0.298981	0.298981	0.298981	0.0251794	0.0187558	0.001	0.001	0.001	0.001	0.001	0.905708	0.001	0.429696	0.429692	0.637048	0.001	0.0457366	0.0185605	0.37066	0.0860851	0.001	0.001	0.347595	0.436531	0	0.001	0	0.001	0	0.001	
LmtTime: 2.7
Lmt
0.0962259	0.109966	0.0968402	0.0636216	0.0664507	0.0725023	0.345176	0.378671	0.353248	0.185907	0.437091	0.164669	0.106173	0.0973215	0.169277	0.302571	0.425379	0.0753815	0.349929	0.173936	0.186683	0.212714	0.147131	0.188044	0.0602393	0.0547369	0.111911	0.347416	0.164166	0.17339	0.187173	0.326792	0.323728	0.22614	0.256735	0.339289	0.333523	0.210586	0.158614	0.299098	0.128655	0.324047	0.301878	0.0820035	0.099412	0.0918974	0.0554993	0.0598655	0.0677476	0.326348	0.358801	0.33391	0.184661	0.453678	0.184019	0.115	0.102223	0.16786	0.287514	0.437079	0.0865795	0.35531	0.161732	0.174309	0.199544	0.161703	0.202694	0.0720716	0.0624684	0.113323	0.365051	0.166265	0.175438	0.189334	0.327419	0.324298	0.226455	0.259183	0.341006	0.334757	0.215499	0.159957	0.301504	0.131368	0.329084	0.306668	0.107232	0.107025	0.1699	0.187395	0.233268	0.237949	
MomentArms on: hip_flexion_l
0.00418139	0.0265116	0.00077459	0.00919508	-0.00450612	0.0318519	0.0164999	0.0314117	0.0345784	0.0394008	0.0386988	
MomentArms on: knee_angle_l
-0.0230485	-0.0214373	-0.0190803	-0.0190839	-0.0189276	-0.00501645	-0.0259643	-0.0296823	0.0364018	0.0331177	0.0343909	0.0331985	
MomentArms on: ankle_angle_l
0.0262843	0.0289105	0.0169775	0.030547	-0.0102587	-0.0131563	-0.0390599	-0.0384551	-0.0056726	-0.00760974	-0.0351141	-0.0107915	
External Torques: 10.8774 7.52473 -15.1488 
Current Torque on hip_flexion_l 10.8694
Current Torque on knee_angle_l 19.6368
Current Torque on ankle_angle_l -13.7917

----------------------------------------
Estimation completed.

LmtMa: lmtMa DONE
Using c:/opensim_tutorial\tutorials\Cerebral_Palsy_Project\Simulations\PC006\trial2_l1\ceinms\execution as output directory
