
+-+-+-+-+-+-+
|C|E|I|N|M|S|
+-+-+-+-+-+-+-+-+-+-+
|C|a|l|i|b|r|a|t|e|d|
+-+-+-+-+-+-+-+-+-+-+-+-+
|E|M|G|-|I|n|f|o|r|m|e|d|
+-+-+-+-+-+-+-+-+-+-+-+-+-+-+-+-+-+-+-+-+
|N|e|u|r|o|m|u|s|c|u|l|o|s|k|e|l|e|t|a|l|
+-+-+-+-+-+-+-+-+-+-+-+-+-+-+-+-+-+-+-+-+
|T|o|o|l|b|o|x|
+-+-+-+-+-+-+-+

CEINMScalibrate version 0.21.0
Copyright (C) Apr 29 2020
Claudio Pizzolato, Monica Reggiani, Massimo Sartori, David Lloyd
Software developers: Claudio Pizzolato, Monica Reggiani
readNMSmodelCfg
boost::filesystem::canonical: No such file or directory: "c:\opensim_tutorial\tutorials\Cerebral_Palsy_Project\Simulations\TD006\normal2_l1\ceinms\.\calibratedSubject.xml"Reading subject file: c:\opensim_tutorial\tutorials\Cerebral_Palsy_Project\Simulations\TD006\normal2_l1\ceinms\uncalibratedSubject.xml .
Contact model  not found
Calibration configuration
 - Algorithm
 -- Simulated Annealing
 --- noEpsilon 4
 --- NS 15
 --- NT 5
 --- maxNoEval 200000
 --- rt 0.3
 --- T 200000
 --- epsilon 1e-05
 - NMSmodel
 - CalibrationSteps
 -- Step
 Objective Function: TorqueErrorNormalised
 - Targets Type: Torque
 - Targets: all 
 - Weight: 1
 - Exponent: 1
 Objective Function: Penalty
 - Targets Type: Normalised Fibre Length
 - Targets: all 
 - Weight: 100
 - Exponent: 2
 - Range: 0.6, 1.4
 - Trials
 -- c:\opensim_tutorial\tutorials\Cerebral_Palsy_Project\Simulations\TD006\normal2_l1\ceinms\.\trial.xml


Reading subject file: c:\opensim_tutorial\tutorials\Cerebral_Palsy_Project\Simulations\TD006\normal2_l1\ceinms\uncalibratedSubject.xml .
activeForceLength
passiveForceLength
forceVelocity
tendonForceStrain
Assuming glut_med1_r pennation angle in radians: 0.139626
Assuming glut_med2_r pennation angle in radians: 0
Assuming glut_med3_r pennation angle in radians: 0.331613
Assuming glut_min1_r pennation angle in radians: 0.174533
Assuming glut_min2_r pennation angle in radians: 0
Assuming glut_min3_r pennation angle in radians: 0.0174533
Assuming semimem_r pennation angle in radians: 0.261799
Assuming semiten_r pennation angle in radians: 0.0872665
Assuming bifemlh_r pennation angle in radians: 0
Assuming bifemsh_r pennation angle in radians: 0.401426
Assuming sar_r pennation angle in radians: 0
Assuming add_long_r pennation angle in radians: 0.10472
Assuming add_brev_r pennation angle in radians: 0
Assuming add_mag1_r pennation angle in radians: 0.0872665
Assuming add_mag2_r pennation angle in radians: 0.0523599
Assuming add_mag3_r pennation angle in radians: 0.0872665
Assuming tfl_r pennation angle in radians: 0.0523599
Assuming pect_r pennation angle in radians: 0
Assuming grac_r pennation angle in radians: 0.0523599
Assuming glut_max1_r pennation angle in radians: 0.0872665
Assuming glut_max2_r pennation angle in radians: 0
Assuming glut_max3_r pennation angle in radians: 0.0872665
Assuming iliacus_r pennation angle in radians: 0.122173
Assuming psoas_r pennation angle in radians: 0.139626
Assuming quad_fem_r pennation angle in radians: 0
Assuming gem_r pennation angle in radians: 0
Assuming peri_r pennation angle in radians: 0.174533
Assuming rect_fem_r pennation angle in radians: 0.0872665
Assuming vas_med_r pennation angle in radians: 0.0872665
Assuming vas_int_r pennation angle in radians: 0.0523599
Assuming vas_lat_r pennation angle in radians: 0.0872665
Assuming med_gas_r pennation angle in radians: 0.296706
Assuming lat_gas_r pennation angle in radians: 0.139626
Assuming soleus_r pennation angle in radians: 0.436332
Assuming tib_post_r pennation angle in radians: 0.20944
Assuming flex_dig_r pennation angle in radians: 0.122173
Assuming flex_hal_r pennation angle in radians: 0.174533
Assuming tib_ant_r pennation angle in radians: 0.0872665
Assuming per_brev_r pennation angle in radians: 0.0872665
Assuming per_long_r pennation angle in radians: 0.174533
Assuming per_tert_r pennation angle in radians: 0.226893
Assuming ext_dig_r pennation angle in radians: 0.139626
Assuming ext_hal_r pennation angle in radians: 0.10472
Assuming glut_med1_l pennation angle in radians: 0.139626
Assuming glut_med2_l pennation angle in radians: 0
Assuming glut_med3_l pennation angle in radians: 0.331613
Assuming glut_min1_l pennation angle in radians: 0.174533
Assuming glut_min2_l pennation angle in radians: 0
Assuming glut_min3_l pennation angle in radians: 0.0174533
Assuming semimem_l pennation angle in radians: 0.261799
Assuming semiten_l pennation angle in radians: 0.0872665
Assuming bifemlh_l pennation angle in radians: 0
Assuming bifemsh_l pennation angle in radians: 0.401426
Assuming sar_l pennation angle in radians: 0
Assuming add_long_l pennation angle in radians: 0.10472
Assuming add_brev_l pennation angle in radians: 0
Assuming add_mag1_l pennation angle in radians: 0.0872665
Assuming add_mag2_l pennation angle in radians: 0.0523599
Assuming add_mag3_l pennation angle in radians: 0.0872665
Assuming tfl_l pennation angle in radians: 0.0523599
Assuming pect_l pennation angle in radians: 0
Assuming grac_l pennation angle in radians: 0.0523599
Assuming glut_max1_l pennation angle in radians: 0.0872665
Assuming glut_max2_l pennation angle in radians: 0
Assuming glut_max3_l pennation angle in radians: 0.0872665
Assuming iliacus_l pennation angle in radians: 0.122173
Assuming psoas_l pennation angle in radians: 0.139626
Assuming quad_fem_l pennation angle in radians: 0
Assuming gem_l pennation angle in radians: 0
Assuming peri_l pennation angle in radians: 0.174533
Assuming rect_fem_l pennation angle in radians: 0.0872665
Assuming vas_med_l pennation angle in radians: 0.0872665
Assuming vas_int_l pennation angle in radians: 0.0523599
Assuming vas_lat_l pennation angle in radians: 0.0872665
Assuming med_gas_l pennation angle in radians: 0.296706
Assuming lat_gas_l pennation angle in radians: 0.139626
Assuming soleus_l pennation angle in radians: 0.436332
Assuming tib_post_l pennation angle in radians: 0.20944
Assuming flex_dig_l pennation angle in radians: 0.122173
Assuming flex_hal_l pennation angle in radians: 0.174533
Assuming tib_ant_l pennation angle in radians: 0.0872665
Assuming per_brev_l pennation angle in radians: 0.0872665
Assuming per_long_l pennation angle in radians: 0.174533
Assuming per_tert_l pennation angle in radians: 0.226893
Assuming ext_dig_l pennation angle in radians: 0.139626
Assuming ext_hal_l pennation angle in radians: 0.10472
Assuming ercspn_r pennation angle in radians: 0
Assuming ercspn_l pennation angle in radians: 0
Assuming intobl_r pennation angle in radians: 0
Assuming intobl_l pennation angle in radians: 0
Assuming extobl_r pennation angle in radians: 0
Assuming extobl_l pennation angle in radians: 0
Found OpenSim model associated to the subject: c:\opensim_tutorial\tutorials\Cerebral_Palsy_Project\Simulations\TD006\TD006_v3.osim

EMG: Reading emg file...c:/opensim_tutorial/tutorials/Cerebral_Palsy_Project/Simulations/TD006/normal2_l1/ceinms/./../processed_emg_signals.mot
Muscle excitations to muscle mapping:
glut_med1_r -> glut_med1_r
glut_med2_r -> glut_med2_r
glut_med3_r -> glut_med3_r
glut_min1_r -> glut_min1_r
glut_min2_r -> glut_min2_r
glut_min3_r -> glut_min3_r
semimem_r -> semimem_r
semiten_r -> semiten_r
bifemlh_r -> bifemlh_r
bifemsh_r -> bifemsh_r
sar_r -> sar_r
add_long_r -> add_long_r
add_brev_r -> add_brev_r
add_mag1_r -> add_mag1_r
add_mag2_r -> add_mag2_r
add_mag3_r -> add_mag3_r
tfl_r -> tfl_r
pect_r -> pect_r
grac_r -> grac_r
glut_max1_r -> glut_max1_r
glut_max2_r -> glut_max2_r
glut_max3_r -> glut_max3_r
iliacus_r -> iliacus_r
psoas_r -> psoas_r
quad_fem_r -> quad_fem_r
gem_r -> gem_r
peri_r -> peri_r
rect_fem_r -> rect_fem_r
vas_med_r -> vas_med_r
vas_int_r -> vas_int_r
vas_lat_r -> vas_lat_r
med_gas_r -> med_gas_r
lat_gas_r -> lat_gas_r
soleus_r -> soleus_r
tib_post_r -> tib_post_r
flex_dig_r -> flex_dig_r
flex_hal_r -> flex_hal_r
tib_ant_r -> tib_ant_r
per_brev_r -> per_brev_r
per_long_r -> per_long_r
per_tert_r -> per_tert_r
ext_dig_r -> ext_dig_r
ext_hal_r -> ext_hal_r
glut_med1_l -> glut_med1_l
glut_med2_l -> glut_med2_l
glut_med3_l -> glut_med3_l
glut_min1_l -> glut_min1_l
glut_min2_l -> glut_min2_l
glut_min3_l -> glut_min3_l
semimem_l -> semimem_l
semiten_l -> semiten_l
bifemlh_l -> bifemlh_l
bifemsh_l -> bifemsh_l
sar_l -> sar_l
add_long_l -> add_long_l
add_brev_l -> add_brev_l
add_mag1_l -> add_mag1_l
add_mag2_l -> add_mag2_l
add_mag3_l -> add_mag3_l
tfl_l -> tfl_l
pect_l -> pect_l
grac_l -> grac_l
glut_max1_l -> glut_max1_l
glut_max2_l -> glut_max2_l
glut_max3_l -> glut_max3_l
iliacus_l -> iliacus_l
psoas_l -> psoas_l
quad_fem_l -> quad_fem_l
gem_l -> gem_l
peri_l -> peri_l
rect_fem_l -> rect_fem_l
vas_med_l -> vas_med_l
vas_int_l -> vas_int_l
vas_lat_l -> vas_lat_l
med_gas_l -> med_gas_l
lat_gas_l -> lat_gas_l
soleus_l -> soleus_l
tib_post_l -> tib_post_l
flex_dig_l -> flex_dig_l
flex_hal_l -> flex_hal_l
tib_ant_l -> tib_ant_l
per_brev_l -> per_brev_l
per_long_l -> per_long_l
per_tert_l -> per_tert_l
ext_dig_l -> ext_dig_l
ext_hal_l -> ext_hal_l
ercspn_r -> ercspn_r
ercspn_l -> ercspn_l
intobl_r -> intobl_r
intobl_l -> intobl_l
extobl_r -> extobl_r
extobl_l -> extobl_l

externalTorque DONE

EMG: EMG DONE

LmtMa: lmtMa DONE
Cropping trial: 0.84, 1.29
Loaded model TD006 from file c:\opensim_tutorial\tutorials\Cerebral_Palsy_Project\Simulations\TD006\TD006_v3.osim
Storage: file=c:/opensim_tutorial/tutorials/Cerebral_Palsy_Project/Simulations/TD006/normal2_l1/ceinms/./../Visual3d_SIMM_input.mot (nr=46 nc=42)
Return false
fLatest_.at(0) - fOpt_ = 578.653 - 48.442 > 1e-05
------------------------------------------------------------------------------
 Objective Function: TorqueErrorNormalised
 - Targets Type: Torque
 - Targets: hip_flexion_l hip_adduction_l hip_rotation_l knee_angle_l ankle_angle_l 
 - Weight: 1
 - Exponent: 1
 - Value: 575.843
 -- Root Mean Square Errors
 --- Trial #1
 ---- hip_flexion_l: 4.01049 Nm
 ---- hip_adduction_l: 19.2836 Nm
 ---- hip_rotation_l: 6.89123 Nm
 ---- knee_angle_l: 88.0455 Nm
 ---- ankle_angle_l: 338.564 Nm

 Objective Function: Penalty
 - Targets Type: Normalised Fibre Length
 - Targets: glut_med1_r glut_med2_r glut_med3_r glut_min1_r glut_min2_r glut_min3_r semimem_r semiten_r bifemlh_r bifemsh_r sar_r add_long_r add_brev_r add_mag1_r add_mag2_r add_mag3_r tfl_r pect_r grac_r glut_max1_r glut_max2_r glut_max3_r iliacus_r psoas_r quad_fem_r gem_r peri_r rect_fem_r vas_med_r vas_int_r vas_lat_r med_gas_r lat_gas_r soleus_r tib_post_r flex_dig_r flex_hal_r tib_ant_r per_brev_r per_long_r per_tert_r ext_dig_r ext_hal_r glut_med1_l glut_med2_l glut_med3_l glut_min1_l glut_min2_l glut_min3_l semimem_l semiten_l bifemlh_l bifemsh_l sar_l add_long_l add_brev_l add_mag1_l add_mag2_l add_mag3_l tfl_l pect_l grac_l glut_max1_l glut_max2_l glut_max3_l iliacus_l psoas_l quad_fem_l gem_l peri_l rect_fem_l vas_med_l vas_int_l vas_lat_l med_gas_l lat_gas_l soleus_l tib_post_l flex_dig_l flex_hal_l tib_ant_l per_brev_l per_long_l per_tert_l ext_dig_l ext_hal_l ercspn_r ercspn_l intobl_r intobl_l extobl_r extobl_l 
 - Weight: 100
 - Exponent: 2
 - Range: 0.6, 1.4
 - Value: 2.81006

------------------------------------------------------------------------------
   Fobj = 578.653
------------------------------------------------------------------------------
Return false
fLatest_.at(0) - fOpt_ = 296.058 - 46.5125 > 1e-05
------------------------------------------------------------------------------
 Objective Function: TorqueErrorNormalised
 - Targets Type: Torque
 - Targets: hip_flexion_l hip_adduction_l hip_rotation_l knee_angle_l ankle_angle_l 
 - Weight: 1
 - Exponent: 1
 - Value: 295.771
 -- Root Mean Square Errors
 --- Trial #1
 ---- hip_flexion_l: 18.6597 Nm
 ---- hip_adduction_l: 16.9837 Nm
 ---- hip_rotation_l: 15.9454 Nm
 ---- knee_angle_l: 8.38445 Nm
 ---- ankle_angle_l: 235.797 Nm

 Objective Function: Penalty
 - Targets Type: Normalised Fibre Length
 - Targets: glut_med1_r glut_med2_r glut_med3_r glut_min1_r glut_min2_r glut_min3_r semimem_r semiten_r bifemlh_r bifemsh_r sar_r add_long_r add_brev_r add_mag1_r add_mag2_r add_mag3_r tfl_r pect_r grac_r glut_max1_r glut_max2_r glut_max3_r iliacus_r psoas_r quad_fem_r gem_r peri_r rect_fem_r vas_med_r vas_int_r vas_lat_r med_gas_r lat_gas_r soleus_r tib_post_r flex_dig_r flex_hal_r tib_ant_r per_brev_r per_long_r per_tert_r ext_dig_r ext_hal_r glut_med1_l glut_med2_l glut_med3_l glut_min1_l glut_min2_l glut_min3_l semimem_l semiten_l bifemlh_l bifemsh_l sar_l add_long_l add_brev_l add_mag1_l add_mag2_l add_mag3_l tfl_l pect_l grac_l glut_max1_l glut_max2_l glut_max3_l iliacus_l psoas_l quad_fem_l gem_l peri_l rect_fem_l vas_med_l vas_int_l vas_lat_l med_gas_l lat_gas_l soleus_l tib_post_l flex_dig_l flex_hal_l tib_ant_l per_brev_l per_long_l per_tert_l ext_dig_l ext_hal_l ercspn_r ercspn_l intobl_r intobl_l extobl_r extobl_l 
 - Weight: 100
 - Exponent: 2
 - Range: 0.6, 1.4
 - Value: 0.287604

------------------------------------------------------------------------------
   Fobj = 296.058
------------------------------------------------------------------------------
Return false
fLatest_.at(0) - fOpt_ = 114.924 - 33.5541 > 1e-05
------------------------------------------------------------------------------
 Objective Function: TorqueErrorNormalised
 - Targets Type: Torque
 - Targets: hip_flexion_l hip_adduction_l hip_rotation_l knee_angle_l ankle_angle_l 
 - Weight: 1
 - Exponent: 1
 - Value: 114.637
 -- Root Mean Square Errors
 --- Trial #1
 ---- hip_flexion_l: 24.8744 Nm
 ---- hip_adduction_l: 21.6108 Nm
 ---- hip_rotation_l: 11.3614 Nm
 ---- knee_angle_l: 1.47211 Nm
 ---- ankle_angle_l: 55.3186 Nm

 Objective Function: Penalty
 - Targets Type: Normalised Fibre Length
 - Targets: glut_med1_r glut_med2_r glut_med3_r glut_min1_r glut_min2_r glut_min3_r semimem_r semiten_r bifemlh_r bifemsh_r sar_r add_long_r add_brev_r add_mag1_r add_mag2_r add_mag3_r tfl_r pect_r grac_r glut_max1_r glut_max2_r glut_max3_r iliacus_r psoas_r quad_fem_r gem_r peri_r rect_fem_r vas_med_r vas_int_r vas_lat_r med_gas_r lat_gas_r soleus_r tib_post_r flex_dig_r flex_hal_r tib_ant_r per_brev_r per_long_r per_tert_r ext_dig_r ext_hal_r glut_med1_l glut_med2_l glut_med3_l glut_min1_l glut_min2_l glut_min3_l semimem_l semiten_l bifemlh_l bifemsh_l sar_l add_long_l add_brev_l add_mag1_l add_mag2_l add_mag3_l tfl_l pect_l grac_l glut_max1_l glut_max2_l glut_max3_l iliacus_l psoas_l quad_fem_l gem_l peri_l rect_fem_l vas_med_l vas_int_l vas_lat_l med_gas_l lat_gas_l soleus_l tib_post_l flex_dig_l flex_hal_l tib_ant_l per_brev_l per_long_l per_tert_l ext_dig_l ext_hal_l ercspn_r ercspn_l intobl_r intobl_l extobl_r extobl_l 
 - Weight: 100
 - Exponent: 2
 - Range: 0.6, 1.4
 - Value: 0.286134

------------------------------------------------------------------------------
   Fobj = 114.924
------------------------------------------------------------------------------
Return false
fLatest_.at(0) - fOpt_ = 189.32 - 31.7994 > 1e-05
------------------------------------------------------------------------------
 Objective Function: TorqueErrorNormalised
 - Targets Type: Torque
 - Targets: hip_flexion_l hip_adduction_l hip_rotation_l knee_angle_l ankle_angle_l 
 - Weight: 1
 - Exponent: 1
 - Value: 188.744
 -- Root Mean Square Errors
 --- Trial #1
 ---- hip_flexion_l: 2.46682 Nm
 ---- hip_adduction_l: 18.7416 Nm
 ---- hip_rotation_l: 6.90503 Nm
 ---- knee_angle_l: 41.3449 Nm
 ---- ankle_angle_l: 107.381 Nm

 Objective Function: Penalty
 - Targets Type: Normalised Fibre Length
 - Targets: glut_med1_r glut_med2_r glut_med3_r glut_min1_r glut_min2_r glut_min3_r semimem_r semiten_r bifemlh_r bifemsh_r sar_r add_long_r add_brev_r add_mag1_r add_mag2_r add_mag3_r tfl_r pect_r grac_r glut_max1_r glut_max2_r glut_max3_r iliacus_r psoas_r quad_fem_r gem_r peri_r rect_fem_r vas_med_r vas_int_r vas_lat_r med_gas_r lat_gas_r soleus_r tib_post_r flex_dig_r flex_hal_r tib_ant_r per_brev_r per_long_r per_tert_r ext_dig_r ext_hal_r glut_med1_l glut_med2_l glut_med3_l glut_min1_l glut_min2_l glut_min3_l semimem_l semiten_l bifemlh_l bifemsh_l sar_l add_long_l add_brev_l add_mag1_l add_mag2_l add_mag3_l tfl_l pect_l grac_l glut_max1_l glut_max2_l glut_max3_l iliacus_l psoas_l quad_fem_l gem_l peri_l rect_fem_l vas_med_l vas_int_l vas_lat_l med_gas_l lat_gas_l soleus_l tib_post_l flex_dig_l flex_hal_l tib_ant_l per_brev_l per_long_l per_tert_l ext_dig_l ext_hal_l ercspn_r ercspn_l intobl_r intobl_l extobl_r extobl_l 
 - Weight: 100
 - Exponent: 2
 - Range: 0.6, 1.4
 - Value: 0.575997

------------------------------------------------------------------------------
   Fobj = 189.32
------------------------------------------------------------------------------
Return false
fLatest_.at(0) - fOpt_ = 79.2953 - 30.7565 > 1e-05
------------------------------------------------------------------------------
 Objective Function: TorqueErrorNormalised
 - Targets Type: Torque
 - Targets: hip_flexion_l hip_adduction_l hip_rotation_l knee_angle_l ankle_angle_l 
 - Weight: 1
 - Exponent: 1
 - Value: 79.1972
 -- Root Mean Square Errors
 --- Trial #1
 ---- hip_flexion_l: 1.65391 Nm
 ---- hip_adduction_l: 17.0449 Nm
 ---- hip_rotation_l: 10.2647 Nm
 ---- knee_angle_l: 6.72073 Nm
 ---- ankle_angle_l: 43.5129 Nm

 Objective Function: Penalty
 - Targets Type: Normalised Fibre Length
 - Targets: glut_med1_r glut_med2_r glut_med3_r glut_min1_r glut_min2_r glut_min3_r semimem_r semiten_r bifemlh_r bifemsh_r sar_r add_long_r add_brev_r add_mag1_r add_mag2_r add_mag3_r tfl_r pect_r grac_r glut_max1_r glut_max2_r glut_max3_r iliacus_r psoas_r quad_fem_r gem_r peri_r rect_fem_r vas_med_r vas_int_r vas_lat_r med_gas_r lat_gas_r soleus_r tib_post_r flex_dig_r flex_hal_r tib_ant_r per_brev_r per_long_r per_tert_r ext_dig_r ext_hal_r glut_med1_l glut_med2_l glut_med3_l glut_min1_l glut_min2_l glut_min3_l semimem_l semiten_l bifemlh_l bifemsh_l sar_l add_long_l add_brev_l add_mag1_l add_mag2_l add_mag3_l tfl_l pect_l grac_l glut_max1_l glut_max2_l glut_max3_l iliacus_l psoas_l quad_fem_l gem_l peri_l rect_fem_l vas_med_l vas_int_l vas_lat_l med_gas_l lat_gas_l soleus_l tib_post_l flex_dig_l flex_hal_l tib_ant_l per_brev_l per_long_l per_tert_l ext_dig_l ext_hal_l ercspn_r ercspn_l intobl_r intobl_l extobl_r extobl_l 
 - Weight: 100
 - Exponent: 2
 - Range: 0.6, 1.4
 - Value: 0.0981612

------------------------------------------------------------------------------
   Fobj = 79.2953
------------------------------------------------------------------------------
Return false
fLatest_.at(0) - fOpt_ = 261.741 - 30.7565 > 1e-05
------------------------------------------------------------------------------
 Objective Function: TorqueErrorNormalised
 - Targets Type: Torque
 - Targets: hip_flexion_l hip_adduction_l hip_rotation_l knee_angle_l ankle_angle_l 
 - Weight: 1
 - Exponent: 1
 - Value: 261.647
 -- Root Mean Square Errors
 --- Trial #1
 ---- hip_flexion_l: 2.79201 Nm
 ---- hip_adduction_l: 16.8467 Nm
 ---- hip_rotation_l: 11.9169 Nm
 ---- knee_angle_l: 60.2594 Nm
 ---- ankle_angle_l: 169.832 Nm

 Objective Function: Penalty
 - Targets Type: Normalised Fibre Length
 - Targets: glut_med1_r glut_med2_r glut_med3_r glut_min1_r glut_min2_r glut_min3_r semimem_r semiten_r bifemlh_r bifemsh_r sar_r add_long_r add_brev_r add_mag1_r add_mag2_r add_mag3_r tfl_r pect_r grac_r glut_max1_r glut_max2_r glut_max3_r iliacus_r psoas_r quad_fem_r gem_r peri_r rect_fem_r vas_med_r vas_int_r vas_lat_r med_gas_r lat_gas_r soleus_r tib_post_r flex_dig_r flex_hal_r tib_ant_r per_brev_r per_long_r per_tert_r ext_dig_r ext_hal_r glut_med1_l glut_med2_l glut_med3_l glut_min1_l glut_min2_l glut_min3_l semimem_l semiten_l bifemlh_l bifemsh_l sar_l add_long_l add_brev_l add_mag1_l add_mag2_l add_mag3_l tfl_l pect_l grac_l glut_max1_l glut_max2_l glut_max3_l iliacus_l psoas_l quad_fem_l gem_l peri_l rect_fem_l vas_med_l vas_int_l vas_lat_l med_gas_l lat_gas_l soleus_l tib_post_l flex_dig_l flex_hal_l tib_ant_l per_brev_l per_long_l per_tert_l ext_dig_l ext_hal_l ercspn_r ercspn_l intobl_r intobl_l extobl_r extobl_l 
 - Weight: 100
 - Exponent: 2
 - Range: 0.6, 1.4
 - Value: 0.0937946

------------------------------------------------------------------------------
   Fobj = 261.741
------------------------------------------------------------------------------
Return false
fLatest_.at(0) - fOpt_ = 151.447 - 28.2884 > 1e-05
------------------------------------------------------------------------------
 Objective Function: TorqueErrorNormalised
 - Targets Type: Torque
 - Targets: hip_flexion_l hip_adduction_l hip_rotation_l knee_angle_l ankle_angle_l 
 - Weight: 1
 - Exponent: 1
 - Value: 151.351
 -- Root Mean Square Errors
 --- Trial #1
 ---- hip_flexion_l: 1.58444 Nm
 ---- hip_adduction_l: 16.6637 Nm
 ---- hip_rotation_l: 7.67842 Nm
 ---- knee_angle_l: 20.9259 Nm
 ---- ankle_angle_l: 104.498 Nm

 Objective Function: Penalty
 - Targets Type: Normalised Fibre Length
 - Targets: glut_med1_r glut_med2_r glut_med3_r glut_min1_r glut_min2_r glut_min3_r semimem_r semiten_r bifemlh_r bifemsh_r sar_r add_long_r add_brev_r add_mag1_r add_mag2_r add_mag3_r tfl_r pect_r grac_r glut_max1_r glut_max2_r glut_max3_r iliacus_r psoas_r quad_fem_r gem_r peri_r rect_fem_r vas_med_r vas_int_r vas_lat_r med_gas_r lat_gas_r soleus_r tib_post_r flex_dig_r flex_hal_r tib_ant_r per_brev_r per_long_r per_tert_r ext_dig_r ext_hal_r glut_med1_l glut_med2_l glut_med3_l glut_min1_l glut_min2_l glut_min3_l semimem_l semiten_l bifemlh_l bifemsh_l sar_l add_long_l add_brev_l add_mag1_l add_mag2_l add_mag3_l tfl_l pect_l grac_l glut_max1_l glut_max2_l glut_max3_l iliacus_l psoas_l quad_fem_l gem_l peri_l rect_fem_l vas_med_l vas_int_l vas_lat_l med_gas_l lat_gas_l soleus_l tib_post_l flex_dig_l flex_hal_l tib_ant_l per_brev_l per_long_l per_tert_l ext_dig_l ext_hal_l ercspn_r ercspn_l intobl_r intobl_l extobl_r extobl_l 
 - Weight: 100
 - Exponent: 2
 - Range: 0.6, 1.4
 - Value: 0.0959277

------------------------------------------------------------------------------
   Fobj = 151.447
------------------------------------------------------------------------------
Return false
fLatest_.at(0) - fOpt_ = 48.6009 - 28.1743 > 1e-05
------------------------------------------------------------------------------
 Objective Function: TorqueErrorNormalised
 - Targets Type: Torque
 - Targets: hip_flexion_l hip_adduction_l hip_rotation_l knee_angle_l ankle_angle_l 
 - Weight: 1
 - Exponent: 1
 - Value: 48.5502
 -- Root Mean Square Errors
 --- Trial #1
 ---- hip_flexion_l: 8.21644 Nm
 ---- hip_adduction_l: 16.4234 Nm
 ---- hip_rotation_l: 8.92213 Nm
 ---- knee_angle_l: 6.07234 Nm
 ---- ankle_angle_l: 8.91587 Nm

 Objective Function: Penalty
 - Targets Type: Normalised Fibre Length
 - Targets: glut_med1_r glut_med2_r glut_med3_r glut_min1_r glut_min2_r glut_min3_r semimem_r semiten_r bifemlh_r bifemsh_r sar_r add_long_r add_brev_r add_mag1_r add_mag2_r add_mag3_r tfl_r pect_r grac_r glut_max1_r glut_max2_r glut_max3_r iliacus_r psoas_r quad_fem_r gem_r peri_r rect_fem_r vas_med_r vas_int_r vas_lat_r med_gas_r lat_gas_r soleus_r tib_post_r flex_dig_r flex_hal_r tib_ant_r per_brev_r per_long_r per_tert_r ext_dig_r ext_hal_r glut_med1_l glut_med2_l glut_med3_l glut_min1_l glut_min2_l glut_min3_l semimem_l semiten_l bifemlh_l bifemsh_l sar_l add_long_l add_brev_l add_mag1_l add_mag2_l add_mag3_l tfl_l pect_l grac_l glut_max1_l glut_max2_l glut_max3_l iliacus_l psoas_l quad_fem_l gem_l peri_l rect_fem_l vas_med_l vas_int_l vas_lat_l med_gas_l lat_gas_l soleus_l tib_post_l flex_dig_l flex_hal_l tib_ant_l per_brev_l per_long_l per_tert_l ext_dig_l ext_hal_l ercspn_r ercspn_l intobl_r intobl_l extobl_r extobl_l 
 - Weight: 100
 - Exponent: 2
 - Range: 0.6, 1.4
 - Value: 0.0506664

------------------------------------------------------------------------------
   Fobj = 48.6009
------------------------------------------------------------------------------
Return false
fLatest_.at(0) - fOpt_ = 53.6867 - 26.9885 > 1e-05
------------------------------------------------------------------------------
 Objective Function: TorqueErrorNormalised
 - Targets Type: Torque
 - Targets: hip_flexion_l hip_adduction_l hip_rotation_l knee_angle_l ankle_angle_l 
 - Weight: 1
 - Exponent: 1
 - Value: 53.6484
 -- Root Mean Square Errors
 --- Trial #1
 ---- hip_flexion_l: 5.04576 Nm
 ---- hip_adduction_l: 21.4164 Nm
 ---- hip_rotation_l: 2.39035 Nm
 ---- knee_angle_l: 12.0171 Nm
 ---- ankle_angle_l: 12.7788 Nm

 Objective Function: Penalty
 - Targets Type: Normalised Fibre Length
 - Targets: glut_med1_r glut_med2_r glut_med3_r glut_min1_r glut_min2_r glut_min3_r semimem_r semiten_r bifemlh_r bifemsh_r sar_r add_long_r add_brev_r add_mag1_r add_mag2_r add_mag3_r tfl_r pect_r grac_r glut_max1_r glut_max2_r glut_max3_r iliacus_r psoas_r quad_fem_r gem_r peri_r rect_fem_r vas_med_r vas_int_r vas_lat_r med_gas_r lat_gas_r soleus_r tib_post_r flex_dig_r flex_hal_r tib_ant_r per_brev_r per_long_r per_tert_r ext_dig_r ext_hal_r glut_med1_l glut_med2_l glut_med3_l glut_min1_l glut_min2_l glut_min3_l semimem_l semiten_l bifemlh_l bifemsh_l sar_l add_long_l add_brev_l add_mag1_l add_mag2_l add_mag3_l tfl_l pect_l grac_l glut_max1_l glut_max2_l glut_max3_l iliacus_l psoas_l quad_fem_l gem_l peri_l rect_fem_l vas_med_l vas_int_l vas_lat_l med_gas_l lat_gas_l soleus_l tib_post_l flex_dig_l flex_hal_l tib_ant_l per_brev_l per_long_l per_tert_l ext_dig_l ext_hal_l ercspn_r ercspn_l intobl_r intobl_l extobl_r extobl_l 
 - Weight: 100
 - Exponent: 2
 - Range: 0.6, 1.4
 - Value: 0.0382554

------------------------------------------------------------------------------
   Fobj = 53.6867
------------------------------------------------------------------------------
Return false
fLatest_.at(0) - fOpt_ = 31.6031 - 23.9267 > 1e-05
------------------------------------------------------------------------------
 Objective Function: TorqueErrorNormalised
 - Targets Type: Torque
 - Targets: hip_flexion_l hip_adduction_l hip_rotation_l knee_angle_l ankle_angle_l 
 - Weight: 1
 - Exponent: 1
 - Value: 31.5373
 -- Root Mean Square Errors
 --- Trial #1
 ---- hip_flexion_l: 2.1459 Nm
 ---- hip_adduction_l: 16.788 Nm
 ---- hip_rotation_l: 2.89 Nm
 ---- knee_angle_l: 1.89141 Nm
 ---- ankle_angle_l: 7.82205 Nm

 Objective Function: Penalty
 - Targets Type: Normalised Fibre Length
 - Targets: glut_med1_r glut_med2_r glut_med3_r glut_min1_r glut_min2_r glut_min3_r semimem_r semiten_r bifemlh_r bifemsh_r sar_r add_long_r add_brev_r add_mag1_r add_mag2_r add_mag3_r tfl_r pect_r grac_r glut_max1_r glut_max2_r glut_max3_r iliacus_r psoas_r quad_fem_r gem_r peri_r rect_fem_r vas_med_r vas_int_r vas_lat_r med_gas_r lat_gas_r soleus_r tib_post_r flex_dig_r flex_hal_r tib_ant_r per_brev_r per_long_r per_tert_r ext_dig_r ext_hal_r glut_med1_l glut_med2_l glut_med3_l glut_min1_l glut_min2_l glut_min3_l semimem_l semiten_l bifemlh_l bifemsh_l sar_l add_long_l add_brev_l add_mag1_l add_mag2_l add_mag3_l tfl_l pect_l grac_l glut_max1_l glut_max2_l glut_max3_l iliacus_l psoas_l quad_fem_l gem_l peri_l rect_fem_l vas_med_l vas_int_l vas_lat_l med_gas_l lat_gas_l soleus_l tib_post_l flex_dig_l flex_hal_l tib_ant_l per_brev_l per_long_l per_tert_l ext_dig_l ext_hal_l ercspn_r ercspn_l intobl_r intobl_l extobl_r extobl_l 
 - Weight: 100
 - Exponent: 2
 - Range: 0.6, 1.4
 - Value: 0.0657626

------------------------------------------------------------------------------
   Fobj = 31.6031
------------------------------------------------------------------------------
Return false
fLatest_.at(0) - fOpt_ = 24.9151 - 20.505 > 1e-05
------------------------------------------------------------------------------
 Objective Function: TorqueErrorNormalised
 - Targets Type: Torque
 - Targets: hip_flexion_l hip_adduction_l hip_rotation_l knee_angle_l ankle_angle_l 
 - Weight: 1
 - Exponent: 1
 - Value: 24.8749
 -- Root Mean Square Errors
 --- Trial #1
 ---- hip_flexion_l: 1.57253 Nm
 ---- hip_adduction_l: 16.3788 Nm
 ---- hip_rotation_l: 1.86491 Nm
 ---- knee_angle_l: 2.34631 Nm
 ---- ankle_angle_l: 2.71236 Nm

 Objective Function: Penalty
 - Targets Type: Normalised Fibre Length
 - Targets: glut_med1_r glut_med2_r glut_med3_r glut_min1_r glut_min2_r glut_min3_r semimem_r semiten_r bifemlh_r bifemsh_r sar_r add_long_r add_brev_r add_mag1_r add_mag2_r add_mag3_r tfl_r pect_r grac_r glut_max1_r glut_max2_r glut_max3_r iliacus_r psoas_r quad_fem_r gem_r peri_r rect_fem_r vas_med_r vas_int_r vas_lat_r med_gas_r lat_gas_r soleus_r tib_post_r flex_dig_r flex_hal_r tib_ant_r per_brev_r per_long_r per_tert_r ext_dig_r ext_hal_r glut_med1_l glut_med2_l glut_med3_l glut_min1_l glut_min2_l glut_min3_l semimem_l semiten_l bifemlh_l bifemsh_l sar_l add_long_l add_brev_l add_mag1_l add_mag2_l add_mag3_l tfl_l pect_l grac_l glut_max1_l glut_max2_l glut_max3_l iliacus_l psoas_l quad_fem_l gem_l peri_l rect_fem_l vas_med_l vas_int_l vas_lat_l med_gas_l lat_gas_l soleus_l tib_post_l flex_dig_l flex_hal_l tib_ant_l per_brev_l per_long_l per_tert_l ext_dig_l ext_hal_l ercspn_r ercspn_l intobl_r intobl_l extobl_r extobl_l 
 - Weight: 100
 - Exponent: 2
 - Range: 0.6, 1.4
 - Value: 0.0401778

------------------------------------------------------------------------------
   Fobj = 24.9151
------------------------------------------------------------------------------
Return false
fLatest_.at(0) - fOpt_ = 19.9433 - 18.3564 > 1e-05
------------------------------------------------------------------------------
 Objective Function: TorqueErrorNormalised
 - Targets Type: Torque
 - Targets: hip_flexion_l hip_adduction_l hip_rotation_l knee_angle_l ankle_angle_l 
 - Weight: 1
 - Exponent: 1
 - Value: 19.8523
 -- Root Mean Square Errors
 --- Trial #1
 ---- hip_flexion_l: 1.47492 Nm
 ---- hip_adduction_l: 14.2496 Nm
 ---- hip_rotation_l: 0.354359 Nm
 ---- knee_angle_l: 1.92855 Nm
 ---- ankle_angle_l: 1.84483 Nm

 Objective Function: Penalty
 - Targets Type: Normalised Fibre Length
 - Targets: glut_med1_r glut_med2_r glut_med3_r glut_min1_r glut_min2_r glut_min3_r semimem_r semiten_r bifemlh_r bifemsh_r sar_r add_long_r add_brev_r add_mag1_r add_mag2_r add_mag3_r tfl_r pect_r grac_r glut_max1_r glut_max2_r glut_max3_r iliacus_r psoas_r quad_fem_r gem_r peri_r rect_fem_r vas_med_r vas_int_r vas_lat_r med_gas_r lat_gas_r soleus_r tib_post_r flex_dig_r flex_hal_r tib_ant_r per_brev_r per_long_r per_tert_r ext_dig_r ext_hal_r glut_med1_l glut_med2_l glut_med3_l glut_min1_l glut_min2_l glut_min3_l semimem_l semiten_l bifemlh_l bifemsh_l sar_l add_long_l add_brev_l add_mag1_l add_mag2_l add_mag3_l tfl_l pect_l grac_l glut_max1_l glut_max2_l glut_max3_l iliacus_l psoas_l quad_fem_l gem_l peri_l rect_fem_l vas_med_l vas_int_l vas_lat_l med_gas_l lat_gas_l soleus_l tib_post_l flex_dig_l flex_hal_l tib_ant_l per_brev_l per_long_l per_tert_l ext_dig_l ext_hal_l ercspn_r ercspn_l intobl_r intobl_l extobl_r extobl_l 
 - Weight: 100
 - Exponent: 2
 - Range: 0.6, 1.4
 - Value: 0.0910478

------------------------------------------------------------------------------
   Fobj = 19.9433
------------------------------------------------------------------------------

Calibration finished.
Best solution found:
fOpt_ = 18.3564
------------------------------------------------------------------------------
 Objective Function: TorqueErrorNormalised
 - Targets Type: Torque
 - Targets: hip_flexion_l hip_adduction_l hip_rotation_l knee_angle_l ankle_angle_l 
 - Weight: 1
 - Exponent: 1
 - Value: 18.229
 -- Root Mean Square Errors
 --- Trial #1
 ---- hip_flexion_l: 1.60425 Nm
 ---- hip_adduction_l: 13.6989 Nm
 ---- hip_rotation_l: 0.549488 Nm
 ---- knee_angle_l: 1.31737 Nm
 ---- ankle_angle_l: 1.05892 Nm

 Objective Function: Penalty
 - Targets Type: Normalised Fibre Length
 - Targets: glut_med1_r glut_med2_r glut_med3_r glut_min1_r glut_min2_r glut_min3_r semimem_r semiten_r bifemlh_r bifemsh_r sar_r add_long_r add_brev_r add_mag1_r add_mag2_r add_mag3_r tfl_r pect_r grac_r glut_max1_r glut_max2_r glut_max3_r iliacus_r psoas_r quad_fem_r gem_r peri_r rect_fem_r vas_med_r vas_int_r vas_lat_r med_gas_r lat_gas_r soleus_r tib_post_r flex_dig_r flex_hal_r tib_ant_r per_brev_r per_long_r per_tert_r ext_dig_r ext_hal_r glut_med1_l glut_med2_l glut_med3_l glut_min1_l glut_min2_l glut_min3_l semimem_l semiten_l bifemlh_l bifemsh_l sar_l add_long_l add_brev_l add_mag1_l add_mag2_l add_mag3_l tfl_l pect_l grac_l glut_max1_l glut_max2_l glut_max3_l iliacus_l psoas_l quad_fem_l gem_l peri_l rect_fem_l vas_med_l vas_int_l vas_lat_l med_gas_l lat_gas_l soleus_l tib_post_l flex_dig_l flex_hal_l tib_ant_l per_brev_l per_long_l per_tert_l ext_dig_l ext_hal_l ercspn_r ercspn_l intobl_r intobl_l extobl_r extobl_l 
 - Weight: 100
 - Exponent: 2
 - Range: 0.6, 1.4
 - Value: 0.137654

------------------------------------------------------------------------------
   Fobj = 18.3666
------------------------------------------------------------------------------
total number of evaluations:205200
Reading subject file: c:\opensim_tutorial\tutorials\Cerebral_Palsy_Project\Simulations\TD006\normal2_l1\ceinms\uncalibratedSubject.xml .
Calibration time: 11minutes
