
+-+-+-+-+-+-+
|C|E|I|N|M|S|
+-+-+-+-+-+-+-+-+-+-+
|C|a|l|i|b|r|a|t|e|d|
+-+-+-+-+-+-+-+-+-+-+-+-+
|E|M|G|-|I|n|f|o|r|m|e|d|
+-+-+-+-+-+-+-+-+-+-+-+-+-+-+-+-+-+-+-+-+
|N|e|u|r|o|m|u|s|c|u|l|o|s|k|e|l|e|t|a|l|
+-+-+-+-+-+-+-+-+-+-+-+-+-+-+-+-+-+-+-+-+
|T|o|o|l|b|o|x|
+-+-+-+-+-+-+-+

CEINMScalibrate version 0.21.0
Copyright (C) Apr 29 2020
Claudio Pizzolato, Monica Reggiani, Massimo Sartori, David Lloyd
Software developers: Claudio Pizzolato, Monica Reggiani
readNMSmodelCfg
boost::filesystem::canonical: No such file or directory: "D:\3-PhD\Data\MocapData\ElaboratedData\009\pre\ceinms\calibration\.\calibratedSubject.xml"Reading subject file: D:\3-PhD\Data\MocapData\ElaboratedData\009\pre\ceinms\calibration\uncalibrated.xml .
Contact model found
Calibration configuration
 - Algorithm
 -- Simulated Annealing
 --- noEpsilon 4
 --- NS 15
 --- NT 5
 --- maxNoEval 200000
 --- rt 0.3
 --- T 200000
 --- epsilon 1e-05
 - NMSmodel
 - CalibrationSteps
 -- Step
 Objective Function: TorqueErrorNormalised
 - Targets Type: Torque
 - Targets: all 
 - Weight: 1
 - Exponent: 1
 Objective Function: Penalty
 - Targets Type: Normalised Fibre Length
 - Targets: all 
 - Weight: 100
 - Exponent: 2
 - Range: 0.6, 1.4
 - Trials
 -- D:\3-PhD\Data\MocapData\ElaboratedData\009\pre\ceinms\calibration\..\trials\RunA1.xml


Reading subject file: D:\3-PhD\Data\MocapData\ElaboratedData\009\pre\ceinms\calibration\uncalibrated.xml .
activeForceLength
passiveForceLength
forceVelocity
tendonForceStrain
Assuming addbrev_r pennation angle in radians: 0.114781
Assuming addlong_r pennation angle in radians: 0.13777
Assuming addmagDist_r pennation angle in radians: 0.194705
Assuming addmagIsch_r pennation angle in radians: 0.168044
Assuming addmagMid_r pennation angle in radians: 0.207308
Assuming addmagProx_r pennation angle in radians: 0.311483
Assuming bflh_r pennation angle in radians: 0.175918
Assuming bfsh_r pennation angle in radians: 0.264223
Assuming edl_r pennation angle in radians: 0.218258
Assuming ehl_r pennation angle in radians: 0.197268
Assuming fdl_r pennation angle in radians: 0.224839
Assuming fhl_r pennation angle in radians: 0.258026
Assuming gaslat_r pennation angle in radians: 0.210227
Reading tendonForceStrain of MTU gaslat_r
Assuming gasmed_r pennation angle in radians: 0.165682
Reading tendonForceStrain of MTU gasmed_r
Assuming glmax1_r pennation angle in radians: 0.354012
Assuming glmax2_r pennation angle in radians: 0.367382
Assuming glmax3_r pennation angle in radians: 0.382416
Assuming glmed1_r pennation angle in radians: 0.316556
Assuming glmed2_r pennation angle in radians: 0.316556
Assuming glmed3_r pennation angle in radians: 0.316556
Assuming glmin1_r pennation angle in radians: 0.174533
Assuming glmin2_r pennation angle in radians: 0
Assuming glmin3_r pennation angle in radians: 0.0174533
Assuming grac_r pennation angle in radians: 0.172002
Assuming iliacus_r pennation angle in radians: 0.279914
Assuming perbrev_r pennation angle in radians: 0.205236
Assuming perlong_r pennation angle in radians: 0.247952
Assuming psoas_r pennation angle in radians: 0.215525
Assuming recfem_r pennation angle in radians: 0.217015
Assuming sart_r pennation angle in radians: 0.0261354
Assuming semimem_r pennation angle in radians: 0.254561
Assuming semiten_r pennation angle in radians: 0.241295
Assuming soleus_r pennation angle in radians: 0.381429
Reading tendonForceStrain of MTU soleus_r
Assuming tfl_r pennation angle in radians: 0.0523599
Assuming tibant_r pennation angle in radians: 0.195183
Assuming tibpost_r pennation angle in radians: 0.226489
Assuming vasint_r pennation angle in radians: 0.0630997
Assuming vaslat_r pennation angle in radians: 0.252867
Assuming vasmed_r pennation angle in radians: 0.422223
Assuming addbrev_l pennation angle in radians: 0.114781
Assuming addlong_l pennation angle in radians: 0.13777
Assuming addmagDist_l pennation angle in radians: 0.194705
Assuming addmagIsch_l pennation angle in radians: 0.168044
Assuming addmagMid_l pennation angle in radians: 0.168044
Assuming addmagProx_l pennation angle in radians: 0.207308
Assuming bflh_l pennation angle in radians: 0.175918
Assuming bfsh_l pennation angle in radians: 0.264223
Assuming edl_l pennation angle in radians: 0.218258
Assuming ehl_l pennation angle in radians: 0.197268
Assuming fdl_l pennation angle in radians: 0.224839
Assuming fhl_l pennation angle in radians: 0.258026
Assuming gaslat_l pennation angle in radians: 0.210227
Reading tendonForceStrain of MTU gaslat_l
Assuming gasmed_l pennation angle in radians: 0.165682
Reading tendonForceStrain of MTU gasmed_l
Assuming glmax1_l pennation angle in radians: 0.354012
Assuming glmax2_l pennation angle in radians: 0.367382
Assuming glmax3_l pennation angle in radians: 0.382416
Assuming glmed1_l pennation angle in radians: 0.316556
Assuming glmed2_l pennation angle in radians: 0.316556
Assuming glmed3_l pennation angle in radians: 0.316556
Assuming glmin1_l pennation angle in radians: 0.174533
Assuming glmin2_l pennation angle in radians: 0
Assuming glmin3_l pennation angle in radians: 0.0174533
Assuming grac_l pennation angle in radians: 0.172002
Assuming iliacus_l pennation angle in radians: 0.279914
Assuming perbrev_l pennation angle in radians: 0.205236
Assuming perlong_l pennation angle in radians: 0.247952
Assuming psoas_l pennation angle in radians: 0.215525
Assuming recfem_l pennation angle in radians: 0.217015
Assuming sart_l pennation angle in radians: 0.0261354
Assuming semimem_l pennation angle in radians: 0.254561
Assuming semiten_l pennation angle in radians: 0.241295
Assuming soleus_l pennation angle in radians: 0.381429
Reading tendonForceStrain of MTU soleus_l
Assuming tfl_l pennation angle in radians: 0.0523599
Assuming tibant_l pennation angle in radians: 0.195183
Assuming tibpost_l pennation angle in radians: 0.226489
Assuming vasint_l pennation angle in radians: 0.0630997
Assuming vaslat_l pennation angle in radians: 0.252867
Assuming vasmed_l pennation angle in radians: 0.422223
Assuming piri_r pennation angle in radians: 0.174533
Found OpenSim model associated to the subject: D:\3-PhD\Data\MocapData\ElaboratedData\009\pre\009_Rajagopal2015_FAI_rra_opt_N10.osim

EMG: Reading emg file...D:/3-PhD/Data/MocapData/ElaboratedData/009/pre/ceinms/calibration/../trials/../../dynamicElaborations/RunA1/emg.mot
Muscle excitations to muscle mapping:
addbrev_r -> addbrev_r
addlong_r -> addlong_r
addmagDist_r -> addmagDist_r
addmagIsch_r -> addmagIsch_r
addmagMid_r -> addmagMid_r
addmagProx_r -> addmagProx_r
bflh_r -> bflh_r
bfsh_r -> bfsh_r
edl_r -> edl_r
ehl_r -> ehl_r
fdl_r -> fdl_r
fhl_r -> fhl_r
gaslat_r -> gaslat_r
gasmed_r -> gasmed_r
glmax1_r -> glmax1_r
glmax2_r -> glmax2_r
glmax3_r -> glmax3_r
glmed1_r -> glmed1_r
glmed2_r -> glmed2_r
glmed3_r -> glmed3_r
glmin1_r -> glmin1_r
glmin2_r -> glmin2_r
glmin3_r -> glmin3_r
grac_r -> grac_r
iliacus_r -> iliacus_r
perbrev_r -> perbrev_r
perlong_r -> perlong_r
psoas_r -> psoas_r
recfem_r -> recfem_r
sart_r -> sart_r
semimem_r -> semimem_r
semiten_r -> semiten_r
soleus_r -> soleus_r
tfl_r -> tfl_r
tibant_r -> tibant_r
tibpost_r -> tibpost_r
vasint_r -> vasint_r
vaslat_r -> vaslat_r
vasmed_r -> vasmed_r
addbrev_l -> addbrev_l
addlong_l -> addlong_l
addmagDist_l -> addmagDist_l
addmagIsch_l -> addmagIsch_l
addmagMid_l -> addmagMid_l
addmagProx_l -> addmagProx_l
bflh_l -> bflh_l
bfsh_l -> bfsh_l
edl_l -> edl_l
ehl_l -> ehl_l
fdl_l -> fdl_l
fhl_l -> fhl_l
gaslat_l -> gaslat_l
gasmed_l -> gasmed_l
glmax1_l -> glmax1_l
glmax2_l -> glmax2_l
glmax3_l -> glmax3_l
glmed1_l -> glmed1_l
glmed2_l -> glmed2_l
glmed3_l -> glmed3_l
glmin1_l -> glmin1_l
glmin2_l -> glmin2_l
glmin3_l -> glmin3_l
grac_l -> grac_l
iliacus_l -> iliacus_l
perbrev_l -> perbrev_l
perlong_l -> perlong_l
psoas_l -> psoas_l
recfem_l -> recfem_l
sart_l -> sart_l
semimem_l -> semimem_l
semiten_l -> semiten_l
soleus_l -> soleus_l
tfl_l -> tfl_l
tibant_l -> tibant_l
tibpost_l -> tibpost_l
vasint_l -> vasint_l
vaslat_l -> vaslat_l
vasmed_l -> vasmed_l
piri_r -> piri_r

externalTorque DONE

EMG: EMG DONE

LmtMa: lmtMa DONE
Cropping trial: 2.075, 2.547
Loaded model 009_Rajagopal2015_FAI_rra_opt_N10.osim from file D:\3-PhD\Data\MocapData\ElaboratedData\009\pre\009_Rajagopal2015_FAI_rra_opt_N10.osim
Storage: file=D:/3-PhD/Data/MocapData/ElaboratedData/009/pre/ceinms/calibration/../trials/../../inverseKinematics/RunA1/IK.mot (nr=95 nc=40)
Return false
fLatest_.at(0) - fOpt_ = 473.101 - 247.351 > 1e-05
------------------------------------------------------------------------------
 Objective Function: TorqueErrorNormalised
 - Targets Type: Torque
 - Targets: hip_flexion_r knee_angle_r ankle_angle_r 
 - Weight: 1
 - Exponent: 1
 - Value: 472.863
 -- Root Mean Square Errors
 --- Trial #1
 ---- hip_flexion_r: 185.083 Nm
 ---- knee_angle_r: 240.907 Nm
 ---- ankle_angle_r: 46.8731 Nm

 Objective Function: Penalty
 - Targets Type: Normalised Fibre Length
 - Targets: addbrev_r addlong_r addmagDist_r addmagIsch_r addmagMid_r addmagProx_r bflh_r bfsh_r edl_r ehl_r fdl_r fhl_r gaslat_r gasmed_r glmax1_r glmax2_r glmax3_r glmed1_r glmed2_r glmed3_r glmin1_r glmin2_r glmin3_r grac_r iliacus_r perbrev_r perlong_r psoas_r recfem_r sart_r semimem_r semiten_r soleus_r tfl_r tibant_r tibpost_r vasint_r vaslat_r vasmed_r addbrev_l addlong_l addmagDist_l addmagIsch_l addmagMid_l addmagProx_l bflh_l bfsh_l edl_l ehl_l fdl_l fhl_l gaslat_l gasmed_l glmax1_l glmax2_l glmax3_l glmed1_l glmed2_l glmed3_l glmin1_l glmin2_l glmin3_l grac_l iliacus_l perbrev_l perlong_l psoas_l recfem_l sart_l semimem_l semiten_l soleus_l tfl_l tibant_l tibpost_l vasint_l vaslat_l vasmed_l piri_r 
 - Weight: 100
 - Exponent: 2
 - Range: 0.6, 1.4
 - Value: 0.238681

------------------------------------------------------------------------------
   Fobj = 473.101
------------------------------------------------------------------------------
Return false
fLatest_.at(0) - fOpt_ = 675.458 - 245.443 > 1e-05
------------------------------------------------------------------------------
 Objective Function: TorqueErrorNormalised
 - Targets Type: Torque
 - Targets: hip_flexion_r knee_angle_r ankle_angle_r 
 - Weight: 1
 - Exponent: 1
 - Value: 675.044
 -- Root Mean Square Errors
 --- Trial #1
 ---- hip_flexion_r: 301.989 Nm
 ---- knee_angle_r: 316.185 Nm
 ---- ankle_angle_r: 56.8698 Nm

 Objective Function: Penalty
 - Targets Type: Normalised Fibre Length
 - Targets: addbrev_r addlong_r addmagDist_r addmagIsch_r addmagMid_r addmagProx_r bflh_r bfsh_r edl_r ehl_r fdl_r fhl_r gaslat_r gasmed_r glmax1_r glmax2_r glmax3_r glmed1_r glmed2_r glmed3_r glmin1_r glmin2_r glmin3_r grac_r iliacus_r perbrev_r perlong_r psoas_r recfem_r sart_r semimem_r semiten_r soleus_r tfl_r tibant_r tibpost_r vasint_r vaslat_r vasmed_r addbrev_l addlong_l addmagDist_l addmagIsch_l addmagMid_l addmagProx_l bflh_l bfsh_l edl_l ehl_l fdl_l fhl_l gaslat_l gasmed_l glmax1_l glmax2_l glmax3_l glmed1_l glmed2_l glmed3_l glmin1_l glmin2_l glmin3_l grac_l iliacus_l perbrev_l perlong_l psoas_l recfem_l sart_l semimem_l semiten_l soleus_l tfl_l tibant_l tibpost_l vasint_l vaslat_l vasmed_l piri_r 
 - Weight: 100
 - Exponent: 2
 - Range: 0.6, 1.4
 - Value: 0.413346

------------------------------------------------------------------------------
   Fobj = 675.458
------------------------------------------------------------------------------
Return false
fLatest_.at(0) - fOpt_ = 717.416 - 238.113 > 1e-05
------------------------------------------------------------------------------
 Objective Function: TorqueErrorNormalised
 - Targets Type: Torque
 - Targets: hip_flexion_r knee_angle_r ankle_angle_r 
 - Weight: 1
 - Exponent: 1
 - Value: 717.035
 -- Root Mean Square Errors
 --- Trial #1
 ---- hip_flexion_r: 142.156 Nm
 ---- knee_angle_r: 340.885 Nm
 ---- ankle_angle_r: 218.205 Nm

 Objective Function: Penalty
 - Targets Type: Normalised Fibre Length
 - Targets: addbrev_r addlong_r addmagDist_r addmagIsch_r addmagMid_r addmagProx_r bflh_r bfsh_r edl_r ehl_r fdl_r fhl_r gaslat_r gasmed_r glmax1_r glmax2_r glmax3_r glmed1_r glmed2_r glmed3_r glmin1_r glmin2_r glmin3_r grac_r iliacus_r perbrev_r perlong_r psoas_r recfem_r sart_r semimem_r semiten_r soleus_r tfl_r tibant_r tibpost_r vasint_r vaslat_r vasmed_r addbrev_l addlong_l addmagDist_l addmagIsch_l addmagMid_l addmagProx_l bflh_l bfsh_l edl_l ehl_l fdl_l fhl_l gaslat_l gasmed_l glmax1_l glmax2_l glmax3_l glmed1_l glmed2_l glmed3_l glmin1_l glmin2_l glmin3_l grac_l iliacus_l perbrev_l perlong_l psoas_l recfem_l sart_l semimem_l semiten_l soleus_l tfl_l tibant_l tibpost_l vasint_l vaslat_l vasmed_l piri_r 
 - Weight: 100
 - Exponent: 2
 - Range: 0.6, 1.4
 - Value: 0.381142

------------------------------------------------------------------------------
   Fobj = 717.416
------------------------------------------------------------------------------
Return false
fLatest_.at(0) - fOpt_ = 457.454 - 238.113 > 1e-05
------------------------------------------------------------------------------
 Objective Function: TorqueErrorNormalised
 - Targets Type: Torque
 - Targets: hip_flexion_r knee_angle_r ankle_angle_r 
 - Weight: 1
 - Exponent: 1
 - Value: 457.227
 -- Root Mean Square Errors
 --- Trial #1
 ---- hip_flexion_r: 134.211 Nm
 ---- knee_angle_r: 289.27 Nm
 ---- ankle_angle_r: 33.746 Nm

 Objective Function: Penalty
 - Targets Type: Normalised Fibre Length
 - Targets: addbrev_r addlong_r addmagDist_r addmagIsch_r addmagMid_r addmagProx_r bflh_r bfsh_r edl_r ehl_r fdl_r fhl_r gaslat_r gasmed_r glmax1_r glmax2_r glmax3_r glmed1_r glmed2_r glmed3_r glmin1_r glmin2_r glmin3_r grac_r iliacus_r perbrev_r perlong_r psoas_r recfem_r sart_r semimem_r semiten_r soleus_r tfl_r tibant_r tibpost_r vasint_r vaslat_r vasmed_r addbrev_l addlong_l addmagDist_l addmagIsch_l addmagMid_l addmagProx_l bflh_l bfsh_l edl_l ehl_l fdl_l fhl_l gaslat_l gasmed_l glmax1_l glmax2_l glmax3_l glmed1_l glmed2_l glmed3_l glmin1_l glmin2_l glmin3_l grac_l iliacus_l perbrev_l perlong_l psoas_l recfem_l sart_l semimem_l semiten_l soleus_l tfl_l tibant_l tibpost_l vasint_l vaslat_l vasmed_l piri_r 
 - Weight: 100
 - Exponent: 2
 - Range: 0.6, 1.4
 - Value: 0.227146

------------------------------------------------------------------------------
   Fobj = 457.454
------------------------------------------------------------------------------
Return false
fLatest_.at(0) - fOpt_ = 521.895 - 235.735 > 1e-05
------------------------------------------------------------------------------
 Objective Function: TorqueErrorNormalised
 - Targets Type: Torque
 - Targets: hip_flexion_r knee_angle_r ankle_angle_r 
 - Weight: 1
 - Exponent: 1
 - Value: 521.749
 -- Root Mean Square Errors
 --- Trial #1
 ---- hip_flexion_r: 169.951 Nm
 ---- knee_angle_r: 281.973 Nm
 ---- ankle_angle_r: 69.8252 Nm

 Objective Function: Penalty
 - Targets Type: Normalised Fibre Length
 - Targets: addbrev_r addlong_r addmagDist_r addmagIsch_r addmagMid_r addmagProx_r bflh_r bfsh_r edl_r ehl_r fdl_r fhl_r gaslat_r gasmed_r glmax1_r glmax2_r glmax3_r glmed1_r glmed2_r glmed3_r glmin1_r glmin2_r glmin3_r grac_r iliacus_r perbrev_r perlong_r psoas_r recfem_r sart_r semimem_r semiten_r soleus_r tfl_r tibant_r tibpost_r vasint_r vaslat_r vasmed_r addbrev_l addlong_l addmagDist_l addmagIsch_l addmagMid_l addmagProx_l bflh_l bfsh_l edl_l ehl_l fdl_l fhl_l gaslat_l gasmed_l glmax1_l glmax2_l glmax3_l glmed1_l glmed2_l glmed3_l glmin1_l glmin2_l glmin3_l grac_l iliacus_l perbrev_l perlong_l psoas_l recfem_l sart_l semimem_l semiten_l soleus_l tfl_l tibant_l tibpost_l vasint_l vaslat_l vasmed_l piri_r 
 - Weight: 100
 - Exponent: 2
 - Range: 0.6, 1.4
 - Value: 0.146315

------------------------------------------------------------------------------
   Fobj = 521.895
------------------------------------------------------------------------------
Return false
fLatest_.at(0) - fOpt_ = 509.788 - 235.735 > 1e-05
------------------------------------------------------------------------------
 Objective Function: TorqueErrorNormalised
 - Targets Type: Torque
 - Targets: hip_flexion_r knee_angle_r ankle_angle_r 
 - Weight: 1
 - Exponent: 1
 - Value: 509.613
 -- Root Mean Square Errors
 --- Trial #1
 ---- hip_flexion_r: 202.869 Nm
 ---- knee_angle_r: 130.283 Nm
 ---- ankle_angle_r: 170.146 Nm

 Objective Function: Penalty
 - Targets Type: Normalised Fibre Length
 - Targets: addbrev_r addlong_r addmagDist_r addmagIsch_r addmagMid_r addmagProx_r bflh_r bfsh_r edl_r ehl_r fdl_r fhl_r gaslat_r gasmed_r glmax1_r glmax2_r glmax3_r glmed1_r glmed2_r glmed3_r glmin1_r glmin2_r glmin3_r grac_r iliacus_r perbrev_r perlong_r psoas_r recfem_r sart_r semimem_r semiten_r soleus_r tfl_r tibant_r tibpost_r vasint_r vaslat_r vasmed_r addbrev_l addlong_l addmagDist_l addmagIsch_l addmagMid_l addmagProx_l bflh_l bfsh_l edl_l ehl_l fdl_l fhl_l gaslat_l gasmed_l glmax1_l glmax2_l glmax3_l glmed1_l glmed2_l glmed3_l glmin1_l glmin2_l glmin3_l grac_l iliacus_l perbrev_l perlong_l psoas_l recfem_l sart_l semimem_l semiten_l soleus_l tfl_l tibant_l tibpost_l vasint_l vaslat_l vasmed_l piri_r 
 - Weight: 100
 - Exponent: 2
 - Range: 0.6, 1.4
 - Value: 0.174923

------------------------------------------------------------------------------
   Fobj = 509.788
------------------------------------------------------------------------------
Return false
fLatest_.at(0) - fOpt_ = 499.917 - 235.545 > 1e-05
------------------------------------------------------------------------------
 Objective Function: TorqueErrorNormalised
 - Targets Type: Torque
 - Targets: hip_flexion_r knee_angle_r ankle_angle_r 
 - Weight: 1
 - Exponent: 1
 - Value: 499.668
 -- Root Mean Square Errors
 --- Trial #1
 ---- hip_flexion_r: 196.574 Nm
 ---- knee_angle_r: 211.464 Nm
 ---- ankle_angle_r: 91.6302 Nm

 Objective Function: Penalty
 - Targets Type: Normalised Fibre Length
 - Targets: addbrev_r addlong_r addmagDist_r addmagIsch_r addmagMid_r addmagProx_r bflh_r bfsh_r edl_r ehl_r fdl_r fhl_r gaslat_r gasmed_r glmax1_r glmax2_r glmax3_r glmed1_r glmed2_r glmed3_r glmin1_r glmin2_r glmin3_r grac_r iliacus_r perbrev_r perlong_r psoas_r recfem_r sart_r semimem_r semiten_r soleus_r tfl_r tibant_r tibpost_r vasint_r vaslat_r vasmed_r addbrev_l addlong_l addmagDist_l addmagIsch_l addmagMid_l addmagProx_l bflh_l bfsh_l edl_l ehl_l fdl_l fhl_l gaslat_l gasmed_l glmax1_l glmax2_l glmax3_l glmed1_l glmed2_l glmed3_l glmin1_l glmin2_l glmin3_l grac_l iliacus_l perbrev_l perlong_l psoas_l recfem_l sart_l semimem_l semiten_l soleus_l tfl_l tibant_l tibpost_l vasint_l vaslat_l vasmed_l piri_r 
 - Weight: 100
 - Exponent: 2
 - Range: 0.6, 1.4
 - Value: 0.249359

------------------------------------------------------------------------------
   Fobj = 499.917
------------------------------------------------------------------------------
Return false
fLatest_.at(0) - fOpt_ = 489.1 - 225.209 > 1e-05
------------------------------------------------------------------------------
 Objective Function: TorqueErrorNormalised
 - Targets Type: Torque
 - Targets: hip_flexion_r knee_angle_r ankle_angle_r 
 - Weight: 1
 - Exponent: 1
 - Value: 488.809
 -- Root Mean Square Errors
 --- Trial #1
 ---- hip_flexion_r: 122.943 Nm
 ---- knee_angle_r: 230.735 Nm
 ---- ankle_angle_r: 135.131 Nm

 Objective Function: Penalty
 - Targets Type: Normalised Fibre Length
 - Targets: addbrev_r addlong_r addmagDist_r addmagIsch_r addmagMid_r addmagProx_r bflh_r bfsh_r edl_r ehl_r fdl_r fhl_r gaslat_r gasmed_r glmax1_r glmax2_r glmax3_r glmed1_r glmed2_r glmed3_r glmin1_r glmin2_r glmin3_r grac_r iliacus_r perbrev_r perlong_r psoas_r recfem_r sart_r semimem_r semiten_r soleus_r tfl_r tibant_r tibpost_r vasint_r vaslat_r vasmed_r addbrev_l addlong_l addmagDist_l addmagIsch_l addmagMid_l addmagProx_l bflh_l bfsh_l edl_l ehl_l fdl_l fhl_l gaslat_l gasmed_l glmax1_l glmax2_l glmax3_l glmed1_l glmed2_l glmed3_l glmin1_l glmin2_l glmin3_l grac_l iliacus_l perbrev_l perlong_l psoas_l recfem_l sart_l semimem_l semiten_l soleus_l tfl_l tibant_l tibpost_l vasint_l vaslat_l vasmed_l piri_r 
 - Weight: 100
 - Exponent: 2
 - Range: 0.6, 1.4
 - Value: 0.291074

------------------------------------------------------------------------------
   Fobj = 489.1
------------------------------------------------------------------------------
Return false
fLatest_.at(0) - fOpt_ = 313.41 - 206.309 > 1e-05
------------------------------------------------------------------------------
 Objective Function: TorqueErrorNormalised
 - Targets Type: Torque
 - Targets: hip_flexion_r knee_angle_r ankle_angle_r 
 - Weight: 1
 - Exponent: 1
 - Value: 376.267
 -- Root Mean Square Errors
 --- Trial #1
 ---- hip_flexion_r: 137.241 Nm
 ---- knee_angle_r: 176.994 Nm
 ---- ankle_angle_r: 43.0845 Nm

 Objective Function: Penalty
 - Targets Type: Normalised Fibre Length
 - Targets: addbrev_r addlong_r addmagDist_r addmagIsch_r addmagMid_r addmagProx_r bflh_r bfsh_r edl_r ehl_r fdl_r fhl_r gaslat_r gasmed_r glmax1_r glmax2_r glmax3_r glmed1_r glmed2_r glmed3_r glmin1_r glmin2_r glmin3_r grac_r iliacus_r perbrev_r perlong_r psoas_r recfem_r sart_r semimem_r semiten_r soleus_r tfl_r tibant_r tibpost_r vasint_r vaslat_r vasmed_r addbrev_l addlong_l addmagDist_l addmagIsch_l addmagMid_l addmagProx_l bflh_l bfsh_l edl_l ehl_l fdl_l fhl_l gaslat_l gasmed_l glmax1_l glmax2_l glmax3_l glmed1_l glmed2_l glmed3_l glmin1_l glmin2_l glmin3_l grac_l iliacus_l perbrev_l perlong_l psoas_l recfem_l sart_l semimem_l semiten_l soleus_l tfl_l tibant_l tibpost_l vasint_l vaslat_l vasmed_l piri_r 
 - Weight: 100
 - Exponent: 2
 - Range: 0.6, 1.4
 - Value: 0.442026

------------------------------------------------------------------------------
   Fobj = 376.709
------------------------------------------------------------------------------
Return false
fLatest_.at(0) - fOpt_ = 178.411 - 168.053 > 1e-05
------------------------------------------------------------------------------
 Objective Function: TorqueErrorNormalised
 - Targets Type: Torque
 - Targets: hip_flexion_r knee_angle_r ankle_angle_r 
 - Weight: 1
 - Exponent: 1
 - Value: 186.378
 -- Root Mean Square Errors
 --- Trial #1
 ---- hip_flexion_r: 110.169 Nm
 ---- knee_angle_r: 48.7309 Nm
 ---- ankle_angle_r: 27.4783 Nm

 Objective Function: Penalty
 - Targets Type: Normalised Fibre Length
 - Targets: addbrev_r addlong_r addmagDist_r addmagIsch_r addmagMid_r addmagProx_r bflh_r bfsh_r edl_r ehl_r fdl_r fhl_r gaslat_r gasmed_r glmax1_r glmax2_r glmax3_r glmed1_r glmed2_r glmed3_r glmin1_r glmin2_r glmin3_r grac_r iliacus_r perbrev_r perlong_r psoas_r recfem_r sart_r semimem_r semiten_r soleus_r tfl_r tibant_r tibpost_r vasint_r vaslat_r vasmed_r addbrev_l addlong_l addmagDist_l addmagIsch_l addmagMid_l addmagProx_l bflh_l bfsh_l edl_l ehl_l fdl_l fhl_l gaslat_l gasmed_l glmax1_l glmax2_l glmax3_l glmed1_l glmed2_l glmed3_l glmin1_l glmin2_l glmin3_l grac_l iliacus_l perbrev_l perlong_l psoas_l recfem_l sart_l semimem_l semiten_l soleus_l tfl_l tibant_l tibpost_l vasint_l vaslat_l vasmed_l piri_r 
 - Weight: 100
 - Exponent: 2
 - Range: 0.6, 1.4
 - Value: 0.142472

------------------------------------------------------------------------------
   Fobj = 186.521
------------------------------------------------------------------------------
Return false
fLatest_.at(0) - fOpt_ = 166.793 - 148.144 > 1e-05
------------------------------------------------------------------------------
 Objective Function: TorqueErrorNormalised
 - Targets Type: Torque
 - Targets: hip_flexion_r knee_angle_r ankle_angle_r 
 - Weight: 1
 - Exponent: 1
 - Value: 166.616
 -- Root Mean Square Errors
 --- Trial #1
 ---- hip_flexion_r: 104.452 Nm
 ---- knee_angle_r: 31.1228 Nm
 ---- ankle_angle_r: 31.0404 Nm

 Objective Function: Penalty
 - Targets Type: Normalised Fibre Length
 - Targets: addbrev_r addlong_r addmagDist_r addmagIsch_r addmagMid_r addmagProx_r bflh_r bfsh_r edl_r ehl_r fdl_r fhl_r gaslat_r gasmed_r glmax1_r glmax2_r glmax3_r glmed1_r glmed2_r glmed3_r glmin1_r glmin2_r glmin3_r grac_r iliacus_r perbrev_r perlong_r psoas_r recfem_r sart_r semimem_r semiten_r soleus_r tfl_r tibant_r tibpost_r vasint_r vaslat_r vasmed_r addbrev_l addlong_l addmagDist_l addmagIsch_l addmagMid_l addmagProx_l bflh_l bfsh_l edl_l ehl_l fdl_l fhl_l gaslat_l gasmed_l glmax1_l glmax2_l glmax3_l glmed1_l glmed2_l glmed3_l glmin1_l glmin2_l glmin3_l grac_l iliacus_l perbrev_l perlong_l psoas_l recfem_l sart_l semimem_l semiten_l soleus_l tfl_l tibant_l tibpost_l vasint_l vaslat_l vasmed_l piri_r 
 - Weight: 100
 - Exponent: 2
 - Range: 0.6, 1.4
 - Value: 0.177748

------------------------------------------------------------------------------
   Fobj = 166.793
------------------------------------------------------------------------------
Return false
fLatest_.at(0) - fOpt_ = 139.163 - 134.091 > 1e-05
------------------------------------------------------------------------------
 Objective Function: TorqueErrorNormalised
 - Targets Type: Torque
 - Targets: hip_flexion_r knee_angle_r ankle_angle_r 
 - Weight: 1
 - Exponent: 1
 - Value: 138.968
 -- Root Mean Square Errors
 --- Trial #1
 ---- hip_flexion_r: 83.3167 Nm
 ---- knee_angle_r: 28.7299 Nm
 ---- ankle_angle_r: 26.9215 Nm

 Objective Function: Penalty
 - Targets Type: Normalised Fibre Length
 - Targets: addbrev_r addlong_r addmagDist_r addmagIsch_r addmagMid_r addmagProx_r bflh_r bfsh_r edl_r ehl_r fdl_r fhl_r gaslat_r gasmed_r glmax1_r glmax2_r glmax3_r glmed1_r glmed2_r glmed3_r glmin1_r glmin2_r glmin3_r grac_r iliacus_r perbrev_r perlong_r psoas_r recfem_r sart_r semimem_r semiten_r soleus_r tfl_r tibant_r tibpost_r vasint_r vaslat_r vasmed_r addbrev_l addlong_l addmagDist_l addmagIsch_l addmagMid_l addmagProx_l bflh_l bfsh_l edl_l ehl_l fdl_l fhl_l gaslat_l gasmed_l glmax1_l glmax2_l glmax3_l glmed1_l glmed2_l glmed3_l glmin1_l glmin2_l glmin3_l grac_l iliacus_l perbrev_l perlong_l psoas_l recfem_l sart_l semimem_l semiten_l soleus_l tfl_l tibant_l tibpost_l vasint_l vaslat_l vasmed_l piri_r 
 - Weight: 100
 - Exponent: 2
 - Range: 0.6, 1.4
 - Value: 0.194479

------------------------------------------------------------------------------
   Fobj = 139.163
------------------------------------------------------------------------------
Return false
fLatest_.at(0) - fOpt_ = 125.369 - 123.424 > 1e-05
------------------------------------------------------------------------------
 Objective Function: TorqueErrorNormalised
 - Targets Type: Torque
 - Targets: hip_flexion_r knee_angle_r ankle_angle_r 
 - Weight: 1
 - Exponent: 1
 - Value: 125.707
 -- Root Mean Square Errors
 --- Trial #1
 ---- hip_flexion_r: 75.4907 Nm
 ---- knee_angle_r: 24.6756 Nm
 ---- ankle_angle_r: 25.5406 Nm

 Objective Function: Penalty
 - Targets Type: Normalised Fibre Length
 - Targets: addbrev_r addlong_r addmagDist_r addmagIsch_r addmagMid_r addmagProx_r bflh_r bfsh_r edl_r ehl_r fdl_r fhl_r gaslat_r gasmed_r glmax1_r glmax2_r glmax3_r glmed1_r glmed2_r glmed3_r glmin1_r glmin2_r glmin3_r grac_r iliacus_r perbrev_r perlong_r psoas_r recfem_r sart_r semimem_r semiten_r soleus_r tfl_r tibant_r tibpost_r vasint_r vaslat_r vasmed_r addbrev_l addlong_l addmagDist_l addmagIsch_l addmagMid_l addmagProx_l bflh_l bfsh_l edl_l ehl_l fdl_l fhl_l gaslat_l gasmed_l glmax1_l glmax2_l glmax3_l glmed1_l glmed2_l glmed3_l glmin1_l glmin2_l glmin3_l grac_l iliacus_l perbrev_l perlong_l psoas_l recfem_l sart_l semimem_l semiten_l soleus_l tfl_l tibant_l tibpost_l vasint_l vaslat_l vasmed_l piri_r 
 - Weight: 100
 - Exponent: 2
 - Range: 0.6, 1.4
 - Value: 0.210162

------------------------------------------------------------------------------
   Fobj = 125.917
------------------------------------------------------------------------------

Calibration finished.
Best solution found:
fOpt_ = 123.424
------------------------------------------------------------------------------
 Objective Function: TorqueErrorNormalised
 - Targets Type: Torque
 - Targets: hip_flexion_r knee_angle_r ankle_angle_r 
 - Weight: 1
 - Exponent: 1
 - Value: 123.223
 -- Root Mean Square Errors
 --- Trial #1
 ---- hip_flexion_r: 77.0244 Nm
 ---- knee_angle_r: 21.0973 Nm
 ---- ankle_angle_r: 25.1012 Nm

 Objective Function: Penalty
 - Targets Type: Normalised Fibre Length
 - Targets: addbrev_r addlong_r addmagDist_r addmagIsch_r addmagMid_r addmagProx_r bflh_r bfsh_r edl_r ehl_r fdl_r fhl_r gaslat_r gasmed_r glmax1_r glmax2_r glmax3_r glmed1_r glmed2_r glmed3_r glmin1_r glmin2_r glmin3_r grac_r iliacus_r perbrev_r perlong_r psoas_r recfem_r sart_r semimem_r semiten_r soleus_r tfl_r tibant_r tibpost_r vasint_r vaslat_r vasmed_r addbrev_l addlong_l addmagDist_l addmagIsch_l addmagMid_l addmagProx_l bflh_l bfsh_l edl_l ehl_l fdl_l fhl_l gaslat_l gasmed_l glmax1_l glmax2_l glmax3_l glmed1_l glmed2_l glmed3_l glmin1_l glmin2_l glmin3_l grac_l iliacus_l perbrev_l perlong_l psoas_l recfem_l sart_l semimem_l semiten_l soleus_l tfl_l tibant_l tibpost_l vasint_l vaslat_l vasmed_l piri_r 
 - Weight: 100
 - Exponent: 2
 - Range: 0.6, 1.4
 - Value: 0.248395

------------------------------------------------------------------------------
   Fobj = 123.471
------------------------------------------------------------------------------
total number of evaluations:206700
Reading subject file: D:\3-PhD\Data\MocapData\ElaboratedData\009\pre\ceinms\calibration\uncalibrated.xml .
Calibration time: 12minutes
