[2025-03-14 17:10:00.423] [info] Updating Model file from 30000 to latest format...
[2025-03-14 17:10:00.583] [info] Loaded model PC002 from file C:\Git\opensim_tutorial\tutorials\repeated_sprinting\Simulations\PC002\PC002_v3.osim
[2025-03-14 17:10:00.584] [warning] Couldn't find file 'treadmill.vtp'.
[2025-03-14 17:10:00.584] [warning] Couldn't find file 'sacrum.vtp'.
[2025-03-14 17:10:00.585] [warning] Couldn't find file 'pelvis.vtp'.
[2025-03-14 17:10:00.585] [warning] Couldn't find file 'l_pelvis.vtp'.
[2025-03-14 17:10:00.585] [warning] Couldn't find file 'femur.vtp'.
[2025-03-14 17:10:00.585] [warning] Couldn't find file 'tibia.vtp'.
[2025-03-14 17:10:00.585] [warning] Couldn't find file 'fibula.vtp'.
[2025-03-14 17:10:00.585] [warning] Couldn't find file 'talus.vtp'.
[2025-03-14 17:10:00.586] [warning] Couldn't find file 'foot.vtp'.
[2025-03-14 17:10:00.586] [warning] Couldn't find file 'bofoot.vtp'.
[2025-03-14 17:10:00.586] [warning] Couldn't find file 'l_femur.vtp'.
[2025-03-14 17:10:00.586] [warning] Couldn't find file 'l_tibia.vtp'.
[2025-03-14 17:10:00.586] [warning] Couldn't find file 'l_fibula.vtp'.
[2025-03-14 17:10:00.586] [warning] Couldn't find file 'l_talus.vtp'.
[2025-03-14 17:10:00.586] [warning] Couldn't find file 'l_foot.vtp'.
[2025-03-14 17:10:00.586] [warning] Couldn't find file 'l_bofoot.vtp'.
[2025-03-14 17:10:00.586] [warning] Couldn't find file 'hat_spine.vtp'.
[2025-03-14 17:10:00.587] [warning] Couldn't find file 'hat_jaw.vtp'.
[2025-03-14 17:10:00.587] [warning] Couldn't find file 'hat_skull.vtp'.
[2025-03-14 17:10:00.587] [warning] Couldn't find file 'hat_ribs.vtp'.
[2025-03-14 17:10:00.589] [info] ControllerSet 'Controllers' was renamed and is being reset to 'controllerset'.
[2025-03-14 17:10:00.592] [info] ComponentSet 'MiscComponents' was renamed and is being reset to 'componentset'.
[2025-03-14 17:10:00.631] [info] Updating Model file from 30000 to latest format...
[2025-03-14 17:10:00.703] [info] Loaded model PC002 from file C:\Git\opensim_tutorial\tutorials\repeated_sprinting\Simulations\PC002\PC002_v3.osim
[2025-03-14 17:10:00.704] [warning] Couldn't find file 'treadmill.vtp'.
[2025-03-14 17:10:00.704] [warning] Couldn't find file 'sacrum.vtp'.
[2025-03-14 17:10:00.704] [warning] Couldn't find file 'pelvis.vtp'.
[2025-03-14 17:10:00.704] [warning] Couldn't find file 'l_pelvis.vtp'.
[2025-03-14 17:10:00.704] [warning] Couldn't find file 'femur.vtp'.
[2025-03-14 17:10:00.704] [warning] Couldn't find file 'tibia.vtp'.
[2025-03-14 17:10:00.704] [warning] Couldn't find file 'fibula.vtp'.
[2025-03-14 17:10:00.705] [warning] Couldn't find file 'talus.vtp'.
[2025-03-14 17:10:00.705] [warning] Couldn't find file 'foot.vtp'.
[2025-03-14 17:10:00.705] [warning] Couldn't find file 'bofoot.vtp'.
[2025-03-14 17:10:00.705] [warning] Couldn't find file 'l_femur.vtp'.
[2025-03-14 17:10:00.705] [warning] Couldn't find file 'l_tibia.vtp'.
[2025-03-14 17:10:00.705] [warning] Couldn't find file 'l_fibula.vtp'.
[2025-03-14 17:10:00.705] [warning] Couldn't find file 'l_talus.vtp'.
[2025-03-14 17:10:00.705] [warning] Couldn't find file 'l_foot.vtp'.
[2025-03-14 17:10:00.705] [warning] Couldn't find file 'l_bofoot.vtp'.
[2025-03-14 17:10:00.705] [warning] Couldn't find file 'hat_spine.vtp'.
[2025-03-14 17:10:00.705] [warning] Couldn't find file 'hat_jaw.vtp'.
[2025-03-14 17:10:00.706] [warning] Couldn't find file 'hat_skull.vtp'.
[2025-03-14 17:10:00.706] [warning] Couldn't find file 'hat_ribs.vtp'.
[2025-03-14 17:10:00.706] [info] ControllerSet 'Controllers' was renamed and is being reset to 'controllerset'.
[2025-03-14 17:10:00.709] [info] ComponentSet 'MiscComponents' was renamed and is being reset to 'componentset'.
[2025-03-14 17:24:48.156] [info] Updating Model file from 30000 to latest format...
[2025-03-14 17:24:48.248] [info] Loaded model PC002 from file c:\Git\opensim_tutorial\tutorials\repeated_sprinting\Simulations\PC002\PC002_v3.osim
[2025-03-14 17:24:48.249] [warning] Couldn't find file 'treadmill.vtp'.
[2025-03-14 17:24:48.250] [warning] Couldn't find file 'sacrum.vtp'.
[2025-03-14 17:24:48.250] [warning] Couldn't find file 'pelvis.vtp'.
[2025-03-14 17:24:48.250] [warning] Couldn't find file 'l_pelvis.vtp'.
[2025-03-14 17:24:48.250] [warning] Couldn't find file 'femur.vtp'.
[2025-03-14 17:24:48.250] [warning] Couldn't find file 'tibia.vtp'.
[2025-03-14 17:24:48.250] [warning] Couldn't find file 'fibula.vtp'.
[2025-03-14 17:24:48.250] [warning] Couldn't find file 'talus.vtp'.
[2025-03-14 17:24:48.251] [warning] Couldn't find file 'foot.vtp'.
[2025-03-14 17:24:48.251] [warning] Couldn't find file 'bofoot.vtp'.
[2025-03-14 17:24:48.251] [warning] Couldn't find file 'l_femur.vtp'.
[2025-03-14 17:24:48.251] [warning] Couldn't find file 'l_tibia.vtp'.
[2025-03-14 17:24:48.251] [warning] Couldn't find file 'l_fibula.vtp'.
[2025-03-14 17:24:48.251] [warning] Couldn't find file 'l_talus.vtp'.
[2025-03-14 17:24:48.252] [warning] Couldn't find file 'l_foot.vtp'.
[2025-03-14 17:24:48.252] [warning] Couldn't find file 'l_bofoot.vtp'.
[2025-03-14 17:24:48.252] [warning] Couldn't find file 'hat_spine.vtp'.
[2025-03-14 17:24:48.252] [warning] Couldn't find file 'hat_jaw.vtp'.
[2025-03-14 17:24:48.252] [warning] Couldn't find file 'hat_skull.vtp'.
[2025-03-14 17:24:48.252] [warning] Couldn't find file 'hat_ribs.vtp'.
[2025-03-14 17:24:48.253] [info] ControllerSet 'Controllers' was renamed and is being reset to 'controllerset'.
[2025-03-14 17:24:48.256] [info] ComponentSet 'MiscComponents' was renamed and is being reset to 'componentset'.
[2025-03-14 17:24:48.293] [info] Updating Model file from 30000 to latest format...
[2025-03-14 17:24:48.380] [info] Loaded model PC002 from file c:\Git\opensim_tutorial\tutorials\repeated_sprinting\Simulations\PC002\PC002_v3.osim
[2025-03-14 17:24:48.381] [warning] Couldn't find file 'treadmill.vtp'.
[2025-03-14 17:24:48.381] [warning] Couldn't find file 'sacrum.vtp'.
[2025-03-14 17:24:48.381] [warning] Couldn't find file 'pelvis.vtp'.
[2025-03-14 17:24:48.382] [warning] Couldn't find file 'l_pelvis.vtp'.
[2025-03-14 17:24:48.382] [warning] Couldn't find file 'femur.vtp'.
[2025-03-14 17:24:48.382] [warning] Couldn't find file 'tibia.vtp'.
[2025-03-14 17:24:48.382] [warning] Couldn't find file 'fibula.vtp'.
[2025-03-14 17:24:48.382] [warning] Couldn't find file 'talus.vtp'.
[2025-03-14 17:24:48.382] [warning] Couldn't find file 'foot.vtp'.
[2025-03-14 17:24:48.382] [warning] Couldn't find file 'bofoot.vtp'.
[2025-03-14 17:24:48.383] [warning] Couldn't find file 'l_femur.vtp'.
[2025-03-14 17:24:48.383] [warning] Couldn't find file 'l_tibia.vtp'.
[2025-03-14 17:24:48.383] [warning] Couldn't find file 'l_fibula.vtp'.
[2025-03-14 17:24:48.383] [warning] Couldn't find file 'l_talus.vtp'.
[2025-03-14 17:24:48.383] [warning] Couldn't find file 'l_foot.vtp'.
[2025-03-14 17:24:48.383] [warning] Couldn't find file 'l_bofoot.vtp'.
[2025-03-14 17:24:48.384] [warning] Couldn't find file 'hat_spine.vtp'.
[2025-03-14 17:24:48.384] [warning] Couldn't find file 'hat_jaw.vtp'.
[2025-03-14 17:24:48.384] [warning] Couldn't find file 'hat_skull.vtp'.
[2025-03-14 17:24:48.384] [warning] Couldn't find file 'hat_ribs.vtp'.
[2025-03-14 17:24:48.384] [info] ControllerSet 'Controllers' was renamed and is being reset to 'controllerset'.
[2025-03-14 17:24:48.387] [info] ComponentSet 'MiscComponents' was renamed and is being reset to 'componentset'.
[2025-03-14 17:24:48.443] [info] Updating Model file from 30000 to latest format...
[2025-03-14 17:24:48.521] [info] Loaded model PC002 from file c:\Git\opensim_tutorial\tutorials\repeated_sprinting\Simulations\PC002\PC002_v3.osim
[2025-03-14 17:24:48.522] [warning] Couldn't find file 'treadmill.vtp'.
[2025-03-14 17:24:48.522] [warning] Couldn't find file 'sacrum.vtp'.
[2025-03-14 17:24:48.522] [warning] Couldn't find file 'pelvis.vtp'.
[2025-03-14 17:24:48.522] [warning] Couldn't find file 'l_pelvis.vtp'.
[2025-03-14 17:24:48.522] [warning] Couldn't find file 'femur.vtp'.
[2025-03-14 17:24:48.522] [warning] Couldn't find file 'tibia.vtp'.
[2025-03-14 17:24:48.522] [warning] Couldn't find file 'fibula.vtp'.
[2025-03-14 17:24:48.522] [warning] Couldn't find file 'talus.vtp'.
[2025-03-14 17:24:48.522] [warning] Couldn't find file 'foot.vtp'.
[2025-03-14 17:24:48.523] [warning] Couldn't find file 'bofoot.vtp'.
[2025-03-14 17:24:48.523] [warning] Couldn't find file 'l_femur.vtp'.
[2025-03-14 17:24:48.523] [warning] Couldn't find file 'l_tibia.vtp'.
[2025-03-14 17:24:48.523] [warning] Couldn't find file 'l_fibula.vtp'.
[2025-03-14 17:24:48.523] [warning] Couldn't find file 'l_talus.vtp'.
[2025-03-14 17:24:48.523] [warning] Couldn't find file 'l_foot.vtp'.
[2025-03-14 17:24:48.523] [warning] Couldn't find file 'l_bofoot.vtp'.
[2025-03-14 17:24:48.523] [warning] Couldn't find file 'hat_spine.vtp'.
[2025-03-14 17:24:48.523] [warning] Couldn't find file 'hat_jaw.vtp'.
[2025-03-14 17:24:48.523] [warning] Couldn't find file 'hat_skull.vtp'.
[2025-03-14 17:24:48.523] [warning] Couldn't find file 'hat_ribs.vtp'.
[2025-03-14 17:24:48.524] [info] ControllerSet 'Controllers' was renamed and is being reset to 'controllerset'.
[2025-03-14 17:24:48.526] [info] ComponentSet 'MiscComponents' was renamed and is being reset to 'componentset'.
[2025-03-14 17:24:48.567] [info] Updating Model file from 30000 to latest format...
[2025-03-14 17:24:48.658] [info] Loaded model PC002 from file c:\Git\opensim_tutorial\tutorials\repeated_sprinting\Simulations\PC002\PC002_v3.osim
[2025-03-14 17:24:48.659] [warning] Couldn't find file 'treadmill.vtp'.
[2025-03-14 17:24:48.659] [warning] Couldn't find file 'sacrum.vtp'.
[2025-03-14 17:24:48.659] [warning] Couldn't find file 'pelvis.vtp'.
[2025-03-14 17:24:48.659] [warning] Couldn't find file 'l_pelvis.vtp'.
[2025-03-14 17:24:48.659] [warning] Couldn't find file 'femur.vtp'.
[2025-03-14 17:24:48.660] [warning] Couldn't find file 'tibia.vtp'.
[2025-03-14 17:24:48.660] [warning] Couldn't find file 'fibula.vtp'.
[2025-03-14 17:24:48.660] [warning] Couldn't find file 'talus.vtp'.
[2025-03-14 17:24:48.660] [warning] Couldn't find file 'foot.vtp'.
[2025-03-14 17:24:48.660] [warning] Couldn't find file 'bofoot.vtp'.
[2025-03-14 17:24:48.660] [warning] Couldn't find file 'l_femur.vtp'.
[2025-03-14 17:24:48.660] [warning] Couldn't find file 'l_tibia.vtp'.
[2025-03-14 17:24:48.660] [warning] Couldn't find file 'l_fibula.vtp'.
[2025-03-14 17:24:48.660] [warning] Couldn't find file 'l_talus.vtp'.
[2025-03-14 17:24:48.660] [warning] Couldn't find file 'l_foot.vtp'.
[2025-03-14 17:24:48.660] [warning] Couldn't find file 'l_bofoot.vtp'.
[2025-03-14 17:24:48.661] [warning] Couldn't find file 'hat_spine.vtp'.
[2025-03-14 17:24:48.661] [warning] Couldn't find file 'hat_jaw.vtp'.
[2025-03-14 17:24:48.661] [warning] Couldn't find file 'hat_skull.vtp'.
[2025-03-14 17:24:48.661] [warning] Couldn't find file 'hat_ribs.vtp'.
[2025-03-14 17:24:48.661] [info] ControllerSet 'Controllers' was renamed and is being reset to 'controllerset'.
[2025-03-14 17:24:48.663] [info] ComponentSet 'MiscComponents' was renamed and is being reset to 'componentset'.
[2025-03-14 17:24:48.762] [info] Updating Model file from 30000 to latest format...
[2025-03-14 17:24:48.845] [info] Loaded model PC013 from file c:\Git\opensim_tutorial\tutorials\repeated_sprinting\Simulations\PC013\PC013_v3.osim
[2025-03-14 17:24:48.846] [warning] Couldn't find file 'treadmill.vtp'.
[2025-03-14 17:24:48.846] [warning] Couldn't find file 'sacrum.vtp'.
[2025-03-14 17:24:48.846] [warning] Couldn't find file 'pelvis.vtp'.
[2025-03-14 17:24:48.846] [warning] Couldn't find file 'l_pelvis.vtp'.
[2025-03-14 17:24:48.846] [warning] Couldn't find file 'femur.vtp'.
[2025-03-14 17:24:48.846] [warning] Couldn't find file 'tibia.vtp'.
[2025-03-14 17:24:48.846] [warning] Couldn't find file 'fibula.vtp'.
[2025-03-14 17:24:48.846] [warning] Couldn't find file 'talus.vtp'.
[2025-03-14 17:24:48.847] [warning] Couldn't find file 'foot.vtp'.
[2025-03-14 17:24:48.847] [warning] Couldn't find file 'bofoot.vtp'.
[2025-03-14 17:24:48.847] [warning] Couldn't find file 'l_femur.vtp'.
[2025-03-14 17:24:48.847] [warning] Couldn't find file 'l_tibia.vtp'.
[2025-03-14 17:24:48.847] [warning] Couldn't find file 'l_fibula.vtp'.
[2025-03-14 17:24:48.847] [warning] Couldn't find file 'l_talus.vtp'.
[2025-03-14 17:24:48.847] [warning] Couldn't find file 'l_foot.vtp'.
[2025-03-14 17:24:48.847] [warning] Couldn't find file 'l_bofoot.vtp'.
[2025-03-14 17:24:48.847] [warning] Couldn't find file 'hat_spine.vtp'.
[2025-03-14 17:24:48.847] [warning] Couldn't find file 'hat_jaw.vtp'.
[2025-03-14 17:24:48.847] [warning] Couldn't find file 'hat_skull.vtp'.
[2025-03-14 17:24:48.848] [warning] Couldn't find file 'hat_ribs.vtp'.
[2025-03-14 17:24:48.848] [info] ControllerSet 'Controllers' was renamed and is being reset to 'controllerset'.
[2025-03-14 17:24:48.853] [info] ComponentSet 'MiscComponents' was renamed and is being reset to 'componentset'.
[2025-03-14 17:24:48.895] [info] Updating Model file from 30000 to latest format...
[2025-03-14 17:24:48.978] [info] Loaded model PC013 from file c:\Git\opensim_tutorial\tutorials\repeated_sprinting\Simulations\PC013\PC013_v3.osim
[2025-03-14 17:24:48.979] [warning] Couldn't find file 'treadmill.vtp'.
[2025-03-14 17:24:48.979] [warning] Couldn't find file 'sacrum.vtp'.
[2025-03-14 17:24:48.979] [warning] Couldn't find file 'pelvis.vtp'.
[2025-03-14 17:24:48.979] [warning] Couldn't find file 'l_pelvis.vtp'.
[2025-03-14 17:24:48.979] [warning] Couldn't find file 'femur.vtp'.
[2025-03-14 17:24:48.979] [warning] Couldn't find file 'tibia.vtp'.
[2025-03-14 17:24:48.979] [warning] Couldn't find file 'fibula.vtp'.
[2025-03-14 17:24:48.980] [warning] Couldn't find file 'talus.vtp'.
[2025-03-14 17:24:48.980] [warning] Couldn't find file 'foot.vtp'.
[2025-03-14 17:24:48.980] [warning] Couldn't find file 'bofoot.vtp'.
[2025-03-14 17:24:48.980] [warning] Couldn't find file 'l_femur.vtp'.
[2025-03-14 17:24:48.980] [warning] Couldn't find file 'l_tibia.vtp'.
[2025-03-14 17:24:48.980] [warning] Couldn't find file 'l_fibula.vtp'.
[2025-03-14 17:24:48.980] [warning] Couldn't find file 'l_talus.vtp'.
[2025-03-14 17:24:48.980] [warning] Couldn't find file 'l_foot.vtp'.
[2025-03-14 17:24:48.980] [warning] Couldn't find file 'l_bofoot.vtp'.
[2025-03-14 17:24:48.981] [warning] Couldn't find file 'hat_spine.vtp'.
[2025-03-14 17:24:48.981] [warning] Couldn't find file 'hat_jaw.vtp'.
[2025-03-14 17:24:48.981] [warning] Couldn't find file 'hat_skull.vtp'.
[2025-03-14 17:24:48.981] [warning] Couldn't find file 'hat_ribs.vtp'.
[2025-03-14 17:24:48.981] [info] ControllerSet 'Controllers' was renamed and is being reset to 'controllerset'.
[2025-03-14 17:24:48.985] [info] ComponentSet 'MiscComponents' was renamed and is being reset to 'componentset'.
