
+-+-+-+-+-+-+
|C|E|I|N|M|S|
+-+-+-+-+-+-+-+-+-+-+
|C|a|l|i|b|r|a|t|e|d|
+-+-+-+-+-+-+-+-+-+-+-+-+
|E|M|G|-|I|n|f|o|r|m|e|d|
+-+-+-+-+-+-+-+-+-+-+-+-+-+-+-+-+-+-+-+-+
|N|e|u|r|o|m|u|s|c|u|l|o|s|k|e|l|e|t|a|l|
+-+-+-+-+-+-+-+-+-+-+-+-+-+-+-+-+-+-+-+-+
|T|o|o|l|b|o|x|
+-+-+-+-+-+-+-+

CEINMScalibrate version 0.21.0
Copyright (C) Apr 29 2020
Claudio Pizzolato, Monica Reggiani, Massimo Sartori, David Lloyd
Software developers: Claudio Pizzolato, Monica Reggiani
readNMSmodelCfg
Reading subject file: c:\opensim_tutorial\tutorials\Cerebral_Palsy_Project\Simulations\PC013\trial3_r1\ceinms\uncalibratedSubject.xml .
Contact model  not found
Calibration configuration
 - Algorithm
 -- Simulated Annealing
 --- noEpsilon 4
 --- NS 15
 --- NT 5
 --- maxNoEval 200000
 --- rt 0.3
 --- T 200000
 --- epsilon 1e-05
 - NMSmodel
 - CalibrationSteps
 -- Step
 Objective Function: TorqueErrorNormalised
 - Targets Type: Torque
 - Targets: all 
 - Weight: 1
 - Exponent: 1
 Objective Function: Penalty
 - Targets Type: Normalised Fibre Length
 - Targets: all 
 - Weight: 100
 - Exponent: 2
 - Range: 0.6, 1.4
 - Trials
 -- c:\opensim_tutorial\tutorials\Cerebral_Palsy_Project\Simulations\PC013\trial3_r1\ceinms\.\trial.xml


Reading subject file: c:\opensim_tutorial\tutorials\Cerebral_Palsy_Project\Simulations\PC013\trial3_r1\ceinms\uncalibratedSubject.xml .
activeForceLength
passiveForceLength
forceVelocity
tendonForceStrain
Assuming glut_med1_r pennation angle in radians: 0.139626
Assuming glut_med2_r pennation angle in radians: 0
Assuming glut_med3_r pennation angle in radians: 0.331613
Assuming glut_min1_r pennation angle in radians: 0.174533
Assuming glut_min2_r pennation angle in radians: 0
Assuming glut_min3_r pennation angle in radians: 0.0174533
Assuming semimem_r pennation angle in radians: 0.261799
Assuming semiten_r pennation angle in radians: 0.0872665
Assuming bifemlh_r pennation angle in radians: 0
Assuming bifemsh_r pennation angle in radians: 0.401426
Assuming sar_r pennation angle in radians: 0
Assuming add_long_r pennation angle in radians: 0.10472
Assuming add_brev_r pennation angle in radians: 0
Assuming add_mag1_r pennation angle in radians: 0.0872665
Assuming add_mag2_r pennation angle in radians: 0.0523599
Assuming add_mag3_r pennation angle in radians: 0.0872665
Assuming tfl_r pennation angle in radians: 0.0523599
Assuming pect_r pennation angle in radians: 0
Assuming grac_r pennation angle in radians: 0.0523599
Assuming glut_max1_r pennation angle in radians: 0.0872665
Assuming glut_max2_r pennation angle in radians: 0
Assuming glut_max3_r pennation angle in radians: 0.0872665
Assuming iliacus_r pennation angle in radians: 0.122173
Assuming psoas_r pennation angle in radians: 0.139626
Assuming quad_fem_r pennation angle in radians: 0
Assuming gem_r pennation angle in radians: 0
Assuming peri_r pennation angle in radians: 0.174533
Assuming rect_fem_r pennation angle in radians: 0.0872665
Assuming vas_med_r pennation angle in radians: 0.0872665
Assuming vas_int_r pennation angle in radians: 0.0523599
Assuming vas_lat_r pennation angle in radians: 0.0872665
Assuming med_gas_r pennation angle in radians: 0.296706
Assuming lat_gas_r pennation angle in radians: 0.139626
Assuming soleus_r pennation angle in radians: 0.436332
Assuming tib_post_r pennation angle in radians: 0.20944
Assuming flex_dig_r pennation angle in radians: 0.122173
Assuming flex_hal_r pennation angle in radians: 0.174533
Assuming tib_ant_r pennation angle in radians: 0.0872665
Assuming per_brev_r pennation angle in radians: 0.0872665
Assuming per_long_r pennation angle in radians: 0.174533
Assuming per_tert_r pennation angle in radians: 0.226893
Assuming ext_dig_r pennation angle in radians: 0.139626
Assuming ext_hal_r pennation angle in radians: 0.10472
Assuming glut_med1_l pennation angle in radians: 0.139626
Assuming glut_med2_l pennation angle in radians: 0
Assuming glut_med3_l pennation angle in radians: 0.331613
Assuming glut_min1_l pennation angle in radians: 0.174533
Assuming glut_min2_l pennation angle in radians: 0
Assuming glut_min3_l pennation angle in radians: 0.0174533
Assuming semimem_l pennation angle in radians: 0.261799
Assuming semiten_l pennation angle in radians: 0.0872665
Assuming bifemlh_l pennation angle in radians: 0
Assuming bifemsh_l pennation angle in radians: 0.401426
Assuming sar_l pennation angle in radians: 0
Assuming add_long_l pennation angle in radians: 0.10472
Assuming add_brev_l pennation angle in radians: 0
Assuming add_mag1_l pennation angle in radians: 0.0872665
Assuming add_mag2_l pennation angle in radians: 0.0523599
Assuming add_mag3_l pennation angle in radians: 0.0872665
Assuming tfl_l pennation angle in radians: 0.0523599
Assuming pect_l pennation angle in radians: 0
Assuming grac_l pennation angle in radians: 0.0523599
Assuming glut_max1_l pennation angle in radians: 0.0872665
Assuming glut_max2_l pennation angle in radians: 0
Assuming glut_max3_l pennation angle in radians: 0.0872665
Assuming iliacus_l pennation angle in radians: 0.122173
Assuming psoas_l pennation angle in radians: 0.139626
Assuming quad_fem_l pennation angle in radians: 0
Assuming gem_l pennation angle in radians: 0
Assuming peri_l pennation angle in radians: 0.174533
Assuming rect_fem_l pennation angle in radians: 0.0872665
Assuming vas_med_l pennation angle in radians: 0.0872665
Assuming vas_int_l pennation angle in radians: 0.0523599
Assuming vas_lat_l pennation angle in radians: 0.0872665
Assuming med_gas_l pennation angle in radians: 0.296706
Assuming lat_gas_l pennation angle in radians: 0.139626
Assuming soleus_l pennation angle in radians: 0.436332
Assuming tib_post_l pennation angle in radians: 0.20944
Assuming flex_dig_l pennation angle in radians: 0.122173
Assuming flex_hal_l pennation angle in radians: 0.174533
Assuming tib_ant_l pennation angle in radians: 0.0872665
Assuming per_brev_l pennation angle in radians: 0.0872665
Assuming per_long_l pennation angle in radians: 0.174533
Assuming per_tert_l pennation angle in radians: 0.226893
Assuming ext_dig_l pennation angle in radians: 0.139626
Assuming ext_hal_l pennation angle in radians: 0.10472
Assuming ercspn_r pennation angle in radians: 0
Assuming ercspn_l pennation angle in radians: 0
Assuming intobl_r pennation angle in radians: 0
Assuming intobl_l pennation angle in radians: 0
Assuming extobl_r pennation angle in radians: 0
Assuming extobl_l pennation angle in radians: 0
Found OpenSim model associated to the subject: c:\opensim_tutorial\tutorials\Cerebral_Palsy_Project\Simulations\PC013\PC013_v3.osim

EMG: Reading emg file...c:/opensim_tutorial/tutorials/Cerebral_Palsy_Project/Simulations/PC013/trial3_r1/ceinms/./../processed_emg_signals.mot
Muscle excitations to muscle mapping:
glut_med1_r -> glut_med1_r
glut_med2_r -> glut_med2_r
glut_med3_r -> glut_med3_r
glut_min1_r -> glut_min1_r
glut_min2_r -> glut_min2_r
glut_min3_r -> glut_min3_r
semimem_r -> semimem_r
semiten_r -> semiten_r
bifemlh_r -> bifemlh_r
bifemsh_r -> bifemsh_r
sar_r -> sar_r
add_long_r -> add_long_r
add_brev_r -> add_brev_r
add_mag1_r -> add_mag1_r
add_mag2_r -> add_mag2_r
add_mag3_r -> add_mag3_r
tfl_r -> tfl_r
pect_r -> pect_r
grac_r -> grac_r
glut_max1_r -> glut_max1_r
glut_max2_r -> glut_max2_r
glut_max3_r -> glut_max3_r
iliacus_r -> iliacus_r
psoas_r -> psoas_r
quad_fem_r -> quad_fem_r
gem_r -> gem_r
peri_r -> peri_r
rect_fem_r -> rect_fem_r
vas_med_r -> vas_med_r
vas_int_r -> vas_int_r
vas_lat_r -> vas_lat_r
med_gas_r -> med_gas_r
lat_gas_r -> lat_gas_r
soleus_r -> soleus_r
tib_post_r -> tib_post_r
flex_dig_r -> flex_dig_r
flex_hal_r -> flex_hal_r
tib_ant_r -> tib_ant_r
per_brev_r -> per_brev_r
per_long_r -> per_long_r
per_tert_r -> per_tert_r
ext_dig_r -> ext_dig_r
ext_hal_r -> ext_hal_r
glut_med1_l -> glut_med1_l
glut_med2_l -> glut_med2_l
glut_med3_l -> glut_med3_l
glut_min1_l -> glut_min1_l
glut_min2_l -> glut_min2_l
glut_min3_l -> glut_min3_l
semimem_l -> semimem_l
semiten_l -> semiten_l
bifemlh_l -> bifemlh_l
bifemsh_l -> bifemsh_l
sar_l -> sar_l
add_long_l -> add_long_l
add_brev_l -> add_brev_l
add_mag1_l -> add_mag1_l
add_mag2_l -> add_mag2_l
add_mag3_l -> add_mag3_l
tfl_l -> tfl_l
pect_l -> pect_l
grac_l -> grac_l
glut_max1_l -> glut_max1_l
glut_max2_l -> glut_max2_l
glut_max3_l -> glut_max3_l
iliacus_l -> iliacus_l
psoas_l -> psoas_l
quad_fem_l -> quad_fem_l
gem_l -> gem_l
peri_l -> peri_l
rect_fem_l -> rect_fem_l
vas_med_l -> vas_med_l
vas_int_l -> vas_int_l
vas_lat_l -> vas_lat_l
med_gas_l -> med_gas_l
lat_gas_l -> lat_gas_l
soleus_l -> soleus_l
tib_post_l -> tib_post_l
flex_dig_l -> flex_dig_l
flex_hal_l -> flex_hal_l
tib_ant_l -> tib_ant_l
per_brev_l -> per_brev_l
per_long_l -> per_long_l
per_tert_l -> per_tert_l
ext_dig_l -> ext_dig_l
ext_hal_l -> ext_hal_l
ercspn_r -> ercspn_r
ercspn_l -> ercspn_l
intobl_r -> intobl_r
intobl_l -> intobl_l
extobl_r -> extobl_r
extobl_l -> extobl_l

externalTorque DONE

EMG: EMG DONE

LmtMa: lmtMa DONE
Cropping trial: 1.54, 2.01
Loaded model PC013 from file c:\opensim_tutorial\tutorials\Cerebral_Palsy_Project\Simulations\PC013\PC013_v3.osim
Storage: file=c:/opensim_tutorial/tutorials/Cerebral_Palsy_Project/Simulations/PC013/trial3_r1/ceinms/./../Visual3d_SIMM_input.mot (nr=48 nc=42)
Return false
fLatest_.at(0) - fOpt_ = 534.371 - 347.763 > 1e-05
------------------------------------------------------------------------------
 Objective Function: TorqueErrorNormalised
 - Targets Type: Torque
 - Targets: hip_adduction_r hip_rotation_r hip_flexion_r knee_angle_r ankle_angle_r 
 - Weight: 1
 - Exponent: 1
 - Value: 532.034
 -- Root Mean Square Errors
 --- Trial #1
 ---- hip_adduction_r: 128.925 Nm
 ---- hip_rotation_r: 20.34 Nm
 ---- hip_flexion_r: 104.186 Nm
 ---- knee_angle_r: 16.5709 Nm
 ---- ankle_angle_r: 262.013 Nm

 Objective Function: Penalty
 - Targets Type: Normalised Fibre Length
 - Targets: glut_med1_r glut_med2_r glut_med3_r glut_min1_r glut_min2_r glut_min3_r semimem_r semiten_r bifemlh_r bifemsh_r sar_r add_long_r add_brev_r add_mag1_r add_mag2_r add_mag3_r tfl_r pect_r grac_r glut_max1_r glut_max2_r glut_max3_r iliacus_r psoas_r quad_fem_r gem_r peri_r rect_fem_r vas_med_r vas_int_r vas_lat_r med_gas_r lat_gas_r soleus_r tib_post_r flex_dig_r flex_hal_r tib_ant_r per_brev_r per_long_r per_tert_r ext_dig_r ext_hal_r glut_med1_l glut_med2_l glut_med3_l glut_min1_l glut_min2_l glut_min3_l semimem_l semiten_l bifemlh_l bifemsh_l sar_l add_long_l add_brev_l add_mag1_l add_mag2_l add_mag3_l tfl_l pect_l grac_l glut_max1_l glut_max2_l glut_max3_l iliacus_l psoas_l quad_fem_l gem_l peri_l rect_fem_l vas_med_l vas_int_l vas_lat_l med_gas_l lat_gas_l soleus_l tib_post_l flex_dig_l flex_hal_l tib_ant_l per_brev_l per_long_l per_tert_l ext_dig_l ext_hal_l ercspn_r ercspn_l intobl_r intobl_l extobl_r extobl_l 
 - Weight: 100
 - Exponent: 2
 - Range: 0.6, 1.4
 - Value: 2.33689

------------------------------------------------------------------------------
   Fobj = 534.371
------------------------------------------------------------------------------
Return false
fLatest_.at(0) - fOpt_ = 1455.78 - 332.363 > 1e-05
------------------------------------------------------------------------------
 Objective Function: TorqueErrorNormalised
 - Targets Type: Torque
 - Targets: hip_adduction_r hip_rotation_r hip_flexion_r knee_angle_r ankle_angle_r 
 - Weight: 1
 - Exponent: 1
 - Value: 1448.48
 -- Root Mean Square Errors
 --- Trial #1
 ---- hip_adduction_r: 174.519 Nm
 ---- hip_rotation_r: 12.9587 Nm
 ---- hip_flexion_r: 114.498 Nm
 ---- knee_angle_r: 60.1987 Nm
 ---- ankle_angle_r: 263.386 Nm

 Objective Function: Penalty
 - Targets Type: Normalised Fibre Length
 - Targets: glut_med1_r glut_med2_r glut_med3_r glut_min1_r glut_min2_r glut_min3_r semimem_r semiten_r bifemlh_r bifemsh_r sar_r add_long_r add_brev_r add_mag1_r add_mag2_r add_mag3_r tfl_r pect_r grac_r glut_max1_r glut_max2_r glut_max3_r iliacus_r psoas_r quad_fem_r gem_r peri_r rect_fem_r vas_med_r vas_int_r vas_lat_r med_gas_r lat_gas_r soleus_r tib_post_r flex_dig_r flex_hal_r tib_ant_r per_brev_r per_long_r per_tert_r ext_dig_r ext_hal_r glut_med1_l glut_med2_l glut_med3_l glut_min1_l glut_min2_l glut_min3_l semimem_l semiten_l bifemlh_l bifemsh_l sar_l add_long_l add_brev_l add_mag1_l add_mag2_l add_mag3_l tfl_l pect_l grac_l glut_max1_l glut_max2_l glut_max3_l iliacus_l psoas_l quad_fem_l gem_l peri_l rect_fem_l vas_med_l vas_int_l vas_lat_l med_gas_l lat_gas_l soleus_l tib_post_l flex_dig_l flex_hal_l tib_ant_l per_brev_l per_long_l per_tert_l ext_dig_l ext_hal_l ercspn_r ercspn_l intobl_r intobl_l extobl_r extobl_l 
 - Weight: 100
 - Exponent: 2
 - Range: 0.6, 1.4
 - Value: 7.30103

------------------------------------------------------------------------------
   Fobj = 1455.78
------------------------------------------------------------------------------
Return false
fLatest_.at(0) - fOpt_ = 2328.32 - 331.747 > 1e-05
------------------------------------------------------------------------------
 Objective Function: TorqueErrorNormalised
 - Targets Type: Torque
 - Targets: hip_adduction_r hip_rotation_r hip_flexion_r knee_angle_r ankle_angle_r 
 - Weight: 1
 - Exponent: 1
 - Value: 2318.08
 -- Root Mean Square Errors
 --- Trial #1
 ---- hip_adduction_r: 125.061 Nm
 ---- hip_rotation_r: 36.3445 Nm
 ---- hip_flexion_r: 121.691 Nm
 ---- knee_angle_r: 99.9864 Nm
 ---- ankle_angle_r: 393.329 Nm

 Objective Function: Penalty
 - Targets Type: Normalised Fibre Length
 - Targets: glut_med1_r glut_med2_r glut_med3_r glut_min1_r glut_min2_r glut_min3_r semimem_r semiten_r bifemlh_r bifemsh_r sar_r add_long_r add_brev_r add_mag1_r add_mag2_r add_mag3_r tfl_r pect_r grac_r glut_max1_r glut_max2_r glut_max3_r iliacus_r psoas_r quad_fem_r gem_r peri_r rect_fem_r vas_med_r vas_int_r vas_lat_r med_gas_r lat_gas_r soleus_r tib_post_r flex_dig_r flex_hal_r tib_ant_r per_brev_r per_long_r per_tert_r ext_dig_r ext_hal_r glut_med1_l glut_med2_l glut_med3_l glut_min1_l glut_min2_l glut_min3_l semimem_l semiten_l bifemlh_l bifemsh_l sar_l add_long_l add_brev_l add_mag1_l add_mag2_l add_mag3_l tfl_l pect_l grac_l glut_max1_l glut_max2_l glut_max3_l iliacus_l psoas_l quad_fem_l gem_l peri_l rect_fem_l vas_med_l vas_int_l vas_lat_l med_gas_l lat_gas_l soleus_l tib_post_l flex_dig_l flex_hal_l tib_ant_l per_brev_l per_long_l per_tert_l ext_dig_l ext_hal_l ercspn_r ercspn_l intobl_r intobl_l extobl_r extobl_l 
 - Weight: 100
 - Exponent: 2
 - Range: 0.6, 1.4
 - Value: 10.2367

------------------------------------------------------------------------------
   Fobj = 2328.32
------------------------------------------------------------------------------
Return false
fLatest_.at(0) - fOpt_ = 1140.04 - 293.571 > 1e-05
------------------------------------------------------------------------------
 Objective Function: TorqueErrorNormalised
 - Targets Type: Torque
 - Targets: hip_adduction_r hip_rotation_r hip_flexion_r knee_angle_r ankle_angle_r 
 - Weight: 1
 - Exponent: 1
 - Value: 1136.65
 -- Root Mean Square Errors
 --- Trial #1
 ---- hip_adduction_r: 156.745 Nm
 ---- hip_rotation_r: 37.4131 Nm
 ---- hip_flexion_r: 182.29 Nm
 ---- knee_angle_r: 19.0038 Nm
 ---- ankle_angle_r: 199.529 Nm

 Objective Function: Penalty
 - Targets Type: Normalised Fibre Length
 - Targets: glut_med1_r glut_med2_r glut_med3_r glut_min1_r glut_min2_r glut_min3_r semimem_r semiten_r bifemlh_r bifemsh_r sar_r add_long_r add_brev_r add_mag1_r add_mag2_r add_mag3_r tfl_r pect_r grac_r glut_max1_r glut_max2_r glut_max3_r iliacus_r psoas_r quad_fem_r gem_r peri_r rect_fem_r vas_med_r vas_int_r vas_lat_r med_gas_r lat_gas_r soleus_r tib_post_r flex_dig_r flex_hal_r tib_ant_r per_brev_r per_long_r per_tert_r ext_dig_r ext_hal_r glut_med1_l glut_med2_l glut_med3_l glut_min1_l glut_min2_l glut_min3_l semimem_l semiten_l bifemlh_l bifemsh_l sar_l add_long_l add_brev_l add_mag1_l add_mag2_l add_mag3_l tfl_l pect_l grac_l glut_max1_l glut_max2_l glut_max3_l iliacus_l psoas_l quad_fem_l gem_l peri_l rect_fem_l vas_med_l vas_int_l vas_lat_l med_gas_l lat_gas_l soleus_l tib_post_l flex_dig_l flex_hal_l tib_ant_l per_brev_l per_long_l per_tert_l ext_dig_l ext_hal_l ercspn_r ercspn_l intobl_r intobl_l extobl_r extobl_l 
 - Weight: 100
 - Exponent: 2
 - Range: 0.6, 1.4
 - Value: 3.39575

------------------------------------------------------------------------------
   Fobj = 1140.04
------------------------------------------------------------------------------
Return false
fLatest_.at(0) - fOpt_ = 1827.64 - 283.674 > 1e-05
------------------------------------------------------------------------------
 Objective Function: TorqueErrorNormalised
 - Targets Type: Torque
 - Targets: hip_adduction_r hip_rotation_r hip_flexion_r knee_angle_r ankle_angle_r 
 - Weight: 1
 - Exponent: 1
 - Value: 1816.17
 -- Root Mean Square Errors
 --- Trial #1
 ---- hip_adduction_r: 189.214 Nm
 ---- hip_rotation_r: 50.1727 Nm
 ---- hip_flexion_r: 169.596 Nm
 ---- knee_angle_r: 72.0218 Nm
 ---- ankle_angle_r: 126.832 Nm

 Objective Function: Penalty
 - Targets Type: Normalised Fibre Length
 - Targets: glut_med1_r glut_med2_r glut_med3_r glut_min1_r glut_min2_r glut_min3_r semimem_r semiten_r bifemlh_r bifemsh_r sar_r add_long_r add_brev_r add_mag1_r add_mag2_r add_mag3_r tfl_r pect_r grac_r glut_max1_r glut_max2_r glut_max3_r iliacus_r psoas_r quad_fem_r gem_r peri_r rect_fem_r vas_med_r vas_int_r vas_lat_r med_gas_r lat_gas_r soleus_r tib_post_r flex_dig_r flex_hal_r tib_ant_r per_brev_r per_long_r per_tert_r ext_dig_r ext_hal_r glut_med1_l glut_med2_l glut_med3_l glut_min1_l glut_min2_l glut_min3_l semimem_l semiten_l bifemlh_l bifemsh_l sar_l add_long_l add_brev_l add_mag1_l add_mag2_l add_mag3_l tfl_l pect_l grac_l glut_max1_l glut_max2_l glut_max3_l iliacus_l psoas_l quad_fem_l gem_l peri_l rect_fem_l vas_med_l vas_int_l vas_lat_l med_gas_l lat_gas_l soleus_l tib_post_l flex_dig_l flex_hal_l tib_ant_l per_brev_l per_long_l per_tert_l ext_dig_l ext_hal_l ercspn_r ercspn_l intobl_r intobl_l extobl_r extobl_l 
 - Weight: 100
 - Exponent: 2
 - Range: 0.6, 1.4
 - Value: 11.4696

------------------------------------------------------------------------------
   Fobj = 1827.64
------------------------------------------------------------------------------
Return false
fLatest_.at(0) - fOpt_ = 422.895 - 274.283 > 1e-05
------------------------------------------------------------------------------
 Objective Function: TorqueErrorNormalised
 - Targets Type: Torque
 - Targets: hip_adduction_r hip_rotation_r hip_flexion_r knee_angle_r ankle_angle_r 
 - Weight: 1
 - Exponent: 1
 - Value: 421.326
 -- Root Mean Square Errors
 --- Trial #1
 ---- hip_adduction_r: 136.885 Nm
 ---- hip_rotation_r: 15.2954 Nm
 ---- hip_flexion_r: 62.8511 Nm
 ---- knee_angle_r: 71.6313 Nm
 ---- ankle_angle_r: 134.663 Nm

 Objective Function: Penalty
 - Targets Type: Normalised Fibre Length
 - Targets: glut_med1_r glut_med2_r glut_med3_r glut_min1_r glut_min2_r glut_min3_r semimem_r semiten_r bifemlh_r bifemsh_r sar_r add_long_r add_brev_r add_mag1_r add_mag2_r add_mag3_r tfl_r pect_r grac_r glut_max1_r glut_max2_r glut_max3_r iliacus_r psoas_r quad_fem_r gem_r peri_r rect_fem_r vas_med_r vas_int_r vas_lat_r med_gas_r lat_gas_r soleus_r tib_post_r flex_dig_r flex_hal_r tib_ant_r per_brev_r per_long_r per_tert_r ext_dig_r ext_hal_r glut_med1_l glut_med2_l glut_med3_l glut_min1_l glut_min2_l glut_min3_l semimem_l semiten_l bifemlh_l bifemsh_l sar_l add_long_l add_brev_l add_mag1_l add_mag2_l add_mag3_l tfl_l pect_l grac_l glut_max1_l glut_max2_l glut_max3_l iliacus_l psoas_l quad_fem_l gem_l peri_l rect_fem_l vas_med_l vas_int_l vas_lat_l med_gas_l lat_gas_l soleus_l tib_post_l flex_dig_l flex_hal_l tib_ant_l per_brev_l per_long_l per_tert_l ext_dig_l ext_hal_l ercspn_r ercspn_l intobl_r intobl_l extobl_r extobl_l 
 - Weight: 100
 - Exponent: 2
 - Range: 0.6, 1.4
 - Value: 1.56893

------------------------------------------------------------------------------
   Fobj = 422.895
------------------------------------------------------------------------------
Return false
fLatest_.at(0) - fOpt_ = 528.623 - 258.785 > 1e-05
------------------------------------------------------------------------------
 Objective Function: TorqueErrorNormalised
 - Targets Type: Torque
 - Targets: hip_adduction_r hip_rotation_r hip_flexion_r knee_angle_r ankle_angle_r 
 - Weight: 1
 - Exponent: 1
 - Value: 526.854
 -- Root Mean Square Errors
 --- Trial #1
 ---- hip_adduction_r: 117.655 Nm
 ---- hip_rotation_r: 17.7668 Nm
 ---- hip_flexion_r: 99.1049 Nm
 ---- knee_angle_r: 136.909 Nm
 ---- ankle_angle_r: 155.418 Nm

 Objective Function: Penalty
 - Targets Type: Normalised Fibre Length
 - Targets: glut_med1_r glut_med2_r glut_med3_r glut_min1_r glut_min2_r glut_min3_r semimem_r semiten_r bifemlh_r bifemsh_r sar_r add_long_r add_brev_r add_mag1_r add_mag2_r add_mag3_r tfl_r pect_r grac_r glut_max1_r glut_max2_r glut_max3_r iliacus_r psoas_r quad_fem_r gem_r peri_r rect_fem_r vas_med_r vas_int_r vas_lat_r med_gas_r lat_gas_r soleus_r tib_post_r flex_dig_r flex_hal_r tib_ant_r per_brev_r per_long_r per_tert_r ext_dig_r ext_hal_r glut_med1_l glut_med2_l glut_med3_l glut_min1_l glut_min2_l glut_min3_l semimem_l semiten_l bifemlh_l bifemsh_l sar_l add_long_l add_brev_l add_mag1_l add_mag2_l add_mag3_l tfl_l pect_l grac_l glut_max1_l glut_max2_l glut_max3_l iliacus_l psoas_l quad_fem_l gem_l peri_l rect_fem_l vas_med_l vas_int_l vas_lat_l med_gas_l lat_gas_l soleus_l tib_post_l flex_dig_l flex_hal_l tib_ant_l per_brev_l per_long_l per_tert_l ext_dig_l ext_hal_l ercspn_r ercspn_l intobl_r intobl_l extobl_r extobl_l 
 - Weight: 100
 - Exponent: 2
 - Range: 0.6, 1.4
 - Value: 1.7683

------------------------------------------------------------------------------
   Fobj = 528.623
------------------------------------------------------------------------------
Return false
fLatest_.at(0) - fOpt_ = 519.529 - 227.051 > 1e-05
------------------------------------------------------------------------------
 Objective Function: TorqueErrorNormalised
 - Targets Type: Torque
 - Targets: hip_adduction_r hip_rotation_r hip_flexion_r knee_angle_r ankle_angle_r 
 - Weight: 1
 - Exponent: 1
 - Value: 517.714
 -- Root Mean Square Errors
 --- Trial #1
 ---- hip_adduction_r: 161.063 Nm
 ---- hip_rotation_r: 10.5545 Nm
 ---- hip_flexion_r: 130.921 Nm
 ---- knee_angle_r: 58.8583 Nm
 ---- ankle_angle_r: 93.8175 Nm

 Objective Function: Penalty
 - Targets Type: Normalised Fibre Length
 - Targets: glut_med1_r glut_med2_r glut_med3_r glut_min1_r glut_min2_r glut_min3_r semimem_r semiten_r bifemlh_r bifemsh_r sar_r add_long_r add_brev_r add_mag1_r add_mag2_r add_mag3_r tfl_r pect_r grac_r glut_max1_r glut_max2_r glut_max3_r iliacus_r psoas_r quad_fem_r gem_r peri_r rect_fem_r vas_med_r vas_int_r vas_lat_r med_gas_r lat_gas_r soleus_r tib_post_r flex_dig_r flex_hal_r tib_ant_r per_brev_r per_long_r per_tert_r ext_dig_r ext_hal_r glut_med1_l glut_med2_l glut_med3_l glut_min1_l glut_min2_l glut_min3_l semimem_l semiten_l bifemlh_l bifemsh_l sar_l add_long_l add_brev_l add_mag1_l add_mag2_l add_mag3_l tfl_l pect_l grac_l glut_max1_l glut_max2_l glut_max3_l iliacus_l psoas_l quad_fem_l gem_l peri_l rect_fem_l vas_med_l vas_int_l vas_lat_l med_gas_l lat_gas_l soleus_l tib_post_l flex_dig_l flex_hal_l tib_ant_l per_brev_l per_long_l per_tert_l ext_dig_l ext_hal_l ercspn_r ercspn_l intobl_r intobl_l extobl_r extobl_l 
 - Weight: 100
 - Exponent: 2
 - Range: 0.6, 1.4
 - Value: 1.81498

------------------------------------------------------------------------------
   Fobj = 519.529
------------------------------------------------------------------------------
Return false
fLatest_.at(0) - fOpt_ = 306.846 - 190.462 > 1e-05
------------------------------------------------------------------------------
 Objective Function: TorqueErrorNormalised
 - Targets Type: Torque
 - Targets: hip_adduction_r hip_rotation_r hip_flexion_r knee_angle_r ankle_angle_r 
 - Weight: 1
 - Exponent: 1
 - Value: 305.386
 -- Root Mean Square Errors
 --- Trial #1
 ---- hip_adduction_r: 120.425 Nm
 ---- hip_rotation_r: 21.141 Nm
 ---- hip_flexion_r: 63.1167 Nm
 ---- knee_angle_r: 25.3118 Nm
 ---- ankle_angle_r: 75.3912 Nm

 Objective Function: Penalty
 - Targets Type: Normalised Fibre Length
 - Targets: glut_med1_r glut_med2_r glut_med3_r glut_min1_r glut_min2_r glut_min3_r semimem_r semiten_r bifemlh_r bifemsh_r sar_r add_long_r add_brev_r add_mag1_r add_mag2_r add_mag3_r tfl_r pect_r grac_r glut_max1_r glut_max2_r glut_max3_r iliacus_r psoas_r quad_fem_r gem_r peri_r rect_fem_r vas_med_r vas_int_r vas_lat_r med_gas_r lat_gas_r soleus_r tib_post_r flex_dig_r flex_hal_r tib_ant_r per_brev_r per_long_r per_tert_r ext_dig_r ext_hal_r glut_med1_l glut_med2_l glut_med3_l glut_min1_l glut_min2_l glut_min3_l semimem_l semiten_l bifemlh_l bifemsh_l sar_l add_long_l add_brev_l add_mag1_l add_mag2_l add_mag3_l tfl_l pect_l grac_l glut_max1_l glut_max2_l glut_max3_l iliacus_l psoas_l quad_fem_l gem_l peri_l rect_fem_l vas_med_l vas_int_l vas_lat_l med_gas_l lat_gas_l soleus_l tib_post_l flex_dig_l flex_hal_l tib_ant_l per_brev_l per_long_l per_tert_l ext_dig_l ext_hal_l ercspn_r ercspn_l intobl_r intobl_l extobl_r extobl_l 
 - Weight: 100
 - Exponent: 2
 - Range: 0.6, 1.4
 - Value: 1.45982

------------------------------------------------------------------------------
   Fobj = 306.846
------------------------------------------------------------------------------
Return false
fLatest_.at(0) - fOpt_ = 213.321 - 151.611 > 1e-05
------------------------------------------------------------------------------
 Objective Function: TorqueErrorNormalised
 - Targets Type: Torque
 - Targets: hip_adduction_r hip_rotation_r hip_flexion_r knee_angle_r ankle_angle_r 
 - Weight: 1
 - Exponent: 1
 - Value: 212.19
 -- Root Mean Square Errors
 --- Trial #1
 ---- hip_adduction_r: 114.222 Nm
 ---- hip_rotation_r: 8.7499 Nm
 ---- hip_flexion_r: 47.6249 Nm
 ---- knee_angle_r: 29.1979 Nm
 ---- ankle_angle_r: 12.3956 Nm

 Objective Function: Penalty
 - Targets Type: Normalised Fibre Length
 - Targets: glut_med1_r glut_med2_r glut_med3_r glut_min1_r glut_min2_r glut_min3_r semimem_r semiten_r bifemlh_r bifemsh_r sar_r add_long_r add_brev_r add_mag1_r add_mag2_r add_mag3_r tfl_r pect_r grac_r glut_max1_r glut_max2_r glut_max3_r iliacus_r psoas_r quad_fem_r gem_r peri_r rect_fem_r vas_med_r vas_int_r vas_lat_r med_gas_r lat_gas_r soleus_r tib_post_r flex_dig_r flex_hal_r tib_ant_r per_brev_r per_long_r per_tert_r ext_dig_r ext_hal_r glut_med1_l glut_med2_l glut_med3_l glut_min1_l glut_min2_l glut_min3_l semimem_l semiten_l bifemlh_l bifemsh_l sar_l add_long_l add_brev_l add_mag1_l add_mag2_l add_mag3_l tfl_l pect_l grac_l glut_max1_l glut_max2_l glut_max3_l iliacus_l psoas_l quad_fem_l gem_l peri_l rect_fem_l vas_med_l vas_int_l vas_lat_l med_gas_l lat_gas_l soleus_l tib_post_l flex_dig_l flex_hal_l tib_ant_l per_brev_l per_long_l per_tert_l ext_dig_l ext_hal_l ercspn_r ercspn_l intobl_r intobl_l extobl_r extobl_l 
 - Weight: 100
 - Exponent: 2
 - Range: 0.6, 1.4
 - Value: 1.55487

------------------------------------------------------------------------------
   Fobj = 213.745
------------------------------------------------------------------------------
Return false
fLatest_.at(0) - fOpt_ = 152.272 - 130.777 > 1e-05
------------------------------------------------------------------------------
 Objective Function: TorqueErrorNormalised
 - Targets Type: Torque
 - Targets: hip_adduction_r hip_rotation_r hip_flexion_r knee_angle_r ankle_angle_r 
 - Weight: 1
 - Exponent: 1
 - Value: 150.714
 -- Root Mean Square Errors
 --- Trial #1
 ---- hip_adduction_r: 77.8303 Nm
 ---- hip_rotation_r: 5.54769 Nm
 ---- hip_flexion_r: 45.1394 Nm
 ---- knee_angle_r: 13.3383 Nm
 ---- ankle_angle_r: 8.85867 Nm

 Objective Function: Penalty
 - Targets Type: Normalised Fibre Length
 - Targets: glut_med1_r glut_med2_r glut_med3_r glut_min1_r glut_min2_r glut_min3_r semimem_r semiten_r bifemlh_r bifemsh_r sar_r add_long_r add_brev_r add_mag1_r add_mag2_r add_mag3_r tfl_r pect_r grac_r glut_max1_r glut_max2_r glut_max3_r iliacus_r psoas_r quad_fem_r gem_r peri_r rect_fem_r vas_med_r vas_int_r vas_lat_r med_gas_r lat_gas_r soleus_r tib_post_r flex_dig_r flex_hal_r tib_ant_r per_brev_r per_long_r per_tert_r ext_dig_r ext_hal_r glut_med1_l glut_med2_l glut_med3_l glut_min1_l glut_min2_l glut_min3_l semimem_l semiten_l bifemlh_l bifemsh_l sar_l add_long_l add_brev_l add_mag1_l add_mag2_l add_mag3_l tfl_l pect_l grac_l glut_max1_l glut_max2_l glut_max3_l iliacus_l psoas_l quad_fem_l gem_l peri_l rect_fem_l vas_med_l vas_int_l vas_lat_l med_gas_l lat_gas_l soleus_l tib_post_l flex_dig_l flex_hal_l tib_ant_l per_brev_l per_long_l per_tert_l ext_dig_l ext_hal_l ercspn_r ercspn_l intobl_r intobl_l extobl_r extobl_l 
 - Weight: 100
 - Exponent: 2
 - Range: 0.6, 1.4
 - Value: 1.5581

------------------------------------------------------------------------------
   Fobj = 152.272
------------------------------------------------------------------------------
Return false
fLatest_.at(0) - fOpt_ = 125.753 - 120.678 > 1e-05
------------------------------------------------------------------------------
 Objective Function: TorqueErrorNormalised
 - Targets Type: Torque
 - Targets: hip_adduction_r hip_rotation_r hip_flexion_r knee_angle_r ankle_angle_r 
 - Weight: 1
 - Exponent: 1
 - Value: 124.131
 -- Root Mean Square Errors
 --- Trial #1
 ---- hip_adduction_r: 65.4264 Nm
 ---- hip_rotation_r: 5.25559 Nm
 ---- hip_flexion_r: 31.5199 Nm
 ---- knee_angle_r: 13.2654 Nm
 ---- ankle_angle_r: 8.66394 Nm

 Objective Function: Penalty
 - Targets Type: Normalised Fibre Length
 - Targets: glut_med1_r glut_med2_r glut_med3_r glut_min1_r glut_min2_r glut_min3_r semimem_r semiten_r bifemlh_r bifemsh_r sar_r add_long_r add_brev_r add_mag1_r add_mag2_r add_mag3_r tfl_r pect_r grac_r glut_max1_r glut_max2_r glut_max3_r iliacus_r psoas_r quad_fem_r gem_r peri_r rect_fem_r vas_med_r vas_int_r vas_lat_r med_gas_r lat_gas_r soleus_r tib_post_r flex_dig_r flex_hal_r tib_ant_r per_brev_r per_long_r per_tert_r ext_dig_r ext_hal_r glut_med1_l glut_med2_l glut_med3_l glut_min1_l glut_min2_l glut_min3_l semimem_l semiten_l bifemlh_l bifemsh_l sar_l add_long_l add_brev_l add_mag1_l add_mag2_l add_mag3_l tfl_l pect_l grac_l glut_max1_l glut_max2_l glut_max3_l iliacus_l psoas_l quad_fem_l gem_l peri_l rect_fem_l vas_med_l vas_int_l vas_lat_l med_gas_l lat_gas_l soleus_l tib_post_l flex_dig_l flex_hal_l tib_ant_l per_brev_l per_long_l per_tert_l ext_dig_l ext_hal_l ercspn_r ercspn_l intobl_r intobl_l extobl_r extobl_l 
 - Weight: 100
 - Exponent: 2
 - Range: 0.6, 1.4
 - Value: 1.62209

------------------------------------------------------------------------------
   Fobj = 125.753
------------------------------------------------------------------------------

Calibration finished.
Best solution found:
fOpt_ = 120.678
------------------------------------------------------------------------------
 Objective Function: TorqueErrorNormalised
 - Targets Type: Torque
 - Targets: hip_adduction_r hip_rotation_r hip_flexion_r knee_angle_r ankle_angle_r 
 - Weight: 1
 - Exponent: 1
 - Value: 119.075
 -- Root Mean Square Errors
 --- Trial #1
 ---- hip_adduction_r: 64.1641 Nm
 ---- hip_rotation_r: 4.48794 Nm
 ---- hip_flexion_r: 29.6323 Nm
 ---- knee_angle_r: 12.6594 Nm
 ---- ankle_angle_r: 8.13136 Nm

 Objective Function: Penalty
 - Targets Type: Normalised Fibre Length
 - Targets: glut_med1_r glut_med2_r glut_med3_r glut_min1_r glut_min2_r glut_min3_r semimem_r semiten_r bifemlh_r bifemsh_r sar_r add_long_r add_brev_r add_mag1_r add_mag2_r add_mag3_r tfl_r pect_r grac_r glut_max1_r glut_max2_r glut_max3_r iliacus_r psoas_r quad_fem_r gem_r peri_r rect_fem_r vas_med_r vas_int_r vas_lat_r med_gas_r lat_gas_r soleus_r tib_post_r flex_dig_r flex_hal_r tib_ant_r per_brev_r per_long_r per_tert_r ext_dig_r ext_hal_r glut_med1_l glut_med2_l glut_med3_l glut_min1_l glut_min2_l glut_min3_l semimem_l semiten_l bifemlh_l bifemsh_l sar_l add_long_l add_brev_l add_mag1_l add_mag2_l add_mag3_l tfl_l pect_l grac_l glut_max1_l glut_max2_l glut_max3_l iliacus_l psoas_l quad_fem_l gem_l peri_l rect_fem_l vas_med_l vas_int_l vas_lat_l med_gas_l lat_gas_l soleus_l tib_post_l flex_dig_l flex_hal_l tib_ant_l per_brev_l per_long_l per_tert_l ext_dig_l ext_hal_l ercspn_r ercspn_l intobl_r intobl_l extobl_r extobl_l 
 - Weight: 100
 - Exponent: 2
 - Range: 0.6, 1.4
 - Value: 1.9049

------------------------------------------------------------------------------
   Fobj = 120.98
------------------------------------------------------------------------------
total number of evaluations:205200
Reading subject file: c:\opensim_tutorial\tutorials\Cerebral_Palsy_Project\Simulations\PC013\trial3_r1\ceinms\uncalibratedSubject.xml .
Calibration time: 12minutes
