
+-+-+-+-+-+-+
|C|E|I|N|M|S|
+-+-+-+-+-+-+-+-+-+-+
|C|a|l|i|b|r|a|t|e|d|
+-+-+-+-+-+-+-+-+-+-+-+-+
|E|M|G|-|I|n|f|o|r|m|e|d|
+-+-+-+-+-+-+-+-+-+-+-+-+-+-+-+-+-+-+-+-+
|N|e|u|r|o|m|u|s|c|u|l|o|s|k|e|l|e|t|a|l|
+-+-+-+-+-+-+-+-+-+-+-+-+-+-+-+-+-+-+-+-+
|T|o|o|l|b|o|x|
+-+-+-+-+-+-+-+

CEINMS version 0.21.0
Copyright (C) Apr 29 2020
Claudio Pizzolato, Monica Reggiani, Massimo Sartori, David Lloyd
Software developers: Claudio Pizzolato, Elena Ceseracciu, Monica Reggiani
Check configuration data...
Reading subject file: c:/opensim_tutorial/tutorials/Cerebral_Palsy_Project/Simulations/TD021/crouch1_r1/ceinms/./calibratedSubject.xml .
Contact model  not found
Reading subject file: c:/opensim_tutorial/tutorials/Cerebral_Palsy_Project/Simulations/TD021/crouch1_r1/ceinms/./calibratedSubject.xml .
activeForceLength
passiveForceLength
forceVelocity
tendonForceStrain
Assuming glut_med1_r pennation angle in radians: 0.139626
Assuming glut_med2_r pennation angle in radians: 0
Assuming glut_med3_r pennation angle in radians: 0.331613
Assuming glut_min1_r pennation angle in radians: 0.174533
Assuming glut_min2_r pennation angle in radians: 0
Assuming glut_min3_r pennation angle in radians: 0.0174533
Assuming semimem_r pennation angle in radians: 0.261799
Assuming semiten_r pennation angle in radians: 0.0872665
Assuming bifemlh_r pennation angle in radians: 0
Assuming bifemsh_r pennation angle in radians: 0.401426
Assuming sar_r pennation angle in radians: 0
Assuming add_long_r pennation angle in radians: 0.10472
Assuming add_brev_r pennation angle in radians: 0
Assuming add_mag1_r pennation angle in radians: 0.0872665
Assuming add_mag2_r pennation angle in radians: 0.0523599
Assuming add_mag3_r pennation angle in radians: 0.0872665
Assuming tfl_r pennation angle in radians: 0.0523599
Assuming pect_r pennation angle in radians: 0
Assuming grac_r pennation angle in radians: 0.0523599
Assuming glut_max1_r pennation angle in radians: 0.0872665
Assuming glut_max2_r pennation angle in radians: 0
Assuming glut_max3_r pennation angle in radians: 0.0872665
Assuming iliacus_r pennation angle in radians: 0.122173
Assuming psoas_r pennation angle in radians: 0.139626
Assuming quad_fem_r pennation angle in radians: 0
Assuming gem_r pennation angle in radians: 0
Assuming peri_r pennation angle in radians: 0.174533
Assuming rect_fem_r pennation angle in radians: 0.0872665
Assuming vas_med_r pennation angle in radians: 0.0872665
Assuming vas_int_r pennation angle in radians: 0.0523599
Assuming vas_lat_r pennation angle in radians: 0.0872665
Assuming med_gas_r pennation angle in radians: 0.296706
Assuming lat_gas_r pennation angle in radians: 0.139626
Assuming soleus_r pennation angle in radians: 0.436332
Assuming tib_post_r pennation angle in radians: 0.20944
Assuming flex_dig_r pennation angle in radians: 0.122173
Assuming flex_hal_r pennation angle in radians: 0.174533
Assuming tib_ant_r pennation angle in radians: 0.0872665
Assuming per_brev_r pennation angle in radians: 0.0872665
Assuming per_long_r pennation angle in radians: 0.174533
Assuming per_tert_r pennation angle in radians: 0.226893
Assuming ext_dig_r pennation angle in radians: 0.139626
Assuming ext_hal_r pennation angle in radians: 0.10472
Assuming glut_med1_l pennation angle in radians: 0.139626
Assuming glut_med2_l pennation angle in radians: 0
Assuming glut_med3_l pennation angle in radians: 0.331613
Assuming glut_min1_l pennation angle in radians: 0.174533
Assuming glut_min2_l pennation angle in radians: 0
Assuming glut_min3_l pennation angle in radians: 0.0174533
Assuming semimem_l pennation angle in radians: 0.261799
Assuming semiten_l pennation angle in radians: 0.0872665
Assuming bifemlh_l pennation angle in radians: 0
Assuming bifemsh_l pennation angle in radians: 0.401426
Assuming sar_l pennation angle in radians: 0
Assuming add_long_l pennation angle in radians: 0.10472
Assuming add_brev_l pennation angle in radians: 0
Assuming add_mag1_l pennation angle in radians: 0.0872665
Assuming add_mag2_l pennation angle in radians: 0.0523599
Assuming add_mag3_l pennation angle in radians: 0.0872665
Assuming tfl_l pennation angle in radians: 0.0523599
Assuming pect_l pennation angle in radians: 0
Assuming grac_l pennation angle in radians: 0.0523599
Assuming glut_max1_l pennation angle in radians: 0.0872665
Assuming glut_max2_l pennation angle in radians: 0
Assuming glut_max3_l pennation angle in radians: 0.0872665
Assuming iliacus_l pennation angle in radians: 0.122173
Assuming psoas_l pennation angle in radians: 0.139626
Assuming quad_fem_l pennation angle in radians: 0
Assuming gem_l pennation angle in radians: 0
Assuming peri_l pennation angle in radians: 0.174533
Assuming rect_fem_l pennation angle in radians: 0.0872665
Assuming vas_med_l pennation angle in radians: 0.0872665
Assuming vas_int_l pennation angle in radians: 0.0523599
Assuming vas_lat_l pennation angle in radians: 0.0872665
Assuming med_gas_l pennation angle in radians: 0.296706
Assuming lat_gas_l pennation angle in radians: 0.139626
Assuming soleus_l pennation angle in radians: 0.436332
Assuming tib_post_l pennation angle in radians: 0.20944
Assuming flex_dig_l pennation angle in radians: 0.122173
Assuming flex_hal_l pennation angle in radians: 0.174533
Assuming tib_ant_l pennation angle in radians: 0.0872665
Assuming per_brev_l pennation angle in radians: 0.0872665
Assuming per_long_l pennation angle in radians: 0.174533
Assuming per_tert_l pennation angle in radians: 0.226893
Assuming ext_dig_l pennation angle in radians: 0.139626
Assuming ext_hal_l pennation angle in radians: 0.10472
Assuming ercspn_r pennation angle in radians: 0
Assuming ercspn_l pennation angle in radians: 0
Assuming intobl_r pennation angle in radians: 0
Assuming intobl_l pennation angle in radians: 0
Assuming extobl_r pennation angle in radians: 0
Assuming extobl_l pennation angle in radians: 0
Found OpenSim model associated to the subject: c:\opensim_tutorial\tutorials\Cerebral_Palsy_Project\Simulations\TD021\TD021_v3.osim

EMG: Reading emg file...c:/opensim_tutorial/tutorials/Cerebral_Palsy_Project/Simulations/TD021/crouch1_r1/ceinms/./../processed_emg_signals.mot
Muscle excitations to muscle mapping:
glut_med1_r -> glut_med1_r
glut_med2_r -> glut_med2_r
glut_med3_r -> glut_med3_r
glut_min1_r -> glut_min1_r
glut_min2_r -> glut_min2_r
glut_min3_r -> glut_min3_r
semimem_r -> semimem_r
semiten_r -> semiten_r
bifemlh_r -> bifemlh_r
bifemsh_r -> bifemsh_r
sar_r -> sar_r
add_long_r -> add_long_r
add_brev_r -> add_brev_r
add_mag1_r -> add_mag1_r
add_mag2_r -> add_mag2_r
add_mag3_r -> add_mag3_r
tfl_r -> tfl_r
pect_r -> pect_r
grac_r -> grac_r
glut_max1_r -> glut_max1_r
glut_max2_r -> glut_max2_r
glut_max3_r -> glut_max3_r
iliacus_r -> iliacus_r
psoas_r -> psoas_r
quad_fem_r -> quad_fem_r
gem_r -> gem_r
peri_r -> peri_r
rect_fem_r -> rect_fem_r
vas_med_r -> vas_med_r
vas_int_r -> vas_int_r
vas_lat_r -> vas_lat_r
med_gas_r -> med_gas_r
lat_gas_r -> lat_gas_r
soleus_r -> soleus_r
tib_post_r -> tib_post_r
flex_dig_r -> flex_dig_r
flex_hal_r -> flex_hal_r
tib_ant_r -> tib_ant_r
per_brev_r -> per_brev_r
per_long_r -> per_long_r
per_tert_r -> per_tert_r
ext_dig_r -> ext_dig_r
ext_hal_r -> ext_hal_r
glut_med1_l -> glut_med1_l
glut_med2_l -> glut_med2_l
glut_med3_l -> glut_med3_l
glut_min1_l -> glut_min1_l
glut_min2_l -> glut_min2_l
glut_min3_l -> glut_min3_l
semimem_l -> semimem_l
semiten_l -> semiten_l
bifemlh_l -> bifemlh_l
bifemsh_l -> bifemsh_l
sar_l -> sar_l
add_long_l -> add_long_l
add_brev_l -> add_brev_l
add_mag1_l -> add_mag1_l
add_mag2_l -> add_mag2_l
add_mag3_l -> add_mag3_l
tfl_l -> tfl_l
pect_l -> pect_l
grac_l -> grac_l
glut_max1_l -> glut_max1_l
glut_max2_l -> glut_max2_l
glut_max3_l -> glut_max3_l
iliacus_l -> iliacus_l
psoas_l -> psoas_l
quad_fem_l -> quad_fem_l
gem_l -> gem_l
peri_l -> peri_l
rect_fem_l -> rect_fem_l
vas_med_l -> vas_med_l
vas_int_l -> vas_int_l
vas_lat_l -> vas_lat_l
med_gas_l -> med_gas_l
lat_gas_l -> lat_gas_l
soleus_l -> soleus_l
tib_post_l -> tib_post_l
flex_dig_l -> flex_dig_l
flex_hal_l -> flex_hal_l
tib_ant_l -> tib_ant_l
per_brev_l -> per_brev_l
per_long_l -> per_long_l
per_tert_l -> per_tert_l
ext_dig_l -> ext_dig_l
ext_hal_l -> ext_hal_l
ercspn_r -> ercspn_r
ercspn_l -> ercspn_l
intobl_r -> intobl_r
intobl_l -> intobl_l
extobl_r -> extobl_r
extobl_l -> extobl_l
Using c:/opensim_tutorial/tutorials/Cerebral_Palsy_Project/Simulations/TD021/crouch1_r1/ceinms/./execution/ as output directory
Joint moments
hip_flexion_r -> Tracking
hip_adduction_r -> Unchanged
hip_rotation_r -> Unchanged
knee_angle_r -> Tracking
ankle_angle_r -> Tracking
Muscle excitations
glut_med1_r ->  Adjusting
glut_med2_r ->  Adjusting
glut_med3_r ->  Adjusting
glut_min1_r ->  Adjusting
glut_min2_r ->  Adjusting
glut_min3_r ->  Adjusting
semimem_r ->  Adjusting
semiten_r ->  Adjusting
bifemlh_r ->  Adjusting
bifemsh_r ->  Adjusting
sar_r ->  Synthetising
add_long_r ->  Adjusting
add_brev_r ->  Adjusting
add_mag1_r ->  Synthetising
add_mag2_r ->  Synthetising
add_mag3_r ->  Synthetising
tfl_r ->  Synthetising
pect_r ->  Adjusting
grac_r ->  Adjusting
glut_max1_r ->  Adjusting
glut_max2_r ->  Adjusting
glut_max3_r ->  Adjusting
iliacus_r ->  Synthetising
psoas_r ->  Synthetising
quad_fem_r ->  Synthetising
gem_r ->  Synthetising
peri_r ->  Synthetising
rect_fem_r ->  Synthetising
vas_med_r ->  Adjusting
vas_int_r ->  Adjusting
vas_lat_r ->  Adjusting
med_gas_r ->  Adjusting
lat_gas_r ->  Adjusting
soleus_r ->  Adjusting
tib_post_r ->  Synthetising
flex_dig_r ->  Synthetising
flex_hal_r ->  Synthetising
tib_ant_r ->  Adjusting
per_brev_r ->  Synthetising
per_long_r ->  Synthetising
per_tert_r ->  Synthetising
ext_dig_r ->  Adjusting
ext_hal_r ->  Adjusting
glut_med1_l ->  Unchanged
glut_med2_l ->  Unchanged
glut_med3_l ->  Unchanged
glut_min1_l ->  Unchanged
glut_min2_l ->  Unchanged
glut_min3_l ->  Unchanged
semimem_l ->  Unchanged
semiten_l ->  Unchanged
bifemlh_l ->  Unchanged
bifemsh_l ->  Unchanged
sar_l ->  Unchanged
add_long_l ->  Unchanged
add_brev_l ->  Unchanged
add_mag1_l ->  Unchanged
add_mag2_l ->  Unchanged
add_mag3_l ->  Unchanged
tfl_l ->  Unchanged
pect_l ->  Unchanged
grac_l ->  Unchanged
glut_max1_l ->  Unchanged
glut_max2_l ->  Unchanged
glut_max3_l ->  Unchanged
iliacus_l ->  Unchanged
psoas_l ->  Unchanged
quad_fem_l ->  Unchanged
gem_l ->  Unchanged
peri_l ->  Unchanged
rect_fem_l ->  Unchanged
vas_med_l ->  Unchanged
vas_int_l ->  Unchanged
vas_lat_l ->  Unchanged
med_gas_l ->  Unchanged
lat_gas_l ->  Unchanged
soleus_l ->  Unchanged
tib_post_l ->  Unchanged
flex_dig_l ->  Unchanged
flex_hal_l ->  Unchanged
tib_ant_l ->  Unchanged
per_brev_l ->  Unchanged
per_long_l ->  Unchanged
per_tert_l ->  Unchanged
ext_dig_l ->  Unchanged
ext_hal_l ->  Unchanged
ercspn_r ->  Synthetising
ercspn_l ->  Unchanged
intobl_r ->  Synthetising
intobl_l ->  Unchanged
extobl_r ->  Synthetising
extobl_l ->  Unchanged
Using alpha = 1, beta = 5, gamma = 10
Using c:/opensim_tutorial\tutorials\Cerebral_Palsy_Project\Simulations\TD021\crouch1_r1\ceinms\execution as output directory
starting consume

externalTorque DONE

EMG: EMG DONE


EmgTime: 0.76
Adjusted EMG
0.001	0.082958	0.082958	0.001	0.082958	0.082958	0.0602519	0.001	0.001	0.001	0.001	0.0479782	0.999	0.001	0.001	0.001	0.001	0.101441	0.999	0.082958	0.082958	0.082958	0.001	0.001	0.001	0.001	0.001	0.001	0.999	0.54662	0.999	0.001	0.001	0.198611	0.490495	0.0392655	0.0101298	0.001	0.111483	0.0323237	0.001	0.001	0.001	0	0	0	0	0	0	0	0	0	0	0	0	0	0	0	0	0	0	0	0	0	0	0	0	0	0	0	0	0	0	0	0	0	0	0	0	0	0	0	0	0	0	0	0.001	0	0.001	0	0.000997281	0	
LmtTime: 0.76
Lmt
0.104006	0.122131	0.110222	0.0662855	0.0698827	0.0776925	0.340414	0.377606	0.356734	0.161643	0.369053	0.146828	0.106454	0.111096	0.187061	0.322731	0.380337	0.0628298	0.334486	0.192591	0.207694	0.245498	0.123012	0.165835	0.0696909	0.0542473	0.119336	0.324584	0.178649	0.187139	0.200537	0.322517	0.319934	0.231944	0.259463	0.335199	0.329175	0.20747	0.160042	0.298244	0.127691	0.318695	0.29551	0.106176	0.113193	0.0937847	0.071966	0.0719105	0.0741994	0.309464	0.338593	0.318457	0.165972	0.422505	0.157557	0.100564	0.0874884	0.154429	0.282336	0.424631	0.0733329	0.314545	0.170667	0.179562	0.200713	0.152979	0.195694	0.0471299	0.0462366	0.109581	0.354587	0.173091	0.182113	0.195256	0.330234	0.327537	0.236277	0.261115	0.336706	0.331047	0.20335	0.160993	0.299569	0.125527	0.315475	0.291702	0.107501	0.105733	0.171298	0.171858	0.232266	0.230193	
MomentArms on: hip_flexion_r
-0.0159145	-0.0116898	0.0117127	0.00973721	-0.041619	0.0334804	-0.00191493	0.031607	0.0315667	0.0600706	0.0677142	
MomentArms on: hip_adduction_r
0.0473298	0.0611711	0.0372307	0.0378067	0.0276077	0.00934889	0.0438874	0.0371035	0.0115469	0.0199009	
MomentArms on: hip_rotation_r
0.0393783	0.0358741	0.00382242	0.00296837	0.0367181	-0.0127265	0.0148021	0.0255532	0.00802094	-0.0252678	
MomentArms on: knee_angle_r
-0.0178529	-0.0200883	-0.0257024	-0.0126712	-0.0133091	-0.0116466	-0.0251502	-0.0298727	0.0264621	0.0255989	0.025763	0.026927	
MomentArms on: ankle_angle_r
0.0243034	0.0273211	0.0163317	0.0301085	-0.0103657	-0.013046	-0.0369084	-0.0365249	-0.00607075	-0.00782564	-0.0332961	-0.0108028	
External Torques: -19.9304 -8.71451 4.1372 12.3473 -19.051 
Current Torque on hip_flexion_r -2.75171
Current Torque on hip_adduction_r 8.7893
Current Torque on hip_rotation_r -3.52253
Current Torque on knee_angle_r 5.71217
Current Torque on ankle_angle_r -18.8016

----------------------------------------


EmgTime: 0.77
Adjusted EMG
0.001	0.0817959	0.0817959	0.001	0.0817959	0.0817959	0.0527154	0.0527167	0.0527351	0.00100639	0.001	0.0510776	0.999	0.001	0.001	0.001	0.001	0.1086	0.660929	0.0817959	0.0817959	0.0817959	0.001	0.001	0.001	0.001	0.001	0.001	0.586484	0.367007	0.552786	0.001	0.001	0.135424	0.0826506	0.013516	0.00641507	0.001	0.036271	0.00968704	0.001	0.001	0.001	0	0	0	0	0	0	0	0	0	0	0	0	0	0	0	0	0	0	0	0	0	0	0	0	0	0	0	0	0	0	0	0	0	0	0	0	0	0	0	0	0	0	0	0.001	0	0.001	0	0.000997281	0	
LmtTime: 0.77
Lmt
0.104345	0.122167	0.110037	0.0666079	0.0701731	0.0778593	0.338955	0.375695	0.355198	0.161493	0.371305	0.146094	0.105478	0.109596	0.185324	0.321074	0.382583	0.0625657	0.332584	0.19227	0.207098	0.244023	0.124074	0.166823	0.0687083	0.0541112	0.11929	0.326104	0.178862	0.187332	0.200743	0.322735	0.320162	0.232233	0.259558	0.33529	0.329291	0.207182	0.160097	0.298316	0.127537	0.318463	0.295245	0.105439	0.112641	0.0934374	0.0713208	0.0713063	0.0737091	0.308582	0.337648	0.317887	0.16531	0.42208	0.158513	0.101433	0.0884459	0.155125	0.282502	0.424195	0.073885	0.314347	0.17034	0.179358	0.201097	0.153111	0.195822	0.0479549	0.0465738	0.109433	0.355495	0.173895	0.182955	0.196044	0.328137	0.325445	0.234807	0.260619	0.336241	0.330433	0.205013	0.160702	0.299176	0.126394	0.316809	0.293262	0.107621	0.106424	0.170053	0.172316	0.231445	0.230317	
MomentArms on: hip_flexion_r
-0.0158031	-0.0113599	0.0114515	0.00956211	-0.0416067	0.0335835	-0.00168015	0.0317063	0.0318515	0.060357	0.0674313	
MomentArms on: hip_adduction_r
0.0473484	0.061246	0.0373224	0.0378409	0.0275068	0.00923462	0.0438975	0.0371022	0.0114267	0.0197706	
MomentArms on: hip_rotation_r
0.0393189	0.0358415	0.00383507	0.00297012	0.0366844	-0.0129063	0.0146621	0.0254482	0.0078739	-0.0253778	
MomentArms on: knee_angle_r
-0.0177547	-0.0200232	-0.0256738	-0.0126268	-0.0132797	-0.0116755	-0.0250886	-0.0297877	0.0263736	0.0255224	0.0257481	0.0268961	
MomentArms on: ankle_angle_r
0.0243061	0.0273292	0.0163303	0.0301128	-0.0103528	-0.0130334	-0.0368629	-0.0364828	-0.00606572	-0.00782154	-0.033253	-0.0107907	
External Torques: -20.0111 -9.61261 4.39819 15.1226 -20.8808 
Current Torque on hip_flexion_r -2.01391
Current Torque on hip_adduction_r 7.86681
Current Torque on hip_rotation_r -1.05551
Current Torque on knee_angle_r 10.0689
Current Torque on ankle_angle_r -20.7022

----------------------------------------


EmgTime: 0.78
Adjusted EMG
0.001	0.0803218	0.0803218	0.001	0.0803218	0.0803218	0.0457828	0.368055	0.0457828	0.824132	0.001	0.0540763	0.862632	0.001	0.001	0.001	0.001	0.116261	0.416198	0.0803218	0.0803218	0.0803218	0.001	0.001	0.001	0.001	0.001	0.001	0.0661417	0.0974648	0.0801117	0.0228928	0.001	0.001	0.001	0.001	0.001	0.001	0.001	0.001	0.001	0.0840513	0.001	0	0	0	0	0	0	0	0	0	0	0	0	0	0	0	0	0	0	0	0	0	0	0	0	0	0	0	0	0	0	0	0	0	0	0	0	0	0	0	0	0	0	0	0.001	0	0.001	0	0.000997281	0	
LmtTime: 0.78
Lmt
0.104676	0.122197	0.109847	0.0669322	0.07046	0.0780197	0.337513	0.373812	0.353678	0.161341	0.373467	0.145431	0.104547	0.108142	0.18364	0.319454	0.384746	0.062341	0.330752	0.191935	0.206493	0.242562	0.125113	0.167797	0.0677459	0.0539686	0.119237	0.327601	0.17908	0.187529	0.200953	0.322945	0.320382	0.232517	0.259651	0.335379	0.329405	0.206897	0.16015	0.298386	0.127385	0.318233	0.294983	0.104715	0.112118	0.0931281	0.0706802	0.0707135	0.0732383	0.307757	0.336774	0.317397	0.164644	0.421569	0.159407	0.102269	0.0893968	0.155847	0.282733	0.423715	0.0743947	0.314151	0.170061	0.179214	0.201562	0.153197	0.195906	0.0487828	0.0469157	0.109307	0.356349	0.174704	0.183802	0.196832	0.32601	0.323323	0.2333	0.260118	0.335767	0.329816	0.206614	0.16041	0.298787	0.127239	0.318096	0.294746	0.107738	0.107085	0.168851	0.172748	0.230652	0.230414	
MomentArms on: hip_flexion_r
-0.0156809	-0.0109938	0.0111693	0.00937537	-0.041589	0.0336949	-0.00142197	0.0318231	0.0321654	0.0606645	0.0671268	
MomentArms on: hip_adduction_r
0.0473748	0.061325	0.0374315	0.037886	0.0274047	0.0091196	0.0439104	0.0371009	0.0113031	0.019637	
MomentArms on: hip_rotation_r
0.03926	0.0358113	0.00384812	0.00297251	0.0366319	-0.0131066	0.0145089	0.0253344	0.0077107	-0.0255052	
MomentArms on: knee_angle_r
-0.0176347	-0.0199425	-0.0256376	-0.0125726	-0.0132436	-0.0117103	-0.0250125	-0.0296832	0.0262627	0.025428	0.0257289	0.026858	
MomentArms on: ankle_angle_r
0.02431	0.027341	0.0163281	0.030119	-0.0103339	-0.0130151	-0.0367967	-0.0364213	-0.00605833	-0.0078155	-0.0331898	-0.0107729	
External Torques: -19.5736 -10.3436 4.63663 17.8532 -22.4668 
Current Torque on hip_flexion_r -4.08615
Current Torque on hip_adduction_r 12.1738
Current Torque on hip_rotation_r 1.94018
Current Torque on knee_angle_r 21.4896
Current Torque on ankle_angle_r -24.1513

----------------------------------------


EmgTime: 0.79
Adjusted EMG
0.001	0.0787236	0.0787236	0.001	0.0787236	0.0787236	0.039583	0.822572	0.0395978	0.999	0.001	0.0569546	0.847222	0.001	0.001	0.001	0.001	0.124507	0.610968	0.0787236	0.0787236	0.0787236	0.001	0.001	0.001	0.001	0.001	0.001	0.001	0.0338644	0.001	0.251437	0.21787	0.001	0.001	0.001	0.001	0.001	0.001	0.001	0.001	0.123413	0.001	0	0	0	0	0	0	0	0	0	0	0	0	0	0	0	0	0	0	0	0	0	0	0	0	0	0	0	0	0	0	0	0	0	0	0	0	0	0	0	0	0	0	0	0.001	0	0.001	0	0.000997281	0	
LmtTime: 0.79
Lmt
0.104986	0.122216	0.109653	0.0672463	0.0707315	0.0781653	0.336122	0.372005	0.352215	0.161182	0.37547	0.144865	0.103697	0.106783	0.182064	0.317925	0.386765	0.0621664	0.329039	0.191596	0.205896	0.241163	0.126099	0.168729	0.0668325	0.0538211	0.119176	0.329039	0.179308	0.187734	0.201173	0.32314	0.320588	0.232792	0.259742	0.335465	0.329516	0.206618	0.160202	0.298455	0.127237	0.318008	0.294726	0.104031	0.111664	0.0929015	0.0700552	0.0701495	0.0728113	0.307039	0.336026	0.317049	0.163962	0.420897	0.16018	0.103051	0.0903398	0.156617	0.283089	0.423151	0.0748251	0.313943	0.16989	0.179198	0.202185	0.153185	0.195894	0.0496177	0.0472649	0.109229	0.357109	0.175957	0.184671	0.197983	0.323931	0.321253	0.231837	0.259636	0.335309	0.329227	0.208083	0.160134	0.298423	0.128022	0.319279	0.296096	0.107852	0.107691	0.167738	0.173135	0.229918	0.230481	
MomentArms on: hip_flexion_r
-0.0155506	-0.0105933	0.0108757	0.00918623	-0.0415649	0.0338192	-0.00114191	0.0319676	0.0325066	0.0609859	0.0668097	
MomentArms on: hip_adduction_r
0.0474143	0.0614056	0.0375632	0.0379464	0.027309	0.00901431	0.0439258	0.0371007	0.0111851	0.0195099	
MomentArms on: hip_rotation_r
0.0392047	0.0357862	0.0038616	0.002976	0.0365537	-0.013328	0.0143406	0.0252116	0.00752955	-0.0256538	
MomentArms on: knee_angle_r
-0.0174932	-0.0198465	-0.0255935	-0.0125092	-0.0132012	-0.0117508	-0.0249218	-0.029559	0.02613	0.0253164	0.0257047	0.0268126	
MomentArms on: ankle_angle_r
0.0243152	0.0273571	0.0163249	0.0301273	-0.010308	-0.0129899	-0.0367067	-0.0363374	-0.00604821	-0.0078072	-0.0331031	-0.0107486	
External Torques: -18.9669 -11.0184 4.92077 20.3916 -23.8618 
Current Torque on hip_flexion_r -5.70612
Current Torque on hip_adduction_r 15.3445
Current Torque on hip_rotation_r 4.01524
Current Torque on knee_angle_r 33.9195
Current Torque on ankle_angle_r -27.0144

----------------------------------------


EmgTime: 0.8
Adjusted EMG
0.001	0.077154	0.077154	0.001	0.077154	0.077154	0.0342031	0.958488	0.0342031	0.999	0.001	0.0596784	0.819629	0.001	0.001	0.001	0.001	0.133306	0.756046	0.077154	0.077154	0.077154	0.001	0.001	0.001	0.001	0.001	0.001	0.001	0.001	0.001	0.363017	0.3166	0.001	0.001	0.001	0.001	0.001	0.001	0.001	0.001	0.0951457	0.001	0	0	0	0	0	0	0	0	0	0	0	0	0	0	0	0	0	0	0	0	0	0	0	0	0	0	0	0	0	0	0	0	0	0	0	0	0	0	0	0	0	0	0	0.001	0	0.001	0	0.000997281	0	
LmtTime: 0.8
Lmt
0.105268	0.122221	0.109457	0.0675395	0.0709777	0.0782892	0.334812	0.370313	0.350845	0.161015	0.377262	0.144413	0.102955	0.105559	0.180641	0.316528	0.388594	0.0620482	0.327478	0.19126	0.205323	0.239866	0.127009	0.169596	0.0659912	0.0536708	0.119103	0.330387	0.179549	0.187949	0.201406	0.323316	0.320774	0.233054	0.259828	0.335547	0.329622	0.206349	0.160252	0.298521	0.127094	0.317792	0.294478	0.103405	0.111307	0.0927913	0.0694555	0.0696282	0.0724471	0.306468	0.335454	0.316895	0.163257	0.420005	0.160787	0.103763	0.0912746	0.157452	0.283616	0.42247	0.075148	0.313716	0.169874	0.179361	0.203024	0.153034	0.195746	0.0504614	0.0476212	0.109214	0.35774	0.176914	0.185571	0.198902	0.321983	0.319318	0.230499	0.259199	0.334891	0.328695	0.209362	0.159885	0.298098	0.12871	0.32031	0.297264	0.107963	0.108224	0.166753	0.17346	0.229269	0.230515	
MomentArms on: hip_flexion_r
-0.0154143	-0.0101568	0.01058	0.00900498	-0.0415331	0.0339633	-0.00083924	0.032152	0.032875	0.0613148	0.0664889	
MomentArms on: hip_adduction_r
0.0474742	0.0614855	0.0377252	0.0380279	0.0272279	0.00893073	0.0439431	0.0371034	0.0110825	0.0194004	
MomentArms on: hip_rotation_r
0.0391552	0.0357689	0.0038757	0.00298111	0.0364418	-0.0135733	0.0141523	0.0250779	0.00732626	-0.0258296	
MomentArms on: knee_angle_r
-0.0173317	-0.0197362	-0.0255415	-0.0124377	-0.0131533	-0.0117959	-0.024817	-0.0294161	0.0259779	0.0251888	0.0256754	0.0267607	
MomentArms on: ankle_angle_r
0.0243217	0.0273779	0.0163206	0.0301378	-0.0102744	-0.0129572	-0.0365904	-0.0362284	-0.00603503	-0.00779639	-0.0329905	-0.0107171	
External Torques: -18.3953 -11.7236 5.29726 22.6702 -25.0978 
Current Torque on hip_flexion_r -6.05051
Current Torque on hip_adduction_r 16.6844
Current Torque on hip_rotation_r 4.79765
Current Torque on knee_angle_r 43.4598
Current Torque on ankle_angle_r -27.77

----------------------------------------


EmgTime: 0.81
Adjusted EMG
0.001	0.0757162	0.0757162	0.001	0.0757162	0.0757162	0.029667	0.999	0.0295137	0.999	0.001	0.0622039	0.815163	0.001	0.001	0.001	0.001	0.142661	0.789691	0.0757162	0.0757162	0.0757162	0.001	0.00336038	0.001	0.001	0.001	0.00361076	0.001	0.001	0.001	0.38411	0.339361	0.001	0.001	0.001	0.001	0.001	0.001	0.001	0.001	0.0454436	0.001	0	0	0	0	0	0	0	0	0	0	0	0	0	0	0	0	0	0	0	0	0	0	0	0	0	0	0	0	0	0	0	0	0	0	0	0	0	0	0	0	0	0	0	0.001	0	0.001	0	0.000997281	0	
LmtTime: 0.81
Lmt
0.105513	0.12221	0.109258	0.067804	0.0711917	0.0783865	0.333604	0.368764	0.349591	0.16084	0.378813	0.144084	0.10234	0.104498	0.179397	0.31529	0.390207	0.0619885	0.32609	0.190934	0.204785	0.2387	0.127828	0.170382	0.0652367	0.053519	0.119018	0.331626	0.179802	0.188175	0.201651	0.323468	0.320938	0.2333	0.25991	0.335624	0.329722	0.206094	0.160299	0.298584	0.126959	0.317587	0.294242	0.102852	0.111069	0.0928181	0.0688878	0.0691585	0.0721569	0.30608	0.335099	0.316978	0.162529	0.418851	0.161201	0.104394	0.0922036	0.158364	0.284348	0.421647	0.0753456	0.313471	0.170042	0.179736	0.204118	0.152715	0.195433	0.0513157	0.0479824	0.109271	0.358212	0.177919	0.186503	0.199869	0.320239	0.317593	0.229358	0.258827	0.334535	0.328246	0.210411	0.159676	0.297828	0.129277	0.321155	0.298216	0.10807	0.108674	0.165924	0.173713	0.228723	0.230518	
MomentArms on: hip_flexion_r
-0.0152733	-0.00967909	0.0102906	0.00884188	-0.0414918	0.0341349	-0.00051021	0.0323893	0.0332737	0.0616464	0.0661709	
MomentArms on: hip_adduction_r
0.047563	0.061563	0.0379271	0.0381369	0.0271692	0.00888143	0.0439609	0.0371107	0.0110057	0.0193198	
MomentArms on: hip_rotation_r
0.0391125	0.0357612	0.00389069	0.00298825	0.0362873	-0.0138472	0.0139359	0.0249289	0.0070939	-0.0260404	
MomentArms on: knee_angle_r
-0.0171528	-0.0196136	-0.0254821	-0.0123599	-0.0131009	-0.0118443	-0.0246995	-0.0292562	0.02581	0.0250478	0.0256411	0.0267031	
MomentArms on: ankle_angle_r
0.0243294	0.0274036	0.016315	0.0301503	-0.0102326	-0.0129165	-0.0364461	-0.036093	-0.00601861	-0.00778286	-0.0328503	-0.0106778	
External Torques: -17.9264 -12.4856 5.7728 24.6772 -26.1798 
Current Torque on hip_flexion_r -6.16556
Current Torque on hip_adduction_r 17.9145
Current Torque on hip_rotation_r 4.83105
Current Torque on knee_angle_r 48.3643
Current Torque on ankle_angle_r -27.4492

----------------------------------------


EmgTime: 0.82
Adjusted EMG
0.001	0.0744741	0.0744741	0.001	0.0744741	0.0744741	0.0260006	0.903631	0.0258966	0.999	0.001	0.0645424	0.817886	0.001	0.001	0.001	0.001	0.152646	0.755761	0.0744741	0.0744741	0.0744741	0.001	0.00301836	0.001	0.001	0.001	0.0035409	0.001	0.001	0.001	0.33832	0.316794	0.0249347	0.001	0.001	0.001	0.001	0.001	0.001	0.001	0.00947237	0.001	0	0	0	0	0	0	0	0	0	0	0	0	0	0	0	0	0	0	0	0	0	0	0	0	0	0	0	0	0	0	0	0	0	0	0	0	0	0	0	0	0	0	0	0.001	0	0.001	0	0.000997281	0	
LmtTime: 0.82
Lmt
0.105722	0.122182	0.109056	0.0680365	0.0713708	0.0784554	0.33251	0.367373	0.348468	0.160659	0.380115	0.143877	0.101859	0.103609	0.178345	0.314224	0.3916	0.061986	0.324884	0.19062	0.204289	0.237679	0.128551	0.171084	0.0645739	0.0533656	0.11892	0.332745	0.180067	0.188409	0.201906	0.323594	0.321077	0.233527	0.259985	0.335696	0.329815	0.205857	0.160343	0.298641	0.126833	0.317396	0.294023	0.102377	0.110955	0.0929888	0.0683554	0.0687437	0.0719441	0.305902	0.334993	0.317324	0.161784	0.417409	0.161411	0.104945	0.093133	0.159365	0.285305	0.420661	0.0754112	0.313218	0.170407	0.180337	0.205481	0.152211	0.194937	0.052183	0.0483453	0.1094	0.358498	0.178966	0.187459	0.200878	0.318757	0.316138	0.228465	0.258538	0.334257	0.327898	0.211206	0.159513	0.297619	0.12971	0.321797	0.298936	0.108173	0.109037	0.165263	0.173887	0.228286	0.230492	
MomentArms on: hip_flexion_r
-0.0151276	-0.0091506	0.0100139	0.00870624	-0.0414384	0.0343403	-0.00014813	0.0326895	0.0337074	0.0619768	0.065859	
MomentArms on: hip_adduction_r
0.04769	0.0616364	0.0381799	0.0382804	0.0271399	0.0088784	0.0439772	0.0371243	0.0109639	0.0192783	
MomentArms on: hip_rotation_r
0.0390756	0.0357631	0.00390671	0.00299758	0.0360811	-0.0141564	0.0136802	0.0247578	0.00682307	-0.0262957	
MomentArms on: knee_angle_r
-0.0169597	-0.0194815	-0.0254165	-0.0122778	-0.0130455	-0.0118946	-0.0245713	-0.029082	0.0256316	0.0248967	0.0256022	0.0266411	
MomentArms on: ankle_angle_r
0.0243381	0.0274341	0.0163077	0.0301646	-0.0101826	-0.0128678	-0.0362734	-0.0359305	-0.00599888	-0.00776654	-0.0326821	-0.0106308	
External Torques: -17.5452 -13.264 6.31171 26.4227 -27.0946 
Current Torque on hip_flexion_r -6.47063
Current Torque on hip_adduction_r 19.4446
Current Torque on hip_rotation_r 4.68023
Current Torque on knee_angle_r 47.952
Current Torque on ankle_angle_r -27.344

----------------------------------------


EmgTime: 0.83
Adjusted EMG
0.001	0.073457	0.073457	0.001	0.073457	0.073457	0.023161	0.729831	0.0231782	0.999	0.001	0.0666941	0.812812	0.001	0.001	0.001	0.001	0.163505	0.684567	0.073457	0.073457	0.073457	0.001	0.001	0.001	0.001	0.001	0.00357534	0.001	0.001	0.001	0.258433	0.266509	0.0585186	0.001	0.001	0.001	0.001	0.001	0.001	0.001	0.00468909	0.001	0	0	0	0	0	0	0	0	0	0	0	0	0	0	0	0	0	0	0	0	0	0	0	0	0	0	0	0	0	0	0	0	0	0	0	0	0	0	0	0	0	0	0	0.001	0	0.001	0	0.000997281	0	
LmtTime: 0.83
Lmt
0.105897	0.122138	0.108851	0.0682381	0.0715162	0.0784965	0.331532	0.366141	0.347474	0.160474	0.381182	0.143787	0.101507	0.102889	0.177479	0.313326	0.392783	0.0620368	0.323853	0.190321	0.203834	0.236803	0.129184	0.171704	0.063998	0.0532094	0.118808	0.333743	0.180338	0.188648	0.202169	0.323693	0.321188	0.233732	0.260053	0.33576	0.329899	0.20564	0.160382	0.298694	0.126719	0.317222	0.293822	0.101979	0.110964	0.0932981	0.0678583	0.0683819	0.0718051	0.305953	0.33516	0.31795	0.161036	0.415674	0.161423	0.105423	0.094073	0.160462	0.286492	0.419497	0.075348	0.312981	0.170964	0.181158	0.20711	0.151521	0.194257	0.0530675	0.0487063	0.109598	0.358577	0.180041	0.188423	0.201917	0.317572	0.314989	0.22785	0.25834	0.334066	0.327659	0.211741	0.159403	0.297478	0.130002	0.322229	0.29942	0.108273	0.109317	0.164768	0.173983	0.227957	0.230443	
MomentArms on: hip_flexion_r
-0.0149755	-0.00855863	0.00975392	0.00860546	-0.0413688	0.0345818	0.00025592	0.0330563	0.0341812	0.062302	0.0655521	
MomentArms on: hip_adduction_r
0.0478639	0.0617039	0.0384951	0.0384643	0.0271447	0.00893163	0.0439889	0.0371449	0.0109644	0.019284	
MomentArms on: hip_rotation_r
0.0390412	0.0357727	0.00392356	0.00300884	0.0358146	-0.0145086	0.0133722	0.0245561	0.00650301	-0.0266047	
MomentArms on: knee_angle_r
-0.0167565	-0.0193433	-0.0253463	-0.012194	-0.0129887	-0.0119454	-0.0244351	-0.028897	0.0254482	0.0247394	0.0255596	0.0265763	
MomentArms on: ankle_angle_r
0.0243476	0.0274691	0.0162987	0.0301803	-0.0101244	-0.0128111	-0.036073	-0.0357416	-0.0059759	-0.00774745	-0.0324865	-0.0105762	
External Torques: -17.1816 -13.9841 6.85592 27.9375 -27.8218 
Current Torque on hip_flexion_r -6.84445
Current Torque on hip_adduction_r 20.8447
Current Torque on hip_rotation_r 4.52761
Current Torque on knee_angle_r 44.3963
Current Torque on ankle_angle_r -27.9379

----------------------------------------


EmgTime: 0.84
Adjusted EMG
0.001	0.0727023	0.0727023	0.001	0.0727023	0.0727023	0.0211506	0.538573	0.166871	0.999	0.001	0.0686443	0.799544	0.001	0.001	0.001	0.001	0.175324	0.582398	0.0727023	0.0727023	0.0727023	0.001	0.001	0.001	0.001	0.001	0.001	0.001	0.0068726	0.001	0.177128	0.20476	0.0106042	0.001	0.001	0.001	0.001	0.001	0.001	0.001	0.0122025	0.001	0	0	0	0	0	0	0	0	0	0	0	0	0	0	0	0	0	0	0	0	0	0	0	0	0	0	0	0	0	0	0	0	0	0	0	0	0	0	0	0	0	0	0	0.001	0	0.001	0	0.000997281	0	
LmtTime: 0.84
Lmt
0.106043	0.12208	0.108641	0.0684137	0.0716322	0.0785125	0.330662	0.365055	0.346599	0.16029	0.382045	0.143801	0.101275	0.102322	0.176781	0.312579	0.393786	0.0621358	0.322983	0.190034	0.203416	0.236059	0.129738	0.172253	0.0634964	0.0530479	0.11868	0.33463	0.18061	0.188887	0.202432	0.323765	0.321273	0.233913	0.260114	0.335817	0.329973	0.205448	0.160417	0.298741	0.126617	0.317067	0.293643	0.101652	0.111082	0.0937312	0.067394	0.0680675	0.0717308	0.306244	0.335614	0.318856	0.160301	0.413655	0.16126	0.10584	0.0950359	0.161664	0.287904	0.418149	0.0751677	0.312792	0.171694	0.18218	0.208982	0.150653	0.193401	0.0539734	0.0490618	0.109853	0.358431	0.181124	0.189574	0.202965	0.316695	0.314158	0.227518	0.258232	0.333963	0.32753	0.212026	0.159343	0.297402	0.130158	0.322459	0.299677	0.10837	0.109524	0.164428	0.174004	0.227725	0.230373	
MomentArms on: hip_flexion_r
-0.0148137	-0.00788922	0.0095118	0.00854421	-0.0412771	0.0348548	0.0007116	0.0334837	0.0346988	0.0626167	0.0652445	
MomentArms on: hip_adduction_r
0.0480916	0.0617629	0.038882	0.0386927	0.0271852	0.00904759	0.0439914	0.0371717	0.0110114	0.019341	
MomentArms on: hip_rotation_r
0.0390031	0.0357852	0.00394055	0.0030212	0.0354812	-0.0149104	0.0129983	0.0243142	0.0061231	-0.0269754	
MomentArms on: knee_angle_r
-0.0165474	-0.0192026	-0.0252733	-0.0121106	-0.0129321	-0.0119952	-0.0242936	-0.0287049	0.0252659	0.0245799	0.0255142	0.0265103	
MomentArms on: ankle_angle_r
0.0243572	0.0275082	0.0162876	0.0301968	-0.0100588	-0.012747	-0.0358467	-0.0355279	-0.00594986	-0.0077257	-0.0322652	-0.0105146	
External Torques: -16.7554 -14.5726 7.34718 29.2583 -28.3469 
Current Torque on hip_flexion_r -7.0868
Current Torque on hip_adduction_r 21.8263
Current Torque on hip_rotation_r 4.36742
Current Torque on knee_angle_r 39.4216
Current Torque on ankle_angle_r -28.647

----------------------------------------


EmgTime: 0.85
Adjusted EMG
0.001	0.0722097	0.0722097	0.001	0.0722097	0.0722097	0.019974	0.37595	0.111721	0.867214	0.001	0.0704662	0.780478	0.001	0.001	0.001	0.001	0.188549	0.495375	0.0722097	0.0722097	0.0722097	0.001	0.0030476	0.001	0.001	0.001	0.001	0.001	0.0845186	0.001	0.126917	0.156456	0.00247794	0.001	0.001	0.001	0.001	0.001	0.001	0.001	0.0128731	0.001	0	0	0	0	0	0	0	0	0	0	0	0	0	0	0	0	0	0	0	0	0	0	0	0	0	0	0	0	0	0	0	0	0	0	0	0	0	0	0	0	0	0	0	0.001	0	0.001	0	0.000997281	0	
LmtTime: 0.85
Lmt
0.106168	0.122009	0.108422	0.0685704	0.0717254	0.0785074	0.329886	0.364098	0.345826	0.160112	0.382743	0.143908	0.101146	0.101884	0.176223	0.311956	0.394642	0.0622772	0.322253	0.189754	0.203027	0.235421	0.130231	0.172748	0.0630516	0.0528776	0.118537	0.335418	0.180876	0.189316	0.202689	0.323812	0.321332	0.234068	0.260165	0.335866	0.330036	0.205282	0.160447	0.298781	0.12653	0.316933	0.293489	0.101386	0.111293	0.0942666	0.0669594	0.0677929	0.0717092	0.306776	0.336359	0.320031	0.159597	0.411373	0.160952	0.106214	0.0960339	0.162972	0.289523	0.416617	0.0748881	0.312688	0.172567	0.183369	0.211062	0.149626	0.192384	0.0549038	0.0494078	0.110152	0.358184	0.182191	0.190587	0.203997	0.316119	0.313635	0.227451	0.258211	0.333942	0.327504	0.212084	0.159331	0.297386	0.130189	0.322506	0.299729	0.108463	0.10967	0.164221	0.173959	0.227573	0.230288	
MomentArms on: hip_flexion_r
-0.0146378	-0.00712964	0.00928619	0.00852375	-0.0411558	0.0351474	0.0012275	0.033954	0.0352596	0.0629127	0.0649265	
MomentArms on: hip_adduction_r
0.0483767	0.0618097	0.0393467	0.038966	0.0272589	0.00922778	0.0439783	0.0372024	0.0111048	0.0194487	
MomentArms on: hip_rotation_r
0.0389527	0.0357933	0.00395651	0.00303332	0.0350776	-0.015366	0.0125467	0.0240228	0.00567478	-0.0274124	
MomentArms on: knee_angle_r
-0.0163364	-0.0190627	-0.0251996	-0.0120298	-0.012877	-0.0120428	-0.0241497	-0.0285093	0.0250896	0.0244219	0.0254674	0.0264447	
MomentArms on: ankle_angle_r
0.0243667	0.0275506	0.0162744	0.0302134	-0.00998658	-0.0126764	-0.0355971	-0.0352919	-0.00592105	-0.00770151	-0.0320209	-0.0104466	
External Torques: -16.2149 -14.9882 7.7474 30.4151 -28.6692 
Current Torque on hip_flexion_r -7.13406
Current Torque on hip_adduction_r 22.243
Current Torque on hip_rotation_r 4.18321
Current Torque on knee_angle_r 35.8294
Current Torque on ankle_angle_r -28.9793

----------------------------------------


EmgTime: 0.86
Adjusted EMG
0.001	0.0720011	0.0720011	0.001	0.0720011	0.0720011	0.019653	0.15846	0.0463041	0.38791	0.001	0.0721383	0.755857	0.001	0.001	0.001	0.001	0.203264	0.412715	0.0720011	0.0720011	0.0720011	0.001	0.00237702	0.001	0.001	0.001	0.00157241	0.0884555	0.17658	0.125469	0.0917977	0.104169	0.0451082	0.001	0.001	0.001	0.001	0.001	0.001	0.001	0.00646769	0.001	0	0	0	0	0	0	0	0	0	0	0	0	0	0	0	0	0	0	0	0	0	0	0	0	0	0	0	0	0	0	0	0	0	0	0	0	0	0	0	0	0	0	0	0.001	0	0.001	0	0.000997281	0	
LmtTime: 0.86
Lmt
0.106281	0.121928	0.108194	0.0687161	0.0718028	0.0784855	0.329188	0.363244	0.34513	0.159942	0.383321	0.144092	0.1011	0.101545	0.175773	0.311428	0.395393	0.0624552	0.321638	0.189477	0.202654	0.234863	0.13068	0.173205	0.0626436	0.0526952	0.118378	0.336128	0.18113	0.189556	0.202935	0.323835	0.321367	0.234197	0.260208	0.335906	0.330089	0.205143	0.160472	0.298814	0.126457	0.316822	0.29336	0.10117	0.111576	0.0948805	0.0665522	0.0675511	0.0717281	0.307543	0.337389	0.321452	0.158942	0.408863	0.160535	0.106562	0.0970764	0.164385	0.291327	0.414909	0.0745301	0.312703	0.17355	0.184689	0.213306	0.148463	0.19123	0.055859	0.04974	0.110482	0.357671	0.183213	0.191562	0.204986	0.315816	0.31339	0.227614	0.258263	0.333993	0.327567	0.211944	0.15936	0.297424	0.130113	0.322393	0.299603	0.108554	0.10977	0.164121	0.173859	0.227484	0.230192	
MomentArms on: hip_flexion_r
-0.0144427	-0.00627133	0.00907357	0.0085416	-0.0409964	0.0354408	0.00180902	0.0344396	0.0358578	0.0631787	0.0645861	
MomentArms on: hip_adduction_r
0.0487181	0.0618394	0.0398896	0.0392801	0.0273589	0.00946778	0.0439418	0.0372325	0.0112397	0.0196007	
MomentArms on: hip_rotation_r
0.0388797	0.035787	0.00396994	0.00304354	0.034605	-0.0158755	0.0120094	0.0236742	0.00515346	-0.0279156	
MomentArms on: knee_angle_r
-0.0161268	-0.0189263	-0.0251269	-0.0119531	-0.0128245	-0.0120876	-0.0240058	-0.0283134	0.024923	0.0242684	0.0254201	0.0263807	
MomentArms on: ankle_angle_r
0.0243755	0.0275958	0.0162589	0.0302295	-0.00990865	-0.0126001	-0.0353276	-0.0350366	-0.00588984	-0.00767515	-0.0317569	-0.0103733	
External Torques: -15.5533 -15.2304 8.0457 31.4254 -28.8059 
Current Torque on hip_flexion_r -7.00211
Current Torque on hip_adduction_r 21.8888
Current Torque on hip_rotation_r 3.98678
Current Torque on knee_angle_r 32.8748
Current Torque on ankle_angle_r -28.956

----------------------------------------


EmgTime: 0.87
Adjusted EMG
0.001	0.0720897	0.0720897	0.001	0.0720897	0.0720897	0.0202785	0.121791	0.0351046	0.290865	0.001	0.0736937	0.724662	0.001	0.001	0.001	0.001	0.219494	0.391472	0.0720897	0.0720897	0.0720897	0.001	0.001	0.001	0.001	0.001	0.00133996	0.161985	0.205973	0.178535	0.0890605	0.103355	0.081511	0.00345539	0.001	0.001	0.001	0.001	0.001	0.001	0.001	0.001	0	0	0	0	0	0	0	0	0	0	0	0	0	0	0	0	0	0	0	0	0	0	0	0	0	0	0	0	0	0	0	0	0	0	0	0	0	0	0	0	0	0	0	0.001	0	0.001	0	0.000997281	0	
LmtTime: 0.87
Lmt
0.106389	0.121837	0.107952	0.0688581	0.0718709	0.0784507	0.328548	0.362468	0.344489	0.159787	0.383824	0.144341	0.101119	0.101277	0.175398	0.310964	0.396076	0.0626645	0.321115	0.189197	0.202286	0.234355	0.131106	0.173641	0.0622538	0.0524978	0.118203	0.336777	0.181364	0.189779	0.203161	0.323838	0.321382	0.2343	0.260242	0.335939	0.330132	0.205032	0.160492	0.298841	0.126399	0.316733	0.293257	0.100998	0.111914	0.0955498	0.0661724	0.067337	0.0717768	0.308531	0.338686	0.323089	0.15835	0.406165	0.160046	0.106899	0.0981682	0.165897	0.293286	0.41304	0.0741156	0.31287	0.17461	0.186099	0.215668	0.147193	0.189965	0.0568355	0.0500538	0.11083	0.356952	0.184166	0.192473	0.205909	0.315749	0.313385	0.227961	0.258375	0.334101	0.327702	0.211645	0.159422	0.297503	0.129949	0.322151	0.299333	0.108641	0.109837	0.164102	0.173715	0.227437	0.23009	
MomentArms on: hip_flexion_r
-0.0142235	-0.00531276	0.0088689	0.00859154	-0.0407898	0.0357131	0.00245646	0.0349071	0.0364809	0.0634011	0.0642106	
MomentArms on: hip_adduction_r
0.0491096	0.0618467	0.0405044	0.0396261	0.0274742	0.00975702	0.0438737	0.0372559	0.0114061	0.0197852	
MomentArms on: hip_rotation_r
0.0387732	0.0357552	0.00397937	0.00305025	0.0340701	-0.0164334	0.0113843	0.0232642	0.00456021	-0.0284787	
MomentArms on: knee_angle_r
-0.0159208	-0.018795	-0.0250565	-0.011881	-0.012775	-0.0121292	-0.0238636	-0.0281194	0.0247674	0.0241208	0.0253732	0.026319	
MomentArms on: ankle_angle_r
0.0243831	0.0276428	0.0162412	0.0302445	-0.00982616	-0.0125192	-0.0350418	-0.0347655	-0.00585666	-0.00764695	-0.0314767	-0.0102956	
External Torques: -14.7992 -15.3335 8.25632 32.3021 -28.7896 
Current Torque on hip_flexion_r -6.74862
Current Torque on hip_adduction_r 20.8194
Current Torque on hip_rotation_r 3.79716
Current Torque on knee_angle_r 33.0651
Current Torque on ankle_angle_r -28.7879

----------------------------------------


EmgTime: 0.88
Adjusted EMG
0.001	0.0724837	0.0724837	0.001	0.0724837	0.0724837	0.0219529	0.140316	0.0372082	0.314977	0.001	0.0750854	0.687779	0.001	0.001	0.001	0.001	0.236921	0.382119	0.0724837	0.0724837	0.0724837	0.001	0.001	0.001	0.001	0.001	0.00144384	0.180998	0.223647	0.196172	0.0905185	0.109105	0.0862831	0.0198814	0.001658	0.001	0.001	0.00490512	0.00104734	0.001	0.001	0.001	0	0	0	0	0	0	0	0	0	0	0	0	0	0	0	0	0	0	0	0	0	0	0	0	0	0	0	0	0	0	0	0	0	0	0	0	0	0	0	0	0	0	0	0.001	0	0.001	0	0.000997281	0	
LmtTime: 0.88
Lmt
0.106496	0.121737	0.107694	0.0690017	0.0719344	0.0784057	0.327949	0.361748	0.343881	0.159649	0.384291	0.144643	0.101184	0.101054	0.17507	0.310536	0.396723	0.0629011	0.320661	0.188906	0.201913	0.23387	0.131524	0.174073	0.0618666	0.0522838	0.11801	0.337383	0.181574	0.189978	0.203364	0.323825	0.321379	0.234377	0.260268	0.335963	0.330163	0.204948	0.160507	0.298861	0.126355	0.316665	0.293179	0.100863	0.112291	0.0962545	0.0658224	0.0671487	0.0718478	0.309721	0.340229	0.324906	0.157834	0.403323	0.159519	0.107238	0.0993085	0.167495	0.295369	0.411032	0.0736644	0.313211	0.175716	0.187563	0.2181	0.145845	0.188615	0.0578256	0.0503444	0.111184	0.356033	0.185026	0.193297	0.206741	0.315873	0.31357	0.228442	0.258531	0.33425	0.327889	0.211226	0.159509	0.297614	0.12972	0.321813	0.298954	0.108725	0.109884	0.164138	0.173539	0.227418	0.229985	
MomentArms on: hip_flexion_r
-0.0139767	-0.00426162	0.00866654	0.00866423	-0.0405291	0.0359437	0.00316352	0.0353244	0.0371116	0.0635662	0.0637908	
MomentArms on: hip_adduction_r
0.0495401	0.0618263	0.041178	0.039991	0.0275913	0.0100796	0.0437666	0.0372661	0.0115908	0.0199863	
MomentArms on: hip_rotation_r
0.0386237	0.0356875	0.00398369	0.00305228	0.0334849	-0.0170291	0.0106771	0.0227936	0.00390273	-0.0290896	
MomentArms on: knee_angle_r
-0.0157194	-0.018669	-0.0249889	-0.0118136	-0.0127286	-0.0121678	-0.0237236	-0.0279283	0.024622	0.0239796	0.0253271	0.0262597	
MomentArms on: ankle_angle_r
0.0243892	0.0276909	0.0162212	0.0302578	-0.00974025	-0.0124349	-0.0347432	-0.0344819	-0.00582192	-0.00761725	-0.0311841	-0.0102147	
External Torques: -13.9968 -15.3471 8.40702 33.0585 -28.6599 
Current Torque on hip_flexion_r -6.42228
Current Torque on hip_adduction_r 19.4005
Current Torque on hip_rotation_r 3.62495
Current Torque on knee_angle_r 33.8344
Current Torque on ankle_angle_r -28.6355

----------------------------------------


EmgTime: 0.89
Adjusted EMG
0.001	0.0731737	0.0731737	0.001	0.0731737	0.0731737	0.0247766	0.111532	0.0355455	0.255712	0.001	0.0762464	0.648081	0.001	0.001	0.001	0.001	0.254931	0.366308	0.0731737	0.0731737	0.0731737	0.001	0.00227331	0.001	0.001	0.001	0.00126519	0.21686	0.245718	0.226671	0.0889383	0.102757	0.0852138	0.012577	0.00107096	0.001	0.001	0.00351758	0.001	0.001	0.001	0.001	0	0	0	0	0	0	0	0	0	0	0	0	0	0	0	0	0	0	0	0	0	0	0	0	0	0	0	0	0	0	0	0	0	0	0	0	0	0	0	0	0	0	0	0.001	0	0.001	0	0.000997281	0	
LmtTime: 0.89
Lmt
0.106605	0.121628	0.107418	0.0691493	0.0719957	0.078352	0.327377	0.361063	0.343287	0.15953	0.384755	0.144989	0.101282	0.100857	0.174766	0.310122	0.39736	0.0631615	0.320261	0.188601	0.201527	0.233388	0.131947	0.174512	0.0614712	0.0520529	0.117801	0.338063	0.181755	0.190151	0.20354	0.323799	0.321362	0.234431	0.260286	0.33598	0.330186	0.20489	0.160518	0.298875	0.126324	0.316618	0.293124	0.100766	0.112699	0.0969793	0.0655078	0.0669879	0.0719378	0.311089	0.341989	0.326862	0.157399	0.400382	0.158981	0.107586	0.100491	0.169164	0.297542	0.40891	0.0731934	0.313741	0.176843	0.189049	0.220559	0.144446	0.187209	0.0588186	0.0506071	0.111537	0.354924	0.185774	0.194016	0.207466	0.316145	0.313899	0.229008	0.258714	0.334426	0.328109	0.210725	0.159612	0.297746	0.129448	0.321408	0.298501	0.108805	0.10992	0.164212	0.17334	0.227413	0.22988	
MomentArms on: hip_flexion_r
-0.013701	-0.00313581	0.00846125	0.00874824	-0.040211	0.0361177	0.00391684	0.035667	0.0377288	0.0636632	0.0633226	
MomentArms on: hip_adduction_r
0.0499941	0.0617751	0.0418913	0.0403592	0.027696	0.010416	0.0436162	0.0372572	0.0117779	0.0201858	
MomentArms on: hip_rotation_r
0.0384257	0.0355766	0.00398249	0.00304922	0.0328659	-0.0176472	0.00990154	0.0222691	0.00319548	-0.0297309	
MomentArms on: knee_angle_r
-0.0155221	-0.0185472	-0.0249236	-0.0117498	-0.0126846	-0.012204	-0.0235855	-0.0277397	0.0244836	0.0238431	0.0252813	0.0262022	
MomentArms on: ankle_angle_r
0.0243935	0.0277395	0.016199	0.0302691	-0.00965199	-0.0123481	-0.0344356	-0.0341895	-0.00578606	-0.00758641	-0.0308827	-0.0101315	
External Torques: -13.1831 -15.3176 8.52671 33.7123 -28.4545 
Current Torque on hip_flexion_r -6.04708
Current Torque on hip_adduction_r 17.9658
Current Torque on hip_rotation_r 3.47169
Current Torque on knee_angle_r 34.2662
Current Torque on ankle_angle_r -28.4387

----------------------------------------


EmgTime: 0.9
Adjusted EMG
0.001	0.0741205	0.0741205	0.001	0.0741205	0.0741205	0.0288137	0.08273	0.0350942	0.187998	0.001	0.0770963	0.607773	0.001	0.001	0.001	0.001	0.27263	0.350061	0.0741205	0.0741205	0.0741205	0.001	0.00201333	0.001	0.001	0.001	0.001	0.251058	0.267291	0.256316	0.0881366	0.0979907	0.0891291	0.0212746	0.00204157	0.001	0.001	0.00678051	0.00121224	0.001	0.001	0.001	0	0	0	0	0	0	0	0	0	0	0	0	0	0	0	0	0	0	0	0	0	0	0	0	0	0	0	0	0	0	0	0	0	0	0	0	0	0	0	0	0	0	0	0.001	0	0.001	0	0.000997281	0	
LmtTime: 0.9
Lmt
0.106715	0.121507	0.107121	0.0693006	0.0720548	0.0782894	0.326822	0.360399	0.342695	0.159431	0.385237	0.145372	0.101405	0.100673	0.17447	0.309704	0.398	0.0634438	0.319901	0.188277	0.201121	0.232894	0.132383	0.174965	0.0610623	0.0518063	0.117574	0.338634	0.181906	0.190294	0.203686	0.323764	0.321335	0.234464	0.260297	0.33599	0.330199	0.204854	0.160524	0.298884	0.126305	0.316589	0.293091	0.10071	0.113131	0.0977145	0.0652363	0.0668592	0.0720472	0.312612	0.343933	0.328919	0.15705	0.397384	0.158454	0.107946	0.101704	0.170886	0.299774	0.406703	0.0727155	0.314462	0.177972	0.190531	0.223007	0.143023	0.185769	0.0598018	0.050838	0.111885	0.353638	0.186396	0.194614	0.208067	0.316521	0.314325	0.229614	0.258911	0.334615	0.328347	0.210179	0.159722	0.297888	0.129151	0.320968	0.298006	0.108882	0.10995	0.164308	0.173125	0.227415	0.229776	
MomentArms on: hip_flexion_r
-0.0133984	-0.00196266	0.00824901	0.00883158	-0.0398379	0.0362284	0.00469672	0.0359222	0.0383122	0.0636874	0.062809	
MomentArms on: hip_adduction_r
0.0504541	0.0616931	0.042621	0.0407152	0.0277758	0.0107459	0.0434231	0.0372251	0.0119522	0.0203663	
MomentArms on: hip_rotation_r
0.0381794	0.0354199	0.00397611	0.00304145	0.0322328	-0.0182692	0.00907908	0.0217037	0.00245859	-0.0303817	
MomentArms on: knee_angle_r
-0.015327	-0.0184271	-0.0248596	-0.0116882	-0.012642	-0.0122386	-0.0234477	-0.0275519	0.024347	0.0237087	0.0252353	0.0261454	
MomentArms on: ankle_angle_r
0.0243958	0.0277879	0.0161748	0.0302779	-0.00956243	-0.0122599	-0.0341222	-0.0338914	-0.0057495	-0.00755477	-0.0305762	-0.0100471	
External Torques: -12.3769 -15.2765 8.63711 34.2846 -28.2028 
Current Torque on hip_flexion_r -5.64265
Current Torque on hip_adduction_r 16.6422
Current Torque on hip_rotation_r 3.33438
Current Torque on knee_angle_r 34.6157
Current Torque on ankle_angle_r -28.1706

----------------------------------------


EmgTime: 0.91
Adjusted EMG
0.001	0.0752473	0.0752473	0.001	0.0752473	0.0752473	0.0340579	0.074379	0.0382503	0.15457	0.001	0.0775565	0.567929	0.001	0.001	0.001	0.001	0.288971	0.336131	0.0752473	0.0752473	0.0752473	0.001	0.001	0.001	0.001	0.001	0.001	0.274821	0.285385	0.278057	0.0883065	0.0963045	0.0915106	0.0248104	0.00262239	0.00109913	0.001	0.00851767	0.0015028	0.001	0.001	0.001	0	0	0	0	0	0	0	0	0	0	0	0	0	0	0	0	0	0	0	0	0	0	0	0	0	0	0	0	0	0	0	0	0	0	0	0	0	0	0	0	0	0	0	0.001	0	0.001	0	0.000997281	0	
LmtTime: 0.91
Lmt
0.106822	0.121372	0.106803	0.069453	0.0721098	0.0782163	0.326277	0.359749	0.342099	0.159354	0.385751	0.145789	0.101546	0.100495	0.174174	0.309274	0.398649	0.0637468	0.319576	0.187932	0.200693	0.232381	0.132837	0.175437	0.0606397	0.0515465	0.11733	0.339191	0.182025	0.190408	0.203801	0.323724	0.321301	0.234479	0.260302	0.335995	0.330206	0.204837	0.160527	0.298888	0.126296	0.316576	0.293075	0.100699	0.113588	0.0984554	0.0650168	0.0667696	0.0721795	0.314264	0.346031	0.331041	0.156785	0.394369	0.157949	0.108316	0.102935	0.172639	0.302037	0.404442	0.0722391	0.315373	0.179092	0.191991	0.225413	0.141598	0.184316	0.0607622	0.0510346	0.112228	0.352189	0.18688	0.195081	0.208535	0.316965	0.314811	0.230223	0.259109	0.334805	0.328586	0.20962	0.159834	0.298032	0.128849	0.320517	0.297498	0.108956	0.109976	0.164421	0.172902	0.227422	0.229674	
MomentArms on: hip_flexion_r
-0.0130744	-0.00077631	0.0080276	0.00890312	-0.0394184	0.0362778	0.00547915	0.0360896	0.0388446	0.063642	0.0622603	
MomentArms on: hip_adduction_r
0.0509018	0.0615843	0.0433426	0.0410454	0.0278225	0.0110508	0.0431939	0.0371689	0.0121007	0.0205138	
MomentArms on: hip_rotation_r
0.0378913	0.0352211	0.00396549	0.00302995	0.0316061	-0.018876	0.00823702	0.0211153	0.00171578	-0.0310199	
MomentArms on: knee_angle_r
-0.0151316	-0.0183056	-0.0247948	-0.0116267	-0.0125995	-0.0122726	-0.023308	-0.0273622	0.0242063	0.0235727	0.0251877	0.0260878	
MomentArms on: ankle_angle_r
0.0243959	0.0278355	0.0161489	0.0302842	-0.00947259	-0.0121713	-0.0338064	-0.033591	-0.00571265	-0.00752269	-0.0302679	-0.00996232	
External Torques: -11.5845 -15.2403 8.74947 34.7925 -27.9266 
Current Torque on hip_flexion_r -5.23216
Current Torque on hip_adduction_r 15.3994
Current Torque on hip_rotation_r 3.20872
Current Torque on knee_angle_r 35.022
Current Torque on ankle_angle_r -27.8845

----------------------------------------


EmgTime: 0.92
Adjusted EMG
0.001	0.0764335	0.0764335	0.001	0.0764335	0.0764335	0.0403792	0.0688996	0.0431511	0.127902	0.001	0.0775777	0.538544	0.001	0.001	0.001	0.001	0.302822	0.327123	0.0764335	0.0764335	0.0764335	0.001	0.001	0.001	0.001	0.001	0.001	0.293482	0.300413	0.295558	0.0881651	0.0947867	0.0926138	0.0262028	0.00290436	0.00122154	0.001	0.00946089	0.00162007	0.001	0.001	0.001	0	0	0	0	0	0	0	0	0	0	0	0	0	0	0	0	0	0	0	0	0	0	0	0	0	0	0	0	0	0	0	0	0	0	0	0	0	0	0	0	0	0	0	0.001	0	0.001	0	0.000997281	0	
LmtTime: 0.92
Lmt
0.106923	0.121221	0.106463	0.0696021	0.072157	0.0781306	0.32574	0.359108	0.341495	0.159297	0.386301	0.146238	0.101706	0.100323	0.173876	0.308828	0.399307	0.0640702	0.319282	0.187564	0.200243	0.231847	0.133308	0.175927	0.0602072	0.0512768	0.11707	0.339737	0.182112	0.190491	0.203885	0.323684	0.321265	0.23448	0.260303	0.335995	0.330206	0.204836	0.160527	0.298888	0.126296	0.316575	0.293074	0.100741	0.114072	0.0992013	0.0648584	0.0667275	0.0723407	0.316025	0.348255	0.333199	0.156604	0.391372	0.157475	0.108692	0.104166	0.174405	0.304306	0.402154	0.0717689	0.316463	0.180194	0.193416	0.227753	0.14019	0.182869	0.0616876	0.0511957	0.112568	0.350589	0.187219	0.195408	0.208863	0.317447	0.315324	0.230804	0.259298	0.334986	0.328816	0.209075	0.159941	0.298172	0.128555	0.320078	0.297003	0.109027	0.109997	0.164548	0.172672	0.227434	0.229574	
MomentArms on: hip_flexion_r
-0.0127372	0.00038654	0.00779659	0.00895375	-0.0389675	0.0362746	0.00623897	0.0361785	0.0393145	0.0635384	0.0616923	
MomentArms on: hip_adduction_r
0.051321	0.0614565	0.044033	0.0413408	0.0278331	0.011316	0.0429411	0.0370912	0.0122145	0.0206195	
MomentArms on: hip_rotation_r
0.0375737	0.0349897	0.00395199	0.00301607	0.031005	-0.0194502	0.00740523	0.0205252	0.00099155	-0.0316252	
MomentArms on: knee_angle_r
-0.0149328	-0.0181792	-0.0247273	-0.0115635	-0.0125557	-0.0123068	-0.023164	-0.0271676	0.0240558	0.0234313	0.0251372	0.0260276	
MomentArms on: ankle_angle_r
0.0243937	0.0278818	0.0161214	0.0302877	-0.00938349	-0.0120832	-0.0334917	-0.0332915	-0.00567592	-0.00749054	-0.0299614	-0.00987821	
External Torques: -10.8022 -15.2145 8.86479 35.2485 -27.6377 
Current Torque on hip_flexion_r -4.69647
Current Torque on hip_adduction_r 14.3205
Current Torque on hip_rotation_r 3.09141
Current Torque on knee_angle_r 35.4087
Current Torque on ankle_angle_r -27.59

----------------------------------------


EmgTime: 0.93
Adjusted EMG
0.001	0.0775275	0.0775275	0.001	0.0775275	0.0775275	0.0475351	0.0621768	0.0488759	0.0958225	0.001	0.0771305	0.50876	0.001	0.001	0.001	0.001	0.313177	0.316166	0.0775275	0.0775275	0.0775275	0.001	0.00182762	0.001	0.001	0.001	0.001	0.308641	0.311983	0.30961	0.0868155	0.0915595	0.0917679	0.0255228	0.00281166	0.0011932	0.001	0.00938361	0.00151692	0.001	0.001	0.001	0	0	0	0	0	0	0	0	0	0	0	0	0	0	0	0	0	0	0	0	0	0	0	0	0	0	0	0	0	0	0	0	0	0	0	0	0	0	0	0	0	0	0	0.001	0	0.001	0	0.000997281	0	
LmtTime: 0.93
Lmt
0.10701	0.121051	0.1061	0.0697427	0.0721924	0.0780299	0.325211	0.358478	0.340886	0.159261	0.386884	0.146719	0.101883	0.10016	0.173578	0.308369	0.399966	0.0644139	0.319023	0.187175	0.199771	0.231296	0.133794	0.176434	0.0597713	0.051001	0.116795	0.34027	0.182168	0.190544	0.203939	0.323645	0.321229	0.234469	0.260299	0.335992	0.330201	0.204848	0.160525	0.298885	0.126302	0.316585	0.293085	0.100842	0.114587	0.0999541	0.0647691	0.0667408	0.0725374	0.317874	0.35058	0.335367	0.156505	0.388423	0.157033	0.109067	0.105385	0.176163	0.306558	0.399868	0.0713067	0.317721	0.181278	0.194798	0.230006	0.138817	0.181444	0.062568	0.0513216	0.112907	0.348854	0.187408	0.19559	0.209045	0.317944	0.315839	0.231335	0.259472	0.335152	0.329027	0.208569	0.16004	0.2983	0.128283	0.31967	0.296541	0.109095	0.11001	0.164691	0.172437	0.227456	0.229474	
MomentArms on: hip_flexion_r
-0.0123968	0.00149157	0.00755686	0.00897698	-0.0385037	0.0362313	0.00695318	0.0362042	0.0397178	0.0633943	0.0611228	
MomentArms on: hip_adduction_r
0.0516987	0.0613203	0.0446729	0.0415973	0.02781	0.0115327	0.0426811	0.036997	0.0122897	0.0206805	
MomentArms on: hip_rotation_r
0.0372424	0.0347389	0.00393701	0.00300115	0.0304457	-0.0199781	0.0066124	0.0199546	0.00030814	-0.0321809	
MomentArms on: knee_angle_r
-0.0147281	-0.018045	-0.0246549	-0.011497	-0.0125097	-0.012342	-0.0230133	-0.0269653	0.0238905	0.0232812	0.0250826	0.0259636	
MomentArms on: ankle_angle_r
0.0243895	0.0279263	0.0160929	0.0302887	-0.0092962	-0.0119969	-0.0331816	-0.0329965	-0.00563979	-0.00745874	-0.0296604	-0.00979577	
External Torques: -10.0241 -15.1994 8.97688 35.6589 -27.3437 
Current Torque on hip_flexion_r -4.18802
Current Torque on hip_adduction_r 13.4284
Current Torque on hip_rotation_r 2.97549
Current Torque on knee_angle_r 35.7406
Current Torque on ankle_angle_r -27.2974

----------------------------------------


EmgTime: 0.94
Adjusted EMG
0.001	0.0783458	0.0783458	0.001	0.0783458	0.0783458	0.0550885	0.0579234	0.0553276	0.0652512	0.001	0.076198	0.466387	0.001	0.001	0.001	0.001	0.319094	0.297739	0.0783458	0.0783458	0.0783458	0.001	0.00166349	0.001	0.001	0.001	0.001	0.31827	0.318874	0.318444	0.0844188	0.087537	0.0895868	0.0247678	0.0026204	0.00111658	0.001	0.0089718	0.00137113	0.001	0.001	0.001	0	0	0	0	0	0	0	0	0	0	0	0	0	0	0	0	0	0	0	0	0	0	0	0	0	0	0	0	0	0	0	0	0	0	0	0	0	0	0	0	0	0	0	0.001	0	0.001	0	0.000997281	0	
LmtTime: 0.94
Lmt
0.107081	0.12086	0.105715	0.0698698	0.0722121	0.0779118	0.324694	0.357863	0.340277	0.159245	0.387495	0.147232	0.102082	0.100013	0.173287	0.307901	0.400616	0.0647776	0.3188	0.186766	0.19928	0.230734	0.134292	0.176953	0.0593395	0.050723	0.116505	0.340787	0.182194	0.190568	0.203964	0.323611	0.321197	0.23445	0.260293	0.335986	0.330193	0.204869	0.160522	0.29888	0.126313	0.316601	0.293105	0.101009	0.115136	0.100717	0.064755	0.0668162	0.0727759	0.319796	0.352984	0.337525	0.156487	0.385549	0.156624	0.109435	0.106574	0.177897	0.308774	0.397609	0.0708523	0.319133	0.182341	0.196133	0.23216	0.136599	0.179933	0.0633955	0.0514144	0.113252	0.346996	0.187443	0.195624	0.209079	0.318437	0.316337	0.231798	0.259623	0.335297	0.329211	0.208121	0.160126	0.298413	0.128042	0.319309	0.296131	0.109162	0.110009	0.164854	0.1722	0.227495	0.229375	
MomentArms on: hip_flexion_r
-0.0120631	0.00251126	0.00730975	0.0089689	-0.0380465	0.0361618	0.00760396	0.0361838	0.0400566	0.0632304	0.0605691	
MomentArms on: hip_adduction_r
0.0520263	0.0611869	0.0452491	0.0418158	0.0277597	0.0116972	0.0424322	0.0368926	0.0123265	0.0206991	
MomentArms on: hip_rotation_r
0.0369143	0.0344832	0.00392185	0.00298638	0.02994	-0.0204511	0.00588241	0.0194219	-0.00031709	-0.0326757	
MomentArms on: knee_angle_r
-0.0145156	-0.017901	-0.024576	-0.0114261	-0.0124606	-0.0123785	-0.0228542	-0.0267533	0.0237075	0.0231201	0.0250228	0.0258945	
MomentArms on: ankle_angle_r
0.0243832	0.0279684	0.0160638	0.0302872	-0.00921185	-0.0119133	-0.0328802	-0.0327099	-0.00560472	-0.00742771	-0.029369	-0.00971606	
External Torques: -9.24714 -15.192 9.0752 36.0231 -27.0498 
Current Torque on hip_flexion_r -3.8803
Current Torque on hip_adduction_r 12.6067
Current Torque on hip_rotation_r 2.85703
Current Torque on knee_angle_r 36.0387
Current Torque on ankle_angle_r -27.0068

----------------------------------------


EmgTime: 0.95
Adjusted EMG
0.001	0.0787045	0.0787045	0.001	0.0787045	0.0787045	0.0625378	0.0570743	0.0621121	0.0417726	0.001	0.0747667	0.423557	0.001	0.001	0.001	0.001	0.319952	0.278148	0.0787045	0.0787045	0.0787045	0.001	0.001	0.001	0.001	0.001	0.001	0.321454	0.320355	0.321145	0.0812682	0.0836948	0.0873493	0.0269547	0.00276667	0.00118394	0.001	0.00953369	0.00140254	0.001	0.001	0.001	0	0	0	0	0	0	0	0	0	0	0	0	0	0	0	0	0	0	0	0	0	0	0	0	0	0	0	0	0	0	0	0	0	0	0	0	0	0	0	0	0	0	0	0.001	0	0.001	0	0.000997281	0	
LmtTime: 0.95
Lmt
0.10713	0.120646	0.105311	0.0699793	0.0722128	0.0777748	0.324191	0.357267	0.339671	0.159247	0.388125	0.147777	0.102304	0.0998876	0.173009	0.307428	0.401248	0.0651608	0.31862	0.186338	0.198775	0.230168	0.134798	0.177481	0.0589191	0.050446	0.116201	0.341284	0.18219	0.190565	0.203961	0.323585	0.32117	0.234425	0.260284	0.335978	0.330183	0.204896	0.160517	0.298874	0.126327	0.316623	0.29313	0.101244	0.115723	0.101492	0.0648194	0.0669587	0.0730611	0.321778	0.355453	0.339661	0.156549	0.382774	0.156245	0.109788	0.107723	0.179591	0.310938	0.395401	0.0704048	0.320684	0.183385	0.197418	0.234203	0.135163	0.178519	0.0641644	0.0514772	0.113606	0.345029	0.187323	0.195508	0.208963	0.318911	0.316804	0.23218	0.259749	0.335416	0.329364	0.207745	0.160198	0.298507	0.127842	0.319007	0.295787	0.109226	0.109991	0.165043	0.171959	0.227555	0.229273	
MomentArms on: hip_flexion_r
-0.0117442	0.003428	0.00705616	0.00892766	-0.0376129	0.0360782	0.00818055	0.0361332	0.0403378	0.0630669	0.060044	
MomentArms on: hip_adduction_r
0.0522999	0.0610668	0.0457547	0.0420012	0.0276908	0.0118109	0.042211	0.0367846	0.0123283	0.0206811	
MomentArms on: hip_rotation_r
0.0366036	0.0342355	0.00390752	0.00297259	0.0294949	-0.020866	0.00523157	0.0189406	-0.00087339	-0.0331045	
MomentArms on: knee_angle_r
-0.0142949	-0.0177464	-0.0244896	-0.0113505	-0.0124083	-0.0124163	-0.0226864	-0.0265308	0.023506	0.0229471	0.0249574	0.02582	
MomentArms on: ankle_angle_r
0.0243753	0.0280078	0.0160347	0.0302835	-0.00913163	-0.0118338	-0.0325917	-0.0324357	-0.00557123	-0.00739795	-0.0290912	-0.00964022	
External Torques: -8.47564 -15.1891 9.14918 36.335 -26.762 
Current Torque on hip_flexion_r -3.59921
Current Torque on hip_adduction_r 11.7957
Current Torque on hip_rotation_r 2.73455
Current Torque on knee_angle_r 36.3051
Current Torque on ankle_angle_r -26.7153

----------------------------------------


EmgTime: 0.96
Adjusted EMG
0.001	0.0784182	0.0784182	0.001	0.0784182	0.0784182	0.0692782	0.0568531	0.0683745	0.0182773	0.001	0.0728309	0.383159	0.001	0.001	0.001	0.001	0.315422	0.258908	0.0784182	0.0784182	0.0784182	0.001	0.001	0.001	0.001	0.001	0.001	0.318697	0.316303	0.318026	0.0770717	0.0791652	0.0843397	0.0295427	0.00309493	0.00133355	0.001	0.0104425	0.00153154	0.001	0.001	0.001	0	0	0	0	0	0	0	0	0	0	0	0	0	0	0	0	0	0	0	0	0	0	0	0	0	0	0	0	0	0	0	0	0	0	0	0	0	0	0	0	0	0	0	0.001	0	0.001	0	0.000997281	0	
LmtTime: 0.96
Lmt
0.107155	0.12041	0.104887	0.0700687	0.0721929	0.0776181	0.323707	0.356695	0.339075	0.159267	0.388769	0.148354	0.102551	0.0997876	0.172749	0.306958	0.401856	0.0655627	0.318484	0.185893	0.198257	0.229603	0.135306	0.178015	0.0585154	0.0501729	0.115886	0.341758	0.182159	0.190535	0.203931	0.323568	0.321152	0.234397	0.260275	0.335969	0.330172	0.204927	0.160511	0.298866	0.126343	0.316648	0.293159	0.101547	0.116348	0.10228	0.0649631	0.0671702	0.0733958	0.323811	0.357972	0.341764	0.156696	0.380122	0.155893	0.110121	0.108818	0.18123	0.313033	0.393266	0.0699634	0.322362	0.184407	0.19865	0.236128	0.13375	0.177125	0.0648707	0.051514	0.113974	0.342965	0.187046	0.195241	0.208696	0.319357	0.317228	0.232469	0.259844	0.335506	0.32948	0.207458	0.160253	0.298579	0.127688	0.318775	0.295523	0.109289	0.10995	0.165259	0.171717	0.227642	0.22917	
MomentArms on: hip_flexion_r
-0.0114452	0.00423537	0.00679589	0.00885284	-0.0372149	0.0359901	0.00867984	0.0360647	0.0405712	0.0629201	0.0595545	
MomentArms on: hip_adduction_r
0.0525195	0.0609674	0.0461894	0.0421602	0.0276119	0.011878	0.0420299	0.036678	0.0123004	0.0206337	
MomentArms on: hip_rotation_r
0.0363204	0.0340053	0.00389467	0.00296032	0.0291122	-0.0212246	0.00466726	0.0185173	-0.00135725	-0.0334675	
MomentArms on: knee_angle_r
-0.0140671	-0.017582	-0.0243959	-0.0112707	-0.0123531	-0.0124549	-0.0225105	-0.0262989	0.0232877	0.0227629	0.0248864	0.0257403	
MomentArms on: ankle_angle_r
0.0243662	0.0280438	0.0160063	0.030278	-0.00905675	-0.0117594	-0.0323206	-0.0321783	-0.00553986	-0.00736995	-0.0288314	-0.0095694	
External Torques: -7.71668 -15.186 9.1884 36.5854 -26.4849 
Current Torque on hip_flexion_r -3.30897
Current Torque on hip_adduction_r 11.0036
Current Torque on hip_rotation_r 2.60511
Current Torque on knee_angle_r 36.5176
Current Torque on ankle_angle_r -26.4315

----------------------------------------


EmgTime: 0.97
Adjusted EMG
0.001	0.0773154	0.0773154	0.001	0.0773154	0.0773154	0.0747225	0.0499257	0.0730732	0.001	0.001	0.070421	0.345021	0.001	0.001	0.001	0.001	0.304461	0.238965	0.0773154	0.0773154	0.0773154	0.001	0.00124492	0.001	0.001	0.001	0.001	0.311788	0.307281	0.310526	0.0715623	0.072969	0.0808354	0.0327272	0.00360759	0.00157574	0.001	0.0118135	0.00176321	0.001	0.001	0.001	0	0	0	0	0	0	0	0	0	0	0	0	0	0	0	0	0	0	0	0	0	0	0	0	0	0	0	0	0	0	0	0	0	0	0	0	0	0	0	0	0	0	0	0.001	0	0.001	0	0.000997281	0	
LmtTime: 0.97
Lmt
0.107155	0.120153	0.104447	0.0701369	0.0721517	0.0774422	0.323243	0.35615	0.338491	0.159305	0.389422	0.14896	0.102822	0.0997151	0.172509	0.306491	0.402434	0.0659813	0.318395	0.185434	0.19773	0.229042	0.135816	0.17855	0.0581315	0.0499053	0.115559	0.342206	0.1821	0.190479	0.203874	0.323562	0.321143	0.234366	0.260265	0.33596	0.330159	0.20496	0.160505	0.298858	0.126361	0.316674	0.29319	0.101918	0.117007	0.103079	0.0651836	0.06745	0.07378	0.325886	0.360532	0.343828	0.15693	0.377615	0.155569	0.110429	0.109851	0.182802	0.315044	0.391226	0.0695277	0.324154	0.185407	0.199828	0.237926	0.132371	0.175762	0.0655117	0.0515289	0.114356	0.34082	0.186613	0.194824	0.208277	0.319763	0.317602	0.232657	0.259906	0.335565	0.329556	0.207269	0.160288	0.298626	0.127587	0.318623	0.295349	0.109349	0.109885	0.165505	0.171477	0.22776	0.229065	
MomentArms on: hip_flexion_r
-0.0111678	0.0049375	0.00652736	0.00874486	-0.0368583	0.0359036	0.00910569	0.0359872	0.0407671	0.0628006	0.0591013	
MomentArms on: hip_adduction_r
0.0526889	0.0608931	0.0465582	0.0423003	0.02753	0.0119051	0.041896	0.0365761	0.0122483	0.0205642	
MomentArms on: hip_rotation_r
0.0360692	0.0337975	0.00388361	0.00294974	0.0287895	-0.0215331	0.00418803	0.0181523	-0.00177191	-0.03377	
MomentArms on: knee_angle_r
-0.0138349	-0.0174101	-0.0242958	-0.0111874	-0.0122952	-0.0124932	-0.0223286	-0.0260601	0.0230558	0.0225697	0.0248098	0.0256555	
MomentArms on: ankle_angle_r
0.0243563	0.0280762	0.0159792	0.0302713	-0.00898835	-0.0116914	-0.0320712	-0.0319418	-0.00551111	-0.00734417	-0.0285937	-0.00950467	
External Torques: -6.97634 -15.1737 9.18355 36.7623 -26.2229 
Current Torque on hip_flexion_r -3.01521
Current Torque on hip_adduction_r 10.2707
Current Torque on hip_rotation_r 2.42173
Current Torque on knee_angle_r 36.6302
Current Torque on ankle_angle_r -26.1594

----------------------------------------


EmgTime: 0.98
Adjusted EMG
0.001	0.0752502	0.0752502	0.001	0.0752502	0.0752502	0.0783627	0.00759841	0.0745929	0.001	0.001	0.0578967	0.309741	0.001	0.001	0.001	0.001	0.289455	0.216045	0.0752502	0.0752502	0.0752502	0.001	0.0011026	0.001	0.001	0.001	0.001	0.305721	0.295079	0.302747	0.063853	0.0620279	0.0779579	0.0381626	0.00460741	0.00206031	0.001	0.0142977	0.00226301	0.001	0.001	0.001	0	0	0	0	0	0	0	0	0	0	0	0	0	0	0	0	0	0	0	0	0	0	0	0	0	0	0	0	0	0	0	0	0	0	0	0	0	0	0	0	0	0	0	0.001	0	0.001	0	0.000997281	0	
LmtTime: 0.98
Lmt
0.107131	0.119875	0.103992	0.0701845	0.0720903	0.0772482	0.3228	0.355632	0.337919	0.159361	0.390085	0.149592	0.103115	0.0996681	0.172287	0.306028	0.402984	0.0664143	0.318351	0.184961	0.197194	0.228485	0.136327	0.179087	0.0577676	0.0496444	0.115224	0.342628	0.182013	0.190396	0.20379	0.323568	0.321144	0.234334	0.260254	0.33595	0.330146	0.204995	0.160499	0.29885	0.126379	0.316702	0.293222	0.10235	0.117696	0.103885	0.0654763	0.0677945	0.0742109	0.327994	0.363123	0.345847	0.157257	0.375277	0.15527	0.110707	0.110812	0.184292	0.316955	0.389301	0.0690987	0.326045	0.186378	0.200945	0.23959	0.131039	0.174442	0.0660845	0.0515255	0.114752	0.338609	0.186026	0.194258	0.207709	0.320121	0.317917	0.232736	0.259932	0.33559	0.329588	0.207189	0.160303	0.298646	0.127545	0.318559	0.295276	0.109406	0.109793	0.165779	0.17124	0.22791	0.228958	
MomentArms on: hip_flexion_r
-0.0109099	0.00554707	0.00624774	0.00860459	-0.0365424	0.0358213	0.00946742	0.0359058	0.0409356	0.0627132	0.0586789	
MomentArms on: hip_adduction_r
0.0528141	0.0608443	0.0468704	0.0424288	0.0274499	0.0118989	0.0418106	0.0364797	0.0121771	0.0204786	
MomentArms on: hip_rotation_r
0.0358489	0.0336121	0.00387435	0.00294081	0.0285208	-0.0218003	0.00378499	0.0178399	-0.00212607	-0.0340207	
MomentArms on: knee_angle_r
-0.0136022	-0.0172341	-0.0241913	-0.0111021	-0.0122355	-0.0125304	-0.0221438	-0.0258184	0.0228158	0.0223713	0.0247288	0.0255665	
MomentArms on: ankle_angle_r
0.0243462	0.0281046	0.0159543	0.030264	-0.00892741	-0.0116307	-0.0318474	-0.0317298	-0.00548542	-0.00732107	-0.0283816	-0.00944699	
External Torques: -6.25222 -15.142 9.12847 36.8542 -25.976 
Current Torque on hip_flexion_r -2.70162
Current Torque on hip_adduction_r 9.81902
Current Torque on hip_rotation_r 2.25429
Current Torque on knee_angle_r 36.5329
Current Torque on ankle_angle_r -25.893

----------------------------------------


EmgTime: 0.99
Adjusted EMG
0.001	0.0721223	0.0721223	0.001	0.0721223	0.0721223	0.0798519	0.0709876	0.0793206	0.0466211	0.001	0.0524329	0.271267	0.001	0.001	0.001	0.001	0.271339	0.203098	0.0721223	0.0721223	0.0721223	0.001	0.001	0.001	0.001	0.001	0.001	0.275331	0.273799	0.274881	0.0620576	0.068497	0.0740987	0.0412563	0.00532906	0.00243619	0.001	0.016059	0.00264842	0.001	0.001	0.001	0	0	0	0	0	0	0	0	0	0	0	0	0	0	0	0	0	0	0	0	0	0	0	0	0	0	0	0	0	0	0	0	0	0	0	0	0	0	0	0	0	0	0	0.001	0	0.001	0	0.000997281	0	
LmtTime: 0.99
Lmt
0.107086	0.119579	0.103523	0.0702134	0.0720107	0.077038	0.322374	0.355137	0.337357	0.159436	0.390763	0.150245	0.103424	0.0996409	0.17208	0.305565	0.40351	0.0668586	0.318348	0.184476	0.196649	0.227928	0.136838	0.179626	0.0574213	0.0493907	0.114881	0.343027	0.181899	0.190288	0.203679	0.323584	0.321154	0.2343	0.260243	0.335939	0.330132	0.205032	0.160492	0.298841	0.126398	0.316732	0.293256	0.102837	0.118406	0.104689	0.0658345	0.0681979	0.074683	0.330126	0.365734	0.347819	0.157681	0.373129	0.154998	0.110952	0.111691	0.185689	0.318752	0.387513	0.0686782	0.32802	0.187315	0.201997	0.241113	0.129765	0.173179	0.066586	0.0515066	0.11516	0.336351	0.185286	0.193546	0.206993	0.320424	0.318168	0.2327	0.25992	0.335579	0.329573	0.207225	0.160296	0.298637	0.127564	0.318588	0.295309	0.109459	0.109677	0.166078	0.171011	0.228089	0.228852	
MomentArms on: hip_flexion_r
-0.0106672	0.00608247	0.00595349	0.0084332	-0.0362615	0.0357436	0.00977778	0.0358223	0.041085	0.0626571	0.0582778	
MomentArms on: hip_adduction_r
0.0529025	0.0608189	0.0471376	0.0425518	0.0273738	0.0118663	0.0417706	0.0363879	0.0120908	0.0203814	
MomentArms on: hip_rotation_r
0.0356547	0.0334459	0.00386666	0.00293328	0.0282974	-0.0220367	0.00344408	0.0175704	-0.00243205	-0.0342301	
MomentArms on: knee_angle_r
-0.0133737	-0.0170583	-0.0240852	-0.0110168	-0.0121757	-0.0125654	-0.0219604	-0.0255789	0.0225747	0.0241754	0.0246453	0.0254759	
MomentArms on: ankle_angle_r
0.0243365	0.0281288	0.0159321	0.0302566	-0.0088747	-0.0115782	-0.0316523	-0.0315453	-0.00546313	-0.00730097	-0.0281979	-0.00939708	
External Torques: -5.53485 -15.0796 9.02017 36.8508 -25.739 
Current Torque on hip_flexion_r -2.44714
Current Torque on hip_adduction_r 8.9886
Current Torque on hip_rotation_r 2.10298
Current Torque on knee_angle_r 36.8024
Current Torque on ankle_angle_r -25.6406

----------------------------------------


EmgTime: 1
Adjusted EMG
0.00335208	0.0678972	0.0678972	0.001	0.0678972	0.0678972	0.0790557	0.001	0.0736148	0.001	0.001	0.047045	0.234472	0.001	0.001	0.001	0.001	0.250944	0.168158	0.0678972	0.0678972	0.0678972	0.001	0.001	0.001	0.001	0.001	0.001	0.275986	0.259647	0.271205	0.0501949	0.0463567	0.0728026	0.0486097	0.00673108	0.0031517	0.001	0.0193554	0.00341818	0.001	0.001	0.001	0	0	0	0	0	0	0	0	0	0	0	0	0	0	0	0	0	0	0	0	0	0	0	0	0	0	0	0	0	0	0	0	0	0	0	0	0	0	0	0	0	0	0	0.001	0	0.001	0	0.000997281	0	
LmtTime: 1
Lmt
0.107021	0.119265	0.103041	0.0702262	0.0719156	0.0768141	0.321963	0.354658	0.336798	0.159529	0.391464	0.150912	0.103742	0.0996246	0.171876	0.305093	0.404023	0.067311	0.318377	0.183976	0.196092	0.227363	0.137354	0.18017	0.0570881	0.0491446	0.114532	0.343408	0.181756	0.190152	0.203541	0.32361	0.321172	0.234263	0.26023	0.335927	0.330116	0.205072	0.160485	0.298831	0.12642	0.316765	0.293294	0.103371	0.119128	0.105482	0.0662501	0.0686523	0.0751889	0.332272	0.368352	0.349737	0.158208	0.371195	0.154751	0.111162	0.112482	0.186978	0.320419	0.385883	0.0682688	0.330059	0.188208	0.202977	0.242487	0.128567	0.171986	0.0670121	0.0514735	0.115573	0.334068	0.1844	0.192697	0.206136	0.320663	0.31835	0.232544	0.259868	0.33553	0.32951	0.207383	0.160267	0.298598	0.127648	0.318715	0.295454	0.109506	0.109538	0.166396	0.170792	0.228293	0.228747	
MomentArms on: hip_flexion_r
-0.0104335	0.00656465	0.00564091	0.00823209	-0.0360061	0.0356688	0.0100508	0.035737	0.0412218	0.0626278	0.0578862	
MomentArms on: hip_adduction_r
0.052962	0.0608127	0.0473727	0.0426743	0.0273025	0.0118135	0.0417698	0.0362986	0.0119927	0.0202755	
MomentArms on: hip_rotation_r
0.035479	0.0332931	0.00386018	0.00292679	0.0281095	-0.022253	0.00314873	0.017332	-0.00270376	-0.0344095	
MomentArms on: knee_angle_r
-0.0131546	-0.0168878	-0.0239807	-0.0109341	-0.0121173	-0.0125975	-0.0217826	-0.0253472	0.0223401	0.0241092	0.024562	0.0253861	
MomentArms on: ankle_angle_r
0.0243277	0.0281487	0.015913	0.0302496	-0.00883065	-0.0115343	-0.0314879	-0.0313902	-0.00544448	-0.0072841	-0.0280442	-0.00935537	
External Torques: -4.81127 -14.9769 8.85955 36.7412 -25.5034 
Current Torque on hip_flexion_r -2.16584
Current Torque on hip_adduction_r 8.15219
Current Torque on hip_rotation_r 1.97151
Current Torque on knee_angle_r 36.2149
Current Torque on ankle_angle_r -25.3731

----------------------------------------


EmgTime: 1.01
Adjusted EMG
0.00506591	0.0626559	0.0626559	0.001	0.0626559	0.0626559	0.0760958	0.001	0.0689727	0.001	0.001	0.0414514	0.203755	0.001	0.001	0.001	0.001	0.230088	0.143949	0.0626559	0.0626559	0.0626559	0.001	0.001	0.001	0.001	0.001	0.001	0.263771	0.241392	0.257243	0.0433554	0.0374022	0.0750135	0.0586633	0.00914614	0.00451299	0.001	0.0244529	0.00491889	0.001	0.001	0.001	0	0	0	0	0	0	0	0	0	0	0	0	0	0	0	0	0	0	0	0	0	0	0	0	0	0	0	0	0	0	0	0	0	0	0	0	0	0	0	0	0	0	0	0.001	0	0.001	0	0.000997281	0	
LmtTime: 1.01
Lmt
0.10694	0.118936	0.102546	0.0702255	0.0718079	0.0765789	0.321556	0.354185	0.336234	0.159641	0.392204	0.151586	0.104059	0.0996075	0.171665	0.304601	0.404534	0.0677682	0.318429	0.183462	0.19552	0.226777	0.138086	0.180747	0.0567625	0.0489065	0.114178	0.343691	0.181585	0.189989	0.203375	0.323642	0.321196	0.234219	0.260215	0.335913	0.330098	0.20512	0.160477	0.29882	0.126445	0.316803	0.293339	0.103944	0.11985	0.106252	0.0667143	0.0691489	0.0757191	0.334414	0.370958	0.351595	0.158837	0.369495	0.154529	0.111334	0.113174	0.188144	0.321938	0.384432	0.0678735	0.332137	0.18905	0.203877	0.243704	0.127459	0.170882	0.0673573	0.0514261	0.115985	0.331786	0.183379	0.191721	0.205147	0.320832	0.318456	0.232265	0.259777	0.335443	0.329398	0.207661	0.160214	0.298528	0.127797	0.318939	0.29571	0.109546	0.109381	0.166726	0.170587	0.228515	0.228647	
MomentArms on: hip_flexion_r
-0.0102023	0.00701427	0.00530675	0.00800288	-0.0357656	0.0355946	0.0103001	0.0356488	0.0413511	0.0626182	0.0574924	
MomentArms on: hip_adduction_r
0.0530002	0.0608204	0.047588	0.0428003	0.0272353	0.0117459	0.0418006	0.0362093	0.0118852	0.020163	
MomentArms on: hip_rotation_r
0.0353137	0.0331474	0.00385444	0.00292095	0.0279466	-0.0224587	0.00288236	0.0171125	-0.00295483	-0.0345695	
MomentArms on: knee_angle_r
-0.0129498	-0.0167273	-0.0238812	-0.0108561	-0.012062	-0.012626	-0.021615	-0.0251291	0.0221193	0.0240446	0.0244818	0.0253002	
MomentArms on: ankle_angle_r
0.0243202	0.0281646	0.0158975	0.0302436	-0.00879539	-0.0114992	-0.031355	-0.031265	-0.00542952	-0.00727054	-0.0279211	-0.00932197	
External Torques: -4.06395 -14.8252 8.65031 36.5189 -25.2555 
Current Torque on hip_flexion_r -1.77791
Current Torque on hip_adduction_r 7.28446
Current Torque on hip_rotation_r 1.87057
Current Torque on knee_angle_r 35.785
Current Torque on ankle_angle_r -25.0712

----------------------------------------


EmgTime: 1.02
Adjusted EMG
0.0080047	0.0565448	0.0565448	0.001	0.0565448	0.0565448	0.071324	0.001	0.0621917	0.001	0.001	0.0390995	0.162392	0.001	0.001	0.001	0.001	0.210401	0.106891	0.0565448	0.0565448	0.0565448	0.001	0.001	0.001	0.001	0.001	0.001	0.255062	0.224722	0.246257	0.0366386	0.0267582	0.0792659	0.068696	0.0116879	0.00609024	0.001	0.0295475	0.00673244	0.001	0.001	0.001	0	0	0	0	0	0	0	0	0	0	0	0	0	0	0	0	0	0	0	0	0	0	0	0	0	0	0	0	0	0	0	0	0	0	0	0	0	0	0	0	0	0	0	0.001	0	0.001	0	0.000997281	0	
LmtTime: 1.02
Lmt
0.106844	0.118592	0.10204	0.0702137	0.0716901	0.0763344	0.321145	0.353704	0.335655	0.159773	0.392998	0.152261	0.104367	0.0995767	0.17143	0.304075	0.405058	0.0682271	0.31849	0.182929	0.194928	0.226158	0.138654	0.181314	0.0564385	0.0486772	0.11382	0.344072	0.181385	0.189799	0.203182	0.323676	0.321221	0.234164	0.260197	0.335896	0.330076	0.205179	0.160466	0.298806	0.126476	0.31685	0.293393	0.104547	0.120561	0.106985	0.067218	0.0696778	0.0762636	0.336533	0.373528	0.353382	0.159565	0.368047	0.15433	0.111466	0.113759	0.189176	0.323296	0.38318	0.0674953	0.334223	0.18983	0.204687	0.244756	0.126459	0.169881	0.0676157	0.0513632	0.116385	0.329536	0.18224	0.190634	0.204044	0.320927	0.318486	0.231864	0.259645	0.335317	0.329238	0.208057	0.160139	0.298429	0.128008	0.319258	0.296072	0.109578	0.109212	0.167062	0.170396	0.22875	0.228554	
MomentArms on: hip_flexion_r
-0.00996751	0.0074494	0.00494873	0.00774746	-0.0355291	0.0355182	0.010537	0.0355562	0.0414758	0.0626208	0.057086	
MomentArms on: hip_adduction_r
0.0530234	0.0608371	0.0477941	0.042933	0.0271714	0.0116682	0.0418559	0.0361172	0.01177	0.0200451	
MomentArms on: hip_rotation_r
0.0351515	0.033003	0.00384898	0.00291537	0.0277987	-0.0226619	0.0026305	0.0169014	-0.00319706	-0.0347192	
MomentArms on: knee_angle_r
-0.0127639	-0.0165812	-0.0237897	-0.0107851	-0.0120114	-0.0126506	-0.0214617	-0.0249295	0.0219188	0.023984	0.0244072	0.0252208	
MomentArms on: ankle_angle_r
0.0243142	0.0281764	0.0158855	0.0302386	-0.00876869	-0.0114725	-0.0312531	-0.0311694	-0.00541817	-0.00726024	-0.0278278	-0.00929666	
External Torques: -3.27925 -14.6172 8.39814 36.1802 -24.979 
Current Torque on hip_flexion_r -1.56474
Current Torque on hip_adduction_r 6.3738
Current Torque on hip_rotation_r 1.75697
Current Torque on knee_angle_r 35.1685
Current Torque on ankle_angle_r -24.7286

----------------------------------------


EmgTime: 1.03
Adjusted EMG
0.0117777	0.0498329	0.0498329	0.001	0.0498329	0.0498329	0.0653043	0.001	0.0541342	0.001	0.001	0.0378103	0.133207	0.001	0.001	0.001	0.001	0.192581	0.0746117	0.0498329	0.0498329	0.0498329	0.001	0.001	0.001	0.001	0.001	0.001	0.250467	0.210552	0.23886	0.0302789	0.0139181	0.08544	0.0789827	0.0143355	0.00787476	0.001	0.0349051	0.00890867	0.001	0.001	0.001	0	0	0	0	0	0	0	0	0	0	0	0	0	0	0	0	0	0	0	0	0	0	0	0	0	0	0	0	0	0	0	0	0	0	0	0	0	0	0	0	0	0	0	0.001	0	0.001	0	0.000997281	0	
LmtTime: 1.03
Lmt
0.106733	0.118233	0.101521	0.0701923	0.0715639	0.0760822	0.320717	0.3532	0.335047	0.159925	0.393864	0.152928	0.104656	0.0995194	0.171158	0.303501	0.405608	0.0686853	0.318548	0.182374	0.19431	0.225491	0.139245	0.181905	0.0561111	0.0484583	0.113461	0.344464	0.181156	0.189582	0.202961	0.323708	0.321241	0.234095	0.260174	0.335874	0.330047	0.205253	0.160453	0.298788	0.126515	0.31691	0.293463	0.105172	0.121249	0.107668	0.0677517	0.0702287	0.0768114	0.338603	0.376032	0.355083	0.160382	0.366863	0.15415	0.111554	0.114229	0.190058	0.324479	0.382146	0.0671367	0.336278	0.190539	0.205402	0.245639	0.125582	0.169	0.0677807	0.0512823	0.116766	0.327298	0.181004	0.18946	0.202849	0.320943	0.318438	0.231347	0.259475	0.335156	0.329031	0.208558	0.160042	0.298303	0.128277	0.319662	0.296531	0.109603	0.109037	0.167398	0.170219	0.228988	0.228468	
MomentArms on: hip_flexion_r
-0.00972441	0.00788392	0.00456571	0.00746789	-0.0352875	0.0354375	0.01077	0.035458	0.0415513	0.0626285	0.0566596	
MomentArms on: hip_adduction_r
0.0530367	0.0608583	0.0479994	0.0430746	0.0271101	0.0115839	0.0419298	0.0360203	0.0116486	0.0199229	
MomentArms on: hip_rotation_r
0.0349872	0.0328556	0.0038434	0.00290972	0.0276571	-0.0228682	0.00238216	0.0166905	-0.00343946	-0.0348656	
MomentArms on: knee_angle_r
-0.0126002	-0.0164529	-0.023709	-0.0107227	-0.0119668	-0.0126712	-0.021326	-0.0247527	0.0236046	0.0239298	0.024341	0.0251506	
MomentArms on: ankle_angle_r
0.0243099	0.0281847	0.0158771	0.0302351	-0.00874999	-0.0114539	-0.0311805	-0.0311016	-0.00541021	-0.00725302	-0.0277624	-0.00927894	
External Torques: -2.45342 -14.3456 8.1081 35.7223 -24.6591 
Current Torque on hip_flexion_r -1.15588
Current Torque on hip_adduction_r 5.50138
Current Torque on hip_rotation_r 1.68025
Current Torque on knee_angle_r 34.371
Current Torque on ankle_angle_r -24.3316

----------------------------------------


EmgTime: 1.04
Adjusted EMG
0.0183469	0.0428505	0.0428505	0.00404505	0.0428505	0.0428505	0.0587273	0.001	0.0467557	0.001	0.001	0.0393902	0.105883	0.001	0.001	0.001	0.001	0.177332	0.0445963	0.0428505	0.0428505	0.0428505	0.001	0.001	0.001	0.001	0.001	0.0216892	0.245142	0.197921	0.231629	0.0261625	0.00595614	0.0917524	0.0883198	0.0167421	0.00963047	0.001	0.0399072	0.0112263	0.001	0.001	0.001	0	0	0	0	0	0	0	0	0	0	0	0	0	0	0	0	0	0	0	0	0	0	0	0	0	0	0	0	0	0	0	0	0	0	0	0	0	0	0	0	0	0	0	0.001	0	0.001	0	0.000997281	0	
LmtTime: 1.04
Lmt
0.106608	0.117858	0.100989	0.0701617	0.0714301	0.0758232	0.320262	0.352657	0.334398	0.160095	0.394817	0.153583	0.104918	0.0994233	0.170833	0.302862	0.406198	0.0691414	0.318588	0.181794	0.193661	0.22476	0.139865	0.182525	0.0557765	0.0482518	0.113102	0.344878	0.180901	0.189339	0.202714	0.323729	0.32125	0.234005	0.260144	0.335846	0.33001	0.20535	0.160435	0.298764	0.126566	0.316988	0.293552	0.105808	0.121903	0.108289	0.068306	0.0707913	0.0773517	0.34059	0.378429	0.35668	0.161269	0.365953	0.153984	0.111594	0.114575	0.190778	0.325474	0.381345	0.0667997	0.338257	0.191169	0.206015	0.246346	0.124842	0.168251	0.0678469	0.0511806	0.117118	0.32527	0.179704	0.188123	0.201592	0.32088	0.318314	0.230726	0.259273	0.334962	0.328785	0.209149	0.159927	0.298153	0.128595	0.320138	0.29707	0.109622	0.108861	0.167729	0.170052	0.229223	0.22839	
MomentArms on: hip_flexion_r
-0.00946991	0.00832685	0.00415785	0.00716639	-0.0350338	0.0353506	0.0110042	0.0353532	0.0416724	0.0626354	0.0562088	
MomentArms on: hip_adduction_r
0.0530433	0.0608805	0.0482095	0.0432267	0.0270513	0.0114958	0.0420184	0.035917	0.0115222	0.0197973	
MomentArms on: hip_rotation_r
0.0348178	0.0327027	0.00383735	0.00290374	0.0275146	-0.0230808	0.0021305	0.0164748	-0.00368775	-0.0350133	
MomentArms on: knee_angle_r
-0.0124612	-0.0163451	-0.0236413	-0.01067	-0.0119291	-0.0126877	-0.0212103	-0.0246017	0.0235552	0.0238839	0.0242849	0.0250913	
MomentArms on: ankle_angle_r
0.0243071	0.0281898	0.0158718	0.0302328	-0.00873848	-0.0114424	-0.0311345	-0.0310591	-0.00540532	-0.00724856	-0.0277222	-0.00926804	
External Torques: -1.58877 -14.0031 7.7839 35.1438 -24.2807 
Current Torque on hip_flexion_r -0.710308
Current Torque on hip_adduction_r 4.70686
Current Torque on hip_rotation_r 1.63833
Current Torque on knee_angle_r 33.5212
Current Torque on ankle_angle_r -23.8747

----------------------------------------


EmgTime: 1.05
Adjusted EMG
0.0185143	0.0359686	0.0359686	0.00744345	0.0359686	0.0359686	0.0523436	0.001	0.0419766	0.001	0.001	0.0397104	0.0935109	0.001	0.001	0.001	0.001	0.164261	0.0345953	0.0359686	0.0359686	0.0359686	0.001	0.001	0.001	0.001	0.001	0.108923	0.232067	0.18474	0.218508	0.025998	0.0119922	0.0934572	0.0917844	0.0177406	0.0104602	0.001	0.042562	0.0126106	0.001	0.001	0.001	0	0	0	0	0	0	0	0	0	0	0	0	0	0	0	0	0	0	0	0	0	0	0	0	0	0	0	0	0	0	0	0	0	0	0	0	0	0	0	0	0	0	0	0.001	0	0.001	0	0.000997281	0	
LmtTime: 1.05
Lmt
0.106466	0.117465	0.100442	0.0701212	0.0712889	0.0755578	0.319765	0.35206	0.333694	0.160283	0.395874	0.154223	0.105146	0.0992787	0.170442	0.302145	0.406839	0.0695945	0.318599	0.181184	0.192973	0.223951	0.140519	0.183181	0.0554328	0.0480608	0.112743	0.345326	0.180621	0.189074	0.202443	0.323733	0.321241	0.233889	0.260106	0.335809	0.329963	0.205474	0.160413	0.298734	0.126631	0.317088	0.293667	0.106448	0.122513	0.108837	0.0688712	0.0713549	0.0778741	0.342456	0.380674	0.358146	0.162202	0.365318	0.153824	0.111584	0.114793	0.191327	0.326273	0.380788	0.0664853	0.34011	0.191713	0.20652	0.246876	0.124248	0.167645	0.0678103	0.0510556	0.11743	0.323352	0.178376	0.186923	0.20031	0.320744	0.318121	0.23002	0.259043	0.334742	0.328506	0.209807	0.159797	0.297984	0.12895	0.320668	0.297668	0.109634	0.108691	0.168053	0.169891	0.229449	0.228319	
MomentArms on: hip_flexion_r
-0.00920265	0.00878235	0.00372646	0.00684522	-0.0347636	0.0352566	0.0112415	0.0352412	0.0417919	0.0626372	0.0557325	
MomentArms on: hip_adduction_r
0.0530448	0.0609013	0.0484271	0.0433904	0.0269951	0.0114059	0.0421197	0.0358065	0.0113916	0.0196692	
MomentArms on: hip_rotation_r
0.0346429	0.0325438	0.0038306	0.00289726	0.0273659	-0.0233008	0.00187274	0.0162523	-0.00394446	-0.0351646	
MomentArms on: knee_angle_r
-0.0123484	-0.0162592	-0.0235878	-0.0106279	-0.0118989	-0.0127005	-0.0211162	-0.0244787	0.0235155	0.0238469	0.02424	0.025044	
MomentArms on: ankle_angle_r
0.0243059	0.0281921	0.0158694	0.0302317	-0.00873318	-0.0114371	-0.0311116	-0.0310384	-0.00540306	-0.00724651	-0.0277036	-0.00926301	
External Torques: -0.685796 -13.5831 7.42705 34.4448 -23.8271 
Current Torque on hip_flexion_r 0.00222132
Current Torque on hip_adduction_r 4.05378
Current Torque on hip_rotation_r 1.61306
Current Torque on knee_angle_r 32.8042
Current Torque on ankle_angle_r -23.3799

----------------------------------------


EmgTime: 1.06
Adjusted EMG
0.0116067	0.0295718	0.0295718	0.001	0.0295718	0.0295718	0.0468978	0.0050487	0.0359473	0.001	0.001	0.0338641	0.0988352	0.001	0.001	0.001	0.001	0.152632	0.0229479	0.0295718	0.0295718	0.0295718	0.001	0.001	0.001	0.001	0.001	0.154622	0.240887	0.177868	0.223465	0.0227601	0.00459945	0.107472	0.109697	0.021874	0.0134011	0.001	0.0510838	0.0166223	0.001	0.001	0.001	0	0	0	0	0	0	0	0	0	0	0	0	0	0	0	0	0	0	0	0	0	0	0	0	0	0	0	0	0	0	0	0	0	0	0	0	0	0	0	0	0	0	0	0.001	0	0.001	0	0.000997281	0	
LmtTime: 1.06
Lmt
0.106304	0.117053	0.0998794	0.0700697	0.0711393	0.0752856	0.319215	0.351393	0.332926	0.160487	0.397044	0.154844	0.105334	0.0990783	0.169976	0.301337	0.40754	0.0700449	0.31857	0.180539	0.192242	0.223054	0.141211	0.183876	0.0550804	0.0478884	0.112387	0.345817	0.180319	0.188632	0.202151	0.323712	0.321206	0.23374	0.260056	0.335763	0.329902	0.205632	0.160384	0.298696	0.126714	0.317215	0.293814	0.107082	0.123071	0.109305	0.0694371	0.071909	0.0783685	0.344161	0.382716	0.359455	0.16315	0.364954	0.153664	0.111521	0.114879	0.191699	0.326871	0.380479	0.0661945	0.341788	0.192168	0.206916	0.24723	0.123807	0.167186	0.0676697	0.0509056	0.117698	0.321588	0.177061	0.185708	0.199043	0.320546	0.317871	0.229256	0.258794	0.334504	0.328206	0.210503	0.159657	0.297804	0.129327	0.321229	0.2983	0.109641	0.108531	0.168369	0.16973	0.229659	0.228255	
MomentArms on: hip_flexion_r
-0.00892288	0.00925042	0.00327378	0.00650666	-0.0344747	0.0351549	0.0114814	0.0351219	0.0419086	0.0626315	0.0552324	
MomentArms on: hip_adduction_r
0.0530414	0.0609193	0.0486526	0.043566	0.0269424	0.0113153	0.0422334	0.035689	0.0112579	0.0195396	
MomentArms on: hip_rotation_r
0.0344642	0.0323802	0.00382302	0.00289019	0.0272078	-0.0235273	0.0016095	0.0160235	-0.0042094	-0.0353199	
MomentArms on: knee_angle_r
-0.0122623	-0.016196	-0.0235492	-0.0105966	-0.0118764	-0.0127096	-0.0210444	-0.0243844	0.0234862	0.0238196	0.0242068	0.0250091	
MomentArms on: ankle_angle_r
0.0243058	0.0281922	0.0158693	0.0302317	-0.00873297	-0.0114369	-0.0311079	-0.0310358	-0.00540297	-0.00724643	-0.0277029	-0.00926282	
External Torques: 0.258941 -13.0784 7.03745 33.6218 -23.2752 
Current Torque on hip_flexion_r 1.06549
Current Torque on hip_adduction_r 3.59482
Current Torque on hip_rotation_r 1.5337
Current Torque on knee_angle_r 31.4605
Current Torque on ankle_angle_r -22.6818

----------------------------------------


EmgTime: 1.07
Adjusted EMG
0.0102277	0.0238939	0.0238939	0.001	0.0238939	0.0238939	0.0429508	0.011407	0.0385607	0.001	0.001	0.0325969	0.0951457	0.001	0.001	0.001	0.001	0.142485	0.0513648	0.0238939	0.0238939	0.0238939	0.001	0.001	0.001	0.001	0.001	0.001	0.195475	0.158626	0.184784	0.0359517	0.0474511	0.095548	0.0968947	0.0192557	0.0118893	0.001	0.0467683	0.0151189	0.001	0.001	0.001	0	0	0	0	0	0	0	0	0	0	0	0	0	0	0	0	0	0	0	0	0	0	0	0	0	0	0	0	0	0	0	0	0	0	0	0	0	0	0	0	0	0	0	0.001	0	0.001	0	0.000997281	0	
LmtTime: 1.07
Lmt
0.106121	0.116619	0.099301	0.0700053	0.0709802	0.0750063	0.318603	0.350643	0.332083	0.160705	0.398335	0.155448	0.105482	0.0988179	0.169428	0.30043	0.408307	0.0704937	0.318493	0.179855	0.191463	0.222058	0.141945	0.184614	0.0547213	0.0477379	0.112035	0.346362	0.179999	0.188349	0.201841	0.323657	0.321137	0.233554	0.259994	0.335704	0.329826	0.205828	0.160348	0.298648	0.126818	0.317373	0.293996	0.107699	0.123569	0.109686	0.0699937	0.0724435	0.0788262	0.345663	0.384507	0.360576	0.164078	0.36485	0.153498	0.111404	0.114833	0.191891	0.327268	0.380417	0.0659277	0.34324	0.19253	0.207202	0.24741	0.123519	0.166875	0.0674276	0.0507304	0.117914	0.320021	0.1758	0.184523	0.197833	0.320299	0.317581	0.228465	0.258538	0.334257	0.327897	0.211206	0.159513	0.297619	0.12971	0.321797	0.298936	0.109647	0.108385	0.168676	0.169562	0.229852	0.228194	
MomentArms on: hip_flexion_r
-0.00863208	0.00972799	0.00280269	0.00615291	-0.034167	0.0350456	0.0117213	0.0349954	0.042021	0.0626169	0.0547118	
MomentArms on: hip_adduction_r
0.0530325	0.0609337	0.0488845	0.0437532	0.0268944	0.0112249	0.0423604	0.0355647	0.0111219	0.0194095	
MomentArms on: hip_rotation_r
0.0342845	0.0322141	0.00381457	0.00288251	0.0270387	-0.0237582	0.00134385	0.0157908	-0.00448044	-0.0354781	
MomentArms on: knee_angle_r
-0.0122028	-0.0161551	-0.0235258	-0.0105761	-0.0118617	-0.0127154	-0.020995	-0.024319	0.0234672	0.0238019	0.0241854	0.0249865	
MomentArms on: ankle_angle_r
0.0243067	0.0281906	0.015871	0.0302324	-0.00873674	-0.0114406	-0.0311195	-0.0310476	-0.00540458	-0.00724789	-0.0277161	-0.00926639	
External Torques: 1.25424 -12.487 6.61402 32.6674 -22.5954 
Current Torque on hip_flexion_r 2.00131
Current Torque on hip_adduction_r 3.29726
Current Torque on hip_rotation_r 1.42128
Current Torque on knee_angle_r 31.3999
Current Torque on ankle_angle_r -22.0799

----------------------------------------


EmgTime: 1.08
Adjusted EMG
0.0147713	0.0192436	0.0192436	0.00865172	0.0192436	0.0192436	0.0410069	0.00567405	0.0410112	0.001	0.001	0.0455137	0.0739803	0.001	0.001	0.001	0.001	0.13377	0.0517372	0.0192436	0.0192436	0.0192436	0.001	0.001	0.001	0.001	0.001	0.0261111	0.161875	0.142296	0.155892	0.0398439	0.0512655	0.0754444	0.0749783	0.013624	0.00776691	0.001	0.0374569	0.0102237	0.001	0.001	0.001	0	0	0	0	0	0	0	0	0	0	0	0	0	0	0	0	0	0	0	0	0	0	0	0	0	0	0	0	0	0	0	0	0	0	0	0	0	0	0	0	0	0	0	0.001	0	0.001	0	0.000997281	0	
LmtTime: 1.08
Lmt
0.105911	0.116163	0.0987065	0.0699265	0.0708106	0.0747195	0.31792	0.349802	0.331158	0.160935	0.399749	0.156036	0.105588	0.0984964	0.168794	0.299418	0.409141	0.0709422	0.318364	0.17913	0.190631	0.220958	0.142723	0.185398	0.0543592	0.0476125	0.111688	0.346966	0.179665	0.188053	0.201518	0.323562	0.321027	0.233325	0.259918	0.335632	0.329733	0.206068	0.160304	0.29859	0.126945	0.317566	0.294218	0.10829	0.124003	0.109978	0.0705309	0.0729488	0.0792397	0.346925	0.386002	0.361482	0.164952	0.36499	0.15332	0.111233	0.11466	0.191907	0.327468	0.380591	0.065685	0.344428	0.1928	0.207381	0.247425	0.12338	0.166708	0.06709	0.0505318	0.118075	0.318693	0.17433	0.18341	0.196468	0.320024	0.317269	0.227683	0.258286	0.334014	0.327594	0.211885	0.159373	0.297439	0.13008	0.322345	0.29955	0.109652	0.108257	0.168977	0.16938	0.230023	0.228134	
MomentArms on: hip_flexion_r
-0.00833252	0.0102102	0.0023163	0.00578607	-0.033842	0.0349291	0.0119577	0.0348622	0.0421277	0.0625934	0.0541753	
MomentArms on: hip_adduction_r
0.0530166	0.0609443	0.04912	0.0439516	0.0268523	0.0111353	0.0425021	0.0354345	0.0109846	0.0192803	
MomentArms on: hip_rotation_r
0.0341076	0.0320483	0.00380528	0.00287424	0.0268586	-0.0239908	0.00108004	0.0155574	-0.00475442	-0.0356375	
MomentArms on: knee_angle_r
-0.0121693	-0.0161363	-0.0235172	-0.0105662	-0.0118546	-0.012718	-0.0209677	-0.0242821	0.0234584	0.0237937	0.0241754	0.0249761	
MomentArms on: ankle_angle_r
0.0243083	0.0281876	0.0158741	0.0302338	-0.00874341	-0.0114473	-0.0311425	-0.0310699	-0.00540741	-0.00725047	-0.0277394	-0.00927271	
External Torques: 2.31406 -11.8121 6.15633 31.5708 -21.7519 
Current Torque on hip_flexion_r 2.63065
Current Torque on hip_adduction_r 3.06147
Current Torque on hip_rotation_r 1.34752
Current Torque on knee_angle_r 30.9105
Current Torque on ankle_angle_r -21.4065

----------------------------------------


EmgTime: 1.09
Adjusted EMG
0.0157879	0.0156658	0.0156658	0.0160178	0.0156658	0.0156658	0.0412637	0.0205248	0.0412637	0.001	0.001	0.0601921	0.0590579	0.001	0.001	0.001	0.00869569	0.124607	0.0528504	0.0156658	0.0156658	0.0156658	0.0249713	0.001	0.001	0.001	0.001	0.0574757	0.13222	0.1267	0.130444	0.0443609	0.0570796	0.0634538	0.0634559	0.0100615	0.00521172	0.001	0.0306623	0.00705162	0.001	0.001	0.001	0	0	0	0	0	0	0	0	0	0	0	0	0	0	0	0	0	0	0	0	0	0	0	0	0	0	0	0	0	0	0	0	0	0	0	0	0	0	0	0	0	0	0	0.001	0	0.001	0	0.000997281	0	
LmtTime: 1.09
Lmt
0.105675	0.115682	0.0980963	0.0698322	0.0706297	0.0744251	0.31716	0.348864	0.330149	0.161173	0.401282	0.156612	0.105654	0.0981162	0.168077	0.2983	0.410042	0.0713926	0.318182	0.17836	0.189745	0.21975	0.143547	0.186227	0.0539988	0.0475145	0.111348	0.347635	0.179321	0.187746	0.201186	0.323421	0.320871	0.23305	0.259827	0.335546	0.329621	0.206353	0.160252	0.29852	0.127096	0.317795	0.294482	0.108847	0.124368	0.110181	0.0710396	0.0734169	0.0796038	0.347921	0.387167	0.362153	0.16574	0.36535	0.153127	0.111011	0.114369	0.191756	0.327479	0.380982	0.0654666	0.345322	0.192979	0.207458	0.247286	0.123381	0.166677	0.0666672	0.0503132	0.118183	0.317635	0.173372	0.182407	0.195532	0.319741	0.316956	0.226948	0.258048	0.333785	0.327309	0.21251	0.159241	0.297272	0.130423	0.32285	0.300113	0.109659	0.108148	0.169273	0.169178	0.230173	0.228073	
MomentArms on: hip_flexion_r
-0.00802678	0.0106918	0.00181771	0.00540811	-0.0335017	0.034806	0.0121875	0.0347227	0.0422273	0.0625613	0.0536273	
MomentArms on: hip_adduction_r
0.0529925	0.0609509	0.0493563	0.0441603	0.0268175	0.0110471	0.04266	0.0352992	0.010847	0.0191533	
MomentArms on: hip_rotation_r
0.0339367	0.0318856	0.00379523	0.00286545	0.0266684	-0.0242225	0.00082235	0.0153268	-0.00502809	-0.035796	
MomentArms on: knee_angle_r
-0.012161	-0.0161387	-0.0235229	-0.0105666	-0.011855	-0.0127177	-0.0209618	-0.024273	0.0234596	0.0237947	0.0241767	0.0249775	
MomentArms on: ankle_angle_r
0.0243103	0.0281838	0.015878	0.0302355	-0.00875202	-0.0114559	-0.0311733	-0.0310995	-0.00541108	-0.0072538	-0.0277695	-0.00928087	
External Torques: 3.45083 -11.0631 5.66657 30.3196 -20.708 
Current Torque on hip_flexion_r 3.43921
Current Torque on hip_adduction_r 2.90944
Current Torque on hip_rotation_r 1.36848
Current Torque on knee_angle_r 30.1399
Current Torque on ankle_angle_r -20.4724

----------------------------------------


EmgTime: 1.1
Adjusted EMG
0.0133655	0.0132043	0.0132043	0.0138178	0.0132043	0.0132043	0.04369	0.0401139	0.04369	0.0227626	0.0193798	0.0614508	0.0590919	0.001	0.001	0.001	0.0155471	0.113715	0.0580486	0.0132043	0.0132043	0.0132043	0.0456469	0.001	0.001	0.001	0.001	0.0208315	0.114838	0.113967	0.114549	0.0451259	0.0558152	0.0568185	0.0570808	0.00772313	0.00375837	0.001	0.0252892	0.0051474	0.001	0.001	0.001	0	0	0	0	0	0	0	0	0	0	0	0	0	0	0	0	0	0	0	0	0	0	0	0	0	0	0	0	0	0	0	0	0	0	0	0	0	0	0	0	0	0	0	0.001	0	0.001	0	0.000997281	0	
LmtTime: 1.1
Lmt
0.105409	0.115178	0.0974715	0.0697222	0.0704375	0.0741234	0.316323	0.347827	0.329053	0.161416	0.402926	0.15718	0.105685	0.0976824	0.167281	0.29708	0.411007	0.0718471	0.317951	0.177547	0.188804	0.218435	0.144415	0.187101	0.0536456	0.0474453	0.111017	0.348368	0.178972	0.187431	0.200849	0.323229	0.320664	0.232726	0.25972	0.335444	0.32949	0.206684	0.16019	0.298439	0.127272	0.318062	0.294787	0.10936	0.124665	0.110301	0.0715124	0.0738419	0.0799158	0.348636	0.387986	0.36258	0.166419	0.365903	0.152917	0.110743	0.113972	0.191452	0.327318	0.381565	0.065272	0.34591	0.193074	0.207441	0.247008	0.123509	0.166768	0.0661722	0.0500797	0.118238	0.316867	0.172547	0.181544	0.194721	0.319471	0.316663	0.22629	0.257837	0.333581	0.327056	0.213059	0.159124	0.297124	0.130724	0.323293	0.300607	0.10967	0.108059	0.169567	0.168951	0.2303	0.228008	
MomentArms on: hip_flexion_r
-0.00771721	0.0111681	0.00130973	0.00502087	-0.033148	0.0346766	0.012408	0.0345774	0.0423186	0.0625209	0.0530716	
MomentArms on: hip_adduction_r
0.0529591	0.0609534	0.0495906	0.0443785	0.0267912	0.0109611	0.0428347	0.0351596	0.0107103	0.0190298	
MomentArms on: hip_rotation_r
0.0337745	0.0317281	0.00378449	0.0028562	0.0264692	-0.0244512	0.00057404	0.0151015	-0.00529883	-0.0359518	
MomentArms on: knee_angle_r
-0.0121774	-0.0161617	-0.0235425	-0.0105772	-0.0118626	-0.0127144	-0.0209768	-0.024291	0.0234703	0.0238047	0.0241888	0.0249902	
MomentArms on: ankle_angle_r
0.0243126	0.0281795	0.0158824	0.0302373	-0.00876184	-0.0114657	-0.0312094	-0.0311338	-0.00541526	-0.0072576	-0.0278039	-0.00929018	
External Torques: 4.66346 -10.2516 5.14917 28.9012 -19.436 
Current Torque on hip_flexion_r 4.64113
Current Torque on hip_adduction_r 2.87644
Current Torque on hip_rotation_r 1.45367
Current Torque on knee_angle_r 28.874
Current Torque on ankle_angle_r -19.2647

----------------------------------------


EmgTime: 1.11
Adjusted EMG
0.0118585	0.011753	0.011753	0.0123913	0.011753	0.011753	0.0480166	0.0469077	0.0480166	0.0419066	0.0278042	0.061969	0.0590339	0.001	0.001	0.001	0.0174432	0.101717	0.0585823	0.011753	0.011753	0.011753	0.0517668	0.001	0.001	0.001	0.001	0.0184989	0.101995	0.101722	0.101902	0.0435942	0.0499185	0.0499863	0.0436281	0.00474835	0.00220491	0.001	0.0173682	0.00300651	0.001	0.001	0.001	0	0	0	0	0	0	0	0	0	0	0	0	0	0	0	0	0	0	0	0	0	0	0	0	0	0	0	0	0	0	0	0	0	0	0	0	0	0	0	0	0	0	0	0.001	0	0.001	0	0.000997281	0	
LmtTime: 1.11
Lmt
0.105115	0.11465	0.0968334	0.0695971	0.0702343	0.0738149	0.315409	0.346695	0.327875	0.161664	0.404668	0.157748	0.105687	0.0972028	0.166415	0.295763	0.412029	0.0723083	0.317678	0.176689	0.187808	0.217017	0.145328	0.188019	0.0533049	0.0474049	0.110695	0.349165	0.17862	0.187113	0.200509	0.322987	0.320406	0.232355	0.259598	0.335328	0.32934	0.20706	0.16012	0.298346	0.127472	0.318365	0.295133	0.109826	0.124896	0.110344	0.0719447	0.0742209	0.0801761	0.349073	0.388461	0.362764	0.166973	0.366616	0.152692	0.110434	0.113484	0.191014	0.327004	0.382307	0.0651	0.346199	0.193092	0.207341	0.246608	0.123744	0.166964	0.0656204	0.0498371	0.118247	0.316389	0.171871	0.180838	0.194054	0.319231	0.316406	0.225736	0.257659	0.333409	0.326843	0.213514	0.159026	0.297	0.130975	0.323662	0.301016	0.109686	0.107989	0.169859	0.168698	0.230407	0.227938	
MomentArms on: hip_flexion_r
-0.0074056	0.0116363	0.00079476	0.00462616	-0.0327824	0.0345414	0.0126177	0.0344268	0.0424007	0.0624719	0.0525107	
MomentArms on: hip_adduction_r
0.0529162	0.060951	0.0498214	0.0446053	0.0267742	0.0108784	0.0430261	0.0350161	0.0105758	0.0189114	
MomentArms on: hip_rotation_r
0.0336222	0.0315769	0.00377314	0.00284654	0.0262621	-0.0246756	0.00033651	0.0148829	-0.00556536	-0.0361038	
MomentArms on: knee_angle_r
-0.012218	-0.0162048	-0.0235755	-0.0105976	-0.0118774	-0.0127083	-0.0210123	-0.0243356	0.0234903	0.0238234	0.0242115	0.025014	
MomentArms on: ankle_angle_r
0.024315	0.0281748	0.0158872	0.0302393	-0.00877237	-0.0114762	-0.0312489	-0.0311711	-0.00541973	-0.00726166	-0.0278407	-0.00930015	
External Torques: 5.93365 -9.38817 4.60867 27.3083 -17.9241 
Current Torque on hip_flexion_r 5.90784
Current Torque on hip_adduction_r 2.91998
Current Torque on hip_rotation_r 1.55173
Current Torque on knee_angle_r 27.3001
Current Torque on ankle_angle_r -17.8236

----------------------------------------


EmgTime: 1.12
Adjusted EMG
0.0111757	0.0111486	0.0111486	0.0116161	0.0111486	0.0111486	0.0537712	0.0565319	0.0537712	0.0684621	0.0292332	0.0615483	0.0589647	0.001	0.001	0.001	0.0146544	0.0887639	0.0595333	0.0111486	0.0111486	0.0111486	0.0432153	0.0185155	0.001	0.001	0.001	0.00616297	0.0876679	0.0884109	0.0879249	0.0423096	0.0444844	0.0435278	0.0194265	0.00130501	0.001	0.001	0.00611527	0.001	0.001	0.001	0.001	0	0	0	0	0	0	0	0	0	0	0	0	0	0	0	0	0	0	0	0	0	0	0	0	0	0	0	0	0	0	0	0	0	0	0	0	0	0	0	0	0	0	0	0.001	0	0.001	0	0.000997281	0	
LmtTime: 1.12
Lmt
0.104792	0.114101	0.0961835	0.0694581	0.070021	0.0735002	0.314425	0.345475	0.32662	0.161913	0.406491	0.158323	0.105667	0.0966882	0.16549	0.294361	0.413099	0.0727788	0.317374	0.175788	0.186759	0.215501	0.146281	0.188978	0.0529823	0.0473922	0.110382	0.350018	0.178267	0.186792	0.200168	0.322694	0.320097	0.231937	0.25946	0.335197	0.329172	0.207477	0.160041	0.298242	0.127694	0.318701	0.295516	0.110245	0.125068	0.110323	0.0723356	0.074555	0.0803887	0.349252	0.38862	0.362727	0.167403	0.367455	0.152453	0.110091	0.112924	0.190465	0.326561	0.383175	0.0649486	0.346214	0.193044	0.207171	0.246108	0.124067	0.167246	0.0650271	0.0495911	0.118216	0.316185	0.171346	0.180291	0.193535	0.319034	0.316196	0.225295	0.257517	0.333271	0.326674	0.213871	0.158948	0.296902	0.131172	0.32395	0.301337	0.109708	0.107938	0.170153	0.168418	0.230495	0.227862	
MomentArms on: hip_flexion_r
-0.00709285	0.0120956	0.00027471	0.00422582	-0.0324047	0.0344006	0.0128167	0.0342713	0.042473	0.0624129	0.0519459	
MomentArms on: hip_adduction_r
0.0528642	0.0609427	0.0500483	0.0448401	0.0267671	0.0108004	0.0432324	0.0348688	0.0104449	0.0187994	
MomentArms on: hip_rotation_r
0.0334794	0.0314318	0.00376122	0.00283649	0.0260474	-0.0248953	0.00010885	0.0146704	-0.00582806	-0.0362521	
MomentArms on: knee_angle_r
-0.0122826	-0.0162677	-0.0236215	-0.0106278	-0.0118992	-0.0126992	-0.0210681	-0.0244066	0.0235195	0.0238506	0.0242445	0.0250487	
MomentArms on: ankle_angle_r
0.0243175	0.0281699	0.0158922	0.0302414	-0.00878342	-0.0114872	-0.0312912	-0.0312108	-0.00542443	-0.00726593	-0.0278793	-0.00931062	
External Torques: 7.23107 -8.47656 4.0468 25.5459 -16.1803 
Current Torque on hip_flexion_r 7.21
Current Torque on hip_adduction_r 2.98868
Current Torque on hip_rotation_r 1.65256
Current Torque on knee_angle_r 25.5675
Current Torque on ankle_angle_r -16.1541

----------------------------------------
Estimation completed.

LmtMa: lmtMa DONE
Using c:/opensim_tutorial\tutorials\Cerebral_Palsy_Project\Simulations\TD021\crouch1_r1\ceinms\execution as output directory
