Constructing tool from setup file .\RunN1setup_ID.xml.

-----------------------------------------------------------------------
Starting Inverse Dynamics
-----------------------------------------------------------------------
-----------------------------------------------------------------------

Loaded model 009 from file .\009_Rajagopal2015_FAI_rra.osim
               MODEL: 009
         coordinates: 39
              forces: 97
           actuators: 97
             muscles: 80
            analyses: 0
              probes: 0
              bodies: 23
              joints: 22
         constraints: 2
             markers: 67
         controllers: 0
  contact geometries: 0
misc modelcomponents: 0
Running tool RunN1.

Storage: file=.\RunN1_Kinematics_q.sto (nr=178 nc=40)


Low-pass filtering coordinates data with a cutoff frequency of 6...

Old version storage/motion file encountered
Storage: file=.\RunN1.mot (nr=1131 nc=37)
.. assuming rotations in Degrees.
ExternalForce::Right
Data source being set to E:\3-PhD\Data\MocapData\ElaboratedData\009\pre\dynamicElaborations\RunN1\RunN1.mot
ExternalForce::Right
Data source being set to E:\3-PhD\Data\MocapData\ElaboratedData\009\pre\dynamicElaborations\RunN1\RunN1.mot
Storage: file=IK.mot (nr=112 nc=40)


Low-pass filtering coordinates data with a cutoff frequency of 7.
ExternalForce::Right_transformedP
Data source being set to E:\3-PhD\Data\MocapData\ElaboratedData\009\pre\dynamicElaborations\RunN1\RunN1.mot_transformedP
ExternalForce::Right_transformedP
Data source being set to E:\3-PhD\Data\MocapData\ElaboratedData\009\pre\dynamicElaborations\RunN1\RunN1.mot_transformedP
InverseDynamicsTool: 7521 time frames in 3.387s

Inverse dynamics compute time = 10136ms

24-Oct-2021 12:35:46: Constructing investigation from setup file .\setup_RRA.xml.

AbstractTool RunN1 loading model '..\..\009_Rajagopal2015_FAI.osim'
Loaded model 009 from file ..\..\009_Rajagopal2015_FAI.osim
Adding force object set from .\actuators_RAA.xml
-----------------------------------------------------------------------
Loaded library
-----------------------------------------------------------------------
               MODEL: 009
         coordinates: 39
              forces: 29
           actuators: 29
             muscles: 0
            analyses: 0
              probes: 0
              bodies: 23
              joints: 22
         constraints: 2
             markers: 67
         controllers: 0
  contact geometries: 0
misc modelcomponents: 0
-----------------------------------------------------------------------

Running tool RunN1.
Old version storage/motion file encountered
Storage: file=.\RunN1.mot (nr=1131 nc=37)
.. assuming rotations in Degrees.
ExternalForce::Right
Data source being set to E:\3-PhD\Data\MocapData\ElaboratedData\009\pre\dynamicElaborations\RunN1\RunN1.mot
ExternalForce::Right
Data source being set to E:\3-PhD\Data\MocapData\ElaboratedData\009\pre\dynamicElaborations\RunN1\RunN1.mot
Storage: file=IK.mot (nr=112 nc=40)


Low-pass filtering coordinates data with a cutoff frequency of 7.
ExternalForce::Right_transformedP
Data source being set to E:\3-PhD\Data\MocapData\ElaboratedData\009\pre\dynamicElaborations\RunN1\RunN1.mot_transformedP
ExternalForce::Right_transformedP
Data source being set to E:\3-PhD\Data\MocapData\ElaboratedData\009\pre\dynamicElaborations\RunN1\RunN1.mot_transformedP


 taskSet size = 29



WARN- a desired points file was not specified.



Loading desired kinematics from file ..\..\inverseKinematics\RunN1\IK.mot ...

Loading q's from file ..\..\inverseKinematics\RunN1\IK.mot.
Storage: file=..\..\inverseKinematics\RunN1\IK.mot (nr=112 nc=40)
Found 112 q's with time stamps ranging
from 2.78 to 3.335.


WARN- The final time set for the cmc run is past the last time stamp
in the desired kinematics file ..\..\inverseKinematics\RunN1\IK.mot.
Resetting the final time from 3.3355 to 3.335.



Low-pass filtering desired kinematics with a cutoff frequency of 6...

MODEL: 009

ANALYSES (0)

BODIES (23)
body[0] = ground (mass: 0) (inertia: 0 0 0 0 0 0 0 0 0)
body[1] = pelvis (mass: 12.2558) (inertia: 0.0979592 0 0 0 0.0979592 0 0 0 0.0585188)
body[2] = femur_r (mass: 9.67957) (inertia: 0.167657 0 0 0 0.043949 0 0 0 0.176798)
body[3] = tibia_r (mass: 3.85824) (inertia: 0.0580546 0 0 0 0.00587457 0 0 0 0.0588609)
body[4] = patella_r (mass: 0.0897047) (inertia: 2.98669e-006 0 0 0 1.3643e-005 0 0 0 1.3643e-005)
body[5] = talus_r (mass: 0.104066) (inertia: 0.00107852 0 0 0 0.00107852 0 0 0 0.00107852)
body[6] = calcn_r (mass: 1.30082) (inertia: 0.00150993 0 0 0 0.00420623 0 0 0 0.00442194)
body[7] = toes_r (mass: 0.225406) (inertia: 0.000107852 0 0 0 0.000215704 0 0 0 0.00107852)
body[8] = femur_l (mass: 9.67957) (inertia: 0.17701 0 0 0 0.0464007 0 0 0 0.18666)
body[9] = tibia_l (mass: 3.85824) (inertia: 0.0545749 0 0 0 0.00552246 0 0 0 0.0553328)
body[10] = patella_l (mass: 0.0897047) (inertia: 2.98669e-006 0 0 0 1.3643e-005 0 0 0 1.3643e-005)
body[11] = talus_l (mass: 0.104066) (inertia: 0.00109326 0 0 0 0.00109326 0 0 0 0.00109326)
body[12] = calcn_l (mass: 1.30082) (inertia: 0.00153056 0 0 0 0.00426371 0 0 0 0.00448236)
body[13] = toes_l (mass: 0.225406) (inertia: 0.000109326 0 0 0 0.000218652 0 0 0 0.00109326)
body[14] = torso (mass: 27.9173) (inertia: 1.49118 0 0 0 0.764045 0 0 0 1.44759)
body[15] = humerus_r (mass: 2.11514) (inertia: 0.0156452 0 0 0 0.00539711 0 0 0 0.0175612)
body[16] = ulna_r (mass: 0.632199) (inertia: 0.00348407 0 0 0 0.000726926 0 0 0 0.00377931)
body[17] = radius_r (mass: 0.632199) (inertia: 0.00348407 0 0 0 0.000726926 0 0 0 0.00377931)
body[18] = hand_r (mass: 0.476101) (inertia: 0.00111933 0 0 0 0.000686403 0 0 0 0.0016815)
body[19] = humerus_l (mass: 2.11514) (inertia: 0.0154548 0 0 0 0.00533143 0 0 0 0.0173475)
body[20] = ulna_l (mass: 0.632199) (inertia: 0.0033744 0 0 0 0.000704045 0 0 0 0.00366035)
body[21] = radius_l (mass: 0.632199) (inertia: 0.0033744 0 0 0 0.000704045 0 0 0 0.00366035)
body[22] = hand_l (mass: 0.476101) (inertia: 0.00111933 0 0 0 0.000686403 0 0 0 0.0016815)

ACTUATORS (29)
actuator[0] = FX
actuator[1] = FY
actuator[2] = FZ
actuator[3] = MX
actuator[4] = MY
actuator[5] = MZ
actuator[6] = hip_flexion_r
actuator[7] = hip_adduction_r
actuator[8] = hip_rotation_r
actuator[9] = knee_angle_r
actuator[10] = ankle_angle_r
actuator[11] = hip_flexion_l
actuator[12] = hip_adduction_l
actuator[13] = hip_rotation_l
actuator[14] = knee_angle_l
actuator[15] = ankle_angle_l
actuator[16] = lumbar_extension
actuator[17] = lumbar_bending
actuator[18] = lumbar_rotation
actuator[19] = arm_flex_r
actuator[20] = arm_add_r
actuator[21] = arm_rot_r
actuator[22] = elbow_flex_r
actuator[23] = pro_sup_r
actuator[24] = arm_flex_l
actuator[25] = arm_add_l
actuator[26] = arm_rot_l
actuator[27] = elbow_flex_l
actuator[28] = pro_sup_l
numStates = 78
numCoordinates = 39
numSpeeds = 39
numActuators = 29
numBodies = 23
numConstraints = 2
numProbes = 0

STATES (78)
y[0] = pelvis_tilt
y[1] = pelvis_list
y[2] = pelvis_rotation
y[3] = pelvis_tx
y[4] = pelvis_ty
y[5] = pelvis_tz
y[6] = hip_flexion_r
y[7] = hip_adduction_r
y[8] = hip_rotation_r
y[9] = knee_angle_r
y[10] = knee_angle_r_beta
y[11] = ankle_angle_r
y[12] = subtalar_angle_r
y[13] = mtp_angle_r
y[14] = hip_flexion_l
y[15] = hip_adduction_l
y[16] = hip_rotation_l
y[17] = knee_angle_l
y[18] = knee_angle_l_beta
y[19] = ankle_angle_l
y[20] = subtalar_angle_l
y[21] = mtp_angle_l
y[22] = lumbar_extension
y[23] = lumbar_bending
y[24] = lumbar_rotation
y[25] = arm_flex_r
y[26] = arm_add_r
y[27] = arm_rot_r
y[28] = elbow_flex_r
y[29] = pro_sup_r
y[30] = wrist_flex_r
y[31] = wrist_dev_r
y[32] = arm_flex_l
y[33] = arm_add_l
y[34] = arm_rot_l
y[35] = elbow_flex_l
y[36] = pro_sup_l
y[37] = wrist_flex_l
y[38] = wrist_dev_l
y[39] = pelvis_tilt_u
y[40] = pelvis_list_u
y[41] = pelvis_rotation_u
y[42] = pelvis_tx_u
y[43] = pelvis_ty_u
y[44] = pelvis_tz_u
y[45] = hip_flexion_r_u
y[46] = hip_adduction_r_u
y[47] = hip_rotation_r_u
y[48] = knee_angle_r_u
y[49] = knee_angle_r_beta_u
y[50] = ankle_angle_r_u
y[51] = subtalar_angle_r_u
y[52] = mtp_angle_r_u
y[53] = hip_flexion_l_u
y[54] = hip_adduction_l_u
y[55] = hip_rotation_l_u
y[56] = knee_angle_l_u
y[57] = knee_angle_l_beta_u
y[58] = ankle_angle_l_u
y[59] = subtalar_angle_l_u
y[60] = mtp_angle_l_u
y[61] = lumbar_extension_u
y[62] = lumbar_bending_u
y[63] = lumbar_rotation_u
y[64] = arm_flex_r_u
y[65] = arm_add_r_u
y[66] = arm_rot_r_u
y[67] = elbow_flex_r_u
y[68] = pro_sup_r_u
y[69] = wrist_flex_r_u
y[70] = wrist_dev_r_u
y[71] = arm_flex_l_u
y[72] = arm_add_l_u
y[73] = arm_rot_l_u
y[74] = elbow_flex_l_u
y[75] = pro_sup_l_u
y[76] = wrist_flex_l_u
y[77] = wrist_dev_l_u

Note: requested COM adjustment time range 3.1625 - 3.3355 clamped to nearest available data times 3.16 - 3.335

Computing average residuals between 3.16 and 3.335

Computing average residuals between 3.16 and 3.335

Constructing function set for tracking desired kinematics...

No Actuation analysis found in analysis set -- adding one
No Kinematics analysis found in analysis set -- adding one
Using the generalized coordinates specified in ..\..\inverseKinematics\RunN1\IK.mot to set the initial configuration.

Using IPOPT optimizer algorithm.

Setting optimizer print level to 0.
Setting optimizer convergence tolerance to 1e-006.
Setting optimizer maximum iterations to 2000.

Setting cmc controller to not use verbose printing.
CMC.computeControls:  t = 3.1625



================================================================
================================================================
Using CMC to track the specified kinematics
Integrating from 3.1625 to 3.335
Start time = Sun Oct 24 12:35:30 2021
================================================================
CMC.computeControls:  t = 3.1625
CMC.computeControls:  t = 3.1635
CMC.computeControls:  t = 3.1645
CMC.computeControls:  t = 3.1655
CMC.computeControls:  t = 3.1665
CMC.computeControls:  t = 3.1675
CMC.computeControls:  t = 3.1685
CMC.computeControls:  t = 3.1695
CMC.computeControls:  t = 3.1705
CMC.computeControls:  t = 3.1715
CMC.computeControls:  t = 3.1725
CMC.computeControls:  t = 3.1735
CMC.computeControls:  t = 3.1745
CMC.computeControls:  t = 3.1755
CMC.computeControls:  t = 3.1765
CMC.computeControls:  t = 3.1775
CMC.computeControls:  t = 3.1785
CMC.computeControls:  t = 3.1795
CMC.computeControls:  t = 3.1805
CMC.computeControls:  t = 3.1815
CMC.computeControls:  t = 3.1825
CMC.computeControls:  t = 3.1835
CMC.computeControls:  t = 3.1845
CMC.computeControls:  t = 3.1855
CMC.computeControls:  t = 3.1865
CMC.computeControls:  t = 3.1875
CMC.computeControls:  t = 3.1885
CMC.computeControls:  t = 3.1895
CMC.computeControls:  t = 3.1905
CMC.computeControls:  t = 3.1915
CMC.computeControls:  t = 3.1925
CMC.computeControls:  t = 3.1935
CMC.computeControls:  t = 3.1945
CMC.computeControls:  t = 3.1955
CMC.computeControls:  t = 3.1965
CMC.computeControls:  t = 3.1975
CMC.computeControls:  t = 3.1985
CMC.computeControls:  t = 3.1995
CMC.computeControls:  t = 3.2005
CMC.computeControls:  t = 3.2015
CMC.computeControls:  t = 3.2025
CMC.computeControls:  t = 3.2035
CMC.computeControls:  t = 3.2045
CMC.computeControls:  t = 3.2055
CMC.computeControls:  t = 3.2065
CMC.computeControls:  t = 3.2075
CMC.computeControls:  t = 3.2085
CMC.computeControls:  t = 3.2095
CMC.computeControls:  t = 3.2105
CMC.computeControls:  t = 3.2115
CMC.computeControls:  t = 3.2125
CMC.computeControls:  t = 3.2135
CMC.computeControls:  t = 3.2145
CMC.computeControls:  t = 3.2155
CMC.computeControls:  t = 3.2165
CMC.computeControls:  t = 3.2175
CMC.computeControls:  t = 3.2185
CMC.computeControls:  t = 3.2195
CMC.computeControls:  t = 3.2205
CMC.computeControls:  t = 3.2215
CMC.computeControls:  t = 3.2225
CMC.computeControls:  t = 3.2235
CMC.computeControls:  t = 3.2245
CMC.computeControls:  t = 3.2255
CMC.computeControls:  t = 3.2265
CMC.computeControls:  t = 3.2275
CMC.computeControls:  t = 3.2285
CMC.computeControls:  t = 3.2295
CMC.computeControls:  t = 3.2305
CMC.computeControls:  t = 3.2315
CMC.computeControls:  t = 3.2325
CMC.computeControls:  t = 3.2335
CMC.computeControls:  t = 3.2345
CMC.computeControls:  t = 3.2355
CMC.computeControls:  t = 3.2365
CMC.computeControls:  t = 3.2375
CMC.computeControls:  t = 3.2385
CMC.computeControls:  t = 3.2395
CMC.computeControls:  t = 3.2405
CMC.computeControls:  t = 3.2415
CMC.computeControls:  t = 3.2425
CMC.computeControls:  t = 3.2435
CMC.computeControls:  t = 3.2445
CMC.computeControls:  t = 3.2455
CMC.computeControls:  t = 3.2465
CMC.computeControls:  t = 3.2475
CMC.computeControls:  t = 3.2485
CMC.computeControls:  t = 3.2495
CMC.computeControls:  t = 3.2505
CMC.computeControls:  t = 3.2515
CMC.computeControls:  t = 3.2525
CMC.computeControls:  t = 3.2535
CMC.computeControls:  t = 3.2545
CMC.computeControls:  t = 3.2555
CMC.computeControls:  t = 3.2565
CMC.computeControls:  t = 3.2575
CMC.computeControls:  t = 3.2585
CMC.computeControls:  t = 3.2595
CMC.computeControls:  t = 3.2605
CMC.computeControls:  t = 3.2615
CMC.computeControls:  t = 3.2625
CMC.computeControls:  t = 3.2635
CMC.computeControls:  t = 3.2645
CMC.computeControls:  t = 3.2655
CMC.computeControls:  t = 3.2665
CMC.computeControls:  t = 3.2675
CMC.computeControls:  t = 3.2685
CMC.computeControls:  t = 3.2695
CMC.computeControls:  t = 3.2705
CMC.computeControls:  t = 3.2715
CMC.computeControls:  t = 3.2725
CMC.computeControls:  t = 3.2735
CMC.computeControls:  t = 3.2745
CMC.computeControls:  t = 3.2755
CMC.computeControls:  t = 3.2765
CMC.computeControls:  t = 3.2775
CMC.computeControls:  t = 3.2785
CMC.computeControls:  t = 3.2795
CMC.computeControls:  t = 3.2805
CMC.computeControls:  t = 3.2815
CMC.computeControls:  t = 3.2825
CMC.computeControls:  t = 3.2835
CMC.computeControls:  t = 3.2845
CMC.computeControls:  t = 3.2855
CMC.computeControls:  t = 3.2865
CMC.computeControls:  t = 3.2875
CMC.computeControls:  t = 3.2885
CMC.computeControls:  t = 3.2895
CMC.computeControls:  t = 3.2905
CMC.computeControls:  t = 3.2915
CMC.computeControls:  t = 3.2925
CMC.computeControls:  t = 3.2935
CMC.computeControls:  t = 3.2945
CMC.computeControls:  t = 3.2955
CMC.computeControls:  t = 3.2965
CMC.computeControls:  t = 3.2975
CMC.computeControls:  t = 3.2985
CMC.computeControls:  t = 3.2995
CMC.computeControls:  t = 3.3005
CMC.computeControls:  t = 3.3015
CMC.computeControls:  t = 3.3025
CMC.computeControls:  t = 3.3035
CMC.computeControls:  t = 3.3045
CMC.computeControls:  t = 3.3055
CMC.computeControls:  t = 3.3065
CMC.computeControls:  t = 3.3075
CMC.computeControls:  t = 3.3085
CMC.computeControls:  t = 3.3095
CMC.computeControls:  t = 3.3105
CMC.computeControls:  t = 3.3115
CMC.computeControls:  t = 3.3125
CMC.computeControls:  t = 3.3135
CMC.computeControls:  t = 3.3145
CMC.computeControls:  t = 3.3155
CMC.computeControls:  t = 3.3165
CMC.computeControls:  t = 3.3175
CMC.computeControls:  t = 3.3185
CMC.computeControls:  t = 3.3195
CMC.computeControls:  t = 3.3205
CMC.computeControls:  t = 3.3215
CMC.computeControls:  t = 3.3225
CMC.computeControls:  t = 3.3235
CMC.computeControls:  t = 3.3245
CMC.computeControls:  t = 3.3255
CMC.computeControls:  t = 3.3265
CMC.computeControls:  t = 3.3275
CMC.computeControls:  t = 3.3285
CMC.computeControls:  t = 3.3295
CMC.computeControls:  t = 3.3305
CMC.computeControls:  t = 3.3315
CMC.computeControls:  t = 3.3325
CMC.computeControls:  t = 3.3335
----------------------------------------------------------------
Finished tracking the specified kinematics
=================================================================
Start time   = Sun Oct 24 12:35:30 2021
Finish time  = Sun Oct 24 12:35:35 2021
Elapsed time = 5 seconds.
================================================================


Printing results of investigation RunN1 to .\.

************************************************************
*      Summary of Mass Adjustments to Reduce Residuals     *
************************************************************
* Body adjusted: torso
* Mass Center (COM) adjustment: dx =0.1, dz =0.0813436
* New COM location: ~[-0.129574,0.315456,-0.0813436]
************************************************************
* Recommended mass adjustments:                             
*  Total mass change: -12.4074
*  ground: orig mass = 0, new mass = 0
*  pelvis: orig mass = 12.2558, new mass = 10.3162
*  femur_r: orig mass = 9.67957, new mass = 8.1477
*  tibia_r: orig mass = 3.85824, new mass = 3.24764
*  patella_r: orig mass = 0.0897047, new mass = 0.0755082
*  talus_r: orig mass = 0.104066, new mass = 0.0875965
*  calcn_r: orig mass = 1.30082, new mass = 1.09496
*  toes_r: orig mass = 0.225406, new mass = 0.189734
*  femur_l: orig mass = 9.67957, new mass = 8.1477
*  tibia_l: orig mass = 3.85824, new mass = 3.24764
*  patella_l: orig mass = 0.0897047, new mass = 0.0755082
*  talus_l: orig mass = 0.104066, new mass = 0.0875965
*  calcn_l: orig mass = 1.30082, new mass = 1.09496
*  toes_l: orig mass = 0.225406, new mass = 0.189734
*  torso: orig mass = 27.9173, new mass = 23.4992
*  humerus_r: orig mass = 2.11514, new mass = 1.7804
*  ulna_r: orig mass = 0.632199, new mass = 0.532149
*  radius_r: orig mass = 0.632199, new mass = 0.532149
*  hand_r: orig mass = 0.476101, new mass = 0.400754
*  humerus_l: orig mass = 2.11514, new mass = 1.7804
*  ulna_l: orig mass = 0.632199, new mass = 0.532149
*  radius_l: orig mass = 0.632199, new mass = 0.532149
*  hand_l: orig mass = 0.476101, new mass = 0.400754
************************************************************
* Note: Edit the model to make recommended adjustments to  *
*       mass properties.                                   *
************************************************************
* Average residuals before adjusting torso COM:
*  FX=5.00576 FY=121.675 FZ=45.4797
*  MX=-22.2699 MY=-1.44864 MZ=28.0315
************************************************************
* Average residuals after adjusting torso COM:
*  FX=-31.7867 FY=81.7993 FZ=71.8261
*  MX=21.1066 MY=2.45072 MZ=7.84392
************************************************************

************************************************************
*                   Final Average Residuals                *
************************************************************
* After torso COM and Kinematics adjustments:
*  FX=-0.816502 FY=-2.17012 FZ=2.60943
*  MX=-1.72584 MY=7.11419 MZ=-0.890081
************************************************************



