[2025-02-20 20:00:26.393] [info] Updating Model file from 40000 to latest format...
[2025-02-20 20:00:26.438] [info] Loaded model 009 from file c:/Git/opensim_tutorial/tutorials/repeated_sprinting\models\009_rajagopal_scaled.osim
[2025-02-20 20:00:26.445] [warning] Couldn't find file 'index_medial_rvs.vtp'.
[2025-02-20 20:00:26.446] [warning] Couldn't find file 'middle_medial_rvs.vtp'.
[2025-02-20 20:00:26.447] [warning] Couldn't find file 'ring_medial_rvs.vtp'.
[2025-02-20 20:00:26.448] [warning] Couldn't find file 'little_medial_rvs.vtp'.
[2025-02-20 20:00:26.450] [warning] Couldn't find file 'index_medial_lvs.vtp'.
[2025-02-20 20:00:26.451] [warning] Couldn't find file 'middle_medial_lvs.vtp'.
[2025-02-20 20:00:26.451] [warning] Couldn't find file 'ring_medial_lvs.vtp'.
[2025-02-20 20:00:26.452] [warning] Couldn't find file 'little_medial_lvs.vtp'.
[2025-02-20 20:02:54.714] [info] Updating Model file from 40000 to latest format...
[2025-02-20 20:02:54.749] [info] Loaded model 009 from file c:/Git/opensim_tutorial/tutorials/repeated_sprinting\models\009_rajagopal_scaled.osim
[2025-02-20 20:02:54.752] [warning] Couldn't find file 'index_medial_rvs.vtp'.
[2025-02-20 20:02:54.753] [warning] Couldn't find file 'middle_medial_rvs.vtp'.
[2025-02-20 20:02:54.753] [warning] Couldn't find file 'ring_medial_rvs.vtp'.
[2025-02-20 20:02:54.754] [warning] Couldn't find file 'little_medial_rvs.vtp'.
[2025-02-20 20:02:54.755] [warning] Couldn't find file 'index_medial_lvs.vtp'.
[2025-02-20 20:02:54.756] [warning] Couldn't find file 'middle_medial_lvs.vtp'.
[2025-02-20 20:02:54.756] [warning] Couldn't find file 'ring_medial_lvs.vtp'.
[2025-02-20 20:02:54.757] [warning] Couldn't find file 'little_medial_lvs.vtp'.
[2025-02-20 22:27:24.361] [info] Updating Model file from 40000 to latest format...
[2025-02-20 22:27:24.394] [info] Loaded model 009 from file c:/Git/opensim_tutorial/tutorials/repeated_sprinting\models\009_rajagopal_scaled.osim
[2025-02-20 22:27:24.404] [warning] Couldn't find file 'index_medial_rvs.vtp'.
[2025-02-20 22:27:24.405] [warning] Couldn't find file 'middle_medial_rvs.vtp'.
[2025-02-20 22:27:24.406] [warning] Couldn't find file 'ring_medial_rvs.vtp'.
[2025-02-20 22:27:24.406] [warning] Couldn't find file 'little_medial_rvs.vtp'.
[2025-02-20 22:27:24.409] [warning] Couldn't find file 'index_medial_lvs.vtp'.
[2025-02-20 22:27:24.409] [warning] Couldn't find file 'middle_medial_lvs.vtp'.
[2025-02-20 22:27:24.410] [warning] Couldn't find file 'ring_medial_lvs.vtp'.
[2025-02-20 22:27:24.410] [warning] Couldn't find file 'little_medial_lvs.vtp'.
