Constructing tool from setup file .\RunL1setup_ID.xml.

-----------------------------------------------------------------------
Starting Inverse Dynamics
-----------------------------------------------------------------------
-----------------------------------------------------------------------

Loaded model 009 from file .\009_Rajagopal2015_FAI_rra.osim
               MODEL: 009
         coordinates: 39
              forces: 97
           actuators: 97
             muscles: 80
            analyses: 0
              probes: 0
              bodies: 23
              joints: 22
         constraints: 2
             markers: 67
         controllers: 0
  contact geometries: 0
misc modelcomponents: 0
Running tool RunL1.

Storage: file=.\RunL1_Kinematics_q.sto (nr=169 nc=40)


Low-pass filtering coordinates data with a cutoff frequency of 6...

Storage.resample: WARNING: resampling at time step 3.26e-006 (but minimum time step is 1.82077e-014)
Old version storage/motion file encountered
Storage: file=.\RunL1.mot (nr=1151 nc=37)
.. assuming rotations in Degrees.
ExternalForce::Right
Data source being set to E:\3-PhD\Data\MocapData\ElaboratedData\009\pre\dynamicElaborations\RunL1\RunL1.mot
Storage: file=IK.mot (nr=113 nc=40)


Low-pass filtering coordinates data with a cutoff frequency of 7.
ExternalForce::Right_transformedP
Data source being set to E:\3-PhD\Data\MocapData\ElaboratedData\009\pre\dynamicElaborations\RunL1\RunL1.mot_transformedP
InverseDynamicsTool: 51688 time frames in 20.15s

Inverse dynamics compute time = 39408ms

24-Oct-2021 12:35:19: Constructing investigation from setup file .\setup_RRA.xml.

AbstractTool RunL1 loading model '..\..\009_Rajagopal2015_FAI.osim'
Loaded model 009 from file ..\..\009_Rajagopal2015_FAI.osim
Adding force object set from .\actuators_RAA.xml
-----------------------------------------------------------------------
Loaded library
-----------------------------------------------------------------------
               MODEL: 009
         coordinates: 39
              forces: 29
           actuators: 29
             muscles: 0
            analyses: 0
              probes: 0
              bodies: 23
              joints: 22
         constraints: 2
             markers: 67
         controllers: 0
  contact geometries: 0
misc modelcomponents: 0
-----------------------------------------------------------------------

Running tool RunL1.
Old version storage/motion file encountered
Storage: file=.\RunL1.mot (nr=1151 nc=37)
.. assuming rotations in Degrees.
ExternalForce::Right
Data source being set to E:\3-PhD\Data\MocapData\ElaboratedData\009\pre\dynamicElaborations\RunL1\RunL1.mot
Storage: file=IK.mot (nr=113 nc=40)


Low-pass filtering coordinates data with a cutoff frequency of 7.
ExternalForce::Right_transformedP
Data source being set to E:\3-PhD\Data\MocapData\ElaboratedData\009\pre\dynamicElaborations\RunL1\RunL1.mot_transformedP


 taskSet size = 29



WARN- a desired points file was not specified.



Loading desired kinematics from file ..\..\inverseKinematics\RunL1\IK.mot ...

Loading q's from file ..\..\inverseKinematics\RunL1\IK.mot.
Storage: file=..\..\inverseKinematics\RunL1\IK.mot (nr=113 nc=40)
Found 113 q's with time stamps ranging
from 2.185 to 2.745.


WARN- The final time set for the cmc run is past the last time stamp
in the desired kinematics file ..\..\inverseKinematics\RunL1\IK.mot.
Resetting the final time from 2.7495 to 2.745.



Low-pass filtering desired kinematics with a cutoff frequency of 6...

MODEL: 009

ANALYSES (0)

BODIES (23)
body[0] = ground (mass: 0) (inertia: 0 0 0 0 0 0 0 0 0)
body[1] = pelvis (mass: 12.2558) (inertia: 0.0979592 0 0 0 0.0979592 0 0 0 0.0585188)
body[2] = femur_r (mass: 9.67957) (inertia: 0.167657 0 0 0 0.043949 0 0 0 0.176798)
body[3] = tibia_r (mass: 3.85824) (inertia: 0.0580546 0 0 0 0.00587457 0 0 0 0.0588609)
body[4] = patella_r (mass: 0.0897047) (inertia: 2.98669e-006 0 0 0 1.3643e-005 0 0 0 1.3643e-005)
body[5] = talus_r (mass: 0.104066) (inertia: 0.00107852 0 0 0 0.00107852 0 0 0 0.00107852)
body[6] = calcn_r (mass: 1.30082) (inertia: 0.00150993 0 0 0 0.00420623 0 0 0 0.00442194)
body[7] = toes_r (mass: 0.225406) (inertia: 0.000107852 0 0 0 0.000215704 0 0 0 0.00107852)
body[8] = femur_l (mass: 9.67957) (inertia: 0.17701 0 0 0 0.0464007 0 0 0 0.18666)
body[9] = tibia_l (mass: 3.85824) (inertia: 0.0545749 0 0 0 0.00552246 0 0 0 0.0553328)
body[10] = patella_l (mass: 0.0897047) (inertia: 2.98669e-006 0 0 0 1.3643e-005 0 0 0 1.3643e-005)
body[11] = talus_l (mass: 0.104066) (inertia: 0.00109326 0 0 0 0.00109326 0 0 0 0.00109326)
body[12] = calcn_l (mass: 1.30082) (inertia: 0.00153056 0 0 0 0.00426371 0 0 0 0.00448236)
body[13] = toes_l (mass: 0.225406) (inertia: 0.000109326 0 0 0 0.000218652 0 0 0 0.00109326)
body[14] = torso (mass: 27.9173) (inertia: 1.49118 0 0 0 0.764045 0 0 0 1.44759)
body[15] = humerus_r (mass: 2.11514) (inertia: 0.0156452 0 0 0 0.00539711 0 0 0 0.0175612)
body[16] = ulna_r (mass: 0.632199) (inertia: 0.00348407 0 0 0 0.000726926 0 0 0 0.00377931)
body[17] = radius_r (mass: 0.632199) (inertia: 0.00348407 0 0 0 0.000726926 0 0 0 0.00377931)
body[18] = hand_r (mass: 0.476101) (inertia: 0.00111933 0 0 0 0.000686403 0 0 0 0.0016815)
body[19] = humerus_l (mass: 2.11514) (inertia: 0.0154548 0 0 0 0.00533143 0 0 0 0.0173475)
body[20] = ulna_l (mass: 0.632199) (inertia: 0.0033744 0 0 0 0.000704045 0 0 0 0.00366035)
body[21] = radius_l (mass: 0.632199) (inertia: 0.0033744 0 0 0 0.000704045 0 0 0 0.00366035)
body[22] = hand_l (mass: 0.476101) (inertia: 0.00111933 0 0 0 0.000686403 0 0 0 0.0016815)

ACTUATORS (29)
actuator[0] = FX
actuator[1] = FY
actuator[2] = FZ
actuator[3] = MX
actuator[4] = MY
actuator[5] = MZ
actuator[6] = hip_flexion_r
actuator[7] = hip_adduction_r
actuator[8] = hip_rotation_r
actuator[9] = knee_angle_r
actuator[10] = ankle_angle_r
actuator[11] = hip_flexion_l
actuator[12] = hip_adduction_l
actuator[13] = hip_rotation_l
actuator[14] = knee_angle_l
actuator[15] = ankle_angle_l
actuator[16] = lumbar_extension
actuator[17] = lumbar_bending
actuator[18] = lumbar_rotation
actuator[19] = arm_flex_r
actuator[20] = arm_add_r
actuator[21] = arm_rot_r
actuator[22] = elbow_flex_r
actuator[23] = pro_sup_r
actuator[24] = arm_flex_l
actuator[25] = arm_add_l
actuator[26] = arm_rot_l
actuator[27] = elbow_flex_l
actuator[28] = pro_sup_l
numStates = 78
numCoordinates = 39
numSpeeds = 39
numActuators = 29
numBodies = 23
numConstraints = 2
numProbes = 0

STATES (78)
y[0] = pelvis_tilt
y[1] = pelvis_list
y[2] = pelvis_rotation
y[3] = pelvis_tx
y[4] = pelvis_ty
y[5] = pelvis_tz
y[6] = hip_flexion_r
y[7] = hip_adduction_r
y[8] = hip_rotation_r
y[9] = knee_angle_r
y[10] = knee_angle_r_beta
y[11] = ankle_angle_r
y[12] = subtalar_angle_r
y[13] = mtp_angle_r
y[14] = hip_flexion_l
y[15] = hip_adduction_l
y[16] = hip_rotation_l
y[17] = knee_angle_l
y[18] = knee_angle_l_beta
y[19] = ankle_angle_l
y[20] = subtalar_angle_l
y[21] = mtp_angle_l
y[22] = lumbar_extension
y[23] = lumbar_bending
y[24] = lumbar_rotation
y[25] = arm_flex_r
y[26] = arm_add_r
y[27] = arm_rot_r
y[28] = elbow_flex_r
y[29] = pro_sup_r
y[30] = wrist_flex_r
y[31] = wrist_dev_r
y[32] = arm_flex_l
y[33] = arm_add_l
y[34] = arm_rot_l
y[35] = elbow_flex_l
y[36] = pro_sup_l
y[37] = wrist_flex_l
y[38] = wrist_dev_l
y[39] = pelvis_tilt_u
y[40] = pelvis_list_u
y[41] = pelvis_rotation_u
y[42] = pelvis_tx_u
y[43] = pelvis_ty_u
y[44] = pelvis_tz_u
y[45] = hip_flexion_r_u
y[46] = hip_adduction_r_u
y[47] = hip_rotation_r_u
y[48] = knee_angle_r_u
y[49] = knee_angle_r_beta_u
y[50] = ankle_angle_r_u
y[51] = subtalar_angle_r_u
y[52] = mtp_angle_r_u
y[53] = hip_flexion_l_u
y[54] = hip_adduction_l_u
y[55] = hip_rotation_l_u
y[56] = knee_angle_l_u
y[57] = knee_angle_l_beta_u
y[58] = ankle_angle_l_u
y[59] = subtalar_angle_l_u
y[60] = mtp_angle_l_u
y[61] = lumbar_extension_u
y[62] = lumbar_bending_u
y[63] = lumbar_rotation_u
y[64] = arm_flex_r_u
y[65] = arm_add_r_u
y[66] = arm_rot_r_u
y[67] = elbow_flex_r_u
y[68] = pro_sup_r_u
y[69] = wrist_flex_r_u
y[70] = wrist_dev_r_u
y[71] = arm_flex_l_u
y[72] = arm_add_l_u
y[73] = arm_rot_l_u
y[74] = elbow_flex_l_u
y[75] = pro_sup_l_u
y[76] = wrist_flex_l_u
y[77] = wrist_dev_l_u

Note: requested COM adjustment time range 2.581 - 2.7495 clamped to nearest available data times 2.58 - 2.745

Computing average residuals between 2.58 and 2.745

Computing average residuals between 2.58 and 2.745

Constructing function set for tracking desired kinematics...

No Actuation analysis found in analysis set -- adding one
No Kinematics analysis found in analysis set -- adding one
Using the generalized coordinates specified in ..\..\inverseKinematics\RunL1\IK.mot to set the initial configuration.

Using IPOPT optimizer algorithm.

Setting optimizer print level to 0.
Setting optimizer convergence tolerance to 1e-006.
Setting optimizer maximum iterations to 2000.

Setting cmc controller to not use verbose printing.
CMC.computeControls:  t = 2.581



================================================================
================================================================
Using CMC to track the specified kinematics
Integrating from 2.581 to 2.745
Start time = Sun Oct 24 12:34:35 2021
================================================================
CMC.computeControls:  t = 2.581
CMC.computeControls:  t = 2.582
CMC.computeControls:  t = 2.583
CMC.computeControls:  t = 2.584
CMC.computeControls:  t = 2.585
CMC.computeControls:  t = 2.586
CMC.computeControls:  t = 2.587
CMC.computeControls:  t = 2.588
CMC.computeControls:  t = 2.589
CMC.computeControls:  t = 2.59
CMC.computeControls:  t = 2.591
CMC.computeControls:  t = 2.592
CMC.computeControls:  t = 2.593
CMC.computeControls:  t = 2.594
CMC.computeControls:  t = 2.595
CMC.computeControls:  t = 2.596
CMC.computeControls:  t = 2.597
CMC.computeControls:  t = 2.598
CMC.computeControls:  t = 2.599
CMC.computeControls:  t = 2.6
CMC.computeControls:  t = 2.601
CMC.computeControls:  t = 2.602
CMC.computeControls:  t = 2.603
CMC.computeControls:  t = 2.604
CMC.computeControls:  t = 2.605
CMC.computeControls:  t = 2.606
CMC.computeControls:  t = 2.607
CMC.computeControls:  t = 2.608
CMC.computeControls:  t = 2.609
CMC.computeControls:  t = 2.61
CMC.computeControls:  t = 2.611
CMC.computeControls:  t = 2.612
CMC.computeControls:  t = 2.613
CMC.computeControls:  t = 2.614
CMC.computeControls:  t = 2.615
CMC.computeControls:  t = 2.616
CMC.computeControls:  t = 2.617
CMC.computeControls:  t = 2.618
CMC.computeControls:  t = 2.619
CMC.computeControls:  t = 2.62
CMC.computeControls:  t = 2.621
CMC.computeControls:  t = 2.622
CMC.computeControls:  t = 2.623
CMC.computeControls:  t = 2.624
CMC.computeControls:  t = 2.625
CMC.computeControls:  t = 2.626
CMC.computeControls:  t = 2.627
CMC.computeControls:  t = 2.628
CMC.computeControls:  t = 2.629
CMC.computeControls:  t = 2.63
CMC.computeControls:  t = 2.631
CMC.computeControls:  t = 2.632
CMC.computeControls:  t = 2.633
CMC.computeControls:  t = 2.634
CMC.computeControls:  t = 2.635
CMC.computeControls:  t = 2.636
CMC.computeControls:  t = 2.637
CMC.computeControls:  t = 2.638
CMC.computeControls:  t = 2.639
CMC.computeControls:  t = 2.64
CMC.computeControls:  t = 2.641
CMC.computeControls:  t = 2.642
CMC.computeControls:  t = 2.643
CMC.computeControls:  t = 2.644
CMC.computeControls:  t = 2.645
CMC.computeControls:  t = 2.646
CMC.computeControls:  t = 2.647
CMC.computeControls:  t = 2.648
CMC.computeControls:  t = 2.649
CMC.computeControls:  t = 2.65
CMC.computeControls:  t = 2.651
CMC.computeControls:  t = 2.652
CMC.computeControls:  t = 2.653
CMC.computeControls:  t = 2.654
CMC.computeControls:  t = 2.655
CMC.computeControls:  t = 2.656
CMC.computeControls:  t = 2.657
CMC.computeControls:  t = 2.658
CMC.computeControls:  t = 2.659
CMC.computeControls:  t = 2.66
CMC.computeControls:  t = 2.661
CMC.computeControls:  t = 2.662
CMC.computeControls:  t = 2.663
CMC.computeControls:  t = 2.664
CMC.computeControls:  t = 2.665
CMC.computeControls:  t = 2.666
CMC.computeControls:  t = 2.667
CMC.computeControls:  t = 2.668
CMC.computeControls:  t = 2.669
CMC.computeControls:  t = 2.67
CMC.computeControls:  t = 2.671
CMC.computeControls:  t = 2.672
CMC.computeControls:  t = 2.673
CMC.computeControls:  t = 2.674
CMC.computeControls:  t = 2.675
CMC.computeControls:  t = 2.676
CMC.computeControls:  t = 2.677
CMC.computeControls:  t = 2.678
CMC.computeControls:  t = 2.679
CMC.computeControls:  t = 2.68
CMC.computeControls:  t = 2.681
CMC.computeControls:  t = 2.682
CMC.computeControls:  t = 2.683
CMC.computeControls:  t = 2.684
CMC.computeControls:  t = 2.685
CMC.computeControls:  t = 2.686
CMC.computeControls:  t = 2.687
CMC.computeControls:  t = 2.688
CMC.computeControls:  t = 2.689
CMC.computeControls:  t = 2.69
CMC.computeControls:  t = 2.691
CMC.computeControls:  t = 2.692
CMC.computeControls:  t = 2.693
CMC.computeControls:  t = 2.694
CMC.computeControls:  t = 2.695
CMC.computeControls:  t = 2.696
CMC.computeControls:  t = 2.697
CMC.computeControls:  t = 2.698
CMC.computeControls:  t = 2.699
CMC.computeControls:  t = 2.7
CMC.computeControls:  t = 2.701
CMC.computeControls:  t = 2.702
CMC.computeControls:  t = 2.703
CMC.computeControls:  t = 2.704
CMC.computeControls:  t = 2.705
CMC.computeControls:  t = 2.706
CMC.computeControls:  t = 2.707
CMC.computeControls:  t = 2.708
CMC.computeControls:  t = 2.709
CMC.computeControls:  t = 2.71
CMC.computeControls:  t = 2.711
CMC.computeControls:  t = 2.712
CMC.computeControls:  t = 2.713
CMC.computeControls:  t = 2.714
CMC.computeControls:  t = 2.715
CMC.computeControls:  t = 2.716
CMC.computeControls:  t = 2.717
CMC.computeControls:  t = 2.718
CMC.computeControls:  t = 2.719
CMC.computeControls:  t = 2.72
CMC.computeControls:  t = 2.721
CMC.computeControls:  t = 2.722
CMC.computeControls:  t = 2.723
CMC.computeControls:  t = 2.724
CMC.computeControls:  t = 2.725
CMC.computeControls:  t = 2.726
CMC.computeControls:  t = 2.727
CMC.computeControls:  t = 2.728
CMC.computeControls:  t = 2.729
CMC.computeControls:  t = 2.73
CMC.computeControls:  t = 2.731
CMC.computeControls:  t = 2.732
CMC.computeControls:  t = 2.733
CMC.computeControls:  t = 2.734
CMC.computeControls:  t = 2.735
CMC.computeControls:  t = 2.736
CMC.computeControls:  t = 2.737
CMC.computeControls:  t = 2.738
CMC.computeControls:  t = 2.739
CMC.computeControls:  t = 2.74
CMC.computeControls:  t = 2.741
CMC.computeControls:  t = 2.742
CMC.computeControls:  t = 2.743
CMC.computeControls:  t = 2.744
----------------------------------------------------------------
Finished tracking the specified kinematics
=================================================================
Start time   = Sun Oct 24 12:34:35 2021
Finish time  = Sun Oct 24 12:34:39 2021
Elapsed time = 4 seconds.
================================================================


Printing results of investigation RunL1 to .\.

************************************************************
*      Summary of Mass Adjustments to Reduce Residuals     *
************************************************************
* Body adjusted: torso
* Mass Center (COM) adjustment: dx =0.1, dz =0.1
* New COM location: ~[-0.129574,0.315456,-0.1]
************************************************************
* Recommended mass adjustments:                             
*  Total mass change: -12.1436
*  ground: orig mass = 0, new mass = 0
*  pelvis: orig mass = 12.2558, new mass = 10.3575
*  femur_r: orig mass = 9.67957, new mass = 8.18028
*  tibia_r: orig mass = 3.85824, new mass = 3.26063
*  patella_r: orig mass = 0.0897047, new mass = 0.0758101
*  talus_r: orig mass = 0.104066, new mass = 0.0879467
*  calcn_r: orig mass = 1.30082, new mass = 1.09933
*  toes_r: orig mass = 0.225406, new mass = 0.190493
*  femur_l: orig mass = 9.67957, new mass = 8.18028
*  tibia_l: orig mass = 3.85824, new mass = 3.26063
*  patella_l: orig mass = 0.0897047, new mass = 0.0758101
*  talus_l: orig mass = 0.104066, new mass = 0.0879467
*  calcn_l: orig mass = 1.30082, new mass = 1.09933
*  toes_l: orig mass = 0.225406, new mass = 0.190493
*  torso: orig mass = 27.9173, new mass = 23.5931
*  humerus_r: orig mass = 2.11514, new mass = 1.78752
*  ulna_r: orig mass = 0.632199, new mass = 0.534276
*  radius_r: orig mass = 0.632199, new mass = 0.534276
*  hand_r: orig mass = 0.476101, new mass = 0.402356
*  humerus_l: orig mass = 2.11514, new mass = 1.78752
*  ulna_l: orig mass = 0.632199, new mass = 0.534276
*  radius_l: orig mass = 0.632199, new mass = 0.534276
*  hand_l: orig mass = 0.476101, new mass = 0.402356
************************************************************
* Note: Edit the model to make recommended adjustments to  *
*       mass properties.                                   *
************************************************************
* Average residuals before adjusting torso COM:
*  FX=-5.14847 FY=119.088 FZ=41.5164
*  MX=-30.408 MY=0.528775 MZ=29.1197
************************************************************
* Average residuals after adjusting torso COM:
*  FX=-40.7679 FY=61.1843 FZ=70.3916
*  MX=24.1862 MY=6.38469 MZ=8.09783
************************************************************

************************************************************
*                   Final Average Residuals                *
************************************************************
* After torso COM and Kinematics adjustments:
*  FX=-0.90824 FY=-3.25586 FZ=2.20545
*  MX=0.302824 MY=9.1529 MZ=-1.50378
************************************************************



