
+-+-+-+-+-+-+
|C|E|I|N|M|S|
+-+-+-+-+-+-+-+-+-+-+
|C|a|l|i|b|r|a|t|e|d|
+-+-+-+-+-+-+-+-+-+-+-+-+
|E|M|G|-|I|n|f|o|r|m|e|d|
+-+-+-+-+-+-+-+-+-+-+-+-+-+-+-+-+-+-+-+-+
|N|e|u|r|o|m|u|s|c|u|l|o|s|k|e|l|e|t|a|l|
+-+-+-+-+-+-+-+-+-+-+-+-+-+-+-+-+-+-+-+-+
|T|o|o|l|b|o|x|
+-+-+-+-+-+-+-+

CEINMS version 0.21.0
Copyright (C) Apr 29 2020
Claudio Pizzolato, Monica Reggiani, Massimo Sartori, David Lloyd
Software developers: Claudio Pizzolato, Elena Ceseracciu, Monica Reggiani
Check configuration data...
Reading subject file: D:/3-PhD/Data/MocapData/ElaboratedData/009/pre/ceinms/execution/Setup/../../calibration/calibratedSubject.xml .
Contact model found
Reading subject file: D:/3-PhD/Data/MocapData/ElaboratedData/009/pre/ceinms/execution/Setup/../../calibration/calibratedSubject.xml .
activeForceLength
passiveForceLength
forceVelocity
tendonForceStrain
Assuming addbrev_r pennation angle in radians: 0.114781
Assuming addlong_r pennation angle in radians: 0.13777
Assuming addmagDist_r pennation angle in radians: 0.194705
Assuming addmagIsch_r pennation angle in radians: 0.168044
Assuming addmagMid_r pennation angle in radians: 0.207308
Assuming addmagProx_r pennation angle in radians: 0.311483
Assuming bflh_r pennation angle in radians: 0.175918
Assuming bfsh_r pennation angle in radians: 0.264223
Assuming edl_r pennation angle in radians: 0.218258
Assuming ehl_r pennation angle in radians: 0.197268
Assuming fdl_r pennation angle in radians: 0.224839
Assuming fhl_r pennation angle in radians: 0.258026
Assuming gaslat_r pennation angle in radians: 0.210227
Reading tendonForceStrain of MTU gaslat_r
Assuming gasmed_r pennation angle in radians: 0.165682
Reading tendonForceStrain of MTU gasmed_r
Assuming glmax1_r pennation angle in radians: 0.354012
Assuming glmax2_r pennation angle in radians: 0.367382
Assuming glmax3_r pennation angle in radians: 0.382416
Assuming glmed1_r pennation angle in radians: 0.316556
Assuming glmed2_r pennation angle in radians: 0.316556
Assuming glmed3_r pennation angle in radians: 0.316556
Assuming glmin1_r pennation angle in radians: 0.174533
Assuming glmin2_r pennation angle in radians: 0
Assuming glmin3_r pennation angle in radians: 0.0174533
Assuming grac_r pennation angle in radians: 0.172002
Assuming iliacus_r pennation angle in radians: 0.279914
Assuming perbrev_r pennation angle in radians: 0.205236
Assuming perlong_r pennation angle in radians: 0.247952
Assuming psoas_r pennation angle in radians: 0.215525
Assuming recfem_r pennation angle in radians: 0.217015
Assuming sart_r pennation angle in radians: 0.0261354
Assuming semimem_r pennation angle in radians: 0.254561
Assuming semiten_r pennation angle in radians: 0.241295
Assuming soleus_r pennation angle in radians: 0.381429
Reading tendonForceStrain of MTU soleus_r
Assuming tfl_r pennation angle in radians: 0.0523599
Assuming tibant_r pennation angle in radians: 0.195183
Assuming tibpost_r pennation angle in radians: 0.226489
Assuming vasint_r pennation angle in radians: 0.0630997
Assuming vaslat_r pennation angle in radians: 0.252867
Assuming vasmed_r pennation angle in radians: 0.422223
Assuming addbrev_l pennation angle in radians: 0.114781
Assuming addlong_l pennation angle in radians: 0.13777
Assuming addmagDist_l pennation angle in radians: 0.194705
Assuming addmagIsch_l pennation angle in radians: 0.168044
Assuming addmagMid_l pennation angle in radians: 0.168044
Assuming addmagProx_l pennation angle in radians: 0.207308
Assuming bflh_l pennation angle in radians: 0.175918
Assuming bfsh_l pennation angle in radians: 0.264223
Assuming edl_l pennation angle in radians: 0.218258
Assuming ehl_l pennation angle in radians: 0.197268
Assuming fdl_l pennation angle in radians: 0.224839
Assuming fhl_l pennation angle in radians: 0.258026
Assuming gaslat_l pennation angle in radians: 0.210227
Reading tendonForceStrain of MTU gaslat_l
Assuming gasmed_l pennation angle in radians: 0.165682
Reading tendonForceStrain of MTU gasmed_l
Assuming glmax1_l pennation angle in radians: 0.354012
Assuming glmax2_l pennation angle in radians: 0.367382
Assuming glmax3_l pennation angle in radians: 0.382416
Assuming glmed1_l pennation angle in radians: 0.316556
Assuming glmed2_l pennation angle in radians: 0.316556
Assuming glmed3_l pennation angle in radians: 0.316556
Assuming glmin1_l pennation angle in radians: 0.174533
Assuming glmin2_l pennation angle in radians: 0
Assuming glmin3_l pennation angle in radians: 0.0174533
Assuming grac_l pennation angle in radians: 0.172002
Assuming iliacus_l pennation angle in radians: 0.279914
Assuming perbrev_l pennation angle in radians: 0.205236
Assuming perlong_l pennation angle in radians: 0.247952
Assuming psoas_l pennation angle in radians: 0.215525
Assuming recfem_l pennation angle in radians: 0.217015
Assuming sart_l pennation angle in radians: 0.0261354
Assuming semimem_l pennation angle in radians: 0.254561
Assuming semiten_l pennation angle in radians: 0.241295
Assuming soleus_l pennation angle in radians: 0.381429
Reading tendonForceStrain of MTU soleus_l
Assuming tfl_l pennation angle in radians: 0.0523599
Assuming tibant_l pennation angle in radians: 0.195183
Assuming tibpost_l pennation angle in radians: 0.226489
Assuming vasint_l pennation angle in radians: 0.0630997
Assuming vaslat_l pennation angle in radians: 0.252867
Assuming vasmed_l pennation angle in radians: 0.422223
Assuming piri_r pennation angle in radians: 0.174533
Found OpenSim model associated to the subject: D:\3-PhD\Data\MocapData\ElaboratedData\009\pre\009_Rajagopal2015_FAI_rra_opt_N10.osim
Loaded model 009_Rajagopal2015_FAI_rra_opt_N10.osim from file D:\3-PhD\Data\MocapData\ElaboratedData\009\pre\009_Rajagopal2015_FAI_rra_opt_N10.osim
Found valid OpenSim model: D:\3-PhD\Data\MocapData\ElaboratedData\009\pre\009_Rajagopal2015_FAI_rra_opt_N10.osim

EMG: Reading emg file...D:/3-PhD/Data/MocapData/ElaboratedData/009/pre/ceinms/execution/Setup/../../trials/../../dynamicElaborations/Run_baseline2/emg.mot
Muscle excitations to muscle mapping:
addbrev_r -> addbrev_r
addlong_r -> addlong_r
addmagDist_r -> addmagDist_r
addmagIsch_r -> addmagIsch_r
addmagMid_r -> addmagMid_r
addmagProx_r -> addmagProx_r
bflh_r -> bflh_r
bfsh_r -> bfsh_r
edl_r -> edl_r
ehl_r -> ehl_r
fdl_r -> fdl_r
fhl_r -> fhl_r
gaslat_r -> gaslat_r
gasmed_r -> gasmed_r
glmax1_r -> glmax1_r
glmax2_r -> glmax2_r
glmax3_r -> glmax3_r
glmed1_r -> glmed1_r
glmed2_r -> glmed2_r
glmed3_r -> glmed3_r
glmin1_r -> glmin1_r
glmin2_r -> glmin2_r
glmin3_r -> glmin3_r
grac_r -> grac_r
iliacus_r -> iliacus_r
perbrev_r -> perbrev_r
perlong_r -> perlong_r
psoas_r -> psoas_r
recfem_r -> recfem_r
sart_r -> sart_r
semimem_r -> semimem_r
semiten_r -> semiten_r
soleus_r -> soleus_r
tfl_r -> tfl_r
tibant_r -> tibant_r
tibpost_r -> tibpost_r
vasint_r -> vasint_r
vaslat_r -> vaslat_r
vasmed_r -> vasmed_r
addbrev_l -> addbrev_l
addlong_l -> addlong_l
addmagDist_l -> addmagDist_l
addmagIsch_l -> addmagIsch_l
addmagMid_l -> addmagMid_l
addmagProx_l -> addmagProx_l
bflh_l -> bflh_l
bfsh_l -> bfsh_l
edl_l -> edl_l
ehl_l -> ehl_l
fdl_l -> fdl_l
fhl_l -> fhl_l
gaslat_l -> gaslat_l
gasmed_l -> gasmed_l
glmax1_l -> glmax1_l
glmax2_l -> glmax2_l
glmax3_l -> glmax3_l
glmed1_l -> glmed1_l
glmed2_l -> glmed2_l
glmed3_l -> glmed3_l
glmin1_l -> glmin1_l
glmin2_l -> glmin2_l
glmin3_l -> glmin3_l
grac_l -> grac_l
iliacus_l -> iliacus_l
perbrev_l -> perbrev_l
perlong_l -> perlong_l
psoas_l -> psoas_l
recfem_l -> recfem_l
sart_l -> sart_l
semimem_l -> semimem_l
semiten_l -> semiten_l
soleus_l -> soleus_l
tfl_l -> tfl_l
tibant_l -> tibant_l
tibpost_l -> tibpost_l
vasint_l -> vasint_l
vaslat_l -> vaslat_l
vasmed_l -> vasmed_l
piri_r -> piri_r
Using D:/3-PhD/Data/MocapData/ElaboratedData/009/pre/ceinms/execution/Setup/../simulations/Run_baseline2/A1_B50_G11/ as output directory
Joint moments
hip_flexion_r -> Tracking
knee_angle_r -> Tracking
ankle_angle_r -> Tracking
Muscle excitations
addbrev_r ->  Adjusting
addlong_r ->  Adjusting
addmagDist_r ->  Adjusting
addmagIsch_r ->  Adjusting
addmagMid_r ->  Adjusting
addmagProx_r ->  Adjusting
bflh_r ->  Adjusting
bfsh_r ->  Adjusting
edl_r ->  Synthetising
ehl_r ->  Synthetising
fdl_r ->  Synthetising
fhl_r ->  Synthetising
gaslat_r ->  Adjusting
gasmed_r ->  Adjusting
glmax1_r ->  Adjusting
glmax2_r ->  Adjusting
glmax3_r ->  Adjusting
glmed1_r ->  Synthetising
glmed2_r ->  Synthetising
glmed3_r ->  Synthetising
glmin1_r ->  Synthetising
glmin2_r ->  Synthetising
glmin3_r ->  Synthetising
grac_r ->  Adjusting
iliacus_r ->  Synthetising
perbrev_r ->  Synthetising
perlong_r ->  Synthetising
psoas_r ->  Synthetising
recfem_r ->  Adjusting
sart_r ->  Synthetising
semimem_r ->  Adjusting
semiten_r ->  Adjusting
soleus_r ->  Adjusting
tfl_r ->  Adjusting
tibant_r ->  Adjusting
tibpost_r ->  Synthetising
vasint_r ->  Adjusting
vaslat_r ->  Adjusting
vasmed_r ->  Adjusting
addbrev_l ->  Unchanged
addlong_l ->  Unchanged
addmagDist_l ->  Unchanged
addmagIsch_l ->  Unchanged
addmagMid_l ->  Unchanged
addmagProx_l ->  Unchanged
bflh_l ->  Unchanged
bfsh_l ->  Unchanged
edl_l ->  Unchanged
ehl_l ->  Unchanged
fdl_l ->  Unchanged
fhl_l ->  Unchanged
gaslat_l ->  Unchanged
gasmed_l ->  Unchanged
glmax1_l ->  Unchanged
glmax2_l ->  Unchanged
glmax3_l ->  Unchanged
glmed1_l ->  Unchanged
glmed2_l ->  Unchanged
glmed3_l ->  Unchanged
glmin1_l ->  Unchanged
glmin2_l ->  Unchanged
glmin3_l ->  Unchanged
grac_l ->  Unchanged
iliacus_l ->  Unchanged
perbrev_l ->  Unchanged
perlong_l ->  Unchanged
psoas_l ->  Unchanged
recfem_l ->  Unchanged
sart_l ->  Unchanged
semimem_l ->  Unchanged
semiten_l ->  Unchanged
soleus_l ->  Unchanged
tfl_l ->  Unchanged
tibant_l ->  Unchanged
tibpost_l ->  Unchanged
vasint_l ->  Unchanged
vaslat_l ->  Unchanged
vasmed_l ->  Unchanged
piri_r ->  Synthetising
Using alpha = 1, beta = 50, gamma = 11
-- initialise contact model
Loaded model 009_Rajagopal2015_FAI_rra_opt_N10.osim from file D:\3-PhD\Data\MocapData\ElaboratedData\009\pre\009_Rajagopal2015_FAI_rra_opt_N10.osim
Storage: file=D:/3-PhD/Data/MocapData/ElaboratedData/009/pre/ceinms/execution/Setup/../../trials/../../inverseKinematics/Run_baseline2/IK.mot (nr=40 nc=40)
Storage: file=D:/3-PhD/Data/MocapData/ElaboratedData/009/pre/ceinms/execution/Setup/../../trials/../../inverseKinematics/Run_baseline2/IK.mot (nr=40 nc=40)
Using D:/3-PhD\Data\MocapData\ElaboratedData\009\pre\ceinms\execution\simulations\Run_baseline2\A1_B50_G11 as output directory
-- Initialise external forces produces
Old version storage/motion file encountered
Storage: file=d:\3-PhD\Data\MocapData\ElaboratedData\009\pre\inverseDynamics\Run_baseline2\Run_baseline2.mot (nr=411 nc=37)
.. assuming rotations in Degrees.
-- Initialise loggers
Using D:/3-PhD\Data\MocapData\ElaboratedData\009\pre\ceinms\execution\simulations\Run_baseline2\A1_B50_G11 as output directory
Loaded model 009_Rajagopal2015_FAI_rra_opt_N10.osim from file D:\3-PhD\Data\MocapData\ElaboratedData\009\pre\009_Rajagopal2015_FAI_rra_opt_N10.osim
QueuesToJointReactionForces - initialising
Kinematics storage filename D:/3-PhD/Data/MocapData/ElaboratedData/009/pre/ceinms/execution/Setup/../../trials/../../inverseKinematics/Run_baseline2/IK.mot
Loaded model 009_Rajagopal2015_FAI_rra_opt_N10.osim from file D:\3-PhD\Data\MocapData\ElaboratedData\009\pre\009_Rajagopal2015_FAI_rra_opt_N10.osim
Loaded model 009_Rajagopal2015_FAI_rra_opt_N10.osim from file D:\3-PhD\Data\MocapData\ElaboratedData\009\pre\009_Rajagopal2015_FAI_rra_opt_N10.osim
QueuesToJointReactionForces - done with initialisations
starting consume

externalTorque DONE

EMG: EMG DONE


EmgTime: 3.69
Adjusted EMG
0.591973	0.999	0.001	0.001	0.001	0.349012	0.0251381	0.0926593	0.001	0.001	0.17848	0.001	0.001	0.0477585	0.001	0.001	0.001	0.001	0.001	0.001	0.9317	0.0980707	0.001	0.001	0.999	0.0448605	0.001	0.999	0.001	0.999	0.001	0.001	0.0366728	0.896453	0.001	0.000997281	0.502684	0.956151	0.999	0	0	0	0	0	0	0	0	0	0	0	0	0	0	0	0	0	0	0	0	0	0	0	0	0	0	0	0	0	0	0	0	0	0	0	0	0	0	0	0.001	
LmtTime: 3.69
Lmt
0.140408	0.249358	0.272676	0.40796	0.170213	0.119405	0.479102	0.250678	0.470697	0.437073	0.434344	0.41082	0.445473	0.461375	0.215839	0.255358	0.274852	0.114452	0.134143	0.121262	0.0731557	0.078695	0.0897122	0.48173	0.189479	0.201211	0.397275	0.215683	0.547954	0.596958	0.469883	0.518728	0.318816	0.561209	0.33884	0.329742	0.323511	0.337973	0.309884	0.140222	0.252763	0.279589	0.422123	0.171802	0.115253	0.446207	0.210393	0.442427	0.40866	0.434376	0.415525	0.42418	0.437442	0.219399	0.258803	0.276652	0.130163	0.142361	0.122079	0.0865962	0.0892428	0.0962088	0.433812	0.192422	0.200498	0.395336	0.215684	0.60565	0.558715	0.4285	0.46465	0.334371	0.591558	0.307005	0.327504	0.371916	0.385695	0.355915	0.144215	
MomentArms on: hip_flexion_r
0.0230004	0.0381641	-0.0420553	-0.0562734	-0.0182923	0.011119	-0.0600735	-0.03761	-0.0493496	-0.0706985	-0.00683414	-0.0146242	-0.0170662	0.00356395	0.00111205	-0.00302441	-0.0128952	0.0367173	-0.00491661	0.0278357	0.0473884	0.0555316	-0.0539438	-0.0637652	0.0570401	
MomentArms on: knee_angle_r
0.0338607	0.0275136	0.0241529	0.0214307	0.0347402	-0.0499004	0.0237191	0.0408283	0.0478175	-0.0169666	-0.0457724	-0.0473907	-0.0454485	
MomentArms on: ankle_angle_r
0.0329528	0.0351216	-0.0120371	-0.0185292	-0.0441458	-0.0425966	-0.00808927	-0.0111109	-0.04477	0.0377027	-0.0126865	
External Torques: -41.6745 25.0573 -26.8573 
Current Torque on hip_flexion_r -91.2217
Current Torque on knee_angle_r 70.5396
Current Torque on ankle_angle_r -2.06098

----------------------------------------


EmgTime: 3.695
Adjusted EMG
0.001	0.001	0.744815	0.380515	0.487205	0.001	0.130877	0.130877	0.001	0.001	0.122245	0.001	0.88653	0.0528003	0.62257	0.385242	0.480518	0.298493	0.261106	0.001	0.001	0.001	0.118472	0.001	0.001	0.0194183	0.001	0.001	0.00919546	0.001	0.112538	0.104995	0.0446277	0.001	0.0573173	0.000997281	0.184387	0.307652	0.860316	0	0	0	0	0	0	0	0	0	0	0	0	0	0	0	0	0	0	0	0	0	0	0	0	0	0	0	0	0	0	0	0	0	0	0	0	0	0	0	0.0897101	
LmtTime: 3.695
Lmt
0.140713	0.249822	0.272269	0.407442	0.170058	0.119518	0.477568	0.249948	0.469069	0.435337	0.434923	0.411717	0.447007	0.462908	0.215379	0.254749	0.274049	0.114585	0.134035	0.120981	0.0733559	0.0787979	0.0896934	0.480688	0.189914	0.201603	0.397815	0.215984	0.54972	0.59684	0.468257	0.516822	0.321012	0.562263	0.336972	0.330355	0.32471	0.339216	0.311073	0.140295	0.252639	0.280563	0.423311	0.172495	0.115406	0.446259	0.209223	0.442024	0.408225	0.434448	0.415661	0.423739	0.436766	0.219968	0.259553	0.27798	0.130304	0.14255	0.122254	0.0865835	0.0892218	0.0962086	0.432959	0.191882	0.200558	0.395428	0.215275	0.605462	0.556163	0.428264	0.46436	0.334803	0.590606	0.306527	0.327589	0.372584	0.386303	0.356536	0.144037	
MomentArms on: hip_flexion_r
0.0232654	0.0384641	-0.0417735	-0.0560802	-0.0178807	0.0114223	-0.0599841	-0.0380011	-0.049739	-0.0708793	-0.00722139	-0.0149653	-0.0173209	0.00327158	0.00079814	-0.00331318	-0.0123162	0.0365271	-0.00508813	0.0277	0.0472228	0.0551558	-0.0538526	-0.0636043	0.0564215	
MomentArms on: knee_angle_r
0.0341277	0.0279735	0.0243295	0.0216265	0.0353645	-0.0495488	0.0244874	0.0415261	0.0483126	-0.0167926	-0.0452673	-0.0469835	-0.0448653	
MomentArms on: ankle_angle_r
0.0335514	0.0357957	-0.0116475	-0.0181192	-0.0446316	-0.0431767	-0.00793015	-0.0109828	-0.0449274	0.0386069	-0.0123611	
External Torques: -97.1542 39.6311 -40.2711 
Current Torque on hip_flexion_r -81.4145
Current Torque on knee_angle_r 49.9421
Current Torque on ankle_angle_r -11.69

----------------------------------------


EmgTime: 3.7
Adjusted EMG
0.001	0.001	0.999	0.999	0.999	0.001	0.122946	0.122946	0.001	0.001	0.0101446	0.001	0.725178	0.046692	0.999	0.695138	0.874738	0.576194	0.561105	0.001	0.001	0.001	0.349885	0.688427	0.001	0.00856954	0.001	0.001	0.0104819	0.001	0.172821	0.0994922	0.0414013	0.001	0.0580838	0.000997281	0.0690886	0.001	0.001	0	0	0	0	0	0	0	0	0	0	0	0	0	0	0	0	0	0	0	0	0	0	0	0	0	0	0	0	0	0	0	0	0	0	0	0	0	0	0	0.232811	
LmtTime: 3.7
Lmt
0.141033	0.25031	0.27183	0.406894	0.169882	0.11962	0.47581	0.249068	0.466946	0.43307	0.435636	0.412834	0.449053	0.464951	0.214878	0.254083	0.273165	0.114784	0.133943	0.120669	0.0736183	0.0789405	0.089687	0.479435	0.190387	0.202093	0.398497	0.216302	0.551739	0.596606	0.466373	0.514622	0.323826	0.563451	0.334521	0.331115	0.326111	0.340672	0.31246	0.140386	0.252519	0.281635	0.424616	0.173265	0.115586	0.446503	0.208166	0.441608	0.407777	0.434521	0.415798	0.423383	0.436179	0.220591	0.260369	0.27943	0.130453	0.142758	0.122455	0.0865675	0.0891983	0.0962106	0.432301	0.191287	0.200619	0.395523	0.214824	0.605134	0.553578	0.42823	0.464319	0.335246	0.589518	0.306035	0.327677	0.3732	0.386864	0.35711	0.143827	
MomentArms on: hip_flexion_r
0.0235506	0.0387799	-0.0414682	-0.0558736	-0.0174353	0.0117553	-0.0598838	-0.0384619	-0.0501889	-0.0710864	-0.00768751	-0.0153931	-0.0176597	0.00290386	0.00040232	-0.0036825	-0.0116979	0.0363207	-0.00532235	0.027558	0.0470422	0.054759	-0.0537497	-0.063421	0.0557213	
MomentArms on: knee_angle_r
0.0344455	0.0285317	0.0245522	0.021856	0.0360851	-0.0491748	0.0253724	0.0423108	0.0490581	-0.0165729	-0.0447307	-0.0464964	-0.0442261	
MomentArms on: ankle_angle_r
0.034284	0.0366221	-0.011131	-0.0175694	-0.0450875	-0.0437534	-0.00771252	-0.010798	-0.0449692	0.039712	-0.0119236	
External Torques: -158.963 53.6179 -55.1874 
Current Torque on hip_flexion_r -66.2531
Current Torque on knee_angle_r 6.26336
Current Torque on ankle_angle_r -25.543

----------------------------------------


EmgTime: 3.705
Adjusted EMG
0.001	0.001	0.999	0.999	0.999	0.001	0.115141	0.128231	0.001	0.001	0.0101777	0.001	0.742347	0.0411642	0.999	0.999	0.999	0.769489	0.837529	0.001	0.001	0.0145805	0.485834	0.920276	0.001	0.0144089	0.001	0.001	0.0118096	0.001	0.23827	0.0947163	0.0386474	0.001	0.0593817	0.000997281	0.0260169	0.001	0.001	0	0	0	0	0	0	0	0	0	0	0	0	0	0	0	0	0	0	0	0	0	0	0	0	0	0	0	0	0	0	0	0	0	0	0	0	0	0	0	0.284786	
LmtTime: 3.705
Lmt
0.141369	0.250823	0.27137	0.406329	0.169697	0.119716	0.473885	0.24807	0.464413	0.430363	0.436426	0.414092	0.451502	0.467402	0.21434	0.253365	0.27222	0.115037	0.133856	0.120322	0.0739285	0.0791108	0.0896844	0.478022	0.190889	0.202646	0.399277	0.216632	0.553933	0.596266	0.464292	0.51219	0.327104	0.564725	0.331577	0.331966	0.327649	0.342271	0.313979	0.140503	0.252411	0.282807	0.42604	0.174112	0.115795	0.446938	0.207228	0.441183	0.407318	0.434594	0.415938	0.423115	0.435689	0.221267	0.261244	0.280993	0.130622	0.14299	0.122677	0.0865608	0.0891808	0.0962179	0.431853	0.190641	0.200681	0.395618	0.214334	0.604665	0.55097	0.428402	0.464535	0.335695	0.588299	0.305531	0.327764	0.373763	0.387377	0.357634	0.143581	
MomentArms on: hip_flexion_r
0.0238474	0.0391032	-0.0411414	-0.055654	-0.0169612	0.0121104	-0.0597715	-0.0389815	-0.0506877	-0.0713109	-0.00822684	-0.0158994	-0.0180727	0.00246578	-6.823e-05	-0.00412417	-0.0110518	0.0360994	-0.00561083	0.0274102	0.0468482	0.054347	-0.0536353	-0.0632114	0.0549503	
MomentArms on: knee_angle_r
0.0347992	0.0291687	0.0248091	0.0221082	0.0368609	-0.0488131	0.0263261	0.0431304	0.050126	-0.0163119	-0.0442155	-0.0459597	-0.0435893	
MomentArms on: ankle_angle_r
0.03509	0.0375337	-0.0105042	-0.0168939	-0.0453889	-0.0441952	-0.00744	-0.0105552	-0.0447972	0.0409238	-0.0113851	
External Torques: -221.818 64.1226 -70.7531 
Current Torque on hip_flexion_r -52.1887
Current Torque on knee_angle_r -46.4952
Current Torque on ankle_angle_r -40.6255

----------------------------------------


EmgTime: 3.71
Adjusted EMG
0.001	0.001	0.999	0.999	0.999	0.001	0.107786	0.129832	0.001	0.001	0.0137535	0.001	0.810356	0.0363937	0.999	0.999	0.999	0.890794	0.938547	0.001	0.001	0.158907	0.572828	0.99697	0.001	0.0178463	0.001	0.001	0.0131489	0.001	0.281346	0.0904341	0.0367638	0.001	0.061044	0.000997281	0.001	0.001	0.001	0	0	0	0	0	0	0	0	0	0	0	0	0	0	0	0	0	0	0	0	0	0	0	0	0	0	0	0	0	0	0	0	0	0	0	0	0	0	0	0.304981	
LmtTime: 3.71
Lmt
0.141718	0.251354	0.2709	0.405756	0.16951	0.119811	0.471852	0.246989	0.461608	0.42736	0.437229	0.415397	0.454177	0.470088	0.213774	0.252612	0.271233	0.115319	0.133767	0.119946	0.0742658	0.0792944	0.0896787	0.476502	0.191408	0.203221	0.400099	0.21697	0.556223	0.595845	0.462078	0.5096	0.330628	0.566043	0.328295	0.332842	0.32926	0.343944	0.315565	0.140656	0.25233	0.284076	0.427582	0.17504	0.116036	0.447565	0.206412	0.44075	0.406851	0.434667	0.416078	0.422938	0.435304	0.221987	0.26217	0.282657	0.130822	0.143245	0.122914	0.0865746	0.0891765	0.0962322	0.431633	0.189952	0.200743	0.395715	0.213806	0.604053	0.548356	0.428782	0.465011	0.33615	0.58696	0.305018	0.327853	0.374269	0.387838	0.358105	0.143306	
MomentArms on: hip_flexion_r
0.0241492	0.0394279	-0.0407972	-0.0554246	-0.0164659	0.0124782	-0.0596473	-0.0395389	-0.0512173	-0.0715435	-0.00881687	-0.016459	-0.0185347	0.00197897	-0.00058982	-0.00461476	-0.0103885	0.0358671	-0.00593376	0.0272576	0.0466424	0.0539242	-0.0535105	-0.0629871	0.0541304	
MomentArms on: knee_angle_r
0.0351722	0.0298615	0.0250922	0.0225192	0.0376506	-0.0484642	0.0273031	0.0439379	0.0511879	-0.0160173	-0.043738	-0.0453818	-0.0429804	
MomentArms on: ankle_angle_r
0.0359004	0.0384534	-0.00979862	-0.0161245	-0.0454406	-0.0443985	-0.00712417	-0.0102626	-0.0443521	0.0421336	-0.0107707	
External Torques: -277.003 67.0882 -86.0569 
Current Torque on hip_flexion_r -46.3042
Current Torque on knee_angle_r -82.6474
Current Torque on ankle_angle_r -55.7577

----------------------------------------


EmgTime: 3.715
Adjusted EMG
0.001	0.001	0.999	0.999	0.999	0.001	0.101055	0.122178	0.001	0.001	0.0124558	0.001	0.787107	0.999	0.999	0.999	0.999	0.929296	0.923605	0.001	0.001	0.2825	0.618605	0.915424	0.001	0.010741	0.001	0.001	0.0145201	0.001	0.29394	0.08626	0.0349364	0.001	0.0630246	0.000997281	0.001	0.001	0.001	0	0	0	0	0	0	0	0	0	0	0	0	0	0	0	0	0	0	0	0	0	0	0	0	0	0	0	0	0	0	0	0	0	0	0	0	0	0	0	0.308228	
LmtTime: 3.715
Lmt
0.142071	0.251892	0.270424	0.405176	0.16932	0.119904	0.469764	0.245856	0.45869	0.424232	0.437987	0.416661	0.456877	0.472798	0.213193	0.251842	0.270225	0.115605	0.13367	0.119553	0.0746072	0.0794777	0.0896669	0.474921	0.191932	0.203781	0.400912	0.217308	0.558546	0.595367	0.459792	0.506919	0.334168	0.567368	0.32486	0.333682	0.33089	0.345633	0.317164	0.140858	0.252295	0.285437	0.429236	0.176047	0.116313	0.448376	0.205723	0.440313	0.40638	0.434739	0.416218	0.422857	0.435034	0.222743	0.263133	0.284402	0.131062	0.143524	0.123156	0.08662	0.089192	0.096254	0.43166	0.18923	0.200804	0.395812	0.213248	0.603302	0.545758	0.429366	0.465745	0.336605	0.585513	0.304499	0.32794	0.374712	0.388242	0.358518	0.143019	
MomentArms on: hip_flexion_r
0.0244507	0.0397503	-0.040441	-0.0551851	-0.0159595	0.0128492	-0.0595128	-0.0401071	-0.051756	-0.0717764	-0.00942259	-0.0170345	-0.0190098	0.00147746	-0.00112681	-0.00512008	-0.00971499	0.0356296	-0.0062647	0.0271018	0.0464265	0.0534924	-0.0533766	-0.0627507	0.0532904	
MomentArms on: knee_angle_r
0.0355493	0.0305876	0.0253904	0.0232727	0.038432	-0.048108	0.0282678	0.0446987	0.0521985	-0.0156976	-0.04329	-0.0447609	-0.0424025	
MomentArms on: ankle_angle_r
0.0366547	0.0393131	-0.00905418	-0.0153035	-0.0452083	-0.0443199	-0.00678232	-0.00993578	-0.0436336	0.0432455	-0.0101145	
External Torques: -316.263 59.7955 -100.55 
Current Torque on hip_flexion_r -49.5048
Current Torque on knee_angle_r -83.0086
Current Torque on ankle_angle_r -81.4265

----------------------------------------


EmgTime: 3.72
Adjusted EMG
0.001	0.001	0.999	0.999	0.999	0.001	0.0949398	0.110231	0.001	0.001	0.00269871	0.001	0.681625	0.999	0.999	0.999	0.999	0.905767	0.87746	0.001	0.001	0.350038	0.637834	0.756067	0.001	0.00166849	0.001	0.001	0.0169297	0.001	0.282435	0.082353	0.0344902	0.001	0.0650351	0.000997281	0.001	0.001	0.001	0	0	0	0	0	0	0	0	0	0	0	0	0	0	0	0	0	0	0	0	0	0	0	0	0	0	0	0	0	0	0	0	0	0	0	0	0	0	0	0.305542	
LmtTime: 3.72
Lmt
0.142415	0.252422	0.269943	0.404588	0.169126	0.119996	0.467662	0.244698	0.455811	0.421143	0.438663	0.41782	0.459422	0.475351	0.21261	0.251073	0.269214	0.115868	0.133562	0.119163	0.0749321	0.0796497	0.0896495	0.473312	0.19245	0.204295	0.401672	0.217643	0.560857	0.594861	0.457477	0.504201	0.337529	0.568678	0.321457	0.334444	0.332502	0.347295	0.31874	0.141125	0.252328	0.286879	0.430989	0.177133	0.116634	0.449359	0.205166	0.439879	0.405911	0.434809	0.416355	0.422871	0.434884	0.223519	0.264115	0.286204	0.131351	0.143822	0.123393	0.086709	0.0892343	0.0962839	0.431952	0.188491	0.200865	0.395908	0.212669	0.602415	0.543208	0.430147	0.46673	0.337054	0.583979	0.303984	0.328026	0.375084	0.388582	0.358866	0.142738	
MomentArms on: hip_flexion_r
0.0247483	0.0400694	-0.0400785	-0.0549373	-0.0154509	0.0132154	-0.0593704	-0.0406589	-0.0522831	-0.0720038	-0.0100054	-0.0175852	-0.01946	0.0009989	-0.0016404	-0.00560331	-0.00903665	0.0353932	-0.0065766	0.0269444	0.0462022	0.0530516	-0.0532351	-0.0625049	0.0524605	
MomentArms on: knee_angle_r
0.035918	0.0313278	0.0256952	0.0240063	0.0391817	-0.0477128	0.0291964	0.0453916	0.0531298	-0.0153616	-0.0428426	-0.0440897	-0.0418361	
MomentArms on: ankle_angle_r
0.0373114	0.0400657	-0.00831107	-0.0144758	-0.0447192	-0.0439774	-0.00643364	-0.00959429	-0.042695	0.0441938	-0.00945262	
External Torques: -334.937 42.5033 -114.089 
Current Torque on hip_flexion_r -56.8807
Current Torque on knee_angle_r -63.9899
Current Torque on ankle_angle_r -111.768

----------------------------------------


EmgTime: 3.725
Adjusted EMG
0.001	0.001	0.999	0.999	0.999	0.001	0.0892163	0.0983675	0.001	0.001	0.001	0.001	0.541437	0.952707	0.999	0.999	0.999	0.864453	0.81959	0.001	0.001	0.375813	0.63612	0.588089	0.001	0.001	0.001	0.001	0.0428002	0.001	0.25558	0.0786619	0.0349166	0.001	0.0666884	0.000997281	0.001	0.001	0.001	0	0	0	0	0	0	0	0	0	0	0	0	0	0	0	0	0	0	0	0	0	0	0	0	0	0	0	0	0	0	0	0	0	0	0	0	0	0	0	0.296638	
LmtTime: 3.725
Lmt
0.142741	0.252935	0.269455	0.403985	0.168924	0.120084	0.465577	0.243535	0.453096	0.418226	0.439238	0.418837	0.461679	0.477615	0.212039	0.25032	0.268211	0.11609	0.133444	0.118793	0.0752233	0.0798024	0.0896282	0.471703	0.192954	0.204748	0.402353	0.217972	0.563124	0.594351	0.455167	0.501484	0.340575	0.569957	0.318237	0.335103	0.334064	0.3489	0.320264	0.141471	0.252453	0.288388	0.432826	0.178292	0.117003	0.450499	0.204741	0.439457	0.405454	0.434876	0.416487	0.422976	0.434856	0.224304	0.265096	0.288037	0.131702	0.14414	0.123615	0.0868549	0.0893122	0.0963235	0.432521	0.187754	0.200924	0.396	0.212081	0.6014	0.540738	0.431114	0.467954	0.337489	0.582384	0.303483	0.328108	0.375378	0.388851	0.35914	0.142481	
MomentArms on: hip_flexion_r
0.0250412	0.0403858	-0.0397136	-0.0546803	-0.0149463	0.0135709	-0.0592218	-0.0411717	-0.052782	-0.0722214	-0.0105317	-0.018075	-0.0198512	0.00057653	-0.00209633	-0.00603177	-0.00835479	0.0351626	-0.00684572	0.0267861	0.0459706	0.0525997	-0.0530866	-0.0622508	0.051666	
MomentArms on: knee_angle_r
0.0362667	0.0320632	0.0259948	0.024707	0.0398871	-0.0472504	0.0300747	0.0460052	0.0539658	-0.0150194	-0.0423445	-0.0433658	-0.0412264	
MomentArms on: ankle_angle_r
0.0378499	0.0406876	-0.00760337	-0.0136806	-0.0440415	-0.043434	-0.00609563	-0.00925695	-0.0416201	0.0449481	-0.00881681	
External Torques: -333.297 18.151 -126.809 
Current Torque on hip_flexion_r -66.0952
Current Torque on knee_angle_r -43.5843
Current Torque on ankle_angle_r -135.477

----------------------------------------


EmgTime: 3.73
Adjusted EMG
0.001	0.001	0.999	0.999	0.999	0.001	0.0848959	0.0879143	0.001	0.001	0.001	0.001	0.154744	0.051464	0.999	0.999	0.999	0.803571	0.761926	0.001	0.001	0.366524	0.612565	0.403302	0.001	0.001	0.001	0.001	0.001	0.001	0.218623	0.0760799	0.001	0.001	0.0669614	0.000997281	0.001	0.001	0.001	0	0	0	0	0	0	0	0	0	0	0	0	0	0	0	0	0	0	0	0	0	0	0	0	0	0	0	0	0	0	0	0	0	0	0	0	0	0	0	0.283489	
LmtTime: 3.73
Lmt
0.143047	0.253427	0.268961	0.403365	0.168714	0.120175	0.463532	0.242388	0.450629	0.415573	0.43971	0.4197	0.463583	0.479522	0.211484	0.24959	0.267224	0.116249	0.133312	0.118453	0.0754644	0.0799262	0.0896022	0.470121	0.193439	0.205133	0.402943	0.218295	0.565319	0.593862	0.452894	0.498806	0.343237	0.571191	0.315305	0.335656	0.335553	0.350421	0.321711	0.141906	0.252688	0.289951	0.434731	0.179517	0.117419	0.451777	0.204449	0.439057	0.405022	0.434938	0.41661	0.423164	0.434949	0.225087	0.266063	0.289873	0.132129	0.144481	0.123815	0.0870752	0.0894388	0.0963785	0.433373	0.187035	0.200978	0.396087	0.211493	0.600264	0.538379	0.432254	0.469404	0.337897	0.580758	0.303009	0.328185	0.375586	0.389041	0.359334	0.142262	
MomentArms on: hip_flexion_r
0.0253276	0.0406997	-0.0393474	-0.0544123	-0.0144489	0.0139114	-0.059067	-0.0416273	-0.0532389	-0.0724235	-0.0109767	-0.0184753	-0.0201545	0.00023547	-0.00246778	-0.00637892	-0.0076441	0.0350721	-0.00705155	0.0266264	0.0457318	0.0521331	-0.0529305	-0.0619875	0.0509261	
MomentArms on: knee_angle_r
0.0365879	0.0327791	0.0262852	0.0253644	0.0407415	-0.0467153	0.0308924	0.046535	0.0546989	-0.0146786	-0.041786	-0.0425909	-0.0405629	
MomentArms on: ankle_angle_r
0.0382681	0.0411759	-0.00695509	-0.0129465	-0.0432574	-0.042769	-0.00578147	-0.0089388	-0.0404969	0.045509	-0.00823024	
External Torques: -316.209 -9.09368 -138.976 
Current Torque on hip_flexion_r -75.2844
Current Torque on knee_angle_r -28.7318
Current Torque on ankle_angle_r -150.229

----------------------------------------


EmgTime: 3.735
Adjusted EMG
0.001	0.001	0.999	0.999	0.999	0.001	0.0818047	0.0813973	0.001	0.001	0.001	0.001	0.001	0.001	0.999	0.999	0.999	0.727495	0.686374	0.001	0.0159008	0.313746	0.569103	0.269194	0.001	0.001	0.001	0.001	0.0189981	0.001	0.191112	0.0744166	0.001	0.001	0.0672104	0.000997281	0.155837	0.258604	0.441033	0	0	0	0	0	0	0	0	0	0	0	0	0	0	0	0	0	0	0	0	0	0	0	0	0	0	0	0	0	0	0	0	0	0	0	0	0	0	0	0.266153	
LmtTime: 3.735
Lmt
0.143343	0.253908	0.268464	0.402726	0.168506	0.12028	0.461554	0.24128	0.448453	0.41323	0.440087	0.420415	0.465126	0.481065	0.210945	0.248885	0.266258	0.116324	0.133157	0.118147	0.075639	0.0800093	0.0895658	0.468598	0.193905	0.205452	0.403441	0.218615	0.567414	0.593421	0.450688	0.496205	0.3455	0.572364	0.312716	0.336107	0.336941	0.351832	0.323056	0.142435	0.253045	0.291551	0.436691	0.180796	0.117881	0.453178	0.204288	0.438688	0.404624	0.434994	0.416723	0.423429	0.435159	0.225865	0.267004	0.291692	0.132651	0.144851	0.123993	0.0873899	0.0896308	0.096459	0.434508	0.18635	0.201028	0.396166	0.210914	0.599018	0.536153	0.433554	0.471063	0.33827	0.579136	0.302572	0.328255	0.375702	0.389148	0.359443	0.142088	
MomentArms on: hip_flexion_r
0.0256058	0.0410109	-0.0389763	-0.0541285	-0.0139565	0.014234	-0.058903	-0.0420133	-0.053644	-0.0726018	-0.0113272	-0.0187674	-0.0203481	-9.97e-06	-0.0027379	-0.00662638	-0.006912	0.0349916	-0.00717723	0.0264624	0.0454843	0.0516463	-0.0527644	-0.0617114	0.0502499	
MomentArms on: knee_angle_r
0.0368756	0.0334598	0.0265588	0.0259697	0.0416314	-0.0461126	0.0316392	0.0469796	0.0553251	-0.0143474	-0.0411726	-0.0417745	-0.0398521	
MomentArms on: ankle_angle_r
0.0385765	0.0415418	-0.00637929	-0.0122903	-0.0424413	-0.042055	-0.00549913	-0.00864958	-0.0393984	0.0458985	-0.00770624	
External Torques: -290.87 -35.275 -150.907 
Current Torque on hip_flexion_r -83.3568
Current Torque on knee_angle_r -32.6526
Current Torque on ankle_angle_r -165.058

----------------------------------------


EmgTime: 3.74
Adjusted EMG
0.001	0.001	0.999	0.999	0.999	0.001	0.0798677	0.0789612	0.001	0.001	0.00367174	0.0469335	0.018128	0.02947	0.999	0.999	0.999	0.646847	0.603895	0.001	0.138805	0.24701	0.512391	0.220795	0.001	0.0011152	0.001	0.001	0.001	0.001	0.175738	0.073659	0.865977	0.001	0.0662482	0.000997281	0.177657	0.360099	0.528331	0	0	0	0	0	0	0	0	0	0	0	0	0	0	0	0	0	0	0	0	0	0	0	0	0	0	0	0	0	0	0	0	0	0	0	0	0	0	0	0.247907	
LmtTime: 3.74
Lmt
0.143645	0.2544	0.267971	0.402069	0.168312	0.120416	0.459671	0.240239	0.446573	0.411205	0.440385	0.420998	0.466346	0.482282	0.210412	0.248195	0.265316	0.116299	0.132966	0.117867	0.0757336	0.0800394	0.0895095	0.467185	0.194357	0.205713	0.403855	0.218937	0.569379	0.593056	0.448585	0.493727	0.34739	0.57346	0.310479	0.336471	0.3382	0.353107	0.324274	0.143052	0.253525	0.293176	0.438693	0.182118	0.118368	0.454687	0.204256	0.438361	0.404271	0.435043	0.416822	0.42376	0.435476	0.226643	0.267919	0.293479	0.133286	0.145262	0.124157	0.0878169	0.0899052	0.0965782	0.435917	0.185709	0.201072	0.396236	0.210346	0.597671	0.534073	0.435002	0.472918	0.3386	0.577548	0.302184	0.328316	0.375725	0.389169	0.359465	0.141956	
MomentArms on: hip_flexion_r
0.0258729	0.0413174	-0.0385933	-0.0538227	-0.0134631	0.0145372	-0.0587244	-0.0423249	-0.0539922	-0.0727462	-0.0115847	-0.0189457	-0.0204208	-0.00015905	-0.00290305	-0.00676755	-0.00617038	0.0349115	-0.00721281	0.0262899	0.0452254	0.0511332	-0.0525843	-0.0614169	0.0496356	
MomentArms on: knee_angle_r
0.0371252	0.0340888	0.0268086	0.0265133	0.0423959	-0.0454598	0.0323052	0.0473409	0.0558442	-0.0140348	-0.0405209	-0.0409375	-0.0391119	
MomentArms on: ankle_angle_r
0.0387923	0.0418044	-0.00587902	-0.011717	-0.0416476	-0.0413473	-0.0052515	-0.0083936	-0.0383728	0.0461492	-0.00724886	
External Torques: -263.477 -57.8936 -162.885 
Current Torque on hip_flexion_r -89.4302
Current Torque on knee_angle_r -52.3345
Current Torque on ankle_angle_r -159.326

----------------------------------------


EmgTime: 3.745
Adjusted EMG
0.001	0.001	0.999	0.999	0.999	0.001	0.0791009	0.0775653	0.001	0.001	0.00605135	0.066654	0.242368	0.193903	0.999	0.837439	0.999	0.569408	0.521993	0.001	0.142196	0.186419	0.448947	0.15253	0.001	0.00202536	0.001	0.001	0.02037	0.001	0.161569	0.0737036	0.783415	0.001	0.0640453	0.000997281	0.194956	0.438656	0.551682	0	0	0	0	0	0	0	0	0	0	0	0	0	0	0	0	0	0	0	0	0	0	0	0	0	0	0	0	0	0	0	0	0	0	0	0	0	0	0	0.232331	
LmtTime: 3.745
Lmt
0.143975	0.254924	0.26749	0.401399	0.168147	0.120599	0.457908	0.239292	0.44497	0.409477	0.440619	0.421472	0.467306	0.483237	0.209874	0.247508	0.264397	0.116167	0.13273	0.117602	0.0757422	0.0800084	0.0894242	0.465935	0.194798	0.205926	0.404197	0.219266	0.571187	0.592793	0.446618	0.491415	0.348954	0.574464	0.308573	0.336762	0.339308	0.354224	0.325341	0.143747	0.25412	0.294817	0.44073	0.18347	0.118876	0.456299	0.204351	0.438086	0.403973	0.435084	0.416904	0.424145	0.435888	0.227433	0.268816	0.295232	0.134043	0.145727	0.124321	0.0883656	0.0902745	0.0967494	0.437589	0.185113	0.201109	0.396295	0.209789	0.596227	0.532143	0.436593	0.47496	0.338875	0.576014	0.301858	0.328366	0.375656	0.389106	0.3594	0.141856	
MomentArms on: hip_flexion_r
0.0261264	0.0416169	-0.0381903	-0.0534894	-0.012961	0.0148215	-0.0585253	-0.042565	-0.0542842	-0.0728482	-0.0117616	-0.019018	-0.0203749	-0.00022269	-0.00297201	-0.00680804	-0.00541398	0.0348268	-0.00715791	0.0261051	0.0449521	0.0505891	-0.0523862	-0.0610984	0.0490722	
MomentArms on: knee_angle_r
0.0373341	0.0346511	0.0270295	0.0269862	0.0430322	-0.0447907	0.0328827	0.0476246	0.0562607	-0.0137497	-0.039863	-0.0401159	-0.0383759	
MomentArms on: ankle_angle_r
0.0389347	0.0419851	-0.00545014	-0.0112233	-0.0409083	-0.0406802	-0.00503756	-0.00817085	-0.0374443	0.046295	-0.00685526	
External Torques: -237.929 -75.9651 -175.091 
Current Torque on hip_flexion_r -93.3554
Current Torque on knee_angle_r -67.1402
Current Torque on ankle_angle_r -168.024

----------------------------------------


EmgTime: 3.75
Adjusted EMG
0.001	0.001	0.999	0.999	0.999	0.001	0.0793325	0.0773272	0.001	0.001	0.00510311	0.0518521	0.0578555	0.0221136	0.999	0.697774	0.913714	0.504753	0.449013	0.001	0.107844	0.138807	0.384919	0.0771484	0.001	0.0018503	0.001	0.001	0.00876499	0.001	0.150555	0.0742298	0.589413	0.001	0.0609817	0.000997281	0.197885	0.455458	0.609035	0	0	0	0	0	0	0	0	0	0	0	0	0	0	0	0	0	0	0	0	0	0	0	0	0	0	0	0	0	0	0	0	0	0	0	0	0	0	0	0.218728	
LmtTime: 3.75
Lmt
0.144347	0.255498	0.267028	0.400723	0.168023	0.120838	0.456284	0.238463	0.443608	0.408008	0.440803	0.421856	0.468078	0.484	0.20932	0.246814	0.263497	0.11593	0.132441	0.117338	0.0756683	0.0799151	0.0893041	0.464887	0.195236	0.206098	0.404479	0.219607	0.572819	0.592651	0.444816	0.489302	0.350247	0.575371	0.306954	0.336995	0.340249	0.355169	0.326246	0.1445	0.254815	0.296466	0.442795	0.184841	0.119392	0.458012	0.204571	0.437875	0.403744	0.435115	0.416967	0.424569	0.43638	0.228251	0.269711	0.296954	0.13492	0.146256	0.124506	0.0890354	0.0907442	0.0969842	0.43951	0.184558	0.201136	0.39634	0.209239	0.594693	0.53036	0.438323	0.477185	0.339087	0.574547	0.301607	0.328405	0.375498	0.388961	0.359252	0.141775	
MomentArms on: hip_flexion_r
0.0263647	0.0419068	-0.0377605	-0.0531243	-0.0124438	0.0150887	-0.0583007	-0.0427433	-0.0545259	-0.0729022	-0.0118777	-0.0190019	-0.0202238	-0.00021953	-0.00296261	-0.00676328	-0.00463959	0.0347333	-0.00702184	0.025905	0.0446622	0.0500118	-0.0521666	-0.0607514	0.0485429	
MomentArms on: knee_angle_r
0.0375028	0.0351354	0.0272183	0.0273854	0.0435441	-0.0442231	0.0333691	0.0478406	0.0565846	-0.0134996	-0.0393142	-0.0394281	-0.037764	
MomentArms on: ankle_angle_r
0.0390213	0.0421035	-0.0050843	-0.0108004	-0.0402368	-0.040069	-0.00485392	-0.00797854	-0.0366182	0.0463657	-0.00651847	
External Torques: -216.123 -89.4317 -187.544 
Current Torque on hip_flexion_r -95.2847
Current Torque on knee_angle_r -78.4346
Current Torque on ankle_angle_r -180.107

----------------------------------------


EmgTime: 3.755
Adjusted EMG
0.001	0.001	0.999	0.999	0.999	0.001	0.0805833	0.0781505	0.001	0.001	0.00526651	0.049933	0.134127	0.0906521	0.999	0.603417	0.792972	0.454124	0.396802	0.001	0.0695636	0.103799	0.331632	0.001	0.001	0.00204278	0.001	0.001	0.001	0.001	0.143554	0.0750866	0.654327	0.001	0.0573199	0.00846398	0.192886	0.437793	0.617755	0	0	0	0	0	0	0	0	0	0	0	0	0	0	0	0	0	0	0	0	0	0	0	0	0	0	0	0	0	0	0	0	0	0	0	0	0	0	0	0.207144	
LmtTime: 3.755
Lmt
0.144774	0.256136	0.266587	0.400043	0.167946	0.121138	0.454808	0.237767	0.442449	0.406758	0.440949	0.422171	0.468726	0.484639	0.208739	0.246098	0.262605	0.115601	0.1321	0.117063	0.0755236	0.079765	0.0891476	0.464067	0.195677	0.20624	0.404713	0.219962	0.574269	0.592643	0.443195	0.487411	0.351323	0.576181	0.305578	0.337184	0.341018	0.35594	0.326985	0.14529	0.255585	0.298118	0.44488	0.186219	0.119903	0.459829	0.204919	0.437737	0.403596	0.435135	0.417007	0.425019	0.436936	0.229113	0.270617	0.298654	0.135904	0.146855	0.124734	0.0898154	0.0913125	0.0972904	0.441664	0.184034	0.201154	0.396369	0.20869	0.593074	0.528722	0.440191	0.479588	0.339224	0.573149	0.301444	0.32843	0.375254	0.388738	0.359024	0.141702	
MomentArms on: hip_flexion_r
0.026588	0.0421863	-0.0372972	-0.052724	-0.011903	0.0153432	-0.0580465	-0.0428747	-0.0547281	-0.0729074	-0.0119566	-0.0189214	-0.0199893	-0.00017243	-0.0028983	-0.00665529	-0.00384382	0.0346279	-0.00681865	0.025688	0.0443531	0.0493989	-0.0519227	-0.060372	0.0480264	
MomentArms on: knee_angle_r
0.0376335	0.0355352	0.027371	0.0277101	0.0439385	-0.0437874	0.0337637	0.0479991	0.056827	-0.01329	-0.0389017	-0.0389024	-0.0373036	
MomentArms on: ankle_angle_r
0.0390668	0.0421758	-0.00477158	-0.0104378	-0.039634	-0.039517	-0.00469615	-0.00781254	-0.0358884	0.0463845	-0.00622987	
External Torques: -198.459 -98.709 -200.093 
Current Torque on hip_flexion_r -94.6436
Current Torque on knee_angle_r -86.4809
Current Torque on ankle_angle_r -191.296

----------------------------------------


EmgTime: 3.76
Adjusted EMG
0.001	0.001	0.999	0.999	0.999	0.001	0.0826901	0.0796477	0.001	0.001	0.00553616	0.0519618	0.185793	0.132226	0.999	0.546552	0.720981	0.40185	0.368639	0.001	0.0380519	0.0820642	0.296352	0.001	0.001	0.00225792	0.001	0.001	0.001	0.001	0.139234	0.0760974	0.699816	0.001	0.052787	0.0204829	0.189115	0.425947	0.628442	0	0	0	0	0	0	0	0	0	0	0	0	0	0	0	0	0	0	0	0	0	0	0	0	0	0	0	0	0	0	0	0	0	0	0	0	0	0	0	0.198534	
LmtTime: 3.76
Lmt
0.145259	0.256847	0.266162	0.399357	0.167912	0.121495	0.453477	0.237218	0.441457	0.405686	0.441067	0.422433	0.469303	0.485207	0.208118	0.245344	0.261704	0.115202	0.131708	0.116763	0.0753267	0.0795693	0.0889567	0.463485	0.196131	0.206358	0.40491	0.220335	0.57554	0.592784	0.441758	0.485746	0.352227	0.57691	0.3044	0.337339	0.341615	0.356536	0.327557	0.146092	0.256401	0.299763	0.446973	0.18759	0.120398	0.461753	0.205396	0.437681	0.403535	0.435143	0.417024	0.425489	0.437545	0.230033	0.271549	0.300338	0.136972	0.147526	0.125026	0.0906855	0.0919697	0.0976716	0.44403	0.183529	0.201162	0.396381	0.208135	0.591376	0.52723	0.442196	0.482166	0.33928	0.571818	0.301377	0.32844	0.374929	0.38844	0.358721	0.141623	
MomentArms on: hip_flexion_r
0.0268009	0.0424571	-0.0367931	-0.0522843	-0.0113311	0.0155919	-0.0577589	-0.0429794	-0.0549068	-0.0728676	-0.0120243	-0.0188047	-0.0196988	-0.00010662	-0.00280615	-0.00651061	-0.00302128	0.034509	-0.00656951	0.0254524	0.0440217	0.0487464	-0.0516511	-0.0599557	0.047497	
MomentArms on: knee_angle_r
0.0377293	0.0358472	0.0274885	0.0279595	0.0442232	-0.0434682	0.0340675	0.0481098	0.0569988	-0.0131244	-0.0386078	-0.0385208	-0.0369746	
MomentArms on: ankle_angle_r
0.0390821	0.0422146	-0.00450264	-0.0101251	-0.039095	-0.0390217	-0.00455988	-0.0076686	-0.0352439	0.0463681	-0.00598116	
External Torques: -184.169 -104.523 -212.462 
Current Torque on hip_flexion_r -90.7383
Current Torque on knee_angle_r -90.6717
Current Torque on ankle_angle_r -202.045

----------------------------------------


EmgTime: 3.765
Adjusted EMG
0.001	0.001	0.999	0.999	0.999	0.001	0.0854281	0.0809841	0.001	0.001	0.00676712	0.0610756	0.181997	0.152945	0.999	0.501711	0.661657	0.379011	0.347046	0.001	0.0167428	0.0709536	0.268067	0.001	0.001	0.00288222	0.001	0.001	0.001	0.001	0.132807	0.0775523	0.742236	0.001	0.047965	0.0310897	0.192443	0.452414	0.681606	0	0	0	0	0	0	0	0	0	0	0	0	0	0	0	0	0	0	0	0	0	0	0	0	0	0	0	0	0	0	0	0	0	0	0	0	0	0	0	0.1868	
LmtTime: 3.765
Lmt
0.145807	0.257635	0.265741	0.398654	0.167915	0.121902	0.452276	0.23682	0.440602	0.404762	0.441163	0.422651	0.469848	0.485746	0.207443	0.244531	0.260762	0.114758	0.131271	0.116427	0.0751014	0.0793435	0.0887365	0.463139	0.196614	0.206456	0.405076	0.220732	0.576641	0.593089	0.440499	0.484299	0.352991	0.57758	0.303386	0.337468	0.342041	0.35696	0.327964	0.14688	0.257232	0.301392	0.449058	0.188941	0.120867	0.463785	0.206006	0.437705	0.403561	0.435139	0.417017	0.425976	0.438201	0.231016	0.272517	0.30201	0.138097	0.148264	0.125397	0.0916193	0.0927	0.0981264	0.446582	0.183028	0.201159	0.396376	0.207568	0.589607	0.525885	0.444334	0.484911	0.339255	0.570548	0.301406	0.328436	0.374528	0.388074	0.358347	0.141525	
MomentArms on: hip_flexion_r
0.0270096	0.0427237	-0.0362393	-0.0517992	-0.0107149	0.0158453	-0.0574331	-0.0430821	-0.0550833	-0.0727906	-0.0121091	-0.0186838	-0.0193836	-4.927e-05	-0.00271613	-0.00635915	-0.00216214	0.0343759	-0.00629829	0.0251961	0.0436623	0.0480461	-0.0513475	-0.0594966	0.0469239	
MomentArms on: knee_angle_r
0.0377933	0.0360704	0.0275712	0.0281365	0.0444058	-0.0432488	0.0342829	0.0481809	0.0571096	-0.0130047	-0.0384134	-0.0382641	-0.0367566	
MomentArms on: ankle_angle_r
0.0390756	0.0422288	-0.00427022	-0.00985422	-0.0386141	-0.0385786	-0.00444169	-0.00754336	-0.0346747	0.0463285	-0.00576583	
External Torques: -171.811 -107.72 -224.29 
Current Torque on hip_flexion_r -86.598
Current Torque on knee_angle_r -89.7865
Current Torque on ankle_angle_r -210.377

----------------------------------------


EmgTime: 3.77
Adjusted EMG
0.001	0.001	0.999	0.999	0.999	0.001	0.088503	0.0817315	0.001	0.001	0.00811557	0.0689206	0.147811	0.0930018	0.999	0.46321	0.607972	0.372232	0.327898	0.001	0.00924899	0.0655579	0.245613	0.001	0.001	0.00358321	0.001	0.001	0.001	0.001	0.124606	0.0792531	0.766887	0.001	0.0430222	0.0386481	0.198105	0.493945	0.739792	0	0	0	0	0	0	0	0	0	0	0	0	0	0	0	0	0	0	0	0	0	0	0	0	0	0	0	0	0	0	0	0	0	0	0	0	0	0	0	0.172683	
LmtTime: 3.77
Lmt
0.146416	0.258506	0.265309	0.397921	0.167942	0.122351	0.451185	0.236577	0.439868	0.403969	0.441241	0.422834	0.470384	0.486277	0.206698	0.243636	0.259746	0.114296	0.130796	0.116044	0.0748729	0.0791043	0.0884931	0.463018	0.197138	0.206539	0.405217	0.221157	0.577589	0.593568	0.439401	0.483049	0.353638	0.578218	0.302516	0.337574	0.342299	0.357217	0.328211	0.147625	0.258034	0.302994	0.451118	0.190253	0.121297	0.465925	0.206753	0.437804	0.403668	0.435125	0.416988	0.426486	0.438904	0.232065	0.273527	0.303671	0.139247	0.149062	0.125861	0.0925879	0.0934845	0.0986506	0.449289	0.182517	0.201146	0.396355	0.206983	0.587776	0.524692	0.446601	0.487814	0.339157	0.569328	0.301523	0.328418	0.374055	0.387643	0.357906	0.141397	
MomentArms on: hip_flexion_r
0.0272222	0.042992	-0.0356254	-0.0512614	-0.0100422	0.0161144	-0.0570637	-0.0432093	-0.055281	-0.0726861	-0.0122389	-0.01859	-0.0190751	-2.719e-05	-0.00265813	-0.00623094	-0.00125503	0.0342285	-0.00602927	0.0249168	0.0432686	0.0472884	-0.0510064	-0.0589873	0.0462756	
MomentArms on: knee_angle_r
0.0378288	0.0362059	0.0276203	0.0282437	0.0444937	-0.0431146	0.0344129	0.048219	0.0571672	-0.0129315	-0.0383022	-0.038115	-0.0366316	
MomentArms on: ankle_angle_r
0.0390536	0.0422253	-0.00406994	-0.00962031	-0.0381886	-0.0381859	-0.00433954	-0.00743481	-0.0341754	0.0462744	-0.00558001	
External Torques: -159.925 -108.997 -235.17 
Current Torque on hip_flexion_r -81.6613
Current Torque on knee_angle_r -85.0524
Current Torque on ankle_angle_r -217.248

----------------------------------------


EmgTime: 3.775
Adjusted EMG
0.001	0.001	0.999	0.954802	0.999	0.001	0.0915478	0.0817078	0.001	0.001	0.00956404	0.075993	0.152792	0.0638981	0.999	0.429017	0.557592	0.368672	0.303245	0.001	0.0208123	0.0630488	0.227967	0.001	0.001	0.00432762	0.001	0.001	0.001	0.001	0.116157	0.0809349	0.79587	0.001	0.0384298	0.0439572	0.202613	0.522822	0.768913	0	0	0	0	0	0	0	0	0	0	0	0	0	0	0	0	0	0	0	0	0	0	0	0	0	0	0	0	0	0	0	0	0	0	0	0	0	0	0	0.157453	
LmtTime: 3.775
Lmt
0.147087	0.259463	0.26485	0.397143	0.167982	0.122833	0.450181	0.236486	0.439249	0.403299	0.441304	0.422985	0.470917	0.486809	0.205868	0.242635	0.258622	0.113839	0.130287	0.115602	0.0746619	0.078865	0.0882305	0.463107	0.197717	0.206607	0.405334	0.221614	0.5784	0.594232	0.438447	0.481974	0.354177	0.578846	0.301782	0.337662	0.342395	0.357313	0.328303	0.148297	0.258773	0.304552	0.453134	0.191508	0.121672	0.46817	0.207638	0.437965	0.403842	0.435102	0.41694	0.427027	0.43966	0.233177	0.274581	0.305317	0.140393	0.149913	0.126424	0.0935656	0.0943059	0.0992388	0.452117	0.181984	0.201125	0.396321	0.206375	0.585891	0.523656	0.448989	0.49086	0.338997	0.568151	0.301714	0.328389	0.373514	0.38715	0.357402	0.141229	
MomentArms on: hip_flexion_r
0.0274442	0.0432659	-0.0349405	-0.0506623	-0.00930102	0.0164086	-0.0566442	-0.0433844	-0.0555208	-0.0725612	-0.0124388	-0.0185512	-0.0187999	-6.436e-05	-0.00265858	-0.00615214	-0.00028863	0.0340672	-0.00578297	0.0246121	0.0428333	0.0464629	-0.0506218	-0.0584198	0.0455236	
MomentArms on: knee_angle_r
0.037838	0.0362565	0.0276374	0.0282842	0.044493	-0.0430547	0.0344613	0.0482282	0.057177	-0.0129041	-0.0382621	-0.0380607	-0.0365863	
MomentArms on: ankle_angle_r
0.0390218	0.04221	-0.00390047	-0.00942204	-0.0378204	-0.0378461	-0.00425288	-0.00734252	-0.0337467	0.0462137	-0.00542258	
External Torques: -147.415 -108.788 -244.669 
Current Torque on hip_flexion_r -75.3728
Current Torque on knee_angle_r -78.571
Current Torque on ankle_angle_r -222.093

----------------------------------------


EmgTime: 3.78
Adjusted EMG
0.001	0.001	0.999	0.883994	0.929472	0.001	0.0941386	0.0804787	0.001	0.001	0.0110101	0.0814396	0.165682	0.0678228	0.919	0.395311	0.506412	0.361005	0.271526	0.001	0.0516347	0.0624828	0.20909	0.001	0.001	0.00506488	0.001	0.001	0.001	0.001	0.107283	0.0976257	0.819191	0.001	0.0343322	0.0472969	0.205465	0.536934	0.782607	0	0	0	0	0	0	0	0	0	0	0	0	0	0	0	0	0	0	0	0	0	0	0	0	0	0	0	0	0	0	0	0	0	0	0	0	0	0	0	0.140962	
LmtTime: 3.78
Lmt
0.147819	0.260508	0.264357	0.396313	0.168031	0.123343	0.449242	0.236541	0.438748	0.402758	0.441353	0.423105	0.471443	0.487336	0.204938	0.241512	0.257367	0.113398	0.129746	0.115094	0.074481	0.078633	0.0879497	0.463392	0.19836	0.206661	0.405428	0.222107	0.579088	0.595078	0.437618	0.481051	0.354608	0.57948	0.30119	0.33773	0.342337	0.357255	0.328247	0.148869	0.259409	0.30605	0.455081	0.192684	0.121975	0.470514	0.208664	0.438174	0.404068	0.435071	0.416878	0.427614	0.440476	0.234348	0.275678	0.306939	0.141518	0.15081	0.127088	0.0945333	0.0951507	0.0998863	0.455025	0.18142	0.201097	0.396276	0.205739	0.583963	0.522787	0.451489	0.494035	0.338787	0.56702	0.301962	0.32835	0.372908	0.386598	0.356838	0.141012	
MomentArms on: hip_flexion_r
0.0276791	0.043547	-0.0341753	-0.0499941	-0.0084804	0.0167334	-0.0561672	-0.0436241	-0.0558176	-0.0724186	-0.0127279	-0.0185874	-0.0185761	-0.00017917	-0.00273714	-0.00614154	0.00074537	0.0338923	-0.00557305	0.0242798	0.0423501	0.0455611	-0.0501874	-0.0577857	0.0446469	
MomentArms on: knee_angle_r
0.0378226	0.036226	0.0276241	0.0282611	0.0444083	-0.043063	0.034432	0.0482108	0.0571419	-0.0129207	-0.0382862	-0.0380934	-0.0366136	
MomentArms on: ankle_angle_r
0.0389864	0.0421886	-0.00376316	-0.00926116	-0.0375166	-0.0375657	-0.00418252	-0.00726744	-0.0333953	0.0461539	-0.00529489	
External Torques: -133.536 -107.361 -252.358 
Current Torque on hip_flexion_r -67.8322
Current Torque on knee_angle_r -71.0255
Current Torque on ankle_angle_r -225.032

----------------------------------------


EmgTime: 3.785
Adjusted EMG
0.001	0.001	0.999	0.799382	0.816638	0.001	0.0959174	0.0777214	0.001	0.001	0.0124124	0.0854816	0.165719	0.0457968	0.811045	0.355924	0.447394	0.346625	0.242943	0.001	0.0927942	0.0618775	0.186023	0.001	0.001	0.00574944	0.001	0.001	0.001	0.001	0.0970561	0.0967598	0.833407	0.001	0.0308571	0.0494611	0.206432	0.539762	0.79116	0	0	0	0	0	0	0	0	0	0	0	0	0	0	0	0	0	0	0	0	0	0	0	0	0	0	0	0	0	0	0	0	0	0	0	0	0	0	0	0.123008	
LmtTime: 3.785
Lmt
0.148616	0.261646	0.263827	0.395428	0.168087	0.123882	0.448354	0.236735	0.438379	0.402357	0.441389	0.423192	0.471946	0.487842	0.203898	0.240252	0.255965	0.11298	0.129169	0.114508	0.0743343	0.0784085	0.0876473	0.463863	0.199073	0.2067	0.405496	0.222638	0.579666	0.596103	0.4369	0.480264	0.354923	0.580124	0.300752	0.33778	0.342132	0.357051	0.328051	0.149309	0.259903	0.307466	0.456938	0.193755	0.122186	0.472945	0.209831	0.438418	0.404332	0.435035	0.416804	0.428256	0.441359	0.23557	0.276814	0.308525	0.142606	0.151745	0.12785	0.0954779	0.0960095	0.100589	0.457972	0.180818	0.201064	0.396224	0.205071	0.582003	0.522098	0.45409	0.49732	0.338542	0.565942	0.302252	0.328305	0.372236	0.385986	0.356212	0.140737	
MomentArms on: hip_flexion_r
0.0279261	0.0438327	-0.0333205	-0.0492496	-0.00757533	0.0170904	-0.0556247	-0.0439385	-0.0561798	-0.0722547	-0.0131206	-0.0187118	-0.0184138	-0.00038529	-0.00290743	-0.00621116	0.00185175	0.033704	-0.00540646	0.0240672	0.0418133	0.0445771	-0.0496967	-0.0570773	0.0436314	
MomentArms on: knee_angle_r
0.0377835	0.0361182	0.0275819	0.0281781	0.0442429	-0.0431385	0.0343288	0.0481669	0.0570627	-0.0129789	-0.0383736	-0.0382109	-0.0367118	
MomentArms on: ankle_angle_r
0.0389542	0.0421672	-0.00366139	-0.00914179	-0.0372879	-0.0373551	-0.00413029	-0.00721162	-0.0331325	0.0461034	-0.00520018	
External Torques: -117.831 -104.937 -257.834 
Current Torque on hip_flexion_r -59.5994
Current Torque on knee_angle_r -62.5414
Current Torque on ankle_angle_r -225.932

----------------------------------------


EmgTime: 3.79
Adjusted EMG
0.001	0.001	0.999	0.692869	0.687438	0.001	0.0966873	0.0737117	0.001	0.001	0.0137261	0.0881765	0.166439	0.0488982	0.705369	0.312261	0.384776	0.327904	0.222574	0.001	0.134722	0.0605083	0.162471	0.001	0.001	0.00632894	0.001	0.001	0.00194123	0.001	0.086182	0.08521	0.835595	0.001	0.028036	0.0508206	0.204686	0.528879	0.787774	0	0	0	0	0	0	0	0	0	0	0	0	0	0	0	0	0	0	0	0	0	0	0	0	0	0	0	0	0	0	0	0	0	0	0	0	0	0	0	0.104129	
LmtTime: 3.79
Lmt
0.149481	0.262881	0.263264	0.394488	0.168156	0.124451	0.447509	0.237058	0.438156	0.402116	0.441409	0.423244	0.472406	0.488308	0.202739	0.238844	0.25441	0.11258	0.128548	0.113836	0.0742187	0.0781868	0.087317	0.464514	0.199859	0.206724	0.405537	0.223209	0.580139	0.597294	0.436282	0.479598	0.355113	0.580774	0.300488	0.33781	0.341786	0.356707	0.327721	0.149589	0.26022	0.30878	0.458681	0.194699	0.122282	0.475452	0.211137	0.438689	0.404625	0.434994	0.416722	0.428959	0.442309	0.236837	0.277986	0.310059	0.143651	0.152713	0.128704	0.0963907	0.0968758	0.101344	0.460915	0.180172	0.201028	0.396166	0.204367	0.580007	0.521601	0.456779	0.500694	0.338269	0.564928	0.302573	0.328255	0.371497	0.385312	0.355524	0.140399	
MomentArms on: hip_flexion_r
0.0281818	0.0441182	-0.0323689	-0.0484206	-0.00658213	0.0174776	-0.0550079	-0.0443314	-0.05661	-0.0720612	-0.0136259	-0.018931	-0.0183153	-0.00069136	-0.00317709	-0.00636658	0.00303281	0.0335024	-0.00528408	0.023867	0.0412177	0.0435057	-0.0491432	-0.0562865	0.0424687	
MomentArms on: knee_angle_r
0.0377206	0.035937	0.0275112	0.0280362	0.0439978	-0.0432847	0.0341544	0.0480946	0.0569376	-0.0130764	-0.0385279	-0.0384158	-0.0368851	
MomentArms on: ankle_angle_r
0.0389321	0.0421519	-0.00359995	-0.00906967	-0.0371476	-0.0372272	-0.00409872	-0.00717786	-0.0329729	0.0460703	-0.00514297	
External Torques: -100.291 -101.654 -260.763 
Current Torque on hip_flexion_r -50.219
Current Torque on knee_angle_r -54.0258
Current Torque on ankle_angle_r -224.971

----------------------------------------


EmgTime: 3.795
Adjusted EMG
0.001	0.001	0.999	0.580248	0.545241	0.001	0.0963759	0.0694392	0.001	0.001	0.0141789	0.0865812	0.168542	0.0914134	0.620919	0.273113	0.330571	0.315151	0.201909	0.001	0.169844	0.0595923	0.148408	0.001	0.001	0.00643042	0.001	0.001	0.430404	0.001	0.0776397	0.0747411	0.816333	0.001	0.0258965	0.0500873	0.198127	0.497327	0.761984	0	0	0	0	0	0	0	0	0	0	0	0	0	0	0	0	0	0	0	0	0	0	0	0	0	0	0	0	0	0	0	0	0	0	0	0	0	0	0	0.0897286	
LmtTime: 3.795
Lmt
0.150416	0.264217	0.26267	0.393496	0.168244	0.125054	0.4467	0.237503	0.438099	0.402055	0.441415	0.423258	0.472802	0.48871	0.20145	0.23728	0.252699	0.112188	0.127874	0.113071	0.0741265	0.0779597	0.0869509	0.465339	0.200717	0.20673	0.405548	0.223822	0.580514	0.598642	0.435755	0.479046	0.355161	0.581424	0.300421	0.337817	0.341306	0.356227	0.327261	0.149686	0.260331	0.30997	0.460287	0.195491	0.122247	0.478017	0.212578	0.438984	0.404944	0.434949	0.416633	0.429719	0.443318	0.238138	0.279183	0.311524	0.144647	0.153705	0.129637	0.0972662	0.0977438	0.102145	0.463813	0.179482	0.200988	0.396103	0.203626	0.577963	0.521312	0.45954	0.504133	0.33797	0.563992	0.302923	0.328199	0.370694	0.384579	0.354775	0.139992	
MomentArms on: hip_flexion_r
0.0284416	0.0443982	-0.031312	-0.0474986	-0.00549729	0.0178918	-0.0543069	-0.0448019	-0.0571068	-0.0718257	-0.0142473	-0.0192446	-0.018276	-0.0011003	-0.00354759	-0.00660715	0.00429082	0.033286	-0.00520234	0.0236612	0.0405578	0.0423412	-0.0485193	-0.0554041	0.0411538	
MomentArms on: knee_angle_r
0.0376327	0.0356855	0.027414	0.0278372	0.0436721	-0.0435087	0.0339104	0.0479903	0.0567626	-0.0132105	-0.038757	-0.0387154	-0.0371417	
MomentArms on: ankle_angle_r
0.0389261	0.0421477	-0.00358427	-0.00905125	-0.0371102	-0.037195	-0.00409065	-0.00716923	-0.032932	0.0460615	-0.00512837	
External Torques: -81.5261 -97.4948 -260.905 
Current Torque on hip_flexion_r -38.0314
Current Torque on knee_angle_r -47.0966
Current Torque on ankle_angle_r -223.17

----------------------------------------


EmgTime: 3.8
Adjusted EMG
0.001	0.001	0.999	0.494146	0.409285	0.001	0.094976	0.0651193	0.00103418	0.001	0.0142996	0.0830436	0.168618	0.11509	0.55241	0.240557	0.287215	0.307079	0.181623	0.001	0.202756	0.0592582	0.139819	0.001	0.001	0.00628349	0.001	0.001	0.459395	0.001	0.0710043	0.0669384	0.785355	0.001	0.0241972	0.0479846	0.187716	0.455869	0.722471	0	0	0	0	0	0	0	0	0	0	0	0	0	0	0	0	0	0	0	0	0	0	0	0	0	0	0	0	0	0	0	0	0	0	0	0	0	0	0	0.0803497	
LmtTime: 3.8
Lmt
0.151423	0.265657	0.26205	0.392452	0.168355	0.125694	0.445919	0.238063	0.438229	0.402195	0.441403	0.423227	0.47311	0.489022	0.200026	0.235553	0.250828	0.111791	0.127138	0.112209	0.074048	0.0777188	0.0865429	0.466337	0.201649	0.206716	0.405524	0.224477	0.580794	0.600138	0.435311	0.478596	0.355051	0.582067	0.300575	0.3378	0.340693	0.355615	0.326673	0.149588	0.260222	0.311019	0.461736	0.196116	0.122067	0.480617	0.214146	0.439308	0.405294	0.434899	0.416533	0.430523	0.444371	0.239459	0.280392	0.312898	0.145593	0.154708	0.130631	0.0981013	0.0986079	0.102981	0.46663	0.178754	0.200944	0.396033	0.202852	0.575885	0.521243	0.462352	0.507608	0.33764	0.563153	0.303308	0.328137	0.369831	0.383789	0.353971	0.139516	
MomentArms on: hip_flexion_r
0.0287013	0.0446674	-0.03014	-0.0464728	-0.00431811	0.0183288	-0.0535107	-0.0453438	-0.0576656	-0.0715337	-0.01498	-0.0196438	-0.0182832	-0.00160705	-0.00401265	-0.00692512	0.00562922	0.0330585	-0.00515035	0.0234506	0.0398269	0.0410753	-0.0478161	-0.0544193	0.0396852	
MomentArms on: knee_angle_r
0.0375181	0.035366	0.0272904	0.0275808	0.0432619	-0.0438206	0.0335974	0.0478487	0.0565316	-0.0133791	-0.0390716	-0.0391201	-0.0374933	
MomentArms on: ankle_angle_r
0.0389396	0.0421571	-0.00362008	-0.0090933	-0.037189	-0.0372712	-0.00410906	-0.00718893	-0.0330252	0.0460814	-0.00516172	
External Torques: -62.6573 -92.3402 -258.128 
Current Torque on hip_flexion_r -24.1282
Current Torque on knee_angle_r -41.4447
Current Torque on ankle_angle_r -220.297

----------------------------------------


EmgTime: 3.805
Adjusted EMG
0.001	0.001	0.962245	0.425509	0.283113	0.001	0.0923762	0.060145	0.00146044	0.001	0.0142913	0.0794383	0.170877	0.130212	0.487757	0.216101	0.254337	0.297215	0.164838	0.001	0.233712	0.0588552	0.129515	0.001	0.001	0.00602886	0.001	0.001	0.487009	0.001	0.0643895	0.0592477	0.75516	0.001	0.0223145	0.0466204	0.174693	0.41991	0.69063	0	0	0	0	0	0	0	0	0	0	0	0	0	0	0	0	0	0	0	0	0	0	0	0	0	0	0	0	0	0	0	0	0	0	0	0	0	0	0	0.0718488	
LmtTime: 3.805
Lmt
0.152501	0.2672	0.261402	0.39135	0.168491	0.126372	0.445163	0.23873	0.438566	0.40256	0.441371	0.423148	0.473304	0.489219	0.19846	0.233657	0.248791	0.111376	0.126334	0.111252	0.0739736	0.0774577	0.0860902	0.467504	0.202655	0.20668	0.405462	0.225175	0.580982	0.601777	0.43494	0.478237	0.354764	0.582701	0.300974	0.337755	0.339948	0.354868	0.325958	0.149295	0.259893	0.311911	0.463009	0.196561	0.121738	0.483221	0.215829	0.439672	0.405687	0.434842	0.41642	0.43135	0.445441	0.24078	0.281593	0.314159	0.146488	0.155709	0.131659	0.0988953	0.0994624	0.103842	0.469335	0.178	0.200894	0.395953	0.202054	0.573792	0.521405	0.465185	0.511084	0.337268	0.562428	0.303739	0.328067	0.368885	0.382951	0.353112	0.138976	
MomentArms on: hip_flexion_r
0.0289575	0.0449214	-0.0288439	-0.04533	-0.00304193	0.0187847	-0.0526075	-0.0459466	-0.058279	-0.0711685	-0.0158107	-0.0201111	-0.0183172	-0.00219837	-0.00455836	-0.007306	0.007053	0.0328208	-0.00511591	0.0232277	0.039017	0.0396968	-0.0470232	-0.0533194	0.0380643	
MomentArms on: knee_angle_r
0.0373742	0.0349803	0.0271402	0.0272675	0.0427613	-0.0442319	0.0332143	0.0476626	0.0562359	-0.0135801	-0.0394844	-0.0396426	-0.0379538	
MomentArms on: ankle_angle_r
0.0389712	0.0421786	-0.00371285	-0.00920216	-0.0373951	-0.0374655	-0.00415671	-0.00723986	-0.0332656	0.0461296	-0.00524808	
External Torques: -44.988 -86.0948 -252.421 
Current Torque on hip_flexion_r -10.6237
Current Torque on knee_angle_r -35.6374
Current Torque on ankle_angle_r -215.302

----------------------------------------


EmgTime: 3.81
Adjusted EMG
0.001	0.001	0.894215	0.349205	0.158931	0.001	0.0886817	0.0548975	0.00135876	0.001	0.0143865	0.076212	0.201262	0.174299	0.444664	0.201919	0.23527	0.295437	0.158554	0.001	0.261961	0.0613941	0.124485	0.001	0.001	0.00573586	0.001	0.001	0.483081	0.001	0.0592958	0.0536969	0.725791	0.001	0.0216582	0.0440769	0.16048	0.392118	0.663436	0	0	0	0	0	0	0	0	0	0	0	0	0	0	0	0	0	0	0	0	0	0	0	0	0	0	0	0	0	0	0	0	0	0	0	0	0	0	0	0.066022	
LmtTime: 3.81
Lmt
0.153643	0.268843	0.260724	0.390184	0.16865	0.127088	0.444423	0.239498	0.439129	0.40317	0.441316	0.423014	0.473359	0.489275	0.196752	0.231589	0.246582	0.11093	0.12546	0.110212	0.0738951	0.0771728	0.0855944	0.468834	0.203737	0.20662	0.405356	0.225917	0.581081	0.603557	0.434633	0.477961	0.35428	0.583325	0.301641	0.337678	0.33907	0.353984	0.325112	0.148819	0.259362	0.312634	0.464093	0.196826	0.121262	0.485795	0.217604	0.440087	0.406135	0.434775	0.416289	0.432171	0.446497	0.24208	0.282762	0.315284	0.147335	0.15669	0.132691	0.0996502	0.100302	0.104712	0.471901	0.177241	0.200836	0.395862	0.201249	0.571711	0.521801	0.468007	0.514519	0.336839	0.561835	0.304231	0.327985	0.367855	0.382058	0.352174	0.138387	
MomentArms on: hip_flexion_r
0.0292076	0.0451563	-0.0274126	-0.0440544	-0.00166611	0.0192553	-0.0515845	-0.0465951	-0.0589372	-0.0707116	-0.0167174	-0.0206217	-0.0183525	-0.0028534	-0.00516386	-0.00772953	0.00856763	0.0325762	-0.00508438	0.0230095	0.0381195	0.0381925	-0.0461293	-0.0520903	0.0362963	
MomentArms on: knee_angle_r
0.0371978	0.0345295	0.0269634	0.0268951	0.0421617	-0.0447549	0.0327592	0.0474233	0.0558647	-0.0138117	-0.0400085	-0.0402966	-0.0385381	
MomentArms on: ankle_angle_r
0.0390142	0.0422056	-0.00386771	-0.00938368	-0.0377361	-0.0377847	-0.00423611	-0.00732463	-0.0336632	0.0462003	-0.00539213	
External Torques: -29.8096 -78.7203 -243.886 
Current Torque on hip_flexion_r 2.56287
Current Torque on knee_angle_r -29.766
Current Torque on ankle_angle_r -207.794

----------------------------------------


EmgTime: 3.815
Adjusted EMG
0.001	0.001	0.855399	0.299493	0.0350834	0.001	0.084279	0.0493003	0.001	0.001	0.0149534	0.0750132	0.244544	0.22521	0.434972	0.19447	0.225381	0.303318	0.160483	0.001	0.293896	0.067534	0.126925	0.001	0.001	0.00557787	0.001	0.001	0.48513	0.001	0.055258	0.0499263	0.710004	0.001	0.0222335	0.0435378	0.148464	0.369174	0.645155	0	0	0	0	0	0	0	0	0	0	0	0	0	0	0	0	0	0	0	0	0	0	0	0	0	0	0	0	0	0	0	0	0	0	0	0	0	0	0	0.0647105	
LmtTime: 3.815
Lmt
0.154841	0.270579	0.260014	0.388948	0.168828	0.12784	0.443697	0.240361	0.43994	0.404046	0.441234	0.422816	0.473248	0.489158	0.194902	0.229348	0.244198	0.11044	0.124519	0.109103	0.0738061	0.0768635	0.0850612	0.47032	0.204893	0.206531	0.405203	0.226704	0.581092	0.605472	0.434382	0.477755	0.353576	0.58394	0.302601	0.337564	0.338055	0.35296	0.324133	0.148182	0.258659	0.313182	0.464979	0.196911	0.120652	0.488297	0.219447	0.440566	0.406653	0.434697	0.416137	0.432953	0.447504	0.243335	0.283873	0.316254	0.148144	0.157636	0.133698	0.100371	0.101123	0.105576	0.474305	0.1765	0.200769	0.395756	0.200454	0.569667	0.522428	0.470779	0.517867	0.336342	0.561394	0.304799	0.32789	0.366749	0.381086	0.351163	0.137762	
MomentArms on: hip_flexion_r
0.0294486	0.0453675	-0.0258367	-0.0426311	-0.00019046	0.0197355	-0.0504294	-0.0472708	-0.0596275	-0.0701415	-0.0176734	-0.0211456	-0.0183602	-0.00354673	-0.00580412	-0.00817201	0.010177	0.0323297	-0.00503768	0.022792	0.037126	0.0365497	-0.0451222	-0.0507174	0.0343898	
MomentArms on: knee_angle_r
0.0369852	0.0340155	0.0267598	0.0264618	0.0414524	-0.0453454	0.0322287	0.0471197	0.0554048	-0.0140715	-0.0406015	-0.0410396	-0.0392028	
MomentArms on: ankle_angle_r
0.0390565	0.0422263	-0.0040895	-0.00964318	-0.0382156	-0.0382313	-0.00434953	-0.00744544	-0.0342245	0.0462805	-0.00559817	
External Torques: -18.3605 -70.1907 -232.728 
Current Torque on hip_flexion_r 14.2546
Current Torque on knee_angle_r -22.6432
Current Torque on ankle_angle_r -196.833

----------------------------------------


EmgTime: 3.82
Adjusted EMG
0.001	0.001	0.858544	0.278562	0.001	0.001	0.0795022	0.0441736	0.001	0.001	0.0165449	0.0774921	0.311086	0.301059	0.469838	0.199269	0.230158	0.33456	0.173244	0.001	0.342058	0.0805979	0.14136	0.001	0.001	0.00573207	0.001	0.001	0.451634	0.001	0.0547063	0.0504555	0.71605	0.001	0.0222608	0.045258	0.135053	0.339193	0.629793	0	0	0	0	0	0	0	0	0	0	0	0	0	0	0	0	0	0	0	0	0	0	0	0	0	0	0	0	0	0	0	0	0	0	0	0	0	0	0	0.0687559	
LmtTime: 3.82
Lmt
0.156086	0.272397	0.259273	0.387641	0.169024	0.128623	0.442981	0.241311	0.441015	0.405209	0.441117	0.422546	0.472938	0.488836	0.192917	0.226938	0.241639	0.109897	0.123517	0.107946	0.0737025	0.0765314	0.0844984	0.471954	0.206121	0.206409	0.404996	0.227534	0.581014	0.60751	0.434182	0.477612	0.352623	0.584544	0.303876	0.337406	0.336903	0.351794	0.32302	0.147405	0.257814	0.313548	0.46566	0.196822	0.119917	0.490686	0.221328	0.441117	0.407247	0.434605	0.415959	0.433667	0.448429	0.244521	0.284901	0.317049	0.148929	0.158535	0.134652	0.101062	0.101922	0.106422	0.476525	0.175802	0.20069	0.395633	0.19969	0.567689	0.523279	0.47346	0.521082	0.335765	0.561126	0.305453	0.327778	0.365578	0.380042	0.350087	0.137122	
MomentArms on: hip_flexion_r
0.0296764	0.045549	-0.0241089	-0.0410452	0.00138384	0.0202202	-0.0491303	-0.0479542	-0.0603364	-0.0694332	-0.0186515	-0.0216539	-0.0183134	-0.00425387	-0.00645512	-0.00861103	0.0118812	0.0320867	-0.0049634	0.0225818	0.0360294	0.0347584	-0.043991	-0.0491878	0.0323552	
MomentArms on: knee_angle_r
0.036733	0.0334411	0.0265318	0.0259662	0.040622	-0.0459289	0.031619	0.0467397	0.0548416	-0.0143566	-0.0411907	-0.0417981	-0.0398728	
MomentArms on: ankle_angle_r
0.0390812	0.0422242	-0.00438263	-0.00998532	-0.0388321	-0.0388022	-0.0044989	-0.00760403	-0.0349514	0.0463507	-0.00587002	
External Torques: -11.753 -60.4725 -219.248 
Current Torque on hip_flexion_r 24.5636
Current Torque on knee_angle_r -14.779
Current Torque on ankle_angle_r -181.424

----------------------------------------


EmgTime: 3.825
Adjusted EMG
0.001	0.001	0.902698	0.277263	0.001	0.001	0.0745815	0.0404948	0.00168893	0.001	0.019925	0.0850563	0.392444	0.402603	0.54714	0.220567	0.253507	0.396772	0.196383	0.001	0.410346	0.103604	0.170146	0.001	0.001	0.0063565	0.001	0.001	0.343029	0.001	0.060178	0.0574085	0.758	0.001	0.0216669	0.0500263	0.11868	0.299798	0.605219	0	0	0	0	0	0	0	0	0	0	0	0	0	0	0	0	0	0	0	0	0	0	0	0	0	0	0	0	0	0	0	0	0	0	0	0	0	0	0	0.0780947	
LmtTime: 3.825
Lmt
0.157368	0.274286	0.258506	0.386269	0.16924	0.129434	0.442277	0.242336	0.442374	0.406676	0.440958	0.422192	0.472393	0.48827	0.190803	0.224365	0.238913	0.109298	0.122462	0.106757	0.0735824	0.0761789	0.0839137	0.473724	0.207419	0.206249	0.404728	0.228405	0.580847	0.60965	0.434025	0.477525	0.351393	0.585132	0.305488	0.337196	0.335619	0.350488	0.321776	0.146505	0.256846	0.313727	0.466128	0.196558	0.119066	0.492925	0.22322	0.441743	0.407922	0.434498	0.415754	0.434293	0.44925	0.245621	0.285826	0.317654	0.149696	0.159399	0.135543	0.101729	0.102698	0.107238	0.478535	0.175167	0.200599	0.395492	0.198974	0.565799	0.524351	0.476013	0.52412	0.335103	0.561047	0.306194	0.327648	0.364351	0.378934	0.348954	0.136481	
MomentArms on: hip_flexion_r
0.0298854	0.0456926	-0.0222252	-0.0392862	0.00305003	0.0207013	-0.0476777	-0.0486267	-0.0610496	-0.0685584	-0.0196296	-0.0221229	-0.018191	-0.00495576	-0.00709804	-0.00902913	0.0136931	0.0318537	-0.00484966	0.0223821	0.0348253	0.032815	-0.0427269	-0.0474921	0.0302046	
MomentArms on: knee_angle_r
0.0364391	0.0328114	0.02628	0.0254074	0.0398264	-0.0464871	0.0309285	0.0462721	0.0541619	-0.0146631	-0.0417588	-0.042554	-0.040531	
MomentArms on: ankle_angle_r
0.0390687	0.0421796	-0.00475111	-0.0104141	-0.0395772	-0.0394886	-0.0046858	-0.00780162	-0.0358399	0.0463843	-0.00621096	
External Torques: -10.8303 -49.5597 -203.825 
Current Torque on hip_flexion_r 33.4616
Current Torque on knee_angle_r -7.01638
Current Torque on ankle_angle_r -160.592

----------------------------------------


EmgTime: 3.83
Adjusted EMG
0.001	0.001	0.968007	0.283433	0.001	0.001	0.0695728	0.0379365	0.00187075	0.00100002	0.0258127	0.0991017	0.473065	0.520726	0.65876	0.256578	0.292046	0.472158	0.220631	0.001	0.489271	0.135601	0.21039	0.001	0.001	0.00755937	0.001	0.001	0.001	0.001	0.0714638	0.069414	0.869937	0.001	0.021972	0.057827	0.102178	0.260424	0.569121	0	0	0	0	0	0	0	0	0	0	0	0	0	0	0	0	0	0	0	0	0	0	0	0	0	0	0	0	0	0	0	0	0	0	0	0	0	0	0	0.0933318	
LmtTime: 3.83
Lmt
0.158676	0.276228	0.257726	0.384847	0.169477	0.130267	0.44159	0.243421	0.444031	0.408465	0.440747	0.421738	0.471569	0.487416	0.188574	0.221642	0.236041	0.108643	0.121366	0.105558	0.0734461	0.0758102	0.0833159	0.475623	0.208777	0.206045	0.404392	0.229313	0.58059	0.611862	0.43391	0.477488	0.349849	0.585693	0.307457	0.336924	0.334215	0.349054	0.32041	0.145491	0.255771	0.313712	0.466377	0.196119	0.118103	0.494985	0.225078	0.442438	0.408672	0.434375	0.415522	0.434818	0.449955	0.246619	0.286632	0.318059	0.150445	0.160219	0.136375	0.102376	0.10345	0.108019	0.480314	0.174612	0.200497	0.395333	0.198319	0.56402	0.525638	0.478408	0.526944	0.33436	0.561174	0.307018	0.327501	0.363079	0.377771	0.347775	0.135853	
MomentArms on: hip_flexion_r
0.0300685	0.0457892	-0.02019	-0.0373514	0.00479615	0.0211705	-0.0460677	-0.0492707	-0.0617523	-0.0674878	-0.0205893	-0.0225348	-0.017979	-0.00563829	-0.00771904	-0.00941399	0.0156064	0.031636	-0.00469403	0.0222016	0.0335143	0.0307246	-0.0413267	-0.0456281	0.0279535	
MomentArms on: knee_angle_r
0.0361033	0.0321349	0.0260094	0.0247883	0.0391382	-0.0470057	0.0301582	0.0457074	0.0533555	-0.0149856	-0.0422921	-0.0432916	-0.0411633	
MomentArms on: ankle_angle_r
0.038998	0.0420704	-0.00519814	-0.0109322	-0.0404346	-0.0402719	-0.00491118	-0.00803861	-0.0368786	0.0463492	-0.00662337	
External Torques: -16.0033 -37.5381 -186.905 
Current Torque on hip_flexion_r 40.0193
Current Torque on knee_angle_r 1.12332
Current Torque on ankle_angle_r -133.468

----------------------------------------


EmgTime: 3.835
Adjusted EMG
0.001	0.001	0.999	0.287145	0.001	0.001	0.0644353	0.0356812	0.001	0.00103986	0.0342045	0.116371	0.544822	0.628812	0.79555	0.306761	0.341469	0.544445	0.255867	0.001	0.569858	0.174567	0.258617	0.001	0.001	0.0091773	0.001	0.001	0.001	0.001	0.0868558	0.0837108	0.999	0.001	0.0236386	0.0668765	0.087042	0.226033	0.524609	0	0	0	0	0	0	0	0	0	0	0	0	0	0	0	0	0	0	0	0	0	0	0	0	0	0	0	0	0	0	0	0	0	0	0	0	0	0	0	0.111426	
LmtTime: 3.835
Lmt
0.159991	0.278198	0.256947	0.383399	0.169737	0.131113	0.440928	0.244545	0.445996	0.410584	0.440471	0.421171	0.47042	0.486227	0.186254	0.218797	0.233059	0.10794	0.120247	0.10437	0.0732981	0.0754328	0.0827163	0.477625	0.210182	0.205791	0.403979	0.230248	0.580248	0.614098	0.433832	0.477497	0.347958	0.586218	0.309793	0.336577	0.33271	0.34751	0.318944	0.14437	0.254597	0.313502	0.466407	0.195506	0.117032	0.496843	0.226878	0.443193	0.409486	0.434237	0.415264	0.435239	0.45054	0.247503	0.287309	0.318257	0.151179	0.160987	0.137132	0.103003	0.104175	0.108758	0.481842	0.174147	0.200383	0.395158	0.197734	0.562368	0.527133	0.48062	0.529527	0.333543	0.561509	0.307913	0.327337	0.361774	0.376564	0.34656	0.135251	
MomentArms on: hip_flexion_r
0.0302187	0.0458294	-0.0180207	-0.035253	0.00659865	0.021618	-0.0443078	-0.0498695	-0.062429	-0.0661985	-0.0215141	-0.0228778	-0.0176732	-0.00629068	-0.0083081	-0.00975828	0.0175738	0.0314407	-0.00449427	0.0220474	0.0321062	0.0285074	-0.0397977	-0.0436076	0.0256268	
MomentArms on: knee_angle_r
0.035729	0.0314249	0.0257244	0.024115	0.0383853	-0.0474748	0.0293147	0.0450419	0.0524197	-0.0153168	-0.0427807	-0.0439977	-0.0417592	
MomentArms on: ankle_angle_r
0.0388482	0.0418743	-0.00572498	-0.0115399	-0.0413755	-0.041123	-0.00517483	-0.00831393	-0.0380444	0.0462091	-0.00710764	
External Torques: -27.1253 -24.6474 -168.977 
Current Torque on hip_flexion_r 43.5109
Current Torque on knee_angle_r 10.3099
Current Torque on ankle_angle_r -101.097

----------------------------------------


EmgTime: 3.84
Adjusted EMG
0.001	0.001	0.999	0.297068	0.001	0.001	0.0590887	0.0364722	0.001	0.00164755	0.0375989	0.116968	0.564995	0.690367	0.974772	0.377863	0.409194	0.618106	0.340771	0.001	0.661251	0.225927	0.322795	0.001	0.001	0.00918695	0.001	0.001	0.001	0.001	0.112732	0.106031	0.126321	0.001	0.0239535	0.0598191	0.0704385	0.179508	0.447073	0	0	0	0	0	0	0	0	0	0	0	0	0	0	0	0	0	0	0	0	0	0	0	0	0	0	0	0	0	0	0	0	0	0	0	0	0	0	0	0.131864	
LmtTime: 3.84
Lmt
0.161286	0.280153	0.25619	0.381958	0.170015	0.131952	0.440301	0.24568	0.448264	0.413027	0.440118	0.420475	0.468904	0.484662	0.183886	0.215879	0.230023	0.107208	0.119132	0.103223	0.0731472	0.0750594	0.0821311	0.479685	0.211613	0.205479	0.403483	0.231196	0.579827	0.616304	0.433786	0.477541	0.345693	0.586696	0.312491	0.336145	0.331138	0.34589	0.317407	0.143153	0.253335	0.313104	0.466225	0.194726	0.115862	0.498487	0.228608	0.443994	0.410349	0.434086	0.414986	0.435562	0.451011	0.248266	0.287851	0.318254	0.151893	0.161697	0.137805	0.103609	0.104872	0.109452	0.483113	0.173778	0.20026	0.394971	0.197226	0.560856	0.528818	0.482634	0.531849	0.332667	0.562047	0.308861	0.327159	0.360449	0.375327	0.345321	0.13469	
MomentArms on: hip_flexion_r
0.030331	0.0458081	-0.0157535	-0.0330222	0.00842341	0.022034	-0.0424228	-0.0504068	-0.0630637	-0.0646834	-0.0223856	-0.0231438	-0.0172789	-0.00690172	-0.00885586	-0.0100575	0.0195558	0.0312761	-0.00426066	0.0219291	0.0306227	0.0262011	-0.0381619	-0.0414612	0.0232635	
MomentArms on: knee_angle_r
0.0353241	0.0307002	0.0254345	0.0234013	0.0375797	-0.0478903	0.0284123	0.0442805	0.0513635	-0.0156471	-0.0432228	-0.0446619	-0.0423163	
MomentArms on: ankle_angle_r
0.0386004	0.0415705	-0.00632915	-0.012233	-0.0423558	-0.041996	-0.00547441	-0.00862412	-0.0392985	0.0459274	-0.00766049	
External Torques: -43.4 -11.3403 -150.541 
Current Torque on hip_flexion_r 46.4418
Current Torque on knee_angle_r 16.4996
Current Torque on ankle_angle_r -77.7713

----------------------------------------


EmgTime: 3.845
Adjusted EMG
0.001	0.001	0.999	0.314673	0.001	0.001	0.053629	0.0413826	0.00266512	0.00244924	0.0374721	0.105329	0.581748	0.728995	0.999	0.473678	0.494431	0.684062	0.463699	0.001	0.76199	0.28807	0.404834	0.001	0.001	0.00838755	0.001	0.001	0.001	0.001	0.149988	0.135997	0.12404	0.001	0.0232314	0.0381015	0.0510272	0.113028	0.313079	0	0	0	0	0	0	0	0	0	0	0	0	0	0	0	0	0	0	0	0	0	0	0	0	0	0	0	0	0	0	0	0	0	0	0	0	0	0	0	0.153564	
LmtTime: 3.845
Lmt
0.162523	0.282041	0.255471	0.38056	0.170301	0.13276	0.439717	0.246791	0.450808	0.415766	0.439677	0.41964	0.466994	0.482697	0.18153	0.212958	0.227007	0.106477	0.118059	0.102151	0.073007	0.0747077	0.0815815	0.481738	0.213038	0.205106	0.402901	0.232135	0.57935	0.618413	0.433762	0.477606	0.343047	0.587126	0.315518	0.335617	0.329548	0.344243	0.315848	0.141854	0.252002	0.312533	0.465847	0.193796	0.114609	0.499913	0.230256	0.444821	0.41124	0.433924	0.414691	0.435796	0.451378	0.248906	0.28826	0.318061	0.152583	0.162344	0.138389	0.104193	0.105535	0.110097	0.484133	0.173504	0.200131	0.394773	0.196798	0.559489	0.530662	0.484441	0.533906	0.33175	0.562766	0.30984	0.32697	0.359119	0.374072	0.344073	0.134185	
MomentArms on: hip_flexion_r
0.0304039	0.0457265	-0.0134463	-0.0307146	0.0102231	0.0224097	-0.0404594	-0.0508687	-0.0636416	-0.062962	-0.0231836	-0.0233305	-0.0168133	-0.00745963	-0.00935354	-0.0103105	0.0215005	0.0311504	-0.00400436	0.021857	0.029101	0.0238642	-0.0364597	-0.0392421	0.020919	
MomentArms on: knee_angle_r
0.0349044	0.0299881	0.0251505	0.0226669	0.036743	-0.0482614	0.0274755	0.0434427	0.0502145	-0.0159623	-0.0436572	-0.0452753	-0.0428762	
MomentArms on: ankle_angle_r
0.0382401	0.041143	-0.00700233	-0.0130002	-0.043314	-0.0428303	-0.00580449	-0.00896226	-0.040583	0.0454724	-0.00827311	
External Torques: -63.3322 1.67466 -132.064 
Current Torque on hip_flexion_r 50.0158
Current Torque on knee_angle_r 17.2498
Current Torque on ankle_angle_r -60.9895

----------------------------------------


EmgTime: 3.85
Adjusted EMG
0.001	0.001	0.999	0.345605	0.001	0.001	0.0481268	0.0483895	0.00200894	0.00281786	0.0397169	0.0865868	0.650488	0.709505	0.999	0.588124	0.587558	0.728364	0.583593	0.001	0.850981	0.359235	0.499144	0.001	0.001	0.00804246	0.001	0.001	0.001	0.001	0.191544	0.167078	0.119781	0.001	0.0236713	0.000997281	0.0302656	0.0355489	0.00961036	0	0	0	0	0	0	0	0	0	0	0	0	0	0	0	0	0	0	0	0	0	0	0	0	0	0	0	0	0	0	0	0	0	0	0	0	0	0	0	0.174563	
LmtTime: 3.85
Lmt
0.163663	0.283798	0.254804	0.379245	0.170576	0.133506	0.439178	0.247836	0.453576	0.418742	0.43914	0.418663	0.464689	0.480339	0.179263	0.210126	0.224098	0.105783	0.117069	0.101191	0.0728933	0.0743984	0.0810918	0.4837	0.214417	0.20467	0.402235	0.233038	0.578851	0.620356	0.433743	0.477669	0.340046	0.587512	0.318807	0.334991	0.328002	0.342638	0.314327	0.140498	0.250622	0.311814	0.465297	0.192742	0.113294	0.501128	0.231813	0.445656	0.412139	0.433756	0.414387	0.435955	0.451655	0.249424	0.288539	0.317698	0.153242	0.162923	0.138883	0.104751	0.106162	0.11069	0.484919	0.173324	0.199997	0.394571	0.196449	0.558267	0.53263	0.486044	0.535702	0.330812	0.563634	0.310828	0.326773	0.357798	0.372817	0.342829	0.133754	
MomentArms on: hip_flexion_r
0.0304411	0.0455936	-0.0111751	-0.0284083	0.0119433	0.0227392	-0.038485	-0.0512459	-0.064151	-0.0610884	-0.0238873	-0.0234409	-0.0163047	-0.00795179	-0.00979244	-0.0105185	0.0233487	0.0310707	-0.00374497	0.0218333	0.0275921	0.0215722	-0.0347487	-0.0370247	0.0186629	
MomentArms on: knee_angle_r
0.0344892	0.0293185	0.0248851	0.0221806	0.0359079	-0.0486068	0.0265424	0.0425647	0.0490212	-0.0162491	-0.0441061	-0.0458349	-0.0434513	
MomentArms on: ankle_angle_r
0.0377605	0.0405839	-0.00772899	-0.0138222	-0.0441748	-0.043552	-0.00615602	-0.00931763	-0.0418229	0.0448248	-0.00893003	
External Torques: -84.938 13.5112 -113.944 
Current Torque on hip_flexion_r 53.643
Current Torque on knee_angle_r 13.0213
Current Torque on ankle_angle_r -40.7112

----------------------------------------


EmgTime: 3.855
Adjusted EMG
0.001	0.001	0.999	0.393201	0.001	0.001	0.042724	0.0534988	0.001	0.001	0.0409278	0.001	0.752987	0.116468	0.999	0.707716	0.675067	0.753287	0.689954	0.001	0.91452	0.436228	0.580794	0.001	0.001	0.00749037	0.001	0.001	0.00551721	0.001	0.223364	0.189385	0.116808	0.001	0.0254857	0.000997281	0.0114877	0.001	0.001	0	0	0	0	0	0	0	0	0	0	0	0	0	0	0	0	0	0	0	0	0	0	0	0	0	0	0	0	0	0	0	0	0	0	0	0	0	0	0	0.191941	
LmtTime: 3.855
Lmt
0.164663	0.285363	0.254197	0.378044	0.170817	0.134163	0.438678	0.24877	0.456487	0.421869	0.43851	0.417556	0.462027	0.477643	0.177169	0.207483	0.221388	0.105164	0.116208	0.10038	0.0728229	0.0741535	0.0806868	0.485477	0.215707	0.204178	0.401497	0.23388	0.57838	0.622074	0.433703	0.4777	0.336752	0.587871	0.322258	0.33427	0.326576	0.341155	0.31292	0.139118	0.249232	0.310976	0.464607	0.191597	0.11195	0.502139	0.233272	0.446482	0.413028	0.433584	0.41408	0.436054	0.451857	0.24982	0.288693	0.317189	0.153865	0.163431	0.139283	0.105279	0.106746	0.111227	0.485499	0.173233	0.199862	0.394369	0.196182	0.557188	0.534679	0.487446	0.537247	0.329873	0.564616	0.311804	0.326574	0.356504	0.371578	0.341606	0.13341	
MomentArms on: hip_flexion_r
0.0304511	0.0454266	-0.00902603	-0.026195	0.0135287	0.0230209	-0.0365811	-0.0515352	-0.0645854	-0.0591531	-0.0244766	-0.0234822	-0.0157878	-0.00836453	-0.0101634	-0.0106834	0.0250432	0.0310368	-0.00350442	0.0218596	0.0261551	0.0194086	-0.0330974	-0.0348424	0.0165716	
MomentArms on: knee_angle_r
0.0341009	0.0287217	0.0246514	0.0219457	0.0351171	-0.0489361	0.0256628	0.041699	0.0482463	-0.0164961	-0.0445674	-0.0463348	-0.0440268	
MomentArms on: ankle_angle_r
0.0371649	0.0398974	-0.00848638	-0.0146718	-0.0448596	-0.0440862	-0.00651651	-0.0096761	-0.0429348	0.0439845	-0.00960931	
External Torques: -106.216 23.3353 -96.4964 
Current Torque on hip_flexion_r 55.9748
Current Torque on knee_angle_r 7.6015
Current Torque on ankle_angle_r -23.4915

----------------------------------------


EmgTime: 3.86
Adjusted EMG
0.001	0.001	0.999	0.447825	0.001	0.001	0.0374442	0.0536697	0.001	0.001	0.0382522	0.001	0.706208	0.111037	0.999	0.82107	0.749627	0.796611	0.744316	0.001	0.964076	0.486786	0.63053	0.001	0.001	0.00638711	0.001	0.001	0.00494649	0.001	0.234145	0.196855	0.107765	0.001	0.001	0.000997281	0.001	0.001	0.001	0	0	0	0	0	0	0	0	0	0	0	0	0	0	0	0	0	0	0	0	0	0	0	0	0	0	0	0	0	0	0	0	0	0	0	0	0	0	0	0.189601	
LmtTime: 3.86
Lmt
0.165491	0.286684	0.25365	0.376978	0.171	0.134704	0.438197	0.249549	0.459439	0.425035	0.4378	0.416346	0.459085	0.474696	0.17533	0.205128	0.218952	0.104657	0.115517	0.099751	0.0728108	0.0739938	0.0803908	0.486977	0.216866	0.203641	0.400708	0.234632	0.578004	0.623519	0.43361	0.477669	0.333273	0.588233	0.325743	0.333473	0.32535	0.339881	0.311708	0.137756	0.247876	0.31005	0.463805	0.190398	0.110613	0.502956	0.234626	0.447282	0.413888	0.433412	0.413777	0.436106	0.451999	0.250093	0.288728	0.316555	0.154444	0.163861	0.139583	0.105774	0.107282	0.111701	0.485906	0.173234	0.199728	0.394169	0.196	0.55626	0.53677	0.48865	0.53855	0.328953	0.56568	0.312748	0.326376	0.355259	0.370378	0.340425	0.13317	
MomentArms on: hip_flexion_r
0.030447	0.0452484	-0.00708188	-0.0241658	0.0149333	0.0232575	-0.0348308	-0.0517379	-0.064943	-0.0572724	-0.0249305	-0.0234612	-0.0152968	-0.00868136	-0.0104544	-0.010805	0.0265375	0.0310473	-0.0032978	0.0219301	0.0248476	0.0174513	-0.0315744	-0.0328166	0.0147195	
MomentArms on: knee_angle_r
0.0337626	0.0282259	0.0244586	0.021743	0.0344199	-0.0492407	0.0248937	0.0409109	0.0476765	-0.0166944	-0.0450133	-0.0467606	-0.0445657	
MomentArms on: ankle_angle_r
0.0364697	0.0391018	-0.00924608	-0.015516	-0.0453017	-0.0443718	-0.0068712	-0.0100216	-0.0438413	0.0429746	-0.0102843	
External Torques: -125.57 30.5883 -79.9789 
Current Torque on hip_flexion_r 55.3091
Current Torque on knee_angle_r 3.92197
Current Torque on ankle_angle_r -14.0414

----------------------------------------


EmgTime: 3.865
Adjusted EMG
0.001	0.001	0.999	0.490351	0.001	0.001	0.0323348	0.0513241	0.00220275	0.00117311	0.0371743	0.001	0.66048	0.102505	0.999	0.919733	0.80021	0.837924	0.753901	0.001	0.999	0.594395	0.628126	0.001	0.001	0.00554364	0.001	0.001	0.00476156	0.001	0.226194	0.192195	0.0961118	0.001	0.001	0.000997281	0.001	0.001	0.001	0	0	0	0	0	0	0	0	0	0	0	0	0	0	0	0	0	0	0	0	0	0	0	0	0	0	0	0	0	0	0	0	0	0	0	0	0	0	0	0.179125	
LmtTime: 3.865
Lmt
0.166122	0.287725	0.253154	0.376053	0.171102	0.135114	0.437706	0.250136	0.462315	0.428118	0.437033	0.415077	0.455977	0.471611	0.173813	0.203144	0.216848	0.10429	0.11503	0.0993331	0.0728689	0.0739379	0.0802264	0.488122	0.217862	0.20308	0.399896	0.235274	0.577794	0.624665	0.433425	0.477522	0.329751	0.588633	0.329124	0.332627	0.324403	0.338899	0.31077	0.136461	0.246605	0.309062	0.462918	0.18918	0.109326	0.503578	0.235869	0.44804	0.414704	0.433243	0.413482	0.436123	0.452093	0.250237	0.288642	0.315814	0.154971	0.164201	0.139772	0.106233	0.107765	0.112105	0.486165	0.173334	0.199599	0.393978	0.19591	0.555493	0.538871	0.489653	0.539612	0.32807	0.566805	0.313643	0.326184	0.354083	0.369238	0.339308	0.13305	
MomentArms on: hip_flexion_r
0.0304435	0.045084	-0.00541016	-0.0223957	0.0161248	0.0234548	-0.0333058	-0.0518557	-0.0652227	-0.0555691	-0.0252252	-0.0233772	-0.0148554	-0.00888069	-0.0106477	-0.0108764	0.0278031	0.0310967	-0.00313746	0.022029	0.0237166	0.0157606	-0.0302365	-0.0310401	0.0131706	
MomentArms on: knee_angle_r
0.0334955	0.0278545	0.0243153	0.021586	0.0338658	-0.0494938	0.0242922	0.0402687	0.0472221	-0.0168383	-0.0453941	-0.0470905	-0.0450131	
MomentArms on: ankle_angle_r
0.035704	0.0382302	-0.0099775	-0.0163204	-0.0454641	-0.0443783	-0.00720506	-0.0103385	-0.0444881	0.0418416	-0.0109272	
External Torques: -141.904 35.0493 -64.6153 
Current Torque on hip_flexion_r 49.9343
Current Torque on knee_angle_r -1.2789
Current Torque on ankle_angle_r -2.88982

----------------------------------------


EmgTime: 3.87
Adjusted EMG
0.001	0.001	0.913127	0.507701	0.001	0.001	0.0275115	0.0467419	0.00137967	0.0014997	0.0327732	0.001	0.0760697	0.0901156	0.999	0.968898	0.810553	0.83605	0.755606	0.001	0.999	0.681439	0.706861	0.001	0.001	0.00410171	0.001	0.001	0.0049883	0.001	0.2024	0.176113	0.0850068	0.001	0.001	0.000997281	0.001	0.001	0.001	0	0	0	0	0	0	0	0	0	0	0	0	0	0	0	0	0	0	0	0	0	0	0	0	0	0	0	0	0	0	0	0	0	0	0	0	0	0	0	0.170696	
LmtTime: 3.87
Lmt
0.166549	0.288472	0.252697	0.375265	0.171106	0.135387	0.437169	0.250501	0.465008	0.430999	0.436247	0.413804	0.452833	0.46852	0.172669	0.201588	0.215106	0.10408	0.114772	0.0991515	0.0730049	0.074	0.0802127	0.488857	0.218669	0.202519	0.399097	0.235792	0.577824	0.625501	0.433108	0.477204	0.326343	0.589111	0.33227	0.331772	0.323804	0.338278	0.310176	0.13528	0.24547	0.30803	0.461961	0.187974	0.108127	0.503998	0.23699	0.448746	0.415462	0.433083	0.413204	0.436113	0.452148	0.250242	0.288431	0.314974	0.155438	0.164439	0.139834	0.106652	0.108186	0.112427	0.486295	0.173542	0.199477	0.393797	0.195924	0.554905	0.540959	0.490444	0.540426	0.327241	0.567979	0.314475	0.326001	0.352996	0.36818	0.338275	0.133068	
MomentArms on: hip_flexion_r
0.0304538	0.0449549	-0.00405136	-0.0209332	0.017088	0.0236199	-0.0320554	-0.0518882	-0.0654227	-0.0541492	-0.0253365	-0.0232222	-0.014474	-0.00893882	-0.0107228	-0.0108852	0.0288311	0.0311722	-0.00302648	0.0221412	0.0227921	0.0143714	-0.0291176	-0.0295629	0.0119701	
MomentArms on: knee_angle_r
0.0333162	0.0276247	0.0242222	0.0214856	0.0334978	-0.049659	0.0239082	0.0398585	0.0469164	-0.0169252	-0.0456503	-0.0472979	-0.0453086	
MomentArms on: ankle_angle_r
0.0349072	0.0373268	-0.0106522	-0.0170542	-0.0453513	-0.0441174	-0.00750512	-0.0106142	-0.0448581	0.0406496	-0.011513	
External Torques: -154.519 36.7868 -50.6112 
Current Torque on hip_flexion_r 38.9142
Current Torque on knee_angle_r -6.81201
Current Torque on ankle_angle_r 1.32452

----------------------------------------


EmgTime: 3.875
Adjusted EMG
0.001	0.001	0.768289	0.497809	0.00467218	0.001	0.0230987	0.0410818	0.001	0.00130434	0.0259554	0.001	0.0659721	0.0790398	0.999	0.999	0.823663	0.83442	0.815141	0.001	0.999	0.764942	0.750681	0.001	0.001	0.00236823	0.001	0.001	0.001	0.001	0.171259	0.153477	0.0738278	0.001	0.001	0.000997281	0.001	0.001	0.001	0	0	0	0	0	0	0	0	0	0	0	0	0	0	0	0	0	0	0	0	0	0	0	0	0	0	0	0	0	0	0	0	0	0	0	0	0	0	0	0.177492	
LmtTime: 3.875
Lmt
0.166771	0.288926	0.252267	0.374601	0.171002	0.135525	0.436547	0.250622	0.467423	0.43358	0.43548	0.412588	0.449777	0.465542	0.17192	0.200487	0.213731	0.104034	0.114756	0.099218	0.0732238	0.0741886	0.0803606	0.489148	0.21928	0.201985	0.398346	0.236181	0.578154	0.626029	0.43262	0.476662	0.323198	0.5897	0.335074	0.330948	0.323604	0.33807	0.309976	0.134251	0.244507	0.306962	0.460941	0.186798	0.107048	0.504202	0.237983	0.449388	0.416152	0.432933	0.412945	0.436081	0.45217	0.250096	0.288089	0.314037	0.155835	0.164559	0.139752	0.107026	0.108537	0.112659	0.486299	0.173869	0.199364	0.393631	0.19605	0.554516	0.543022	0.491008	0.540975	0.326478	0.569197	0.315232	0.325831	0.352016	0.367221	0.337341	0.133234	
MomentArms on: hip_flexion_r
0.030489	0.044877	-0.00302175	-0.019799	0.0178245	0.0237619	-0.0311038	-0.0518393	-0.0655456	-0.0530905	-0.0252507	-0.0229907	-0.0141568	-0.00884084	-0.0106663	-0.0108229	0.0296286	0.0312676	-0.00296488	0.0222525	0.022086	0.013294	-0.0282316	-0.0284071	0.011137	
MomentArms on: knee_angle_r
0.0332371	0.0275487	0.0241831	0.0214501	0.0333481	-0.0497057	0.023779	0.0397466	0.0467838	-0.0169536	-0.0457342	-0.0473622	-0.0454048	
MomentArms on: ankle_angle_r
0.0341238	0.0364413	-0.0112479	-0.0176944	-0.0450101	-0.0436426	-0.00776238	-0.0108411	-0.0449752	0.0394707	-0.0120232	
External Torques: -163.044 36.1059 -38.1564 
Current Torque on hip_flexion_r 21.6336
Current Torque on knee_angle_r -13.285
Current Torque on ankle_angle_r 0.71208

----------------------------------------


EmgTime: 3.88
Adjusted EMG
0.001	0.001	0.752712	0.493676	0.00724005	0.001	0.0227646	0.0406221	0.001	0.0012693	0.0255044	0.001	0.0650148	0.0781386	0.999	0.999	0.824281	0.839765	0.819798	0.001	0.999	0.770931	0.764218	0.001	0.001	0.00222322	0.001	0.001	0.001	0.001	0.168886	0.151352	0.0728481	0.001	0.001	0.000997281	0.001	0.001	0.001	0	0	0	0	0	0	0	0	0	0	0	0	0	0	0	0	0	0	0	0	0	0	0	0	0	0	0	0	0	0	0	0	0	0	0	0	0	0	0	0.190287	
LmtTime: 3.88
Lmt
0.166796	0.289098	0.251846	0.374041	0.170783	0.135528	0.435801	0.250484	0.469496	0.435792	0.434774	0.411486	0.446907	0.462774	0.171561	0.199837	0.212698	0.104156	0.114979	0.0995242	0.073529	0.0745055	0.080669	0.48897	0.219698	0.201502	0.397675	0.236442	0.578831	0.626254	0.431923	0.475849	0.320439	0.590431	0.337463	0.330197	0.323833	0.338308	0.310204	0.133393	0.243736	0.305862	0.459857	0.185664	0.106112	0.504178	0.238841	0.449964	0.416771	0.432795	0.41271	0.436028	0.452161	0.249786	0.287612	0.313002	0.156144	0.164548	0.139514	0.107342	0.108805	0.112789	0.48617	0.174317	0.199261	0.39348	0.196296	0.554344	0.545059	0.491326	0.54124	0.325789	0.570452	0.315909	0.325676	0.351156	0.366377	0.336522	0.133542	
MomentArms on: hip_flexion_r
0.0305571	0.0448607	-0.00231715	-0.0189933	0.0183459	0.0238877	-0.0304551	-0.0517251	-0.0656065	-0.0524435	-0.0249744	-0.0226915	-0.0139117	-0.00859096	-0.0104835	-0.0106948	0.0302117	0.0313731	-0.00295536	0.0223508	0.0215967	0.0125227	-0.0275966	-0.0275746	0.0106634	
MomentArms on: knee_angle_r
0.0332662	0.0276357	0.0242046	0.0214845	0.0334359	-0.0496355	0.0239269	0.0398065	0.046839	-0.0169211	-0.0456381	-0.0472883	-0.0452945	
MomentArms on: ankle_angle_r
0.0333977	0.0356225	-0.0117502	-0.0182277	-0.0445184	-0.043037	-0.00797253	-0.0110176	-0.0448971	0.0383748	-0.0124473	
External Torques: -167.412 33.5222 -27.4182 
Current Torque on hip_flexion_r -2.44944
Current Torque on knee_angle_r -23.3767
Current Torque on ankle_angle_r 0.506386

----------------------------------------


EmgTime: 3.885
Adjusted EMG
0.001	0.001	0.494687	0.393282	0.0105082	0.001	0.0158695	0.0316173	0.001	0.001	0.0152132	0.001	0.0463683	0.0581103	0.999	0.999	0.765184	0.911384	0.999	0.001	0.937131	0.878364	0.991387	0.001	0.001	0.001	0.001	0.001	0.001	0.001	0.124275	0.106503	0.0520878	0.001	0.001	0.000997281	0.001	0.001	0.001	0	0	0	0	0	0	0	0	0	0	0	0	0	0	0	0	0	0	0	0	0	0	0	0	0	0	0	0	0	0	0	0	0	0	0	0	0	0	0	0.237226	
LmtTime: 3.885
Lmt
0.16663	0.289001	0.251422	0.373568	0.170441	0.135397	0.434892	0.250072	0.471183	0.43759	0.434165	0.410545	0.444291	0.460276	0.171564	0.199607	0.211967	0.104446	0.11542	0.100039	0.0739206	0.0749436	0.0811223	0.488302	0.219936	0.201091	0.39711	0.236582	0.579887	0.626178	0.430979	0.47472	0.318155	0.591318	0.339396	0.329554	0.324508	0.339007	0.310873	0.132717	0.243157	0.304731	0.4587	0.184577	0.105336	0.503917	0.23956	0.450473	0.417318	0.432671	0.412499	0.435949	0.452117	0.249303	0.286998	0.311866	0.156341	0.164394	0.139114	0.107579	0.108975	0.112809	0.485897	0.174881	0.199168	0.393345	0.196662	0.554398	0.547071	0.491386	0.541206	0.325174	0.571724	0.316509	0.325536	0.350425	0.365658	0.335825	0.133971	
MomentArms on: hip_flexion_r
0.0306641	0.0449105	-0.00192363	-0.0185097	0.01867	0.024007	-0.0301013	-0.0515769	-0.0656343	-0.0522363	-0.0245391	-0.0223527	-0.0137555	-0.00821629	-0.0102007	-0.0105227	0.0305979	0.0314896	-0.00300413	0.0224342	0.0213152	0.0120455	-0.0271975	-0.027057	0.0105192	
MomentArms on: knee_angle_r
0.0334098	0.027895	0.0242888	0.0215907	0.0337671	-0.0494343	0.0243589	0.0401259	0.0470879	-0.0168228	-0.0453504	-0.047054	-0.0449623	
MomentArms on: ankle_angle_r
0.0327677	0.0349135	-0.0121521	-0.0186493	-0.0439702	-0.0423982	-0.0081353	-0.0111465	-0.0447005	0.0374232	-0.0127818	
External Torques: -167.808 29.7115 -18.5183 
Current Torque on hip_flexion_r -30.8437
Current Torque on knee_angle_r -35.8458
Current Torque on ankle_angle_r 1.21313

----------------------------------------
Estimation completed.
Using D:/3-PhD\Data\MocapData\ElaboratedData\009\pre\ceinms\execution\simulations\Run_baseline2\A1_B50_G11 as output directory
Using D:/3-PhD\Data\MocapData\ElaboratedData\009\pre\ceinms\execution\simulations\Run_baseline2\A1_B50_G11 as output directory

