Constructing tool from setup file E:\3-PhD\Data\MocapData\ElaboratedData\009\pre\JointReactionAnalysis\RunL1\setup_JCF.xml.

AbstractTool JCF loading model '..\..\009_Rajagopal2015_FAI_rra_opt_N5.osim'
Loaded model 009_Rajagopal2015_FAI_rra_opt_N5.osim from file ..\..\009_Rajagopal2015_FAI_rra_opt_N5.osim
-----------------------------------------------------------------------
Loaded library
-----------------------------------------------------------------------
-----------------------------------------------------------------------

Old version storage/motion file encountered
Storage: file=.\RunL1.mot (nr=1151 nc=37)
.. assuming rotations in Degrees.
ExternalForce::Right
Data source being set to E:\3-PhD\Data\MocapData\ElaboratedData\009\pre\dynamicElaborations\RunL1\RunL1.mot
Storage: file=IK.mot (nr=113 nc=40)


Low-pass filtering coordinates data with a cutoff frequency of 7.

WARNING: hip_flexion_r is not a valid joint.  Ignoring this entry.

WARNING: No valid joint names were found.
Setting up _reactionList to include all joints in the model.
ExternalForce::Right_transformedP
Data source being set to E:\3-PhD\Data\MocapData\ElaboratedData\009\pre\dynamicElaborations\RunL1\RunL1.mot_transformedP

Loading coordinates from file ..\..\inverseKinematics\RunL1\IK.mot.
Storage: file=..\..\inverseKinematics\RunL1\IK.mot (nr=113 nc=40)


Low-pass filtering coordinates data with a cutoff frequency of 6...

Found 225 state vectors with time stamps ranging from 1.905 to 3.025.
Executing the analyses from 2.185 to 2.745...

Loading actuator forces from file .\forcefile.sto.
Storage: file=.\forcefile.sto (nr=113 nc=134)
Found 133 actuator forces with time stamps ranging from 2.185 to 2.745.

WARNING:  The forces file contains actuators that are not in the model's actuator set.
WARNING:  Ignoring fiber lengths and activations from the states since forces_file is also set.
Actuator forces will be constructed from .\forcefile.sto.
Printing results of investigation JCF to .\.
Analyze compute time = 8508ms

