
+-+-+-+-+-+-+
|C|E|I|N|M|S|
+-+-+-+-+-+-+-+-+-+-+
|C|a|l|i|b|r|a|t|e|d|
+-+-+-+-+-+-+-+-+-+-+-+-+
|E|M|G|-|I|n|f|o|r|m|e|d|
+-+-+-+-+-+-+-+-+-+-+-+-+-+-+-+-+-+-+-+-+
|N|e|u|r|o|m|u|s|c|u|l|o|s|k|e|l|e|t|a|l|
+-+-+-+-+-+-+-+-+-+-+-+-+-+-+-+-+-+-+-+-+
|T|o|o|l|b|o|x|
+-+-+-+-+-+-+-+

CEINMS version 0.21.0
Copyright (C) Apr 29 2020
Claudio Pizzolato, Monica Reggiani, Massimo Sartori, David Lloyd
Software developers: Claudio Pizzolato, Elena Ceseracciu, Monica Reggiani
Check configuration data...
Reading subject file: c:/opensim_tutorial/tutorials/Cerebral_Palsy_Project/Simulations/TD013/crouch2_r1/ceinms/./calibratedSubject.xml .
Contact model  not found
Reading subject file: c:/opensim_tutorial/tutorials/Cerebral_Palsy_Project/Simulations/TD013/crouch2_r1/ceinms/./calibratedSubject.xml .
activeForceLength
passiveForceLength
forceVelocity
tendonForceStrain
Assuming glut_med1_r pennation angle in radians: 0.139626
Assuming glut_med2_r pennation angle in radians: 0
Assuming glut_med3_r pennation angle in radians: 0.331613
Assuming glut_min1_r pennation angle in radians: 0.174533
Assuming glut_min2_r pennation angle in radians: 0
Assuming glut_min3_r pennation angle in radians: 0.0174533
Assuming semimem_r pennation angle in radians: 0.261799
Assuming semiten_r pennation angle in radians: 0.0872665
Assuming bifemlh_r pennation angle in radians: 0
Assuming bifemsh_r pennation angle in radians: 0.401426
Assuming sar_r pennation angle in radians: 0
Assuming add_long_r pennation angle in radians: 0.10472
Assuming add_brev_r pennation angle in radians: 0
Assuming add_mag1_r pennation angle in radians: 0.0872665
Assuming add_mag2_r pennation angle in radians: 0.0523599
Assuming add_mag3_r pennation angle in radians: 0.0872665
Assuming tfl_r pennation angle in radians: 0.0523599
Assuming pect_r pennation angle in radians: 0
Assuming grac_r pennation angle in radians: 0.0523599
Assuming glut_max1_r pennation angle in radians: 0.0872665
Assuming glut_max2_r pennation angle in radians: 0
Assuming glut_max3_r pennation angle in radians: 0.0872665
Assuming iliacus_r pennation angle in radians: 0.122173
Assuming psoas_r pennation angle in radians: 0.139626
Assuming quad_fem_r pennation angle in radians: 0
Assuming gem_r pennation angle in radians: 0
Assuming peri_r pennation angle in radians: 0.174533
Assuming rect_fem_r pennation angle in radians: 0.0872665
Assuming vas_med_r pennation angle in radians: 0.0872665
Assuming vas_int_r pennation angle in radians: 0.0523599
Assuming vas_lat_r pennation angle in radians: 0.0872665
Assuming med_gas_r pennation angle in radians: 0.296706
Assuming lat_gas_r pennation angle in radians: 0.139626
Assuming soleus_r pennation angle in radians: 0.436332
Assuming tib_post_r pennation angle in radians: 0.20944
Assuming flex_dig_r pennation angle in radians: 0.122173
Assuming flex_hal_r pennation angle in radians: 0.174533
Assuming tib_ant_r pennation angle in radians: 0.0872665
Assuming per_brev_r pennation angle in radians: 0.0872665
Assuming per_long_r pennation angle in radians: 0.174533
Assuming per_tert_r pennation angle in radians: 0.226893
Assuming ext_dig_r pennation angle in radians: 0.139626
Assuming ext_hal_r pennation angle in radians: 0.10472
Assuming glut_med1_l pennation angle in radians: 0.139626
Assuming glut_med2_l pennation angle in radians: 0
Assuming glut_med3_l pennation angle in radians: 0.331613
Assuming glut_min1_l pennation angle in radians: 0.174533
Assuming glut_min2_l pennation angle in radians: 0
Assuming glut_min3_l pennation angle in radians: 0.0174533
Assuming semimem_l pennation angle in radians: 0.261799
Assuming semiten_l pennation angle in radians: 0.0872665
Assuming bifemlh_l pennation angle in radians: 0
Assuming bifemsh_l pennation angle in radians: 0.401426
Assuming sar_l pennation angle in radians: 0
Assuming add_long_l pennation angle in radians: 0.10472
Assuming add_brev_l pennation angle in radians: 0
Assuming add_mag1_l pennation angle in radians: 0.0872665
Assuming add_mag2_l pennation angle in radians: 0.0523599
Assuming add_mag3_l pennation angle in radians: 0.0872665
Assuming tfl_l pennation angle in radians: 0.0523599
Assuming pect_l pennation angle in radians: 0
Assuming grac_l pennation angle in radians: 0.0523599
Assuming glut_max1_l pennation angle in radians: 0.0872665
Assuming glut_max2_l pennation angle in radians: 0
Assuming glut_max3_l pennation angle in radians: 0.0872665
Assuming iliacus_l pennation angle in radians: 0.122173
Assuming psoas_l pennation angle in radians: 0.139626
Assuming quad_fem_l pennation angle in radians: 0
Assuming gem_l pennation angle in radians: 0
Assuming peri_l pennation angle in radians: 0.174533
Assuming rect_fem_l pennation angle in radians: 0.0872665
Assuming vas_med_l pennation angle in radians: 0.0872665
Assuming vas_int_l pennation angle in radians: 0.0523599
Assuming vas_lat_l pennation angle in radians: 0.0872665
Assuming med_gas_l pennation angle in radians: 0.296706
Assuming lat_gas_l pennation angle in radians: 0.139626
Assuming soleus_l pennation angle in radians: 0.436332
Assuming tib_post_l pennation angle in radians: 0.20944
Assuming flex_dig_l pennation angle in radians: 0.122173
Assuming flex_hal_l pennation angle in radians: 0.174533
Assuming tib_ant_l pennation angle in radians: 0.0872665
Assuming per_brev_l pennation angle in radians: 0.0872665
Assuming per_long_l pennation angle in radians: 0.174533
Assuming per_tert_l pennation angle in radians: 0.226893
Assuming ext_dig_l pennation angle in radians: 0.139626
Assuming ext_hal_l pennation angle in radians: 0.10472
Assuming ercspn_r pennation angle in radians: 0
Assuming ercspn_l pennation angle in radians: 0
Assuming intobl_r pennation angle in radians: 0
Assuming intobl_l pennation angle in radians: 0
Assuming extobl_r pennation angle in radians: 0
Assuming extobl_l pennation angle in radians: 0
Found OpenSim model associated to the subject: c:\opensim_tutorial\tutorials\Cerebral_Palsy_Project\Simulations\TD013\TD013_v3.osim

EMG: Reading emg file...c:/opensim_tutorial/tutorials/Cerebral_Palsy_Project/Simulations/TD013/crouch2_r1/ceinms/./../processed_emg_signals.mot
Muscle excitations to muscle mapping:
glut_med1_r -> glut_med1_r
glut_med2_r -> glut_med2_r
glut_med3_r -> glut_med3_r
glut_min1_r -> glut_min1_r
glut_min2_r -> glut_min2_r
glut_min3_r -> glut_min3_r
semimem_r -> semimem_r
semiten_r -> semiten_r
bifemlh_r -> bifemlh_r
bifemsh_r -> bifemsh_r
sar_r -> sar_r
add_long_r -> add_long_r
add_brev_r -> add_brev_r
add_mag1_r -> add_mag1_r
add_mag2_r -> add_mag2_r
add_mag3_r -> add_mag3_r
tfl_r -> tfl_r
pect_r -> pect_r
grac_r -> grac_r
glut_max1_r -> glut_max1_r
glut_max2_r -> glut_max2_r
glut_max3_r -> glut_max3_r
iliacus_r -> iliacus_r
psoas_r -> psoas_r
quad_fem_r -> quad_fem_r
gem_r -> gem_r
peri_r -> peri_r
rect_fem_r -> rect_fem_r
vas_med_r -> vas_med_r
vas_int_r -> vas_int_r
vas_lat_r -> vas_lat_r
med_gas_r -> med_gas_r
lat_gas_r -> lat_gas_r
soleus_r -> soleus_r
tib_post_r -> tib_post_r
flex_dig_r -> flex_dig_r
flex_hal_r -> flex_hal_r
tib_ant_r -> tib_ant_r
per_brev_r -> per_brev_r
per_long_r -> per_long_r
per_tert_r -> per_tert_r
ext_dig_r -> ext_dig_r
ext_hal_r -> ext_hal_r
glut_med1_l -> glut_med1_l
glut_med2_l -> glut_med2_l
glut_med3_l -> glut_med3_l
glut_min1_l -> glut_min1_l
glut_min2_l -> glut_min2_l
glut_min3_l -> glut_min3_l
semimem_l -> semimem_l
semiten_l -> semiten_l
bifemlh_l -> bifemlh_l
bifemsh_l -> bifemsh_l
sar_l -> sar_l
add_long_l -> add_long_l
add_brev_l -> add_brev_l
add_mag1_l -> add_mag1_l
add_mag2_l -> add_mag2_l
add_mag3_l -> add_mag3_l
tfl_l -> tfl_l
pect_l -> pect_l
grac_l -> grac_l
glut_max1_l -> glut_max1_l
glut_max2_l -> glut_max2_l
glut_max3_l -> glut_max3_l
iliacus_l -> iliacus_l
psoas_l -> psoas_l
quad_fem_l -> quad_fem_l
gem_l -> gem_l
peri_l -> peri_l
rect_fem_l -> rect_fem_l
vas_med_l -> vas_med_l
vas_int_l -> vas_int_l
vas_lat_l -> vas_lat_l
med_gas_l -> med_gas_l
lat_gas_l -> lat_gas_l
soleus_l -> soleus_l
tib_post_l -> tib_post_l
flex_dig_l -> flex_dig_l
flex_hal_l -> flex_hal_l
tib_ant_l -> tib_ant_l
per_brev_l -> per_brev_l
per_long_l -> per_long_l
per_tert_l -> per_tert_l
ext_dig_l -> ext_dig_l
ext_hal_l -> ext_hal_l
ercspn_r -> ercspn_r
ercspn_l -> ercspn_l
intobl_r -> intobl_r
intobl_l -> intobl_l
extobl_r -> extobl_r
extobl_l -> extobl_l
Using c:/opensim_tutorial/tutorials/Cerebral_Palsy_Project/Simulations/TD013/crouch2_r1/ceinms/./execution/ as output directory
Joint moments
hip_flexion_r -> Tracking
knee_angle_r -> Tracking
ankle_angle_r -> Tracking
Muscle excitations
glut_med1_r ->  Adjusting
glut_med2_r ->  Adjusting
glut_med3_r ->  Adjusting
glut_min1_r ->  Adjusting
glut_min2_r ->  Adjusting
glut_min3_r ->  Adjusting
semimem_r ->  Adjusting
semiten_r ->  Adjusting
bifemlh_r ->  Adjusting
bifemsh_r ->  Adjusting
sar_r ->  Synthetising
add_long_r ->  Adjusting
add_brev_r ->  Adjusting
add_mag1_r ->  Synthetising
add_mag2_r ->  Synthetising
add_mag3_r ->  Synthetising
tfl_r ->  Synthetising
pect_r ->  Synthetising
grac_r ->  Adjusting
glut_max1_r ->  Adjusting
glut_max2_r ->  Adjusting
glut_max3_r ->  Adjusting
iliacus_r ->  Synthetising
psoas_r ->  Synthetising
quad_fem_r ->  Synthetising
gem_r ->  Synthetising
peri_r ->  Synthetising
rect_fem_r ->  Adjusting
vas_med_r ->  Adjusting
vas_int_r ->  Adjusting
vas_lat_r ->  Adjusting
med_gas_r ->  Adjusting
lat_gas_r ->  Adjusting
soleus_r ->  Adjusting
tib_post_r ->  Synthetising
flex_dig_r ->  Synthetising
flex_hal_r ->  Synthetising
tib_ant_r ->  Adjusting
per_brev_r ->  Synthetising
per_long_r ->  Synthetising
per_tert_r ->  Synthetising
ext_dig_r ->  Adjusting
ext_hal_r ->  Adjusting
glut_med1_l ->  Unchanged
glut_med2_l ->  Unchanged
glut_med3_l ->  Unchanged
glut_min1_l ->  Unchanged
glut_min2_l ->  Unchanged
glut_min3_l ->  Unchanged
semimem_l ->  Unchanged
semiten_l ->  Unchanged
bifemlh_l ->  Unchanged
bifemsh_l ->  Unchanged
sar_l ->  Unchanged
add_long_l ->  Unchanged
add_brev_l ->  Unchanged
add_mag1_l ->  Unchanged
add_mag2_l ->  Unchanged
add_mag3_l ->  Unchanged
tfl_l ->  Unchanged
pect_l ->  Unchanged
grac_l ->  Unchanged
glut_max1_l ->  Unchanged
glut_max2_l ->  Unchanged
glut_max3_l ->  Unchanged
iliacus_l ->  Unchanged
psoas_l ->  Unchanged
quad_fem_l ->  Unchanged
gem_l ->  Unchanged
peri_l ->  Unchanged
rect_fem_l ->  Unchanged
vas_med_l ->  Unchanged
vas_int_l ->  Unchanged
vas_lat_l ->  Unchanged
med_gas_l ->  Unchanged
lat_gas_l ->  Unchanged
soleus_l ->  Unchanged
tib_post_l ->  Unchanged
flex_dig_l ->  Unchanged
flex_hal_l ->  Unchanged
tib_ant_l ->  Unchanged
per_brev_l ->  Unchanged
per_long_l ->  Unchanged
per_tert_l ->  Unchanged
ext_dig_l ->  Unchanged
ext_hal_l ->  Unchanged
ercspn_r ->  Synthetising
ercspn_l ->  Unchanged
intobl_r ->  Synthetising
intobl_l ->  Unchanged
extobl_r ->  Synthetising
extobl_l ->  Unchanged
Using alpha = 1, beta = 5, gamma = 10
Using c:/opensim_tutorial\tutorials\Cerebral_Palsy_Project\Simulations\TD013\crouch2_r1\ceinms\execution as output directory
starting consume

externalTorque DONE

EMG: EMG DONE


EmgTime: 1.68
Adjusted EMG
0.614221	0.613071	0.613071	0.563407	0.613071	0.613071	0.001	0.0602003	0.001	0.001	0.001	0.207486	0.651362	0.001	0.001	0.001	0.001	0.000997281	0.001	0.613071	0.613071	0.613071	0.001	0.001	0.001	0.001	0.001	0.328461	0.999	0.999	0.328441	0.663152	0.001	0.663152	0.001	0.001	0.001	0.234376	0.001	0.001	0.0218386	0.291256	0.133499	0	0	0	0	0	0	0	0	0	0	0	0	0	0	0	0	0	0	0	0	0	0	0	0	0	0	0	0	0	0	0	0	0	0	0	0	0	0	0	0	0	0	0	0.001	0	0.001	0	0.001	0	
LmtTime: 1.68
Lmt
0.104849	0.118093	0.102666	0.067946	0.0699118	0.0753853	0.335568	0.372336	0.346001	0.172697	0.396802	0.149439	0.103605	0.099822	0.169987	0.30066	0.395421	0.067314	0.333083	0.183464	0.195615	0.227579	0.137862	0.181097	0.0594694	0.0505024	0.114982	0.318804	0.160113	0.168542	0.181964	0.325997	0.322925	0.225784	0.259909	0.33315	0.325972	0.218544	0.160231	0.298434	0.133955	0.32773	0.304778	0.0963568	0.105283	0.0885116	0.0643089	0.064707	0.0682171	0.309401	0.340238	0.31597	0.173959	0.43091	0.168228	0.10771	0.0936434	0.154718	0.272559	0.41879	0.0803655	0.326033	0.162569	0.171414	0.195353	0.160074	0.203225	0.056325	0.0512083	0.108741	0.343925	0.158968	0.167475	0.180834	0.322352	0.319298	0.223345	0.25641	0.330554	0.323772	0.214474	0.158338	0.295168	0.131709	0.323334	0.300805	0.100337	0.0986322	0.172899	0.180399	0.234644	0.235903	
MomentArms on: hip_flexion_r
-0.00801151	0.00939768	-9.13e-05	0.00322565	-0.0342334	0.0342742	0.0105145	0.0336608	0.0425839	0.0648784	0.0540189	
MomentArms on: knee_angle_r
-0.0241788	-0.022446	-0.0232494	-0.0164636	-0.0162656	-0.00616145	-0.0267036	-0.0325281	0.036125	0.0325379	0.0333575	0.0322984	
MomentArms on: ankle_angle_r
0.0228954	0.0252451	0.0160603	0.028783	-0.0128506	-0.0153901	-0.0438485	-0.0430194	-0.00714918	-0.00864675	-0.0403883	-0.013094	
External Torques: -4.49403 4.03826 -16.5566 
Current Torque on hip_flexion_r -2.6241
Current Torque on knee_angle_r -39.6627
Current Torque on ankle_angle_r -16.9287

----------------------------------------


EmgTime: 1.69
Adjusted EMG
0.618029	0.615048	0.615048	0.54697	0.615048	0.615048	0.0751331	0.139688	0.0941067	0.00221808	0.001	0.205401	0.633907	0.001	0.001	0.001	0.001	0.000997281	0.0578786	0.615048	0.615048	0.615048	0.001	0.001	0.001	0.001	0.001	0.318154	0.999	0.999	0.347273	0.646133	0.001	0.646016	0.15264	0.001	0.055467	0.0771363	0.0623701	0.0621874	0.001	0.0624873	0.1078	0	0	0	0	0	0	0	0	0	0	0	0	0	0	0	0	0	0	0	0	0	0	0	0	0	0	0	0	0	0	0	0	0	0	0	0	0	0	0	0	0	0	0	0.001	0	0.001	0	0.001	0	
LmtTime: 1.69
Lmt
0.10504	0.118199	0.10271	0.0681488	0.0701185	0.0755549	0.334518	0.37099	0.344956	0.172282	0.397559	0.149009	0.103047	0.0990612	0.169153	0.299898	0.39639	0.0671245	0.331888	0.183376	0.195388	0.226836	0.138141	0.181402	0.0590672	0.0504958	0.115069	0.319954	0.160649	0.16909	0.18251	0.326434	0.32337	0.226429	0.260119	0.333354	0.32622	0.218054	0.160347	0.298576	0.133683	0.327342	0.304347	0.0959317	0.105103	0.0885495	0.0638795	0.0643673	0.0680236	0.308875	0.339664	0.3157	0.173222	0.430222	0.168458	0.108082	0.09421	0.155303	0.273044	0.418412	0.0804639	0.325744	0.162702	0.17173	0.196174	0.159865	0.203025	0.0568962	0.0514889	0.108818	0.344711	0.159952	0.168478	0.181839	0.31997	0.316872	0.221566	0.255836	0.329993	0.323094	0.215807	0.158024	0.294783	0.132447	0.324397	0.301983	0.100174	0.0987502	0.172611	0.18071	0.234421	0.236123	
MomentArms on: hip_flexion_r
-0.00791589	0.00953173	-0.00028022	0.00307316	-0.0341196	0.0342219	0.0105878	0.033607	0.0426096	0.064865	0.0537914	
MomentArms on: knee_angle_r
-0.0241694	-0.0224945	-0.0233938	-0.0163321	-0.0161306	-0.00625294	-0.026673	-0.0326194	0.036037	0.0324536	0.0332237	0.0321901	
MomentArms on: ankle_angle_r
0.0228642	0.0252013	0.0160414	0.0287335	-0.0128984	-0.0154335	-0.0439707	-0.0431332	-0.00716414	-0.00865454	-0.0405298	-0.0131377	
External Torques: -5.28418 5.58523 -20.0045 
Current Torque on hip_flexion_r -2.06245
Current Torque on knee_angle_r -28.4776
Current Torque on ankle_angle_r -19.7372

----------------------------------------


EmgTime: 1.7
Adjusted EMG
0.600213	0.598983	0.598983	0.532423	0.598983	0.598983	0.0850177	0.200086	0.17991	0.00237243	0.001	0.198263	0.601761	0.001	0.001	0.001	0.001	0.000997281	0.001	0.598983	0.598983	0.598983	0.001	0.001	0.001	0.001	0.001	0.304984	0.312626	0.450325	0.320657	0.610298	0.001	0.599503	0.001	0.001	0.001	0.199083	0.001	0.001	0.036199	0.221919	0.124803	0	0	0	0	0	0	0	0	0	0	0	0	0	0	0	0	0	0	0	0	0	0	0	0	0	0	0	0	0	0	0	0	0	0	0	0	0	0	0	0	0	0	0	0.001	0	0.001	0	0.001	0	
LmtTime: 1.7
Lmt
0.105233	0.118307	0.102754	0.0683551	0.070327	0.0757247	0.333477	0.369657	0.343924	0.171865	0.398287	0.148588	0.102496	0.0983098	0.168334	0.299153	0.397339	0.0669385	0.330707	0.183289	0.195163	0.2261	0.138421	0.181708	0.0586661	0.0504843	0.115153	0.321089	0.161184	0.169638	0.183054	0.326544	0.32375	0.227038	0.260317	0.333548	0.326455	0.217583	0.160458	0.298712	0.133423	0.326969	0.303934	0.0955136	0.10494	0.0886075	0.0634503	0.0640319	0.0678389	0.308359	0.3391	0.315459	0.172463	0.429481	0.168649	0.108435	0.0947685	0.155894	0.273562	0.418008	0.0805402	0.325422	0.162866	0.172086	0.197036	0.159628	0.202797	0.0574686	0.0517704	0.108905	0.345487	0.160954	0.169501	0.18286	0.317616	0.314473	0.219806	0.255269	0.329437	0.322427	0.217072	0.157716	0.29441	0.13315	0.325409	0.303099	0.100023	0.0988788	0.172314	0.18101	0.234192	0.236333	
MomentArms on: hip_flexion_r
-0.00782378	0.00967256	-0.00044523	0.00294541	-0.0340054	0.0341779	0.01067	0.0335649	0.0426349	0.064839	0.0535727	
MomentArms on: knee_angle_r
-0.0241544	-0.0225483	-0.0235544	-0.0161852	-0.0159799	-0.00635846	-0.0266341	-0.0327174	0.0359304	0.0323533	0.033067	0.0320628	
MomentArms on: ankle_angle_r
0.0228336	0.0251586	0.0160227	0.0286851	-0.0129446	-0.0154754	-0.0440873	-0.0432415	-0.00717851	-0.00866188	-0.0406663	-0.0131799	
External Torques: -5.72233 7.29718 -23.2015 
Current Torque on hip_flexion_r -2.38523
Current Torque on knee_angle_r -10.3396
Current Torque on ankle_angle_r -24.7003

----------------------------------------


EmgTime: 1.71
Adjusted EMG
0.568501	0.566696	0.566696	0.503357	0.566696	0.566696	0.156211	0.180591	0.180276	0.0148554	0.001	0.192427	0.581292	0.001	0.001	0.001	0.001	0.000997281	0.320943	0.566696	0.566696	0.566696	0.001	0.001	0.001	0.001	0.001	0.294313	0.294457	0.297119	0.294653	0.564197	0.441635	0.546002	0.001	0.001	0.001	0.214294	0.001	0.001	0.0639909	0.225284	0.127025	0	0	0	0	0	0	0	0	0	0	0	0	0	0	0	0	0	0	0	0	0	0	0	0	0	0	0	0	0	0	0	0	0	0	0	0	0	0	0	0	0	0	0	0.001	0	0.001	0	0.001	0	
LmtTime: 1.71
Lmt
0.105431	0.118418	0.1028	0.0685639	0.070536	0.075894	0.332457	0.368353	0.342916	0.171445	0.398966	0.148179	0.10196	0.0975803	0.167546	0.29844	0.398254	0.0667565	0.329553	0.183207	0.194947	0.225388	0.138696	0.182005	0.0582714	0.050467	0.115235	0.3222	0.161719	0.170187	0.183597	0.326882	0.324089	0.227588	0.260497	0.333722	0.326668	0.217152	0.160558	0.298835	0.133185	0.326628	0.303555	0.0951127	0.104811	0.088709	0.0630245	0.0637084	0.0676754	0.307861	0.338554	0.315262	0.171664	0.428654	0.168769	0.108753	0.0953114	0.156491	0.274133	0.417565	0.0805748	0.32504	0.163094	0.172516	0.197976	0.159337	0.202516	0.0580446	0.0520564	0.109015	0.346252	0.161996	0.170567	0.183919	0.315052	0.312135	0.218145	0.254734	0.328912	0.321801	0.21822	0.15743	0.294065	0.133792	0.326329	0.304112	0.0998951	0.0990267	0.171997	0.181289	0.233954	0.236524	
MomentArms on: hip_flexion_r
-0.00773642	0.00982257	-0.00057802	0.00285106	-0.0338903	0.0341447	0.0107628	0.0335374	0.0426606	0.0647967	0.0533699	
MomentArms on: knee_angle_r
-0.0241325	-0.0226067	-0.0237281	-0.0160261	-0.0158168	-0.00647782	-0.0265858	-0.0328196	0.0358103	0.0322424	0.0328945	0.0319225	
MomentArms on: ankle_angle_r
0.022806	0.0251204	0.0160057	0.0286416	-0.0129856	-0.0155125	-0.0441887	-0.0433354	-0.00719118	-0.00866824	-0.0407871	-0.0132174	
External Torques: -5.86273 9.0865 -25.9825 
Current Torque on hip_flexion_r -2.66398
Current Torque on knee_angle_r 8.8529
Current Torque on ankle_angle_r -27.8484

----------------------------------------


EmgTime: 1.72
Adjusted EMG
0.526191	0.523644	0.523644	0.472002	0.523644	0.523644	0.740102	0.1546	0.163438	0.883628	0.001	0.191045	0.532607	0.001	0.001	0.001	0.001	0.000997281	0.440744	0.523644	0.523644	0.523644	0.001	0.001	0.001	0.001	0.001	0.28705	0.281223	0.156123	0.275949	0.510148	0.57335	0.504251	0.001	0.001	0.001	0.146112	0.001	0.001	0.021154	0.153348	0.113972	0	0	0	0	0	0	0	0	0	0	0	0	0	0	0	0	0	0	0	0	0	0	0	0	0	0	0	0	0	0	0	0	0	0	0	0	0	0	0	0	0	0	0	0.001	0	0.001	0	0.001	0	
LmtTime: 1.72
Lmt
0.105631	0.118532	0.102848	0.0687741	0.0707441	0.0760613	0.331468	0.367093	0.341947	0.171023	0.399579	0.147788	0.101448	0.0968855	0.166802	0.297774	0.399122	0.0665802	0.328438	0.183134	0.194744	0.224713	0.138956	0.182286	0.0578873	0.0504424	0.115313	0.323276	0.162253	0.170736	0.184139	0.327134	0.324341	0.228058	0.26065	0.333872	0.32685	0.216778	0.160643	0.298942	0.132979	0.326333	0.303227	0.0947388	0.104734	0.088872	0.0626062	0.0634035	0.0675427	0.307388	0.338033	0.315126	0.170812	0.427712	0.168788	0.109022	0.095832	0.157097	0.274778	0.417073	0.0805512	0.324577	0.16341	0.173048	0.19902	0.158969	0.202162	0.0586245	0.0523482	0.109156	0.347003	0.163092	0.171691	0.18503	0.31295	0.309988	0.21666	0.254257	0.328442	0.321244	0.219212	0.157176	0.293761	0.134347	0.327125	0.304987	0.0997993	0.0991999	0.171659	0.181537	0.233707	0.236686	
MomentArms on: hip_flexion_r
-0.00765372	0.00998554	-0.00067319	0.00279628	-0.0337723	0.0341233	0.0108681	0.0335264	0.0426873	0.0647346	0.0531876	
MomentArms on: knee_angle_r
-0.0241028	-0.0226686	-0.023911	-0.0158588	-0.0156452	-0.00661031	-0.0270202	-0.0329229	0.0356778	0.0321226	0.032709	0.0317713	
MomentArms on: ankle_angle_r
0.0227844	0.0250905	0.0159922	0.0286074	-0.0130175	-0.0155414	-0.044265	-0.0434054	-0.00720099	-0.00867307	-0.0408809	-0.0132466	
External Torques: -5.78684 10.8636 -28.2374 
Current Torque on hip_flexion_r -3.12195
Current Torque on knee_angle_r 17.2714
Current Torque on ankle_angle_r -28.8325

----------------------------------------


EmgTime: 1.73
Adjusted EMG
0.478554	0.475816	0.475816	0.433631	0.475816	0.475816	0.694163	0.122365	0.130017	0.941955	0.001	0.192236	0.486677	0.001	0.001	0.001	0.001	0.000997281	0.382068	0.475816	0.475816	0.475816	0.001	0.001	0.001	0.001	0.001	0.235607	0.277722	0.0961958	0.274915	0.452319	0.507772	0.452621	0.0419432	0.001	0.0104665	0.10224	0.00998769	0.00610156	0.001	0.101142	0.10433	0	0	0	0	0	0	0	0	0	0	0	0	0	0	0	0	0	0	0	0	0	0	0	0	0	0	0	0	0	0	0	0	0	0	0	0	0	0	0	0	0	0	0	0.001	0	0.001	0	0.001	0	
LmtTime: 1.73
Lmt
0.105833	0.118647	0.102897	0.0689842	0.0709492	0.0762244	0.330522	0.365889	0.341027	0.170599	0.400112	0.147423	0.100969	0.0962379	0.166117	0.297168	0.399932	0.066413	0.327373	0.183071	0.194557	0.224087	0.139198	0.182546	0.0575171	0.050408	0.115384	0.324307	0.162787	0.171284	0.18468	0.327283	0.324489	0.228435	0.260773	0.333991	0.326996	0.216475	0.160712	0.299027	0.132812	0.326094	0.302961	0.0944012	0.104719	0.0891078	0.0622004	0.0631234	0.0674478	0.306951	0.337549	0.315067	0.169904	0.426636	0.168685	0.109232	0.0963243	0.15771	0.275509	0.416522	0.0804568	0.324019	0.163831	0.1737	0.200183	0.158512	0.201719	0.0592056	0.0526441	0.109334	0.347731	0.164246	0.172879	0.186198	0.311074	0.308074	0.215421	0.253859	0.328049	0.320781	0.220016	0.156966	0.293512	0.134799	0.327772	0.305697	0.0997416	0.0994003	0.171303	0.181744	0.233452	0.236815	
MomentArms on: hip_flexion_r
-0.00757434	0.0101663	-0.00072882	0.00278408	-0.0336475	0.0341135	0.0109882	0.0335318	0.0427156	0.064649	0.053027	
MomentArms on: knee_angle_r
-0.0240643	-0.0227327	-0.0240989	-0.0156876	-0.0154696	-0.00675495	-0.0271231	-0.0330242	0.0355347	0.0319958	0.0325135	0.0316117	
MomentArms on: ankle_angle_r
0.0227714	0.0250728	0.0159841	0.028587	-0.0130365	-0.0155585	-0.0443061	-0.0434423	-0.00720678	-0.00867588	-0.0409363	-0.0132639	
External Torques: -5.58003 12.545 -29.9137 
Current Torque on hip_flexion_r -3.41798
Current Torque on knee_angle_r 18.0195
Current Torque on ankle_angle_r -29.8819

----------------------------------------


EmgTime: 1.74
Adjusted EMG
0.432008	0.429522	0.429522	0.395354	0.429522	0.429522	0.560184	0.0954903	0.102011	0.919882	0.001	0.195974	0.444238	0.001	0.001	0.001	0.001	0.000997281	0.337105	0.429522	0.429522	0.429522	0.001	0.001	0.001	0.001	0.001	0.191852	0.280207	0.0296991	0.278998	0.394977	0.433775	0.395013	0.00663188	0.001	0.00155892	0.100721	0.00158921	0.001	0.00103891	0.100526	0.101029	0	0	0	0	0	0	0	0	0	0	0	0	0	0	0	0	0	0	0	0	0	0	0	0	0	0	0	0	0	0	0	0	0	0	0	0	0	0	0	0	0	0	0	0.001	0	0.001	0	0.001	0	
LmtTime: 1.74
Lmt
0.106035	0.118761	0.102941	0.0691927	0.0711488	0.0763798	0.329627	0.364753	0.340164	0.170175	0.400555	0.147095	0.100536	0.0956495	0.165503	0.296632	0.400675	0.0662598	0.326371	0.183015	0.194389	0.22352	0.139417	0.18278	0.0571628	0.0503613	0.115444	0.325285	0.163317	0.17183	0.185216	0.327323	0.324528	0.228711	0.260863	0.334079	0.327104	0.216252	0.160763	0.29909	0.132689	0.325917	0.302764	0.0941089	0.104774	0.089421	0.0618138	0.062874	0.0673951	0.306565	0.337116	0.315099	0.168943	0.425416	0.168445	0.109373	0.0967833	0.158329	0.276333	0.415905	0.0802834	0.323362	0.164364	0.174477	0.201467	0.157954	0.201179	0.0597821	0.0529397	0.109548	0.348418	0.165453	0.174123	0.187413	0.309482	0.306455	0.214485	0.253558	0.327751	0.320431	0.22061	0.156808	0.293326	0.135134	0.328252	0.306222	0.0997248	0.0996258	0.170938	0.1819	0.233195	0.236903	
MomentArms on: hip_flexion_r
-0.00749584	0.0103699	-0.00074646	0.00281414	-0.0335114	0.0341136	0.0111252	0.033552	0.0427457	0.0645367	0.0528862	
MomentArms on: knee_angle_r
-0.0240164	-0.0227977	-0.0242878	-0.0155168	-0.0152944	-0.0069105	-0.0272234	-0.0331206	0.0353827	0.0318641	0.0323112	0.0314464	
MomentArms on: ankle_angle_r
0.0227699	0.0250707	0.0159832	0.0285846	-0.0130387	-0.0155605	-0.0443027	-0.0434375	-0.00720746	-0.00867621	-0.0409429	-0.0132659	
External Torques: -5.29917 14.0705 -31.0082 
Current Torque on hip_flexion_r -3.59627
Current Torque on knee_angle_r 18.59
Current Torque on ankle_angle_r -31.0042

----------------------------------------


EmgTime: 1.75
Adjusted EMG
0.391968	0.39028	0.39028	0.367704	0.39028	0.39028	0.518641	0.0748424	0.080942	0.874897	0.001	0.20269	0.378678	0.001	0.001	0.001	0.001	0.000997281	0.31316	0.39028	0.39028	0.39028	0.001	0.001	0.001	0.001	0.001	0.158842	0.287517	0.001	0.286892	0.341843	0.372605	0.341941	0.0159871	0.001	0.00347158	0.0957518	0.00365279	0.0019694	0.001	0.0952973	0.0966278	0	0	0	0	0	0	0	0	0	0	0	0	0	0	0	0	0	0	0	0	0	0	0	0	0	0	0	0	0	0	0	0	0	0	0	0	0	0	0	0	0	0	0	0.001	0	0.001	0	0.001	0	
LmtTime: 1.75
Lmt
0.106236	0.11887	0.102977	0.0693974	0.0713395	0.0765236	0.328789	0.363695	0.339364	0.169754	0.400906	0.146815	0.100159	0.095131	0.164969	0.296172	0.401346	0.0661268	0.325442	0.182965	0.194236	0.223018	0.139613	0.182987	0.0568259	0.0502995	0.115489	0.326202	0.16384	0.172368	0.185744	0.327255	0.324457	0.228886	0.26092	0.334135	0.327171	0.216109	0.160795	0.29913	0.132611	0.325805	0.302639	0.0938708	0.104903	0.0898102	0.0614541	0.0626605	0.0673868	0.306245	0.336754	0.315237	0.167942	0.424049	0.168062	0.109443	0.0972055	0.158952	0.27725	0.41522	0.0800272	0.322613	0.165009	0.175376	0.202864	0.157295	0.200539	0.0603456	0.0532281	0.109795	0.349045	0.166696	0.175409	0.188661	0.308219	0.305177	0.213889	0.253366	0.327561	0.320209	0.220983	0.156708	0.293209	0.135343	0.328552	0.30655	0.0997489	0.0998702	0.17058	0.181993	0.232945	0.236948	
MomentArms on: hip_flexion_r
-0.00741503	0.0106012	-0.00073078	0.00288301	-0.0333585	0.0341205	0.0112808	0.0335839	0.0427775	0.0643952	0.0527599	
MomentArms on: knee_angle_r
-0.0239588	-0.0228626	-0.0244743	-0.0153508	-0.0151241	-0.0070756	-0.027319	-0.03321	0.0352239	0.0317297	0.0321051	0.0312778	
MomentArms on: ankle_angle_r
0.0227819	0.0250871	0.0159907	0.0286034	-0.0130212	-0.0155447	-0.044247	-0.0433835	-0.00720211	-0.00867361	-0.0408916	-0.0132499	
External Torques: -4.97812 15.4038 -31.56 
Current Torque on hip_flexion_r -3.88633
Current Torque on knee_angle_r 19.4627
Current Torque on ankle_angle_r -31.55

----------------------------------------


EmgTime: 1.76
Adjusted EMG
0.363068	0.362123	0.362123	0.34907	0.362123	0.362123	0.465328	0.0593626	0.0648084	0.800362	0.001	0.211821	0.319978	0.001	0.001	0.001	0.001	0.000997281	0.296462	0.362123	0.362123	0.362123	0.001	0.001	0.001	0.001	0.001	0.143534	0.299311	0.001	0.298917	0.29586	0.320236	0.296232	0.0388535	0.001	0.0106798	0.0874571	0.0113988	0.00755727	0.001	0.0858982	0.091254	0	0	0	0	0	0	0	0	0	0	0	0	0	0	0	0	0	0	0	0	0	0	0	0	0	0	0	0	0	0	0	0	0	0	0	0	0	0	0	0	0	0	0	0.001	0	0.001	0	0.001	0	
LmtTime: 1.76
Lmt
0.106431	0.118969	0.102997	0.0695954	0.0715178	0.0766513	0.328012	0.36272	0.33863	0.169341	0.401164	0.146593	0.099847	0.0946905	0.164522	0.295789	0.401943	0.0660207	0.324597	0.182915	0.194095	0.222581	0.139787	0.183169	0.0565074	0.0502207	0.115514	0.327055	0.16435	0.172895	0.186259	0.327085	0.324284	0.228963	0.260945	0.334159	0.327201	0.216046	0.160809	0.299148	0.132577	0.325755	0.302583	0.0936952	0.105105	0.0902691	0.0611302	0.0624882	0.0674233	0.306007	0.336483	0.315491	0.16692	0.422543	0.167537	0.109439	0.0975889	0.159577	0.278257	0.414468	0.0796883	0.321787	0.165757	0.176385	0.204356	0.156536	0.199802	0.0608856	0.053501	0.110068	0.349588	0.167953	0.176712	0.189916	0.307317	0.304273	0.213652	0.25329	0.327486	0.320121	0.22113	0.156668	0.293162	0.135426	0.328671	0.30668	0.0998108	0.100125	0.170248	0.182015	0.232712	0.236945	
MomentArms on: hip_flexion_r
-0.00732839	0.0108641	-0.0006887	0.00298476	-0.0331841	0.0341306	0.0114562	0.0336233	0.0428103	0.0642227	0.0526411	
MomentArms on: knee_angle_r
-0.0238916	-0.0229261	-0.0246556	-0.0151933	-0.0149624	-0.00724889	-0.0274081	-0.0332903	0.0350602	0.0315943	0.0318978	0.0311083	
MomentArms on: ankle_angle_r
0.0228086	0.025124	0.0160073	0.0286456	-0.0129818	-0.0155091	-0.0441328	-0.0432746	-0.00719001	-0.00866765	-0.0407759	-0.013214	
External Torques: -4.64246 16.5288 -31.6415 
Current Torque on hip_flexion_r -4.0332
Current Torque on knee_angle_r 20.0191
Current Torque on ankle_angle_r -31.6029

----------------------------------------


EmgTime: 1.77
Adjusted EMG
0.347508	0.347097	0.347097	0.340954	0.347097	0.347097	0.373659	0.0480641	0.0520422	0.676243	0.001	0.222591	0.27584	0.001	0.001	0.001	0.001	0.000997281	0.27746	0.347097	0.347097	0.347097	0.001	0.001	0.001	0.001	0.001	0.153273	0.31463	0.001	0.314366	0.258808	0.2755	0.25949	0.0503997	0.001	0.0155621	0.0774186	0.0178452	0.0136531	0.001	0.0745013	0.085326	0	0	0	0	0	0	0	0	0	0	0	0	0	0	0	0	0	0	0	0	0	0	0	0	0	0	0	0	0	0	0	0	0	0	0	0	0	0	0	0	0	0	0	0.001	0	0.001	0	0.001	0	
LmtTime: 1.77
Lmt
0.106616	0.119052	0.102997	0.0697834	0.0716797	0.0767585	0.327298	0.36183	0.337962	0.16894	0.401337	0.146441	0.0996089	0.0943333	0.164163	0.295482	0.402465	0.065948	0.323842	0.18286	0.193962	0.22221	0.139942	0.183329	0.0562084	0.0501242	0.115515	0.32784	0.164843	0.173404	0.186755	0.326827	0.324023	0.228952	0.260942	0.334155	0.327197	0.216055	0.160807	0.299146	0.132582	0.325762	0.302591	0.09359	0.105379	0.0907886	0.0608515	0.0623619	0.067504	0.305869	0.336323	0.31587	0.1659	0.420914	0.166878	0.109364	0.0979334	0.160202	0.279346	0.413653	0.0792709	0.320909	0.166596	0.177486	0.20592	0.155687	0.198974	0.0613907	0.0537492	0.110361	0.350023	0.169196	0.178005	0.191151	0.306787	0.303756	0.21377	0.253328	0.327524	0.320165	0.221056	0.156688	0.293186	0.135385	0.328612	0.306615	0.099906	0.100379	0.169964	0.181958	0.232507	0.236896	
MomentArms on: hip_flexion_r
-0.00723264	0.0111606	-0.00062834	0.00311184	-0.032984	0.0341398	0.0116517	0.0336654	0.0428429	0.0640188	0.0525217	
MomentArms on: knee_angle_r
-0.023815	-0.0229877	-0.0248296	-0.0150473	-0.0148124	-0.0074291	-0.0274895	-0.0333603	0.0348934	0.0314597	0.0316917	0.0309397	
MomentArms on: ankle_angle_r
0.0228503	0.0251818	0.0160329	0.0287115	-0.0129195	-0.0154526	-0.0439565	-0.0431073	-0.00717071	-0.00865792	-0.0405922	-0.013157	
External Torques: -4.31399 17.4461 -31.3462 
Current Torque on hip_flexion_r -4.03693
Current Torque on knee_angle_r 19.9173
Current Torque on ankle_angle_r -31.2738

----------------------------------------


EmgTime: 1.78
Adjusted EMG
0.345275	0.34518	0.34518	0.343578	0.34518	0.34518	0.278472	0.0412127	0.0437363	0.532091	0.001	0.234053	0.24838	0.001	0.001	0.001	0.001	0.000997281	0.265053	0.34518	0.34518	0.34518	0.001	0.001	0.001	0.001	0.001	0.192152	0.330956	0.001	0.330765	0.231443	0.24191	0.232248	0.0518684	0.001	0.0163662	0.0690631	0.0201959	0.0160282	0.001	0.06519	0.0796191	0	0	0	0	0	0	0	0	0	0	0	0	0	0	0	0	0	0	0	0	0	0	0	0	0	0	0	0	0	0	0	0	0	0	0	0	0	0	0	0	0	0	0	0.001	0	0.001	0	0.001	0	
LmtTime: 1.78
Lmt
0.106786	0.119114	0.102971	0.0699577	0.071821	0.0768411	0.326647	0.361026	0.337358	0.168556	0.401436	0.146366	0.0994485	0.094061	0.16389	0.295244	0.402916	0.0659142	0.323182	0.182794	0.193831	0.221898	0.140083	0.183471	0.0559301	0.0500105	0.115489	0.328558	0.165312	0.17389	0.187227	0.326498	0.32369	0.228866	0.260914	0.334128	0.327164	0.216126	0.160792	0.299126	0.13262	0.325818	0.302653	0.093562	0.105722	0.0913579	0.0606275	0.0622863	0.0676277	0.305848	0.336296	0.316378	0.164907	0.419181	0.166099	0.109223	0.0982402	0.160825	0.280507	0.412781	0.078782	0.320009	0.167509	0.178654	0.207529	0.154758	0.198067	0.0618497	0.0539637	0.110664	0.35033	0.170398	0.179258	0.192339	0.306623	0.303617	0.214222	0.253473	0.327668	0.320333	0.220775	0.156764	0.293274	0.135226	0.328384	0.306367	0.100029	0.100621	0.169746	0.181816	0.232342	0.236802	
MomentArms on: hip_flexion_r
-0.00712521	0.0114909	-0.0005578	0.00325624	-0.0327557	0.0341444	0.0118665	0.0337057	0.0428737	0.0637842	0.0523941	
MomentArms on: knee_angle_r
-0.0237296	-0.0230466	-0.0249951	-0.0149149	-0.0146763	-0.00761521	-0.0275622	-0.0334193	0.034725	0.0313268	0.0314882	0.0307735	
MomentArms on: ankle_angle_r
0.0229058	0.0252597	0.0160666	0.0287995	-0.0128346	-0.0153755	-0.0437176	-0.042881	-0.00714412	-0.00864408	-0.0403406	-0.0130793	
External Torques: -4.00131 18.174 -30.774 
Current Torque on hip_flexion_r -3.93095
Current Torque on knee_angle_r 19.7071
Current Torque on ankle_angle_r -30.6861

----------------------------------------


EmgTime: 1.79
Adjusted EMG
0.354475	0.354475	0.354475	0.354484	0.354475	0.354475	0.215804	0.038776	0.0405632	0.437863	0.001	0.245062	0.244985	0.001	0.001	0.001	0.001	0.000997281	0.265353	0.354475	0.354475	0.354475	0.00296191	0.001	0.001	0.001	0.001	0.230328	0.346127	0.127324	0.345939	0.213524	0.221007	0.214342	0.0518544	0.001	0.0160254	0.0627577	0.0207699	0.0163732	0.001	0.0583077	0.0747085	0	0	0	0	0	0	0	0	0	0	0	0	0	0	0	0	0	0	0	0	0	0	0	0	0	0	0	0	0	0	0	0	0	0	0	0	0	0	0	0	0	0	0	0.001	0	0.001	0	0.001	0	
LmtTime: 1.79
Lmt
0.106936	0.119149	0.102914	0.0701141	0.0719381	0.0768958	0.326055	0.360303	0.336812	0.168195	0.401478	0.146371	0.0993666	0.0938711	0.163697	0.295064	0.403302	0.0659231	0.322617	0.182712	0.193696	0.221638	0.140216	0.183603	0.0556738	0.0498821	0.115436	0.329211	0.165753	0.174345	0.187668	0.326118	0.323306	0.228721	0.260866	0.334082	0.327107	0.216244	0.160765	0.299093	0.132685	0.325911	0.302757	0.0936169	0.10613	0.0919662	0.0604669	0.0622657	0.0677933	0.305956	0.336416	0.317015	0.163965	0.417368	0.165219	0.109026	0.0985126	0.161447	0.281727	0.41186	0.078231	0.31912	0.168478	0.179869	0.209158	0.153764	0.197094	0.0622523	0.0541367	0.110972	0.350492	0.171533	0.180445	0.193455	0.306798	0.303828	0.214967	0.253713	0.327904	0.320611	0.220305	0.156889	0.293422	0.134962	0.328006	0.305952	0.100173	0.100843	0.169612	0.181588	0.232224	0.236664	
MomentArms on: hip_flexion_r
-0.00700473	0.0118524	-0.00048405	0.00341043	-0.0324989	0.0341415	0.0120986	0.0337401	0.0429012	0.0635211	0.0522527	
MomentArms on: knee_angle_r
-0.0236355	-0.0231025	-0.0251517	-0.0147975	-0.0145554	-0.00780654	-0.0276259	-0.033467	0.0345558	0.0311966	0.0312883	0.0306104	
MomentArms on: ankle_angle_r
0.0229731	0.0253551	0.0161065	0.0289063	-0.0127289	-0.0152791	-0.0434191	-0.0425984	-0.00711054	-0.00862593	-0.0400253	-0.0129825	
External Torques: -3.70251 18.7407 -30.02 
Current Torque on hip_flexion_r -3.70288
Current Torque on knee_angle_r 19.8114
Current Torque on ankle_angle_r -29.9281

----------------------------------------


EmgTime: 1.8
Adjusted EMG
0.371579	0.37158	0.37158	0.371594	0.37158	0.37158	0.177429	0.03961	0.041084	0.388895	0.001	0.254646	0.254515	0.001	0.001	0.001	0.001	0.000997281	0.271265	0.37158	0.37158	0.37158	0.00509327	0.001	0.001	0.001	0.001	0.250879	0.359653	0.203468	0.359455	0.204067	0.210339	0.204898	0.0534244	0.001	0.0161669	0.0579099	0.0214403	0.0168027	0.001	0.0528771	0.0712195	0	0	0	0	0	0	0	0	0	0	0	0	0	0	0	0	0	0	0	0	0	0	0	0	0	0	0	0	0	0	0	0	0	0	0	0	0	0	0	0	0	0	0	0.001	0	0.001	0	0.001	0	
LmtTime: 1.8
Lmt
0.107061	0.119155	0.102825	0.0702484	0.0720275	0.0769201	0.325517	0.359654	0.336317	0.16786	0.401482	0.146458	0.0993601	0.0937575	0.163574	0.294929	0.403629	0.0659766	0.322145	0.18261	0.193552	0.22142	0.140348	0.18373	0.055441	0.0497428	0.115354	0.329803	0.166158	0.174766	0.188075	0.325709	0.322893	0.228534	0.260805	0.334023	0.327035	0.216396	0.160731	0.29905	0.132768	0.326031	0.30289	0.0937586	0.106598	0.0926033	0.0603772	0.0623036	0.0679995	0.306202	0.336697	0.317778	0.163095	0.4155	0.164256	0.10878	0.0987546	0.162066	0.282996	0.410899	0.0776288	0.318275	0.169487	0.181107	0.210783	0.15272	0.196069	0.0625903	0.0542619	0.111276	0.350497	0.172579	0.181542	0.194477	0.307271	0.304346	0.215951	0.254029	0.328217	0.320979	0.219674	0.157055	0.293619	0.134607	0.327497	0.305395	0.100334	0.101036	0.169574	0.181272	0.232158	0.236486	
MomentArms on: hip_flexion_r
-0.00687135	0.0122402	-0.00041212	0.00356825	-0.0322156	0.0341293	0.0123448	0.0337661	0.0429234	0.0632328	0.0520947	
MomentArms on: knee_angle_r
-0.0235339	-0.0231529	-0.0252999	-0.0146881	-0.0144427	-0.00799954	-0.0276807	-0.0335038	0.034384	0.0310661	0.0310886	0.0304476	
MomentArms on: ankle_angle_r
0.023049	0.0254642	0.0161502	0.0290271	-0.0126058	-0.0151662	-0.0430678	-0.0422658	-0.00707074	-0.00860351	-0.0396548	-0.0128694	
External Torques: -3.41336 19.1748 -29.1679 
Current Torque on hip_flexion_r -3.41398
Current Torque on knee_angle_r 20.0534
Current Torque on ankle_angle_r -29.0715

----------------------------------------


EmgTime: 1.81
Adjusted EMG
0.392157	0.392157	0.392157	0.392174	0.392157	0.392157	0.148632	0.0424989	0.0437448	0.354891	0.001	0.262072	0.261928	0.001	0.001	0.001	0.001	0.000997281	0.27618	0.392157	0.392157	0.392157	0.00590011	0.001	0.001	0.001	0.001	0.272191	0.371904	0.256368	0.371698	0.201625	0.207045	0.202427	0.0531171	0.001	0.0157881	0.0564054	0.0212202	0.0165004	0.001	0.0514563	0.0701415	0	0	0	0	0	0	0	0	0	0	0	0	0	0	0	0	0	0	0	0	0	0	0	0	0	0	0	0	0	0	0	0	0	0	0	0	0	0	0	0	0	0	0	0.001	0	0.001	0	0.001	0	
LmtTime: 1.81
Lmt
0.107155	0.119127	0.102703	0.0703569	0.0720867	0.0769128	0.325025	0.359068	0.335863	0.167556	0.401469	0.146622	0.099422	0.0937106	0.163507	0.294823	0.403908	0.0660745	0.321758	0.182484	0.193394	0.221231	0.140486	0.183861	0.0552332	0.0495978	0.115247	0.330342	0.166526	0.175147	0.188443	0.325293	0.322473	0.228322	0.260736	0.333956	0.326952	0.216566	0.160692	0.299002	0.132862	0.326166	0.30304	0.0939886	0.107121	0.0932604	0.0603637	0.0624023	0.0682451	0.306591	0.337145	0.318656	0.162312	0.4136	0.163235	0.108499	0.0989716	0.162686	0.284301	0.409907	0.0769871	0.317505	0.17052	0.182349	0.212383	0.151639	0.195006	0.0628586	0.0543355	0.111573	0.35034	0.173879	0.182528	0.195683	0.307988	0.305112	0.217113	0.254402	0.328585	0.321414	0.218913	0.157253	0.293853	0.13418	0.326885	0.304723	0.100506	0.101197	0.169635	0.180875	0.232148	0.236271	
MomentArms on: hip_flexion_r
-0.00672674	0.0126473	-0.00034478	0.00372528	-0.03191	0.0341073	0.012601	0.0337823	0.042939	0.0629236	0.0519201	
MomentArms on: knee_angle_r
-0.0234256	-0.0231948	-0.0254402	-0.0145763	-0.0143277	-0.00818979	-0.0277271	-0.0335304	0.0342064	0.0309313	0.0308841	0.0302808	
MomentArms on: ankle_angle_r
0.0231295	0.0255823	0.0161951	0.029156	-0.0124696	-0.0150409	-0.0426746	-0.0418933	-0.00702594	-0.00857722	-0.0392417	-0.0127442	
External Torques: -3.1297 19.5037 -28.2844 
Current Torque on hip_flexion_r -3.13037
Current Torque on knee_angle_r 20.2494
Current Torque on ankle_angle_r -28.1884

----------------------------------------


EmgTime: 1.82
Adjusted EMG
0.411615	0.411616	0.411616	0.411633	0.411616	0.411616	0.12849	0.0466176	0.0476921	0.332226	0.001	0.266932	0.266788	0.001	0.001	0.001	0.001	0.000997281	0.27928	0.411616	0.411616	0.411616	0.006465	0.001	0.001	0.001	0.001	0.292691	0.383818	0.294826	0.383613	0.20462	0.209429	0.205375	0.0522549	0.001	0.0152771	0.0587678	0.0207225	0.0159598	0.001	0.0546437	0.072257	0	0	0	0	0	0	0	0	0	0	0	0	0	0	0	0	0	0	0	0	0	0	0	0	0	0	0	0	0	0	0	0	0	0	0	0	0	0	0	0	0	0	0	0.001	0	0.001	0	0.001	0	
LmtTime: 1.82
Lmt
0.107215	0.119065	0.102549	0.0704364	0.072114	0.0768736	0.324571	0.358535	0.335441	0.167286	0.40146	0.146855	0.0995427	0.0937185	0.163481	0.294731	0.404149	0.0662146	0.321448	0.182332	0.193218	0.221058	0.140635	0.184003	0.0550511	0.0494526	0.115117	0.330834	0.166851	0.175485	0.188768	0.32489	0.322066	0.228104	0.260665	0.333886	0.326867	0.216742	0.160652	0.298952	0.132959	0.326304	0.303195	0.0943055	0.107694	0.0939304	0.060429	0.0625626	0.0685287	0.307122	0.337761	0.319641	0.161628	0.411691	0.162178	0.108193	0.0991694	0.163307	0.285632	0.408893	0.0763175	0.316839	0.171563	0.183577	0.213942	0.150538	0.193918	0.0630551	0.0543559	0.111861	0.350021	0.174791	0.183391	0.196558	0.308889	0.306064	0.218387	0.254812	0.328988	0.321892	0.218055	0.157471	0.294114	0.133699	0.326197	0.303967	0.100687	0.101323	0.169796	0.180401	0.232191	0.236025	
MomentArms on: hip_flexion_r
-0.006574	0.0130647	-0.0002827	0.00387876	-0.0315884	0.0336934	0.0128624	0.0346711	0.0429466	0.0625993	0.0517319	
MomentArms on: knee_angle_r
-0.0233104	-0.0232283	-0.0255735	-0.014461	-0.0142093	-0.00837753	-0.0277651	-0.0335469	0.0340225	0.0307919	0.0306744	0.0301097	
MomentArms on: ankle_angle_r
0.0232107	0.0257039	0.0162384	0.0292865	-0.012326	-0.0149081	-0.042254	-0.0414945	-0.00697786	-0.00854785	-0.0388025	-0.012612	
External Torques: -2.84793 19.7491 -27.4211 
Current Torque on hip_flexion_r -2.84865
Current Torque on knee_angle_r 20.401
Current Torque on ankle_angle_r -27.3277

----------------------------------------


EmgTime: 1.83
Adjusted EMG
0.425733	0.425733	0.425733	0.425748	0.425733	0.425733	0.114954	0.051255	0.0521987	0.317007	0.001	0.269303	0.269169	0.001	0.001	0.001	0.001	0.000997281	0.280406	0.425733	0.425733	0.425733	0.00566702	0.001	0.001	0.001	0.001	0.313099	0.397031	0.326338	0.396835	0.211604	0.216022	0.212337	0.052573	0.001	0.0151614	0.064844	0.0206453	0.0157872	0.001	0.0618215	0.0780858	0	0	0	0	0	0	0	0	0	0	0	0	0	0	0	0	0	0	0	0	0	0	0	0	0	0	0	0	0	0	0	0	0	0	0	0	0	0	0	0	0	0	0	0.001	0	0.001	0	0.001	0	
LmtTime: 1.83
Lmt
0.107238	0.118968	0.102363	0.070485	0.0721089	0.0768037	0.324146	0.35804	0.335039	0.167051	0.401476	0.147149	0.0997102	0.0937673	0.16348	0.294635	0.404362	0.066393	0.321203	0.182152	0.193019	0.220888	0.140803	0.184162	0.054895	0.0493131	0.114968	0.331289	0.167134	0.175778	0.18905	0.324516	0.321689	0.227892	0.260596	0.333819	0.326785	0.216911	0.160613	0.298904	0.133052	0.326438	0.303343	0.094705	0.108311	0.0946072	0.0605726	0.0627831	0.0688483	0.307792	0.33854	0.320718	0.16105	0.409791	0.161105	0.107873	0.0993542	0.163932	0.286979	0.407869	0.0756312	0.316298	0.172605	0.18478	0.21545	0.149429	0.192819	0.0631817	0.0543242	0.112138	0.349543	0.175572	0.184121	0.197309	0.309915	0.307139	0.219711	0.255238	0.329407	0.322391	0.217139	0.1577	0.29439	0.133188	0.325462	0.303158	0.100874	0.101416	0.170047	0.179861	0.232282	0.235751	
MomentArms on: hip_flexion_r
-0.00641718	0.0134827	-0.00022523	0.00402706	-0.0312587	0.0339682	0.0131237	0.0348383	0.0429455	0.062266	0.0515349	
MomentArms on: knee_angle_r
-0.0231881	-0.0232533	-0.0257007	-0.0143406	-0.014086	-0.00856317	-0.0277947	-0.0335533	0.0338319	0.0306474	0.0304589	0.0299338	
MomentArms on: ankle_angle_r
0.0232887	0.0258236	0.0162781	0.0294126	-0.0121814	-0.0147736	-0.0418234	-0.0410857	-0.00692854	-0.00851662	-0.038356	-0.0124785	
External Torques: -2.56813 19.9257 -26.6168 
Current Torque on hip_flexion_r -2.56877
Current Torque on knee_angle_r 20.5121
Current Torque on ankle_angle_r -26.5235

----------------------------------------


EmgTime: 1.84
Adjusted EMG
0.431335	0.431335	0.431335	0.431347	0.431335	0.431335	0.103835	0.0558071	0.0566167	0.300533	0.001	0.269774	0.269677	0.001	0.001	0.001	0.001	0.000997281	0.279606	0.431335	0.431335	0.431335	0.00432681	0.001	0.001	0.001	0.001	0.339339	0.413533	0.358605	0.413357	0.221429	0.225531	0.222145	0.052972	0.001	0.0152131	0.075242	0.0206591	0.0157881	0.001	0.073447	0.087921	0	0	0	0	0	0	0	0	0	0	0	0	0	0	0	0	0	0	0	0	0	0	0	0	0	0	0	0	0	0	0	0	0	0	0	0	0	0	0	0	0	0	0	0.001	0	0.001	0	0.001	0	
LmtTime: 1.84
Lmt
0.107223	0.118837	0.102151	0.0705018	0.0720724	0.0767053	0.32374	0.357573	0.334649	0.166852	0.401535	0.147491	0.0999115	0.0938426	0.163487	0.294521	0.404558	0.0666043	0.321012	0.181943	0.192796	0.220708	0.140993	0.184343	0.054764	0.0491844	0.114804	0.331714	0.167372	0.176025	0.189288	0.324187	0.321358	0.227701	0.260533	0.333758	0.326711	0.217063	0.160578	0.298861	0.133136	0.326558	0.303477	0.0951796	0.108966	0.0952863	0.0607904	0.0630604	0.0692008	0.308594	0.339477	0.321875	0.160581	0.407919	0.160036	0.10755	0.0995325	0.164563	0.288335	0.406841	0.0749383	0.315901	0.173637	0.185948	0.216902	0.148322	0.191719	0.0632438	0.0542441	0.112403	0.348915	0.176215	0.184716	0.197928	0.311009	0.308278	0.221029	0.255663	0.329823	0.32289	0.216199	0.157929	0.294668	0.132664	0.32471	0.302329	0.101065	0.10148	0.170375	0.179266	0.232413	0.235455	
MomentArms on: hip_flexion_r
-0.00626075	0.0138912	-0.0001714	0.0041689	-0.0309296	0.0342076	0.0133797	0.0349739	0.0429358	0.061931	0.0513348	
MomentArms on: knee_angle_r
-0.0230583	-0.0232697	-0.0258225	-0.0144922	-0.0139936	-0.0087471	-0.0278159	-0.0335495	0.033634	0.0304974	0.0302369	0.0297526	
MomentArms on: ankle_angle_r
0.0233601	0.0259361	0.0163124	0.0295288	-0.0120421	-0.0146436	-0.0414215	-0.0407502	-0.00688027	-0.00848504	-0.0379225	-0.0123497	
External Torques: -2.29148 20.0438 -25.8952 
Current Torque on hip_flexion_r -2.29195
Current Torque on knee_angle_r 20.5629
Current Torque on ankle_angle_r -25.8017

----------------------------------------


EmgTime: 1.85
Adjusted EMG
0.426687	0.426687	0.426687	0.426694	0.426687	0.426687	0.0978072	0.0599676	0.0607151	0.29681	0.001	0.269325	0.269269	0.001	0.001	0.001	0.001	0.000997281	0.278773	0.426687	0.426687	0.426687	0.00266677	0.001	0.001	0.001	0.001	0.364	0.434922	0.388795	0.434757	0.233296	0.237349	0.234023	0.0545125	0.001	0.0157339	0.0892494	0.0212139	0.0163242	0.001	0.0884046	0.101501	0	0	0	0	0	0	0	0	0	0	0	0	0	0	0	0	0	0	0	0	0	0	0	0	0	0	0	0	0	0	0	0	0	0	0	0	0	0	0	0	0	0	0	0.001	0	0.001	0	0.001	0	
LmtTime: 1.85
Lmt
0.10717	0.118674	0.101915	0.0704878	0.0720066	0.0765818	0.323347	0.357122	0.334261	0.16669	0.40165	0.147868	0.100133	0.0939303	0.163488	0.294377	0.404748	0.0668421	0.320861	0.181707	0.192548	0.220507	0.141209	0.18455	0.0546563	0.0490707	0.114631	0.332119	0.167566	0.176227	0.189481	0.323912	0.321081	0.227539	0.260481	0.333707	0.326649	0.21719	0.160549	0.298825	0.133206	0.326659	0.303589	0.0957188	0.109649	0.0959638	0.0610751	0.0633885	0.0695822	0.30952	0.340562	0.323099	0.160219	0.406086	0.158988	0.107234	0.0997104	0.165203	0.289693	0.405817	0.0742476	0.31566	0.174652	0.187077	0.218295	0.147227	0.190627	0.0632502	0.0541214	0.112659	0.348145	0.176715	0.185174	0.198411	0.312122	0.309431	0.222295	0.256071	0.330223	0.323371	0.215268	0.158152	0.29494	0.132148	0.323967	0.301507	0.101259	0.101519	0.170764	0.178631	0.232575	0.235141	
MomentArms on: hip_flexion_r
-0.00610899	0.014281	-0.00012104	0.00430245	-0.0306098	0.0344115	0.0136256	0.0350799	0.0429182	0.0616019	0.0511366	
MomentArms on: knee_angle_r
-0.0229205	-0.0232774	-0.0259393	-0.0145019	-0.0140476	-0.00892951	-0.0278286	-0.0335353	0.033428	0.0303415	0.0300079	0.0295656	
MomentArms on: ankle_angle_r
0.0234224	0.0260371	0.0163407	0.0296309	-0.0119142	-0.0145238	-0.041042	-0.0403919	-0.00683532	-0.00845481	-0.0375219	-0.0122314	
External Torques: -2.01373 20.1136 -25.2689 
Current Torque on hip_flexion_r -2.014
Current Torque on knee_angle_r 20.612
Current Torque on ankle_angle_r -25.172

----------------------------------------


EmgTime: 1.86
Adjusted EMG
0.411655	0.411655	0.411655	0.411595	0.411655	0.411655	0.0918391	0.0633578	0.0640447	0.294116	0.001	0.269086	0.269582	0.001	0.001	0.001	0.001	0.000997281	0.278235	0.411655	0.411655	0.411655	0.001	0.001	0.001	0.001	0.001	0.395278	0.462107	0.423541	0.461957	0.246687	0.250647	0.247397	0.0543475	0.001	0.0157687	0.107111	0.0211204	0.0162954	0.001	0.106921	0.118245	0	0	0	0	0	0	0	0	0	0	0	0	0	0	0	0	0	0	0	0	0	0	0	0	0	0	0	0	0	0	0	0	0	0	0	0	0	0	0	0	0	0	0	0.001	0	0.001	0	0.001	0	
LmtTime: 1.86
Lmt
0.107083	0.118484	0.10166	0.0704456	0.0719152	0.0764373	0.32296	0.356677	0.333869	0.166564	0.401833	0.148268	0.100363	0.0940177	0.163471	0.294193	0.40494	0.0670995	0.32074	0.181445	0.192274	0.220278	0.141451	0.184785	0.0545688	0.0489749	0.114451	0.332508	0.167717	0.176384	0.189631	0.323699	0.320866	0.227414	0.26044	0.333667	0.3266	0.217289	0.160526	0.298796	0.13326	0.326737	0.303675	0.0963095	0.110354	0.0966367	0.0614165	0.0637595	0.0699875	0.310559	0.341785	0.324381	0.159964	0.404302	0.157975	0.106932	0.0998942	0.165855	0.291047	0.404799	0.0735666	0.315584	0.175645	0.188164	0.21963	0.146151	0.18955	0.0632123	0.0539636	0.112907	0.347245	0.177072	0.185499	0.198755	0.313217	0.310557	0.223475	0.256452	0.330595	0.323822	0.214374	0.158361	0.295196	0.131654	0.323254	0.300717	0.101454	0.101541	0.171195	0.177971	0.232757	0.234817	
MomentArms on: hip_flexion_r
-0.0059654	0.0146443	-7.552e-05	0.00442474	-0.0303073	0.0345808	0.0138571	0.0351592	0.0428941	0.0612867	0.050944	
MomentArms on: knee_angle_r
-0.0227747	-0.0232759	-0.0260512	-0.0145048	-0.0140955	-0.0091102	-0.0278325	-0.0335103	0.0332139	0.0301795	0.0297718	0.0293727	
MomentArms on: ankle_angle_r
0.023474	0.026123	0.0163626	0.0297162	-0.0118032	-0.0144193	-0.0407085	-0.0400774	-0.00679578	-0.00842762	-0.0371717	-0.0121285	
External Torques: -1.72015 20.1495 -24.7405 
Current Torque on hip_flexion_r -1.71774
Current Torque on knee_angle_r 20.6288
Current Torque on ankle_angle_r -24.6442

----------------------------------------


EmgTime: 1.87
Adjusted EMG
0.387471	0.387469	0.387469	0.386464	0.387469	0.387469	0.0854562	0.0657982	0.0664388	0.294485	0.001	0.269978	0.2779	0.001	0.001	0.001	0.001	0.000997281	0.279883	0.387469	0.387469	0.387469	0.001	0.001	0.001	0.001	0.001	0.423564	0.494725	0.462004	0.494588	0.261244	0.265121	0.261918	0.0531446	0.001	0.0153441	0.127352	0.0204381	0.0155588	0.001	0.127466	0.137003	0	0	0	0	0	0	0	0	0	0	0	0	0	0	0	0	0	0	0	0	0	0	0	0	0	0	0	0	0	0	0	0	0	0	0	0	0	0	0	0	0	0	0	0.001	0	0.001	0	0.001	0	
LmtTime: 1.87
Lmt
0.106965	0.118271	0.101392	0.070379	0.0718028	0.076277	0.322574	0.356234	0.333468	0.166471	0.402087	0.148678	0.10059	0.0940939	0.163427	0.293965	0.405141	0.0673695	0.320637	0.181161	0.191976	0.220014	0.141719	0.185046	0.054498	0.0488982	0.114271	0.332886	0.167827	0.176499	0.189741	0.32355	0.320716	0.227329	0.260412	0.33364	0.326567	0.217356	0.160511	0.298777	0.133297	0.326789	0.303734	0.0969369	0.11107	0.0973023	0.0618023	0.0641639	0.0704108	0.311704	0.343137	0.325711	0.15981	0.402576	0.157007	0.106651	0.100089	0.16652	0.292393	0.403789	0.0729015	0.315675	0.176611	0.189209	0.220913	0.145098	0.188492	0.0631436	0.0537797	0.113149	0.346224	0.177287	0.185695	0.198963	0.314266	0.311631	0.224546	0.256799	0.330932	0.324233	0.21354	0.158552	0.295433	0.131194	0.32259	0.299978	0.101648	0.101551	0.171647	0.177302	0.232949	0.234488	
MomentArms on: hip_flexion_r
-0.00583235	0.014975	-3.809e-05	0.00453153	-0.0300289	0.034718	0.0140709	0.0352157	0.0428655	0.0609931	0.050759	
MomentArms on: knee_angle_r
-0.022621	-0.0232651	-0.0261579	-0.0145001	-0.0141367	-0.00928852	-0.0278274	-0.0334745	0.0329922	0.0300116	0.029529	0.0291744	
MomentArms on: ankle_angle_r
0.0235143	0.0261917	0.0163787	0.0297831	-0.011713	-0.0143342	-0.0404349	-0.0398201	-0.00676334	-0.00840491	-0.0368858	-0.0120448	
External Torques: -1.39167 20.1693 -24.307 
Current Torque on hip_flexion_r -1.35075
Current Torque on knee_angle_r 20.6399
Current Torque on ankle_angle_r -24.2153

----------------------------------------


EmgTime: 1.88
Adjusted EMG
0.356359	0.356357	0.356357	0.354277	0.356357	0.356357	0.0660841	0.0671044	0.0677074	0.295847	0.001	0.272703	0.288125	0.001	0.001	0.001	0.001	0.000997281	0.283531	0.356357	0.356357	0.356357	0.001	0.001	0.001	0.001	0.001	0.455342	0.531064	0.503162	0.530939	0.27652	0.280284	0.27713	0.0507099	0.001	0.014452	0.148287	0.0190996	0.0142089	0.001	0.148521	0.156249	0	0	0	0	0	0	0	0	0	0	0	0	0	0	0	0	0	0	0	0	0	0	0	0	0	0	0	0	0	0	0	0	0	0	0	0	0	0	0	0	0	0	0	0.001	0	0.001	0	0.001	0	
LmtTime: 1.88
Lmt
0.106823	0.118041	0.101115	0.0702932	0.0716749	0.076106	0.322189	0.355789	0.333058	0.166411	0.402412	0.149087	0.100805	0.0941506	0.163349	0.29369	0.405358	0.0676454	0.320547	0.180858	0.191657	0.219712	0.14201	0.185332	0.0544395	0.0488403	0.114094	0.333256	0.167899	0.176574	0.189813	0.323464	0.320631	0.227284	0.260398	0.333626	0.32655	0.217391	0.160502	0.298767	0.133317	0.326817	0.303765	0.0975854	0.111788	0.0979584	0.0622188	0.0645909	0.0708454	0.312945	0.344606	0.327084	0.159755	0.400912	0.156092	0.106396	0.100299	0.167199	0.293727	0.402788	0.0722569	0.315936	0.177548	0.190211	0.222147	0.144073	0.187459	0.0630587	0.0535795	0.113386	0.345092	0.177364	0.185764	0.199038	0.315255	0.312636	0.225496	0.257107	0.331232	0.324599	0.21278	0.158723	0.295646	0.130776	0.321986	0.299305	0.101838	0.101553	0.172105	0.17664	0.233141	0.234163	
MomentArms on: hip_flexion_r
-0.00571088	0.0152696	-1.364e-05	0.00461754	-0.0297793	0.0348263	0.0142644	0.0352532	0.042835	0.0607281	0.0505814	
MomentArms on: knee_angle_r
-0.0224601	-0.0232448	-0.0262588	-0.0144871	-0.0141704	-0.00946339	-0.0278133	-0.0334277	0.0327638	0.0298387	0.0292807	0.0289714	
MomentArms on: ankle_angle_r
0.0235431	0.0262418	0.0163896	0.0298313	-0.0116462	-0.0142711	-0.0402304	-0.0396288	-0.00673915	-0.00838775	-0.0366734	-0.0119828	
External Torques: -1.01387 20.1908 -23.9637 
Current Torque on hip_flexion_r -0.931248
Current Torque on knee_angle_r 20.6582
Current Torque on ankle_angle_r -23.8807

----------------------------------------


EmgTime: 1.89
Adjusted EMG
0.320984	0.320983	0.320983	0.318265	0.320983	0.320983	0.0660793	0.0670968	0.0676635	0.296032	0.001	0.27742	0.296358	0.001	0.001	0.001	0.001	0.000997281	0.288674	0.320983	0.320983	0.320983	0.001	0.001	0.001	0.001	0.001	0.492774	0.568339	0.544639	0.568223	0.291895	0.29549	0.292415	0.0467824	0.001	0.0129879	0.168148	0.0169748	0.0121791	0.001	0.168422	0.174355	0	0	0	0	0	0	0	0	0	0	0	0	0	0	0	0	0	0	0	0	0	0	0	0	0	0	0	0	0	0	0	0	0	0	0	0	0	0	0	0	0	0	0	0.001	0	0.001	0	0.001	0	
LmtTime: 1.89
Lmt
0.106663	0.1178	0.100834	0.0701937	0.0715372	0.0759297	0.321804	0.355341	0.332639	0.16638	0.402803	0.149488	0.101002	0.0941827	0.163235	0.29337	0.405593	0.0679211	0.320463	0.180542	0.191321	0.219374	0.142321	0.185638	0.0543893	0.0487998	0.113922	0.333618	0.167936	0.176613	0.18985	0.323439	0.320605	0.227279	0.260396	0.333624	0.326548	0.217395	0.160501	0.298766	0.133319	0.326821	0.303769	0.0982394	0.112501	0.0986028	0.062652	0.0650297	0.0712847	0.314276	0.346185	0.328494	0.159796	0.399317	0.155233	0.106168	0.100528	0.167891	0.295043	0.401793	0.0716362	0.316362	0.178454	0.191175	0.223338	0.143078	0.186451	0.0629714	0.053373	0.113621	0.343856	0.177307	0.185713	0.198983	0.316177	0.313566	0.226321	0.257376	0.331492	0.324919	0.212103	0.158873	0.295833	0.130406	0.321448	0.298705	0.10202	0.101551	0.172553	0.176001	0.233327	0.233848	
MomentArms on: hip_flexion_r
-0.00560069	0.0155267	-8.02e-06	0.00467711	-0.029561	0.0349096	0.0144361	0.0352761	0.0428052	0.0604974	0.0504093	
MomentArms on: knee_angle_r
-0.0222932	-0.023215	-0.0263528	-0.0144654	-0.0141958	-0.00963334	-0.0277902	-0.0333705	0.0325306	0.029662	0.0290288	0.0287655	
MomentArms on: ankle_angle_r
0.0235609	0.0262734	0.0163961	0.0298613	-0.0116037	-0.0142309	-0.040099	-0.0395074	-0.00672368	-0.00837668	-0.036538	-0.0119433	
External Torques: -0.581562 20.2298 -23.7059 
Current Torque on hip_flexion_r -0.47629
Current Torque on knee_angle_r 20.6933
Current Torque on ankle_angle_r -23.6357

----------------------------------------


EmgTime: 1.9
Adjusted EMG
0.284055	0.284051	0.284051	0.281293	0.284051	0.284051	0.0645987	0.0656188	0.0661623	0.29771	0.001	0.283681	0.301758	0.001	0.001	0.001	0.001	0.000997281	0.294932	0.284051	0.284051	0.284051	0.001	0.001	0.001	0.001	0.001	0.530613	0.603169	0.582614	0.603058	0.306516	0.309978	0.30694	0.0419953	0.001	0.0112183	0.185179	0.0144091	0.0100108	0.001	0.185438	0.189826	0	0	0	0	0	0	0	0	0	0	0	0	0	0	0	0	0	0	0	0	0	0	0	0	0	0	0	0	0	0	0	0	0	0	0	0	0	0	0	0	0	0	0	0.001	0	0.001	0	0.001	0	
LmtTime: 1.9
Lmt
0.106492	0.117554	0.100554	0.0700864	0.0713951	0.0757527	0.321422	0.354894	0.332215	0.166376	0.403252	0.149873	0.101177	0.094188	0.163086	0.293012	0.405846	0.0681921	0.320383	0.180217	0.190973	0.219002	0.142646	0.185961	0.0543434	0.048774	0.113757	0.33397	0.167941	0.176618	0.189855	0.323467	0.320634	0.227308	0.260405	0.333633	0.326559	0.217372	0.160507	0.298772	0.133307	0.326803	0.303749	0.0988843	0.113198	0.0992339	0.0630887	0.0654699	0.0717223	0.315688	0.347865	0.329938	0.159929	0.397796	0.154433	0.105969	0.100776	0.168593	0.296337	0.400801	0.0710415	0.316948	0.179327	0.192099	0.224489	0.142115	0.185472	0.0628947	0.0531694	0.113856	0.342524	0.177121	0.185544	0.198802	0.317033	0.314424	0.227027	0.257606	0.331715	0.325193	0.211512	0.159002	0.295995	0.130083	0.320979	0.29818	0.10219	0.101546	0.17298	0.175398	0.2335	0.233552	
MomentArms on: hip_flexion_r
-0.00550032	0.0157473	-2.712e-05	0.00470507	-0.0293741	0.0349718	0.0145854	0.0352882	0.0427786	0.0603048	0.0502396	
MomentArms on: knee_angle_r
-0.0221223	-0.0231762	-0.0264391	-0.0144349	-0.0142125	-0.00979664	-0.0277587	-0.0333036	0.0322953	0.0294836	0.0287762	0.0285589	
MomentArms on: ankle_angle_r
0.0235687	0.0262873	0.0163988	0.0298744	-0.0115849	-0.014213	-0.0400394	-0.0394544	-0.0067168	-0.00837174	-0.0364778	-0.0119258	
External Torques: -0.107831 20.2924 -23.5334 
Current Torque on hip_flexion_r -0.0043905
Current Torque on knee_angle_r 20.7606
Current Torque on ankle_angle_r -23.4773

----------------------------------------


EmgTime: 1.91
Adjusted EMG
0.248013	0.247997	0.247997	0.244209	0.247997	0.247997	0.0614347	0.0624783	0.0629921	0.295565	0.001	0.290291	0.313681	0.001	0.001	0.001	0.001	0.000997281	0.302268	0.247997	0.247997	0.247997	0.001	0.001	0.001	0.001	0.001	0.555404	0.632281	0.614663	0.632176	0.319227	0.322515	0.319556	0.036629	0.001	0.00926269	0.198184	0.0116271	0.00774056	0.001	0.198395	0.201514	0	0	0	0	0	0	0	0	0	0	0	0	0	0	0	0	0	0	0	0	0	0	0	0	0	0	0	0	0	0	0	0	0	0	0	0	0	0	0	0	0	0	0	0.001	0	0.001	0	0.001	0	
LmtTime: 1.91
Lmt
0.106317	0.117307	0.100278	0.0699761	0.0712531	0.0755787	0.321047	0.354451	0.331788	0.166395	0.403746	0.150239	0.101329	0.0941676	0.162907	0.292622	0.406115	0.0684551	0.320306	0.179887	0.190616	0.218603	0.142981	0.186294	0.0542987	0.0487598	0.113601	0.334311	0.167918	0.176594	0.189832	0.323543	0.320711	0.227366	0.260424	0.333652	0.326582	0.217326	0.160517	0.298786	0.133281	0.326766	0.303708	0.0995075	0.113874	0.0998498	0.0635168	0.0659021	0.0721523	0.317175	0.349637	0.331412	0.160152	0.396357	0.15369	0.105797	0.101043	0.169302	0.297601	0.399814	0.0704743	0.317687	0.180165	0.192987	0.2256	0.141185	0.184524	0.0628387	0.0529772	0.114093	0.341103	0.176808	0.185259	0.198501	0.317829	0.315215	0.22762	0.257799	0.331902	0.325425	0.211006	0.159111	0.296132	0.129808	0.320578	0.29773	0.102344	0.101539	0.173381	0.174839	0.233661	0.233278	
MomentArms on: hip_flexion_r
-0.00540737	0.0159348	-7.596e-05	0.00469749	-0.0292161	0.035017	0.0147128	0.0352933	0.0427572	0.060152	0.050069	
MomentArms on: knee_angle_r
-0.0219496	-0.0231295	-0.0265167	-0.014396	-0.0142202	-0.00995149	-0.0277197	-0.0332283	0.0320608	0.0293058	0.0285261	0.0283542	
MomentArms on: ankle_angle_r
0.0235676	0.0262853	0.0163985	0.0298726	-0.0115876	-0.0142156	-0.0400455	-0.0394641	-0.00671779	-0.00837245	-0.0364864	-0.0119283	
External Torques: 0.381608 20.3763 -23.446 
Current Torque on hip_flexion_r 0.52189
Current Torque on knee_angle_r 20.8407
Current Torque on ankle_angle_r -23.4036

----------------------------------------


EmgTime: 1.92
Adjusted EMG
0.214839	0.214806	0.214806	0.211131	0.214806	0.214806	0.0565638	0.0575973	0.0580814	0.290706	0.001	0.296256	0.318008	0.001	0.001	0.001	0.001	0.000997281	0.307902	0.214806	0.214806	0.214806	0.001	0.001	0.001	0.001	0.001	0.57981	0.653145	0.637958	0.653044	0.328874	0.332006	0.329125	0.0313841	0.001	0.00744024	0.206611	0.00910618	0.00582753	0.001	0.206748	0.208976	0	0	0	0	0	0	0	0	0	0	0	0	0	0	0	0	0	0	0	0	0	0	0	0	0	0	0	0	0	0	0	0	0	0	0	0	0	0	0	0	0	0	0	0.001	0	0.001	0	0.001	0	
LmtTime: 1.92
Lmt
0.106141	0.117063	0.100009	0.0698669	0.0711146	0.0754101	0.320682	0.354018	0.331365	0.166436	0.404274	0.150588	0.10146	0.0941249	0.162704	0.29221	0.406397	0.0687086	0.320235	0.179557	0.190255	0.218182	0.143321	0.186633	0.0542531	0.0487537	0.113454	0.334638	0.167869	0.176543	0.189784	0.323656	0.320825	0.227448	0.260451	0.333678	0.326614	0.217262	0.160532	0.298804	0.133246	0.326715	0.303652	0.100099	0.114523	0.100449	0.0639268	0.0663185	0.0725697	0.318727	0.35149	0.332912	0.160465	0.395007	0.153001	0.105649	0.101323	0.170009	0.298826	0.39883	0.0699349	0.318565	0.180965	0.193836	0.22667	0.140292	0.18361	0.0628107	0.0528037	0.114331	0.3396	0.176374	0.184863	0.198082	0.318574	0.31595	0.228111	0.25796	0.332057	0.325617	0.210581	0.159202	0.296247	0.129577	0.32024	0.297352	0.102479	0.101528	0.173754	0.174333	0.233808	0.233032	
MomentArms on: hip_flexion_r
-0.00531887	0.0160938	-0.00015791	0.00465237	-0.0290825	0.0350486	0.0148194	0.0352939	0.0427425	0.0600379	0.0498936	
MomentArms on: knee_angle_r
-0.021778	-0.0230762	-0.0265849	-0.0143498	-0.0142192	-0.0100961	-0.0276744	-0.0331467	0.031831	0.0291313	0.0282821	0.0281546	
MomentArms on: ankle_angle_r
0.0235589	0.0262698	0.0163954	0.0298579	-0.0116086	-0.0142355	-0.0401073	-0.0395268	-0.00672545	-0.00837795	-0.0365534	-0.0119478	
External Torques: 0.860109 20.4752 -23.4399 
Current Torque on hip_flexion_r 0.994246
Current Torque on knee_angle_r 20.9328
Current Torque on ankle_angle_r -23.4087

----------------------------------------


EmgTime: 1.93
Adjusted EMG
0.185919	0.185897	0.185897	0.184561	0.185897	0.185897	0.0500128	0.0510513	0.0515125	0.285197	0.001	0.300388	0.308309	0.001	0.001	0.001	0.001	0.000997281	0.309883	0.185897	0.185897	0.185897	0.001	0.001	0.001	0.001	0.001	0.607206	0.66429	0.650925	0.664192	0.33438	0.337391	0.334564	0.026338	0.001	0.00579202	0.210839	0.00689617	0.00425223	0.001	0.210907	0.212468	0	0	0	0	0	0	0	0	0	0	0	0	0	0	0	0	0	0	0	0	0	0	0	0	0	0	0	0	0	0	0	0	0	0	0	0	0	0	0	0	0	0	0	0.001	0	0.001	0	0.001	0	
LmtTime: 1.93
Lmt
0.105968	0.116824	0.0997459	0.0697612	0.0709812	0.0752478	0.320329	0.353599	0.33095	0.166494	0.404823	0.15092	0.101576	0.0940658	0.162484	0.291785	0.406687	0.0689528	0.320173	0.179228	0.189893	0.217748	0.143663	0.186973	0.0542055	0.0487523	0.113313	0.334947	0.1678	0.176471	0.189714	0.323799	0.320969	0.227548	0.260483	0.33371	0.326652	0.217184	0.16055	0.298826	0.133202	0.326653	0.303583	0.10065	0.115138	0.101028	0.0643112	0.0667134	0.0729705	0.320336	0.353413	0.334431	0.160865	0.393757	0.152362	0.10552	0.101612	0.170705	0.300003	0.397854	0.0694232	0.319568	0.181727	0.194647	0.227695	0.139439	0.182733	0.0628137	0.0526538	0.114571	0.338025	0.175825	0.184356	0.197553	0.319277	0.316638	0.228509	0.25809	0.332183	0.325774	0.21023	0.159276	0.29634	0.129387	0.319963	0.29704	0.102593	0.101511	0.1741	0.17388	0.233944	0.232815	
MomentArms on: hip_flexion_r
-0.00523155	0.0162307	-0.00027427	0.00456993	-0.0289667	0.0350695	0.0149074	0.0352917	0.042735	0.0599592	0.0497103	
MomentArms on: knee_angle_r
-0.0216106	-0.0230181	-0.0266434	-0.0142978	-0.0142104	-0.0102291	-0.0276245	-0.0330609	0.0316095	0.0289631	0.0280482	0.0279632	
MomentArms on: ankle_angle_r
0.0235441	0.0262435	0.01639	0.0298329	-0.0116439	-0.0142689	-0.0402126	-0.0396308	-0.00673831	-0.00838715	-0.036666	-0.0119806	
External Torques: 1.3118 20.582 -23.5052 
Current Torque on hip_flexion_r 1.36091
Current Torque on knee_angle_r 21.0361
Current Torque on ankle_angle_r -23.4828

----------------------------------------


EmgTime: 1.94
Adjusted EMG
0.162107	0.162107	0.162107	0.162111	0.162107	0.162107	0.0420678	0.0431053	0.0435435	0.277331	0.001	0.301167	0.301137	0.001	0.001	0.001	0.001	0.000997281	0.309323	0.162107	0.162107	0.162107	0.00186529	0.001	0.001	0.001	0.001	0.616719	0.665431	0.653535	0.665337	0.335154	0.338046	0.335288	0.0215003	0.001	0.00438821	0.211833	0.00510899	0.00306502	0.001	0.211851	0.212956	0	0	0	0	0	0	0	0	0	0	0	0	0	0	0	0	0	0	0	0	0	0	0	0	0	0	0	0	0	0	0	0	0	0	0	0	0	0	0	0	0	0	0	0.001	0	0.001	0	0.001	0	
LmtTime: 1.94
Lmt
0.1058	0.116591	0.0994886	0.06966	0.0708533	0.0750912	0.319993	0.353197	0.330545	0.166567	0.405383	0.15124	0.10168	0.0939968	0.162256	0.291354	0.40698	0.0691897	0.320121	0.178902	0.189532	0.217306	0.144003	0.187313	0.0541557	0.0487529	0.113178	0.335238	0.167713	0.17638	0.189628	0.323963	0.321134	0.227657	0.260519	0.333745	0.326694	0.217097	0.16057	0.298851	0.133155	0.326585	0.303507	0.101157	0.115717	0.101585	0.0646652	0.0670825	0.0733518	0.321989	0.35539	0.335963	0.161351	0.392619	0.151769	0.105404	0.1019	0.171378	0.301119	0.396894	0.0689388	0.320679	0.182446	0.195415	0.228666	0.13863	0.181899	0.0628474	0.0525308	0.114812	0.336387	0.175164	0.183741	0.196917	0.319943	0.317287	0.228824	0.258194	0.332283	0.325898	0.209951	0.159334	0.296415	0.129235	0.319741	0.29679	0.102685	0.101485	0.174425	0.17348	0.234073	0.232627	
MomentArms on: hip_flexion_r
-0.00514215	0.0163527	-0.00042415	0.0044526	-0.0288609	0.035082	0.0149796	0.0352876	0.0427344	0.0599098	0.0495167	
MomentArms on: knee_angle_r
-0.0214504	-0.0229574	-0.0266921	-0.0142419	-0.0141949	-0.0103492	-0.027572	-0.0329738	0.0314	0.0288039	0.0278282	0.027783	
MomentArms on: ankle_angle_r
0.0235247	0.0262096	0.0163827	0.0298004	-0.0116892	-0.0143117	-0.0403478	-0.039763	-0.00675473	-0.00839882	-0.0368101	-0.0120227	
External Torques: 1.73612 20.691 -23.6251 
Current Torque on hip_flexion_r 1.73596
Current Torque on knee_angle_r 21.1381
Current Torque on ankle_angle_r -23.6092

----------------------------------------


EmgTime: 1.95
Adjusted EMG
0.143727	0.143728	0.143728	0.143736	0.143728	0.143728	0.0333067	0.0343334	0.0347463	0.266799	0.001	0.297837	0.297774	0.001	0.001	0.001	0.001	0.000997281	0.305736	0.143728	0.143728	0.143728	0.00398032	0.001	0.001	0.001	0.001	0.608037	0.657089	0.646407	0.657002	0.331199	0.333962	0.331296	0.0172236	0.001	0.00329477	0.211031	0.00377563	0.00222805	0.001	0.211023	0.211824	0	0	0	0	0	0	0	0	0	0	0	0	0	0	0	0	0	0	0	0	0	0	0	0	0	0	0	0	0	0	0	0	0	0	0	0	0	0	0	0	0	0	0	0.001	0	0.001	0	0.001	0	
LmtTime: 1.95
Lmt
0.105636	0.11636	0.0992345	0.0695631	0.0707295	0.0749383	0.319671	0.352814	0.330151	0.166652	0.405945	0.151556	0.10178	0.0939247	0.162027	0.290924	0.407272	0.0694224	0.320084	0.178578	0.189172	0.216862	0.144342	0.187651	0.0541041	0.0487531	0.113045	0.335512	0.167611	0.176274	0.189526	0.324138	0.321311	0.227771	0.260556	0.333781	0.326739	0.217007	0.160591	0.298877	0.133105	0.326514	0.303428	0.101616	0.116257	0.102117	0.0649865	0.0674238	0.0737113	0.323673	0.357404	0.337495	0.161919	0.391607	0.151215	0.105294	0.102177	0.172013	0.302162	0.39596	0.0684813	0.321875	0.18312	0.196136	0.229574	0.13751	0.181101	0.0629074	0.052436	0.115053	0.334701	0.174401	0.183023	0.196183	0.320578	0.317903	0.229062	0.258272	0.332358	0.325992	0.209738	0.159379	0.296471	0.12912	0.319573	0.2966	0.102753	0.101448	0.174736	0.173127	0.2342	0.232466	
MomentArms on: hip_flexion_r
-0.0050476	0.0164671	-0.00060472	0.00430475	-0.0287563	0.0350873	0.0150392	0.0352813	0.0427396	0.059882	0.0493111	
MomentArms on: knee_angle_r
-0.0213005	-0.0228965	-0.0267316	-0.0141844	-0.0141747	-0.0104557	-0.027519	-0.0328882	0.0312061	0.0286566	0.0276255	0.027617	
MomentArms on: ankle_angle_r
0.0235024	0.0261712	0.0163741	0.0297633	-0.01174	-0.0143597	-0.0404995	-0.0399105	-0.00677309	-0.00841177	-0.0369716	-0.0120699	
External Torques: 2.14398 20.7962 -23.7777 
Current Torque on hip_flexion_r 2.14363
Current Torque on knee_angle_r 21.231
Current Torque on ankle_angle_r -23.7664

----------------------------------------


EmgTime: 1.96
Adjusted EMG
0.130579	0.130579	0.130579	0.130593	0.130579	0.130579	0.0246303	0.0256534	0.0260437	0.25565	0.001	0.290502	0.290421	0.001	0.001	0.001	0.001	0.000997281	0.298177	0.130579	0.130579	0.130579	0.00617424	0.001	0.001	0.001	0.001	0.590201	0.640296	0.630494	0.640218	0.323287	0.325938	0.323358	0.0133903	0.001	0.00241895	0.209965	0.00274934	0.00160143	0.001	0.209948	0.210527	0	0	0	0	0	0	0	0	0	0	0	0	0	0	0	0	0	0	0	0	0	0	0	0	0	0	0	0	0	0	0	0	0	0	0	0	0	0	0	0	0	0	0	0.001	0	0.001	0	0.001	0	
LmtTime: 1.96
Lmt
0.105475	0.116131	0.0989799	0.0694692	0.070608	0.0747866	0.319363	0.352446	0.329768	0.166747	0.406506	0.151874	0.101881	0.0938553	0.161802	0.290496	0.40756	0.0696551	0.320062	0.178252	0.18881	0.216416	0.14468	0.187988	0.0540513	0.0487512	0.112911	0.33577	0.167497	0.176156	0.189413	0.324318	0.321493	0.227884	0.260593	0.333816	0.326782	0.216917	0.160612	0.298902	0.133056	0.326443	0.303349	0.102029	0.116755	0.10262	0.0652745	0.0677364	0.0740474	0.32537	0.359433	0.339017	0.162566	0.390734	0.150696	0.105184	0.102431	0.172598	0.303116	0.395065	0.0680506	0.323133	0.183744	0.196806	0.230407	0.136809	0.18038	0.0629865	0.0523684	0.115292	0.332982	0.173543	0.182208	0.195362	0.32118	0.318486	0.229226	0.258326	0.33241	0.326057	0.20959	0.15941	0.29651	0.12904	0.319456	0.296468	0.102801	0.101399	0.175039	0.172814	0.234327	0.232329	
MomentArms on: hip_flexion_r
-0.00494528	0.0165814	-0.00081162	0.00413221	-0.0286442	0.0350867	0.0150896	0.035272	0.0427489	0.0598669	0.0490927	
MomentArms on: knee_angle_r
-0.0211635	-0.0228375	-0.0267624	-0.0141277	-0.0141514	-0.0105483	-0.0274674	-0.0328066	0.0310307	0.0285232	0.0274428	0.0274674	
MomentArms on: ankle_angle_r
0.023479	0.0261313	0.0163646	0.0297244	-0.0117923	-0.0144091	-0.0406551	-0.0400614	-0.00679189	-0.00842491	-0.0371374	-0.0121184	
External Torques: 2.55781 20.8945 -23.9356 
Current Torque on hip_flexion_r 2.5573
Current Torque on knee_angle_r 21.3173
Current Torque on ankle_angle_r -23.9276

----------------------------------------


EmgTime: 1.97
Adjusted EMG
0.12214	0.122142	0.122142	0.122161	0.122142	0.122142	0.0173235	0.0183359	0.0187064	0.245735	0.001	0.279655	0.279535	0.001	0.001	0.001	0.001	0.000997281	0.287155	0.122142	0.122142	0.122142	0.00918841	0.001	0.001	0.001	0.001	0.563987	0.616158	0.606925	0.616092	0.312856	0.315423	0.312909	0.0104472	0.001	0.00179435	0.209733	0.00204632	0.00118181	0.001	0.209717	0.210146	0	0	0	0	0	0	0	0	0	0	0	0	0	0	0	0	0	0	0	0	0	0	0	0	0	0	0	0	0	0	0	0	0	0	0	0	0	0	0	0	0	0	0	0.001	0	0.001	0	0.001	0	
LmtTime: 1.97
Lmt
0.105315	0.115899	0.0987202	0.0693769	0.0704864	0.0746329	0.319063	0.35209	0.329389	0.16685	0.407067	0.152202	0.10199	0.0937924	0.161583	0.290071	0.407847	0.0698921	0.320057	0.177921	0.188442	0.215968	0.145021	0.188327	0.0539972	0.0487457	0.112774	0.336019	0.167375	0.176029	0.189291	0.324495	0.321671	0.227989	0.260627	0.33385	0.326823	0.216834	0.160631	0.298926	0.13301	0.326377	0.303276	0.102395	0.11721	0.10309	0.0655307	0.0680206	0.0743591	0.32706	0.361451	0.34051	0.163282	0.39001	0.150209	0.105067	0.102652	0.173117	0.303968	0.394224	0.0676468	0.324426	0.184314	0.197417	0.231152	0.136166	0.179717	0.0630755	0.0523256	0.115526	0.33125	0.172353	0.181305	0.194257	0.321747	0.319033	0.229317	0.258355	0.332439	0.326093	0.209508	0.159427	0.296532	0.128996	0.319391	0.296395	0.102829	0.101338	0.175341	0.172534	0.234457	0.232211	
MomentArms on: hip_flexion_r
-0.00483309	0.0167023	-0.00103946	0.00394165	-0.0285165	0.0350809	0.0151344	0.0352587	0.0427604	0.0598549	0.0488618	
MomentArms on: knee_angle_r
-0.0210415	-0.0227826	-0.0267855	-0.0140741	-0.0141271	-0.010627	-0.0274193	-0.0327317	0.0308758	0.0284057	0.0272824	0.027336	
MomentArms on: ankle_angle_r
0.023456	0.0260928	0.0163551	0.0296864	-0.0118426	-0.0144563	-0.0408039	-0.0402053	-0.00680985	-0.00843735	-0.0372961	-0.012165	
External Torques: 3.00564 20.984 -24.07 
Current Torque on hip_flexion_r 3.00487
Current Torque on knee_angle_r 21.3966
Current Torque on ankle_angle_r -24.0642

----------------------------------------


EmgTime: 1.98
Adjusted EMG
0.11765	0.117652	0.117652	0.117677	0.117652	0.117652	0.012937	0.0139401	0.0142921	0.238317	0.001	0.266318	0.266152	0.001	0.001	0.001	0.001	0.000997281	0.273688	0.117652	0.117652	0.117652	0.0126289	0.001	0.001	0.001	0.001	0.530256	0.585731	0.576808	0.58568	0.301838	0.304347	0.301882	0.00873954	0.001	0.0014455	0.210751	0.00167788	0.001	0.001	0.210739	0.21109	0	0	0	0	0	0	0	0	0	0	0	0	0	0	0	0	0	0	0	0	0	0	0	0	0	0	0	0	0	0	0	0	0	0	0	0	0	0	0	0	0	0	0	0.001	0	0.001	0	0.001	0	
LmtTime: 1.98
Lmt
0.105153	0.11566	0.0984507	0.0692848	0.0703628	0.0744745	0.318764	0.351736	0.329009	0.166958	0.407633	0.152548	0.10211	0.0937371	0.161368	0.289643	0.408135	0.0701379	0.320066	0.17758	0.188064	0.215511	0.14537	0.188673	0.0539408	0.0487358	0.112629	0.336263	0.167245	0.175893	0.189161	0.324662	0.321839	0.228081	0.260657	0.333879	0.326859	0.21676	0.160648	0.298947	0.132969	0.326319	0.303211	0.102719	0.117621	0.103521	0.0657574	0.0682777	0.0746457	0.328718	0.363431	0.341956	0.164059	0.389447	0.14975	0.104939	0.102827	0.173558	0.304707	0.393456	0.067271	0.325722	0.184827	0.197963	0.2318	0.135591	0.179122	0.0631637	0.0523038	0.11575	0.329529	0.17142	0.180327	0.193345	0.322269	0.319537	0.229334	0.258361	0.332444	0.3261	0.209492	0.15943	0.296536	0.128987	0.319378	0.29638	0.10284	0.101264	0.175645	0.172279	0.234592	0.23211	
MomentArms on: hip_flexion_r
-0.00470953	0.0168357	-0.00128238	0.00374004	-0.0283659	0.0350707	0.015177	0.0352407	0.0427718	0.0598371	0.048619	
MomentArms on: knee_angle_r
-0.0209362	-0.0227335	-0.026802	-0.0140256	-0.0141034	-0.0106923	-0.0273761	-0.0326655	0.0307432	0.0283051	0.0271456	0.0272239	
MomentArms on: ankle_angle_r
0.0234349	0.0260578	0.0163461	0.0296516	-0.0118877	-0.0144988	-0.0409372	-0.0403341	-0.00682592	-0.00844839	-0.0374385	-0.0122068	
External Torques: 3.51435 21.0629 -24.1549 
Current Torque on hip_flexion_r 3.51327
Current Torque on knee_angle_r 21.4669
Current Torque on ankle_angle_r -24.1501

----------------------------------------


EmgTime: 1.99
Adjusted EMG
0.116223	0.116228	0.116228	0.116264	0.116228	0.116228	0.0132378	0.0142302	0.0145625	0.234116	0.001	0.251851	0.251629	0.001	0.001	0.001	0.001	0.000997281	0.259094	0.116228	0.116228	0.116228	0.0166239	0.00132548	0.001	0.001	0.001	0.489901	0.549887	0.541088	0.549853	0.29228	0.294741	0.292323	0.00842995	0.001	0.00138158	0.21262	0.00165299	0.001	0.001	0.21261	0.212955	0	0	0	0	0	0	0	0	0	0	0	0	0	0	0	0	0	0	0	0	0	0	0	0	0	0	0	0	0	0	0	0	0	0	0	0	0	0	0	0	0	0	0	0.001	0	0.001	0	0.001	0	
LmtTime: 1.99
Lmt
0.104987	0.115411	0.0981667	0.0691924	0.0702357	0.0743091	0.318457	0.351374	0.328616	0.167072	0.408211	0.152915	0.102241	0.0936874	0.161155	0.289205	0.40843	0.0703961	0.320086	0.177222	0.187667	0.215037	0.145731	0.189031	0.0538798	0.0487206	0.112475	0.336513	0.167108	0.175752	0.189025	0.324814	0.321991	0.228156	0.260682	0.333903	0.326888	0.2167	0.160661	0.298964	0.132936	0.326271	0.303158	0.103002	0.117986	0.10391	0.0659577	0.0685092	0.0749064	0.330317	0.365338	0.343334	0.16488	0.389049	0.14932	0.104796	0.10295	0.17391	0.305322	0.392776	0.0669249	0.326992	0.185277	0.198439	0.232339	0.135091	0.178602	0.0632404	0.0522982	0.11596	0.327847	0.170431	0.179293	0.192372	0.322737	0.31999	0.229278	0.258343	0.332427	0.326077	0.209543	0.159419	0.296523	0.129015	0.319419	0.296426	0.102835	0.101182	0.175954	0.172044	0.23473	0.232023	
MomentArms on: hip_flexion_r
-0.00457382	0.016986	-0.00153449	0.0035341	-0.0281872	0.0350571	0.0152206	0.0352175	0.0427812	0.0598051	0.0483656	
MomentArms on: knee_angle_r
-0.0208484	-0.0226915	-0.0268128	-0.0139838	-0.014082	-0.0107447	-0.0273392	-0.0326094	0.0306335	0.0282222	0.027033	0.0271317	
MomentArms on: ankle_angle_r
0.023417	0.0260282	0.0163383	0.029622	-0.0119256	-0.0145345	-0.0410487	-0.0404418	-0.00683935	-0.00845755	-0.0375578	-0.012242	
External Torques: 4.09979 21.1281 -24.1695 
Current Torque on hip_flexion_r 4.09835
Current Torque on knee_angle_r 21.5229
Current Torque on ankle_angle_r -24.1648

----------------------------------------


EmgTime: 2
Adjusted EMG
0.116967	0.116974	0.116974	0.117013	0.116974	0.116974	0.0200663	0.0210296	0.0213383	0.233509	0.001	0.237769	0.237486	0.001	0.001	0.001	0.001	0.000997281	0.244841	0.116974	0.116974	0.116974	0.0210383	0.00182288	0.001	0.001	0.001	0.444045	0.509367	0.50058	0.509356	0.285963	0.288373	0.286017	0.00977936	0.001	0.00162886	0.214195	0.00202866	0.0011941	0.001	0.214188	0.214617	0	0	0	0	0	0	0	0	0	0	0	0	0	0	0	0	0	0	0	0	0	0	0	0	0	0	0	0	0	0	0	0	0	0	0	0	0	0	0	0	0	0	0	0.001	0	0.001	0	0.001	0	
LmtTime: 2
Lmt
0.104817	0.115148	0.0978641	0.0691002	0.070105	0.0741352	0.318133	0.350992	0.328201	0.16719	0.408814	0.153308	0.102383	0.0936388	0.160935	0.288746	0.408742	0.0706696	0.320111	0.17684	0.187245	0.214534	0.146114	0.18941	0.0538108	0.0486992	0.11231	0.336776	0.166966	0.175604	0.188883	0.324944	0.322122	0.228209	0.260699	0.33392	0.326908	0.216658	0.160671	0.298976	0.132913	0.326238	0.303121	0.103251	0.118305	0.104252	0.0661354	0.0687171	0.0751409	0.331829	0.367137	0.344621	0.165728	0.388818	0.148919	0.104636	0.103013	0.174166	0.305805	0.392202	0.0666106	0.328204	0.185662	0.198839	0.232761	0.134676	0.178166	0.0632952	0.0523034	0.116153	0.326233	0.169405	0.178222	0.191358	0.323139	0.32038	0.229147	0.2583	0.332385	0.326026	0.209661	0.159395	0.296492	0.129079	0.319512	0.296532	0.102817	0.101093	0.176263	0.171826	0.23487	0.231947	
MomentArms on: hip_flexion_r
-0.00442587	0.017156	-0.00179023	0.00332988	-0.027977	0.0350412	0.0152676	0.0351894	0.0427867	0.0597525	0.0481033	
MomentArms on: knee_angle_r
-0.0207785	-0.0226576	-0.0268189	-0.0139498	-0.0140639	-0.010785	-0.0273093	-0.0325644	0.0305467	0.0281569	0.0269446	0.0270593	
MomentArms on: ankle_angle_r
0.0234029	0.0260052	0.016332	0.0295989	-0.0119549	-0.0145619	-0.0411344	-0.0405244	-0.00684967	-0.00846454	-0.0376496	-0.012269	
External Torques: 4.75909 21.1716 -24.1008 
Current Torque on hip_flexion_r 4.75724
Current Torque on knee_angle_r 21.554
Current Torque on ankle_angle_r -24.095

----------------------------------------


EmgTime: 2.01
Adjusted EMG
0.119071	0.11908	0.11908	0.119126	0.11908	0.11908	0.0351042	0.0360193	0.0362977	0.236446	0.001	0.225553	0.225209	0.001	0.001	0.001	0.001	0.000997281	0.232322	0.11908	0.11908	0.11908	0.0256825	0.00241164	0.001	0.001	0.001	0.394385	0.464942	0.456163	0.464956	0.283988	0.286314	0.284068	0.0127743	0.001	0.0022371	0.213895	0.00291297	0.00175438	0.001	0.213892	0.214528	0	0	0	0	0	0	0	0	0	0	0	0	0	0	0	0	0	0	0	0	0	0	0	0	0	0	0	0	0	0	0	0	0	0	0	0	0	0	0	0	0	0	0	0.001	0	0.001	0	0.001	0	
LmtTime: 2.01
Lmt
0.104642	0.11487	0.0975394	0.0690091	0.069971	0.0739525	0.317781	0.350577	0.327751	0.167313	0.409453	0.153728	0.102534	0.0935852	0.1607	0.288256	0.409081	0.0709602	0.320135	0.17643	0.18679	0.213988	0.146523	0.189815	0.0537296	0.0486709	0.112131	0.337063	0.166818	0.175451	0.188735	0.325047	0.322225	0.228234	0.260707	0.333928	0.326918	0.216638	0.160676	0.298982	0.132902	0.326222	0.303103	0.103468	0.118578	0.104543	0.0662948	0.0689038	0.0753492	0.333223	0.368793	0.34579	0.166581	0.388752	0.148549	0.104461	0.103011	0.174319	0.306152	0.391747	0.0663306	0.329325	0.185978	0.199159	0.233062	0.134351	0.17782	0.0633187	0.0523134	0.116325	0.32472	0.168367	0.177142	0.190328	0.323465	0.320697	0.228944	0.258233	0.332321	0.325945	0.209844	0.159357	0.296443	0.129177	0.319657	0.296695	0.102786	0.101002	0.176571	0.171625	0.235009	0.231884	
MomentArms on: hip_flexion_r
-0.00426628	0.0173469	-0.00204464	0.00313244	-0.0277343	0.0350241	0.01532	0.0351571	0.0427867	0.0596747	0.0478338	
MomentArms on: knee_angle_r
-0.0207263	-0.0226322	-0.026821	-0.0139242	-0.0140499	-0.0108142	-0.0272867	-0.0325309	0.0304824	0.0281089	0.0268797	0.0270061	
MomentArms on: ankle_angle_r
0.0233933	0.0259896	0.0163277	0.0295831	-0.0119747	-0.0145805	-0.0411923	-0.0405804	-0.00685666	-0.00846925	-0.0377118	-0.0122874	
External Torques: 5.47265 21.1841 -23.9434 
Current Torque on hip_flexion_r 5.47037
Current Torque on knee_angle_r 21.547
Current Torque on ankle_angle_r -23.9347

----------------------------------------


EmgTime: 2.02
Adjusted EMG
0.121892	0.121904	0.121904	0.121952	0.121904	0.121904	0.0596801	0.0605166	0.0607559	0.24261	0.00727925	0.216487	0.216105	0.001	0.001	0.001	0.001	0.000997281	0.222754	0.121904	0.121904	0.121904	0.0292015	0.00293705	0.001	0.001	0.001	0.343521	0.41753	0.408886	0.417572	0.286523	0.288719	0.286647	0.0171315	0.001	0.00325622	0.210104	0.00442124	0.00276861	0.001	0.2101	0.211127	0	0	0	0	0	0	0	0	0	0	0	0	0	0	0	0	0	0	0	0	0	0	0	0	0	0	0	0	0	0	0	0	0	0	0	0	0	0	0	0	0	0	0	0.001	0	0.001	0	0.001	0	
LmtTime: 2.02
Lmt
0.104464	0.114574	0.0971901	0.0689208	0.0698348	0.0737608	0.317391	0.350118	0.327256	0.16744	0.41014	0.154176	0.102689	0.0935196	0.16044	0.287724	0.409456	0.0712688	0.32015	0.175987	0.186294	0.213388	0.146966	0.190252	0.0536322	0.0486352	0.111938	0.337381	0.166666	0.175292	0.188583	0.325117	0.322296	0.228226	0.260705	0.333925	0.326915	0.216644	0.160674	0.29898	0.132905	0.326227	0.303108	0.10366	0.118807	0.104781	0.0664407	0.0690725	0.075532	0.33447	0.370268	0.346817	0.167416	0.388843	0.148213	0.104269	0.102943	0.174369	0.306362	0.391423	0.0660872	0.330325	0.186225	0.199395	0.233237	0.13412	0.177569	0.0633026	0.0523225	0.116471	0.323343	0.167345	0.176081	0.189309	0.323704	0.32093	0.228674	0.258144	0.332236	0.325839	0.210085	0.159306	0.296379	0.129308	0.319847	0.296909	0.102745	0.100912	0.176873	0.171442	0.235143	0.231833	
MomentArms on: hip_flexion_r
-0.00409629	0.0175581	-0.00229361	0.00294565	-0.0274602	0.0350068	0.0153787	0.0351214	0.0427803	0.0595692	0.0475591	
MomentArms on: knee_angle_r
-0.0206912	-0.0226152	-0.0268199	-0.0139072	-0.0140405	-0.0108331	-0.0272717	-0.0325088	0.0304394	0.0280773	0.0268371	0.0269712	
MomentArms on: ankle_angle_r
0.0233882	0.0259814	0.0163254	0.0295749	-0.0119851	-0.0145902	-0.0412223	-0.0406095	-0.0068603	-0.0084717	-0.0377443	-0.012297	
External Torques: 6.19832 21.1504 -23.6997 
Current Torque on hip_flexion_r 6.19574
Current Torque on knee_angle_r 21.4833
Current Torque on ankle_angle_r -23.6861

----------------------------------------


EmgTime: 2.03
Adjusted EMG
0.124997	0.125014	0.125014	0.125067	0.125014	0.125014	0.0945384	0.0952807	0.0954785	0.254884	0.00593367	0.211552	0.211125	0.001	0.001	0.001	0.001	0.000997281	0.217208	0.125014	0.125014	0.125014	0.0338645	0.00368575	0.001	0.001	0.001	0.292332	0.368314	0.359844	0.368382	0.292643	0.29469	0.292822	0.0216948	0.001	0.00443012	0.201693	0.00621588	0.00407468	0.001	0.201674	0.20328	0	0	0	0	0	0	0	0	0	0	0	0	0	0	0	0	0	0	0	0	0	0	0	0	0	0	0	0	0	0	0	0	0	0	0	0	0	0	0	0	0	0	0	0.001	0	0.001	0	0.001	0	
LmtTime: 2.03
Lmt
0.104282	0.114261	0.0968147	0.0688366	0.0696975	0.0735607	0.316957	0.349605	0.326707	0.16757	0.410884	0.154651	0.102846	0.0934362	0.16015	0.287141	0.409876	0.0715955	0.320153	0.175506	0.185753	0.212723	0.147446	0.190727	0.0535159	0.048592	0.111731	0.337738	0.166509	0.175129	0.188426	0.32515	0.322328	0.228182	0.26069	0.333911	0.326898	0.216679	0.160666	0.29897	0.132925	0.326255	0.30314	0.103832	0.118993	0.104964	0.0665786	0.0692269	0.0756909	0.33554	0.371529	0.347678	0.168208	0.389079	0.147915	0.104065	0.102807	0.174314	0.306437	0.391239	0.0658821	0.331179	0.186402	0.199548	0.233287	0.133986	0.177414	0.0632395	0.0523247	0.116589	0.322133	0.166368	0.175068	0.188331	0.323853	0.321076	0.228347	0.258037	0.332132	0.32571	0.210373	0.159246	0.296302	0.129464	0.320076	0.297167	0.102693	0.100826	0.177163	0.171277	0.235269	0.231795	
MomentArms on: hip_flexion_r
-0.00391764	0.0177873	-0.00253404	0.00277199	-0.027158	0.0349903	0.0154442	0.0350835	0.0427667	0.059436	0.047281	
MomentArms on: knee_angle_r
-0.0206721	-0.0226064	-0.0268161	-0.0138985	-0.0140355	-0.0108427	-0.0272639	-0.0324976	0.0304164	0.0280611	0.0268152	0.0269532	
MomentArms on: ankle_angle_r
0.0233876	0.0259803	0.0163251	0.0295738	-0.0119864	-0.0145915	-0.041226	-0.0406133	-0.00686078	-0.00847202	-0.0377485	-0.0122983	
External Torques: 6.86977 21.0466 -23.3776 
Current Torque on hip_flexion_r 6.86678
Current Torque on knee_angle_r 21.3445
Current Torque on ankle_angle_r -23.3574

----------------------------------------


EmgTime: 2.04
Adjusted EMG
0.128169	0.128186	0.128186	0.128236	0.128186	0.128186	0.139668	0.140286	0.140439	0.272617	0.0053472	0.211356	0.210955	0.001	0.001	0.001	0.001	0.000997281	0.21622	0.128186	0.128186	0.128186	0.0348308	0.00394205	0.001	0.001	0.001	0.245105	0.318772	0.310726	0.318862	0.300402	0.302228	0.300625	0.0249457	0.001	0.00536805	0.188373	0.00772785	0.00518572	0.001	0.188297	0.190562	0	0	0	0	0	0	0	0	0	0	0	0	0	0	0	0	0	0	0	0	0	0	0	0	0	0	0	0	0	0	0	0	0	0	0	0	0	0	0	0	0	0	0	0.001	0	0.001	0	0.001	0	
LmtTime: 2.04
Lmt
0.104096	0.113929	0.0964128	0.0687572	0.0695597	0.0733527	0.316471	0.34903	0.326097	0.167704	0.411689	0.155152	0.103001	0.0933312	0.159823	0.286501	0.410345	0.07194	0.320137	0.174985	0.185163	0.211984	0.147967	0.191241	0.0533799	0.048542	0.111511	0.33814	0.166348	0.174962	0.188265	0.325139	0.322316	0.228095	0.260662	0.333884	0.326864	0.216749	0.16065	0.29895	0.132963	0.32631	0.303201	0.103992	0.119142	0.105093	0.0667149	0.0693719	0.0758287	0.33641	0.372548	0.348353	0.168933	0.389446	0.147655	0.103849	0.102604	0.174159	0.30638	0.391203	0.065716	0.331863	0.18651	0.199616	0.233212	0.133949	0.177357	0.0631229	0.0523142	0.116678	0.321123	0.165466	0.174136	0.187426	0.323911	0.321133	0.227979	0.257917	0.332016	0.325565	0.210696	0.159177	0.296216	0.129639	0.320332	0.297454	0.102631	0.100744	0.177439	0.171132	0.235386	0.23177	
MomentArms on: hip_flexion_r
-0.00373242	0.0180314	-0.00276397	0.00261252	-0.0268321	0.0349747	0.015516	0.0350443	0.042746	0.0592769	0.0470014	
MomentArms on: knee_angle_r
-0.0206677	-0.0226052	-0.0268099	-0.0138975	-0.0140349	-0.0108441	-0.0272627	-0.0324964	0.0304115	0.0280589	0.0268122	0.0269508	
MomentArms on: ankle_angle_r
0.0233909	0.0259857	0.0163266	0.0295792	-0.0119797	-0.0145851	-0.0412059	-0.0405942	-0.0068584	-0.00847043	-0.0377273	-0.012292	
External Torques: 7.40429 20.8404 -22.9864 
Current Torque on hip_flexion_r 7.40132
Current Torque on knee_angle_r 21.0944
Current Torque on ankle_angle_r -22.9601

----------------------------------------


EmgTime: 2.05
Adjusted EMG
0.131339	0.131358	0.131358	0.131404	0.131358	0.131358	0.19419	0.194691	0.194804	0.299042	0.00455642	0.216116	0.215742	0.001	0.001	0.001	0.00101882	0.000997281	0.220153	0.131358	0.131358	0.131358	0.0353564	0.00418031	0.001	0.001	0.001	0.201958	0.270571	0.263054	0.270677	0.307142	0.308678	0.307367	0.0251592	0.001	0.00548661	0.170822	0.00805338	0.0054729	0.001	0.170646	0.173347	0	0	0	0	0	0	0	0	0	0	0	0	0	0	0	0	0	0	0	0	0	0	0	0	0	0	0	0	0	0	0	0	0	0	0	0	0	0	0	0	0	0	0	0.001	0	0.001	0	0.001	0	
LmtTime: 2.05
Lmt
0.103905	0.113579	0.0959851	0.0686819	0.0694212	0.0731368	0.315932	0.34839	0.325425	0.167838	0.412557	0.155678	0.103153	0.0932039	0.159459	0.285802	0.410863	0.0723016	0.320102	0.174423	0.184523	0.211169	0.148528	0.191795	0.0532262	0.0484868	0.111278	0.338588	0.166185	0.174793	0.188101	0.32508	0.322255	0.227963	0.260619	0.333842	0.326813	0.216854	0.160626	0.29892	0.133021	0.326393	0.303293	0.104147	0.119256	0.10517	0.0668568	0.0695131	0.0759491	0.337062	0.373301	0.348823	0.169571	0.38993	0.147435	0.103623	0.102337	0.173908	0.3062	0.39132	0.0655885	0.332361	0.186552	0.199602	0.233017	0.134005	0.177393	0.0629474	0.0522859	0.116737	0.320336	0.164666	0.173311	0.186621	0.323888	0.32111	0.227587	0.257789	0.331892	0.325412	0.211034	0.159105	0.296124	0.129823	0.3206	0.297755	0.102562	0.100668	0.177703	0.171005	0.235495	0.231756	
MomentArms on: hip_flexion_r
-0.00354285	0.0182861	-0.0029827	0.00246689	-0.0264883	0.0349602	0.015593	0.0350045	0.0427183	0.0590953	0.0467215	
MomentArms on: knee_angle_r
-0.0206766	-0.0226108	-0.0268017	-0.0139034	-0.0140381	-0.0108379	-0.0272675	-0.0325041	0.0304227	0.0280692	0.0268261	0.0269622	
MomentArms on: ankle_angle_r
0.0233975	0.0259964	0.0163296	0.0295901	-0.011966	-0.0145723	-0.0411656	-0.0405557	-0.0068536	-0.00846719	-0.0376845	-0.0122793	
External Torques: 7.72394 20.5007 -22.5322 
Current Torque on hip_flexion_r 7.72102
Current Torque on knee_angle_r 20.7102
Current Torque on ankle_angle_r -22.5042

----------------------------------------


EmgTime: 2.06
Adjusted EMG
0.134525	0.134542	0.134542	0.134578	0.134542	0.134542	0.256387	0.256775	0.256854	0.334668	0.00369874	0.225629	0.225323	0.001	0.001	0.001	0.00102032	0.000997281	0.228856	0.134542	0.134542	0.134542	0.0332123	0.00401011	0.001	0.001	0.001	0.164233	0.225411	0.218578	0.225526	0.309996	0.311161	0.310166	0.0213866	0.001	0.00443155	0.150446	0.00667638	0.00441711	0.001	0.150172	0.152697	0	0	0	0	0	0	0	0	0	0	0	0	0	0	0	0	0	0	0	0	0	0	0	0	0	0	0	0	0	0	0	0	0	0	0	0	0	0	0	0	0	0	0	0.001	0	0.001	0	0.001	0	
LmtTime: 2.06
Lmt
0.103708	0.11321	0.0955331	0.0686091	0.0692809	0.0729131	0.315339	0.347684	0.324691	0.167973	0.413481	0.156228	0.103303	0.0930567	0.159059	0.285047	0.411427	0.0726795	0.320047	0.173822	0.183835	0.210282	0.149127	0.192386	0.0530593	0.0484286	0.111034	0.339083	0.166022	0.174624	0.187939	0.324968	0.32214	0.227782	0.26056	0.333784	0.326743	0.216998	0.160593	0.298879	0.1331	0.326507	0.30342	0.104306	0.119344	0.105198	0.0670113	0.0696566	0.0760566	0.337484	0.373775	0.349079	0.170106	0.390512	0.147255	0.103389	0.102007	0.173566	0.305906	0.391589	0.0654976	0.332662	0.186533	0.199511	0.232705	0.134149	0.177518	0.0627087	0.0522348	0.116766	0.319793	0.163991	0.172616	0.18594	0.323798	0.32102	0.227196	0.257661	0.331768	0.325259	0.211369	0.159033	0.296034	0.130005	0.320866	0.298053	0.102486	0.100594	0.177957	0.170892	0.235599	0.231752	
MomentArms on: hip_flexion_r
-0.00335103	0.0185471	-0.00319076	0.00233349	-0.0261322	0.0349464	0.0156738	0.0349645	0.0426844	0.0588959	0.0464425	
MomentArms on: knee_angle_r
-0.0206971	-0.0226222	-0.0267916	-0.0139153	-0.0140445	-0.0108253	-0.0272775	-0.0325196	0.0304481	0.0280903	0.0268546	0.0269856	
MomentArms on: ankle_angle_r
0.0234068	0.0260115	0.0163338	0.0296053	-0.0119469	-0.0145544	-0.0411091	-0.0405015	-0.00684684	-0.00846263	-0.0376244	-0.0122616	
External Torques: 7.77121 20.0015 -22.014 
Current Torque on hip_flexion_r 7.7686
Current Torque on knee_angle_r 20.1676
Current Torque on ankle_angle_r -21.9911

----------------------------------------


EmgTime: 2.07
Adjusted EMG
0.137736	0.137751	0.137751	0.137782	0.137751	0.137751	0.323797	0.324088	0.324141	0.379748	0.00289764	0.239273	0.239022	0.001	0.001	0.001	0.001	0.000997281	0.241758	0.137751	0.137751	0.137751	0.0295202	0.00362383	0.001	0.001	0.001	0.131626	0.184753	0.178676	0.184869	0.306461	0.307238	0.306545	0.0136406	0.001	0.00242387	0.128714	0.00380476	0.00237938	0.001	0.128466	0.130058	0	0	0	0	0	0	0	0	0	0	0	0	0	0	0	0	0	0	0	0	0	0	0	0	0	0	0	0	0	0	0	0	0	0	0	0	0	0	0	0	0	0	0	0.001	0	0.001	0	0.001	0	
LmtTime: 2.07
Lmt
0.103502	0.112822	0.0950593	0.0685359	0.069137	0.0726811	0.314695	0.346918	0.3239	0.168104	0.414455	0.156801	0.103452	0.092895	0.158632	0.284241	0.412029	0.0730726	0.319976	0.173184	0.183102	0.209327	0.149761	0.193011	0.0528862	0.0483708	0.110781	0.339622	0.165862	0.174459	0.187779	0.3248	0.321969	0.227551	0.260484	0.333711	0.326653	0.217181	0.160551	0.298827	0.133201	0.326651	0.303581	0.104477	0.11941	0.105182	0.0671854	0.0698085	0.076156	0.337674	0.373966	0.349118	0.170526	0.391175	0.147113	0.103147	0.101618	0.173142	0.305509	0.39201	0.0654402	0.332764	0.186459	0.199347	0.232285	0.134374	0.177724	0.0624039	0.0521569	0.116767	0.319502	0.163457	0.172067	0.1854	0.32366	0.320883	0.226827	0.25754	0.331652	0.325115	0.211681	0.158965	0.295949	0.130175	0.321113	0.29833	0.102406	0.100521	0.178207	0.170788	0.235701	0.231751	
MomentArms on: hip_flexion_r
-0.00315867	0.0188101	-0.00338986	0.00220966	-0.0257691	0.0349325	0.0157567	0.0349244	0.0426451	0.0586835	0.0461648	
MomentArms on: knee_angle_r
-0.0207273	-0.0226384	-0.0267798	-0.0139319	-0.0140536	-0.010807	-0.0272917	-0.0325415	0.0304855	0.0281207	0.0268956	0.0270191	
MomentArms on: ankle_angle_r
0.0234179	0.0260297	0.0163387	0.0296236	-0.0119236	-0.0145326	-0.0410406	-0.0404359	-0.00683865	-0.00845707	-0.0375515	-0.0122401	
External Torques: 7.51869 19.3262 -21.4227 
Current Torque on hip_flexion_r 7.5165
Current Torque on knee_angle_r 19.4545
Current Torque on ankle_angle_r -21.4104

----------------------------------------


EmgTime: 2.08
Adjusted EMG
0.140942	0.140955	0.140955	0.140977	0.140955	0.140955	0.393422	0.393637	0.393671	0.432618	0.00223508	0.256043	0.255861	0.001	0.001	0.001	0.001	0.000997281	0.257937	0.140955	0.140955	0.140955	0.024368	0.00300262	0.001	0.001	0.001	0.103956	0.149684	0.144329	0.149798	0.294898	0.295361	0.294909	0.00268274	0.001	0.001	0.106756	0.001	0.001	0.001	0.106702	0.106968	0	0	0	0	0	0	0	0	0	0	0	0	0	0	0	0	0	0	0	0	0	0	0	0	0	0	0	0	0	0	0	0	0	0	0	0	0	0	0	0	0	0	0	0.001	0	0.001	0	0.001	0	
LmtTime: 2.08
Lmt
0.103283	0.112417	0.0945669	0.0684589	0.068987	0.0724403	0.314005	0.346097	0.323059	0.168231	0.415467	0.157395	0.103603	0.0927261	0.158184	0.283394	0.412659	0.0734797	0.319893	0.172513	0.18233	0.208317	0.150422	0.193663	0.0527151	0.0483166	0.110522	0.340201	0.165709	0.1743	0.187624	0.324574	0.321738	0.227268	0.260392	0.333621	0.326544	0.217403	0.160499	0.298764	0.133324	0.326827	0.303776	0.104666	0.119462	0.105127	0.0673847	0.069974	0.076252	0.337638	0.373883	0.348945	0.170827	0.391902	0.147005	0.102897	0.101174	0.172644	0.305022	0.392576	0.0654122	0.332672	0.186335	0.199116	0.231765	0.134671	0.178002	0.0620322	0.0520495	0.116742	0.319459	0.163073	0.171672	0.185011	0.323496	0.320719	0.226503	0.257435	0.33155	0.324989	0.211952	0.158906	0.295874	0.130323	0.321328	0.298571	0.102324	0.100446	0.178461	0.170685	0.235806	0.23175	
MomentArms on: hip_flexion_r
-0.00296687	0.019072	-0.00358273	0.00209201	-0.025403	0.0349177	0.01584	0.0348838	0.0426013	0.0584625	0.0458879	
MomentArms on: knee_angle_r
-0.0207657	-0.0226585	-0.0267665	-0.0139523	-0.0140646	-0.010784	-0.0273092	-0.0325685	0.0305328	0.0281586	0.0269469	0.0270612	
MomentArms on: ankle_angle_r
0.0234301	0.0260498	0.016344	0.0296437	-0.0118979	-0.0145084	-0.0409646	-0.0403629	-0.00682953	-0.00845087	-0.0374706	-0.0122163	
External Torques: 6.97895 18.4747 -20.7388 
Current Torque on hip_flexion_r 6.97724
Current Torque on knee_angle_r 18.5725
Current Torque on ankle_angle_r -20.7371

----------------------------------------


EmgTime: 2.09
Adjusted EMG
0.144042	0.144051	0.144051	0.144066	0.144051	0.144051	0.461917	0.462078	0.4621	0.489811	0.00173119	0.274578	0.274457	0.001	0.001	0.001	0.001	0.000997281	0.276039	0.144051	0.144051	0.144051	0.0184243	0.0022616	0.001	0.001	0.001	0.0806314	0.120788	0.116018	0.120901	0.274833	0.274422	0.27452	0.001	0.001	0.001	0.0937995	0.001	0.001	0.00277151	0.0959816	0.0857279	0	0	0	0	0	0	0	0	0	0	0	0	0	0	0	0	0	0	0	0	0	0	0	0	0	0	0	0	0	0	0	0	0	0	0	0	0	0	0	0	0	0	0	0.001	0	0.001	0	0.001	0	
LmtTime: 2.09
Lmt
0.103049	0.111995	0.0940593	0.0683744	0.0688287	0.0721904	0.313275	0.345229	0.322176	0.168351	0.416503	0.158011	0.103759	0.0925581	0.157726	0.282517	0.413306	0.0738993	0.319803	0.171813	0.181525	0.207262	0.151104	0.194336	0.0525547	0.0482695	0.110259	0.340815	0.165563	0.174149	0.187478	0.324291	0.32145	0.226936	0.260284	0.333515	0.326416	0.217662	0.160439	0.298689	0.133467	0.327032	0.304004	0.104878	0.119504	0.105038	0.0676127	0.0701566	0.0763482	0.337392	0.373543	0.348574	0.171011	0.392675	0.146928	0.10264	0.10068	0.172083	0.304459	0.393273	0.0654091	0.332399	0.186168	0.198828	0.231155	0.135028	0.17834	0.061595	0.0519112	0.116693	0.319653	0.162837	0.171429	0.184772	0.323327	0.320549	0.226241	0.25735	0.331467	0.324887	0.21217	0.158859	0.295814	0.130442	0.321501	0.298764	0.102244	0.100364	0.178726	0.170576	0.235919	0.231744	
MomentArms on: hip_flexion_r
-0.00277588	0.0193306	-0.00377287	0.00197671	-0.0250357	0.0349011	0.0159223	0.0348422	0.0425537	0.0582364	0.0456104	
MomentArms on: knee_angle_r
-0.0208105	-0.0226814	-0.0267516	-0.0139755	-0.0140769	-0.0107568	-0.0273293	-0.0325994	0.0305881	0.0282026	0.0270065	0.02711	
MomentArms on: ankle_angle_r
0.0234427	0.0260707	0.0163495	0.0296645	-0.0118711	-0.0144832	-0.0408853	-0.0402866	-0.00682001	-0.00844435	-0.0373861	-0.0121914	
External Torques: 6.20424 17.4623 -19.9364 
Current Torque on hip_flexion_r 6.20302
Current Torque on knee_angle_r 17.538
Current Torque on ankle_angle_r -19.9949

----------------------------------------


EmgTime: 2.1
Adjusted EMG
0.146877	0.146882	0.146882	0.146891	0.146882	0.146882	0.525772	0.525897	0.525911	0.54681	0.00138803	0.293238	0.293168	0.001	0.001	0.001	0.001	0.000997281	0.294419	0.146882	0.146882	0.146882	0.0121836	0.00147867	0.001	0.001	0.001	0.0609335	0.0981684	0.0937192	0.098282	0.247032	0.244851	0.246115	0.001	0.001	0.001	0.097603	0.001	0.001	0.00971613	0.102401	0.0684066	0	0	0	0	0	0	0	0	0	0	0	0	0	0	0	0	0	0	0	0	0	0	0	0	0	0	0	0	0	0	0	0	0	0	0	0	0	0	0	0	0	0	0	0.001	0	0.001	0	0.001	0	
LmtTime: 2.1
Lmt
0.102797	0.111557	0.0935402	0.0682797	0.0686602	0.0719311	0.312513	0.344325	0.321262	0.168462	0.417551	0.158647	0.103924	0.0923986	0.157267	0.28162	0.413959	0.07433	0.319712	0.17109	0.180695	0.206176	0.151802	0.195024	0.0524125	0.0482324	0.109994	0.341457	0.165428	0.174009	0.187342	0.323953	0.321106	0.226557	0.260161	0.333395	0.32627	0.217955	0.160371	0.298605	0.133629	0.327264	0.304261	0.105115	0.119542	0.104922	0.0678704	0.070358	0.0764472	0.336958	0.372976	0.348028	0.171088	0.39348	0.146876	0.102377	0.100144	0.171469	0.303834	0.394085	0.065426	0.331966	0.185966	0.198489	0.230467	0.135435	0.178728	0.0610969	0.0517423	0.116623	0.320059	0.162738	0.171328	0.184672	0.323169	0.320389	0.226052	0.257288	0.331407	0.324814	0.212326	0.158824	0.295771	0.130528	0.321625	0.298903	0.102167	0.100275	0.179007	0.170454	0.236044	0.231727	
MomentArms on: hip_flexion_r
-0.00258498	0.0195855	-0.00396429	0.00185991	-0.024667	0.0348816	0.0160028	0.034799	0.0425026	0.0580067	0.0453297	
MomentArms on: knee_angle_r
-0.0208604	-0.0227064	-0.0267353	-0.0140006	-0.0140899	-0.0107264	-0.0273512	-0.0326331	0.0306495	0.0282514	0.0270726	0.0271641	
MomentArms on: ankle_angle_r
0.0234551	0.0260912	0.0163547	0.0296848	-0.0118446	-0.0144583	-0.0408069	-0.040211	-0.00681057	-0.00843785	-0.0373025	-0.0121669	
External Torques: 5.27253 16.3086 -18.9847 
Current Torque on hip_flexion_r 5.27177
Current Torque on knee_angle_r 16.37
Current Torque on ankle_angle_r -19.1852

----------------------------------------

LmtMa: lmtMa DONE
Estimation completed.
Using c:/opensim_tutorial\tutorials\Cerebral_Palsy_Project\Simulations\TD013\crouch2_r1\ceinms\execution as output directory
