
+-+-+-+-+-+-+
|C|E|I|N|M|S|
+-+-+-+-+-+-+-+-+-+-+
|C|a|l|i|b|r|a|t|e|d|
+-+-+-+-+-+-+-+-+-+-+-+-+
|E|M|G|-|I|n|f|o|r|m|e|d|
+-+-+-+-+-+-+-+-+-+-+-+-+-+-+-+-+-+-+-+-+
|N|e|u|r|o|m|u|s|c|u|l|o|s|k|e|l|e|t|a|l|
+-+-+-+-+-+-+-+-+-+-+-+-+-+-+-+-+-+-+-+-+
|T|o|o|l|b|o|x|
+-+-+-+-+-+-+-+

CEINMS version 0.21.0
Copyright (C) Apr 29 2020
Claudio Pizzolato, Monica Reggiani, Massimo Sartori, David Lloyd
Software developers: Claudio Pizzolato, Elena Ceseracciu, Monica Reggiani
Check configuration data...
Reading subject file: c:/opensim_tutorial/tutorials/Cerebral_Palsy_Project/Simulations/TD026/normal3_r1/ceinms/./calibratedSubject.xml .
Contact model  not found
Reading subject file: c:/opensim_tutorial/tutorials/Cerebral_Palsy_Project/Simulations/TD026/normal3_r1/ceinms/./calibratedSubject.xml .
activeForceLength
passiveForceLength
forceVelocity
tendonForceStrain
Assuming glut_med1_r pennation angle in radians: 0.139626
Assuming glut_med2_r pennation angle in radians: 0
Assuming glut_med3_r pennation angle in radians: 0.331613
Assuming glut_min1_r pennation angle in radians: 0.174533
Assuming glut_min2_r pennation angle in radians: 0
Assuming glut_min3_r pennation angle in radians: 0.0174533
Assuming semimem_r pennation angle in radians: 0.261799
Assuming semiten_r pennation angle in radians: 0.0872665
Assuming bifemlh_r pennation angle in radians: 0
Assuming bifemsh_r pennation angle in radians: 0.401426
Assuming sar_r pennation angle in radians: 0
Assuming add_long_r pennation angle in radians: 0.10472
Assuming add_brev_r pennation angle in radians: 0
Assuming add_mag1_r pennation angle in radians: 0.0872665
Assuming add_mag2_r pennation angle in radians: 0.0523599
Assuming add_mag3_r pennation angle in radians: 0.0872665
Assuming tfl_r pennation angle in radians: 0.0523599
Assuming pect_r pennation angle in radians: 0
Assuming grac_r pennation angle in radians: 0.0523599
Assuming glut_max1_r pennation angle in radians: 0.0872665
Assuming glut_max2_r pennation angle in radians: 0
Assuming glut_max3_r pennation angle in radians: 0.0872665
Assuming iliacus_r pennation angle in radians: 0.122173
Assuming psoas_r pennation angle in radians: 0.139626
Assuming quad_fem_r pennation angle in radians: 0
Assuming gem_r pennation angle in radians: 0
Assuming peri_r pennation angle in radians: 0.174533
Assuming rect_fem_r pennation angle in radians: 0.0872665
Assuming vas_med_r pennation angle in radians: 0.0872665
Assuming vas_int_r pennation angle in radians: 0.0523599
Assuming vas_lat_r pennation angle in radians: 0.0872665
Assuming med_gas_r pennation angle in radians: 0.296706
Assuming lat_gas_r pennation angle in radians: 0.139626
Assuming soleus_r pennation angle in radians: 0.436332
Assuming tib_post_r pennation angle in radians: 0.20944
Assuming flex_dig_r pennation angle in radians: 0.122173
Assuming flex_hal_r pennation angle in radians: 0.174533
Assuming tib_ant_r pennation angle in radians: 0.0872665
Assuming per_brev_r pennation angle in radians: 0.0872665
Assuming per_long_r pennation angle in radians: 0.174533
Assuming per_tert_r pennation angle in radians: 0.226893
Assuming ext_dig_r pennation angle in radians: 0.139626
Assuming ext_hal_r pennation angle in radians: 0.10472
Assuming glut_med1_l pennation angle in radians: 0.139626
Assuming glut_med2_l pennation angle in radians: 0
Assuming glut_med3_l pennation angle in radians: 0.331613
Assuming glut_min1_l pennation angle in radians: 0.174533
Assuming glut_min2_l pennation angle in radians: 0
Assuming glut_min3_l pennation angle in radians: 0.0174533
Assuming semimem_l pennation angle in radians: 0.261799
Assuming semiten_l pennation angle in radians: 0.0872665
Assuming bifemlh_l pennation angle in radians: 0
Assuming bifemsh_l pennation angle in radians: 0.401426
Assuming sar_l pennation angle in radians: 0
Assuming add_long_l pennation angle in radians: 0.10472
Assuming add_brev_l pennation angle in radians: 0
Assuming add_mag1_l pennation angle in radians: 0.0872665
Assuming add_mag2_l pennation angle in radians: 0.0523599
Assuming add_mag3_l pennation angle in radians: 0.0872665
Assuming tfl_l pennation angle in radians: 0.0523599
Assuming pect_l pennation angle in radians: 0
Assuming grac_l pennation angle in radians: 0.0523599
Assuming glut_max1_l pennation angle in radians: 0.0872665
Assuming glut_max2_l pennation angle in radians: 0
Assuming glut_max3_l pennation angle in radians: 0.0872665
Assuming iliacus_l pennation angle in radians: 0.122173
Assuming psoas_l pennation angle in radians: 0.139626
Assuming quad_fem_l pennation angle in radians: 0
Assuming gem_l pennation angle in radians: 0
Assuming peri_l pennation angle in radians: 0.174533
Assuming rect_fem_l pennation angle in radians: 0.0872665
Assuming vas_med_l pennation angle in radians: 0.0872665
Assuming vas_int_l pennation angle in radians: 0.0523599
Assuming vas_lat_l pennation angle in radians: 0.0872665
Assuming med_gas_l pennation angle in radians: 0.296706
Assuming lat_gas_l pennation angle in radians: 0.139626
Assuming soleus_l pennation angle in radians: 0.436332
Assuming tib_post_l pennation angle in radians: 0.20944
Assuming flex_dig_l pennation angle in radians: 0.122173
Assuming flex_hal_l pennation angle in radians: 0.174533
Assuming tib_ant_l pennation angle in radians: 0.0872665
Assuming per_brev_l pennation angle in radians: 0.0872665
Assuming per_long_l pennation angle in radians: 0.174533
Assuming per_tert_l pennation angle in radians: 0.226893
Assuming ext_dig_l pennation angle in radians: 0.139626
Assuming ext_hal_l pennation angle in radians: 0.10472
Assuming ercspn_r pennation angle in radians: 0
Assuming ercspn_l pennation angle in radians: 0
Assuming intobl_r pennation angle in radians: 0
Assuming intobl_l pennation angle in radians: 0
Assuming extobl_r pennation angle in radians: 0
Assuming extobl_l pennation angle in radians: 0
Found OpenSim model associated to the subject: c:\opensim_tutorial\tutorials\Cerebral_Palsy_Project\Simulations\TD026\TD026_v3.osim

EMG: Reading emg file...c:/opensim_tutorial/tutorials/Cerebral_Palsy_Project/Simulations/TD026/normal3_r1/ceinms/./../processed_emg_signals.mot
Muscle excitations to muscle mapping:
glut_med1_r -> glut_med1_r
glut_med2_r -> glut_med2_r
glut_med3_r -> glut_med3_r
glut_min1_r -> glut_min1_r
glut_min2_r -> glut_min2_r
glut_min3_r -> glut_min3_r
semimem_r -> semimem_r
semiten_r -> semiten_r
bifemlh_r -> bifemlh_r
bifemsh_r -> bifemsh_r
sar_r -> sar_r
add_long_r -> add_long_r
add_brev_r -> add_brev_r
add_mag1_r -> add_mag1_r
add_mag2_r -> add_mag2_r
add_mag3_r -> add_mag3_r
tfl_r -> tfl_r
pect_r -> pect_r
grac_r -> grac_r
glut_max1_r -> glut_max1_r
glut_max2_r -> glut_max2_r
glut_max3_r -> glut_max3_r
iliacus_r -> iliacus_r
psoas_r -> psoas_r
quad_fem_r -> quad_fem_r
gem_r -> gem_r
peri_r -> peri_r
rect_fem_r -> rect_fem_r
vas_med_r -> vas_med_r
vas_int_r -> vas_int_r
vas_lat_r -> vas_lat_r
med_gas_r -> med_gas_r
lat_gas_r -> lat_gas_r
soleus_r -> soleus_r
tib_post_r -> tib_post_r
flex_dig_r -> flex_dig_r
flex_hal_r -> flex_hal_r
tib_ant_r -> tib_ant_r
per_brev_r -> per_brev_r
per_long_r -> per_long_r
per_tert_r -> per_tert_r
ext_dig_r -> ext_dig_r
ext_hal_r -> ext_hal_r
glut_med1_l -> glut_med1_l
glut_med2_l -> glut_med2_l
glut_med3_l -> glut_med3_l
glut_min1_l -> glut_min1_l
glut_min2_l -> glut_min2_l
glut_min3_l -> glut_min3_l
semimem_l -> semimem_l
semiten_l -> semiten_l
bifemlh_l -> bifemlh_l
bifemsh_l -> bifemsh_l
sar_l -> sar_l
add_long_l -> add_long_l
add_brev_l -> add_brev_l
add_mag1_l -> add_mag1_l
add_mag2_l -> add_mag2_l
add_mag3_l -> add_mag3_l
tfl_l -> tfl_l
pect_l -> pect_l
grac_l -> grac_l
glut_max1_l -> glut_max1_l
glut_max2_l -> glut_max2_l
glut_max3_l -> glut_max3_l
iliacus_l -> iliacus_l
psoas_l -> psoas_l
quad_fem_l -> quad_fem_l
gem_l -> gem_l
peri_l -> peri_l
rect_fem_l -> rect_fem_l
vas_med_l -> vas_med_l
vas_int_l -> vas_int_l
vas_lat_l -> vas_lat_l
med_gas_l -> med_gas_l
lat_gas_l -> lat_gas_l
soleus_l -> soleus_l
tib_post_l -> tib_post_l
flex_dig_l -> flex_dig_l
flex_hal_l -> flex_hal_l
tib_ant_l -> tib_ant_l
per_brev_l -> per_brev_l
per_long_l -> per_long_l
per_tert_l -> per_tert_l
ext_dig_l -> ext_dig_l
ext_hal_l -> ext_hal_l
ercspn_r -> ercspn_r
ercspn_l -> ercspn_l
intobl_r -> intobl_r
intobl_l -> intobl_l
extobl_r -> extobl_r
extobl_l -> extobl_l
Using c:/opensim_tutorial/tutorials/Cerebral_Palsy_Project/Simulations/TD026/normal3_r1/ceinms/./execution/ as output directory
Joint moments
hip_flexion_r -> Tracking
knee_angle_r -> Tracking
ankle_angle_r -> Tracking
Muscle excitations
glut_med1_r ->  Adjusting
glut_med2_r ->  Adjusting
glut_med3_r ->  Adjusting
glut_min1_r ->  Adjusting
glut_min2_r ->  Adjusting
glut_min3_r ->  Adjusting
semimem_r ->  Adjusting
semiten_r ->  Adjusting
bifemlh_r ->  Adjusting
bifemsh_r ->  Adjusting
sar_r ->  Synthetising
add_long_r ->  Adjusting
add_brev_r ->  Adjusting
add_mag1_r ->  Synthetising
add_mag2_r ->  Synthetising
add_mag3_r ->  Synthetising
tfl_r ->  Synthetising
pect_r ->  Synthetising
grac_r ->  Adjusting
glut_max1_r ->  Adjusting
glut_max2_r ->  Adjusting
glut_max3_r ->  Adjusting
iliacus_r ->  Synthetising
psoas_r ->  Synthetising
quad_fem_r ->  Synthetising
gem_r ->  Synthetising
peri_r ->  Synthetising
rect_fem_r ->  Adjusting
vas_med_r ->  Adjusting
vas_int_r ->  Adjusting
vas_lat_r ->  Adjusting
med_gas_r ->  Adjusting
lat_gas_r ->  Adjusting
soleus_r ->  Adjusting
tib_post_r ->  Synthetising
flex_dig_r ->  Synthetising
flex_hal_r ->  Synthetising
tib_ant_r ->  Adjusting
per_brev_r ->  Synthetising
per_long_r ->  Synthetising
per_tert_r ->  Synthetising
ext_dig_r ->  Adjusting
ext_hal_r ->  Adjusting
glut_med1_l ->  Unchanged
glut_med2_l ->  Unchanged
glut_med3_l ->  Unchanged
glut_min1_l ->  Unchanged
glut_min2_l ->  Unchanged
glut_min3_l ->  Unchanged
semimem_l ->  Unchanged
semiten_l ->  Unchanged
bifemlh_l ->  Unchanged
bifemsh_l ->  Unchanged
sar_l ->  Unchanged
add_long_l ->  Unchanged
add_brev_l ->  Unchanged
add_mag1_l ->  Unchanged
add_mag2_l ->  Unchanged
add_mag3_l ->  Unchanged
tfl_l ->  Unchanged
pect_l ->  Unchanged
grac_l ->  Unchanged
glut_max1_l ->  Unchanged
glut_max2_l ->  Unchanged
glut_max3_l ->  Unchanged
iliacus_l ->  Unchanged
psoas_l ->  Unchanged
quad_fem_l ->  Unchanged
gem_l ->  Unchanged
peri_l ->  Unchanged
rect_fem_l ->  Unchanged
vas_med_l ->  Unchanged
vas_int_l ->  Unchanged
vas_lat_l ->  Unchanged
med_gas_l ->  Unchanged
lat_gas_l ->  Unchanged
soleus_l ->  Unchanged
tib_post_l ->  Unchanged
flex_dig_l ->  Unchanged
flex_hal_l ->  Unchanged
tib_ant_l ->  Unchanged
per_brev_l ->  Unchanged
per_long_l ->  Unchanged
per_tert_l ->  Unchanged
ext_dig_l ->  Unchanged
ext_hal_l ->  Unchanged
ercspn_r ->  Synthetising
ercspn_l ->  Unchanged
intobl_r ->  Synthetising
intobl_l ->  Unchanged
extobl_r ->  Synthetising
extobl_l ->  Unchanged
Using alpha = 1, beta = 5, gamma = 10
Using c:/opensim_tutorial\tutorials\Cerebral_Palsy_Project\Simulations\TD026\normal3_r1\ceinms\execution as output directory
starting consume

externalTorque DONE

EMG: EMG DONE


EmgTime: 0.62
Adjusted EMG
0.660306	0.659351	0.659351	0.654254	0.659351	0.659351	0.0873762	0.001	0.001	0.001	0.001	0.237047	0.282518	0.001	0.001	0.001	0.001	0.000997281	0.513417	0.659351	0.659351	0.659351	0.001	0.001	0.001	0.001	0.001	0.546025	0.577248	0.576995	0.667346	0.126334	0.001	0.126331	0.001	0.001	0.001	0.910707	0.001	0.001	0.999	0.604584	0.495377	0	0	0	0	0	0	0	0	0	0	0	0	0	0	0	0	0	0	0	0	0	0	0	0	0	0	0	0	0	0	0	0	0	0	0	0	0	0	0	0	0	0	0	0.001	0	0.001	0	0.001	0	
LmtTime: 0.62
Lmt
0.107692	0.119539	0.102878	0.0708525	0.0723354	0.0770104	0.355409	0.396101	0.364514	0.186957	0.411026	0.155034	0.106231	0.101542	0.17477	0.309333	0.405042	0.0693301	0.353856	0.184659	0.197029	0.229001	0.139603	0.182387	0.0571381	0.0490467	0.114556	0.315102	0.1528	0.161276	0.174967	0.341459	0.338342	0.230531	0.268524	0.343821	0.335856	0.229998	0.16495	0.30863	0.139824	0.342158	0.318405	0.0980016	0.104564	0.0862724	0.0674624	0.0670072	0.0691821	0.323279	0.356626	0.327988	0.187784	0.455365	0.176267	0.109404	0.0929815	0.156121	0.276646	0.437583	0.0841936	0.344723	0.158803	0.166756	0.186222	0.166509	0.209202	0.0537231	0.050325	0.107603	0.351941	0.156063	0.164713	0.17853	0.344071	0.340987	0.233931	0.269194	0.344599	0.336961	0.226493	0.165321	0.308957	0.137847	0.339132	0.315222	0.104633	0.10379	0.174996	0.18168	0.236992	0.238178	
MomentArms on: hip_flexion_r
-0.0103432	0.00057067	-0.00075555	0.00031627	-0.03884	0.0322799	0.00580095	0.0305306	0.0385726	0.0674761	0.0538017	
MomentArms on: knee_angle_r
-0.0252286	-0.0229609	-0.0216654	-0.0181724	-0.0179949	-0.00558103	-0.0280136	-0.0327074	0.0379771	0.0343462	0.0354901	0.0342876	
MomentArms on: ankle_angle_r
0.0242243	0.0263167	0.0169299	0.0294506	-0.0136964	-0.0164431	-0.0463157	-0.0453537	-0.00747326	-0.00909137	-0.0433366	-0.0139386	
External Torques: -12.2387 4.434 0.730835 
Current Torque on hip_flexion_r -6.39977
Current Torque on knee_angle_r -5.18738
Current Torque on ankle_angle_r -31.7764

----------------------------------------


EmgTime: 0.63
Adjusted EMG
0.668225	0.666268	0.666268	0.667828	0.666268	0.666268	0.245444	0.0204721	0.245427	0.013746	0.001	0.228064	0.228074	0.001	0.001	0.001	0.001	0.000997281	0.476523	0.666268	0.666268	0.666268	0.001	0.001	0.001	0.001	0.001	0.529353	0.569712	0.567011	0.730216	0.141389	0.00808732	0.141389	0.001	0.001	0.001	0.700255	0.001	0.001	0.999	0.490186	0.434194	0	0	0	0	0	0	0	0	0	0	0	0	0	0	0	0	0	0	0	0	0	0	0	0	0	0	0	0	0	0	0	0	0	0	0	0	0	0	0	0	0	0	0	0.001	0	0.001	0	0.001	0	
LmtTime: 0.63
Lmt
0.10778	0.119702	0.10313	0.0710029	0.0726347	0.0773901	0.353185	0.393164	0.362192	0.186555	0.413934	0.153297	0.104238	0.099095	0.172035	0.306823	0.407461	0.0685836	0.35099	0.184415	0.196448	0.226758	0.140306	0.183193	0.0564213	0.0495066	0.11504	0.317447	0.153404	0.161881	0.175592	0.341348	0.338233	0.230729	0.268587	0.343883	0.335932	0.229853	0.164985	0.308673	0.139741	0.34204	0.318276	0.0969485	0.103211	0.0848452	0.0665017	0.0658792	0.0679584	0.321895	0.355267	0.326901	0.186264	0.454004	0.178219	0.111313	0.0951505	0.158173	0.277841	0.43667	0.0851287	0.344946	0.157828	0.166266	0.187531	0.166588	0.209251	0.0543587	0.0501996	0.106597	0.353958	0.158305	0.166963	0.180851	0.340474	0.337333	0.231652	0.268464	0.343889	0.336088	0.22826	0.164919	0.308452	0.138845	0.340573	0.316802	0.104614	0.104978	0.173155	0.182338	0.235631	0.238565	
MomentArms on: hip_flexion_r
-0.009973	0.00139032	-0.00140117	-0.00011288	-0.0384676	0.032271	0.00626593	0.0306065	0.0389544	0.0675576	0.0530321	
MomentArms on: knee_angle_r
-0.0251741	-0.022838	-0.0216321	-0.0183796	-0.018208	-0.00542019	-0.0279829	-0.0324806	0.0379672	0.0343887	0.035547	0.0343593	
MomentArms on: ankle_angle_r
0.024237	0.0263331	0.0169379	0.0294701	-0.0136806	-0.0164289	-0.0462853	-0.0453272	-0.00746827	-0.00908908	-0.0432958	-0.0139244	
External Torques: -10.9399 7.6666 -0.0958809 
Current Torque on hip_flexion_r -4.09978
Current Torque on knee_angle_r -2.08215
Current Torque on ankle_angle_r -31.6623

----------------------------------------


EmgTime: 0.64
Adjusted EMG
0.651893	0.651636	0.651636	0.652801	0.651636	0.651636	0.266998	0.320432	0.266998	0.59005	0.001	0.220219	0.224065	0.001	0.001	0.001	0.001	0.000997281	0.756411	0.651636	0.651636	0.651636	0.001	0.001	0.001	0.001	0.001	0.498852	0.48311	0.494532	0.468525	0.157364	0.001	0.157364	0.001	0.001	0.001	0.406137	0.001	0.001	0.819005	0.378202	0.376771	0	0	0	0	0	0	0	0	0	0	0	0	0	0	0	0	0	0	0	0	0	0	0	0	0	0	0	0	0	0	0	0	0	0	0	0	0	0	0	0	0	0	0	0.001	0	0.001	0	0.001	0	
LmtTime: 0.64
Lmt
0.107944	0.119902	0.103389	0.071234	0.0729903	0.0777963	0.351017	0.390306	0.359909	0.186176	0.416703	0.151682	0.102297	0.0966814	0.169376	0.304384	0.409838	0.0678917	0.348287	0.184175	0.195845	0.2245	0.141113	0.184091	0.0556638	0.0498952	0.1155	0.319715	0.15397	0.162447	0.176177	0.341274	0.33816	0.23094	0.268655	0.343949	0.336012	0.229698	0.165022	0.308719	0.139653	0.341913	0.318137	0.095969	0.101964	0.0835374	0.0655779	0.0648022	0.0668002	0.32061	0.353969	0.325922	0.184721	0.45251	0.180023	0.113105	0.097225	0.160205	0.279119	0.435701	0.0859774	0.345103	0.157001	0.165912	0.188944	0.16661	0.209247	0.054972	0.0500894	0.105655	0.355868	0.160519	0.169194	0.183136	0.336966	0.333765	0.229391	0.267739	0.343181	0.335227	0.229929	0.164524	0.307962	0.139794	0.341937	0.318293	0.104584	0.106098	0.171375	0.182972	0.234302	0.238922	
MomentArms on: hip_flexion_r
-0.00960149	0.0022139	-0.00202052	-0.00051398	-0.038079	0.0322698	0.0067328	0.0306902	0.0393204	0.0675953	0.0522759	
MomentArms on: knee_angle_r
-0.0251108	-0.0227128	-0.0215893	-0.0185745	-0.0184087	-0.00526154	-0.0279422	-0.0322474	0.0379485	0.0344352	0.0355912	0.0344296	
MomentArms on: ankle_angle_r
0.0242593	0.0263619	0.016952	0.0295043	-0.0136529	-0.0164039	-0.0462283	-0.0452758	-0.00745947	-0.00908498	-0.043224	-0.0138993	
External Torques: -10.0939 10.4155 -1.45943 
Current Torque on hip_flexion_r -4.66948
Current Torque on knee_angle_r 13.3261
Current Torque on ankle_angle_r -26.4314

----------------------------------------


EmgTime: 0.65
Adjusted EMG
0.617105	0.616899	0.616899	0.618227	0.616899	0.616899	0.289273	0.514326	0.289273	0.999	0.001	0.213379	0.218526	0.001	0.001	0.001	0.001	0.000997281	0.810701	0.616899	0.616899	0.616899	0.001	0.001	0.001	0.001	0.001	0.457493	0.340316	0.425367	0.222313	0.172804	0.001	0.172804	0.001	0.001	0.001	0.330759	0.001	0.001	0.647369	0.31274	0.313043	0	0	0	0	0	0	0	0	0	0	0	0	0	0	0	0	0	0	0	0	0	0	0	0	0	0	0	0	0	0	0	0	0	0	0	0	0	0	0	0	0	0	0	0.001	0	0.001	0	0.001	0	
LmtTime: 0.65
Lmt
0.108182	0.12012	0.103622	0.0715415	0.0733888	0.0782075	0.348971	0.387616	0.357729	0.185843	0.419275	0.150251	0.100475	0.0943711	0.166864	0.302074	0.412119	0.067286	0.345827	0.183922	0.195215	0.222274	0.14199	0.185045	0.0548634	0.0501863	0.115905	0.321832	0.154464	0.162943	0.176689	0.341267	0.338155	0.231176	0.26873	0.344023	0.336102	0.229524	0.165063	0.30877	0.139554	0.34177	0.317981	0.0951056	0.100914	0.0824652	0.0647183	0.0638253	0.0657803	0.319441	0.35278	0.325112	0.183156	0.450859	0.181559	0.114709	0.0991387	0.16216	0.280492	0.43468	0.086681	0.345119	0.156437	0.165805	0.190528	0.16651	0.209127	0.0555711	0.0500201	0.104857	0.357622	0.162695	0.171397	0.185375	0.333657	0.330395	0.227258	0.267055	0.342511	0.334417	0.231433	0.164155	0.307508	0.140654	0.343172	0.319638	0.104538	0.107097	0.169733	0.183571	0.23307	0.239243	
MomentArms on: hip_flexion_r
-0.00923817	0.00303205	-0.00258902	-0.00086504	-0.0376839	0.0322879	0.00719779	0.0307941	0.0396712	0.0675887	0.0515663	
MomentArms on: knee_angle_r
-0.0250433	-0.022592	-0.0215403	-0.0187477	-0.0185874	-0.00511235	-0.0278953	-0.0320212	0.0379278	0.0344879	0.0356262	0.0344995	
MomentArms on: ankle_angle_r
0.024291	0.026403	0.0169718	0.0295529	-0.0136132	-0.0163679	-0.0461437	-0.0451989	-0.00744677	-0.00907896	-0.0431205	-0.0138633	
External Torques: -9.86238 12.4182 -3.31744 
Current Torque on hip_flexion_r -7.10221
Current Torque on knee_angle_r 26.0419
Current Torque on ankle_angle_r -19.2169

----------------------------------------


EmgTime: 0.66
Adjusted EMG
0.565767	0.565543	0.565543	0.566635	0.565543	0.565543	0.307912	0.515225	0.574825	0.999	0.001	0.206916	0.209099	0.001	0.001	0.001	0.001	0.000997281	0.764798	0.565543	0.565543	0.565543	0.001	0.001	0.001	0.001	0.001	0.40861	0.278613	0.365763	0.118383	0.186541	0.001	0.186541	0.001	0.001	0.001	0.260916	0.001	0.001	0.493445	0.25029	0.250532	0	0	0	0	0	0	0	0	0	0	0	0	0	0	0	0	0	0	0	0	0	0	0	0	0	0	0	0	0	0	0	0	0	0	0	0	0	0	0	0	0	0	0	0.001	0	0.001	0	0.001	0	
LmtTime: 0.66
Lmt
0.108479	0.120334	0.103799	0.0719115	0.0738105	0.0786004	0.3471	0.385162	0.355706	0.185577	0.421618	0.149051	0.0988311	0.0922256	0.164557	0.29994	0.414257	0.0667919	0.343546	0.183639	0.194556	0.220122	0.142901	0.186017	0.0540238	0.0503641	0.116229	0.32374	0.154858	0.163337	0.177096	0.341347	0.338239	0.231444	0.268816	0.344107	0.336205	0.229324	0.16511	0.308828	0.13944	0.341607	0.317803	0.0943915	0.100135	0.0817183	0.0639469	0.0629894	0.0649576	0.318422	0.35174	0.324519	0.181571	0.449038	0.182736	0.116068	0.10084	0.16399	0.281959	0.43361	0.0871958	0.344946	0.156218	0.166026	0.192327	0.166239	0.208844	0.0561624	0.0500083	0.104263	0.359193	0.164834	0.17357	0.187566	0.330646	0.327324	0.225356	0.266444	0.34191	0.333696	0.232723	0.163828	0.30711	0.141396	0.344234	0.320792	0.104475	0.107935	0.1683	0.184124	0.231993	0.239528	
MomentArms on: hip_flexion_r
-0.00889031	0.00384275	-0.00308489	-0.00114495	-0.0372899	0.0323374	0.00766123	0.0309318	0.0400113	0.0675384	0.0509353	
MomentArms on: knee_angle_r
-0.0249764	-0.0224765	-0.0214883	-0.0188827	-0.0187274	-0.00497405	-0.0278455	-0.0318156	0.0379018	0.034534	0.0356423	0.0345575	
MomentArms on: ankle_angle_r
0.0243311	0.0264553	0.0169967	0.0296145	-0.0135623	-0.0163218	-0.0460332	-0.0450974	-0.0074304	-0.00907102	-0.0429874	-0.0138172	
External Torques: -9.99873 13.6318 -5.55047 
Current Torque on hip_flexion_r -8.35725
Current Torque on knee_angle_r 27.5962
Current Torque on ankle_angle_r -13.7556

----------------------------------------


EmgTime: 0.67
Adjusted EMG
0.502433	0.502333	0.502333	0.502716	0.502333	0.502333	0.319744	0.439892	0.506072	0.999	0.001	0.20028	0.200908	0.001	0.001	0.001	0.001	0.000997281	0.633803	0.502333	0.502333	0.502333	0.001	0.001	0.001	0.001	0.001	0.355908	0.280531	0.330171	0.176783	0.197426	0.216255	0.197425	0.001	0.001	0.001	0.198969	0.001	0.001	0.318497	0.193923	0.193824	0	0	0	0	0	0	0	0	0	0	0	0	0	0	0	0	0	0	0	0	0	0	0	0	0	0	0	0	0	0	0	0	0	0	0	0	0	0	0	0	0	0	0	0.001	0	0.001	0	0.001	0	
LmtTime: 0.67
Lmt
0.108814	0.120519	0.103893	0.0723236	0.0742333	0.0789525	0.345442	0.382992	0.353876	0.185393	0.423718	0.148114	0.0974092	0.0902919	0.162491	0.298008	0.416222	0.0664275	0.341711	0.183311	0.193865	0.218076	0.143815	0.186974	0.053155	0.0504234	0.116453	0.325399	0.155129	0.16361	0.177377	0.341527	0.338423	0.231745	0.268913	0.344201	0.33632	0.229099	0.165163	0.308894	0.139313	0.341423	0.317602	0.0938469	0.0996695	0.0813511	0.063281	0.0623222	0.0643708	0.317583	0.350882	0.324179	0.179975	0.447043	0.183495	0.117147	0.102297	0.165659	0.283517	0.432495	0.0874935	0.344551	0.15639	0.16662	0.194355	0.165759	0.208361	0.0567507	0.0500619	0.103911	0.360558	0.166927	0.175707	0.189702	0.328014	0.324636	0.223771	0.265934	0.341408	0.333096	0.233763	0.163557	0.306784	0.141996	0.345093	0.321722	0.104396	0.108585	0.167131	0.184615	0.231119	0.239775	
MomentArms on: hip_flexion_r
-0.00856246	0.00465095	-0.00348988	-0.00133428	-0.0369002	0.0324287	0.00812704	0.0311156	0.0403479	0.0674439	0.0504109	
MomentArms on: knee_angle_r
-0.0249144	-0.0223635	-0.0214361	-0.0189605	-0.0188096	-0.00484417	-0.0277958	-0.0311597	0.037858	0.034549	0.0356195	0.0345817	
MomentArms on: ankle_angle_r
0.0243779	0.0265164	0.0170254	0.0296862	-0.0135022	-0.0162672	-0.0459002	-0.0449748	-0.0074109	-0.0090613	-0.0428291	-0.0137626	
External Torques: -10.1367 14.1106 -8.00916 
Current Torque on hip_flexion_r -9.64562
Current Torque on knee_angle_r 22.9857
Current Torque on ankle_angle_r -11.3278

----------------------------------------


EmgTime: 0.68
Adjusted EMG
0.432784	0.432784	0.432784	0.432783	0.432784	0.432784	0.323055	0.375726	0.406381	0.733218	0.001	0.193041	0.19304	0.001	0.001	0.001	0.00371874	0.000997281	0.470677	0.432784	0.432784	0.432784	0.00646684	0.001	0.001	0.001	0.001	0.303009	0.271655	0.292603	0.225957	0.204534	0.24534	0.204535	0.001	0.001	0.001	0.146957	0.001	0.001	0.126049	0.145706	0.145647	0	0	0	0	0	0	0	0	0	0	0	0	0	0	0	0	0	0	0	0	0	0	0	0	0	0	0	0	0	0	0	0	0	0	0	0	0	0	0	0	0	0	0	0.001	0	0.001	0	0.001	0	
LmtTime: 0.68
Lmt
0.109162	0.120653	0.103885	0.0727547	0.0746352	0.0792453	0.344014	0.38113	0.35226	0.185301	0.425584	0.147452	0.0962364	0.0886002	0.160684	0.296285	0.417995	0.0662026	0.340223	0.182924	0.19314	0.216155	0.144711	0.187896	0.0522709	0.0503689	0.116567	0.326789	0.155264	0.163745	0.177517	0.341806	0.338709	0.232074	0.269018	0.344304	0.336445	0.228852	0.16522	0.308966	0.139172	0.341221	0.317382	0.0934783	0.0995338	0.0813813	0.062729	0.0618357	0.0640348	0.316951	0.350234	0.324116	0.178385	0.444882	0.183806	0.117931	0.103497	0.167147	0.285154	0.431339	0.0875604	0.343928	0.156963	0.167598	0.196603	0.165054	0.207661	0.0573401	0.0501817	0.103814	0.361694	0.168958	0.177788	0.191766	0.325486	0.322349	0.222567	0.265545	0.341024	0.332641	0.234533	0.163352	0.306538	0.142441	0.34573	0.322412	0.104306	0.109036	0.166264	0.185029	0.230476	0.239984	
MomentArms on: hip_flexion_r
-0.00825614	0.00546728	-0.0037895	-0.00141593	-0.0365126	0.0325685	0.00860182	0.0313543	0.0406883	0.0673014	0.0500145	
MomentArms on: knee_angle_r
-0.0248681	-0.0222719	-0.0213917	-0.018999	-0.0188514	-0.0047415	-0.027757	-0.0311729	0.0378155	0.0345478	0.0355838	0.034587	
MomentArms on: ankle_angle_r
0.024429	0.0265835	0.0170562	0.0297646	-0.0134355	-0.0162065	-0.0457505	-0.0448361	-0.00738908	-0.00905011	-0.0426524	-0.0137021	
External Torques: -9.99396 13.9452 -10.5504 
Current Torque on hip_flexion_r -9.99467
Current Torque on knee_angle_r 18.0034
Current Torque on ankle_angle_r -11.3007

----------------------------------------


EmgTime: 0.69
Adjusted EMG
0.362533	0.362534	0.362534	0.362532	0.362534	0.362534	0.317524	0.334174	0.343518	0.46358	0.001	0.184948	0.184945	0.001	0.001	0.001	0.00526012	0.000997281	0.323281	0.362534	0.362534	0.362534	0.00961365	0.001	0.001	0.001	0.001	0.253051	0.244051	0.25012	0.230237	0.207263	0.249699	0.207265	0.105724	0.0100348	0.001	0.106048	0.001	0.0307852	0.001	0.107	0.107057	0	0	0	0	0	0	0	0	0	0	0	0	0	0	0	0	0	0	0	0	0	0	0	0	0	0	0	0	0	0	0	0	0	0	0	0	0	0	0	0	0	0	0	0.001	0	0.001	0	0.001	0	
LmtTime: 0.69
Lmt
0.1095	0.120721	0.103764	0.0731824	0.0749974	0.0794652	0.342815	0.379573	0.350857	0.185306	0.427239	0.147065	0.0953226	0.0871626	0.159134	0.294761	0.419576	0.0661197	0.339073	0.182468	0.192378	0.214367	0.145575	0.188773	0.0513876	0.0502126	0.116567	0.327911	0.155256	0.163737	0.177508	0.342178	0.339087	0.232419	0.269129	0.344412	0.336577	0.22859	0.165281	0.309042	0.139024	0.341008	0.317148	0.0932796	0.0997144	0.0817923	0.0622906	0.0615266	0.0639427	0.31655	0.349823	0.324342	0.176828	0.442572	0.183669	0.118422	0.104445	0.168452	0.28686	0.430147	0.0873965	0.343098	0.157917	0.16894	0.199043	0.164121	0.206743	0.057934	0.0503634	0.103961	0.362579	0.170902	0.17979	0.193733	0.323723	0.320548	0.221778	0.26529	0.340772	0.332342	0.235029	0.163218	0.306379	0.142729	0.346141	0.322857	0.104211	0.109291	0.165718	0.185349	0.230077	0.240151	
MomentArms on: hip_flexion_r
-0.00796987	0.006306	-0.00397289	-0.00137566	-0.0361192	0.0327574	0.00909371	0.0316508	0.0410364	0.0671019	0.0497574	
MomentArms on: knee_angle_r
-0.0248462	-0.0222179	-0.0213621	-0.0190143	-0.0188689	-0.00468199	-0.0277386	-0.0311781	0.0377892	0.0345434	0.0355576	0.034586	
MomentArms on: ankle_angle_r
0.0244816	0.0266532	0.0170877	0.0298456	-0.0133656	-0.0161427	-0.045591	-0.0446877	-0.00736594	-0.00903789	-0.0424655	-0.0136385	
External Torques: -9.4478 13.2365 -13.056 
Current Torque on hip_flexion_r -9.44885
Current Torque on knee_angle_r 14.4996
Current Torque on ankle_angle_r -12.5185

----------------------------------------


EmgTime: 0.7
Adjusted EMG
0.296655	0.296655	0.296655	0.296654	0.296655	0.296655	0.303831	0.304405	0.304656	0.309111	0.001	0.175971	0.17597	0.001	0.001	0.001	0.00279374	0.000997281	0.18314	0.296655	0.296655	0.296655	0.00490286	0.001	0.001	0.001	0.001	0.208457	0.208194	0.20837	0.207764	0.205371	0.25688	0.205373	0.18969	0.0222961	0.001	0.0757554	0.001	0.0649782	0.001	0.0779869	0.0781439	0	0	0	0	0	0	0	0	0	0	0	0	0	0	0	0	0	0	0	0	0	0	0	0	0	0	0	0	0	0	0	0	0	0	0	0	0	0	0	0	0	0	0	0.001	0	0.001	0	0.001	0	
LmtTime: 0.7
Lmt
0.109804	0.120709	0.103526	0.0735869	0.0753057	0.0796041	0.341829	0.3783	0.349655	0.185408	0.42872	0.14694	0.0946622	0.0859754	0.157822	0.293414	0.420971	0.0661747	0.338234	0.181939	0.191579	0.212705	0.146406	0.189606	0.0505216	0.0499716	0.116459	0.328783	0.155106	0.163587	0.177354	0.342625	0.339542	0.232767	0.269241	0.34452	0.336711	0.228324	0.165343	0.309119	0.138873	0.340791	0.31691	0.0932358	0.100177	0.0825411	0.0619589	0.06138	0.0640697	0.316392	0.349667	0.324859	0.175332	0.440139	0.183111	0.118637	0.105162	0.169586	0.288624	0.428918	0.087013	0.342104	0.159203	0.170598	0.201632	0.162976	0.205619	0.0585336	0.0505983	0.104326	0.363198	0.172734	0.181684	0.195576	0.322422	0.31923	0.221407	0.26517	0.340654	0.332202	0.23526	0.163155	0.306304	0.142862	0.346333	0.323064	0.104119	0.109364	0.165494	0.185557	0.229917	0.240274	
MomentArms on: hip_flexion_r
-0.00769941	0.00718257	-0.00403259	-0.00120268	-0.0357063	0.0329887	0.0096111	0.0319997	0.0413913	0.0668304	0.0496383	
MomentArms on: knee_angle_r
-0.0248535	-0.0222115	-0.0213513	-0.0190163	-0.0188716	-0.00467494	-0.0277457	-0.0311784	0.0377868	0.0345428	0.0355543	0.0345857	
MomentArms on: ankle_angle_r
0.0245333	0.0267221	0.017118	0.0299251	-0.0132957	-0.0160786	-0.0454292	-0.0445368	-0.00734259	-0.00902521	-0.0422773	-0.0135749	
External Torques: -8.54181 12.0709 -15.4402 
Current Torque on hip_flexion_r -8.54232
Current Torque on knee_angle_r 12.1115
Current Torque on ankle_angle_r -14.241

----------------------------------------


EmgTime: 0.71
Adjusted EMG
0.239287	0.239258	0.239258	0.239332	0.239258	0.239258	0.283314	0.276555	0.274646	0.220936	0.001	0.166327	0.166551	0.001	0.001	0.001	0.001	0.000997281	0.0936032	0.239258	0.239258	0.239258	0.001	0.001	0.001	0.001	0.001	0.170863	0.173404	0.171747	0.177834	0.198973	0.264112	0.198972	0.216267	0.029961	0.001	0.0547468	0.001	0.0836027	0.001	0.0579764	0.0582299	0	0	0	0	0	0	0	0	0	0	0	0	0	0	0	0	0	0	0	0	0	0	0	0	0	0	0	0	0	0	0	0	0	0	0	0	0	0	0	0	0	0	0	0.001	0	0.001	0	0.001	0	
LmtTime: 0.71
Lmt
0.11006	0.12061	0.103174	0.073953	0.0755503	0.0796589	0.341028	0.377271	0.348627	0.185599	0.430064	0.147057	0.0942374	0.0850218	0.156723	0.29221	0.4222	0.0663589	0.337668	0.181334	0.190741	0.211154	0.14721	0.190402	0.0496878	0.0496655	0.116251	0.329434	0.154824	0.163304	0.177062	0.343126	0.340051	0.233101	0.269348	0.344624	0.336838	0.228067	0.165401	0.309193	0.138728	0.340582	0.316681	0.0933267	0.100874	0.0835662	0.0617234	0.0613738	0.0643798	0.316487	0.349781	0.325655	0.173926	0.437612	0.182178	0.118604	0.105679	0.17057	0.29043	0.427651	0.086431	0.341003	0.160758	0.172508	0.204318	0.161643	0.204313	0.059137	0.050874	0.104868	0.36354	0.174428	0.183441	0.19727	0.321579	0.31839	0.221432	0.265178	0.340662	0.332211	0.235244	0.163159	0.306309	0.142853	0.34632	0.32305	0.104041	0.109279	0.165573	0.185639	0.229977	0.240345	
MomentArms on: hip_flexion_r
-0.00743817	0.00811102	-0.00396469	-0.00089065	-0.0352556	0.0332471	0.0101613	0.0323862	0.0417446	0.0664674	0.0496412	
MomentArms on: knee_angle_r
-0.0248901	-0.0222537	-0.0213594	-0.019006	-0.0188608	-0.00472142	-0.0277786	-0.0311736	0.0378091	0.0345466	0.0355753	0.0345869	
MomentArms on: ankle_angle_r
0.0245819	0.0267873	0.0171461	0.0299999	-0.0132288	-0.0160172	-0.0452724	-0.0443901	-0.00732004	-0.00901267	-0.0420961	-0.013514	
External Torques: -7.42039 10.531 -17.6341 
Current Torque on hip_flexion_r -7.30889
Current Torque on knee_angle_r 10.0918
Current Torque on ankle_angle_r -15.9784

----------------------------------------


EmgTime: 0.72
Adjusted EMG
0.193189	0.193115	0.193115	0.193229	0.193115	0.193115	0.257745	0.244865	0.243246	0.136661	0.001	0.156501	0.157188	0.001	0.001	0.001	0.001	0.000997281	0.0621819	0.193115	0.193115	0.193115	0.001	0.001	0.001	0.001	0.001	0.141046	0.14501	0.142506	0.152358	0.188527	0.26434	0.188527	0.221974	0.0352282	0.001	0.041595	0.001	0.093485	0.001	0.0456875	0.0460366	0	0	0	0	0	0	0	0	0	0	0	0	0	0	0	0	0	0	0	0	0	0	0	0	0	0	0	0	0	0	0	0	0	0	0	0	0	0	0	0	0	0	0	0.001	0	0.001	0	0.001	0	
LmtTime: 0.72
Lmt
0.110253	0.120424	0.102718	0.0742692	0.0757261	0.0796307	0.340374	0.37644	0.347738	0.18587	0.431311	0.14739	0.0940222	0.084277	0.155801	0.291114	0.423285	0.0666605	0.337424	0.180656	0.189862	0.209691	0.147996	0.191174	0.048899	0.0493147	0.115956	0.329905	0.154424	0.162902	0.176647	0.343658	0.34059	0.233404	0.269445	0.344719	0.336955	0.227832	0.165455	0.30926	0.138595	0.34039	0.316471	0.0935309	0.101749	0.0847974	0.0615737	0.0614832	0.0648322	0.31683	0.350167	0.326707	0.172637	0.435031	0.180931	0.11836	0.106029	0.171431	0.292261	0.426348	0.0856791	0.339863	0.162509	0.174593	0.207042	0.16016	0.20286	0.0597376	0.0511755	0.10554	0.363606	0.17596	0.185037	0.198794	0.321166	0.317996	0.221805	0.265299	0.340781	0.332352	0.235012	0.163223	0.306384	0.142719	0.346127	0.322842	0.103984	0.109067	0.165924	0.185582	0.230226	0.240359	
MomentArms on: hip_flexion_r
-0.00717784	0.00910127	-0.00376954	-0.00043927	-0.0347462	0.03351	0.0107493	0.0327862	0.0420808	0.0659908	0.0497356	
MomentArms on: knee_angle_r
-0.0249511	-0.0223367	-0.0213829	-0.0189764	-0.0188292	-0.00481394	-0.0278322	-0.0311604	0.0378497	0.0345496	0.0356104	0.0345843	
MomentArms on: ankle_angle_r
0.0246259	0.0268466	0.0171711	0.0300677	-0.0131673	-0.0159606	-0.0451262	-0.0442528	-0.00729913	-0.00900076	-0.0419282	-0.0134579	
External Torques: -6.24546 8.71587 -19.5728 
Current Torque on hip_flexion_r -5.92674
Current Torque on knee_angle_r 7.94159
Current Torque on ankle_angle_r -17.5706

----------------------------------------


EmgTime: 0.73
Adjusted EMG
0.159713	0.159613	0.159613	0.159547	0.159613	0.159613	0.229008	0.209483	0.211079	0.0450375	0.001	0.147063	0.148321	0.001	0.001	0.001	0.001	0.000997281	0.0565854	0.159613	0.159613	0.159613	0.001	0.001	0.001	0.001	0.001	0.119018	0.123834	0.12087	0.133283	0.174767	0.261947	0.174767	0.213972	0.0381428	0.001	0.0347486	0.001	0.0952958	0.001	0.0395031	0.0399342	0	0	0	0	0	0	0	0	0	0	0	0	0	0	0	0	0	0	0	0	0	0	0	0	0	0	0	0	0	0	0	0	0	0	0	0	0	0	0	0	0	0	0	0.001	0	0.001	0	0.001	0	
LmtTime: 0.73
Lmt
0.110375	0.12015	0.102166	0.0745286	0.0758314	0.0795236	0.339829	0.375753	0.34695	0.186207	0.432498	0.147912	0.0939866	0.0837115	0.155022	0.290091	0.424251	0.0670659	0.337257	0.179907	0.18894	0.20829	0.148778	0.191935	0.0481655	0.0489388	0.115589	0.330239	0.153924	0.162401	0.17613	0.344194	0.341134	0.233663	0.269528	0.344799	0.337054	0.227631	0.165501	0.309318	0.138481	0.340226	0.316291	0.0938292	0.102751	0.0861636	0.0615015	0.0616853	0.0653871	0.317407	0.350812	0.327978	0.17149	0.432439	0.179441	0.117946	0.106248	0.172193	0.294096	0.425017	0.0847919	0.338747	0.16438	0.176775	0.20974	0.158569	0.201301	0.0603237	0.0514856	0.106297	0.363408	0.177312	0.18645	0.20013	0.321137	0.317998	0.222464	0.265512	0.340991	0.332601	0.234599	0.163335	0.306517	0.142479	0.345784	0.322471	0.103956	0.108759	0.166504	0.185379	0.230627	0.240309	
MomentArms on: hip_flexion_r
-0.0069092	0.0101569	-0.00345342	0.0001436	-0.0341577	0.0337498	0.0113766	0.0331689	0.0423791	0.0653801	0.0498794	
MomentArms on: knee_angle_r
-0.0250276	-0.0224453	-0.0214151	-0.0189132	-0.0187631	-0.00493769	-0.0278974	-0.0319509	0.0378955	0.0345405	0.035639	0.0345667	
MomentArms on: ankle_angle_r
0.0246646	0.0268992	0.0171928	0.0301274	-0.0131123	-0.0159098	-0.0449938	-0.0441279	-0.00728029	-0.00898983	-0.0417773	-0.0134077	
External Torques: -5.15967 6.73934 -21.1989 
Current Torque on hip_flexion_r -4.64006
Current Torque on knee_angle_r 5.67434
Current Torque on ankle_angle_r -18.9845

----------------------------------------


EmgTime: 0.74
Adjusted EMG
0.138974	0.138871	0.138871	0.13833	0.138871	0.138871	0.198969	0.174483	0.181655	0.001	0.001	0.13879	0.140583	0.001	0.001	0.001	0.001	0.000997281	0.0662567	0.138871	0.138871	0.138871	0.001	0.001	0.001	0.001	0.001	0.104169	0.109127	0.106141	0.11931	0.15867	0.233678	0.161767	0.161781	0.0315866	0.001	0.0337663	0.001	0.0731181	0.001	0.0378679	0.038256	0	0	0	0	0	0	0	0	0	0	0	0	0	0	0	0	0	0	0	0	0	0	0	0	0	0	0	0	0	0	0	0	0	0	0	0	0	0	0	0	0	0	0	0.001	0	0.001	0	0.001	0	
LmtTime: 0.74
Lmt
0.110423	0.119794	0.101532	0.0747273	0.0758673	0.0793437	0.339352	0.375158	0.346225	0.186594	0.433655	0.148594	0.0940995	0.0832955	0.154353	0.28911	0.425122	0.0675613	0.337233	0.17909	0.187973	0.206923	0.149565	0.192699	0.0474955	0.0485554	0.115162	0.330479	0.153346	0.161822	0.175532	0.344714	0.341661	0.233864	0.269593	0.344862	0.337131	0.227473	0.165536	0.309363	0.138392	0.340097	0.316149	0.0942064	0.103829	0.0875985	0.0615021	0.0619614	0.0660093	0.318195	0.351696	0.32942	0.1705	0.429883	0.177784	0.117403	0.106368	0.172877	0.29591	0.423671	0.0838069	0.337716	0.166298	0.178975	0.212354	0.156919	0.199682	0.0608786	0.0517862	0.107095	0.362968	0.178471	0.187665	0.201268	0.321427	0.318328	0.223336	0.265793	0.341269	0.332931	0.234043	0.163483	0.306695	0.142158	0.345325	0.321974	0.103965	0.108392	0.167266	0.185029	0.231141	0.240189	
MomentArms on: hip_flexion_r
-0.00662317	0.0112734	-0.00303068	0.00083973	-0.033474	0.0339385	0.0120406	0.0335013	0.0426166	0.0646223	0.0500242	
MomentArms on: knee_angle_r
-0.0251087	-0.0225597	-0.0214471	-0.0187991	-0.018645	-0.00507305	-0.0279629	-0.0321928	0.0379282	0.0345038	0.0356349	0.0345191	
MomentArms on: ankle_angle_r
0.0246983	0.0269452	0.0172114	0.0301793	-0.0130637	-0.0158649	-0.0448752	-0.0440157	-0.00726356	-0.00897996	-0.0416435	-0.0133633	
External Torques: -4.26386 4.71882 -22.4724 
Current Torque on hip_flexion_r -3.58889
Current Torque on knee_angle_r 3.47583
Current Torque on ankle_angle_r -20.661

----------------------------------------


EmgTime: 0.75
Adjusted EMG
0.130059	0.129979	0.129979	0.128828	0.129979	0.129979	0.169298	0.143514	0.156877	0.001	0.001	0.132503	0.134456	0.001	0.001	0.001	0.001	0.000997281	0.0645053	0.129979	0.129979	0.129979	0.001	0.001	0.001	0.001	0.001	0.0954437	0.0997242	0.0972281	0.108833	0.141362	0.228327	0.144737	0.152228	0.0320431	0.001	0.0343193	0.001	0.0698263	0.001	0.0386941	0.0391227	0	0	0	0	0	0	0	0	0	0	0	0	0	0	0	0	0	0	0	0	0	0	0	0	0	0	0	0	0	0	0	0	0	0	0	0	0	0	0	0	0	0	0	0.001	0	0.001	0	0.001	0	
LmtTime: 0.75
Lmt
0.110394	0.119361	0.100827	0.0748642	0.0758368	0.079098	0.338906	0.374607	0.345528	0.187015	0.434806	0.14941	0.0943318	0.0830015	0.153767	0.288143	0.42592	0.0681327	0.337314	0.178211	0.18696	0.205567	0.150369	0.193476	0.0468955	0.0481797	0.11469	0.330667	0.152712	0.161188	0.174876	0.345199	0.34215	0.234002	0.269637	0.344905	0.337184	0.227364	0.165561	0.309393	0.138331	0.340009	0.316052	0.0946522	0.104945	0.0890454	0.0615746	0.0622977	0.0666708	0.319163	0.352786	0.330982	0.16968	0.427412	0.176035	0.116773	0.106415	0.173496	0.297676	0.422331	0.0827628	0.336818	0.168201	0.181128	0.214829	0.155257	0.198048	0.0613824	0.0520591	0.107897	0.362314	0.179427	0.188669	0.202203	0.321967	0.318911	0.224347	0.266119	0.341591	0.333314	0.233388	0.163655	0.306902	0.141779	0.344783	0.321387	0.104014	0.107996	0.168161	0.184536	0.231727	0.239998	
MomentArms on: hip_flexion_r
-0.00631186	0.0124379	-0.00252561	0.00161915	-0.0326867	0.0340526	0.0127337	0.0337542	0.0427727	0.063716	0.0501218	
MomentArms on: knee_angle_r
-0.0251872	-0.0226747	-0.0214745	-0.0186418	-0.0184831	-0.0052141	-0.0280223	-0.032449	0.0379497	0.0344508	0.0356028	0.0344512	
MomentArms on: ankle_angle_r
0.024728	0.026986	0.0172276	0.0302252	-0.0130203	-0.0158248	-0.0447675	-0.0439135	-0.00724852	-0.00897098	-0.0415233	-0.0133236	
External Torques: -3.59919 2.76746 -23.3746 
Current Torque on hip_flexion_r -2.90302
Current Torque on knee_angle_r 1.53775
Current Torque on ankle_angle_r -21.5476

----------------------------------------


EmgTime: 0.76
Adjusted EMG
0.131377	0.131315	0.131315	0.129298	0.131315	0.131315	0.141384	0.114408	0.135408	0.001	0.001	0.128598	0.130892	0.001	0.001	0.001	0.001	0.000997281	0.0993828	0.131315	0.131315	0.131315	0.001	0.001	0.001	0.001	0.001	0.091537	0.0952128	0.0931805	0.10314	0.124022	0.227619	0.127406	0.152351	0.0339456	0.001	0.0356833	0.001	0.0711947	0.001	0.0406898	0.0411896	0	0	0	0	0	0	0	0	0	0	0	0	0	0	0	0	0	0	0	0	0	0	0	0	0	0	0	0	0	0	0	0	0	0	0	0	0	0	0	0	0	0	0	0.001	0	0.001	0	0.001	0	
LmtTime: 0.76
Lmt
0.110288	0.118858	0.100066	0.0749398	0.0757442	0.0787943	0.33846	0.374062	0.344831	0.187455	0.435966	0.150337	0.0946577	0.0828062	0.153241	0.287172	0.426663	0.0687669	0.337468	0.177274	0.185899	0.204204	0.151195	0.194275	0.046371	0.0478245	0.114186	0.330836	0.152045	0.160521	0.174187	0.345632	0.342588	0.234073	0.26966	0.344927	0.337212	0.227308	0.165574	0.309409	0.138299	0.339963	0.316002	0.0951603	0.106066	0.0904579	0.0617205	0.0626854	0.0673504	0.320277	0.354046	0.332613	0.169037	0.425073	0.174263	0.116094	0.106408	0.174061	0.299367	0.421025	0.0816968	0.336089	0.170036	0.183174	0.217119	0.153628	0.196443	0.0618141	0.0522881	0.108673	0.361477	0.180409	0.189457	0.203118	0.322692	0.319678	0.225429	0.266467	0.341934	0.333723	0.232674	0.163841	0.307126	0.141368	0.344194	0.320748	0.104105	0.107601	0.169144	0.18391	0.232352	0.239737	
MomentArms on: hip_flexion_r
-0.00596957	0.0136302	-0.0019728	0.00244083	-0.0317982	0.0332439	0.0134446	0.0342955	0.0428344	0.0626751	0.0501316	
MomentArms on: knee_angle_r
-0.0252587	-0.0227931	-0.0214964	-0.0184664	-0.0183028	-0.00536273	-0.0280733	-0.0327044	0.0379717	0.0344047	0.0355641	0.0343846	
MomentArms on: ankle_angle_r
0.0247554	0.0270239	0.0172424	0.0302676	-0.0129798	-0.0157872	-0.0446653	-0.0438163	-0.00723439	-0.00896243	-0.0414107	-0.0132866	
External Torques: -3.15437 0.979093 -23.9131 
Current Torque on hip_flexion_r -2.38554
Current Torque on knee_angle_r -0.243461
Current Torque on ankle_angle_r -21.9524

----------------------------------------


EmgTime: 0.77
Adjusted EMG
0.140884	0.140837	0.140837	0.137654	0.140837	0.140837	0.116289	0.0868355	0.116288	0.001	0.001	0.127255	0.130088	0.001	0.001	0.001	0.001	0.000997281	0.122235	0.140837	0.140837	0.140837	0.001	0.001	0.001	0.001	0.001	0.0910713	0.0943589	0.0926871	0.101191	0.107777	0.21683	0.110951	0.145573	0.0336318	0.001	0.0374832	0.001	0.0694011	0.001	0.0429131	0.0434622	0	0	0	0	0	0	0	0	0	0	0	0	0	0	0	0	0	0	0	0	0	0	0	0	0	0	0	0	0	0	0	0	0	0	0	0	0	0	0	0	0	0	0	0.001	0	0.001	0	0.001	0	
LmtTime: 0.77
Lmt
0.110109	0.118293	0.0992589	0.0749561	0.0755942	0.0784404	0.337991	0.373492	0.344111	0.1879	0.437142	0.151352	0.0950558	0.0826916	0.152759	0.286186	0.427364	0.0694516	0.337672	0.176285	0.184795	0.202822	0.152046	0.195098	0.0459269	0.0475001	0.113662	0.331015	0.151365	0.159841	0.173484	0.346006	0.342965	0.234079	0.269662	0.344929	0.337214	0.227303	0.165575	0.309411	0.138297	0.33996	0.315998	0.0957271	0.107169	0.0918009	0.0619427	0.0631189	0.0680332	0.321506	0.355441	0.334266	0.168573	0.422907	0.172529	0.115401	0.106363	0.174576	0.300961	0.419783	0.0806429	0.335556	0.171764	0.185072	0.219191	0.152071	0.194906	0.0621538	0.0524587	0.109399	0.360489	0.180998	0.190025	0.203682	0.32354	0.320564	0.22652	0.266818	0.342278	0.334137	0.231939	0.164028	0.307353	0.140945	0.343589	0.320091	0.104238	0.107228	0.170174	0.183164	0.232983	0.23941	
MomentArms on: hip_flexion_r
-0.00559345	0.0148251	-0.00141512	0.00325606	-0.0308227	0.0340908	0.0141583	0.0348628	0.0427988	0.0615287	0.050026	
MomentArms on: knee_angle_r
-0.0253185	-0.0229072	-0.0215106	-0.0182839	-0.0181155	-0.00551004	-0.028112	-0.0329431	0.0379886	0.0343648	0.035517	0.0343197	
MomentArms on: ankle_angle_r
0.0247826	0.0270616	0.0172568	0.0303097	-0.0129392	-0.0157495	-0.0445618	-0.0437177	-0.00722019	-0.00895373	-0.0412974	-0.0132494	
External Torques: -2.88105 -0.581877 -24.1183 
Current Torque on hip_flexion_r -1.9974
Current Torque on knee_angle_r -1.86562
Current Torque on ankle_angle_r -22.1235

----------------------------------------


EmgTime: 0.78
Adjusted EMG
0.156384	0.156353	0.156353	0.151897	0.156353	0.156353	0.0947409	0.0637831	0.0947402	0.001	0.001	0.128328	0.131787	0.001	0.001	0.001	0.001	0.000997281	0.152635	0.156353	0.156353	0.156353	0.001	0.001	0.001	0.001	0.001	0.0927555	0.0955221	0.0943083	0.100613	0.0936634	0.201073	0.0964649	0.134783	0.0318081	0.001	0.039114	0.001	0.0654083	0.001	0.0447363	0.0453096	0	0	0	0	0	0	0	0	0	0	0	0	0	0	0	0	0	0	0	0	0	0	0	0	0	0	0	0	0	0	0	0	0	0	0	0	0	0	0	0	0	0	0	0.001	0	0.001	0	0.001	0	
LmtTime: 0.78
Lmt
0.109859	0.117674	0.0984193	0.0749154	0.0753918	0.0780438	0.337483	0.372895	0.343356	0.188337	0.438335	0.152437	0.0955093	0.082645	0.152312	0.285179	0.428029	0.0701755	0.337906	0.175252	0.183651	0.201417	0.15292	0.195945	0.045568	0.0472149	0.113128	0.331225	0.150691	0.159167	0.172789	0.346314	0.343275	0.234024	0.269644	0.344912	0.337193	0.227347	0.165565	0.309398	0.138321	0.339995	0.316037	0.0963506	0.108238	0.0930491	0.0622431	0.0635947	0.0687091	0.322823	0.356941	0.335905	0.168288	0.42095	0.170887	0.11472	0.106291	0.175043	0.30244	0.418631	0.0796302	0.335235	0.173357	0.186792	0.221025	0.150621	0.193468	0.0623849	0.0525597	0.110061	0.359376	0.181361	0.190373	0.204031	0.324462	0.321518	0.227572	0.267156	0.34261	0.334536	0.231216	0.164209	0.307574	0.14053	0.342994	0.319444	0.10441	0.106894	0.171219	0.182316	0.233597	0.239026	
MomentArms on: hip_flexion_r
-0.00518371	0.015996	-0.00089915	0.00401419	-0.0297842	0.034635	0.0148585	0.0351281	0.0426741	0.0603181	0.049792	
MomentArms on: knee_angle_r
-0.0253644	-0.0230104	-0.0215166	-0.0181074	-0.0179345	-0.00564748	-0.0281375	-0.033153	0.0379959	0.0343285	0.0354619	0.0342565	
MomentArms on: ankle_angle_r
0.0248115	0.0271018	0.017272	0.0303543	-0.0128956	-0.0157089	-0.0444498	-0.0436113	-0.00720485	-0.00894425	-0.0411753	-0.0132095	
External Torques: -2.72488 -1.89042 -24.0403 
Current Torque on hip_flexion_r -1.72492
Current Torque on knee_angle_r -3.20009
Current Torque on ankle_angle_r -22.0998

----------------------------------------


EmgTime: 0.79
Adjusted EMG
0.175763	0.175747	0.175747	0.170165	0.175747	0.175747	0.0771288	0.0471477	0.0771311	0.001	0.001	0.131312	0.135413	0.001	0.001	0.001	0.001	0.000997281	0.187644	0.175747	0.175747	0.175747	0.001	0.001	0.001	0.001	0.001	0.0954942	0.0976141	0.0969112	0.100188	0.0825898	0.184762	0.084874	0.122722	0.0292704	0.001	0.0403063	0.001	0.060266	0.001	0.0459259	0.0465013	0	0	0	0	0	0	0	0	0	0	0	0	0	0	0	0	0	0	0	0	0	0	0	0	0	0	0	0	0	0	0	0	0	0	0	0	0	0	0	0	0	0	0	0.001	0	0.001	0	0.001	0	
LmtTime: 0.79
Lmt
0.109543	0.117009	0.0975587	0.0748206	0.075142	0.077612	0.336928	0.372219	0.34256	0.188757	0.439538	0.153574	0.0960052	0.0826585	0.151898	0.284154	0.428661	0.0709281	0.338159	0.174183	0.182473	0.199991	0.153813	0.196811	0.0452988	0.0469752	0.112594	0.331477	0.150037	0.158515	0.172117	0.346557	0.343518	0.233918	0.26961	0.344879	0.337152	0.22743	0.165546	0.309374	0.138368	0.340063	0.316112	0.0970286	0.109262	0.0941856	0.0626225	0.0641097	0.069371	0.32421	0.358528	0.337505	0.168184	0.419225	0.169374	0.114077	0.106198	0.175465	0.303791	0.417592	0.0786823	0.335138	0.174798	0.188316	0.222612	0.149302	0.192155	0.0624953	0.0525829	0.110646	0.358159	0.181495	0.190501	0.20416	0.325422	0.3225	0.228549	0.26747	0.342917	0.334907	0.23053	0.164378	0.307782	0.140137	0.342431	0.318831	0.104616	0.10661	0.172254	0.181386	0.234176	0.238595	
MomentArms on: hip_flexion_r
-0.00474324	0.0171191	-0.00046918	0.00466934	-0.028713	0.0349317	0.0155292	0.0351698	0.0424784	0.0590907	0.0494308	
MomentArms on: knee_angle_r
-0.0253968	-0.0230976	-0.0215156	-0.0179499	-0.0177731	-0.00576723	-0.0281513	-0.0333256	0.0379927	0.0342947	0.0354026	0.0341968	
MomentArms on: ankle_angle_r
0.0248435	0.0271467	0.0172886	0.0304039	-0.0128465	-0.0156633	-0.0443235	-0.0434915	-0.00718751	-0.00893338	-0.0410374	-0.0131646	
External Torques: -2.64259 -2.94816 -23.7418 
Current Torque on hip_flexion_r -1.54857
Current Torque on knee_angle_r -4.21153
Current Torque on ankle_angle_r -21.9108

----------------------------------------


EmgTime: 0.8
Adjusted EMG
0.197138	0.197132	0.197132	0.190316	0.197132	0.197132	0.0635496	0.0333142	0.0635526	0.001	0.001	0.135247	0.140315	0.001	0.001	0.001	0.001	0.000997281	0.202142	0.197132	0.197132	0.197132	0.001	0.001	0.001	0.001	0.001	0.0984516	0.100018	0.0997786	0.0984492	0.0753337	0.166516	0.0770284	0.109581	0.0261433	0.001	0.0412116	0.001	0.0542858	0.001	0.0466077	0.0471637	0	0	0	0	0	0	0	0	0	0	0	0	0	0	0	0	0	0	0	0	0	0	0	0	0	0	0	0	0	0	0	0	0	0	0	0	0	0	0	0	0	0	0	0.001	0	0.001	0	0.001	0	
LmtTime: 0.8
Lmt
0.109165	0.116308	0.096689	0.0746748	0.0748499	0.0771523	0.336325	0.371495	0.341724	0.189152	0.440741	0.154749	0.0965339	0.0827276	0.151516	0.283118	0.429259	0.0716998	0.338423	0.17309	0.181272	0.198553	0.154719	0.19769	0.0451231	0.0467856	0.112069	0.331778	0.149417	0.157895	0.171482	0.346738	0.343699	0.23377	0.269563	0.344833	0.337095	0.227547	0.16552	0.309341	0.138434	0.340158	0.316216	0.0977581	0.110234	0.0952003	0.0630791	0.0646607	0.070014	0.325657	0.36019	0.339057	0.168259	0.417747	0.16802	0.113487	0.106091	0.175842	0.30501	0.416683	0.0778166	0.335273	0.176078	0.189637	0.223954	0.148129	0.190983	0.0624777	0.0525229	0.111147	0.356849	0.181398	0.190409	0.204066	0.326396	0.323487	0.22943	0.267752	0.343194	0.335241	0.229901	0.164531	0.30797	0.139778	0.341915	0.318268	0.104849	0.106378	0.173263	0.180395	0.234708	0.23813	
MomentArms on: hip_flexion_r
-0.00427676	0.0181762	-0.00016151	0.00518609	-0.0274703	0.0350498	0.0161568	0.0350696	0.0422351	0.0578934	0.048954	
MomentArms on: knee_angle_r
-0.0254178	-0.0231652	-0.0230699	-0.0178229	-0.0176432	-0.00586262	-0.0281566	-0.0334558	0.037982	0.0342645	0.0353465	0.0341446	
MomentArms on: ankle_angle_r
0.0248796	0.0271975	0.0173069	0.0304598	-0.0127905	-0.015611	-0.0441792	-0.043355	-0.00716758	-0.00892073	-0.0408791	-0.0131132	
External Torques: -2.56722 -3.76177 -23.2937 
Current Torque on hip_flexion_r -1.3255
Current Torque on knee_angle_r -5.01206
Current Torque on ankle_angle_r -21.6207

----------------------------------------


EmgTime: 0.81
Adjusted EMG
0.218954	0.218954	0.218954	0.211798	0.218954	0.218954	0.0538311	0.0262128	0.0538337	0.001	0.001	0.139538	0.145219	0.001	0.001	0.001	0.001	0.000997281	0.236174	0.218954	0.218954	0.218954	0.001	0.001	0.001	0.001	0.001	0.101067	0.10192	0.102159	0.101067	0.0725475	0.15181	0.0736616	0.0947998	0.022444	0.001	0.0422706	0.001	0.047195	0.001	0.0471861	0.0476947	0	0	0	0	0	0	0	0	0	0	0	0	0	0	0	0	0	0	0	0	0	0	0	0	0	0	0	0	0	0	0	0	0	0	0	0	0	0	0	0	0	0	0	0.001	0	0.001	0	0.001	0	
LmtTime: 0.81
Lmt
0.10873	0.115581	0.095822	0.0744814	0.0745206	0.0766718	0.335678	0.370729	0.340855	0.189517	0.441933	0.155948	0.097088	0.08285	0.151171	0.282081	0.429819	0.0724815	0.338696	0.171983	0.180059	0.197116	0.155627	0.198573	0.0450434	0.0466495	0.111561	0.332125	0.148838	0.157317	0.17089	0.346866	0.343826	0.233593	0.269506	0.344778	0.337027	0.227685	0.165488	0.309302	0.138512	0.34027	0.316339	0.0985356	0.111151	0.0960888	0.0636095	0.0652443	0.0706346	0.327165	0.361928	0.340558	0.168518	0.416523	0.166843	0.112964	0.105974	0.176177	0.306096	0.415911	0.0770447	0.335644	0.177197	0.190757	0.22506	0.147112	0.18996	0.0623294	0.0523769	0.111562	0.355445	0.181068	0.190092	0.203749	0.327371	0.324467	0.230201	0.267999	0.343435	0.335535	0.22934	0.164665	0.308136	0.139458	0.341456	0.317767	0.105102	0.106199	0.174235	0.179365	0.235188	0.237644	
MomentArms on: hip_flexion_r
-0.00378978	0.0191567	-4.4e-07	0.00554285	-0.0264135	0.0350557	0.0167313	0.0348971	0.0419691	0.0567654	0.0483784	
MomentArms on: knee_angle_r
-0.0254304	-0.0232107	-0.0231159	-0.0177354	-0.017554	-0.0059284	-0.0281573	-0.0335411	0.0379696	0.0342412	0.0353027	0.0341056	
MomentArms on: ankle_angle_r
0.0249196	0.0272545	0.0173268	0.0305219	-0.0127271	-0.0155517	-0.0440161	-0.0432009	-0.0071449	-0.00890613	-0.0406993	-0.0130551	
External Torques: -2.44865 -4.35154 -22.7667 
Current Torque on hip_flexion_r -1.17464
Current Torque on knee_angle_r -5.44191
Current Torque on ankle_angle_r -21.3051

----------------------------------------


EmgTime: 0.82
Adjusted EMG
0.240007	0.240007	0.240007	0.233253	0.240007	0.240007	0.0475907	0.023214	0.0475907	0.001	0.001	0.14334	0.149307	0.001	0.001	0.001	0.001	0.000997281	0.251155	0.240007	0.240007	0.240007	0.001	0.001	0.001	0.001	0.001	0.103038	0.103038	0.103902	0.103037	0.0747505	0.137301	0.0747512	0.0775635	0.0180637	0.001	0.0441011	0.001	0.0386129	0.001	0.0482386	0.0486696	0	0	0	0	0	0	0	0	0	0	0	0	0	0	0	0	0	0	0	0	0	0	0	0	0	0	0	0	0	0	0	0	0	0	0	0	0	0	0	0	0	0	0	0.001	0	0.001	0	0.001	0	
LmtTime: 0.82
Lmt
0.108245	0.114836	0.0949688	0.0742441	0.0741596	0.0761777	0.334995	0.36993	0.339965	0.18985	0.443099	0.157159	0.0976615	0.0830242	0.150867	0.281055	0.430337	0.0732648	0.338978	0.170874	0.178846	0.195696	0.156529	0.199451	0.0450603	0.0465685	0.111078	0.332513	0.148304	0.156784	0.170347	0.346951	0.343909	0.233399	0.269444	0.344717	0.336953	0.227836	0.165454	0.309259	0.138597	0.340393	0.316474	0.0993568	0.112009	0.0968503	0.0642088	0.0658565	0.0712305	0.328741	0.363754	0.342022	0.168963	0.415551	0.16585	0.112513	0.105847	0.176469	0.307054	0.415278	0.0763725	0.336254	0.178158	0.191684	0.225945	0.146252	0.189089	0.0620507	0.0521439	0.111888	0.353943	0.180502	0.189547	0.203207	0.328346	0.325438	0.230859	0.26821	0.343641	0.335786	0.228854	0.16478	0.308279	0.139182	0.341058	0.317333	0.105363	0.106066	0.175165	0.178317	0.235614	0.23715	
MomentArms on: hip_flexion_r
-0.00328747	0.0200577	3.11e-06	0.00573231	-0.0254065	0.0350029	0.0172472	0.0347038	0.0417018	0.0557345	0.0477221	
MomentArms on: knee_angle_r
-0.0254367	-0.0232331	-0.0231099	-0.0176933	-0.0175112	-0.00596108	-0.0281566	-0.0335809	0.0379614	0.0342288	0.0352792	0.0340851	
MomentArms on: ankle_angle_r
0.0249628	0.0273165	0.0173478	0.030589	-0.0126574	-0.0154864	-0.0438364	-0.0430315	-0.00711977	-0.00888971	-0.0405003	-0.012991	
External Torques: -2.26951 -4.7546 -22.2256 
Current Torque on hip_flexion_r -1.04554
Current Torque on knee_angle_r -5.67211
Current Torque on ankle_angle_r -21.0355

----------------------------------------


EmgTime: 0.83
Adjusted EMG
0.25939	0.259382	0.259382	0.249663	0.259382	0.259382	0.0443241	0.0167965	0.0443241	0.001	0.001	0.143044	0.152893	0.001	0.001	0.001	0.001	0.000997281	0.340342	0.259382	0.259382	0.259382	0.001	0.001	0.001	0.001	0.001	0.104287	0.104287	0.105166	0.104287	0.0823095	0.118399	0.08231	0.0583734	0.0132419	0.001	0.0472643	0.001	0.0289107	0.001	0.050393	0.0507213	0	0	0	0	0	0	0	0	0	0	0	0	0	0	0	0	0	0	0	0	0	0	0	0	0	0	0	0	0	0	0	0	0	0	0	0	0	0	0	0	0	0	0	0.001	0	0.001	0	0.001	0	
LmtTime: 0.83
Lmt
0.107717	0.114084	0.0941401	0.0739675	0.0737724	0.0756768	0.33429	0.369112	0.339067	0.190151	0.444229	0.158369	0.0982488	0.0832479	0.150607	0.280052	0.430809	0.074042	0.33927	0.169776	0.177646	0.19431	0.157416	0.200316	0.0451715	0.0465425	0.110626	0.332932	0.147817	0.156299	0.169854	0.347005	0.343961	0.233202	0.26938	0.344656	0.336877	0.227989	0.165419	0.309215	0.138684	0.340518	0.316611	0.100217	0.112809	0.0974877	0.0648715	0.0664937	0.0718004	0.330398	0.365682	0.343465	0.169602	0.414826	0.16504	0.112137	0.105712	0.176721	0.307888	0.414782	0.0758011	0.337107	0.17897	0.19243	0.226625	0.145548	0.188369	0.0616446	0.0518246	0.112127	0.352326	0.179519	0.188765	0.202292	0.329325	0.326408	0.231408	0.268386	0.343812	0.335995	0.228444	0.164876	0.308399	0.138949	0.340723	0.316967	0.105625	0.105973	0.176051	0.177273	0.235988	0.236663	
MomentArms on: hip_flexion_r
-0.00277389	0.0208831	-0.00014942	0.00575957	-0.0244589	0.0349292	0.0177032	0.034522	0.041449	0.0548138	0.0470013	
MomentArms on: knee_angle_r
-0.0254383	-0.0232317	-0.0230494	-0.0176988	-0.0175174	-0.00595913	-0.0281564	-0.033575	0.0379612	0.0342295	0.0352807	0.0340864	
MomentArms on: ankle_angle_r
0.0250076	0.0273815	0.0173689	0.0306587	-0.0125834	-0.015417	-0.0436454	-0.0428518	-0.00709292	-0.00887188	-0.040288	-0.0129231	
External Torques: -2.03172 -5.01675 -21.7273 
Current Torque on hip_flexion_r -0.182468
Current Torque on knee_angle_r -6.01493
Current Torque on ankle_angle_r -20.8497

----------------------------------------


EmgTime: 0.84
Adjusted EMG
0.27642	0.276401	0.276401	0.268826	0.276401	0.276401	0.0434171	0.016143	0.0434171	0.001	0.001	0.14422	0.153229	0.001	0.001	0.001	0.001	0.000997281	0.28865	0.276401	0.276401	0.276401	0.001	0.001	0.001	0.001	0.001	0.104915	0.104915	0.1057	0.104914	0.0954095	0.109635	0.0954095	0.0397642	0.00869921	0.001	0.0521137	0.001	0.0194626	0.001	0.0542113	0.054433	0	0	0	0	0	0	0	0	0	0	0	0	0	0	0	0	0	0	0	0	0	0	0	0	0	0	0	0	0	0	0	0	0	0	0	0	0	0	0	0	0	0	0	0.001	0	0.001	0	0.001	0	
LmtTime: 0.84
Lmt
0.107153	0.113334	0.0933451	0.0736569	0.0733651	0.0751761	0.333573	0.368288	0.338174	0.19042	0.445312	0.159568	0.0988442	0.0835173	0.150395	0.279083	0.431233	0.074806	0.339574	0.1687	0.176471	0.192972	0.158279	0.201158	0.0453715	0.0465696	0.110209	0.333371	0.147375	0.155858	0.169409	0.347042	0.343996	0.233011	0.269319	0.344596	0.336804	0.228136	0.165386	0.309173	0.138767	0.340638	0.316743	0.101113	0.113551	0.098006	0.065592	0.0671528	0.072344	0.332151	0.367733	0.34491	0.17044	0.414337	0.164407	0.111832	0.105566	0.176932	0.308606	0.414416	0.0753273	0.338199	0.179642	0.193009	0.227119	0.144991	0.187793	0.0611147	0.0514203	0.112281	0.350577	0.178542	0.187739	0.201337	0.33032	0.327389	0.231854	0.268529	0.343952	0.336166	0.228107	0.164954	0.308496	0.138758	0.340448	0.316665	0.105877	0.105913	0.17689	0.176256	0.236314	0.236195	
MomentArms on: hip_flexion_r
-0.00225154	0.0216414	-0.00044685	0.00563903	-0.0235696	0.034857	0.0181013	0.0343681	0.0412188	0.0540029	0.0462283	
MomentArms on: knee_angle_r
-0.025435	-0.023207	-0.0229332	-0.0177512	-0.0175716	-0.00592291	-0.0281566	-0.0335239	0.0379687	0.0342433	0.0353065	0.0341089	
MomentArms on: ankle_angle_r
0.0250521	0.0274468	0.0173893	0.030728	-0.0125083	-0.0153463	-0.0434509	-0.0426689	-0.00706545	-0.00885336	-0.0400711	-0.012854	
External Torques: -1.73921 -5.18428 -21.3218 
Current Torque on hip_flexion_r -0.184818
Current Torque on knee_angle_r -6.1422
Current Torque on ankle_angle_r -20.7446

----------------------------------------


EmgTime: 0.85
Adjusted EMG
0.290558	0.290526	0.290526	0.284531	0.290526	0.290526	0.0442362	0.0229632	0.0442362	0.001	0.001	0.143188	0.151676	0.001	0.001	0.001	0.001	0.000997281	0.286295	0.290526	0.290526	0.290526	0.001	0.001	0.001	0.001	0.001	0.105148	0.105148	0.105696	0.105148	0.113993	0.11412	0.113993	0.021861	0.00456154	0.001	0.059018	0.001	0.010535	0.001	0.0601309	0.0602495	0	0	0	0	0	0	0	0	0	0	0	0	0	0	0	0	0	0	0	0	0	0	0	0	0	0	0	0	0	0	0	0	0	0	0	0	0	0	0	0	0	0	0	0.001	0	0.001	0	0.001	0	
LmtTime: 0.85
Lmt
0.106562	0.112593	0.0925914	0.0733185	0.0729443	0.0746819	0.332857	0.367472	0.337298	0.190662	0.446341	0.160746	0.0994419	0.0838267	0.15023	0.278155	0.431609	0.0755506	0.339891	0.167654	0.17533	0.191695	0.159112	0.201973	0.0456519	0.0466461	0.109832	0.333821	0.146975	0.155459	0.169008	0.347074	0.344026	0.232838	0.269264	0.344542	0.336738	0.22827	0.165355	0.309134	0.138843	0.340747	0.316862	0.102042	0.114239	0.0984118	0.0663651	0.0678313	0.072862	0.334015	0.369924	0.346383	0.171485	0.414071	0.163938	0.111592	0.105405	0.1771	0.309213	0.414172	0.0749445	0.339527	0.180187	0.193437	0.227442	0.144574	0.187354	0.0604653	0.0509334	0.112354	0.348675	0.177318	0.186457	0.200136	0.331342	0.328397	0.232206	0.268642	0.344062	0.3363	0.227839	0.165016	0.308574	0.138606	0.340229	0.316425	0.106109	0.105876	0.177679	0.175288	0.236594	0.23576	
MomentArms on: hip_flexion_r
-0.00172131	0.0223439	-0.00087152	0.00539086	-0.0227288	0.0347962	0.0184463	0.0342467	0.0410127	0.0532895	0.0454116	
MomentArms on: knee_angle_r
-0.025425	-0.0231595	-0.0227619	-0.0178467	-0.0176701	-0.00585454	-0.0281556	-0.0334282	0.03798	0.0342672	0.0353516	0.0341492	
MomentArms on: ankle_angle_r
0.0250941	0.0275092	0.0174078	0.0307937	-0.0124356	-0.0152777	-0.0432622	-0.0424917	-0.00703866	-0.00883503	-0.03986	-0.012787	
External Torques: -1.37564 -5.29218 -21.0531 
Current Torque on hip_flexion_r -0.0237877
Current Torque on knee_angle_r -6.02098
Current Torque on ankle_angle_r -20.7508

----------------------------------------


EmgTime: 0.86
Adjusted EMG
0.301371	0.301328	0.301328	0.296803	0.301328	0.301328	0.0461212	0.0348003	0.0461212	0.001	0.001	0.14055	0.148238	0.001	0.001	0.001	0.001	0.000997281	0.304274	0.301328	0.301328	0.301328	0.001	0.001	0.001	0.001	0.001	0.105275	0.105275	0.105534	0.105275	0.1377	0.130367	0.1377	0.00424991	0.001	0.001	0.0681566	0.001	0.0020071	0.001	0.0683638	0.0683861	0	0	0	0	0	0	0	0	0	0	0	0	0	0	0	0	0	0	0	0	0	0	0	0	0	0	0	0	0	0	0	0	0	0	0	0	0	0	0	0	0	0	0	0.001	0	0.001	0	0.001	0	
LmtTime: 0.86
Lmt
0.105953	0.11187	0.0918842	0.072959	0.0725164	0.0741998	0.332151	0.366675	0.336449	0.190879	0.447313	0.161893	0.100036	0.0841687	0.15011	0.277274	0.43194	0.0762708	0.340219	0.166647	0.17423	0.190485	0.159911	0.202755	0.0460014	0.0467669	0.109497	0.334271	0.146613	0.155098	0.168646	0.34711	0.34406	0.232689	0.269216	0.344496	0.33668	0.228384	0.165329	0.309101	0.138907	0.34084	0.316964	0.102999	0.114876	0.0987129	0.067186	0.0685277	0.073356	0.336002	0.372269	0.347905	0.172739	0.414013	0.163615	0.111407	0.105223	0.177221	0.309716	0.414043	0.0746436	0.341078	0.180615	0.193729	0.227607	0.144286	0.187042	0.0597003	0.0503667	0.112351	0.346602	0.17584	0.184912	0.198674	0.332404	0.329447	0.232474	0.268728	0.344145	0.336403	0.227633	0.165063	0.308633	0.13849	0.340061	0.316242	0.106312	0.105858	0.178413	0.174389	0.236833	0.235369	
MomentArms on: hip_flexion_r
-0.00118284	0.0230025	-0.00140247	0.00503783	-0.0220588	0.0347484	0.0187441	0.0341542	0.0408264	0.0526531	0.0445567	
MomentArms on: knee_angle_r
-0.0254058	-0.0230907	-0.0214111	-0.0179791	-0.0178063	-0.00575754	-0.0281503	-0.0332891	0.0379894	0.0342976	0.0354078	0.0342019	
MomentArms on: ankle_angle_r
0.0251318	0.0275657	0.0174239	0.0308526	-0.012369	-0.0152148	-0.043089	-0.0423292	-0.00701396	-0.00881791	-0.0396656	-0.0127256	
External Torques: -0.910988 -5.36645 -20.9567 
Current Torque on hip_flexion_r 0.228855
Current Torque on knee_angle_r -5.74666
Current Torque on ankle_angle_r -20.9013

----------------------------------------


EmgTime: 0.87
Adjusted EMG
0.308521	0.308473	0.308473	0.305363	0.308473	0.308473	0.0484298	0.0405278	0.0484298	0.001	0.001	0.136942	0.143302	0.001	0.001	0.001	0.001	0.000997281	0.272448	0.308473	0.308473	0.308473	0.001	0.001	0.001	0.001	0.001	0.105585	0.105585	0.105744	0.105585	0.165813	0.150835	0.165813	0.001	0.001	0.001	0.0792604	0.001	0.001	0.0315673	0.0788119	0.0787631	0	0	0	0	0	0	0	0	0	0	0	0	0	0	0	0	0	0	0	0	0	0	0	0	0	0	0	0	0	0	0	0	0	0	0	0	0	0	0	0	0	0	0	0.001	0	0.001	0	0.001	0	
LmtTime: 0.87
Lmt
0.105334	0.111171	0.0912262	0.0725855	0.0720877	0.0737344	0.331462	0.365903	0.335632	0.191074	0.448226	0.163004	0.10062	0.0845349	0.150029	0.276441	0.432231	0.0769632	0.340558	0.165684	0.173177	0.189345	0.160673	0.203502	0.0464072	0.0469253	0.109203	0.334715	0.146284	0.15477	0.168319	0.34716	0.344109	0.232569	0.269177	0.344458	0.336635	0.228476	0.165308	0.309075	0.138959	0.340915	0.317046	0.103982	0.115464	0.0989172	0.0680501	0.0692402	0.0738278	0.338113	0.374772	0.349495	0.1742	0.414145	0.163418	0.111264	0.105012	0.177289	0.310116	0.414021	0.0744136	0.342831	0.18094	0.193901	0.227627	0.144117	0.186847	0.0588235	0.0497237	0.112276	0.344342	0.174099	0.183099	0.196942	0.333514	0.330552	0.232667	0.268789	0.344205	0.336477	0.227485	0.165097	0.308675	0.138406	0.33994	0.316109	0.10648	0.105855	0.179084	0.173579	0.237031	0.235033	
MomentArms on: hip_flexion_r
-0.00063508	0.0236283	-0.00201799	0.00460296	-0.0212371	0.0347095	0.0190012	0.0340823	0.0406516	0.0520685	0.0436667	
MomentArms on: knee_angle_r
-0.0253747	-0.0230021	-0.0213748	-0.0181401	-0.017972	-0.00563633	-0.0281372	-0.0331086	0.0379912	0.0343315	0.0354668	0.0342618	
MomentArms on: ankle_angle_r
0.0251634	0.0276137	0.0174369	0.0309021	-0.0123118	-0.0151607	-0.0429404	-0.0421902	-0.00699266	-0.00880298	-0.0394981	-0.0126729	
External Torques: -0.317363 -5.43056 -21.0597 
Current Torque on hip_flexion_r 0.567629
Current Torque on knee_angle_r -5.69242
Current Torque on ankle_angle_r -21.1797

----------------------------------------


EmgTime: 0.88
Adjusted EMG
0.311767	0.311723	0.311723	0.309873	0.311723	0.311723	0.0505644	0.0473342	0.0505644	0.0296959	0.001	0.132904	0.137452	0.001	0.001	0.001	0.001	0.000997281	0.24361	0.311723	0.311723	0.311723	0.001	0.001	0.001	0.001	0.001	0.106315	0.106316	0.106373	0.106316	0.197226	0.18144	0.197225	0.001	0.001	0.001	0.0919418	0.001	0.001	0.0542226	0.0910846	0.09099	0	0	0	0	0	0	0	0	0	0	0	0	0	0	0	0	0	0	0	0	0	0	0	0	0	0	0	0	0	0	0	0	0	0	0	0	0	0	0	0	0	0	0	0.001	0	0.001	0	0.001	0	
LmtTime: 0.88
Lmt
0.104712	0.110498	0.0906172	0.0722047	0.0716635	0.0732889	0.330794	0.365159	0.33485	0.19125	0.449083	0.164075	0.10119	0.0849168	0.149982	0.275655	0.432487	0.0776261	0.340905	0.164764	0.172171	0.188273	0.1614	0.204215	0.0468561	0.0471142	0.108947	0.335149	0.145985	0.154471	0.168023	0.347227	0.344175	0.232482	0.269149	0.344431	0.336601	0.228542	0.165292	0.309056	0.138997	0.340969	0.317105	0.104988	0.116006	0.0990331	0.068952	0.069967	0.0742792	0.340341	0.377424	0.351161	0.175857	0.414444	0.163327	0.111149	0.104762	0.177299	0.310415	0.414095	0.0742425	0.344753	0.181173	0.193967	0.22751	0.144056	0.186759	0.0578396	0.0490091	0.112136	0.341891	0.172095	0.181022	0.194935	0.334669	0.331713	0.232792	0.268829	0.344244	0.336525	0.227388	0.165119	0.308703	0.138351	0.339861	0.316022	0.106607	0.105865	0.179683	0.172877	0.23719	0.234761	
MomentArms on: hip_flexion_r
-7.691e-05	0.0242305	-0.00269732	0.00410778	-0.0204038	0.034673	0.0192234	0.0340213	0.0404783	0.0515092	0.0427439	
MomentArms on: knee_angle_r
-0.0253292	-0.0228963	-0.0213268	-0.0183202	-0.0181575	-0.00549586	-0.028113	-0.0328898	0.0379827	0.0343685	0.035522	0.034326	
MomentArms on: ankle_angle_r
0.0251879	0.0276511	0.0174467	0.0309405	-0.0122669	-0.0151181	-0.042824	-0.0420816	-0.00697583	-0.00879109	-0.039366	-0.0126315	
External Torques: 0.428526 -5.5027 -21.3784 
Current Torque on hip_flexion_r 1.02865
Current Torque on knee_angle_r -5.60856
Current Torque on ankle_angle_r -21.6078

----------------------------------------


EmgTime: 0.89
Adjusted EMG
0.311002	0.310976	0.310976	0.310235	0.310976	0.310976	0.052025	0.0535342	0.052025	0.0615635	0.001	0.129193	0.131403	0.001	0.001	0.001	0.001	0.000997281	0.207652	0.310976	0.310976	0.310976	0.001	0.001	0.001	0.001	0.001	0.107615	0.107618	0.107595	0.107618	0.230325	0.216228	0.230325	0.001	0.001	0.001	0.105702	0.001	0.001	0.0674673	0.104564	0.104436	0	0	0	0	0	0	0	0	0	0	0	0	0	0	0	0	0	0	0	0	0	0	0	0	0	0	0	0	0	0	0	0	0	0	0	0	0	0	0	0	0	0	0	0.001	0	0.001	0	0.001	0	
LmtTime: 0.89
Lmt
0.104094	0.109853	0.0900539	0.0718227	0.0712479	0.0728646	0.330146	0.364442	0.334098	0.191408	0.449889	0.165104	0.101743	0.0853073	0.149961	0.274912	0.432717	0.0782596	0.341257	0.163886	0.171209	0.18726	0.162094	0.204896	0.0473354	0.047326	0.108727	0.335576	0.145712	0.154198	0.167754	0.347314	0.344262	0.232427	0.269132	0.344414	0.33658	0.228584	0.165283	0.309044	0.13902	0.341003	0.317143	0.10601	0.116505	0.0990686	0.069885	0.0707052	0.0747115	0.342661	0.380198	0.352901	0.177683	0.414885	0.163318	0.111047	0.104464	0.177241	0.310613	0.41425	0.0741175	0.3468	0.181323	0.193942	0.227265	0.144093	0.186769	0.0567543	0.0482292	0.111936	0.339258	0.16984	0.178695	0.19266	0.335854	0.332917	0.232856	0.26885	0.344264	0.336549	0.227338	0.165131	0.308717	0.138323	0.33982	0.315978	0.106689	0.105889	0.1802	0.172294	0.237306	0.234559	
MomentArms on: hip_flexion_r
0.00049222	0.0248152	-0.00342161	0.00357151	-0.0195421	0.0346317	0.0194158	0.0339615	0.0402963	0.0509509	0.0417906	
MomentArms on: knee_angle_r
-0.0252679	-0.0227761	-0.0212658	-0.0185095	-0.0183525	-0.00534119	-0.0280753	-0.0326373	0.0379643	0.034411	0.0355702	0.0343941	
MomentArms on: ankle_angle_r
0.0252044	0.0276767	0.0174532	0.0309665	-0.0122361	-0.0150888	-0.0427449	-0.0420082	-0.00696424	-0.00878284	-0.039275	-0.012603	
External Torques: 1.33437 -5.60013 -21.9211 
Current Torque on hip_flexion_r 1.61288
Current Torque on knee_angle_r -5.55065
Current Torque on ankle_angle_r -22.2255

----------------------------------------


EmgTime: 0.9
Adjusted EMG
0.306229	0.306229	0.306229	0.306231	0.306229	0.306229	0.0524407	0.057062	0.0524407	0.080627	0.00366004	0.1258	0.125795	0.001	0.001	0.001	0.00120918	0.000997281	0.168304	0.306229	0.306229	0.306229	0.00476167	0.001	0.001	0.001	0.001	0.109497	0.109527	0.109466	0.109527	0.263243	0.251832	0.263243	0.001	0.001	0.001	0.1196	0.001	0.001	0.0724735	0.118368	0.118226	0	0	0	0	0	0	0	0	0	0	0	0	0	0	0	0	0	0	0	0	0	0	0	0	0	0	0	0	0	0	0	0	0	0	0	0	0	0	0	0	0	0	0	0.001	0	0.001	0	0.001	0	
LmtTime: 0.9
Lmt
0.103483	0.109234	0.0895302	0.071444	0.0708432	0.0724606	0.329514	0.363747	0.333373	0.191551	0.450648	0.166097	0.10228	0.0857017	0.149963	0.274207	0.432928	0.0788663	0.34161	0.163045	0.170284	0.186298	0.162759	0.205551	0.0478339	0.0475531	0.108536	0.335997	0.145465	0.153952	0.167511	0.347418	0.344366	0.232401	0.269123	0.344406	0.33657	0.228604	0.165278	0.309038	0.139032	0.341019	0.31716	0.107041	0.11696	0.0990315	0.0708402	0.0714498	0.0751247	0.345036	0.383048	0.354699	0.179641	0.415437	0.163367	0.110941	0.104108	0.177107	0.31071	0.414472	0.0740264	0.348913	0.1814	0.193837	0.226899	0.144215	0.186865	0.0555765	0.0473927	0.111685	0.336469	0.167357	0.176147	0.190141	0.337351	0.334172	0.232865	0.268853	0.344267	0.336553	0.227331	0.165132	0.30872	0.138319	0.339814	0.315971	0.106727	0.10593	0.180623	0.171838	0.237379	0.234432	
MomentArms on: hip_flexion_r
0.00107183	0.0253861	-0.00417426	0.00301072	-0.0186389	0.0345793	0.0195822	0.0338948	0.0400962	0.0503727	0.0408099	
MomentArms on: knee_angle_r
-0.0251906	-0.0226449	-0.0211916	-0.0186986	-0.0185475	-0.00517722	-0.0280233	-0.0323569	0.0379398	0.0344636	0.0356115	0.0344684	
MomentArms on: ankle_angle_r
0.0252129	0.0276898	0.0174564	0.0309798	-0.0122201	-0.0150737	-0.0427053	-0.0419723	-0.00695823	-0.00877855	-0.0392278	-0.0125883	
External Torques: 2.39528 -5.73372 -22.6846 
Current Torque on hip_flexion_r 2.39487
Current Torque on knee_angle_r -5.58196
Current Torque on ankle_angle_r -23.0151

----------------------------------------


EmgTime: 0.91
Adjusted EMG
0.297649	0.297649	0.297649	0.297652	0.297649	0.297649	0.0516158	0.0567444	0.0516158	0.0821569	0.00417776	0.121044	0.121027	0.001	0.001	0.001	0.00344247	0.000997281	0.169051	0.297649	0.297649	0.297649	0.0147667	0.00161455	0.001	0.001	0.001	0.111874	0.111953	0.111895	0.111953	0.293827	0.285914	0.293827	0.001	0.001	0.001	0.132485	0.001	0.001	0.0653267	0.13143	0.131305	0	0	0	0	0	0	0	0	0	0	0	0	0	0	0	0	0	0	0	0	0	0	0	0	0	0	0	0	0	0	0	0	0	0	0	0	0	0	0	0	0	0	0	0.001	0	0.001	0	0.001	0	
LmtTime: 0.91
Lmt
0.102881	0.108637	0.0890373	0.071071	0.0704495	0.0720739	0.328892	0.363066	0.332664	0.191676	0.451367	0.16706	0.102802	0.0860993	0.149984	0.273535	0.433128	0.0794508	0.341964	0.162231	0.169388	0.185375	0.163402	0.206183	0.0483434	0.047789	0.108367	0.33642	0.145245	0.153732	0.167296	0.347533	0.344481	0.232399	0.269123	0.344405	0.33657	0.228605	0.165278	0.309038	0.139032	0.34102	0.317161	0.10807	0.117372	0.0989298	0.0718061	0.0721941	0.0755181	0.347413	0.385911	0.356525	0.181678	0.416074	0.163451	0.110817	0.103686	0.176891	0.310703	0.414749	0.0739569	0.351026	0.181412	0.193665	0.22642	0.144413	0.187038	0.0543186	0.0465116	0.111391	0.333571	0.16469	0.173424	0.187419	0.338575	0.335416	0.232825	0.26884	0.344254	0.336537	0.227362	0.165125	0.308711	0.138337	0.33984	0.315999	0.106723	0.10599	0.180948	0.171508	0.237405	0.234377	
MomentArms on: hip_flexion_r
0.00166007	0.0259436	-0.00494077	0.00243942	-0.017686	0.0345112	0.0197251	0.033815	0.0398706	0.0497591	0.0398064	
MomentArms on: knee_angle_r
-0.0250979	-0.0225034	-0.0211035	-0.0188747	-0.0187297	-0.00500567	-0.0279563	-0.0320546	0.037911	0.0345266	0.0356428	0.0345476	
MomentArms on: ankle_angle_r
0.0252136	0.0276909	0.0174567	0.0309809	-0.0122188	-0.0150725	-0.0427046	-0.0419731	-0.00695775	-0.00877821	-0.0392241	-0.0125871	
External Torques: 3.59592 -5.90476 -23.6527 
Current Torque on hip_flexion_r 3.59446
Current Torque on knee_angle_r -5.73515
Current Torque on ankle_angle_r -23.9366

----------------------------------------


EmgTime: 0.92
Adjusted EMG
0.285576	0.285577	0.285577	0.28558	0.285577	0.285577	0.0495545	0.0546051	0.0495545	0.0797078	0.00424297	0.117772	0.117758	0.001	0.001	0.001	0.0048719	0.000997281	0.166569	0.285577	0.285577	0.285577	0.0213842	0.0024232	0.001	0.001	0.001	0.114556	0.114701	0.114651	0.114701	0.319855	0.316643	0.319791	0.001	0.001	0.001	0.143363	0.001	0.001	0.0445901	0.14273	0.142653	0	0	0	0	0	0	0	0	0	0	0	0	0	0	0	0	0	0	0	0	0	0	0	0	0	0	0	0	0	0	0	0	0	0	0	0	0	0	0	0	0	0	0	0.001	0	0.001	0	0.001	0	
LmtTime: 0.92
Lmt
0.102287	0.108054	0.0885642	0.070704	0.0700644	0.071699	0.32827	0.362389	0.331963	0.191782	0.452051	0.168003	0.103317	0.0865038	0.150026	0.272893	0.433322	0.0800194	0.342316	0.161435	0.168511	0.184484	0.164028	0.206799	0.0488584	0.0480276	0.108211	0.336855	0.145057	0.153545	0.167113	0.347647	0.344596	0.232413	0.269127	0.34441	0.336575	0.228594	0.16528	0.309041	0.139026	0.341011	0.317152	0.109082	0.11774	0.0987719	0.0727682	0.0729288	0.0758894	0.349727	0.388709	0.358332	0.183737	0.416774	0.163547	0.110661	0.103193	0.176586	0.310591	0.415079	0.073898	0.353064	0.181365	0.193438	0.225835	0.144674	0.187275	0.0529978	0.0456015	0.111062	0.330627	0.161895	0.170585	0.184552	0.339836	0.336696	0.232739	0.268813	0.344228	0.336504	0.227428	0.16511	0.308692	0.138374	0.339894	0.316058	0.106685	0.106072	0.181172	0.171297	0.237386	0.234388	
MomentArms on: hip_flexion_r
0.00225364	0.0264861	-0.00570841	0.00186942	-0.0166804	0.0344243	0.0198459	0.0337186	0.0396144	0.0491002	0.0387864	
MomentArms on: knee_angle_r
-0.0249855	-0.0223264	-0.02099	-0.0189891	-0.0188499	-0.00480232	-0.0278668	-0.0311629	0.0378406	0.0345496	0.0356065	0.034585	
MomentArms on: ankle_angle_r
0.0252071	0.0276808	0.0174542	0.0309706	-0.0122311	-0.0150841	-0.0427397	-0.0420077	-0.00696237	-0.00878151	-0.0392603	-0.0125984	
External Torques: 4.89941 -6.11017 -24.7968 
Current Torque on hip_flexion_r 4.89724
Current Torque on knee_angle_r -5.93832
Current Torque on ankle_angle_r -24.9672

----------------------------------------


EmgTime: 0.93
Adjusted EMG
0.270557	0.270557	0.270557	0.27056	0.270557	0.270557	0.0464338	0.0520191	0.0464338	0.0790245	0.00466199	0.116538	0.116509	0.001	0.001	0.001	0.00662072	0.000997281	0.169929	0.270557	0.270557	0.270557	0.0298254	0.00361465	0.001	0.001	0.001	0.117252	0.117507	0.117457	0.117507	0.339323	0.341823	0.33932	0.001	0.001	0.001	0.151378	0.001	0.001	0.0022828	0.151355	0.151352	0	0	0	0	0	0	0	0	0	0	0	0	0	0	0	0	0	0	0	0	0	0	0	0	0	0	0	0	0	0	0	0	0	0	0	0	0	0	0	0	0	0	0	0.001	0	0.001	0	0.001	0	
LmtTime: 0.93
Lmt
0.101697	0.107476	0.088098	0.0703407	0.0696831	0.0713282	0.32764	0.361705	0.331258	0.191866	0.452699	0.168942	0.103835	0.0869237	0.150094	0.27228	0.43351	0.0805796	0.34267	0.160645	0.167642	0.183619	0.164643	0.207403	0.0493765	0.0482641	0.10806	0.337312	0.144909	0.153397	0.166969	0.347745	0.344695	0.232432	0.269133	0.344416	0.336582	0.22858	0.165284	0.309045	0.139018	0.341	0.317139	0.11006	0.118059	0.0985671	0.0737098	0.0736428	0.0762359	0.35191	0.391353	0.360065	0.185761	0.417529	0.163633	0.110461	0.102625	0.176189	0.310375	0.415484	0.0738395	0.354953	0.181268	0.193166	0.225155	0.144985	0.187565	0.0516363	0.044682	0.11071	0.327711	0.159034	0.167696	0.181604	0.341127	0.338002	0.232614	0.268772	0.344189	0.336456	0.227525	0.165088	0.308664	0.138429	0.339973	0.316145	0.10662	0.106174	0.181301	0.171189	0.237325	0.234453	
MomentArms on: hip_flexion_r
0.00284789	0.0270096	-0.00646585	0.00131072	-0.0156242	0.0343177	0.0199451	0.0336038	0.0393252	0.0483918	0.0377579	
MomentArms on: knee_angle_r
-0.0248553	-0.0221134	-0.0208507	-0.0190371	-0.0189035	-0.00456836	-0.0277558	-0.0311886	0.0377296	0.0345293	0.035499	0.0345779	
MomentArms on: ankle_angle_r
0.0251943	0.027661	0.0174492	0.0309506	-0.012255	-0.0151068	-0.0428054	-0.0420711	-0.00697134	-0.0087879	-0.0393307	-0.0126205	
External Torques: 6.24292 -6.34552 -26.0777 
Current Torque on hip_flexion_r 6.23973
Current Torque on knee_angle_r -6.15526
Current Torque on ankle_angle_r -26.084

----------------------------------------


EmgTime: 0.94
Adjusted EMG
0.253347	0.253348	0.253348	0.25335	0.253348	0.253348	0.0425549	0.0494424	0.0425549	0.0817601	0.00544458	0.117759	0.117724	0.001	0.001	0.001	0.00757335	0.00109315	0.181388	0.253348	0.253348	0.253348	0.0344654	0.00432461	0.001	0.001	0.001	0.119597	0.120073	0.120014	0.120073	0.350663	0.364928	0.350848	0.0394059	0.00422999	0.001	0.155092	0.001	0.0170424	0.001	0.156452	0.156625	0	0	0	0	0	0	0	0	0	0	0	0	0	0	0	0	0	0	0	0	0	0	0	0	0	0	0	0	0	0	0	0	0	0	0	0	0	0	0	0	0	0	0	0.001	0	0.001	0	0.001	0	
LmtTime: 0.94
Lmt
0.101104	0.106893	0.0876251	0.069976	0.0692984	0.0709523	0.326993	0.361007	0.330543	0.191921	0.453312	0.169891	0.10437	0.0873718	0.1502	0.271699	0.433692	0.0811396	0.343028	0.15985	0.166773	0.18278	0.165249	0.208	0.0498983	0.0484949	0.107903	0.337804	0.14481	0.153298	0.166873	0.347808	0.344759	0.232443	0.269137	0.344419	0.336586	0.228572	0.165285	0.309047	0.139014	0.340993	0.317132	0.110987	0.118331	0.098326	0.0746125	0.0743237	0.0765545	0.353935	0.393756	0.361659	0.187694	0.418334	0.163687	0.110207	0.101983	0.175697	0.310055	0.415978	0.073773	0.356762	0.181125	0.192858	0.224391	0.145334	0.187894	0.050261	0.0437762	0.110348	0.324922	0.156197	0.164847	0.178668	0.342423	0.33931	0.232454	0.268721	0.344139	0.336395	0.227648	0.16506	0.308629	0.138498	0.340073	0.316255	0.106543	0.106294	0.181346	0.17116	0.237227	0.234556	
MomentArms on: hip_flexion_r
0.00343716	0.0275095	-0.00720285	0.00077189	-0.0145238	0.0341916	0.0200229	0.0334709	0.039003	0.0476345	0.0367304	
MomentArms on: knee_angle_r
-0.0247118	-0.0218737	-0.0206901	-0.019031	-0.0189027	-0.00431427	-0.027628	-0.0311911	0.0375928	0.0344792	0.0353374	0.0345391	
MomentArms on: ankle_angle_r
0.0251764	0.0276336	0.0174422	0.0309226	-0.0122879	-0.0151381	-0.0428948	-0.0421569	-0.00698372	-0.00879668	-0.0394279	-0.0126509	
External Torques: 7.55705 -6.59556 -27.4449 
Current Torque on hip_flexion_r 7.55323
Current Torque on knee_angle_r -6.36025
Current Torque on ankle_angle_r -27.0808

----------------------------------------


EmgTime: 0.95
Adjusted EMG
0.234889	0.23489	0.23489	0.234891	0.23489	0.23489	0.0382815	0.0467723	0.038281	0.0854841	0.00640259	0.121803	0.121756	0.001	0.001	0.001	0.00884525	0.00149897	0.196603	0.23489	0.23489	0.23489	0.0415054	0.00544615	0.001	0.001	0.001	0.121286	0.122138	0.122066	0.122138	0.352979	0.383974	0.353452	0.0946999	0.0100064	0.001	0.154008	0.001	0.0431482	0.001	0.157548	0.158	0	0	0	0	0	0	0	0	0	0	0	0	0	0	0	0	0	0	0	0	0	0	0	0	0	0	0	0	0	0	0	0	0	0	0	0	0	0	0	0	0	0	0	0.001	0	0.001	0	0.001	0	
LmtTime: 0.95
Lmt
0.100501	0.106291	0.0871319	0.0696031	0.0689013	0.0705607	0.326321	0.360287	0.329811	0.191942	0.453883	0.170866	0.104936	0.0878645	0.150356	0.271158	0.433862	0.0817074	0.343395	0.159039	0.165898	0.181974	0.16585	0.208589	0.0504266	0.0487176	0.10773	0.338341	0.144773	0.153261	0.166837	0.347814	0.344764	0.23243	0.269133	0.344415	0.336581	0.228582	0.165283	0.309044	0.139019	0.341001	0.317141	0.111844	0.118553	0.098061	0.0754578	0.0749593	0.0768427	0.355755	0.395834	0.363052	0.18948	0.419178	0.16369	0.109892	0.101272	0.175112	0.309635	0.416561	0.0736912	0.35806	0.180944	0.192525	0.223557	0.145706	0.188251	0.0489022	0.0429099	0.10999	0.322378	0.153495	0.162144	0.175873	0.343675	0.340571	0.232266	0.268661	0.34408	0.336323	0.227793	0.165027	0.308587	0.13858	0.340191	0.316385	0.106465	0.106424	0.181329	0.171179	0.237107	0.234674	
MomentArms on: hip_flexion_r
0.0040152	0.0279807	-0.00791017	0.00026035	-0.0133889	0.0340478	0.0200792	0.0333214	0.0386501	0.0468331	0.035714	
MomentArms on: knee_angle_r
-0.0245597	-0.0216172	-0.0205135	-0.0189841	-0.0188607	-0.00405027	-0.0274885	-0.0311736	0.0374434	0.0344121	0.0351393	0.0344812	
MomentArms on: ankle_angle_r
0.0251549	0.0276008	0.0174334	0.0308888	-0.0123273	-0.0151753	-0.0430005	-0.0422578	-0.00699843	-0.00880704	-0.0395435	-0.0126872	
External Torques: 8.77933 -6.83078 -28.8395 
Current Torque on hip_flexion_r 8.77455
Current Torque on knee_angle_r -6.53905
Current Torque on ankle_angle_r -27.9051

----------------------------------------


EmgTime: 0.96
Adjusted EMG
0.216223	0.216225	0.216225	0.216224	0.216225	0.216225	0.0339735	0.0441746	0.033973	0.0891694	0.0070979	0.128866	0.128814	0.001	0.001	0.001	0.00906444	0.0016703	0.214168	0.216225	0.216225	0.216225	0.0431996	0.00571726	0.001	0.001	0.001	0.122057	0.123508	0.123415	0.123508	0.346123	0.396371	0.346903	0.150592	0.0160713	0.001	0.148036	0.001	0.0733482	0.001	0.154457	0.155272	0	0	0	0	0	0	0	0	0	0	0	0	0	0	0	0	0	0	0	0	0	0	0	0	0	0	0	0	0	0	0	0	0	0	0	0	0	0	0	0	0	0	0	0.001	0	0.001	0	0.001	0	
LmtTime: 0.96
Lmt
0.0998789	0.10566	0.0866058	0.0692131	0.0684818	0.0701426	0.32562	0.359541	0.329061	0.191921	0.454403	0.171883	0.105549	0.0884195	0.150582	0.270667	0.434009	0.0822896	0.343776	0.158206	0.165014	0.181218	0.166444	0.209171	0.0509659	0.048931	0.107533	0.338932	0.144811	0.153299	0.166874	0.347736	0.344686	0.232376	0.269115	0.344398	0.336561	0.228623	0.165274	0.309033	0.139042	0.341035	0.317177	0.112614	0.118728	0.0977861	0.0762282	0.0755384	0.0770992	0.357301	0.397554	0.364191	0.191063	0.420047	0.163626	0.109512	0.100497	0.174439	0.30912	0.417212	0.0735889	0.359108	0.180732	0.192175	0.222666	0.146088	0.18862	0.0475925	0.0421103	0.109652	0.320173	0.151021	0.159675	0.17333	0.344815	0.341717	0.232055	0.268593	0.344014	0.336242	0.227954	0.16499	0.308541	0.138671	0.340323	0.316529	0.106401	0.106555	0.181279	0.171211	0.23698	0.234786	
MomentArms on: hip_flexion_r
0.00457577	0.0284187	-0.00857959	-0.00021758	-0.0122314	0.0338886	0.0201143	0.0331576	0.0382701	0.0459953	0.0347196	
MomentArms on: knee_angle_r
-0.0244034	-0.021353	-0.0203263	-0.0189095	-0.0187906	-0.00378523	-0.027342	-0.0311398	0.0372921	0.0343383	0.0349207	0.0344143	
MomentArms on: ankle_angle_r
0.0251312	0.0275648	0.0174236	0.0308516	-0.01237	-0.0152158	-0.0431146	-0.0423666	-0.00701437	-0.00881819	-0.0396688	-0.0127266	
External Torques: 9.85642 -7.00679 -30.1897 
Current Torque on hip_flexion_r 9.8514
Current Torque on knee_angle_r -6.65447
Current Torque on ankle_angle_r -28.5351

----------------------------------------


EmgTime: 0.97
Adjusted EMG
0.198386	0.198387	0.198387	0.198384	0.198387	0.198387	0.0299443	0.0416895	0.0299438	0.0916235	0.00753648	0.138978	0.138921	0.001	0.001	0.001	0.00903109	0.00192754	0.232141	0.198387	0.198387	0.198387	0.0438846	0.00582359	0.001	0.001	0.001	0.12178	0.124092	0.123967	0.124092	0.330709	0.400718	0.330709	0.198735	0.0219212	0.001	0.137231	0.001	0.103323	0.001	0.147244	0.148491	0	0	0	0	0	0	0	0	0	0	0	0	0	0	0	0	0	0	0	0	0	0	0	0	0	0	0	0	0	0	0	0	0	0	0	0	0	0	0	0	0	0	0	0.001	0	0.001	0	0.001	0	
LmtTime: 0.97
Lmt
0.0992284	0.104989	0.0860364	0.0687968	0.0680297	0.0696877	0.324887	0.358769	0.328291	0.191849	0.454861	0.172951	0.106223	0.0890542	0.150894	0.270241	0.434123	0.0828911	0.344175	0.157345	0.164122	0.18053	0.167027	0.209741	0.0515205	0.049135	0.107303	0.339586	0.14494	0.153427	0.166999	0.347551	0.344497	0.232265	0.26908	0.344363	0.336518	0.228707	0.165254	0.309008	0.13909	0.341103	0.317252	0.113283	0.118859	0.0975168	0.0769093	0.0760521	0.0773245	0.358518	0.398862	0.365034	0.192384	0.420912	0.163481	0.109066	0.0996681	0.173686	0.308521	0.417884	0.0734621	0.359855	0.180496	0.191816	0.221736	0.146467	0.188991	0.0463646	0.0414038	0.109351	0.318381	0.14887	0.15753	0.171153	0.345757	0.342662	0.231826	0.26852	0.343943	0.336155	0.228128	0.16495	0.30849	0.13877	0.340465	0.316684	0.106364	0.106674	0.181229	0.17122	0.236866	0.234866	
MomentArms on: hip_flexion_r
0.00511318	0.0288199	-0.00920412	-0.00065671	-0.011064	0.033717	0.020129	0.0329824	0.0378681	0.0451304	0.0337571	
MomentArms on: knee_angle_r
-0.0242463	-0.0210889	-0.0201331	-0.0188177	-0.018703	-0.00352601	-0.027193	-0.0310934	0.0371459	0.0342651	0.0346941	0.0343456	
MomentArms on: ankle_angle_r
0.0251067	0.027528	0.0174132	0.0308133	-0.0124135	-0.0152569	-0.0432299	-0.0424763	-0.0070305	-0.0088294	-0.0397957	-0.0127667	
External Torques: 10.7364 -7.06973 -31.4045 
Current Torque on hip_flexion_r 10.7313
Current Torque on knee_angle_r -6.66234
Current Torque on ankle_angle_r -28.9156

----------------------------------------


EmgTime: 0.98
Adjusted EMG
0.1823	0.182301	0.182301	0.182297	0.182301	0.182301	0.0264336	0.0392302	0.026433	0.0914919	0.00750579	0.151909	0.151854	0.001	0.001	0.001	0.0083765	0.00201688	0.248756	0.182301	0.182301	0.182301	0.0413167	0.00543317	0.001	0.001	0.001	0.120492	0.123904	0.123735	0.123904	0.307974	0.395033	0.307974	0.233101	0.026553	0.001	0.122102	0.001	0.127175	0.001	0.136229	0.13793	0	0	0	0	0	0	0	0	0	0	0	0	0	0	0	0	0	0	0	0	0	0	0	0	0	0	0	0	0	0	0	0	0	0	0	0	0	0	0	0	0	0	0	0.001	0	0.001	0	0.001	0	
LmtTime: 0.98
Lmt
0.0985425	0.10427	0.0854159	0.0683453	0.0675359	0.0691874	0.324123	0.357973	0.327508	0.191718	0.455241	0.174079	0.106969	0.089783	0.151311	0.269897	0.434189	0.083514	0.344594	0.156458	0.163229	0.179936	0.167593	0.210293	0.0520941	0.0493299	0.107035	0.340305	0.145171	0.153659	0.167224	0.347231	0.344173	0.232079	0.26902	0.344305	0.336447	0.228848	0.165221	0.308967	0.13917	0.341218	0.317378	0.113844	0.118955	0.0972695	0.0774903	0.0764946	0.077521	0.359375	0.399772	0.365565	0.193417	0.421768	0.163246	0.108554	0.098798	0.172864	0.307849	0.41856	0.0733084	0.360275	0.180247	0.191457	0.220783	0.14683	0.189351	0.045249	0.0408143	0.109102	0.317038	0.147098	0.155765	0.169401	0.346458	0.343364	0.231585	0.268443	0.343868	0.336063	0.228311	0.164907	0.308437	0.138873	0.340614	0.316847	0.106365	0.106766	0.181217	0.171172	0.236787	0.234891	
MomentArms on: hip_flexion_r
0.00562287	0.0291825	-0.00977837	-0.00105315	-0.00989937	0.0335362	0.0201246	0.032799	0.0374496	0.0442485	0.0328353	
MomentArms on: knee_angle_r
-0.0240913	-0.0208304	-0.0199377	-0.0187172	-0.0186062	-0.00327725	-0.0270445	-0.0310379	0.0370092	0.0341971	0.0344687	0.0342799	
MomentArms on: ankle_angle_r
0.0250829	0.0274924	0.0174029	0.0307761	-0.0124552	-0.0152962	-0.0433397	-0.0425809	-0.0070459	-0.00884001	-0.039917	-0.0128051	
External Torques: 11.3589 -6.96521 -32.3703 
Current Torque on hip_flexion_r 11.3541
Current Torque on knee_angle_r -6.51982
Current Torque on ankle_angle_r -29.024

----------------------------------------


EmgTime: 0.99
Adjusted EMG
0.168612	0.168613	0.168613	0.168609	0.168613	0.168613	0.0235805	0.0368179	0.0235799	0.0885809	0.00701326	0.16718	0.167129	0.001	0.001	0.001	0.00705743	0.00186025	0.263325	0.168613	0.168613	0.168613	0.0351382	0.00450958	0.001	0.001	0.001	0.118386	0.123057	0.12283	0.123057	0.279539	0.379674	0.279539	0.255085	0.029857	0.001	0.103082	0.001	0.14425	0.001	0.121876	0.124037	0	0	0	0	0	0	0	0	0	0	0	0	0	0	0	0	0	0	0	0	0	0	0	0	0	0	0	0	0	0	0	0	0	0	0	0	0	0	0	0	0	0	0	0.001	0	0.001	0	0.001	0	
LmtTime: 0.99
Lmt
0.0978163	0.103499	0.0847398	0.0678516	0.0669933	0.0686353	0.32333	0.357158	0.326717	0.191521	0.45553	0.175267	0.107793	0.0906154	0.151844	0.269649	0.434194	0.0841581	0.345036	0.155547	0.162344	0.17946	0.168137	0.210822	0.0526882	0.0495162	0.106725	0.341092	0.145517	0.154004	0.167562	0.346753	0.343689	0.231802	0.268931	0.344219	0.336341	0.229057	0.165173	0.308907	0.139288	0.341389	0.317564	0.11429	0.119023	0.0970607	0.0779647	0.0768635	0.0776931	0.359868	0.400267	0.365787	0.194167	0.422626	0.162917	0.107982	0.0978991	0.171987	0.307118	0.419249	0.0731265	0.360364	0.179996	0.191106	0.219825	0.147168	0.18969	0.0442721	0.0403609	0.108919	0.316146	0.145731	0.1544	0.168079	0.346913	0.343817	0.231335	0.268362	0.34379	0.335967	0.228499	0.164863	0.308383	0.13898	0.340768	0.317016	0.106412	0.106819	0.181277	0.171037	0.236765	0.234844	
MomentArms on: hip_flexion_r
0.00610176	0.0295061	-0.0102988	-0.00140451	-0.00874878	0.033349	0.020103	0.03261	0.03702	0.0433588	0.0319604	
MomentArms on: knee_angle_r
-0.02394	-0.0205811	-0.0197429	-0.0186136	-0.018506	-0.00304155	-0.0268987	-0.0309758	0.0368838	0.0341366	0.0342502	0.0342197	
MomentArms on: ankle_angle_r
0.025061	0.02746	0.0173932	0.030742	-0.012493	-0.0153319	-0.0434389	-0.0426752	-0.00705983	-0.00884953	-0.0400268	-0.0128399	
External Torques: 11.6462 -6.65276 -32.9568 
Current Torque on hip_flexion_r 11.6421
Current Torque on knee_angle_r -6.19168
Current Torque on ankle_angle_r -28.7648

----------------------------------------


EmgTime: 1
Adjusted EMG
0.157674	0.157675	0.157675	0.157671	0.157675	0.157675	0.0214409	0.0346016	0.0214404	0.0837373	0.00620074	0.184084	0.184048	0.001	0.001	0.001	0.00498835	0.00140532	0.27616	0.157675	0.157675	0.157675	0.0248977	0.00304266	0.001	0.001	0.001	0.115734	0.121745	0.121443	0.121745	0.247259	0.353963	0.247265	0.262988	0.0303818	0.001	0.0813478	0.001	0.15248	0.001	0.104939	0.107499	0	0	0	0	0	0	0	0	0	0	0	0	0	0	0	0	0	0	0	0	0	0	0	0	0	0	0	0	0	0	0	0	0	0	0	0	0	0	0	0	0	0	0	0.001	0	0.001	0	0.001	0	
LmtTime: 1
Lmt
0.0970484	0.102673	0.0840071	0.0673108	0.0663976	0.0680282	0.322511	0.356328	0.325925	0.19125	0.455713	0.176512	0.108698	0.0915546	0.152503	0.269509	0.434125	0.0848205	0.345497	0.154617	0.161477	0.179123	0.16865	0.21132	0.0533018	0.0496943	0.106371	0.341946	0.145984	0.15447	0.168022	0.3461	0.343027	0.231421	0.268809	0.3441	0.336196	0.229341	0.165106	0.308823	0.13945	0.341621	0.317819	0.114623	0.119073	0.0969056	0.0783312	0.07716	0.0778466	0.360016	0.400353	0.365722	0.194661	0.423499	0.162491	0.107354	0.0969847	0.171068	0.306344	0.419962	0.0729162	0.360138	0.179752	0.190772	0.218879	0.147473	0.19	0.043454	0.0400566	0.108815	0.3157	0.144781	0.153448	0.167175	0.34713	0.344031	0.231078	0.26828	0.343709	0.335869	0.228691	0.164818	0.308327	0.139089	0.340925	0.317188	0.106509	0.106821	0.181439	0.17079	0.236816	0.234709	
MomentArms on: hip_flexion_r
0.00654851	0.029792	-0.010764	-0.0017101	-0.0076212	0.0331581	0.0200666	0.0324181	0.0365842	0.0424692	0.0311361	
MomentArms on: knee_angle_r
-0.0237932	-0.0203428	-0.0195504	-0.0185108	-0.0184063	-0.00281984	-0.0267568	-0.0309092	0.0367699	0.0340844	0.0340417	0.034166	
MomentArms on: ankle_angle_r
0.0250421	0.027432	0.0173848	0.0307124	-0.0125253	-0.0153624	-0.0435234	-0.0427556	-0.0070717	-0.00885759	-0.0401205	-0.0128696	
External Torques: 11.5078 -6.11539 -33.0259 
Current Torque on hip_flexion_r 11.5051
Current Torque on knee_angle_r -5.65782
Current Torque on ankle_angle_r -28.1222

----------------------------------------


EmgTime: 1.01
Adjusted EMG
0.149477	0.149477	0.149477	0.149476	0.149477	0.149477	0.0199848	0.0328845	0.0199843	0.0787071	0.00526255	0.201726	0.201713	0.001	0.001	0.001	0.0020787	0.000997281	0.288571	0.149477	0.149477	0.149477	0.0103615	0.0011844	0.001	0.001	0.001	0.112766	0.12023	0.119832	0.12023	0.213068	0.31997	0.213074	0.255621	0.0270392	0.001	0.058792	0.001	0.150421	0.001	0.0864646	0.0892706	0	0	0	0	0	0	0	0	0	0	0	0	0	0	0	0	0	0	0	0	0	0	0	0	0	0	0	0	0	0	0	0	0	0	0	0	0	0	0	0	0	0	0	0.001	0	0.001	0	0.001	0	
LmtTime: 1.01
Lmt
0.0962405	0.101795	0.0832198	0.0667219	0.0657482	0.0673659	0.321672	0.355492	0.325138	0.190901	0.45578	0.177806	0.109677	0.0925969	0.153288	0.269488	0.433972	0.0854963	0.345974	0.153677	0.160639	0.178941	0.169128	0.211782	0.0539314	0.0498641	0.105974	0.342862	0.146577	0.155061	0.16861	0.345258	0.342174	0.230927	0.268651	0.343945	0.336007	0.229707	0.165019	0.308716	0.139658	0.34192	0.318145	0.114849	0.119117	0.0968168	0.0785928	0.0773885	0.0779878	0.359844	0.400054	0.3654	0.194925	0.424392	0.161972	0.106679	0.0960669	0.170124	0.305543	0.420701	0.0726783	0.359623	0.179529	0.190461	0.217962	0.147738	0.190275	0.0428068	0.0399063	0.108798	0.31569	0.144253	0.152917	0.166677	0.34712	0.344017	0.230816	0.268196	0.343627	0.335769	0.228887	0.164772	0.30827	0.1392	0.341085	0.317362	0.106657	0.106762	0.181725	0.170419	0.236951	0.23448	
MomentArms on: hip_flexion_r
0.00696358	0.030043	-0.011175	-0.00197104	-0.00652265	0.0329656	0.0200183	0.0322251	0.0361458	0.0415853	0.0303629	
MomentArms on: knee_angle_r
-0.0236512	-0.0201162	-0.0193612	-0.0184108	-0.0183092	-0.00261205	-0.0266194	-0.0308396	0.0366669	0.0340405	0.0338445	0.0341188	
MomentArms on: ankle_angle_r
0.0250268	0.0274096	0.0173778	0.0306887	-0.0125512	-0.0153867	-0.0435906	-0.0428196	-0.00708116	-0.00886398	-0.0401951	-0.0128934	
External Torques: 10.8637 -5.36526 -32.4458 
Current Torque on hip_flexion_r 10.8626
Current Torque on knee_angle_r -4.91857
Current Torque on ankle_angle_r -27.1239

----------------------------------------


EmgTime: 1.02
Adjusted EMG
0.143824	0.143694	0.143694	0.144426	0.143694	0.143694	0.0191198	0.0424578	0.0191189	0.118442	0.001	0.210591	0.216959	0.001	0.001	0.001	0.001	0.000997281	0.370403	0.143694	0.143694	0.143694	0.001	0.001	0.001	0.001	0.001	0.0931465	0.1186	0.117852	0.118824	0.178845	0.28742	0.178849	0.232957	0.0190259	0.001	0.0379684	0.001	0.137916	0.001	0.0678308	0.0706443	0	0	0	0	0	0	0	0	0	0	0	0	0	0	0	0	0	0	0	0	0	0	0	0	0	0	0	0	0	0	0	0	0	0	0	0	0	0	0	0	0	0	0	0.001	0	0.001	0	0.001	0	
LmtTime: 1.02
Lmt
0.0953976	0.100871	0.0823829	0.0660867	0.0650474	0.0666515	0.320817	0.354654	0.324363	0.190471	0.455724	0.179138	0.110723	0.0937326	0.154194	0.269587	0.433731	0.0861799	0.346459	0.152736	0.159838	0.178918	0.169567	0.212204	0.0545713	0.0500253	0.105535	0.343837	0.147292	0.155774	0.169325	0.344225	0.341126	0.230317	0.268455	0.343754	0.335774	0.230155	0.164913	0.308584	0.139913	0.342286	0.318545	0.114977	0.119163	0.0968027	0.0787575	0.0775564	0.0781234	0.359388	0.399406	0.364852	0.194984	0.425296	0.161367	0.105964	0.0951559	0.169167	0.304729	0.42146	0.0724142	0.358853	0.179335	0.190183	0.217087	0.147961	0.190513	0.042333	0.0399068	0.10887	0.316089	0.144133	0.152796	0.166564	0.346896	0.343788	0.230548	0.26811	0.343544	0.335667	0.229085	0.164726	0.308211	0.139313	0.341247	0.317539	0.106853	0.106641	0.182143	0.169918	0.237174	0.234153	
MomentArms on: hip_flexion_r
0.00734902	0.0302626	-0.011535	-0.00219033	-0.0054559	0.0327729	0.0199605	0.0320322	0.0357073	0.0407104	0.0296378	
MomentArms on: knee_angle_r
-0.0235142	-0.0199015	-0.0191761	-0.0183151	-0.0182161	-0.00241769	-0.0264867	-0.030768	0.0365738	0.0340042	0.033659	0.0340781	
MomentArms on: ankle_angle_r
0.0250157	0.0273932	0.0173726	0.0306712	-0.01257	-0.0154044	-0.0436394	-0.0428662	-0.00708803	-0.0088686	-0.0402493	-0.0129107	
External Torques: 9.67773 -4.44328 -31.1072 
Current Torque on hip_flexion_r 10.1153
Current Torque on knee_angle_r -3.63382
Current Torque on ankle_angle_r -25.8114

----------------------------------------


EmgTime: 1.03
Adjusted EMG
0.140362	0.139763	0.139763	0.143309	0.139763	0.139763	0.018712	0.0468389	0.018712	0.132322	0.001	0.195096	0.224861	0.001	0.001	0.001	0.001	0.000997281	0.431256	0.139763	0.139763	0.139763	0.001	0.001	0.001	0.001	0.001	0.0448817	0.117178	0.116308	0.117873	0.146323	0.246618	0.146327	0.194594	0.001	0.001	0.0220526	0.001	0.11523	0.001	0.0507605	0.0532711	0	0	0	0	0	0	0	0	0	0	0	0	0	0	0	0	0	0	0	0	0	0	0	0	0	0	0	0	0	0	0	0	0	0	0	0	0	0	0	0	0	0	0	0.001	0	0.001	0	0.001	0	
LmtTime: 1.03
Lmt
0.0945265	0.0999076	0.0815032	0.06541	0.0643006	0.0658901	0.319951	0.353821	0.323601	0.189963	0.455544	0.180496	0.111823	0.0949472	0.15521	0.269803	0.4334	0.0868654	0.346949	0.151799	0.159079	0.179049	0.169966	0.212587	0.0552155	0.0501776	0.105059	0.344862	0.148121	0.156602	0.170162	0.343007	0.33989	0.229591	0.268222	0.343526	0.335498	0.230679	0.164786	0.308427	0.140212	0.342715	0.319013	0.115021	0.11922	0.0968665	0.078837	0.0776732	0.0782591	0.358688	0.398459	0.364113	0.194862	0.426201	0.160687	0.105218	0.0942585	0.168211	0.303915	0.422228	0.0721261	0.357867	0.17918	0.189941	0.216261	0.148144	0.190716	0.0420244	0.0400457	0.10903	0.316847	0.14438	0.153045	0.166797	0.346482	0.343368	0.230275	0.268023	0.343458	0.335563	0.229286	0.164678	0.308152	0.139427	0.341411	0.317719	0.107092	0.106458	0.182692	0.169293	0.237482	0.233735	
MomentArms on: hip_flexion_r
0.00770817	0.0304552	-0.0118496	-0.00237276	-0.00442048	0.0325806	0.0198956	0.0318399	0.0352695	0.039845	0.028955	
MomentArms on: knee_angle_r
-0.0233824	-0.0196989	-0.0189957	-0.0182246	-0.0181281	-0.00223661	-0.0263591	-0.0306952	0.0364897	0.0339749	0.0334856	0.0340432	
MomentArms on: ankle_angle_r
0.0250086	0.0273829	0.0173694	0.0306602	-0.0125818	-0.0154155	-0.0436701	-0.0428956	-0.00709235	-0.00887149	-0.0402834	-0.0129216	
External Torques: 7.97968 -3.41817 -28.9466 
Current Torque on hip_flexion_r 9.95501
Current Torque on knee_angle_r -2.43789
Current Torque on ankle_angle_r -24.2427

----------------------------------------
Estimation completed.

LmtMa: lmtMa DONE
Using c:/opensim_tutorial\tutorials\Cerebral_Palsy_Project\Simulations\TD026\normal3_r1\ceinms\execution as output directory
