[2025-03-28 11:14:39.435] [info] Updating Model file from 40000 to latest format...
[2025-03-28 11:14:39.461] [info] Loaded model 009 from file C:\Git\opensim_tutorial\tutorials\repeated_sprinting\Simulations\009_simplified\10m_sprint\009_Rajagopal2015_FAI_v4.osim
[2025-03-28 11:14:39.463] [warning] Couldn't find file 'Raja\r_pelvis.vtp'.
[2025-03-28 11:14:39.463] [warning] Couldn't find file 'Raja\l_pelvis.vtp'.
[2025-03-28 11:14:39.463] [warning] Couldn't find file 'Raja\sacrum.vtp'.
[2025-03-28 11:14:39.464] [warning] Couldn't find file 'Raja\r_femur.vtp'.
[2025-03-28 11:14:39.464] [warning] Couldn't find file 'Raja\r_tibia.vtp'.
[2025-03-28 11:14:39.464] [warning] Couldn't find file 'Raja\r_fibula.vtp'.
[2025-03-28 11:14:39.465] [warning] Couldn't find file 'Raja\r_patella.vtp'.
[2025-03-28 11:14:39.465] [warning] Couldn't find file 'Raja\r_talus.vtp'.
[2025-03-28 11:14:39.465] [warning] Couldn't find file 'Raja\r_foot.vtp'.
[2025-03-28 11:14:39.465] [warning] Couldn't find file 'Raja\r_bofoot.vtp'.
[2025-03-28 11:14:39.465] [warning] Couldn't find file 'Raja\l_femur.vtp'.
[2025-03-28 11:14:39.466] [warning] Couldn't find file 'Raja\l_tibia.vtp'.
[2025-03-28 11:14:39.466] [warning] Couldn't find file 'Raja\l_fibula.vtp'.
[2025-03-28 11:14:39.466] [warning] Couldn't find file 'Raja\l_patella.vtp'.
[2025-03-28 11:14:39.466] [warning] Couldn't find file 'Raja\l_talus.vtp'.
[2025-03-28 11:14:39.466] [warning] Couldn't find file 'Raja\l_foot.vtp'.
[2025-03-28 11:14:39.466] [warning] Couldn't find file 'Raja\l_bofoot.vtp'.
[2025-03-28 11:14:39.466] [warning] Couldn't find file 'Raja\hat_spine.vtp'.
[2025-03-28 11:14:39.466] [warning] Couldn't find file 'Raja\hat_jaw.vtp'.
[2025-03-28 11:14:39.466] [warning] Couldn't find file 'Raja\hat_skull.vtp'.
[2025-03-28 11:14:39.467] [warning] Couldn't find file 'Raja\hat_ribs_scap.vtp'.
[2025-03-28 11:14:39.467] [warning] Couldn't find file 'Raja\humerus_rv.vtp'.
[2025-03-28 11:14:39.467] [warning] Couldn't find file 'Raja\ulna_rv.vtp'.
[2025-03-28 11:14:39.467] [warning] Couldn't find file 'Raja\radius_rv.vtp'.
[2025-03-28 11:14:39.467] [warning] Couldn't find file 'Raja\pisiform_rvs.vtp'.
[2025-03-28 11:14:39.467] [warning] Couldn't find file 'Raja\lunate_rvs.vtp'.
[2025-03-28 11:14:39.467] [warning] Couldn't find file 'Raja\scaphoid_rvs.vtp'.
[2025-03-28 11:14:39.467] [warning] Couldn't find file 'Raja\triquetrum_rvs.vtp'.
[2025-03-28 11:14:39.467] [warning] Couldn't find file 'Raja\hamate_rvs.vtp'.
[2025-03-28 11:14:39.468] [warning] Couldn't find file 'Raja\capitate_rvs.vtp'.
[2025-03-28 11:14:39.468] [warning] Couldn't find file 'Raja\trapezoid_rvs.vtp'.
[2025-03-28 11:14:39.468] [warning] Couldn't find file 'Raja\trapezium_rvs.vtp'.
[2025-03-28 11:14:39.468] [warning] Couldn't find file 'Raja\metacarpal2_rvs.vtp'.
[2025-03-28 11:14:39.468] [warning] Couldn't find file 'Raja\index_proximal_rvs.vtp'.
[2025-03-28 11:14:39.468] [warning] Couldn't find file 'Raja\index_medial_rvs.vtp'.
[2025-03-28 11:14:39.468] [warning] Couldn't find file 'Raja\index_distal_rvs.vtp'.
[2025-03-28 11:14:39.468] [warning] Couldn't find file 'metacarpal3_rvs.vtp'.
[2025-03-28 11:14:39.468] [warning] Couldn't find file 'Raja\middle_proximal_rvs.vtp'.
[2025-03-28 11:14:39.468] [warning] Couldn't find file 'middle_medial_rvs.vtp'.
[2025-03-28 11:14:39.468] [warning] Couldn't find file 'Raja\middle_distal_rvs.vtp'.
[2025-03-28 11:14:39.469] [warning] Couldn't find file 'Raja\metacarpal4_rvs.vtp'.
[2025-03-28 11:14:39.469] [warning] Couldn't find file 'Raja\ring_proximal_rvs.vtp'.
[2025-03-28 11:14:39.469] [warning] Couldn't find file 'Raja\ring_medial_rvs.vtp'.
[2025-03-28 11:14:39.469] [warning] Couldn't find file 'Raja\ring_distal_rvs.vtp'.
[2025-03-28 11:14:39.469] [warning] Couldn't find file 'Raja\metacarpal5_rvs.vtp'.
[2025-03-28 11:14:39.469] [warning] Couldn't find file 'Raja\little_proximal_rvs.vtp'.
[2025-03-28 11:14:39.469] [warning] Couldn't find file 'Raja\little_medial_rvs.vtp'.
[2025-03-28 11:14:39.469] [warning] Couldn't find file 'Raja\little_distal_rvs.vtp'.
[2025-03-28 11:14:39.469] [warning] Couldn't find file 'Raja\metacarpal1_rvs.vtp'.
[2025-03-28 11:14:39.469] [warning] Couldn't find file 'Raja\thumb_proximal_rvs.vtp'.
[2025-03-28 11:14:39.470] [warning] Couldn't find file 'Raja\thumb_distal_rvs.vtp'.
[2025-03-28 11:14:39.470] [warning] Couldn't find file 'Raja\humerus_lv.vtp'.
[2025-03-28 11:14:39.470] [warning] Couldn't find file 'Raja\ulna_lv.vtp'.
[2025-03-28 11:14:39.470] [warning] Couldn't find file 'Raja\radius_lv.vtp'.
[2025-03-28 11:14:39.470] [warning] Couldn't find file 'Raja\pisiform_lvs.vtp'.
[2025-03-28 11:14:39.470] [warning] Couldn't find file 'Raja\lunate_lvs.vtp'.
[2025-03-28 11:14:39.470] [warning] Couldn't find file 'Raja\scaphoid_lvs.vtp'.
[2025-03-28 11:14:39.470] [warning] Couldn't find file 'Raja\triquetrum_lvs.vtp'.
[2025-03-28 11:14:39.470] [warning] Couldn't find file 'Raja\hamate_lvs.vtp'.
[2025-03-28 11:14:39.470] [warning] Couldn't find file 'Raja\capitate_lvs.vtp'.
[2025-03-28 11:14:39.470] [warning] Couldn't find file 'Raja\trapezoid_lvs.vtp'.
[2025-03-28 11:14:39.471] [warning] Couldn't find file 'Raja\trapezium_lvs.vtp'.
[2025-03-28 11:14:39.471] [warning] Couldn't find file 'Raja\metacarpal2_lvs.vtp'.
[2025-03-28 11:14:39.471] [warning] Couldn't find file 'Raja\index_proximal_lvs.vtp'.
[2025-03-28 11:14:39.471] [warning] Couldn't find file 'Raja\index_medial_lvs.vtp'.
[2025-03-28 11:14:39.471] [warning] Couldn't find file 'Raja\index_distal_lvs.vtp'.
[2025-03-28 11:14:39.471] [warning] Couldn't find file 'Raja\metacarpal3_lvs.vtp'.
[2025-03-28 11:14:39.471] [warning] Couldn't find file 'Raja\middle_proximal_lvs.vtp'.
[2025-03-28 11:14:39.471] [warning] Couldn't find file 'Raja\middle_medial_lvs.vtp'.
[2025-03-28 11:14:39.471] [warning] Couldn't find file 'Raja\middle_distal_lvs.vtp'.
[2025-03-28 11:14:39.471] [warning] Couldn't find file 'Raja\metacarpal4_lvs.vtp'.
[2025-03-28 11:14:39.471] [warning] Couldn't find file 'Raja\ring_proximal_lvs.vtp'.
[2025-03-28 11:14:39.471] [warning] Couldn't find file 'Raja\ring_medial_lvs.vtp'.
[2025-03-28 11:14:39.472] [warning] Couldn't find file 'Raja\ring_distal_lvs.vtp'.
[2025-03-28 11:14:39.472] [warning] Couldn't find file 'Raja\metacarpal5_lvs.vtp'.
[2025-03-28 11:14:39.472] [warning] Couldn't find file 'Raja\little_proximal_lvs.vtp'.
[2025-03-28 11:14:39.472] [warning] Couldn't find file 'Raja\little_medial_lvs.vtp'.
[2025-03-28 11:14:39.472] [warning] Couldn't find file 'Raja\little_distal_lvs.vtp'.
[2025-03-28 11:14:39.472] [warning] Couldn't find file 'Raja\metacarpal1_lvs.vtp'.
[2025-03-28 11:14:39.472] [warning] Couldn't find file 'Raja\thumb_proximal_lvs.vtp'.
[2025-03-28 11:14:39.472] [warning] Couldn't find file 'Raja\thumb_distal_lvs.vtp'.
[2025-03-28 11:14:39.672] [warning] Visualizer couldn't open Raja\r_pelvis.vtp because: SimTK Exception thrown at PolygonalMesh.cpp:411:
  Error detected by Simbody method PolygonalMesh::loadVtpFile(): Attempt to load a VTK PolyData (.vtp) file from file name 'C:\OpenSim 4.3\opensim\..\\Geometry\Raja\r_pelvis.vtp' failed with message:
  SimTK Exception thrown at Xml.cpp:108:
  Error detected by Simbody method Xml::readFromFile(): Failed to load the Xml file 'C:\OpenSim 4.3\opensim\..\\Geometry\Raja\r_pelvis.vtp' with error 'Failed to open file (line=0, col=0)'.
  (Required condition 'loadOK' was not met.)

  (Required condition '!"failed"' was not met.)

[2025-03-28 11:14:39.672] [warning] Visualizer couldn't open Raja\l_pelvis.vtp because: SimTK Exception thrown at PolygonalMesh.cpp:411:
  Error detected by Simbody method PolygonalMesh::loadVtpFile(): Attempt to load a VTK PolyData (.vtp) file from file name 'C:\OpenSim 4.3\opensim\..\\Geometry\Raja\l_pelvis.vtp' failed with message:
  SimTK Exception thrown at Xml.cpp:108:
  Error detected by Simbody method Xml::readFromFile(): Failed to load the Xml file 'C:\OpenSim 4.3\opensim\..\\Geometry\Raja\l_pelvis.vtp' with error 'Failed to open file (line=0, col=0)'.
  (Required condition 'loadOK' was not met.)

  (Required condition '!"failed"' was not met.)

[2025-03-28 11:14:39.672] [warning] Visualizer couldn't open Raja\sacrum.vtp because: SimTK Exception thrown at PolygonalMesh.cpp:411:
  Error detected by Simbody method PolygonalMesh::loadVtpFile(): Attempt to load a VTK PolyData (.vtp) file from file name 'C:\OpenSim 4.3\opensim\..\\Geometry\Raja\sacrum.vtp' failed with message:
  SimTK Exception thrown at Xml.cpp:108:
  Error detected by Simbody method Xml::readFromFile(): Failed to load the Xml file 'C:\OpenSim 4.3\opensim\..\\Geometry\Raja\sacrum.vtp' with error 'Failed to open file (line=0, col=0)'.
  (Required condition 'loadOK' was not met.)

  (Required condition '!"failed"' was not met.)

[2025-03-28 11:14:39.675] [warning] Visualizer couldn't open Raja\r_femur.vtp because: SimTK Exception thrown at PolygonalMesh.cpp:411:
  Error detected by Simbody method PolygonalMesh::loadVtpFile(): Attempt to load a VTK PolyData (.vtp) file from file name 'C:\OpenSim 4.3\opensim\..\\Geometry\Raja\r_femur.vtp' failed with message:
  SimTK Exception thrown at Xml.cpp:108:
  Error detected by Simbody method Xml::readFromFile(): Failed to load the Xml file 'C:\OpenSim 4.3\opensim\..\\Geometry\Raja\r_femur.vtp' with error 'Failed to open file (line=0, col=0)'.
  (Required condition 'loadOK' was not met.)

  (Required condition '!"failed"' was not met.)

[2025-03-28 11:14:39.675] [warning] Visualizer couldn't open Raja\r_tibia.vtp because: SimTK Exception thrown at PolygonalMesh.cpp:411:
  Error detected by Simbody method PolygonalMesh::loadVtpFile(): Attempt to load a VTK PolyData (.vtp) file from file name 'C:\OpenSim 4.3\opensim\..\\Geometry\Raja\r_tibia.vtp' failed with message:
  SimTK Exception thrown at Xml.cpp:108:
  Error detected by Simbody method Xml::readFromFile(): Failed to load the Xml file 'C:\OpenSim 4.3\opensim\..\\Geometry\Raja\r_tibia.vtp' with error 'Failed to open file (line=0, col=0)'.
  (Required condition 'loadOK' was not met.)

  (Required condition '!"failed"' was not met.)

[2025-03-28 11:14:39.676] [warning] Visualizer couldn't open Raja\r_fibula.vtp because: SimTK Exception thrown at PolygonalMesh.cpp:411:
  Error detected by Simbody method PolygonalMesh::loadVtpFile(): Attempt to load a VTK PolyData (.vtp) file from file name 'C:\OpenSim 4.3\opensim\..\\Geometry\Raja\r_fibula.vtp' failed with message:
  SimTK Exception thrown at Xml.cpp:108:
  Error detected by Simbody method Xml::readFromFile(): Failed to load the Xml file 'C:\OpenSim 4.3\opensim\..\\Geometry\Raja\r_fibula.vtp' with error 'Failed to open file (line=0, col=0)'.
  (Required condition 'loadOK' was not met.)

  (Required condition '!"failed"' was not met.)

[2025-03-28 11:14:39.676] [warning] Visualizer couldn't open Raja\r_patella.vtp because: SimTK Exception thrown at PolygonalMesh.cpp:411:
  Error detected by Simbody method PolygonalMesh::loadVtpFile(): Attempt to load a VTK PolyData (.vtp) file from file name 'C:\OpenSim 4.3\opensim\..\\Geometry\Raja\r_patella.vtp' failed with message:
  SimTK Exception thrown at Xml.cpp:108:
  Error detected by Simbody method Xml::readFromFile(): Failed to load the Xml file 'C:\OpenSim 4.3\opensim\..\\Geometry\Raja\r_patella.vtp' with error 'Failed to open file (line=0, col=0)'.
  (Required condition 'loadOK' was not met.)

  (Required condition '!"failed"' was not met.)

[2025-03-28 11:14:39.676] [warning] Visualizer couldn't open Raja\r_talus.vtp because: SimTK Exception thrown at PolygonalMesh.cpp:411:
  Error detected by Simbody method PolygonalMesh::loadVtpFile(): Attempt to load a VTK PolyData (.vtp) file from file name 'C:\OpenSim 4.3\opensim\..\\Geometry\Raja\r_talus.vtp' failed with message:
  SimTK Exception thrown at Xml.cpp:108:
  Error detected by Simbody method Xml::readFromFile(): Failed to load the Xml file 'C:\OpenSim 4.3\opensim\..\\Geometry\Raja\r_talus.vtp' with error 'Failed to open file (line=0, col=0)'.
  (Required condition 'loadOK' was not met.)

  (Required condition '!"failed"' was not met.)

[2025-03-28 11:14:39.677] [warning] Visualizer couldn't open Raja\r_foot.vtp because: SimTK Exception thrown at PolygonalMesh.cpp:411:
  Error detected by Simbody method PolygonalMesh::loadVtpFile(): Attempt to load a VTK PolyData (.vtp) file from file name 'C:\OpenSim 4.3\opensim\..\\Geometry\Raja\r_foot.vtp' failed with message:
  SimTK Exception thrown at Xml.cpp:108:
  Error detected by Simbody method Xml::readFromFile(): Failed to load the Xml file 'C:\OpenSim 4.3\opensim\..\\Geometry\Raja\r_foot.vtp' with error 'Failed to open file (line=0, col=0)'.
  (Required condition 'loadOK' was not met.)

  (Required condition '!"failed"' was not met.)

[2025-03-28 11:14:39.677] [warning] Visualizer couldn't open Raja\r_bofoot.vtp because: SimTK Exception thrown at PolygonalMesh.cpp:411:
  Error detected by Simbody method PolygonalMesh::loadVtpFile(): Attempt to load a VTK PolyData (.vtp) file from file name 'C:\OpenSim 4.3\opensim\..\\Geometry\Raja\r_bofoot.vtp' failed with message:
  SimTK Exception thrown at Xml.cpp:108:
  Error detected by Simbody method Xml::readFromFile(): Failed to load the Xml file 'C:\OpenSim 4.3\opensim\..\\Geometry\Raja\r_bofoot.vtp' with error 'Failed to open file (line=0, col=0)'.
  (Required condition 'loadOK' was not met.)

  (Required condition '!"failed"' was not met.)

[2025-03-28 11:14:39.677] [warning] Visualizer couldn't open Raja\l_femur.vtp because: SimTK Exception thrown at PolygonalMesh.cpp:411:
  Error detected by Simbody method PolygonalMesh::loadVtpFile(): Attempt to load a VTK PolyData (.vtp) file from file name 'C:\OpenSim 4.3\opensim\..\\Geometry\Raja\l_femur.vtp' failed with message:
  SimTK Exception thrown at Xml.cpp:108:
  Error detected by Simbody method Xml::readFromFile(): Failed to load the Xml file 'C:\OpenSim 4.3\opensim\..\\Geometry\Raja\l_femur.vtp' with error 'Failed to open file (line=0, col=0)'.
  (Required condition 'loadOK' was not met.)

  (Required condition '!"failed"' was not met.)

[2025-03-28 11:14:39.678] [warning] Visualizer couldn't open Raja\l_tibia.vtp because: SimTK Exception thrown at PolygonalMesh.cpp:411:
  Error detected by Simbody method PolygonalMesh::loadVtpFile(): Attempt to load a VTK PolyData (.vtp) file from file name 'C:\OpenSim 4.3\opensim\..\\Geometry\Raja\l_tibia.vtp' failed with message:
  SimTK Exception thrown at Xml.cpp:108:
  Error detected by Simbody method Xml::readFromFile(): Failed to load the Xml file 'C:\OpenSim 4.3\opensim\..\\Geometry\Raja\l_tibia.vtp' with error 'Failed to open file (line=0, col=0)'.
  (Required condition 'loadOK' was not met.)

  (Required condition '!"failed"' was not met.)

[2025-03-28 11:14:39.678] [warning] Visualizer couldn't open Raja\l_fibula.vtp because: SimTK Exception thrown at PolygonalMesh.cpp:411:
  Error detected by Simbody method PolygonalMesh::loadVtpFile(): Attempt to load a VTK PolyData (.vtp) file from file name 'C:\OpenSim 4.3\opensim\..\\Geometry\Raja\l_fibula.vtp' failed with message:
  SimTK Exception thrown at Xml.cpp:108:
  Error detected by Simbody method Xml::readFromFile(): Failed to load the Xml file 'C:\OpenSim 4.3\opensim\..\\Geometry\Raja\l_fibula.vtp' with error 'Failed to open file (line=0, col=0)'.
  (Required condition 'loadOK' was not met.)

  (Required condition '!"failed"' was not met.)

[2025-03-28 11:14:39.679] [warning] Visualizer couldn't open Raja\l_patella.vtp because: SimTK Exception thrown at PolygonalMesh.cpp:411:
  Error detected by Simbody method PolygonalMesh::loadVtpFile(): Attempt to load a VTK PolyData (.vtp) file from file name 'C:\OpenSim 4.3\opensim\..\\Geometry\Raja\l_patella.vtp' failed with message:
  SimTK Exception thrown at Xml.cpp:108:
  Error detected by Simbody method Xml::readFromFile(): Failed to load the Xml file 'C:\OpenSim 4.3\opensim\..\\Geometry\Raja\l_patella.vtp' with error 'Failed to open file (line=0, col=0)'.
  (Required condition 'loadOK' was not met.)

  (Required condition '!"failed"' was not met.)

[2025-03-28 11:14:39.679] [warning] Visualizer couldn't open Raja\l_talus.vtp because: SimTK Exception thrown at PolygonalMesh.cpp:411:
  Error detected by Simbody method PolygonalMesh::loadVtpFile(): Attempt to load a VTK PolyData (.vtp) file from file name 'C:\OpenSim 4.3\opensim\..\\Geometry\Raja\l_talus.vtp' failed with message:
  SimTK Exception thrown at Xml.cpp:108:
  Error detected by Simbody method Xml::readFromFile(): Failed to load the Xml file 'C:\OpenSim 4.3\opensim\..\\Geometry\Raja\l_talus.vtp' with error 'Failed to open file (line=0, col=0)'.
  (Required condition 'loadOK' was not met.)

  (Required condition '!"failed"' was not met.)

[2025-03-28 11:14:39.679] [warning] Visualizer couldn't open Raja\l_foot.vtp because: SimTK Exception thrown at PolygonalMesh.cpp:411:
  Error detected by Simbody method PolygonalMesh::loadVtpFile(): Attempt to load a VTK PolyData (.vtp) file from file name 'C:\OpenSim 4.3\opensim\..\\Geometry\Raja\l_foot.vtp' failed with message:
  SimTK Exception thrown at Xml.cpp:108:
  Error detected by Simbody method Xml::readFromFile(): Failed to load the Xml file 'C:\OpenSim 4.3\opensim\..\\Geometry\Raja\l_foot.vtp' with error 'Failed to open file (line=0, col=0)'.
  (Required condition 'loadOK' was not met.)

  (Required condition '!"failed"' was not met.)

[2025-03-28 11:14:39.679] [warning] Visualizer couldn't open Raja\l_bofoot.vtp because: SimTK Exception thrown at PolygonalMesh.cpp:411:
  Error detected by Simbody method PolygonalMesh::loadVtpFile(): Attempt to load a VTK PolyData (.vtp) file from file name 'C:\OpenSim 4.3\opensim\..\\Geometry\Raja\l_bofoot.vtp' failed with message:
  SimTK Exception thrown at Xml.cpp:108:
  Error detected by Simbody method Xml::readFromFile(): Failed to load the Xml file 'C:\OpenSim 4.3\opensim\..\\Geometry\Raja\l_bofoot.vtp' with error 'Failed to open file (line=0, col=0)'.
  (Required condition 'loadOK' was not met.)

  (Required condition '!"failed"' was not met.)

[2025-03-28 11:14:39.680] [warning] Visualizer couldn't open Raja\hat_spine.vtp because: SimTK Exception thrown at PolygonalMesh.cpp:411:
  Error detected by Simbody method PolygonalMesh::loadVtpFile(): Attempt to load a VTK PolyData (.vtp) file from file name 'C:\OpenSim 4.3\opensim\..\\Geometry\Raja\hat_spine.vtp' failed with message:
  SimTK Exception thrown at Xml.cpp:108:
  Error detected by Simbody method Xml::readFromFile(): Failed to load the Xml file 'C:\OpenSim 4.3\opensim\..\\Geometry\Raja\hat_spine.vtp' with error 'Failed to open file (line=0, col=0)'.
  (Required condition 'loadOK' was not met.)

  (Required condition '!"failed"' was not met.)

[2025-03-28 11:14:39.680] [warning] Visualizer couldn't open Raja\hat_jaw.vtp because: SimTK Exception thrown at PolygonalMesh.cpp:411:
  Error detected by Simbody method PolygonalMesh::loadVtpFile(): Attempt to load a VTK PolyData (.vtp) file from file name 'C:\OpenSim 4.3\opensim\..\\Geometry\Raja\hat_jaw.vtp' failed with message:
  SimTK Exception thrown at Xml.cpp:108:
  Error detected by Simbody method Xml::readFromFile(): Failed to load the Xml file 'C:\OpenSim 4.3\opensim\..\\Geometry\Raja\hat_jaw.vtp' with error 'Failed to open file (line=0, col=0)'.
  (Required condition 'loadOK' was not met.)

  (Required condition '!"failed"' was not met.)

[2025-03-28 11:14:39.680] [warning] Visualizer couldn't open Raja\hat_skull.vtp because: SimTK Exception thrown at PolygonalMesh.cpp:411:
  Error detected by Simbody method PolygonalMesh::loadVtpFile(): Attempt to load a VTK PolyData (.vtp) file from file name 'C:\OpenSim 4.3\opensim\..\\Geometry\Raja\hat_skull.vtp' failed with message:
  SimTK Exception thrown at Xml.cpp:108:
  Error detected by Simbody method Xml::readFromFile(): Failed to load the Xml file 'C:\OpenSim 4.3\opensim\..\\Geometry\Raja\hat_skull.vtp' with error 'Failed to open file (line=0, col=0)'.
  (Required condition 'loadOK' was not met.)

  (Required condition '!"failed"' was not met.)

[2025-03-28 11:14:39.680] [warning] Visualizer couldn't open Raja\hat_ribs_scap.vtp because: SimTK Exception thrown at PolygonalMesh.cpp:411:
  Error detected by Simbody method PolygonalMesh::loadVtpFile(): Attempt to load a VTK PolyData (.vtp) file from file name 'C:\OpenSim 4.3\opensim\..\\Geometry\Raja\hat_ribs_scap.vtp' failed with message:
  SimTK Exception thrown at Xml.cpp:108:
  Error detected by Simbody method Xml::readFromFile(): Failed to load the Xml file 'C:\OpenSim 4.3\opensim\..\\Geometry\Raja\hat_ribs_scap.vtp' with error 'Failed to open file (line=0, col=0)'.
  (Required condition 'loadOK' was not met.)

  (Required condition '!"failed"' was not met.)

[2025-03-28 11:14:39.680] [warning] Visualizer couldn't open Raja\humerus_rv.vtp because: SimTK Exception thrown at PolygonalMesh.cpp:411:
  Error detected by Simbody method PolygonalMesh::loadVtpFile(): Attempt to load a VTK PolyData (.vtp) file from file name 'C:\OpenSim 4.3\opensim\..\\Geometry\Raja\humerus_rv.vtp' failed with message:
  SimTK Exception thrown at Xml.cpp:108:
  Error detected by Simbody method Xml::readFromFile(): Failed to load the Xml file 'C:\OpenSim 4.3\opensim\..\\Geometry\Raja\humerus_rv.vtp' with error 'Failed to open file (line=0, col=0)'.
  (Required condition 'loadOK' was not met.)

  (Required condition '!"failed"' was not met.)

[2025-03-28 11:14:39.681] [warning] Visualizer couldn't open Raja\ulna_rv.vtp because: SimTK Exception thrown at PolygonalMesh.cpp:411:
  Error detected by Simbody method PolygonalMesh::loadVtpFile(): Attempt to load a VTK PolyData (.vtp) file from file name 'C:\OpenSim 4.3\opensim\..\\Geometry\Raja\ulna_rv.vtp' failed with message:
  SimTK Exception thrown at Xml.cpp:108:
  Error detected by Simbody method Xml::readFromFile(): Failed to load the Xml file 'C:\OpenSim 4.3\opensim\..\\Geometry\Raja\ulna_rv.vtp' with error 'Failed to open file (line=0, col=0)'.
  (Required condition 'loadOK' was not met.)

  (Required condition '!"failed"' was not met.)

[2025-03-28 11:14:39.681] [warning] Visualizer couldn't open Raja\radius_rv.vtp because: SimTK Exception thrown at PolygonalMesh.cpp:411:
  Error detected by Simbody method PolygonalMesh::loadVtpFile(): Attempt to load a VTK PolyData (.vtp) file from file name 'C:\OpenSim 4.3\opensim\..\\Geometry\Raja\radius_rv.vtp' failed with message:
  SimTK Exception thrown at Xml.cpp:108:
  Error detected by Simbody method Xml::readFromFile(): Failed to load the Xml file 'C:\OpenSim 4.3\opensim\..\\Geometry\Raja\radius_rv.vtp' with error 'Failed to open file (line=0, col=0)'.
  (Required condition 'loadOK' was not met.)

  (Required condition '!"failed"' was not met.)

[2025-03-28 11:14:39.681] [warning] Visualizer couldn't open Raja\pisiform_rvs.vtp because: SimTK Exception thrown at PolygonalMesh.cpp:411:
  Error detected by Simbody method PolygonalMesh::loadVtpFile(): Attempt to load a VTK PolyData (.vtp) file from file name 'C:\OpenSim 4.3\opensim\..\\Geometry\Raja\pisiform_rvs.vtp' failed with message:
  SimTK Exception thrown at Xml.cpp:108:
  Error detected by Simbody method Xml::readFromFile(): Failed to load the Xml file 'C:\OpenSim 4.3\opensim\..\\Geometry\Raja\pisiform_rvs.vtp' with error 'Failed to open file (line=0, col=0)'.
  (Required condition 'loadOK' was not met.)

  (Required condition '!"failed"' was not met.)

[2025-03-28 11:14:39.681] [warning] Visualizer couldn't open Raja\lunate_rvs.vtp because: SimTK Exception thrown at PolygonalMesh.cpp:411:
  Error detected by Simbody method PolygonalMesh::loadVtpFile(): Attempt to load a VTK PolyData (.vtp) file from file name 'C:\OpenSim 4.3\opensim\..\\Geometry\Raja\lunate_rvs.vtp' failed with message:
  SimTK Exception thrown at Xml.cpp:108:
  Error detected by Simbody method Xml::readFromFile(): Failed to load the Xml file 'C:\OpenSim 4.3\opensim\..\\Geometry\Raja\lunate_rvs.vtp' with error 'Failed to open file (line=0, col=0)'.
  (Required condition 'loadOK' was not met.)

  (Required condition '!"failed"' was not met.)

[2025-03-28 11:14:39.681] [warning] Visualizer couldn't open Raja\scaphoid_rvs.vtp because: SimTK Exception thrown at PolygonalMesh.cpp:411:
  Error detected by Simbody method PolygonalMesh::loadVtpFile(): Attempt to load a VTK PolyData (.vtp) file from file name 'C:\OpenSim 4.3\opensim\..\\Geometry\Raja\scaphoid_rvs.vtp' failed with message:
  SimTK Exception thrown at Xml.cpp:108:
  Error detected by Simbody method Xml::readFromFile(): Failed to load the Xml file 'C:\OpenSim 4.3\opensim\..\\Geometry\Raja\scaphoid_rvs.vtp' with error 'Failed to open file (line=0, col=0)'.
  (Required condition 'loadOK' was not met.)

  (Required condition '!"failed"' was not met.)

[2025-03-28 11:14:39.681] [warning] Visualizer couldn't open Raja\triquetrum_rvs.vtp because: SimTK Exception thrown at PolygonalMesh.cpp:411:
  Error detected by Simbody method PolygonalMesh::loadVtpFile(): Attempt to load a VTK PolyData (.vtp) file from file name 'C:\OpenSim 4.3\opensim\..\\Geometry\Raja\triquetrum_rvs.vtp' failed with message:
  SimTK Exception thrown at Xml.cpp:108:
  Error detected by Simbody method Xml::readFromFile(): Failed to load the Xml file 'C:\OpenSim 4.3\opensim\..\\Geometry\Raja\triquetrum_rvs.vtp' with error 'Failed to open file (line=0, col=0)'.
  (Required condition 'loadOK' was not met.)

  (Required condition '!"failed"' was not met.)

[2025-03-28 11:14:39.681] [warning] Visualizer couldn't open Raja\hamate_rvs.vtp because: SimTK Exception thrown at PolygonalMesh.cpp:411:
  Error detected by Simbody method PolygonalMesh::loadVtpFile(): Attempt to load a VTK PolyData (.vtp) file from file name 'C:\OpenSim 4.3\opensim\..\\Geometry\Raja\hamate_rvs.vtp' failed with message:
  SimTK Exception thrown at Xml.cpp:108:
  Error detected by Simbody method Xml::readFromFile(): Failed to load the Xml file 'C:\OpenSim 4.3\opensim\..\\Geometry\Raja\hamate_rvs.vtp' with error 'Failed to open file (line=0, col=0)'.
  (Required condition 'loadOK' was not met.)

  (Required condition '!"failed"' was not met.)

[2025-03-28 11:14:39.682] [warning] Visualizer couldn't open Raja\capitate_rvs.vtp because: SimTK Exception thrown at PolygonalMesh.cpp:411:
  Error detected by Simbody method PolygonalMesh::loadVtpFile(): Attempt to load a VTK PolyData (.vtp) file from file name 'C:\OpenSim 4.3\opensim\..\\Geometry\Raja\capitate_rvs.vtp' failed with message:
  SimTK Exception thrown at Xml.cpp:108:
  Error detected by Simbody method Xml::readFromFile(): Failed to load the Xml file 'C:\OpenSim 4.3\opensim\..\\Geometry\Raja\capitate_rvs.vtp' with error 'Failed to open file (line=0, col=0)'.
  (Required condition 'loadOK' was not met.)

  (Required condition '!"failed"' was not met.)

[2025-03-28 11:14:39.682] [warning] Visualizer couldn't open Raja\trapezoid_rvs.vtp because: SimTK Exception thrown at PolygonalMesh.cpp:411:
  Error detected by Simbody method PolygonalMesh::loadVtpFile(): Attempt to load a VTK PolyData (.vtp) file from file name 'C:\OpenSim 4.3\opensim\..\\Geometry\Raja\trapezoid_rvs.vtp' failed with message:
  SimTK Exception thrown at Xml.cpp:108:
  Error detected by Simbody method Xml::readFromFile(): Failed to load the Xml file 'C:\OpenSim 4.3\opensim\..\\Geometry\Raja\trapezoid_rvs.vtp' with error 'Failed to open file (line=0, col=0)'.
  (Required condition 'loadOK' was not met.)

  (Required condition '!"failed"' was not met.)

[2025-03-28 11:14:39.682] [warning] Visualizer couldn't open Raja\trapezium_rvs.vtp because: SimTK Exception thrown at PolygonalMesh.cpp:411:
  Error detected by Simbody method PolygonalMesh::loadVtpFile(): Attempt to load a VTK PolyData (.vtp) file from file name 'C:\OpenSim 4.3\opensim\..\\Geometry\Raja\trapezium_rvs.vtp' failed with message:
  SimTK Exception thrown at Xml.cpp:108:
  Error detected by Simbody method Xml::readFromFile(): Failed to load the Xml file 'C:\OpenSim 4.3\opensim\..\\Geometry\Raja\trapezium_rvs.vtp' with error 'Failed to open file (line=0, col=0)'.
  (Required condition 'loadOK' was not met.)

  (Required condition '!"failed"' was not met.)

[2025-03-28 11:14:39.682] [warning] Visualizer couldn't open Raja\metacarpal2_rvs.vtp because: SimTK Exception thrown at PolygonalMesh.cpp:411:
  Error detected by Simbody method PolygonalMesh::loadVtpFile(): Attempt to load a VTK PolyData (.vtp) file from file name 'C:\OpenSim 4.3\opensim\..\\Geometry\Raja\metacarpal2_rvs.vtp' failed with message:
  SimTK Exception thrown at Xml.cpp:108:
  Error detected by Simbody method Xml::readFromFile(): Failed to load the Xml file 'C:\OpenSim 4.3\opensim\..\\Geometry\Raja\metacarpal2_rvs.vtp' with error 'Failed to open file (line=0, col=0)'.
  (Required condition 'loadOK' was not met.)

  (Required condition '!"failed"' was not met.)

[2025-03-28 11:14:39.682] [warning] Visualizer couldn't open Raja\index_proximal_rvs.vtp because: SimTK Exception thrown at PolygonalMesh.cpp:411:
  Error detected by Simbody method PolygonalMesh::loadVtpFile(): Attempt to load a VTK PolyData (.vtp) file from file name 'C:\OpenSim 4.3\opensim\..\\Geometry\Raja\index_proximal_rvs.vtp' failed with message:
  SimTK Exception thrown at Xml.cpp:108:
  Error detected by Simbody method Xml::readFromFile(): Failed to load the Xml file 'C:\OpenSim 4.3\opensim\..\\Geometry\Raja\index_proximal_rvs.vtp' with error 'Failed to open file (line=0, col=0)'.
  (Required condition 'loadOK' was not met.)

  (Required condition '!"failed"' was not met.)

[2025-03-28 11:14:39.682] [warning] Visualizer couldn't open Raja\index_medial_rvs.vtp because: SimTK Exception thrown at PolygonalMesh.cpp:411:
  Error detected by Simbody method PolygonalMesh::loadVtpFile(): Attempt to load a VTK PolyData (.vtp) file from file name 'C:\OpenSim 4.3\opensim\..\\Geometry\Raja\index_medial_rvs.vtp' failed with message:
  SimTK Exception thrown at Xml.cpp:108:
  Error detected by Simbody method Xml::readFromFile(): Failed to load the Xml file 'C:\OpenSim 4.3\opensim\..\\Geometry\Raja\index_medial_rvs.vtp' with error 'Failed to open file (line=0, col=0)'.
  (Required condition 'loadOK' was not met.)

  (Required condition '!"failed"' was not met.)

[2025-03-28 11:14:39.682] [warning] Visualizer couldn't open Raja\index_distal_rvs.vtp because: SimTK Exception thrown at PolygonalMesh.cpp:411:
  Error detected by Simbody method PolygonalMesh::loadVtpFile(): Attempt to load a VTK PolyData (.vtp) file from file name 'C:\OpenSim 4.3\opensim\..\\Geometry\Raja\index_distal_rvs.vtp' failed with message:
  SimTK Exception thrown at Xml.cpp:108:
  Error detected by Simbody method Xml::readFromFile(): Failed to load the Xml file 'C:\OpenSim 4.3\opensim\..\\Geometry\Raja\index_distal_rvs.vtp' with error 'Failed to open file (line=0, col=0)'.
  (Required condition 'loadOK' was not met.)

  (Required condition '!"failed"' was not met.)

[2025-03-28 11:14:39.682] [warning] Visualizer couldn't open metacarpal3_rvs.vtp because: SimTK Exception thrown at PolygonalMesh.cpp:411:
  Error detected by Simbody method PolygonalMesh::loadVtpFile(): Attempt to load a VTK PolyData (.vtp) file from file name 'C:\OpenSim 4.3\opensim\..\\Geometry\metacarpal3_rvs.vtp' failed with message:
  SimTK Exception thrown at Xml.cpp:108:
  Error detected by Simbody method Xml::readFromFile(): Failed to load the Xml file 'C:\OpenSim 4.3\opensim\..\\Geometry\metacarpal3_rvs.vtp' with error 'Failed to open file (line=0, col=0)'.
  (Required condition 'loadOK' was not met.)

  (Required condition '!"failed"' was not met.)

[2025-03-28 11:14:39.682] [warning] Visualizer couldn't open Raja\middle_proximal_rvs.vtp because: SimTK Exception thrown at PolygonalMesh.cpp:411:
  Error detected by Simbody method PolygonalMesh::loadVtpFile(): Attempt to load a VTK PolyData (.vtp) file from file name 'C:\OpenSim 4.3\opensim\..\\Geometry\Raja\middle_proximal_rvs.vtp' failed with message:
  SimTK Exception thrown at Xml.cpp:108:
  Error detected by Simbody method Xml::readFromFile(): Failed to load the Xml file 'C:\OpenSim 4.3\opensim\..\\Geometry\Raja\middle_proximal_rvs.vtp' with error 'Failed to open file (line=0, col=0)'.
  (Required condition 'loadOK' was not met.)

  (Required condition '!"failed"' was not met.)

[2025-03-28 11:14:39.682] [warning] Visualizer couldn't open middle_medial_rvs.vtp because: SimTK Exception thrown at PolygonalMesh.cpp:411:
  Error detected by Simbody method PolygonalMesh::loadVtpFile(): Attempt to load a VTK PolyData (.vtp) file from file name 'C:\OpenSim 4.3\opensim\..\\Geometry\middle_medial_rvs.vtp' failed with message:
  SimTK Exception thrown at Xml.cpp:108:
  Error detected by Simbody method Xml::readFromFile(): Failed to load the Xml file 'C:\OpenSim 4.3\opensim\..\\Geometry\middle_medial_rvs.vtp' with error 'Failed to open file (line=0, col=0)'.
  (Required condition 'loadOK' was not met.)

  (Required condition '!"failed"' was not met.)

[2025-03-28 11:14:39.683] [warning] Visualizer couldn't open Raja\middle_distal_rvs.vtp because: SimTK Exception thrown at PolygonalMesh.cpp:411:
  Error detected by Simbody method PolygonalMesh::loadVtpFile(): Attempt to load a VTK PolyData (.vtp) file from file name 'C:\OpenSim 4.3\opensim\..\\Geometry\Raja\middle_distal_rvs.vtp' failed with message:
  SimTK Exception thrown at Xml.cpp:108:
  Error detected by Simbody method Xml::readFromFile(): Failed to load the Xml file 'C:\OpenSim 4.3\opensim\..\\Geometry\Raja\middle_distal_rvs.vtp' with error 'Failed to open file (line=0, col=0)'.
  (Required condition 'loadOK' was not met.)

  (Required condition '!"failed"' was not met.)

[2025-03-28 11:14:39.683] [warning] Visualizer couldn't open Raja\metacarpal4_rvs.vtp because: SimTK Exception thrown at PolygonalMesh.cpp:411:
  Error detected by Simbody method PolygonalMesh::loadVtpFile(): Attempt to load a VTK PolyData (.vtp) file from file name 'C:\OpenSim 4.3\opensim\..\\Geometry\Raja\metacarpal4_rvs.vtp' failed with message:
  SimTK Exception thrown at Xml.cpp:108:
  Error detected by Simbody method Xml::readFromFile(): Failed to load the Xml file 'C:\OpenSim 4.3\opensim\..\\Geometry\Raja\metacarpal4_rvs.vtp' with error 'Failed to open file (line=0, col=0)'.
  (Required condition 'loadOK' was not met.)

  (Required condition '!"failed"' was not met.)

[2025-03-28 11:14:39.683] [warning] Visualizer couldn't open Raja\ring_proximal_rvs.vtp because: SimTK Exception thrown at PolygonalMesh.cpp:411:
  Error detected by Simbody method PolygonalMesh::loadVtpFile(): Attempt to load a VTK PolyData (.vtp) file from file name 'C:\OpenSim 4.3\opensim\..\\Geometry\Raja\ring_proximal_rvs.vtp' failed with message:
  SimTK Exception thrown at Xml.cpp:108:
  Error detected by Simbody method Xml::readFromFile(): Failed to load the Xml file 'C:\OpenSim 4.3\opensim\..\\Geometry\Raja\ring_proximal_rvs.vtp' with error 'Failed to open file (line=0, col=0)'.
  (Required condition 'loadOK' was not met.)

  (Required condition '!"failed"' was not met.)

[2025-03-28 11:14:39.683] [warning] Visualizer couldn't open Raja\ring_medial_rvs.vtp because: SimTK Exception thrown at PolygonalMesh.cpp:411:
  Error detected by Simbody method PolygonalMesh::loadVtpFile(): Attempt to load a VTK PolyData (.vtp) file from file name 'C:\OpenSim 4.3\opensim\..\\Geometry\Raja\ring_medial_rvs.vtp' failed with message:
  SimTK Exception thrown at Xml.cpp:108:
  Error detected by Simbody method Xml::readFromFile(): Failed to load the Xml file 'C:\OpenSim 4.3\opensim\..\\Geometry\Raja\ring_medial_rvs.vtp' with error 'Failed to open file (line=0, col=0)'.
  (Required condition 'loadOK' was not met.)

  (Required condition '!"failed"' was not met.)

[2025-03-28 11:14:39.683] [warning] Visualizer couldn't open Raja\ring_distal_rvs.vtp because: SimTK Exception thrown at PolygonalMesh.cpp:411:
  Error detected by Simbody method PolygonalMesh::loadVtpFile(): Attempt to load a VTK PolyData (.vtp) file from file name 'C:\OpenSim 4.3\opensim\..\\Geometry\Raja\ring_distal_rvs.vtp' failed with message:
  SimTK Exception thrown at Xml.cpp:108:
  Error detected by Simbody method Xml::readFromFile(): Failed to load the Xml file 'C:\OpenSim 4.3\opensim\..\\Geometry\Raja\ring_distal_rvs.vtp' with error 'Failed to open file (line=0, col=0)'.
  (Required condition 'loadOK' was not met.)

  (Required condition '!"failed"' was not met.)

[2025-03-28 11:14:39.683] [warning] Visualizer couldn't open Raja\metacarpal5_rvs.vtp because: SimTK Exception thrown at PolygonalMesh.cpp:411:
  Error detected by Simbody method PolygonalMesh::loadVtpFile(): Attempt to load a VTK PolyData (.vtp) file from file name 'C:\OpenSim 4.3\opensim\..\\Geometry\Raja\metacarpal5_rvs.vtp' failed with message:
  SimTK Exception thrown at Xml.cpp:108:
  Error detected by Simbody method Xml::readFromFile(): Failed to load the Xml file 'C:\OpenSim 4.3\opensim\..\\Geometry\Raja\metacarpal5_rvs.vtp' with error 'Failed to open file (line=0, col=0)'.
  (Required condition 'loadOK' was not met.)

  (Required condition '!"failed"' was not met.)

[2025-03-28 11:14:39.683] [warning] Visualizer couldn't open Raja\little_proximal_rvs.vtp because: SimTK Exception thrown at PolygonalMesh.cpp:411:
  Error detected by Simbody method PolygonalMesh::loadVtpFile(): Attempt to load a VTK PolyData (.vtp) file from file name 'C:\OpenSim 4.3\opensim\..\\Geometry\Raja\little_proximal_rvs.vtp' failed with message:
  SimTK Exception thrown at Xml.cpp:108:
  Error detected by Simbody method Xml::readFromFile(): Failed to load the Xml file 'C:\OpenSim 4.3\opensim\..\\Geometry\Raja\little_proximal_rvs.vtp' with error 'Failed to open file (line=0, col=0)'.
  (Required condition 'loadOK' was not met.)

  (Required condition '!"failed"' was not met.)

[2025-03-28 11:14:39.684] [warning] Visualizer couldn't open Raja\little_medial_rvs.vtp because: SimTK Exception thrown at PolygonalMesh.cpp:411:
  Error detected by Simbody method PolygonalMesh::loadVtpFile(): Attempt to load a VTK PolyData (.vtp) file from file name 'C:\OpenSim 4.3\opensim\..\\Geometry\Raja\little_medial_rvs.vtp' failed with message:
  SimTK Exception thrown at Xml.cpp:108:
  Error detected by Simbody method Xml::readFromFile(): Failed to load the Xml file 'C:\OpenSim 4.3\opensim\..\\Geometry\Raja\little_medial_rvs.vtp' with error 'Failed to open file (line=0, col=0)'.
  (Required condition 'loadOK' was not met.)

  (Required condition '!"failed"' was not met.)

[2025-03-28 11:14:39.684] [warning] Visualizer couldn't open Raja\little_distal_rvs.vtp because: SimTK Exception thrown at PolygonalMesh.cpp:411:
  Error detected by Simbody method PolygonalMesh::loadVtpFile(): Attempt to load a VTK PolyData (.vtp) file from file name 'C:\OpenSim 4.3\opensim\..\\Geometry\Raja\little_distal_rvs.vtp' failed with message:
  SimTK Exception thrown at Xml.cpp:108:
  Error detected by Simbody method Xml::readFromFile(): Failed to load the Xml file 'C:\OpenSim 4.3\opensim\..\\Geometry\Raja\little_distal_rvs.vtp' with error 'Failed to open file (line=0, col=0)'.
  (Required condition 'loadOK' was not met.)

  (Required condition '!"failed"' was not met.)

[2025-03-28 11:14:39.684] [warning] Visualizer couldn't open Raja\metacarpal1_rvs.vtp because: SimTK Exception thrown at PolygonalMesh.cpp:411:
  Error detected by Simbody method PolygonalMesh::loadVtpFile(): Attempt to load a VTK PolyData (.vtp) file from file name 'C:\OpenSim 4.3\opensim\..\\Geometry\Raja\metacarpal1_rvs.vtp' failed with message:
  SimTK Exception thrown at Xml.cpp:108:
  Error detected by Simbody method Xml::readFromFile(): Failed to load the Xml file 'C:\OpenSim 4.3\opensim\..\\Geometry\Raja\metacarpal1_rvs.vtp' with error 'Failed to open file (line=0, col=0)'.
  (Required condition 'loadOK' was not met.)

  (Required condition '!"failed"' was not met.)

[2025-03-28 11:14:39.684] [warning] Visualizer couldn't open Raja\thumb_proximal_rvs.vtp because: SimTK Exception thrown at PolygonalMesh.cpp:411:
  Error detected by Simbody method PolygonalMesh::loadVtpFile(): Attempt to load a VTK PolyData (.vtp) file from file name 'C:\OpenSim 4.3\opensim\..\\Geometry\Raja\thumb_proximal_rvs.vtp' failed with message:
  SimTK Exception thrown at Xml.cpp:108:
  Error detected by Simbody method Xml::readFromFile(): Failed to load the Xml file 'C:\OpenSim 4.3\opensim\..\\Geometry\Raja\thumb_proximal_rvs.vtp' with error 'Failed to open file (line=0, col=0)'.
  (Required condition 'loadOK' was not met.)

  (Required condition '!"failed"' was not met.)

[2025-03-28 11:14:39.684] [warning] Visualizer couldn't open Raja\thumb_distal_rvs.vtp because: SimTK Exception thrown at PolygonalMesh.cpp:411:
  Error detected by Simbody method PolygonalMesh::loadVtpFile(): Attempt to load a VTK PolyData (.vtp) file from file name 'C:\OpenSim 4.3\opensim\..\\Geometry\Raja\thumb_distal_rvs.vtp' failed with message:
  SimTK Exception thrown at Xml.cpp:108:
  Error detected by Simbody method Xml::readFromFile(): Failed to load the Xml file 'C:\OpenSim 4.3\opensim\..\\Geometry\Raja\thumb_distal_rvs.vtp' with error 'Failed to open file (line=0, col=0)'.
  (Required condition 'loadOK' was not met.)

  (Required condition '!"failed"' was not met.)

[2025-03-28 11:14:39.684] [warning] Visualizer couldn't open Raja\humerus_lv.vtp because: SimTK Exception thrown at PolygonalMesh.cpp:411:
  Error detected by Simbody method PolygonalMesh::loadVtpFile(): Attempt to load a VTK PolyData (.vtp) file from file name 'C:\OpenSim 4.3\opensim\..\\Geometry\Raja\humerus_lv.vtp' failed with message:
  SimTK Exception thrown at Xml.cpp:108:
  Error detected by Simbody method Xml::readFromFile(): Failed to load the Xml file 'C:\OpenSim 4.3\opensim\..\\Geometry\Raja\humerus_lv.vtp' with error 'Failed to open file (line=0, col=0)'.
  (Required condition 'loadOK' was not met.)

  (Required condition '!"failed"' was not met.)

[2025-03-28 11:14:39.684] [warning] Visualizer couldn't open Raja\ulna_lv.vtp because: SimTK Exception thrown at PolygonalMesh.cpp:411:
  Error detected by Simbody method PolygonalMesh::loadVtpFile(): Attempt to load a VTK PolyData (.vtp) file from file name 'C:\OpenSim 4.3\opensim\..\\Geometry\Raja\ulna_lv.vtp' failed with message:
  SimTK Exception thrown at Xml.cpp:108:
  Error detected by Simbody method Xml::readFromFile(): Failed to load the Xml file 'C:\OpenSim 4.3\opensim\..\\Geometry\Raja\ulna_lv.vtp' with error 'Failed to open file (line=0, col=0)'.
  (Required condition 'loadOK' was not met.)

  (Required condition '!"failed"' was not met.)

[2025-03-28 11:14:39.685] [warning] Visualizer couldn't open Raja\radius_lv.vtp because: SimTK Exception thrown at PolygonalMesh.cpp:411:
  Error detected by Simbody method PolygonalMesh::loadVtpFile(): Attempt to load a VTK PolyData (.vtp) file from file name 'C:\OpenSim 4.3\opensim\..\\Geometry\Raja\radius_lv.vtp' failed with message:
  SimTK Exception thrown at Xml.cpp:108:
  Error detected by Simbody method Xml::readFromFile(): Failed to load the Xml file 'C:\OpenSim 4.3\opensim\..\\Geometry\Raja\radius_lv.vtp' with error 'Failed to open file (line=0, col=0)'.
  (Required condition 'loadOK' was not met.)

  (Required condition '!"failed"' was not met.)

[2025-03-28 11:14:39.685] [warning] Visualizer couldn't open Raja\pisiform_lvs.vtp because: SimTK Exception thrown at PolygonalMesh.cpp:411:
  Error detected by Simbody method PolygonalMesh::loadVtpFile(): Attempt to load a VTK PolyData (.vtp) file from file name 'C:\OpenSim 4.3\opensim\..\\Geometry\Raja\pisiform_lvs.vtp' failed with message:
  SimTK Exception thrown at Xml.cpp:108:
  Error detected by Simbody method Xml::readFromFile(): Failed to load the Xml file 'C:\OpenSim 4.3\opensim\..\\Geometry\Raja\pisiform_lvs.vtp' with error 'Failed to open file (line=0, col=0)'.
  (Required condition 'loadOK' was not met.)

  (Required condition '!"failed"' was not met.)

[2025-03-28 11:14:39.685] [warning] Visualizer couldn't open Raja\lunate_lvs.vtp because: SimTK Exception thrown at PolygonalMesh.cpp:411:
  Error detected by Simbody method PolygonalMesh::loadVtpFile(): Attempt to load a VTK PolyData (.vtp) file from file name 'C:\OpenSim 4.3\opensim\..\\Geometry\Raja\lunate_lvs.vtp' failed with message:
  SimTK Exception thrown at Xml.cpp:108:
  Error detected by Simbody method Xml::readFromFile(): Failed to load the Xml file 'C:\OpenSim 4.3\opensim\..\\Geometry\Raja\lunate_lvs.vtp' with error 'Failed to open file (line=0, col=0)'.
  (Required condition 'loadOK' was not met.)

  (Required condition '!"failed"' was not met.)

[2025-03-28 11:14:39.685] [warning] Visualizer couldn't open Raja\scaphoid_lvs.vtp because: SimTK Exception thrown at PolygonalMesh.cpp:411:
  Error detected by Simbody method PolygonalMesh::loadVtpFile(): Attempt to load a VTK PolyData (.vtp) file from file name 'C:\OpenSim 4.3\opensim\..\\Geometry\Raja\scaphoid_lvs.vtp' failed with message:
  SimTK Exception thrown at Xml.cpp:108:
  Error detected by Simbody method Xml::readFromFile(): Failed to load the Xml file 'C:\OpenSim 4.3\opensim\..\\Geometry\Raja\scaphoid_lvs.vtp' with error 'Failed to open file (line=0, col=0)'.
  (Required condition 'loadOK' was not met.)

  (Required condition '!"failed"' was not met.)

[2025-03-28 11:14:39.685] [warning] Visualizer couldn't open Raja\triquetrum_lvs.vtp because: SimTK Exception thrown at PolygonalMesh.cpp:411:
  Error detected by Simbody method PolygonalMesh::loadVtpFile(): Attempt to load a VTK PolyData (.vtp) file from file name 'C:\OpenSim 4.3\opensim\..\\Geometry\Raja\triquetrum_lvs.vtp' failed with message:
  SimTK Exception thrown at Xml.cpp:108:
  Error detected by Simbody method Xml::readFromFile(): Failed to load the Xml file 'C:\OpenSim 4.3\opensim\..\\Geometry\Raja\triquetrum_lvs.vtp' with error 'Failed to open file (line=0, col=0)'.
  (Required condition 'loadOK' was not met.)

  (Required condition '!"failed"' was not met.)

[2025-03-28 11:14:39.685] [warning] Visualizer couldn't open Raja\hamate_lvs.vtp because: SimTK Exception thrown at PolygonalMesh.cpp:411:
  Error detected by Simbody method PolygonalMesh::loadVtpFile(): Attempt to load a VTK PolyData (.vtp) file from file name 'C:\OpenSim 4.3\opensim\..\\Geometry\Raja\hamate_lvs.vtp' failed with message:
  SimTK Exception thrown at Xml.cpp:108:
  Error detected by Simbody method Xml::readFromFile(): Failed to load the Xml file 'C:\OpenSim 4.3\opensim\..\\Geometry\Raja\hamate_lvs.vtp' with error 'Failed to open file (line=0, col=0)'.
  (Required condition 'loadOK' was not met.)

  (Required condition '!"failed"' was not met.)

[2025-03-28 11:14:39.685] [warning] Visualizer couldn't open Raja\capitate_lvs.vtp because: SimTK Exception thrown at PolygonalMesh.cpp:411:
  Error detected by Simbody method PolygonalMesh::loadVtpFile(): Attempt to load a VTK PolyData (.vtp) file from file name 'C:\OpenSim 4.3\opensim\..\\Geometry\Raja\capitate_lvs.vtp' failed with message:
  SimTK Exception thrown at Xml.cpp:108:
  Error detected by Simbody method Xml::readFromFile(): Failed to load the Xml file 'C:\OpenSim 4.3\opensim\..\\Geometry\Raja\capitate_lvs.vtp' with error 'Failed to open file (line=0, col=0)'.
  (Required condition 'loadOK' was not met.)

  (Required condition '!"failed"' was not met.)

[2025-03-28 11:14:39.685] [warning] Visualizer couldn't open Raja\trapezoid_lvs.vtp because: SimTK Exception thrown at PolygonalMesh.cpp:411:
  Error detected by Simbody method PolygonalMesh::loadVtpFile(): Attempt to load a VTK PolyData (.vtp) file from file name 'C:\OpenSim 4.3\opensim\..\\Geometry\Raja\trapezoid_lvs.vtp' failed with message:
  SimTK Exception thrown at Xml.cpp:108:
  Error detected by Simbody method Xml::readFromFile(): Failed to load the Xml file 'C:\OpenSim 4.3\opensim\..\\Geometry\Raja\trapezoid_lvs.vtp' with error 'Failed to open file (line=0, col=0)'.
  (Required condition 'loadOK' was not met.)

  (Required condition '!"failed"' was not met.)

[2025-03-28 11:14:39.685] [warning] Visualizer couldn't open Raja\trapezium_lvs.vtp because: SimTK Exception thrown at PolygonalMesh.cpp:411:
  Error detected by Simbody method PolygonalMesh::loadVtpFile(): Attempt to load a VTK PolyData (.vtp) file from file name 'C:\OpenSim 4.3\opensim\..\\Geometry\Raja\trapezium_lvs.vtp' failed with message:
  SimTK Exception thrown at Xml.cpp:108:
  Error detected by Simbody method Xml::readFromFile(): Failed to load the Xml file 'C:\OpenSim 4.3\opensim\..\\Geometry\Raja\trapezium_lvs.vtp' with error 'Failed to open file (line=0, col=0)'.
  (Required condition 'loadOK' was not met.)

  (Required condition '!"failed"' was not met.)

[2025-03-28 11:14:39.685] [warning] Visualizer couldn't open Raja\metacarpal2_lvs.vtp because: SimTK Exception thrown at PolygonalMesh.cpp:411:
  Error detected by Simbody method PolygonalMesh::loadVtpFile(): Attempt to load a VTK PolyData (.vtp) file from file name 'C:\OpenSim 4.3\opensim\..\\Geometry\Raja\metacarpal2_lvs.vtp' failed with message:
  SimTK Exception thrown at Xml.cpp:108:
  Error detected by Simbody method Xml::readFromFile(): Failed to load the Xml file 'C:\OpenSim 4.3\opensim\..\\Geometry\Raja\metacarpal2_lvs.vtp' with error 'Failed to open file (line=0, col=0)'.
  (Required condition 'loadOK' was not met.)

  (Required condition '!"failed"' was not met.)

[2025-03-28 11:14:39.685] [warning] Visualizer couldn't open Raja\index_proximal_lvs.vtp because: SimTK Exception thrown at PolygonalMesh.cpp:411:
  Error detected by Simbody method PolygonalMesh::loadVtpFile(): Attempt to load a VTK PolyData (.vtp) file from file name 'C:\OpenSim 4.3\opensim\..\\Geometry\Raja\index_proximal_lvs.vtp' failed with message:
  SimTK Exception thrown at Xml.cpp:108:
  Error detected by Simbody method Xml::readFromFile(): Failed to load the Xml file 'C:\OpenSim 4.3\opensim\..\\Geometry\Raja\index_proximal_lvs.vtp' with error 'Failed to open file (line=0, col=0)'.
  (Required condition 'loadOK' was not met.)

  (Required condition '!"failed"' was not met.)

[2025-03-28 11:14:39.686] [warning] Visualizer couldn't open Raja\index_medial_lvs.vtp because: SimTK Exception thrown at PolygonalMesh.cpp:411:
  Error detected by Simbody method PolygonalMesh::loadVtpFile(): Attempt to load a VTK PolyData (.vtp) file from file name 'C:\OpenSim 4.3\opensim\..\\Geometry\Raja\index_medial_lvs.vtp' failed with message:
  SimTK Exception thrown at Xml.cpp:108:
  Error detected by Simbody method Xml::readFromFile(): Failed to load the Xml file 'C:\OpenSim 4.3\opensim\..\\Geometry\Raja\index_medial_lvs.vtp' with error 'Failed to open file (line=0, col=0)'.
  (Required condition 'loadOK' was not met.)

  (Required condition '!"failed"' was not met.)

[2025-03-28 11:14:39.686] [warning] Visualizer couldn't open Raja\index_distal_lvs.vtp because: SimTK Exception thrown at PolygonalMesh.cpp:411:
  Error detected by Simbody method PolygonalMesh::loadVtpFile(): Attempt to load a VTK PolyData (.vtp) file from file name 'C:\OpenSim 4.3\opensim\..\\Geometry\Raja\index_distal_lvs.vtp' failed with message:
  SimTK Exception thrown at Xml.cpp:108:
  Error detected by Simbody method Xml::readFromFile(): Failed to load the Xml file 'C:\OpenSim 4.3\opensim\..\\Geometry\Raja\index_distal_lvs.vtp' with error 'Failed to open file (line=0, col=0)'.
  (Required condition 'loadOK' was not met.)

  (Required condition '!"failed"' was not met.)

[2025-03-28 11:14:39.686] [warning] Visualizer couldn't open Raja\metacarpal3_lvs.vtp because: SimTK Exception thrown at PolygonalMesh.cpp:411:
  Error detected by Simbody method PolygonalMesh::loadVtpFile(): Attempt to load a VTK PolyData (.vtp) file from file name 'C:\OpenSim 4.3\opensim\..\\Geometry\Raja\metacarpal3_lvs.vtp' failed with message:
  SimTK Exception thrown at Xml.cpp:108:
  Error detected by Simbody method Xml::readFromFile(): Failed to load the Xml file 'C:\OpenSim 4.3\opensim\..\\Geometry\Raja\metacarpal3_lvs.vtp' with error 'Failed to open file (line=0, col=0)'.
  (Required condition 'loadOK' was not met.)

  (Required condition '!"failed"' was not met.)

[2025-03-28 11:14:39.686] [warning] Visualizer couldn't open Raja\middle_proximal_lvs.vtp because: SimTK Exception thrown at PolygonalMesh.cpp:411:
  Error detected by Simbody method PolygonalMesh::loadVtpFile(): Attempt to load a VTK PolyData (.vtp) file from file name 'C:\OpenSim 4.3\opensim\..\\Geometry\Raja\middle_proximal_lvs.vtp' failed with message:
  SimTK Exception thrown at Xml.cpp:108:
  Error detected by Simbody method Xml::readFromFile(): Failed to load the Xml file 'C:\OpenSim 4.3\opensim\..\\Geometry\Raja\middle_proximal_lvs.vtp' with error 'Failed to open file (line=0, col=0)'.
  (Required condition 'loadOK' was not met.)

  (Required condition '!"failed"' was not met.)

[2025-03-28 11:14:39.686] [warning] Visualizer couldn't open Raja\middle_medial_lvs.vtp because: SimTK Exception thrown at PolygonalMesh.cpp:411:
  Error detected by Simbody method PolygonalMesh::loadVtpFile(): Attempt to load a VTK PolyData (.vtp) file from file name 'C:\OpenSim 4.3\opensim\..\\Geometry\Raja\middle_medial_lvs.vtp' failed with message:
  SimTK Exception thrown at Xml.cpp:108:
  Error detected by Simbody method Xml::readFromFile(): Failed to load the Xml file 'C:\OpenSim 4.3\opensim\..\\Geometry\Raja\middle_medial_lvs.vtp' with error 'Failed to open file (line=0, col=0)'.
  (Required condition 'loadOK' was not met.)

  (Required condition '!"failed"' was not met.)

[2025-03-28 11:14:39.686] [warning] Visualizer couldn't open Raja\middle_distal_lvs.vtp because: SimTK Exception thrown at PolygonalMesh.cpp:411:
  Error detected by Simbody method PolygonalMesh::loadVtpFile(): Attempt to load a VTK PolyData (.vtp) file from file name 'C:\OpenSim 4.3\opensim\..\\Geometry\Raja\middle_distal_lvs.vtp' failed with message:
  SimTK Exception thrown at Xml.cpp:108:
  Error detected by Simbody method Xml::readFromFile(): Failed to load the Xml file 'C:\OpenSim 4.3\opensim\..\\Geometry\Raja\middle_distal_lvs.vtp' with error 'Failed to open file (line=0, col=0)'.
  (Required condition 'loadOK' was not met.)

  (Required condition '!"failed"' was not met.)

[2025-03-28 11:14:39.686] [warning] Visualizer couldn't open Raja\metacarpal4_lvs.vtp because: SimTK Exception thrown at PolygonalMesh.cpp:411:
  Error detected by Simbody method PolygonalMesh::loadVtpFile(): Attempt to load a VTK PolyData (.vtp) file from file name 'C:\OpenSim 4.3\opensim\..\\Geometry\Raja\metacarpal4_lvs.vtp' failed with message:
  SimTK Exception thrown at Xml.cpp:108:
  Error detected by Simbody method Xml::readFromFile(): Failed to load the Xml file 'C:\OpenSim 4.3\opensim\..\\Geometry\Raja\metacarpal4_lvs.vtp' with error 'Failed to open file (line=0, col=0)'.
  (Required condition 'loadOK' was not met.)

  (Required condition '!"failed"' was not met.)

[2025-03-28 11:14:39.686] [warning] Visualizer couldn't open Raja\ring_proximal_lvs.vtp because: SimTK Exception thrown at PolygonalMesh.cpp:411:
  Error detected by Simbody method PolygonalMesh::loadVtpFile(): Attempt to load a VTK PolyData (.vtp) file from file name 'C:\OpenSim 4.3\opensim\..\\Geometry\Raja\ring_proximal_lvs.vtp' failed with message:
  SimTK Exception thrown at Xml.cpp:108:
  Error detected by Simbody method Xml::readFromFile(): Failed to load the Xml file 'C:\OpenSim 4.3\opensim\..\\Geometry\Raja\ring_proximal_lvs.vtp' with error 'Failed to open file (line=0, col=0)'.
  (Required condition 'loadOK' was not met.)

  (Required condition '!"failed"' was not met.)

[2025-03-28 11:14:39.686] [warning] Visualizer couldn't open Raja\ring_medial_lvs.vtp because: SimTK Exception thrown at PolygonalMesh.cpp:411:
  Error detected by Simbody method PolygonalMesh::loadVtpFile(): Attempt to load a VTK PolyData (.vtp) file from file name 'C:\OpenSim 4.3\opensim\..\\Geometry\Raja\ring_medial_lvs.vtp' failed with message:
  SimTK Exception thrown at Xml.cpp:108:
  Error detected by Simbody method Xml::readFromFile(): Failed to load the Xml file 'C:\OpenSim 4.3\opensim\..\\Geometry\Raja\ring_medial_lvs.vtp' with error 'Failed to open file (line=0, col=0)'.
  (Required condition 'loadOK' was not met.)

  (Required condition '!"failed"' was not met.)

[2025-03-28 11:14:39.686] [warning] Visualizer couldn't open Raja\ring_distal_lvs.vtp because: SimTK Exception thrown at PolygonalMesh.cpp:411:
  Error detected by Simbody method PolygonalMesh::loadVtpFile(): Attempt to load a VTK PolyData (.vtp) file from file name 'C:\OpenSim 4.3\opensim\..\\Geometry\Raja\ring_distal_lvs.vtp' failed with message:
  SimTK Exception thrown at Xml.cpp:108:
  Error detected by Simbody method Xml::readFromFile(): Failed to load the Xml file 'C:\OpenSim 4.3\opensim\..\\Geometry\Raja\ring_distal_lvs.vtp' with error 'Failed to open file (line=0, col=0)'.
  (Required condition 'loadOK' was not met.)

  (Required condition '!"failed"' was not met.)

[2025-03-28 11:14:39.686] [warning] Visualizer couldn't open Raja\metacarpal5_lvs.vtp because: SimTK Exception thrown at PolygonalMesh.cpp:411:
  Error detected by Simbody method PolygonalMesh::loadVtpFile(): Attempt to load a VTK PolyData (.vtp) file from file name 'C:\OpenSim 4.3\opensim\..\\Geometry\Raja\metacarpal5_lvs.vtp' failed with message:
  SimTK Exception thrown at Xml.cpp:108:
  Error detected by Simbody method Xml::readFromFile(): Failed to load the Xml file 'C:\OpenSim 4.3\opensim\..\\Geometry\Raja\metacarpal5_lvs.vtp' with error 'Failed to open file (line=0, col=0)'.
  (Required condition 'loadOK' was not met.)

  (Required condition '!"failed"' was not met.)

[2025-03-28 11:14:39.686] [warning] Visualizer couldn't open Raja\little_proximal_lvs.vtp because: SimTK Exception thrown at PolygonalMesh.cpp:411:
  Error detected by Simbody method PolygonalMesh::loadVtpFile(): Attempt to load a VTK PolyData (.vtp) file from file name 'C:\OpenSim 4.3\opensim\..\\Geometry\Raja\little_proximal_lvs.vtp' failed with message:
  SimTK Exception thrown at Xml.cpp:108:
  Error detected by Simbody method Xml::readFromFile(): Failed to load the Xml file 'C:\OpenSim 4.3\opensim\..\\Geometry\Raja\little_proximal_lvs.vtp' with error 'Failed to open file (line=0, col=0)'.
  (Required condition 'loadOK' was not met.)

  (Required condition '!"failed"' was not met.)

[2025-03-28 11:14:39.686] [warning] Visualizer couldn't open Raja\little_medial_lvs.vtp because: SimTK Exception thrown at PolygonalMesh.cpp:411:
  Error detected by Simbody method PolygonalMesh::loadVtpFile(): Attempt to load a VTK PolyData (.vtp) file from file name 'C:\OpenSim 4.3\opensim\..\\Geometry\Raja\little_medial_lvs.vtp' failed with message:
  SimTK Exception thrown at Xml.cpp:108:
  Error detected by Simbody method Xml::readFromFile(): Failed to load the Xml file 'C:\OpenSim 4.3\opensim\..\\Geometry\Raja\little_medial_lvs.vtp' with error 'Failed to open file (line=0, col=0)'.
  (Required condition 'loadOK' was not met.)

  (Required condition '!"failed"' was not met.)

[2025-03-28 11:14:39.686] [warning] Visualizer couldn't open Raja\little_distal_lvs.vtp because: SimTK Exception thrown at PolygonalMesh.cpp:411:
  Error detected by Simbody method PolygonalMesh::loadVtpFile(): Attempt to load a VTK PolyData (.vtp) file from file name 'C:\OpenSim 4.3\opensim\..\\Geometry\Raja\little_distal_lvs.vtp' failed with message:
  SimTK Exception thrown at Xml.cpp:108:
  Error detected by Simbody method Xml::readFromFile(): Failed to load the Xml file 'C:\OpenSim 4.3\opensim\..\\Geometry\Raja\little_distal_lvs.vtp' with error 'Failed to open file (line=0, col=0)'.
  (Required condition 'loadOK' was not met.)

  (Required condition '!"failed"' was not met.)

[2025-03-28 11:14:39.687] [warning] Visualizer couldn't open Raja\metacarpal1_lvs.vtp because: SimTK Exception thrown at PolygonalMesh.cpp:411:
  Error detected by Simbody method PolygonalMesh::loadVtpFile(): Attempt to load a VTK PolyData (.vtp) file from file name 'C:\OpenSim 4.3\opensim\..\\Geometry\Raja\metacarpal1_lvs.vtp' failed with message:
  SimTK Exception thrown at Xml.cpp:108:
  Error detected by Simbody method Xml::readFromFile(): Failed to load the Xml file 'C:\OpenSim 4.3\opensim\..\\Geometry\Raja\metacarpal1_lvs.vtp' with error 'Failed to open file (line=0, col=0)'.
  (Required condition 'loadOK' was not met.)

  (Required condition '!"failed"' was not met.)

[2025-03-28 11:14:39.687] [warning] Visualizer couldn't open Raja\thumb_proximal_lvs.vtp because: SimTK Exception thrown at PolygonalMesh.cpp:411:
  Error detected by Simbody method PolygonalMesh::loadVtpFile(): Attempt to load a VTK PolyData (.vtp) file from file name 'C:\OpenSim 4.3\opensim\..\\Geometry\Raja\thumb_proximal_lvs.vtp' failed with message:
  SimTK Exception thrown at Xml.cpp:108:
  Error detected by Simbody method Xml::readFromFile(): Failed to load the Xml file 'C:\OpenSim 4.3\opensim\..\\Geometry\Raja\thumb_proximal_lvs.vtp' with error 'Failed to open file (line=0, col=0)'.
  (Required condition 'loadOK' was not met.)

  (Required condition '!"failed"' was not met.)

[2025-03-28 11:14:39.687] [warning] Visualizer couldn't open Raja\thumb_distal_lvs.vtp because: SimTK Exception thrown at PolygonalMesh.cpp:411:
  Error detected by Simbody method PolygonalMesh::loadVtpFile(): Attempt to load a VTK PolyData (.vtp) file from file name 'C:\OpenSim 4.3\opensim\..\\Geometry\Raja\thumb_distal_lvs.vtp' failed with message:
  SimTK Exception thrown at Xml.cpp:108:
  Error detected by Simbody method Xml::readFromFile(): Failed to load the Xml file 'C:\OpenSim 4.3\opensim\..\\Geometry\Raja\thumb_distal_lvs.vtp' with error 'Failed to open file (line=0, col=0)'.
  (Required condition 'loadOK' was not met.)

  (Required condition '!"failed"' was not met.)

[2025-03-28 11:15:33.962] [info] Storage: read data file = C:\Git\opensim_tutorial\tutorials\repeated_sprinting\Simulations\009_simplified\10m_sprint\ik.mot (nr=100 nc=40)
