Constructing tool from setup file .\setup.xml.

AbstractTool Run_baseline3 loading model '..\..\009_Rajagopal2015_FAI_rra_opt_N5.osim'
Loaded model 009_Rajagopal2015_FAI_rra_opt_N5.osim from file ..\..\009_Rajagopal2015_FAI_rra_opt_N5.osim
Adding force object set from .\actuators.xml
-----------------------------------------------------------------------
Loaded library
-----------------------------------------------------------------------
-----------------------------------------------------------------------

Old version storage/motion file encountered
Storage: file=.\Run_baseline3.mot (nr=421 nc=37)
.. assuming rotations in Degrees.
ExternalForce::Left
Data source being set to E:\3-PhD\Data\MocapData\ElaboratedData\009\pre\dynamicElaborations\Run_baseline3\Run_baseline3.mot
Storage: file=IK.mot (nr=41 nc=40)


Low-pass filtering coordinates data with a cutoff frequency of 7.
ExternalForce::Left_transformedP
Data source being set to E:\3-PhD\Data\MocapData\ElaboratedData\009\pre\dynamicElaborations\Run_baseline3\Run_baseline3.mot_transformedP

Loading coordinates from file ..\..\inverseKinematics\Run_baseline3\IK.mot.
Storage: file=..\..\inverseKinematics\Run_baseline3\IK.mot (nr=41 nc=40)
Found 41 state vectors with time stamps ranging from 3.43 to 3.63.
Executing the analyses from 3.43 to 3.63...

time = 3.43 Performance =3.54244 Constraint violation = 1.96195e-12
Bounds for addbrev_r: 0 to 1
Bounds for addlong_r: 0 to 1
Bounds for addmagDist_r: 0 to 1
Bounds for addmagIsch_r: 0 to 1
Bounds for addmagMid_r: 0 to 1
Bounds for addmagProx_r: 0 to 1
Bounds for bflh_r: 0 to 1
Bounds for bfsh_r: 0 to 1
Bounds for edl_r: 0 to 1
Bounds for ehl_r: 0 to 1
Bounds for fdl_r: 0 to 1
Bounds for fhl_r: 0 to 1
Bounds for gaslat_r: 0 to 1
Bounds for gasmed_r: 0 to 1
Bounds for glmax1_r: 0 to 1
Bounds for glmax2_r: 0 to 1
Bounds for glmax3_r: 0 to 1
Bounds for glmed1_r: 0 to 1
Bounds for glmed2_r: 0 to 1
Bounds for glmed3_r: 0 to 1
Bounds for glmin1_r: 0 to 1
Bounds for glmin2_r: 0 to 1
Bounds for glmin3_r: 0 to 1
Bounds for grac_r: 0 to 1
Bounds for iliacus_r: 0 to 1
Bounds for perbrev_r: 0 to 1
Bounds for perlong_r: 0 to 1
Bounds for piri_r: 0 to 1
Bounds for psoas_r: 0 to 1
Bounds for recfem_r: 0 to 1
Bounds for sart_r: 0 to 1
Bounds for semimem_r: 0 to 1
Bounds for semiten_r: 0 to 1
Bounds for soleus_r: 0 to 1
Bounds for tfl_r: 0 to 1
Bounds for tibant_r: 0 to 1
Bounds for tibpost_r: 0 to 1
Bounds for vasint_r: 0 to 1
Bounds for vaslat_r: 0 to 1
Bounds for vasmed_r: 0 to 1
Bounds for quad_fem_r: 0 to 1
Bounds for obt_internus_r1: 0 to 1
Bounds for addbrev_l: 0 to 1
Bounds for addlong_l: 0 to 1
Bounds for addmagDist_l: 0 to 1
Bounds for addmagIsch_l: 0 to 1
Bounds for addmagMid_l: 0 to 1
Bounds for addmagProx_l: 0 to 1
Bounds for bflh_l: 0 to 1
Bounds for bfsh_l: 0 to 1
Bounds for edl_l: 0 to 1
Bounds for ehl_l: 0 to 1
Bounds for fdl_l: 0 to 1
Bounds for fhl_l: 0 to 1
Bounds for gaslat_l: 0 to 1
Bounds for gasmed_l: 0 to 1
Bounds for glmax1_l: 0 to 1
Bounds for glmax2_l: 0 to 1
Bounds for glmax3_l: 0 to 1
Bounds for glmed1_l: 0 to 1
Bounds for glmed2_l: 0 to 1
Bounds for glmed3_l: 0 to 1
Bounds for glmin1_l: 0 to 1
Bounds for glmin2_l: 0 to 1
Bounds for glmin3_l: 0 to 1
Bounds for grac_l: 0 to 1
Bounds for iliacus_l: 0 to 1
Bounds for perbrev_l: 0 to 1
Bounds for perlong_l: 0 to 1
Bounds for piri_l: 0 to 1
Bounds for psoas_l: 0 to 1
Bounds for recfem_l: 0 to 1
Bounds for sart_l: 0 to 1
Bounds for semimem_l: 0 to 1
Bounds for semiten_l: 0 to 1
Bounds for soleus_l: 0 to 1
Bounds for tfl_l: 0 to 1
Bounds for tibant_l: 0 to 1
Bounds for tibpost_l: 0 to 1
Bounds for vasint_l: 0 to 1
Bounds for vaslat_l: 0 to 1
Bounds for vasmed_l: 0 to 1
Bounds for lumbar_ext: -inf to inf
Bounds for lumbar_bend: -inf to inf
Bounds for lumbar_rot: -inf to inf
Bounds for shoulder_flex_r: -inf to inf
Bounds for shoulder_add_r: -inf to inf
Bounds for shoulder_rot_r: -inf to inf
Bounds for elbow_flex_r: -inf to inf
Bounds for pro_sup_r: -inf to inf
Bounds for wrist_flex_r: -inf to inf
Bounds for wrist_dev_r: -inf to inf
Bounds for shoulder_flex_l: -inf to inf
Bounds for shoulder_add_l: -inf to inf
Bounds for shoulder_rot_l: -inf to inf
Bounds for elbow_flex_l: -inf to inf
Bounds for pro_sup_l: -inf to inf
Bounds for wrist_flex_l: -inf to inf
Bounds for wrist_dev_l: -inf to inf
Bounds for FX: -inf to inf
Bounds for FY: -inf to inf
Bounds for FZ: -inf to inf
Bounds for MX: -inf to inf
Bounds for MY: -inf to inf
Bounds for MZ: -inf to inf
Bounds for hip_flexion_r_reserve: -1 to 1
Bounds for hip_adduction_r_reserve: -1 to 1
Bounds for hip_rotation_r_reserve: -1 to 1
Bounds for knee_angle_r_reserve: -1 to 1
Bounds for ankle_angle_r_reserve: -1 to 1
Bounds for hip_flexion_l_reserve: -1 to 1
Bounds for hip_adduction_l_reserve: -1 to 1
Bounds for hip_rotation_l_reserve: -1 to 1
Bounds for knee_angle_l_reserve: -1 to 1
Bounds for ankle_angle_l_reserve: -1 to 1
Bounds for lumbar_extension_reserve: -1 to 1
Bounds for lumbar_bending_reserve: -1 to 1
Bounds for lumbar_rotation_reserve: -1 to 1
Bounds for arm_flex_r: -1 to 1
Bounds for arm_add_r: -1 to 1
Bounds for arm_rot_r: -1 to 1
Bounds for arm_flex_l: -1 to 1
Bounds for arm_add_l: -1 to 1
Bounds for arm_rot_l: -1 to 1

time = 3.435 Performance =1.15038 Constraint violation = 9.43339e-13

time = 3.44 Performance =2.10942 Constraint violation = 2.08402e-12

time = 3.445 Performance =1.9042 Constraint violation = 1.04053e-12

time = 3.45 Performance =2.37458 Constraint violation = 2.29803e-12

time = 3.455 Performance =2.96023 Constraint violation = 2.97844e-12

time = 3.46 Performance =3.69826 Constraint violation = 2.26249e-12

time = 3.465 Performance =3.26754 Constraint violation = 4.17953e-12

time = 3.47 Performance =3.53921 Constraint violation = 2.29236e-12

time = 3.475 Performance =3.63083 Constraint violation = 1.35715e-12

time = 3.48 Performance =3.72747 Constraint violation = 2.2646e-12

time = 3.485 Performance =3.87151 Constraint violation = 3.80099e-12

time = 3.49 Performance =4.00187 Constraint violation = 3.77077e-12

time = 3.495 Performance =4.12616 Constraint violation = 3.79814e-12

time = 3.5 Performance =4.31706 Constraint violation = 2.01413e-12

time = 3.505 Performance =4.30962 Constraint violation = 1.24783e-12

time = 3.51 Performance =4.54455 Constraint violation = 7.32664e-12

time = 3.515 Performance =4.2998 Constraint violation = 2.00463e-12

time = 3.52 Performance =4.03857 Constraint violation = 7.39782e-12

time = 3.525 Performance =4.44963 Constraint violation = 9.24737e-13

time = 3.53 Performance =4.74775 Constraint violation = 3.88435e-12

time = 3.535 Performance =4.2891 Constraint violation = 3.78586e-12

time = 3.54 Performance =4.23957 Constraint violation = 1.18243e-12

time = 3.545 Performance =3.81941 Constraint violation = 1.27202e-12

time = 3.55 Performance =3.66699 Constraint violation = 1.1066e-12

time = 3.555 Performance =3.01442 Constraint violation = 1.15766e-12

time = 3.56 Performance =2.4936 Constraint violation = 1.18146e-12

time = 3.565 Performance =2.52953 Constraint violation = 3.82168e-12

time = 3.57 Performance =3.60053 Constraint violation = 1.10114e-11

time = 3.575 Performance =1.90614 Constraint violation = 4.33341e-12

time = 3.58 Performance =2.14434 Constraint violation = 4.00182e-12

time = 3.585 Performance =4.08756 Constraint violation = 3.74977e-12

time = 3.59 Performance =1.91841 Constraint violation = 3.68711e-12

time = 3.595 Performance =1.41966 Constraint violation = 2.10436e-12

time = 3.6 Performance =0.403216 Constraint violation = 1.89021e-12

time = 3.605 Performance =0.289836 Constraint violation = 1.01331e-12

time = 3.61 Performance =0.931539 Constraint violation = 2.90552e-12

time = 3.615 Performance =1.02169 Constraint violation = 1.0098e-12

time = 3.62 Performance =0.189879 Constraint violation = 1.11434e-12

time = 3.625 Performance =0.216148 Constraint violation = 1.69855e-12

time = 3.63 Performance =1.76815 Constraint violation = 1.04438e-12
Printing results of investigation Run_baseline3 to .\.
Analyze compute time = 11992ms

