  
Calculated optimized muscle parameters for addbrev_r in 4.2796 seconds.
                         Lm Opt        Lts
Template model       : 0.10961    0.037689
Optimized param      : 0.10961    0.037689
Nr of eval points    : 118/125 used
fval                 : 3.717e-32
var from template [%]: 2.5322e-14  3.6822e-14%
  
  
Calculated optimized muscle parameters for addlong_r in 4.5393 seconds.
                         Lm Opt        Lts
Template model       : 0.11791     0.14363
Optimized param      : 0.11791     0.14363
Nr of eval points    : 120/125 used
fval                 : 2.8427e-31
var from template [%]: 1.1769e-14  1.9324e-14%
  
  
Calculated optimized muscle parameters for addmagDist_r in 4.3416 seconds.
                         Lm Opt        Lts
Template model       : 0.19851     0.09789
Optimized param      : 0.19851     0.09789
Nr of eval points    : 125/125 used
fval                 : 6.3171e-32
var from template [%]: 1.3982e-14  2.8354e-14%
  
  
Calculated optimized muscle parameters for addmagIsch_r in 4.5012 seconds.
                         Lm Opt        Lts
Template model       : 0.17456     0.24177
Optimized param      : 0.17456     0.24177
Nr of eval points    : 125/125 used
fval                 : 5.2385e-32
var from template [%]: 0  0%
  
  
Calculated optimized muscle parameters for addmagMid_r in 4.5426 seconds.
                         Lm Opt        Lts
Template model       : 0.15231    0.051576
Optimized param      : 0.15231    0.051576
Nr of eval points    : 125/125 used
fval                 : 5.1615e-32
var from template [%]: 1.8223e-14  2.6908e-14%
  
  
Calculated optimized muscle parameters for addmagProx_r in 4.6876 seconds.
                         Lm Opt        Lts
Template model       : 0.10995    0.041985
Optimized param      : 0.10995    0.041985
Nr of eval points    : 114/125 used
fval                 : 3.3319e-32
var from template [%]: 0  3.3054e-14%
  
  
Calculated optimized muscle parameters for bflh_r in 22.7972 seconds.
                         Lm Opt        Lts
Template model       : 0.10783      0.3593
Optimized param      : 0.10783      0.3593
Nr of eval points    : 513/625 used
fval                 : 8.5357e-31
var from template [%]: 5.1482e-14   1.545e-14%
  
  
Calculated optimized muscle parameters for bfsh_r in 0.2407 seconds.
                         Lm Opt        Lts
Template model       : 0.12011     0.11523
Optimized param      : 0.12011     0.11523
Nr of eval points    : 5/5 used
fval                 : 2.3111e-33
var from template [%]: 5.7769e-14  6.0216e-14%
  
  
Calculated optimized muscle parameters for edl_r in 0.22229 seconds.
                         Lm Opt        Lts
Template model       : 0.072017     0.38334
Optimized param      : 0.072017     0.38334
Nr of eval points    : 5/5 used
fval                 : 7.3956e-32
var from template [%]: 1.7343e-13           0%
  
  
Calculated optimized muscle parameters for ehl_r in 0.25593 seconds.
                         Lm Opt        Lts
Template model       : 0.077607     0.33906
Optimized param      : 0.077607     0.33906
Nr of eval points    : 5/5 used
fval                 : 1.6948e-31
var from template [%]: 4.8282e-13  6.5489e-14%
  
  
Calculated optimized muscle parameters for fdl_r in 0.24141 seconds.
                         Lm Opt        Lts
Template model       : 0.046177     0.39216
Optimized param      : 0.046177     0.39216
Nr of eval points    : 5/5 used
fval                 : 1.8489e-32
var from template [%]: 9.0161e-14  1.4155e-14%
  
  
Calculated optimized muscle parameters for fhl_r in 0.2525 seconds.
                         Lm Opt        Lts
Template model       : 0.054472     0.36625
Optimized param      : 0.054472     0.36625
Nr of eval points    : 5/5 used
fval                 : 1.0785e-31
var from template [%]: 1.3248e-12  2.1219e-13%
  
  
Calculated optimized muscle parameters for gaslat_r in 1.0461 seconds.
                         Lm Opt        Lts
Template model       : 0.061958     0.39627
Optimized param      : 0.061958     0.39627
Nr of eval points    : 18/25 used
fval                 : 4.3141e-32
var from template [%]: 4.4797e-14  1.4008e-14%
  
  
Calculated optimized muscle parameters for gasmed_r in 1.0178 seconds.
                         Lm Opt        Lts
Template model       : 0.053793     0.42055
Optimized param      : 0.053793     0.42055
Nr of eval points    : 14/25 used
fval                 : 1.6948e-31
var from template [%]: 1.9349e-13           0%
  
  
Calculated optimized muscle parameters for glmax1_r in 4.6378 seconds.
                         Lm Opt        Lts
Template model       : 0.14796    0.049159
Optimized param      : 0.14796    0.049159
Nr of eval points    : 125/125 used
fval                 : 1.5346e-30
var from template [%]: 1.8759e-14  1.5527e-13%
  
  
Calculated optimized muscle parameters for glmax2_r in 4.6921 seconds.
                         Lm Opt        Lts
Template model       : 0.16104    0.069633
Optimized param      : 0.16104    0.069633
Nr of eval points    : 125/125 used
fval                 : 1.2326e-31
var from template [%]: 0   3.986e-14%
  
  
Calculated optimized muscle parameters for glmax3_r in 4.609 seconds.
                         Lm Opt        Lts
Template model       : 0.17445    0.072825
Optimized param      : 0.17445    0.072825
Nr of eval points    : 125/125 used
fval                 : 6.7022e-32
var from template [%]: 0  0%
  
  
Calculated optimized muscle parameters for glmed1_r in 4.5805 seconds.
                         Lm Opt        Lts
Template model       : 0.072152    0.055169
Optimized param      : 0.072152    0.055169
Nr of eval points    : 105/125 used
fval                 : 5.123e-32
var from template [%]: 1.9234e-14           0%
  
  
Calculated optimized muscle parameters for glmed2_r in 4.4771 seconds.
                         Lm Opt        Lts
Template model       : 0.072129    0.064471
Optimized param      : 0.072129    0.064471
Nr of eval points    : 115/125 used
fval                 : 1.0227e-31
var from template [%]: 1.924e-14  6.4577e-14%
  
  
Calculated optimized muscle parameters for glmed3_r in 4.0598 seconds.
                         Lm Opt        Lts
Template model       : 0.073173     0.04534
Optimized param      : 0.073173     0.04534
Nr of eval points    : 117/125 used
fval                 : 2.1378e-32
var from template [%]: 0  1.5304e-14%
  
  
Calculated optimized muscle parameters for glmin1_r in 4.0349 seconds.
                         Lm Opt        Lts
Template model       : 0.069065    0.016391
Optimized param      : 0.069065    0.016391
Nr of eval points    : 106/125 used
fval                 : 6.8371e-33
var from template [%]: 0  2.1167e-14%
  
