[2025-02-27 12:51:21.086] [info] Loaded model Visual3d from file c:\Git\opensim_tutorial\tutorials\repeated_sprinting\Simulations\PC002\PC002_scaled.osim
[2025-02-27 12:51:21.087] [warning] Couldn't find file 'treadmill.vtp'.
[2025-02-27 12:51:21.087] [warning] Couldn't find file 'sacrum.vtp'.
[2025-02-27 12:51:21.087] [warning] Couldn't find file 'pelvis.vtp'.
[2025-02-27 12:51:21.087] [warning] Couldn't find file 'l_pelvis.vtp'.
[2025-02-27 12:51:21.087] [warning] Couldn't find file 'femur_r.vtp'.
[2025-02-27 12:51:21.088] [warning] Couldn't find file 'tibia_r.vtp'.
[2025-02-27 12:51:21.088] [warning] Couldn't find file 'fibula.vtp'.
[2025-02-27 12:51:21.088] [warning] Couldn't find file 'talus.vtp'.
[2025-02-27 12:51:21.088] [warning] Couldn't find file 'foot.vtp'.
[2025-02-27 12:51:21.089] [warning] Couldn't find file 'bofoot.vtp'.
[2025-02-27 12:51:21.089] [warning] Couldn't find file 'femur_l.vtp'.
[2025-02-27 12:51:21.089] [warning] Couldn't find file 'tibia_l.vtp'.
[2025-02-27 12:51:21.089] [warning] Couldn't find file 'l_fibula.vtp'.
[2025-02-27 12:51:21.089] [warning] Couldn't find file 'l_talus.vtp'.
[2025-02-27 12:51:21.089] [warning] Couldn't find file 'l_foot.vtp'.
[2025-02-27 12:51:21.089] [warning] Couldn't find file 'l_bofoot.vtp'.
[2025-02-27 12:51:21.089] [warning] Couldn't find file 'hat_spine.vtp'.
[2025-02-27 12:51:21.089] [warning] Couldn't find file 'hat_jaw.vtp'.
[2025-02-27 12:51:21.089] [warning] Couldn't find file 'hat_skull.vtp'.
[2025-02-27 12:51:21.089] [warning] Couldn't find file 'hat_ribs.vtp'.
[2025-02-27 12:51:21.114] [info] Old version storage/motion file encountered
[2025-02-27 12:51:21.114] [info] Storage: read data file = c:\Git\opensim_tutorial\tutorials\repeated_sprinting\Simulations\PC002\trial2_r1\Visual3d_SIMM_input.mot (nr=43 nc=42)
[2025-02-27 12:51:21.114] [info] .. assuming rotations in Degrees..
[2025-02-27 12:53:03.156] [info] Loaded model Visual3d from file c:\Git\opensim_tutorial\tutorials\repeated_sprinting\Simulations\PC002\PC002_scaled.osim
[2025-02-27 12:53:03.156] [warning] Couldn't find file 'treadmill.vtp'.
[2025-02-27 12:53:03.156] [warning] Couldn't find file 'sacrum.vtp'.
[2025-02-27 12:53:03.156] [warning] Couldn't find file 'pelvis.vtp'.
[2025-02-27 12:53:03.157] [warning] Couldn't find file 'l_pelvis.vtp'.
[2025-02-27 12:53:03.157] [warning] Couldn't find file 'femur_r.vtp'.
[2025-02-27 12:53:03.157] [warning] Couldn't find file 'tibia_r.vtp'.
[2025-02-27 12:53:03.157] [warning] Couldn't find file 'fibula.vtp'.
[2025-02-27 12:53:03.157] [warning] Couldn't find file 'talus.vtp'.
[2025-02-27 12:53:03.157] [warning] Couldn't find file 'foot.vtp'.
[2025-02-27 12:53:03.157] [warning] Couldn't find file 'bofoot.vtp'.
[2025-02-27 12:53:03.157] [warning] Couldn't find file 'femur_l.vtp'.
[2025-02-27 12:53:03.157] [warning] Couldn't find file 'tibia_l.vtp'.
[2025-02-27 12:53:03.157] [warning] Couldn't find file 'l_fibula.vtp'.
[2025-02-27 12:53:03.157] [warning] Couldn't find file 'l_talus.vtp'.
[2025-02-27 12:53:03.157] [warning] Couldn't find file 'l_foot.vtp'.
[2025-02-27 12:53:03.157] [warning] Couldn't find file 'l_bofoot.vtp'.
[2025-02-27 12:53:03.157] [warning] Couldn't find file 'hat_spine.vtp'.
[2025-02-27 12:53:03.158] [warning] Couldn't find file 'hat_jaw.vtp'.
[2025-02-27 12:53:03.158] [warning] Couldn't find file 'hat_skull.vtp'.
[2025-02-27 12:53:03.158] [warning] Couldn't find file 'hat_ribs.vtp'.
[2025-02-27 12:53:03.178] [info] Old version storage/motion file encountered
[2025-02-27 12:53:03.178] [info] Storage: read data file = c:\Git\opensim_tutorial\tutorials\repeated_sprinting\Simulations\PC002\trial2_r1\Visual3d_SIMM_input.mot (nr=43 nc=42)
[2025-02-27 12:53:03.178] [info] .. assuming rotations in Degrees..
[2025-02-27 12:53:27.054] [info] Loaded model Visual3d from file c:\Git\opensim_tutorial\tutorials\repeated_sprinting\Simulations\PC002\PC002_scaled.osim
[2025-02-27 12:53:27.055] [warning] Couldn't find file 'treadmill.vtp'.
[2025-02-27 12:53:27.055] [warning] Couldn't find file 'sacrum.vtp'.
[2025-02-27 12:53:27.056] [warning] Couldn't find file 'pelvis.vtp'.
[2025-02-27 12:53:27.056] [warning] Couldn't find file 'l_pelvis.vtp'.
[2025-02-27 12:53:27.056] [warning] Couldn't find file 'femur_r.vtp'.
[2025-02-27 12:53:27.056] [warning] Couldn't find file 'tibia_r.vtp'.
[2025-02-27 12:53:27.056] [warning] Couldn't find file 'fibula.vtp'.
[2025-02-27 12:53:27.056] [warning] Couldn't find file 'talus.vtp'.
[2025-02-27 12:53:27.056] [warning] Couldn't find file 'foot.vtp'.
[2025-02-27 12:53:27.056] [warning] Couldn't find file 'bofoot.vtp'.
[2025-02-27 12:53:27.056] [warning] Couldn't find file 'femur_l.vtp'.
[2025-02-27 12:53:27.056] [warning] Couldn't find file 'tibia_l.vtp'.
[2025-02-27 12:53:27.056] [warning] Couldn't find file 'l_fibula.vtp'.
[2025-02-27 12:53:27.057] [warning] Couldn't find file 'l_talus.vtp'.
[2025-02-27 12:53:27.057] [warning] Couldn't find file 'l_foot.vtp'.
[2025-02-27 12:53:27.057] [warning] Couldn't find file 'l_bofoot.vtp'.
[2025-02-27 12:53:27.057] [warning] Couldn't find file 'hat_spine.vtp'.
[2025-02-27 12:53:27.057] [warning] Couldn't find file 'hat_jaw.vtp'.
[2025-02-27 12:53:27.057] [warning] Couldn't find file 'hat_skull.vtp'.
[2025-02-27 12:53:27.057] [warning] Couldn't find file 'hat_ribs.vtp'.
[2025-02-27 12:53:27.076] [info] Old version storage/motion file encountered
[2025-02-27 12:53:27.076] [info] Storage: read data file = c:\Git\opensim_tutorial\tutorials\repeated_sprinting\Simulations\PC002\trial2_r1\Visual3d_SIMM_input.mot (nr=43 nc=42)
[2025-02-27 12:53:27.076] [info] .. assuming rotations in Degrees..
[2025-02-27 12:57:23.699] [info] Loaded model Visual3d from file c:\Git\opensim_tutorial\tutorials\repeated_sprinting\Simulations\PC002\PC002_scaled.osim
[2025-02-27 12:57:23.700] [warning] Couldn't find file 'treadmill.vtp'.
[2025-02-27 12:57:23.700] [warning] Couldn't find file 'sacrum.vtp'.
[2025-02-27 12:57:23.700] [warning] Couldn't find file 'pelvis.vtp'.
[2025-02-27 12:57:23.700] [warning] Couldn't find file 'l_pelvis.vtp'.
[2025-02-27 12:57:23.701] [warning] Couldn't find file 'femur_r.vtp'.
[2025-02-27 12:57:23.701] [warning] Couldn't find file 'tibia_r.vtp'.
[2025-02-27 12:57:23.701] [warning] Couldn't find file 'fibula.vtp'.
[2025-02-27 12:57:23.701] [warning] Couldn't find file 'talus.vtp'.
[2025-02-27 12:57:23.701] [warning] Couldn't find file 'foot.vtp'.
[2025-02-27 12:57:23.701] [warning] Couldn't find file 'bofoot.vtp'.
[2025-02-27 12:57:23.701] [warning] Couldn't find file 'femur_l.vtp'.
[2025-02-27 12:57:23.701] [warning] Couldn't find file 'tibia_l.vtp'.
[2025-02-27 12:57:23.701] [warning] Couldn't find file 'l_fibula.vtp'.
[2025-02-27 12:57:23.701] [warning] Couldn't find file 'l_talus.vtp'.
[2025-02-27 12:57:23.701] [warning] Couldn't find file 'l_foot.vtp'.
[2025-02-27 12:57:23.701] [warning] Couldn't find file 'l_bofoot.vtp'.
[2025-02-27 12:57:23.702] [warning] Couldn't find file 'hat_spine.vtp'.
[2025-02-27 12:57:23.702] [warning] Couldn't find file 'hat_jaw.vtp'.
[2025-02-27 12:57:23.702] [warning] Couldn't find file 'hat_skull.vtp'.
[2025-02-27 12:57:23.702] [warning] Couldn't find file 'hat_ribs.vtp'.
[2025-02-27 12:57:23.707] [info] Old version storage/motion file encountered
[2025-02-27 12:57:23.707] [info] Storage: read data file = c:\Git\opensim_tutorial\tutorials\repeated_sprinting\Simulations\PC002\trial2_r1\Visual3d_SIMM_input.mot (nr=43 nc=42)
[2025-02-27 12:57:23.707] [info] .. assuming rotations in Degrees..
[2025-02-27 12:57:23.717] [cout] [info] 
               MODEL: Visual3d
         coordinates: 23
              forces: 92
           actuators: 92
             muscles: 92
            analyses: 0
              probes: 0
              bodies: 12
              joints: 12
         constraints: 0
             markers: 0
         controllers: 0
  contact geometries: 0
misc modelcomponents: 0
[2025-02-27 12:57:23.718] [info] Running tool ...
[2025-02-27 12:57:23.742] [error] IO.OpenInputFile(const string&,openmode mode): failed to open C:\Users\vasil\Downloads\DADOS LISA&CAROLINA\PC002\Trials\Trial2 (Best)\Visual3d_SIMM_grf_trial2_right.mot.
[2025-02-27 12:57:23.747] [error] Failed to read ExternalLoads data file 'C:\Users\vasil\Downloads\DADOS LISA&CAROLINA\PC002\Trials\Trial2 (Best)\Visual3d_SIMM_grf_trial2_right.mot'.
[2025-02-27 12:58:32.105] [info] Loaded model Visual3d from file c:\Git\opensim_tutorial\tutorials\repeated_sprinting\Simulations\PC002\PC002_scaled.osim
[2025-02-27 12:58:32.106] [warning] Couldn't find file 'treadmill.vtp'.
[2025-02-27 12:58:32.106] [warning] Couldn't find file 'sacrum.vtp'.
[2025-02-27 12:58:32.106] [warning] Couldn't find file 'pelvis.vtp'.
[2025-02-27 12:58:32.107] [warning] Couldn't find file 'l_pelvis.vtp'.
[2025-02-27 12:58:32.107] [warning] Couldn't find file 'femur_r.vtp'.
[2025-02-27 12:58:32.107] [warning] Couldn't find file 'tibia_r.vtp'.
[2025-02-27 12:58:32.107] [warning] Couldn't find file 'fibula.vtp'.
[2025-02-27 12:58:32.107] [warning] Couldn't find file 'talus.vtp'.
[2025-02-27 12:58:32.107] [warning] Couldn't find file 'foot.vtp'.
[2025-02-27 12:58:32.107] [warning] Couldn't find file 'bofoot.vtp'.
[2025-02-27 12:58:32.107] [warning] Couldn't find file 'femur_l.vtp'.
[2025-02-27 12:58:32.107] [warning] Couldn't find file 'tibia_l.vtp'.
[2025-02-27 12:58:32.107] [warning] Couldn't find file 'l_fibula.vtp'.
[2025-02-27 12:58:32.107] [warning] Couldn't find file 'l_talus.vtp'.
[2025-02-27 12:58:32.107] [warning] Couldn't find file 'l_foot.vtp'.
[2025-02-27 12:58:32.107] [warning] Couldn't find file 'l_bofoot.vtp'.
[2025-02-27 12:58:32.107] [warning] Couldn't find file 'hat_spine.vtp'.
[2025-02-27 12:58:32.107] [warning] Couldn't find file 'hat_jaw.vtp'.
[2025-02-27 12:58:32.108] [warning] Couldn't find file 'hat_skull.vtp'.
[2025-02-27 12:58:32.108] [warning] Couldn't find file 'hat_ribs.vtp'.
[2025-02-27 12:58:32.113] [info] Old version storage/motion file encountered
[2025-02-27 12:58:32.113] [info] Storage: read data file = c:\Git\opensim_tutorial\tutorials\repeated_sprinting\Simulations\PC002\trial2_r1\Visual3d_SIMM_input.mot (nr=43 nc=42)
[2025-02-27 12:58:32.113] [info] .. assuming rotations in Degrees..
[2025-02-27 12:58:32.119] [cout] [info] 
               MODEL: Visual3d
         coordinates: 23
              forces: 92
           actuators: 92
             muscles: 92
            analyses: 0
              probes: 0
              bodies: 12
              joints: 12
         constraints: 0
             markers: 0
         controllers: 0
  contact geometries: 0
misc modelcomponents: 0
[2025-02-27 12:58:32.119] [info] Running tool ...
[2025-02-27 12:58:32.148] [error] IO.OpenInputFile(const string&,openmode mode): failed to open C:\Users\vasil\Downloads\DADOS LISA&CAROLINA\PC002\Trials\Trial2 (Best)\Visual3d_SIMM_grf_trial2_right.mot.
[2025-02-27 12:58:32.148] [error] Failed to read ExternalLoads data file 'C:\Users\vasil\Downloads\DADOS LISA&CAROLINA\PC002\Trials\Trial2 (Best)\Visual3d_SIMM_grf_trial2_right.mot'.
[2025-02-27 12:59:24.042] [info] Loaded model Visual3d from file c:\Git\opensim_tutorial\tutorials\repeated_sprinting\Simulations\PC002\PC002_scaled.osim
[2025-02-27 12:59:24.042] [warning] Couldn't find file 'treadmill.vtp'.
[2025-02-27 12:59:24.042] [warning] Couldn't find file 'sacrum.vtp'.
[2025-02-27 12:59:24.042] [warning] Couldn't find file 'pelvis.vtp'.
[2025-02-27 12:59:24.042] [warning] Couldn't find file 'l_pelvis.vtp'.
[2025-02-27 12:59:24.042] [warning] Couldn't find file 'femur_r.vtp'.
[2025-02-27 12:59:24.042] [warning] Couldn't find file 'tibia_r.vtp'.
[2025-02-27 12:59:24.042] [warning] Couldn't find file 'fibula.vtp'.
[2025-02-27 12:59:24.043] [warning] Couldn't find file 'talus.vtp'.
[2025-02-27 12:59:24.043] [warning] Couldn't find file 'foot.vtp'.
[2025-02-27 12:59:24.043] [warning] Couldn't find file 'bofoot.vtp'.
[2025-02-27 12:59:24.043] [warning] Couldn't find file 'femur_l.vtp'.
[2025-02-27 12:59:24.043] [warning] Couldn't find file 'tibia_l.vtp'.
[2025-02-27 12:59:24.043] [warning] Couldn't find file 'l_fibula.vtp'.
[2025-02-27 12:59:24.043] [warning] Couldn't find file 'l_talus.vtp'.
[2025-02-27 12:59:24.043] [warning] Couldn't find file 'l_foot.vtp'.
[2025-02-27 12:59:24.043] [warning] Couldn't find file 'l_bofoot.vtp'.
[2025-02-27 12:59:24.043] [warning] Couldn't find file 'hat_spine.vtp'.
[2025-02-27 12:59:24.043] [warning] Couldn't find file 'hat_jaw.vtp'.
[2025-02-27 12:59:24.043] [warning] Couldn't find file 'hat_skull.vtp'.
[2025-02-27 12:59:24.043] [warning] Couldn't find file 'hat_ribs.vtp'.
[2025-02-27 12:59:24.046] [info] Old version storage/motion file encountered
[2025-02-27 12:59:24.046] [info] Storage: read data file = c:\Git\opensim_tutorial\tutorials\repeated_sprinting\Simulations\PC002\trial2_r1\Visual3d_SIMM_input.mot (nr=43 nc=42)
[2025-02-27 12:59:24.046] [info] .. assuming rotations in Degrees..
[2025-02-27 12:59:24.051] [cout] [info] 
               MODEL: Visual3d
         coordinates: 23
              forces: 92
           actuators: 92
             muscles: 92
            analyses: 0
              probes: 0
              bodies: 12
              joints: 12
         constraints: 0
             markers: 0
         controllers: 0
  contact geometries: 0
misc modelcomponents: 0
[2025-02-27 12:59:24.051] [info] Running tool ...
[2025-02-27 12:59:24.077] [error] IO.OpenInputFile(const string&,openmode mode): failed to open Visual3d_SIMM_grf_trial2_right.mot.
[2025-02-27 12:59:24.077] [error] Failed to read ExternalLoads data file 'Visual3d_SIMM_grf_trial2_right.mot'.
[2025-02-27 12:59:44.545] [info] Loaded model Visual3d from file c:\Git\opensim_tutorial\tutorials\repeated_sprinting\Simulations\PC002\PC002_scaled.osim
[2025-02-27 12:59:44.545] [warning] Couldn't find file 'treadmill.vtp'.
[2025-02-27 12:59:44.546] [warning] Couldn't find file 'sacrum.vtp'.
[2025-02-27 12:59:44.546] [warning] Couldn't find file 'pelvis.vtp'.
[2025-02-27 12:59:44.546] [warning] Couldn't find file 'l_pelvis.vtp'.
[2025-02-27 12:59:44.546] [warning] Couldn't find file 'femur_r.vtp'.
[2025-02-27 12:59:44.546] [warning] Couldn't find file 'tibia_r.vtp'.
[2025-02-27 12:59:44.546] [warning] Couldn't find file 'fibula.vtp'.
[2025-02-27 12:59:44.546] [warning] Couldn't find file 'talus.vtp'.
[2025-02-27 12:59:44.546] [warning] Couldn't find file 'foot.vtp'.
[2025-02-27 12:59:44.546] [warning] Couldn't find file 'bofoot.vtp'.
[2025-02-27 12:59:44.546] [warning] Couldn't find file 'femur_l.vtp'.
[2025-02-27 12:59:44.546] [warning] Couldn't find file 'tibia_l.vtp'.
[2025-02-27 12:59:44.546] [warning] Couldn't find file 'l_fibula.vtp'.
[2025-02-27 12:59:44.546] [warning] Couldn't find file 'l_talus.vtp'.
[2025-02-27 12:59:44.546] [warning] Couldn't find file 'l_foot.vtp'.
[2025-02-27 12:59:44.547] [warning] Couldn't find file 'l_bofoot.vtp'.
[2025-02-27 12:59:44.547] [warning] Couldn't find file 'hat_spine.vtp'.
[2025-02-27 12:59:44.547] [warning] Couldn't find file 'hat_jaw.vtp'.
[2025-02-27 12:59:44.547] [warning] Couldn't find file 'hat_skull.vtp'.
[2025-02-27 12:59:44.547] [warning] Couldn't find file 'hat_ribs.vtp'.
[2025-02-27 12:59:44.550] [info] Old version storage/motion file encountered
[2025-02-27 12:59:44.550] [info] Storage: read data file = c:\Git\opensim_tutorial\tutorials\repeated_sprinting\Simulations\PC002\trial2_r1\Visual3d_SIMM_input.mot (nr=43 nc=42)
[2025-02-27 12:59:44.550] [info] .. assuming rotations in Degrees..
[2025-02-27 12:59:44.557] [cout] [info] 
               MODEL: Visual3d
         coordinates: 23
              forces: 92
           actuators: 92
             muscles: 92
            analyses: 0
              probes: 0
              bodies: 12
              joints: 12
         constraints: 0
             markers: 0
         controllers: 0
  contact geometries: 0
misc modelcomponents: 0
[2025-02-27 12:59:44.557] [info] Running tool ...
[2025-02-27 12:59:44.579] [error] IO.OpenInputFile(const string&,openmode mode): failed to open Visual3d_SIMM_grf_trial2_right.mot.
[2025-02-27 12:59:44.579] [error] Failed to read ExternalLoads data file 'Visual3d_SIMM_grf_trial2_right.mot'.
[2025-02-27 12:59:49.626] [info] Loaded model Visual3d from file c:\Git\opensim_tutorial\tutorials\repeated_sprinting\Simulations\PC002\PC002_scaled.osim
[2025-02-27 12:59:49.627] [warning] Couldn't find file 'treadmill.vtp'.
[2025-02-27 12:59:49.627] [warning] Couldn't find file 'sacrum.vtp'.
[2025-02-27 12:59:49.627] [warning] Couldn't find file 'pelvis.vtp'.
[2025-02-27 12:59:49.627] [warning] Couldn't find file 'l_pelvis.vtp'.
[2025-02-27 12:59:49.627] [warning] Couldn't find file 'femur_r.vtp'.
[2025-02-27 12:59:49.627] [warning] Couldn't find file 'tibia_r.vtp'.
[2025-02-27 12:59:49.627] [warning] Couldn't find file 'fibula.vtp'.
[2025-02-27 12:59:49.627] [warning] Couldn't find file 'talus.vtp'.
[2025-02-27 12:59:49.627] [warning] Couldn't find file 'foot.vtp'.
[2025-02-27 12:59:49.627] [warning] Couldn't find file 'bofoot.vtp'.
[2025-02-27 12:59:49.628] [warning] Couldn't find file 'femur_l.vtp'.
[2025-02-27 12:59:49.628] [warning] Couldn't find file 'tibia_l.vtp'.
[2025-02-27 12:59:49.628] [warning] Couldn't find file 'l_fibula.vtp'.
[2025-02-27 12:59:49.628] [warning] Couldn't find file 'l_talus.vtp'.
[2025-02-27 12:59:49.628] [warning] Couldn't find file 'l_foot.vtp'.
[2025-02-27 12:59:49.628] [warning] Couldn't find file 'l_bofoot.vtp'.
[2025-02-27 12:59:49.628] [warning] Couldn't find file 'hat_spine.vtp'.
[2025-02-27 12:59:49.628] [warning] Couldn't find file 'hat_jaw.vtp'.
[2025-02-27 12:59:49.628] [warning] Couldn't find file 'hat_skull.vtp'.
[2025-02-27 12:59:49.628] [warning] Couldn't find file 'hat_ribs.vtp'.
[2025-02-27 12:59:49.632] [info] Old version storage/motion file encountered
[2025-02-27 12:59:49.632] [info] Storage: read data file = c:\Git\opensim_tutorial\tutorials\repeated_sprinting\Simulations\PC002\trial2_r1\Visual3d_SIMM_input.mot (nr=43 nc=42)
[2025-02-27 12:59:49.632] [info] .. assuming rotations in Degrees..
[2025-02-27 12:59:49.639] [cout] [info] 
               MODEL: Visual3d
         coordinates: 23
              forces: 92
           actuators: 92
             muscles: 92
            analyses: 0
              probes: 0
              bodies: 12
              joints: 12
         constraints: 0
             markers: 0
         controllers: 0
  contact geometries: 0
misc modelcomponents: 0
[2025-02-27 12:59:49.639] [info] Running tool ...
[2025-02-27 12:59:49.675] [error] IO.OpenInputFile(const string&,openmode mode): failed to open Visual3d_SIMM_grf_trial2_right.mot.
[2025-02-27 12:59:49.676] [error] Failed to read ExternalLoads data file 'Visual3d_SIMM_grf_trial2_right.mot'.
[2025-02-27 13:01:32.629] [info] Loaded model Visual3d from file c:\Git\opensim_tutorial\tutorials\repeated_sprinting\Simulations\PC002\PC002_scaled.osim
[2025-02-27 13:01:32.630] [warning] Couldn't find file 'treadmill.vtp'.
[2025-02-27 13:01:32.630] [warning] Couldn't find file 'sacrum.vtp'.
[2025-02-27 13:01:32.630] [warning] Couldn't find file 'pelvis.vtp'.
[2025-02-27 13:01:32.630] [warning] Couldn't find file 'l_pelvis.vtp'.
[2025-02-27 13:01:32.630] [warning] Couldn't find file 'femur_r.vtp'.
[2025-02-27 13:01:32.630] [warning] Couldn't find file 'tibia_r.vtp'.
[2025-02-27 13:01:32.630] [warning] Couldn't find file 'fibula.vtp'.
[2025-02-27 13:01:32.630] [warning] Couldn't find file 'talus.vtp'.
[2025-02-27 13:01:32.631] [warning] Couldn't find file 'foot.vtp'.
[2025-02-27 13:01:32.631] [warning] Couldn't find file 'bofoot.vtp'.
[2025-02-27 13:01:32.631] [warning] Couldn't find file 'femur_l.vtp'.
[2025-02-27 13:01:32.631] [warning] Couldn't find file 'tibia_l.vtp'.
[2025-02-27 13:01:32.631] [warning] Couldn't find file 'l_fibula.vtp'.
[2025-02-27 13:01:32.631] [warning] Couldn't find file 'l_talus.vtp'.
[2025-02-27 13:01:32.631] [warning] Couldn't find file 'l_foot.vtp'.
[2025-02-27 13:01:32.631] [warning] Couldn't find file 'l_bofoot.vtp'.
[2025-02-27 13:01:32.631] [warning] Couldn't find file 'hat_spine.vtp'.
[2025-02-27 13:01:32.632] [warning] Couldn't find file 'hat_jaw.vtp'.
[2025-02-27 13:01:32.632] [warning] Couldn't find file 'hat_skull.vtp'.
[2025-02-27 13:01:32.632] [warning] Couldn't find file 'hat_ribs.vtp'.
[2025-02-27 13:01:32.637] [info] Old version storage/motion file encountered
[2025-02-27 13:01:32.637] [info] Storage: read data file = c:\Git\opensim_tutorial\tutorials\repeated_sprinting\Simulations\PC002\trial2_r1\Visual3d_SIMM_input.mot (nr=43 nc=42)
[2025-02-27 13:01:32.637] [info] .. assuming rotations in Degrees..
[2025-02-27 13:01:32.647] [cout] [info] 
               MODEL: Visual3d
         coordinates: 23
              forces: 92
           actuators: 92
             muscles: 92
            analyses: 0
              probes: 0
              bodies: 12
              joints: 12
         constraints: 0
             markers: 0
         controllers: 0
  contact geometries: 0
misc modelcomponents: 0
[2025-02-27 13:01:32.647] [info] Running tool ...
[2025-02-27 13:01:32.679] [error] IO.OpenInputFile(const string&,openmode mode): failed to open Visual3d_SIMM_grf_trial2_right.mot.
[2025-02-27 13:01:32.679] [error] Failed to read ExternalLoads data file 'Visual3d_SIMM_grf_trial2_right.mot'.
