
+-+-+-+-+-+-+
|C|E|I|N|M|S|
+-+-+-+-+-+-+-+-+-+-+
|C|a|l|i|b|r|a|t|e|d|
+-+-+-+-+-+-+-+-+-+-+-+-+
|E|M|G|-|I|n|f|o|r|m|e|d|
+-+-+-+-+-+-+-+-+-+-+-+-+-+-+-+-+-+-+-+-+
|N|e|u|r|o|m|u|s|c|u|l|o|s|k|e|l|e|t|a|l|
+-+-+-+-+-+-+-+-+-+-+-+-+-+-+-+-+-+-+-+-+
|T|o|o|l|b|o|x|
+-+-+-+-+-+-+-+

CEINMS version 0.21.0
Copyright (C) Apr 29 2020
Claudio Pizzolato, Monica Reggiani, Massimo Sartori, David Lloyd
Software developers: Claudio Pizzolato, Elena Ceseracciu, Monica Reggiani
Check configuration data...
Reading subject file: D:/3-PhD/Data/MocapData/ElaboratedData/009/pre/ceinms/execution/Setup/../../calibration/calibratedSubject.xml .
Contact model found
Reading subject file: D:/3-PhD/Data/MocapData/ElaboratedData/009/pre/ceinms/execution/Setup/../../calibration/calibratedSubject.xml .
activeForceLength
passiveForceLength
forceVelocity
tendonForceStrain
Assuming addbrev_r pennation angle in radians: 0.114781
Assuming addlong_r pennation angle in radians: 0.13777
Assuming addmagDist_r pennation angle in radians: 0.194705
Assuming addmagIsch_r pennation angle in radians: 0.168044
Assuming addmagMid_r pennation angle in radians: 0.207308
Assuming addmagProx_r pennation angle in radians: 0.311483
Assuming bflh_r pennation angle in radians: 0.175918
Assuming bfsh_r pennation angle in radians: 0.264223
Assuming edl_r pennation angle in radians: 0.218258
Assuming ehl_r pennation angle in radians: 0.197268
Assuming fdl_r pennation angle in radians: 0.224839
Assuming fhl_r pennation angle in radians: 0.258026
Assuming gaslat_r pennation angle in radians: 0.210227
Reading tendonForceStrain of MTU gaslat_r
Assuming gasmed_r pennation angle in radians: 0.165682
Reading tendonForceStrain of MTU gasmed_r
Assuming glmax1_r pennation angle in radians: 0.354012
Assuming glmax2_r pennation angle in radians: 0.367382
Assuming glmax3_r pennation angle in radians: 0.382416
Assuming glmed1_r pennation angle in radians: 0.316556
Assuming glmed2_r pennation angle in radians: 0.316556
Assuming glmed3_r pennation angle in radians: 0.316556
Assuming glmin1_r pennation angle in radians: 0.174533
Assuming glmin2_r pennation angle in radians: 0
Assuming glmin3_r pennation angle in radians: 0.0174533
Assuming grac_r pennation angle in radians: 0.172002
Assuming iliacus_r pennation angle in radians: 0.279914
Assuming perbrev_r pennation angle in radians: 0.205236
Assuming perlong_r pennation angle in radians: 0.247952
Assuming psoas_r pennation angle in radians: 0.215525
Assuming recfem_r pennation angle in radians: 0.217015
Assuming sart_r pennation angle in radians: 0.0261354
Assuming semimem_r pennation angle in radians: 0.254561
Assuming semiten_r pennation angle in radians: 0.241295
Assuming soleus_r pennation angle in radians: 0.381429
Reading tendonForceStrain of MTU soleus_r
Assuming tfl_r pennation angle in radians: 0.0523599
Assuming tibant_r pennation angle in radians: 0.195183
Assuming tibpost_r pennation angle in radians: 0.226489
Assuming vasint_r pennation angle in radians: 0.0630997
Assuming vaslat_r pennation angle in radians: 0.252867
Assuming vasmed_r pennation angle in radians: 0.422223
Assuming addbrev_l pennation angle in radians: 0.114781
Assuming addlong_l pennation angle in radians: 0.13777
Assuming addmagDist_l pennation angle in radians: 0.194705
Assuming addmagIsch_l pennation angle in radians: 0.168044
Assuming addmagMid_l pennation angle in radians: 0.168044
Assuming addmagProx_l pennation angle in radians: 0.207308
Assuming bflh_l pennation angle in radians: 0.175918
Assuming bfsh_l pennation angle in radians: 0.264223
Assuming edl_l pennation angle in radians: 0.218258
Assuming ehl_l pennation angle in radians: 0.197268
Assuming fdl_l pennation angle in radians: 0.224839
Assuming fhl_l pennation angle in radians: 0.258026
Assuming gaslat_l pennation angle in radians: 0.210227
Reading tendonForceStrain of MTU gaslat_l
Assuming gasmed_l pennation angle in radians: 0.165682
Reading tendonForceStrain of MTU gasmed_l
Assuming glmax1_l pennation angle in radians: 0.354012
Assuming glmax2_l pennation angle in radians: 0.367382
Assuming glmax3_l pennation angle in radians: 0.382416
Assuming glmed1_l pennation angle in radians: 0.316556
Assuming glmed2_l pennation angle in radians: 0.316556
Assuming glmed3_l pennation angle in radians: 0.316556
Assuming glmin1_l pennation angle in radians: 0.174533
Assuming glmin2_l pennation angle in radians: 0
Assuming glmin3_l pennation angle in radians: 0.0174533
Assuming grac_l pennation angle in radians: 0.172002
Assuming iliacus_l pennation angle in radians: 0.279914
Assuming perbrev_l pennation angle in radians: 0.205236
Assuming perlong_l pennation angle in radians: 0.247952
Assuming psoas_l pennation angle in radians: 0.215525
Assuming recfem_l pennation angle in radians: 0.217015
Assuming sart_l pennation angle in radians: 0.0261354
Assuming semimem_l pennation angle in radians: 0.254561
Assuming semiten_l pennation angle in radians: 0.241295
Assuming soleus_l pennation angle in radians: 0.381429
Reading tendonForceStrain of MTU soleus_l
Assuming tfl_l pennation angle in radians: 0.0523599
Assuming tibant_l pennation angle in radians: 0.195183
Assuming tibpost_l pennation angle in radians: 0.226489
Assuming vasint_l pennation angle in radians: 0.0630997
Assuming vaslat_l pennation angle in radians: 0.252867
Assuming vasmed_l pennation angle in radians: 0.422223
Assuming piri_r pennation angle in radians: 0.174533
Found OpenSim model associated to the subject: D:\3-PhD\Data\MocapData\ElaboratedData\009\pre\009_Rajagopal2015_FAI_rra_opt_N10.osim
Loaded model 009_Rajagopal2015_FAI_rra_opt_N10.osim from file D:\3-PhD\Data\MocapData\ElaboratedData\009\pre\009_Rajagopal2015_FAI_rra_opt_N10.osim
Found valid OpenSim model: D:\3-PhD\Data\MocapData\ElaboratedData\009\pre\009_Rajagopal2015_FAI_rra_opt_N10.osim

EMG: Reading emg file...D:/3-PhD/Data/MocapData/ElaboratedData/009/pre/ceinms/execution/Setup/../../trials/../../dynamicElaborations/Run_baseline3/emg.mot
Muscle excitations to muscle mapping:
addbrev_r -> addbrev_r
addlong_r -> addlong_r
addmagDist_r -> addmagDist_r
addmagIsch_r -> addmagIsch_r
addmagMid_r -> addmagMid_r
addmagProx_r -> addmagProx_r
bflh_r -> bflh_r
bfsh_r -> bfsh_r
edl_r -> edl_r
ehl_r -> ehl_r
fdl_r -> fdl_r
fhl_r -> fhl_r
gaslat_r -> gaslat_r
gasmed_r -> gasmed_r
glmax1_r -> glmax1_r
glmax2_r -> glmax2_r
glmax3_r -> glmax3_r
glmed1_r -> glmed1_r
glmed2_r -> glmed2_r
glmed3_r -> glmed3_r
glmin1_r -> glmin1_r
glmin2_r -> glmin2_r
glmin3_r -> glmin3_r
grac_r -> grac_r
iliacus_r -> iliacus_r
perbrev_r -> perbrev_r
perlong_r -> perlong_r
psoas_r -> psoas_r
recfem_r -> recfem_r
sart_r -> sart_r
semimem_r -> semimem_r
semiten_r -> semiten_r
soleus_r -> soleus_r
tfl_r -> tfl_r
tibant_r -> tibant_r
tibpost_r -> tibpost_r
vasint_r -> vasint_r
vaslat_r -> vaslat_r
vasmed_r -> vasmed_r
addbrev_l -> addbrev_l
addlong_l -> addlong_l
addmagDist_l -> addmagDist_l
addmagIsch_l -> addmagIsch_l
addmagMid_l -> addmagMid_l
addmagProx_l -> addmagProx_l
bflh_l -> bflh_l
bfsh_l -> bfsh_l
edl_l -> edl_l
ehl_l -> ehl_l
fdl_l -> fdl_l
fhl_l -> fhl_l
gaslat_l -> gaslat_l
gasmed_l -> gasmed_l
glmax1_l -> glmax1_l
glmax2_l -> glmax2_l
glmax3_l -> glmax3_l
glmed1_l -> glmed1_l
glmed2_l -> glmed2_l
glmed3_l -> glmed3_l
glmin1_l -> glmin1_l
glmin2_l -> glmin2_l
glmin3_l -> glmin3_l
grac_l -> grac_l
iliacus_l -> iliacus_l
perbrev_l -> perbrev_l
perlong_l -> perlong_l
psoas_l -> psoas_l
recfem_l -> recfem_l
sart_l -> sart_l
semimem_l -> semimem_l
semiten_l -> semiten_l
soleus_l -> soleus_l
tfl_l -> tfl_l
tibant_l -> tibant_l
tibpost_l -> tibpost_l
vasint_l -> vasint_l
vaslat_l -> vaslat_l
vasmed_l -> vasmed_l
piri_r -> piri_r
Using D:/3-PhD/Data/MocapData/ElaboratedData/009/pre/ceinms/execution/Setup/../simulations/Run_baseline3/A1_B40_G51/ as output directory
Joint moments
hip_flexion_r -> Tracking
knee_angle_r -> Tracking
ankle_angle_r -> Tracking
Muscle excitations
addbrev_r ->  Adjusting
addlong_r ->  Adjusting
addmagDist_r ->  Adjusting
addmagIsch_r ->  Adjusting
addmagMid_r ->  Adjusting
addmagProx_r ->  Adjusting
bflh_r ->  Adjusting
bfsh_r ->  Adjusting
edl_r ->  Synthetising
ehl_r ->  Synthetising
fdl_r ->  Synthetising
fhl_r ->  Synthetising
gaslat_r ->  Adjusting
gasmed_r ->  Adjusting
glmax1_r ->  Adjusting
glmax2_r ->  Adjusting
glmax3_r ->  Adjusting
glmed1_r ->  Synthetising
glmed2_r ->  Synthetising
glmed3_r ->  Synthetising
glmin1_r ->  Synthetising
glmin2_r ->  Synthetising
glmin3_r ->  Synthetising
grac_r ->  Adjusting
iliacus_r ->  Synthetising
perbrev_r ->  Synthetising
perlong_r ->  Synthetising
psoas_r ->  Synthetising
recfem_r ->  Adjusting
sart_r ->  Synthetising
semimem_r ->  Adjusting
semiten_r ->  Adjusting
soleus_r ->  Adjusting
tfl_r ->  Adjusting
tibant_r ->  Adjusting
tibpost_r ->  Synthetising
vasint_r ->  Adjusting
vaslat_r ->  Adjusting
vasmed_r ->  Adjusting
addbrev_l ->  Unchanged
addlong_l ->  Unchanged
addmagDist_l ->  Unchanged
addmagIsch_l ->  Unchanged
addmagMid_l ->  Unchanged
addmagProx_l ->  Unchanged
bflh_l ->  Unchanged
bfsh_l ->  Unchanged
edl_l ->  Unchanged
ehl_l ->  Unchanged
fdl_l ->  Unchanged
fhl_l ->  Unchanged
gaslat_l ->  Unchanged
gasmed_l ->  Unchanged
glmax1_l ->  Unchanged
glmax2_l ->  Unchanged
glmax3_l ->  Unchanged
glmed1_l ->  Unchanged
glmed2_l ->  Unchanged
glmed3_l ->  Unchanged
glmin1_l ->  Unchanged
glmin2_l ->  Unchanged
glmin3_l ->  Unchanged
grac_l ->  Unchanged
iliacus_l ->  Unchanged
perbrev_l ->  Unchanged
perlong_l ->  Unchanged
psoas_l ->  Unchanged
recfem_l ->  Unchanged
sart_l ->  Unchanged
semimem_l ->  Unchanged
semiten_l ->  Unchanged
soleus_l ->  Unchanged
tfl_l ->  Unchanged
tibant_l ->  Unchanged
tibpost_l ->  Unchanged
vasint_l ->  Unchanged
vaslat_l ->  Unchanged
vasmed_l ->  Unchanged
piri_r ->  Synthetising
Using alpha = 1, beta = 40, gamma = 51
-- initialise contact model
Loaded model 009_Rajagopal2015_FAI_rra_opt_N10.osim from file D:\3-PhD\Data\MocapData\ElaboratedData\009\pre\009_Rajagopal2015_FAI_rra_opt_N10.osim
Storage: file=D:/3-PhD/Data/MocapData/ElaboratedData/009/pre/ceinms/execution/Setup/../../trials/../../inverseKinematics/Run_baseline3/IK.mot (nr=41 nc=40)
Storage: file=D:/3-PhD/Data/MocapData/ElaboratedData/009/pre/ceinms/execution/Setup/../../trials/../../inverseKinematics/Run_baseline3/IK.mot (nr=41 nc=40)
Using D:/3-PhD\Data\MocapData\ElaboratedData\009\pre\ceinms\execution\simulations\Run_baseline3\A1_B40_G51 as output directory
-- Initialise external forces produces
Old version storage/motion file encountered
Storage: file=d:\3-PhD\Data\MocapData\ElaboratedData\009\pre\inverseDynamics\Run_baseline3\Run_baseline3.mot (nr=421 nc=37)
.. assuming rotations in Degrees.
-- Initialise loggers
Using D:/3-PhD\Data\MocapData\ElaboratedData\009\pre\ceinms\execution\simulations\Run_baseline3\A1_B40_G51 as output directory
Loaded model 009_Rajagopal2015_FAI_rra_opt_N10.osim from file D:\3-PhD\Data\MocapData\ElaboratedData\009\pre\009_Rajagopal2015_FAI_rra_opt_N10.osim
QueuesToJointReactionForces - initialising
Kinematics storage filename D:/3-PhD/Data/MocapData/ElaboratedData/009/pre/ceinms/execution/Setup/../../trials/../../inverseKinematics/Run_baseline3/IK.mot
Loaded model 009_Rajagopal2015_FAI_rra_opt_N10.osim from file D:\3-PhD\Data\MocapData\ElaboratedData\009\pre\009_Rajagopal2015_FAI_rra_opt_N10.osim
Loaded model 009_Rajagopal2015_FAI_rra_opt_N10.osim from file D:\3-PhD\Data\MocapData\ElaboratedData\009\pre\009_Rajagopal2015_FAI_rra_opt_N10.osim
QueuesToJointReactionForces - done with initialisations
starting consume

externalTorque DONE

EMG: EMG DONE


EmgTime: 3.43
Adjusted EMG
0.402557	0.376281	0.001	0.001	0.001	0.199481	0.059768	0.0485703	0.001	0.262216	0.001	0.001	0.0714085	0.0413665	0.001	0.001	0.001	0.001	0.001	0.001	0.001	0.001	0.001	0.758936	0.999	0.001	0.001	0.999	0.214201	0.999	0.0367051	0.0609121	0.0382358	0.790778	0.432083	0.000997281	0.001	0.001	0.001	0	0	0	0	0	0	0	0	0	0	0	0	0	0	0	0	0	0	0	0	0	0	0	0	0	0	0	0	0	0	0	0	0	0	0	0	0	0	0	0.001	
LmtTime: 3.43
Lmt
0.133464	0.241824	0.27176	0.411973	0.165211	0.109415	0.430129	0.198696	0.450586	0.415526	0.439717	0.419715	0.432282	0.444145	0.21966	0.257847	0.273762	0.133683	0.144614	0.12302	0.0893348	0.0916079	0.0977811	0.412812	0.189493	0.205139	0.402953	0.21239	0.596435	0.539523	0.411174	0.447194	0.343283	0.58247	0.315253	0.335665	0.369595	0.382766	0.353674	0.14878	0.261062	0.287072	0.425888	0.18194	0.127138	0.491351	0.252157	0.460829	0.428408	0.429621	0.407564	0.432685	0.448962	0.216796	0.259201	0.285838	0.108783	0.129887	0.118628	0.067975	0.073821	0.0858435	0.494765	0.189339	0.197025	0.390324	0.216875	0.561524	0.59786	0.4808	0.528851	0.311814	0.565185	0.328556	0.322207	0.334718	0.349735	0.320588	0.142161	
MomentArms on: hip_flexion_r
0.0239867	0.0370484	-0.0446197	-0.0585234	-0.0204325	0.0129585	-0.0616543	-0.0481218	-0.0548398	-0.0744309	-0.0143717	-0.0269382	-0.0330087	-0.00540824	-0.0101269	-0.0159548	-0.0180886	0.0380774	-0.0188177	0.0302176	0.0479623	0.0597017	-0.0548732	-0.065617	0.0504321	
MomentArms on: knee_angle_r
0.0285342	0.0299385	0.0236308	0.0322932	0.0429447	-0.0198625	0.0454538	0.0331657	0.0413253	-0.00330974	-0.0196163	-0.018277	-0.0183335	
MomentArms on: ankle_angle_r
0.0382748	0.0411838	-0.00694363	-0.0129335	-0.0432546	-0.0426626	-0.00577588	-0.00893311	-0.040476	0.0455177	-0.00821984	
External Torques: 89.0704 6.66852 3.39828 
Current Torque on hip_flexion_r 79.5996
Current Torque on knee_angle_r -16.7133
Current Torque on ankle_angle_r 1.75194

----------------------------------------


EmgTime: 3.435
Adjusted EMG
0.271341	0.230058	0.001	0.001	0.001	0.17757	0.0691439	0.0449589	0.001	0.0866263	0.001	0.001	0.0637045	0.0375156	0.001	0.001	0.001	0.001	0.001	0.001	0.001	0.001	0.001	0.418776	0.546018	0.001	0.001	0.914991	0.311224	0.9034	0.0315807	0.0660827	0.0303223	0.325891	0.41585	0.000997281	0.001	0.001	0.001	0	0	0	0	0	0	0	0	0	0	0	0	0	0	0	0	0	0	0	0	0	0	0	0	0	0	0	0	0	0	0	0	0	0	0	0	0	0	0	0.001	
LmtTime: 3.435
Lmt
0.13337	0.241511	0.272874	0.413439	0.165907	0.109351	0.430822	0.198069	0.450244	0.415159	0.439779	0.41983	0.432168	0.443837	0.220499	0.258828	0.275311	0.134225	0.145082	0.123351	0.0896671	0.0918959	0.0980156	0.412555	0.18884	0.205191	0.403032	0.211811	0.595796	0.537117	0.411699	0.447825	0.343643	0.581506	0.314847	0.335738	0.370016	0.383158	0.354067	0.148903	0.261322	0.28661	0.425323	0.181674	0.12712	0.489824	0.251371	0.459445	0.426929	0.430091	0.4083	0.433881	0.450163	0.216484	0.258742	0.2851	0.10895	0.129893	0.118518	0.0682033	0.0739954	0.0859317	0.493536	0.189721	0.197343	0.39076	0.21713	0.563288	0.597694	0.479125	0.526877	0.31369	0.566306	0.326964	0.32271	0.335891	0.35095	0.321744	0.142162	
MomentArms on: hip_flexion_r
0.0233924	0.0362669	-0.0449595	-0.0587465	-0.0210076	0.012449	-0.0616203	-0.0482249	-0.0545259	-0.0739284	-0.0143385	-0.0270787	-0.0333391	-0.00559658	-0.0103373	-0.016209	-0.0192397	0.038309	-0.0191945	0.0304774	0.0482324	0.0604592	-0.0548675	-0.0657184	0.0508427	
MomentArms on: knee_angle_r
0.0279474	0.0286972	0.0231177	0.0320249	0.0422876	-0.0200214	0.0455142	0.0323628	0.0403541	-0.00317718	-0.0197748	-0.0184303	-0.0185128	
MomentArms on: ankle_angle_r
0.038327	0.0412452	-0.0068535	-0.0128311	-0.0431345	-0.0425583	-0.00573187	-0.00888821	-0.0403098	0.0455853	-0.00813799	
External Torques: 71.1687 6.85838 3.08286 
Current Torque on hip_flexion_r 63.9482
Current Torque on knee_angle_r -16.5292
Current Torque on ankle_angle_r 0.61001

----------------------------------------


EmgTime: 3.44
Adjusted EMG
0.163774	0.153317	0.001	0.001	0.0345176	0.151342	0.0514915	0.0424036	0.001	0.072599	0.001	0.001	0.0568618	0.0344627	0.00373024	0.001	0.001	0.001	0.001	0.001	0.001	0.001	0.001	0.30488	0.0295214	0.001	0.001	0.205787	0.299315	0.283827	0.0272133	0.0448115	0.001	0.261652	0.395006	0.000997281	0.001	0.001	0.001	0	0	0	0	0	0	0	0	0	0	0	0	0	0	0	0	0	0	0	0	0	0	0	0	0	0	0	0	0	0	0	0	0	0	0	0	0	0	0	0.001	
LmtTime: 3.44
Lmt
0.133294	0.241211	0.27408	0.415031	0.166669	0.109287	0.431707	0.197556	0.44987	0.414756	0.439845	0.419954	0.43217	0.443669	0.221412	0.259876	0.276961	0.13485	0.145605	0.123712	0.0900686	0.0922413	0.0982896	0.412532	0.188144	0.205246	0.403119	0.211183	0.59501	0.534716	0.412438	0.448724	0.344035	0.580472	0.314403	0.335817	0.370378	0.383496	0.354406	0.149026	0.261583	0.286144	0.424761	0.181401	0.127088	0.488144	0.250453	0.457665	0.425026	0.430666	0.40921	0.435485	0.451762	0.216166	0.258267	0.284335	0.109176	0.129925	0.1184	0.0684806	0.0742031	0.0860351	0.492133	0.190113	0.197736	0.391306	0.217384	0.565232	0.597391	0.477261	0.524677	0.316064	0.567498	0.324907	0.323329	0.337227	0.352329	0.323055	0.142158	
MomentArms on: hip_flexion_r
0.0227472	0.0354062	-0.0452934	-0.058952	-0.0216004	0.0119073	-0.0615521	-0.0483566	-0.0541932	-0.073375	-0.0143112	-0.0272435	-0.0337138	-0.00581232	-0.0105822	-0.0165049	-0.0204519	0.0385454	-0.0196289	0.030751	0.0484998	0.0612527	-0.0548286	-0.0657837	0.0512359	
MomentArms on: knee_angle_r
0.0274412	0.0275971	0.0226606	0.0317789	0.0416773	-0.0202151	0.0455547	0.0316662	0.0395047	-0.00306982	-0.0199662	-0.0186158	-0.0187192	
MomentArms on: ankle_angle_r
0.0383823	0.0413106	-0.0067548	-0.0127187	-0.0429999	-0.0424411	-0.0056836	-0.00883888	-0.0401252	0.0456563	-0.00804828	
External Torques: 56.3679 6.23404 2.84988 
Current Torque on hip_flexion_r 54.2591
Current Torque on knee_angle_r -10.8113
Current Torque on ankle_angle_r -1.3471

----------------------------------------


EmgTime: 3.445
Adjusted EMG
0.161377	0.141805	0.001	0.001	0.001	0.139908	0.0468038	0.0407867	0.001	0.0961145	0.001	0.001	0.0508761	0.032153	0.00316911	0.001	0.001	0.001	0.001	0.001	0.001	0.001	0.001	0.272024	0.0472103	0.001	0.001	0.301222	0.489525	0.236248	0.0235566	0.0372295	0.001	0.271718	0.370897	0.000997281	0.001	0.001	0.001	0	0	0	0	0	0	0	0	0	0	0	0	0	0	0	0	0	0	0	0	0	0	0	0	0	0	0	0	0	0	0	0	0	0	0	0	0	0	0	0.001	
LmtTime: 3.445
Lmt
0.133253	0.240942	0.275405	0.416776	0.167521	0.109244	0.432804	0.197152	0.449466	0.414321	0.439916	0.420088	0.432287	0.443643	0.222409	0.261004	0.278736	0.135554	0.146185	0.124106	0.0905364	0.0926419	0.0986027	0.412771	0.187397	0.205306	0.403211	0.2105	0.594056	0.532301	0.413406	0.449912	0.344456	0.579345	0.313922	0.335901	0.370677	0.383775	0.354687	0.149143	0.261835	0.28568	0.42421	0.181125	0.127044	0.486372	0.249442	0.455527	0.422738	0.431313	0.410251	0.437458	0.453718	0.215849	0.257788	0.283563	0.109446	0.129977	0.118279	0.0687922	0.0744342	0.0861494	0.490612	0.190506	0.198188	0.39194	0.217633	0.567273	0.596977	0.475279	0.522335	0.318856	0.568719	0.322424	0.324033	0.338657	0.353801	0.324455	0.142151	
MomentArms on: hip_flexion_r
0.0220384	0.0344493	-0.0456222	-0.059133	-0.0222115	0.0112992	-0.0614415	-0.0484882	-0.0538333	-0.0727559	-0.0142851	-0.0274261	-0.034126	-0.00605413	-0.0108594	-0.0168393	-0.0217306	0.0387852	-0.0201173	0.0310384	0.048761	0.0620853	-0.05475	-0.0658056	0.051613	
MomentArms on: knee_angle_r
0.0270257	0.0266672	0.0222723	0.0315657	0.0411271	-0.0204158	0.0455798	0.0310897	0.038795	-0.00298595	-0.0201621	-0.0188056	-0.0189254	
MomentArms on: ankle_angle_r
0.0384403	0.0413792	-0.00664791	-0.0125969	-0.0428504	-0.0423106	-0.00563122	-0.00878525	-0.0399222	0.0457298	-0.00795103	
External Torques: 44.6556 4.93932 2.69321 
Current Torque on hip_flexion_r 42.2161
Current Torque on knee_angle_r -5.37359
Current Torque on ankle_angle_r -2.90145

----------------------------------------


EmgTime: 3.45
Adjusted EMG
0.229177	0.153274	0.001	0.001	0.001	0.139686	0.00310547	0.0399319	0.001	0.107937	0.001	0.001	0.0457823	0.0306137	0.001	0.001	0.001	0.001	0.001	0.001	0.001	0.001	0.001	0.196386	0.235095	0.001	0.001	0.753636	0.649149	0.367333	0.0205558	0.001	0.001	0.32119	0.34434	0.000997281	0.001	0.0412069	0.0053159	0	0	0	0	0	0	0	0	0	0	0	0	0	0	0	0	0	0	0	0	0	0	0	0	0	0	0	0	0	0	0	0	0	0	0	0	0	0	0	0.001	
LmtTime: 3.45
Lmt
0.133265	0.240723	0.276862	0.418689	0.168482	0.109231	0.434125	0.196852	0.449039	0.413861	0.439989	0.420227	0.432511	0.443754	0.223499	0.262218	0.280651	0.13633	0.14682	0.124539	0.0910637	0.0930928	0.0989532	0.413302	0.186593	0.205368	0.403309	0.209758	0.592918	0.529865	0.414612	0.451404	0.344899	0.578105	0.313413	0.335989	0.370908	0.38399	0.354904	0.149248	0.26207	0.285227	0.42368	0.180849	0.126987	0.484569	0.248376	0.453109	0.420147	0.431992	0.411362	0.439709	0.455941	0.215543	0.257319	0.282803	0.109746	0.130046	0.118159	0.0691249	0.0746801	0.0862717	0.489026	0.190889	0.198672	0.392628	0.217869	0.569332	0.596482	0.473249	0.519933	0.321929	0.569932	0.319601	0.32478	0.340116	0.355296	0.32588	0.142144	
MomentArms on: hip_flexion_r
0.0212567	0.0333839	-0.0459255	-0.0592794	-0.0228378	0.0106702	-0.0612793	-0.0486173	-0.0534406	-0.0720586	-0.0142521	-0.0276151	-0.0345625	-0.00631623	-0.0111616	-0.0172035	-0.023073	0.0390247	-0.0206544	0.0313374	0.0490104	0.062953	-0.0546239	-0.0657748	0.0519745	
MomentArms on: knee_angle_r
0.0267116	0.0259387	0.0219675	0.0313951	0.0406521	-0.0205919	0.0455938	0.0306481	0.038244	-0.00292425	-0.0203354	-0.0189732	-0.0191048	
MomentArms on: ankle_angle_r
0.0384994	0.0414495	-0.00653471	-0.0124678	-0.042688	-0.0421686	-0.00557563	-0.00872823	-0.0397038	0.0458037	-0.00784795	
External Torques: 35.9149 3.1353 2.60533 
Current Torque on hip_flexion_r 27.1295
Current Torque on knee_angle_r -3.44327
Current Torque on ankle_angle_r -3.6898

----------------------------------------


EmgTime: 3.455
Adjusted EMG
0.302842	0.176354	0.001	0.001	0.001	0.140871	0.001	0.0396373	0.001	0.109065	0.001	0.001	0.0417102	0.0299618	0.001	0.001	0.001	0.001	0.001	0.001	0.001	0.001	0.001	0.0249092	0.469291	0.001	0.001	0.966866	0.741501	0.533346	0.0181578	0.001	0.001	0.351472	0.316415	0.000997281	0.001	0.0651092	0.0177036	0	0	0	0	0	0	0	0	0	0	0	0	0	0	0	0	0	0	0	0	0	0	0	0	0	0	0	0	0	0	0	0	0	0	0	0	0	0	0	0.001	
LmtTime: 3.455
Lmt
0.133346	0.240574	0.278458	0.42077	0.169565	0.10927	0.435672	0.196656	0.448599	0.413388	0.440063	0.420368	0.43283	0.443994	0.224681	0.263516	0.282707	0.137162	0.147506	0.125016	0.0916411	0.0935868	0.0993376	0.414148	0.185732	0.205431	0.403408	0.208961	0.591588	0.527413	0.416056	0.453201	0.34535	0.576741	0.31289	0.336078	0.371064	0.384135	0.35505	0.149332	0.262274	0.28479	0.423176	0.180574	0.126915	0.482789	0.247292	0.450519	0.417367	0.43266	0.41248	0.442105	0.458302	0.215259	0.256876	0.28207	0.110061	0.130131	0.118052	0.0694663	0.0749342	0.0864016	0.487419	0.191251	0.19916	0.393333	0.218088	0.571343	0.595934	0.471234	0.517543	0.325119	0.571108	0.316563	0.325524	0.341552	0.356762	0.327279	0.142142	
MomentArms on: hip_flexion_r
0.020429	0.0322041	-0.0461995	-0.0593788	-0.0234707	0.00999296	-0.0610564	-0.0487155	-0.0530074	-0.0712759	-0.014204	-0.0277975	-0.0350072	-0.00659095	-0.0114795	-0.0175867	-0.0244661	0.0392578	-0.0212289	0.0316427	0.0492384	0.0638443	-0.0544425	-0.0656814	0.0523168	
MomentArms on: knee_angle_r
0.0265105	0.0254424	0.0217589	0.0312772	0.0402693	-0.0207205	0.0456006	0.0303573	0.0378722	-0.00288409	-0.0204626	-0.0190964	-0.0192353	
MomentArms on: ankle_angle_r
0.0385576	0.0415191	-0.0064182	-0.0123348	-0.0425166	-0.0420181	-0.0055183	-0.00866931	-0.0394755	0.0458755	-0.00774174	
External Torques: 29.9465 0.986869 2.57809 
Current Torque on hip_flexion_r 13.7646
Current Torque on knee_angle_r -3.69656
Current Torque on ankle_angle_r -4.03287

----------------------------------------


EmgTime: 3.46
Adjusted EMG
0.37259	0.202995	0.001	0.001	0.001	0.142889	0.001	0.039787	0.001	0.107582	0.001	0.001	0.0387476	0.0298303	0.001	0.001	0.001	0.001	0.001	0.001	0.001	0.001	0.001	0.001	0.60838	0.001	0.001	0.999	0.805504	0.659771	0.0162871	0.001	0.001	0.370666	0.288574	0.000997281	0.001	0.0895074	0.0308686	0	0	0	0	0	0	0	0	0	0	0	0	0	0	0	0	0	0	0	0	0	0	0	0	0	0	0	0	0	0	0	0	0	0	0	0	0	0	0	0.001	
LmtTime: 3.46
Lmt
0.133513	0.240519	0.280185	0.423003	0.170771	0.109376	0.437435	0.196566	0.448161	0.412916	0.440135	0.420508	0.433235	0.44436	0.225945	0.264881	0.28488	0.138038	0.148232	0.125531	0.0922587	0.0941157	0.0997503	0.415325	0.184824	0.205494	0.403506	0.208117	0.590071	0.524974	0.417729	0.455294	0.345797	0.57526	0.312369	0.336165	0.371136	0.384203	0.355118	0.149382	0.262433	0.284369	0.4227	0.180296	0.126823	0.481071	0.246215	0.447877	0.414528	0.43328	0.413546	0.444498	0.460659	0.215009	0.256477	0.281383	0.110379	0.130231	0.11797	0.0698042	0.0751908	0.0865404	0.485813	0.191582	0.199627	0.394019	0.218284	0.573263	0.595356	0.469279	0.515218	0.328261	0.572228	0.313451	0.326226	0.34293	0.358161	0.328617	0.142147	
MomentArms on: hip_flexion_r
0.0195344	0.0309164	-0.04643	-0.0594177	-0.0240948	0.00927475	-0.0607665	-0.0487795	-0.0525365	-0.0704085	-0.0141375	-0.0279643	-0.0354456	-0.00687235	-0.0118059	-0.0179796	-0.0258845	0.0394747	-0.0218297	0.0319458	0.0494328	0.0647394	-0.0542	-0.0655171	0.0526275	
MomentArms on: knee_angle_r
0.0264347	0.0252097	0.0216612	0.0312217	0.0399984	-0.0207813	0.045603	0.0302347	0.0377019	-0.00286578	-0.0205246	-0.0191564	-0.0192988	
MomentArms on: ankle_angle_r
0.0386132	0.0415859	-0.00630187	-0.0122018	-0.0423411	-0.0418637	-0.00546095	-0.00861024	-0.0392439	0.0459427	-0.00763559	
External Torques: 26.4835 -1.34712 2.60324 
Current Torque on hip_flexion_r 3.19364
Current Torque on knee_angle_r -3.64341
Current Torque on ankle_angle_r -4.17894

----------------------------------------


EmgTime: 3.465
Adjusted EMG
0.44945	0.234425	0.001	0.001	0.001	0.145351	0.001	0.0402869	0.001	0.10959	0.001	0.001	0.0266319	0.0315203	0.001	0.001	0.001	0.001	0.001	0.001	0.001	0.001	0.001	0.001	0.672768	0.001	0.001	0.999	0.855729	0.773295	0.0148967	0.001	0.001	0.383344	0.261917	0.000997281	0.114706	0.11444	0.0454819	0	0	0	0	0	0	0	0	0	0	0	0	0	0	0	0	0	0	0	0	0	0	0	0	0	0	0	0	0	0	0	0	0	0	0	0	0	0	0	0.001	
LmtTime: 3.465
Lmt
0.133781	0.240585	0.282014	0.425348	0.172087	0.10956	0.439383	0.196591	0.447736	0.412458	0.440204	0.420641	0.433721	0.44485	0.227263	0.266284	0.287127	0.13894	0.148982	0.126074	0.0929084	0.0946714	0.100183	0.41684	0.183892	0.205553	0.403601	0.207248	0.588389	0.522605	0.419604	0.457652	0.346228	0.573689	0.311863	0.336249	0.371117	0.384184	0.3551	0.149391	0.262538	0.283964	0.422248	0.180011	0.12671	0.479432	0.24516	0.445296	0.411752	0.433829	0.414519	0.446755	0.46288	0.214802	0.256131	0.280748	0.110683	0.130347	0.117924	0.0701255	0.0754437	0.0866893	0.484227	0.191877	0.200055	0.394659	0.218453	0.575074	0.594768	0.467406	0.512983	0.331217	0.573286	0.310402	0.326859	0.344231	0.359477	0.329876	0.142156	
MomentArms on: hip_flexion_r
0.018587	0.0295441	-0.0466018	-0.059385	-0.024687	0.00853378	-0.0604085	-0.0488044	-0.0520373	-0.0694693	-0.0140573	-0.0281141	-0.0358699	-0.00715906	-0.0121387	-0.0183783	-0.0272897	0.0396623	-0.0224502	0.0322354	0.0495803	0.0656105	-0.0538959	-0.0652785	0.0528815	
MomentArms on: knee_angle_r
0.0264977	0.0252732	0.0216883	0.0312373	0.0398609	-0.0207602	0.0456024	0.0302989	0.0377562	-0.00287075	-0.0205075	-0.0191399	-0.0192814	
MomentArms on: ankle_angle_r
0.0386646	0.0416481	-0.00618882	-0.0120724	-0.0421666	-0.0417095	-0.0054051	-0.00855262	-0.0390155	0.0460038	-0.00753232	
External Torques: 25.2018 -3.7202 2.67254 
Current Torque on hip_flexion_r -5.03078
Current Torque on knee_angle_r -2.68456
Current Torque on ankle_angle_r -4.4978

----------------------------------------


EmgTime: 3.47
Adjusted EMG
0.541467	0.273977	0.001	0.001	0.001	0.147908	0.001	0.0409923	0.001	0.116177	0.001	0.001	0.0101913	0.0338413	0.001	0.001	0.001	0.001	0.001	0.001	0.001	0.001	0.001	0.001	0.712002	0.001	0.001	0.999	0.895592	0.881389	0.0139156	0.001	0.001	0.388729	0.237152	0.000997281	0.195168	0.13611	0.0597505	0	0	0	0	0	0	0	0	0	0	0	0	0	0	0	0	0	0	0	0	0	0	0	0	0	0	0	0	0	0	0	0	0	0	0	0	0	0	0	0.001	
LmtTime: 3.47
Lmt
0.134161	0.240793	0.2839	0.427749	0.173487	0.109828	0.441475	0.19674	0.447331	0.412022	0.440268	0.420767	0.434289	0.445469	0.228598	0.267683	0.289385	0.139855	0.149738	0.126623	0.0935824	0.0952448	0.100625	0.41868	0.182968	0.20561	0.40369	0.206379	0.586578	0.52038	0.421645	0.46023	0.346635	0.572073	0.311381	0.336327	0.370997	0.384073	0.354987	0.149359	0.262591	0.283567	0.421808	0.179716	0.126578	0.477874	0.244136	0.442871	0.409138	0.434296	0.415375	0.448775	0.464866	0.214637	0.255839	0.280162	0.110956	0.130471	0.117919	0.0704186	0.0756863	0.0868468	0.48267	0.192136	0.200432	0.395234	0.2186	0.576777	0.594189	0.465615	0.510842	0.333893	0.574289	0.30753	0.327408	0.34545	0.360704	0.331053	0.142159	
MomentArms on: hip_flexion_r
0.0176144	0.0281236	-0.0467023	-0.0592746	-0.025222	0.00779548	-0.0599888	-0.0487922	-0.0515243	-0.0684807	-0.0139745	-0.0282522	-0.0362778	-0.00745325	-0.0124796	-0.0187828	-0.0286377	0.0398065	-0.0230808	0.0324985	0.0496703	0.0664281	-0.0535358	-0.0649694	0.0530474	
MomentArms on: knee_angle_r
0.0267097	0.0256566	0.02185	0.0313294	0.0398753	-0.0206508	0.045598	0.0305638	0.0380525	-0.00290122	-0.0204068	-0.0190425	-0.0191783	
MomentArms on: ankle_angle_r
0.0387113	0.0417048	-0.00608103	-0.0119489	-0.0419968	-0.041559	-0.00535174	-0.00849747	-0.0387946	0.0460581	-0.00743378	
External Torques: 25.7263 -6.00178 2.77774 
Current Torque on hip_flexion_r -11.5001
Current Torque on knee_angle_r -0.675512
Current Torque on ankle_angle_r -5.17113

----------------------------------------


EmgTime: 3.475
Adjusted EMG
0.646857	0.320136	0.001	0.001	0.001	0.149666	0.001	0.0417448	0.001	0.120136	0.001	0.001	0.001	0.0370849	0.001	0.001	0.001	0.001	0.001	0.001	0.001	0.001	0.001	0.001	0.73766	0.001	0.001	0.999	0.919793	0.969246	0.0131853	0.001	0.001	0.380955	0.214432	0.000997281	0.235349	0.150885	0.0710114	0	0	0	0	0	0	0	0	0	0	0	0	0	0	0	0	0	0	0	0	0	0	0	0	0	0	0	0	0	0	0	0	0	0	0	0	0	0	0	0.001	
LmtTime: 3.475
Lmt
0.134659	0.241163	0.285793	0.430142	0.174938	0.110181	0.443661	0.197026	0.446953	0.411615	0.440327	0.420883	0.434939	0.446219	0.229908	0.269034	0.291589	0.140765	0.150476	0.127154	0.0942701	0.095824	0.101063	0.420824	0.182089	0.205662	0.403772	0.205541	0.584683	0.518376	0.42381	0.462977	0.347012	0.570464	0.310932	0.336399	0.370773	0.383864	0.354777	0.149295	0.262607	0.283166	0.42136	0.179407	0.126436	0.47638	0.243143	0.440664	0.406758	0.434681	0.416106	0.450499	0.466558	0.214501	0.255583	0.279604	0.111186	0.130595	0.11795	0.0706758	0.0759124	0.0870087	0.481147	0.192372	0.200755	0.395735	0.218735	0.578391	0.593643	0.463893	0.508777	0.33624	0.575252	0.304916	0.32787	0.346588	0.361846	0.332149	0.142147	
MomentArms on: hip_flexion_r
0.0166494	0.0266894	-0.0467241	-0.0590878	-0.025677	0.00708779	-0.05952	-0.0487478	-0.0510144	-0.0674707	-0.0139034	-0.0283875	-0.0366702	-0.00775889	-0.012832	-0.0191948	-0.0298855	0.0398948	-0.0237151	0.0327232	0.0496951	0.0671656	-0.053132	-0.0646014	0.0530953	
MomentArms on: knee_angle_r
0.0270744	0.0263648	0.0221472	0.0314972	0.0400523	-0.0204663	0.0455863	0.0310338	0.0385961	-0.00295992	-0.0202319	-0.0188733	-0.0189981	
MomentArms on: ankle_angle_r
0.0387527	0.0417555	-0.00598049	-0.0118335	-0.0418354	-0.0414155	-0.00530189	-0.00844586	-0.038586	0.0461052	-0.00734178	
External Torques: 27.6367 -8.07804 2.91037 
Current Torque on hip_flexion_r -16.033
Current Torque on knee_angle_r 2.13362
Current Torque on ankle_angle_r -5.6193

----------------------------------------


EmgTime: 3.48
Adjusted EMG
0.726533	0.369461	0.001	0.001	0.001	0.15035	0.001	0.0424325	0.001	0.121076	0.001	0.001	0.001	0.0413233	0.001	0.001	0.001	0.001	0.001	0.001	0.001	0.001	0.001	0.001	0.750211	0.001	0.001	0.999	0.930242	0.999	0.0127727	0.001	0.001	0.345435	0.193698	0.000997281	0.262875	0.158894	0.0784864	0	0	0	0	0	0	0	0	0	0	0	0	0	0	0	0	0	0	0	0	0	0	0	0	0	0	0	0	0	0	0	0	0	0	0	0	0	0	0	0.001	
LmtTime: 3.48
Lmt
0.135275	0.241693	0.287647	0.43247	0.176409	0.110612	0.445899	0.19746	0.44661	0.411245	0.440379	0.420987	0.43567	0.447096	0.231156	0.270299	0.293684	0.14165	0.151175	0.127647	0.0949568	0.0963944	0.101482	0.423235	0.181284	0.205708	0.403847	0.204761	0.582753	0.516658	0.42606	0.465843	0.347354	0.568904	0.310523	0.336464	0.370449	0.383561	0.354472	0.149219	0.262615	0.282743	0.420879	0.179083	0.126295	0.474922	0.242189	0.438711	0.404649	0.434991	0.416716	0.451912	0.467943	0.214367	0.255335	0.279039	0.111363	0.130704	0.118003	0.0708957	0.0761186	0.0871691	0.479667	0.192605	0.201025	0.396161	0.218874	0.57994	0.593163	0.462216	0.506765	0.338247	0.576202	0.3026	0.32825	0.347648	0.362904	0.333167	0.142109	
MomentArms on: hip_flexion_r
0.0157217	0.0253076	-0.0466664	-0.0588322	-0.0260373	0.00647794	-0.0590187	-0.0486781	-0.050522	-0.0664666	-0.0138561	-0.0285272	-0.0370471	-0.0080783	-0.0131971	-0.0196138	-0.0310012	0.039919	-0.0243427	0.0329006	0.0496545	0.0678049	-0.0527	-0.0641908	0.0530069	
MomentArms on: knee_angle_r
0.0275862	0.0273803	0.0225724	0.0317326	0.0403913	-0.0202323	0.0455613	0.0317013	0.0393769	-0.00304973	-0.0200091	-0.0186576	-0.0187648	
MomentArms on: ankle_angle_r
0.0387886	0.0417998	-0.00588881	-0.0117283	-0.0416857	-0.0412823	-0.00525636	-0.00839865	-0.0383935	0.0461451	-0.00725783	
External Torques: 30.4742 -9.85109 3.06158 
Current Torque on hip_flexion_r -18.4739
Current Torque on knee_angle_r 5.55401
Current Torque on ankle_angle_r -5.67052

----------------------------------------


EmgTime: 3.485
Adjusted EMG
0.778314	0.422988	0.001	0.001	0.001	0.14893	0.001	0.0380487	0.001	0.121294	0.001	0.001	0.001	0.0464266	0.001	0.001	0.001	0.001	0.001	0.001	0.001	0.001	0.001	0.001	0.753175	0.001	0.001	0.999	0.929294	0.999	0.0125527	0.001	0.001	0.273969	0.174856	0.000997281	0.28774	0.163563	0.0838404	0	0	0	0	0	0	0	0	0	0	0	0	0	0	0	0	0	0	0	0	0	0	0	0	0	0	0	0	0	0	0	0	0	0	0	0	0	0	0	0.001	
LmtTime: 3.485
Lmt
0.135994	0.242373	0.289429	0.43469	0.17787	0.111114	0.448159	0.198052	0.446304	0.410915	0.440426	0.421079	0.43648	0.448095	0.232317	0.271457	0.295635	0.142492	0.151819	0.128089	0.0956264	0.0969416	0.10187	0.425876	0.180571	0.20575	0.403913	0.204057	0.580822	0.515268	0.428368	0.468794	0.347655	0.567418	0.310159	0.336521	0.370028	0.383169	0.354078	0.149155	0.26265	0.282282	0.420339	0.178741	0.126169	0.47348	0.241287	0.437019	0.402819	0.435236	0.417217	0.453039	0.469042	0.214208	0.255056	0.278425	0.111488	0.130785	0.118058	0.0710814	0.0763034	0.087321	0.47825	0.192858	0.201248	0.396519	0.219035	0.58144	0.592789	0.460573	0.504791	0.339933	0.577161	0.300592	0.328559	0.348622	0.363874	0.334101	0.142043	
MomentArms on: hip_flexion_r
0.0148517	0.0239963	-0.0465353	-0.0585194	-0.0263005	0.00592677	-0.0585007	-0.0485917	-0.0500559	-0.0654893	-0.0138369	-0.0286725	-0.0374054	-0.00840897	-0.0135713	-0.0200347	-0.03197	0.0398778	-0.0249539	0.0330269	0.0495531	0.0683387	-0.0522552	-0.0637546	0.0527826	
MomentArms on: knee_angle_r
0.0282317	0.028662	0.0231057	0.0320211	0.0408802	-0.0199926	0.0455157	0.0325473	0.0403713	-0.0031736	-0.0197801	-0.0184355	-0.0185187	
MomentArms on: ankle_angle_r
0.038819	0.0418377	-0.00580722	-0.0116345	-0.0415507	-0.0411617	-0.00521578	-0.00835651	-0.0382205	0.0461782	-0.00718306	
External Torques: 33.7532 -11.2368 3.22189 
Current Torque on hip_flexion_r -18.9838
Current Torque on knee_angle_r 9.9824
Current Torque on ankle_angle_r -5.50971

----------------------------------------


EmgTime: 3.49
Adjusted EMG
0.800608	0.477577	0.001	0.001	0.001	0.145678	0.001	0.0354084	0.001	0.122143	0.001	0.001	0.001	0.0522117	0.001	0.001	0.001	0.001	0.001	0.001	0.001	0.001	0.001	0.001	0.750411	0.001	0.001	0.999	0.918214	0.999	0.0124878	0.001	0.001	0.163442	0.15775	0.000997281	0.305364	0.164023	0.0863227	0	0	0	0	0	0	0	0	0	0	0	0	0	0	0	0	0	0	0	0	0	0	0	0	0	0	0	0	0	0	0	0	0	0	0	0	0	0	0	0.001	
LmtTime: 3.49
Lmt
0.136793	0.243175	0.291121	0.436783	0.179304	0.111671	0.450435	0.198812	0.44604	0.410631	0.440465	0.421158	0.437366	0.449205	0.233382	0.272504	0.297435	0.14328	0.152405	0.128483	0.0962657	0.0974563	0.102224	0.428712	0.179949	0.205785	0.40397	0.203433	0.578911	0.514214	0.430726	0.471815	0.347914	0.566011	0.309846	0.336569	0.36952	0.382696	0.353603	0.149125	0.262739	0.281774	0.419725	0.178387	0.12607	0.472049	0.240456	0.435572	0.401252	0.435429	0.417627	0.453928	0.469904	0.213999	0.254718	0.277732	0.111561	0.13083	0.118096	0.0712387	0.0764665	0.0874582	0.476926	0.19315	0.20143	0.396817	0.219231	0.582892	0.592556	0.458968	0.502864	0.341337	0.578142	0.298875	0.328807	0.349499	0.364743	0.334939	0.141956	
MomentArms on: hip_flexion_r
0.0140461	0.022768	-0.046343	-0.0581621	-0.026477	0.00543366	-0.0579778	-0.0484829	-0.0496176	-0.0645487	-0.0138395	-0.0288164	-0.0377375	-0.00874169	-0.0139441	-0.0204468	-0.0327969	0.0397774	-0.0255368	0.0331039	0.049399	0.0687702	-0.0518081	-0.0633058	0.0524429	
MomentArms on: knee_angle_r
0.0289914	0.0301554	0.0237231	0.0323439	0.0414981	-0.0197981	0.0454415	0.0335456	0.0415462	-0.00333418	-0.019594	-0.0182554	-0.0183072	
MomentArms on: ankle_angle_r
0.0388441	0.0418691	-0.00573677	-0.0115535	-0.0414328	-0.0410563	-0.0051807	-0.00832004	-0.0380697	0.0462048	-0.00711845	
External Torques: 36.9664 -12.1613 3.38128 
Current Torque on hip_flexion_r -18.1942
Current Torque on knee_angle_r 14.6906
Current Torque on ankle_angle_r -5.28209

----------------------------------------


EmgTime: 3.495
Adjusted EMG
0.794691	0.514177	0.001	0.001	0.001	0.141673	0.001	0.0326548	0.001	0.123302	0.001	0.001	0.001	0.0584918	0.001	0.001	0.001	0.001	0.001	0.001	0.001	0.001	0.001	0.001	0.752934	0.001	0.001	0.999	0.899658	0.999	0.0126083	0.001	0.001	0.145132	0.142181	0.000997281	0.320909	0.162442	0.087248	0	0	0	0	0	0	0	0	0	0	0	0	0	0	0	0	0	0	0	0	0	0	0	0	0	0	0	0	0	0	0	0	0	0	0	0	0	0	0	0.001	
LmtTime: 3.495
Lmt
0.137637	0.244054	0.292725	0.438749	0.180695	0.112263	0.452738	0.199744	0.44582	0.410394	0.440497	0.421223	0.438325	0.450416	0.234365	0.273459	0.299099	0.144007	0.152941	0.128844	0.0968668	0.0979364	0.102548	0.431717	0.179403	0.205814	0.404017	0.202877	0.577018	0.513473	0.433146	0.474916	0.34813	0.564667	0.309584	0.336609	0.368933	0.382149	0.353055	0.149149	0.262906	0.281223	0.419042	0.17803	0.126011	0.470645	0.23972	0.434342	0.399919	0.435582	0.417961	0.45464	0.470592	0.213724	0.254302	0.276949	0.111589	0.13083	0.118101	0.071373	0.0766072	0.0875736	0.475733	0.193491	0.201579	0.397064	0.219468	0.584277	0.592484	0.457425	0.501013	0.342502	0.579136	0.297417	0.329007	0.350261	0.365496	0.335667	0.141863	
MomentArms on: hip_flexion_r
0.0132984	0.021617	-0.0461053	-0.0577706	-0.0265874	0.0049879	-0.0574559	-0.0483525	-0.0492017	-0.0636442	-0.0138464	-0.0289436	-0.0380314	-0.00906029	-0.0142989	-0.0208344	-0.0335038	0.0396301	-0.0260816	0.0331388	0.0492016	0.0691107	-0.0513631	-0.0628517	0.0520255	
MomentArms on: knee_angle_r
0.029842	0.0317953	0.0243979	0.0326808	0.0422185	-0.0196737	0.0453312	0.034666	0.0428638	-0.00353243	-0.0194749	-0.0181427	-0.0181578	
MomentArms on: ankle_angle_r
0.0388642	0.0418945	-0.00567794	-0.0114858	-0.0413336	-0.0409676	-0.00515138	-0.00828953	-0.037943	0.0462257	-0.00706449	
External Torques: 39.6055 -12.5585 3.52907 
Current Torque on hip_flexion_r -17.4304
Current Torque on knee_angle_r 19.7366
Current Torque on ankle_angle_r -5.03664

----------------------------------------


EmgTime: 3.5
Adjusted EMG
0.770357	0.521533	0.001	0.001	0.001	0.138244	0.001	0.0284221	0.001	0.124685	0.001	0.001	0.001	0.0650073	0.001	0.001	0.001	0.001	0.001	0.001	0.001	0.001	0.001	0.001	0.766728	0.001	0.001	0.999	0.87639	0.999	0.0129952	0.001	0.001	0.127818	0.128194	0.000997281	0.335672	0.15944	0.0874771	0	0	0	0	0	0	0	0	0	0	0	0	0	0	0	0	0	0	0	0	0	0	0	0	0	0	0	0	0	0	0	0	0	0	0	0	0	0	0	0.001	
LmtTime: 3.5
Lmt
0.138489	0.24496	0.294252	0.44061	0.182041	0.112868	0.455098	0.200853	0.445645	0.410205	0.440523	0.421275	0.439352	0.451717	0.235292	0.274351	0.300661	0.144677	0.153445	0.129201	0.0974277	0.0983862	0.102856	0.43487	0.178901	0.205837	0.404054	0.202367	0.575126	0.513	0.43565	0.478121	0.348301	0.563359	0.309375	0.336641	0.368273	0.381533	0.352439	0.149238	0.263161	0.280646	0.41831	0.177687	0.125999	0.469298	0.2391	0.433298	0.398785	0.435702	0.418236	0.455234	0.471165	0.213379	0.253805	0.276087	0.11158	0.130783	0.118059	0.0714889	0.0767241	0.0876609	0.474711	0.193877	0.201701	0.397269	0.219743	0.585566	0.592573	0.455978	0.499282	0.343472	0.580122	0.296177	0.329169	0.350894	0.36612	0.336272	0.141789	
MomentArms on: hip_flexion_r
0.0125917	0.0205265	-0.0458387	-0.0573515	-0.0266586	0.00457033	-0.0569347	-0.0482002	-0.0487975	-0.0627654	-0.0138319	-0.0290324	-0.0382718	-0.00934379	-0.0146148	-0.0211785	-0.0341238	0.0394523	-0.0265805	0.0331418	0.0489697	0.0693761	-0.050918	-0.0623923	0.0515788	
MomentArms on: knee_angle_r
0.030759	0.0335153	0.0251026	0.0330115	0.0430119	-0.0196582	0.0451787	0.0358768	0.0442844	-0.00376981	-0.0194677	-0.0181356	-0.0181093	
MomentArms on: ankle_angle_r
0.0388798	0.0419142	-0.00563095	-0.0114317	-0.0412539	-0.0408963	-0.00512793	-0.00826511	-0.0378411	0.0462416	-0.00702135	
External Torques: 41.1812 -12.3662 3.65411 
Current Torque on hip_flexion_r -18.2487
Current Torque on knee_angle_r 25.1236
Current Torque on ankle_angle_r -4.77534

----------------------------------------


EmgTime: 3.505
Adjusted EMG
0.736086	0.506837	0.001	0.001	0.001	0.13574	0.001	0.0232633	0.001	0.12594	0.001	0.001	0.001	0.0713771	0.001	0.001	0.001	0.001	0.001	0.001	0.001	0.001	0.001	0.001	0.791409	0.001	0.001	0.999	0.843322	0.999	0.0138726	0.001	0.001	0.110843	0.116075	0.000997281	0.349688	0.155898	0.0874989	0	0	0	0	0	0	0	0	0	0	0	0	0	0	0	0	0	0	0	0	0	0	0	0	0	0	0	0	0	0	0	0	0	0	0	0	0	0	0	0.001	
LmtTime: 3.505
Lmt
0.139312	0.245844	0.295724	0.442391	0.183341	0.113464	0.457548	0.20214	0.445513	0.410063	0.440542	0.421314	0.440443	0.453096	0.236196	0.275216	0.302161	0.145296	0.153939	0.129583	0.0979495	0.0988138	0.103163	0.438159	0.17841	0.205855	0.404082	0.201875	0.573208	0.512738	0.438268	0.481462	0.348429	0.562051	0.309219	0.336665	0.367542	0.380853	0.351761	0.149397	0.263503	0.28007	0.417562	0.177378	0.126037	0.468046	0.238608	0.432404	0.397814	0.435799	0.418464	0.455764	0.471677	0.21297	0.253237	0.275173	0.111544	0.13069	0.117963	0.0715892	0.0768153	0.0877143	0.473889	0.194299	0.201803	0.397442	0.220048	0.586724	0.592807	0.454669	0.49772	0.344287	0.581065	0.295117	0.329301	0.35139	0.366608	0.336745	0.14176	
MomentArms on: hip_flexion_r
0.0119049	0.0194673	-0.0455584	-0.0569082	-0.0267176	0.00415916	-0.0564102	-0.0480138	-0.0483928	-0.0618978	-0.0137685	-0.0290595	-0.0384425	-0.0095704	-0.0148702	-0.0214594	-0.0346928	0.0392607	-0.0270268	0.0331239	0.0487081	0.0695824	-0.0504669	-0.0619237	0.0511532	
MomentArms on: knee_angle_r
0.0317172	0.0352503	0.0258101	0.0333174	0.0438491	-0.0199168	0.04498	0.0371471	0.0457693	-0.00404769	-0.0195953	-0.0182713	-0.0182041	
MomentArms on: ankle_angle_r
0.0388911	0.0419286	-0.00559576	-0.0113911	-0.041194	-0.0408432	-0.00511036	-0.00824681	-0.0377645	0.0462529	-0.00698904	
External Torques: 41.2476 -11.5243 3.74502 
Current Torque on hip_flexion_r -21.739
Current Torque on knee_angle_r 30.8418
Current Torque on ankle_angle_r -4.50052

----------------------------------------


EmgTime: 3.51
Adjusted EMG
0.699571	0.48304	0.001	0.001	0.001	0.133897	0.001	0.0179127	0.001	0.126983	0.001	0.001	0.001	0.0773044	0.001	0.001	0.001	0.001	0.001	0.001	0.001	0.001	0.001	0.001	0.821303	0.001	0.001	0.999	0.762692	0.999	0.0153274	0.001	0.001	0.0950858	0.106244	0.000997281	0.36395	0.151976	0.0873302	0	0	0	0	0	0	0	0	0	0	0	0	0	0	0	0	0	0	0	0	0	0	0	0	0	0	0	0	0	0	0	0	0	0	0	0	0	0	0	0.001	
LmtTime: 3.51
Lmt
0.140078	0.246666	0.297158	0.444121	0.184596	0.114032	0.46012	0.203602	0.445425	0.409968	0.440554	0.421339	0.441595	0.454543	0.237107	0.276088	0.303634	0.14587	0.154442	0.130017	0.0984352	0.099227	0.103486	0.441576	0.177899	0.205866	0.404101	0.201376	0.571208	0.512634	0.441027	0.484967	0.348514	0.560714	0.309115	0.336681	0.366743	0.380107	0.351019	0.149624	0.263921	0.279521	0.416833	0.177117	0.126126	0.466923	0.238251	0.431635	0.396978	0.435879	0.418655	0.456263	0.472163	0.212509	0.252615	0.274243	0.111491	0.130555	0.117809	0.0716759	0.0768795	0.0877303	0.473283	0.19474	0.201888	0.397588	0.220369	0.587725	0.593157	0.453529	0.496367	0.344979	0.581932	0.294204	0.329412	0.351748	0.366959	0.337087	0.141799	
MomentArms on: hip_flexion_r
0.0112178	0.0184077	-0.0452765	-0.0564421	-0.026787	0.00373457	-0.0558766	-0.0477846	-0.0479762	-0.061027	-0.0137652	-0.0290048	-0.0385297	-0.00972184	-0.0150473	-0.021661	-0.0352422	0.0390693	-0.0274182	0.0330944	0.0483998	0.0697432	-0.0500023	-0.0614398	0.0507923	
MomentArms on: knee_angle_r
0.0326923	0.0369409	0.0264962	0.0335826	0.0447027	-0.0214006	0.0447327	0.0384477	0.0472823	-0.0043672	-0.0198963	-0.0185825	-0.018469	
MomentArms on: ankle_angle_r
0.0388984	0.0419381	-0.0055723	-0.0113641	-0.0411543	-0.0408084	-0.00509865	-0.0082346	-0.0377132	0.0462602	-0.0069675	
External Torques: 39.4286 -9.97308 3.79066 
Current Torque on hip_flexion_r -28.5771
Current Torque on knee_angle_r 36.9426
Current Torque on ankle_angle_r -4.21953

----------------------------------------


EmgTime: 3.515
Adjusted EMG
0.663179	0.455791	0.001	0.001	0.001	0.132049	0.001	0.0121503	0.001	0.127737	0.001	0.001	0.001	0.0824665	0.001	0.001	0.001	0.001	0.001	0.001	0.001	0.001	0.001	0.001	0.85276	0.001	0.001	0.999	0.248573	0.999	0.0185894	0.001	0.001	0.0812498	0.0988929	0.000997281	0.382798	0.150442	0.0878006	0	0	0	0	0	0	0	0	0	0	0	0	0	0	0	0	0	0	0	0	0	0	0	0	0	0	0	0	0	0	0	0	0	0	0	0	0	0	0	0.001	
LmtTime: 3.515
Lmt
0.140767	0.247398	0.298568	0.445814	0.185808	0.11456	0.46283	0.205235	0.445383	0.409922	0.44056	0.421352	0.442799	0.456045	0.238043	0.276987	0.305104	0.146404	0.154967	0.13052	0.098886	0.0996309	0.103832	0.445109	0.177346	0.205872	0.40411	0.200851	0.56908	0.512646	0.443941	0.488654	0.348555	0.559325	0.309064	0.336688	0.365873	0.379294	0.350211	0.14991	0.264402	0.279017	0.416148	0.176915	0.12626	0.465949	0.238026	0.430971	0.396254	0.435943	0.418816	0.456754	0.472646	0.212006	0.251955	0.273323	0.111429	0.130383	0.117597	0.0717516	0.076917	0.0877078	0.472895	0.195187	0.20196	0.397713	0.220697	0.588552	0.593597	0.452577	0.495244	0.34557	0.582703	0.293415	0.329504	0.351973	0.367179	0.337301	0.141923	
MomentArms on: hip_flexion_r
0.0105168	0.01733	-0.0450011	-0.0559546	-0.0268818	0.00328357	-0.0553298	-0.0475157	-0.0475411	-0.0601442	-0.0137087	-0.0288564	-0.0385254	-0.00978676	-0.0151348	-0.0217731	-0.035793	0.0388879	-0.0277529	0.0330599	0.0480631	0.0698678	-0.0495192	-0.0609362	0.0505273	
MomentArms on: knee_angle_r
0.033661	0.0385356	0.0271409	0.0337933	0.0455483	-0.0230956	0.0444349	0.0397521	0.0487906	-0.0047291	-0.0203514	-0.0190548	-0.0188916	
MomentArms on: ankle_angle_r
0.0389019	0.0419426	-0.00556088	-0.011351	-0.0411353	-0.0407928	-0.00509294	-0.00822865	-0.0376883	0.0462637	-0.00695702	
External Torques: 35.5099 -7.65596 3.78035 
Current Torque on hip_flexion_r -39.0935
Current Torque on knee_angle_r 44.2705
Current Torque on ankle_angle_r -3.92943

----------------------------------------


EmgTime: 3.52
Adjusted EMG
0.601251	0.410127	0.001	0.001	0.001	0.125383	0.001	0.00859817	0.001	0.127801	0.001	0.001	0.001	0.0867081	0.001	0.001	0.001	0.001	0.001	0.001	0.001	0.001	0.001	0.001	0.848039	0.001	0.001	0.999	0.20726	0.999	0.0214267	0.001	0.001	0.068373	0.0939486	0.000997281	0.398502	0.142968	0.0850648	0	0	0	0	0	0	0	0	0	0	0	0	0	0	0	0	0	0	0	0	0	0	0	0	0	0	0	0	0	0	0	0	0	0	0	0	0	0	0	0.001	
LmtTime: 3.52
Lmt
0.141365	0.248025	0.299951	0.447473	0.186971	0.11504	0.465679	0.207032	0.445388	0.409928	0.440559	0.42135	0.444049	0.457589	0.239007	0.277916	0.306573	0.1469	0.155514	0.131093	0.0993013	0.100026	0.104203	0.448743	0.176744	0.205871	0.404108	0.200293	0.566813	0.512757	0.447011	0.492518	0.34855	0.557878	0.30907	0.336687	0.364915	0.378412	0.349337	0.15025	0.264936	0.278565	0.415518	0.176771	0.126433	0.465127	0.237927	0.430402	0.395633	0.435997	0.418952	0.457243	0.473132	0.21147	0.251266	0.272425	0.111365	0.130177	0.11733	0.0718188	0.0769298	0.0876481	0.472712	0.195635	0.202021	0.39782	0.221026	0.589206	0.594112	0.451812	0.49435	0.34607	0.583372	0.292738	0.329581	0.352072	0.367276	0.337395	0.142134	
MomentArms on: hip_flexion_r
0.00979832	0.0162301	-0.0447376	-0.0554489	-0.0270078	0.00280247	-0.0547705	-0.0472067	-0.0470876	-0.0592496	-0.0135819	-0.0286128	-0.0384293	-0.00976257	-0.0151302	-0.0217936	-0.0363531	0.0387225	-0.0280281	0.0330238	0.0477013	0.0699606	-0.0490172	-0.0604128	0.0503741	
MomentArms on: knee_angle_r
0.0346013	0.0399913	0.0277278	0.0339374	0.0463645	-0.0248071	0.0440833	0.0410359	0.0502641	-0.00513272	-0.0216939	-0.0195048	-0.0194573	
MomentArms on: ankle_angle_r
0.0389015	0.0419421	-0.00556228	-0.0113526	-0.0411384	-0.0407974	-0.00509364	-0.00822938	-0.0376913	0.0462633	-0.0069583	
External Torques: 29.2969 -4.51374 3.70564 
Current Torque on hip_flexion_r -48.8217
Current Torque on knee_angle_r 49.6429
Current Torque on ankle_angle_r -3.62616

----------------------------------------


EmgTime: 3.525
Adjusted EMG
0.550718	0.373491	0.001	0.001	0.001	0.118718	0.001	0.0043024	0.001	0.12761	0.001	0.001	0.001	0.0900284	0.001	0.001	0.001	0.001	0.001	0.001	0.001	0.001	0.001	0.001	0.860952	0.001	0.001	0.999	0.169239	0.999	0.028337	0.001	0.001	0.0567178	0.0911541	0.000997281	0.427509	0.139562	0.0843824	0	0	0	0	0	0	0	0	0	0	0	0	0	0	0	0	0	0	0	0	0	0	0	0	0	0	0	0	0	0	0	0	0	0	0	0	0	0	0	0.001	
LmtTime: 3.525
Lmt
0.141871	0.248542	0.301294	0.44908	0.188075	0.115466	0.468648	0.208983	0.445446	0.40999	0.440551	0.421333	0.445331	0.459159	0.239988	0.278866	0.308024	0.147358	0.156077	0.131722	0.099681	0.100409	0.104595	0.452453	0.176098	0.205864	0.404096	0.199706	0.564418	0.512971	0.450219	0.496538	0.348494	0.556385	0.309139	0.336677	0.363837	0.377466	0.348368	0.150635	0.265515	0.278158	0.414935	0.176678	0.12664	0.464445	0.237944	0.429927	0.395114	0.436039	0.419063	0.457725	0.473617	0.210903	0.250551	0.271545	0.111296	0.129942	0.117011	0.0718773	0.0769198	0.0875544	0.472716	0.196083	0.202071	0.397908	0.221355	0.589703	0.594698	0.451219	0.493666	0.346485	0.583949	0.292172	0.329643	0.352055	0.36726	0.337379	0.142424	
MomentArms on: hip_flexion_r
0.00906944	0.0151189	-0.0444885	-0.0549324	-0.0271622	0.00229755	-0.0542043	-0.0468625	-0.0466225	-0.058353	-0.0133913	-0.0284439	-0.038251	-0.00965672	-0.0150413	-0.02173	-0.0369186	0.0385749	-0.0282473	0.0329876	0.0473191	0.0700231	-0.0485017	-0.0598752	0.0503305	
MomentArms on: knee_angle_r
0.0354922	0.041271	0.0282425	0.0340053	0.0471314	-0.0264875	0.0436771	0.042276	0.0516747	-0.005578	-0.0231798	-0.0198933	-0.0209403	
MomentArms on: ankle_angle_r
0.0388967	0.0419359	-0.00557771	-0.0113704	-0.0411658	-0.0408245	-0.00510135	-0.00823742	-0.0377251	0.0462585	-0.00697247	
External Torques: 20.752 -0.495637 3.5602 
Current Torque on hip_flexion_r -62.4087
Current Torque on knee_angle_r 57.8571
Current Torque on ankle_angle_r -3.32516

----------------------------------------


EmgTime: 3.53
Adjusted EMG
0.4844	0.328527	0.001	0.001	0.001	0.108792	0.001	0.0025221	0.001	0.128297	0.001	0.001	0.001	0.0925198	0.001	0.001	0.001	0.001	0.001	0.001	0.001	0.001	0.001	0.001	0.849459	0.001	0.001	0.999	0.14028	0.999	0.0333864	0.001	0.0166469	0.0463334	0.0901106	0.000997281	0.447174	0.138779	0.075587	0	0	0	0	0	0	0	0	0	0	0	0	0	0	0	0	0	0	0	0	0	0	0	0	0	0	0	0	0	0	0	0	0	0	0	0	0	0	0	0.001	
LmtTime: 3.53
Lmt
0.142277	0.248943	0.302566	0.4506	0.189096	0.11583	0.471696	0.211075	0.445559	0.410113	0.440535	0.4213	0.446635	0.460742	0.240958	0.27981	0.309421	0.147768	0.156645	0.132385	0.100017	0.100772	0.104993	0.456196	0.175427	0.205849	0.404072	0.199106	0.561924	0.513321	0.453531	0.500666	0.348384	0.554876	0.309274	0.336657	0.362641	0.376436	0.347284	0.151069	0.26615	0.277771	0.414366	0.176622	0.126881	0.463864	0.238072	0.429555	0.394707	0.436071	0.419149	0.45819	0.474088	0.210288	0.249785	0.270643	0.111224	0.129673	0.116639	0.0719325	0.0768917	0.0874297	0.47289	0.19655	0.202109	0.397976	0.221695	0.590072	0.595381	0.450763	0.493148	0.346807	0.58447	0.291729	0.329691	0.351927	0.367134	0.337257	0.142778	
MomentArms on: hip_flexion_r
0.00834871	0.0140251	-0.04426	-0.0544205	-0.0273391	0.00178331	-0.0536471	-0.0465011	-0.0461602	-0.0574785	-0.013148	-0.0286308	-0.0381197	-0.00948061	-0.0148793	-0.0215929	-0.0374751	0.0384488	-0.0284093	0.032953	0.0469273	0.0700571	-0.047988	-0.0593389	0.0503925	
MomentArms on: knee_angle_r
0.0363135	0.0423463	0.0286735	0.0339906	0.0478314	-0.0281137	0.0432164	0.0434507	0.0529962	-0.00606469	-0.02461	-0.0213819	-0.022373	
MomentArms on: ankle_angle_r
0.0388871	0.0419236	-0.00560813	-0.0114054	-0.0412187	-0.0408753	-0.00511654	-0.00825325	-0.0377915	0.046249	-0.0070004	
External Torques: 9.96508 4.43626 3.34096 
Current Torque on hip_flexion_r -74.7194
Current Torque on knee_angle_r 65.3869
Current Torque on ankle_angle_r -3.12992

----------------------------------------


EmgTime: 3.535
Adjusted EMG
0.426546	0.290828	0.001	0.001	0.001	0.0989112	0.001	0.00104757	0.001	0.130233	0.001	0.001	0.001	0.0941389	0.001	0.001	0.001	0.001	0.001	0.001	0.001	0.001	0.001	0.001	0.842925	0.001	0.001	0.999	0.103131	0.999	0.0422605	0.001	0.0701358	0.037295	0.0903302	0.000997281	0.476204	0.137527	0.0577808	0	0	0	0	0	0	0	0	0	0	0	0	0	0	0	0	0	0	0	0	0	0	0	0	0	0	0	0	0	0	0	0	0	0	0	0	0	0	0	0.001	
LmtTime: 3.535
Lmt
0.142581	0.249229	0.30373	0.451989	0.190007	0.116126	0.474775	0.213294	0.445732	0.410299	0.44051	0.421249	0.447947	0.46232	0.241886	0.280716	0.310722	0.148127	0.1572	0.133059	0.100307	0.101104	0.105384	0.459921	0.174758	0.205826	0.404035	0.198514	0.559369	0.513848	0.456899	0.504844	0.348216	0.55339	0.309479	0.336625	0.36133	0.375286	0.346088	0.151557	0.266856	0.277375	0.413775	0.176586	0.127155	0.463345	0.238306	0.429302	0.394431	0.436093	0.419207	0.458619	0.474526	0.209607	0.248944	0.269678	0.11114	0.129365	0.116212	0.0719843	0.0768475	0.087277	0.473217	0.197053	0.202135	0.398022	0.222061	0.59035	0.596189	0.450404	0.492752	0.347025	0.584971	0.291428	0.329723	0.351693	0.366905	0.337034	0.143172	
MomentArms on: hip_flexion_r
0.00765996	0.0129843	-0.0440577	-0.0539317	-0.027529	0.00127937	-0.0531188	-0.0461411	-0.0457182	-0.0566542	-0.0128693	-0.0287593	-0.0385617	-0.0092526	-0.0146629	-0.0214007	-0.0380053	0.038347	-0.0285209	0.0329224	0.0465397	0.0700665	-0.0474949	-0.0588238	0.0505434	
MomentArms on: knee_angle_r
0.0370471	0.0431832	0.0290134	0.0338884	0.048447	-0.0297297	0.0427004	0.044539	0.0542038	-0.00658954	-0.026032	-0.0229941	-0.0238005	
MomentArms on: ankle_angle_r
0.0388721	0.0419045	-0.00565435	-0.0114586	-0.0412983	-0.0409507	-0.00513961	-0.00827728	-0.0378919	0.0462338	-0.00704284	
External Torques: -2.74769 10.297 3.04757 
Current Torque on hip_flexion_r -88.0822
Current Torque on knee_angle_r 75.1287
Current Torque on ankle_angle_r -3.09143

----------------------------------------


EmgTime: 3.54
Adjusted EMG
0.371389	0.254551	0.001	0.001	0.001	0.0894984	0.001	0.00150139	0.001	0.130574	0.001	0.001	0.001	0.0953088	0.001	0.001	0.001	0.001	0.001	0.001	0.001	0.001	0.001	0.001	0.824018	0.001	0.001	0.999	0.0765431	0.999	0.0533616	0.001	0.0691289	0.0295874	0.0911755	0.000997281	0.505309	0.131392	0.0145177	0	0	0	0	0	0	0	0	0	0	0	0	0	0	0	0	0	0	0	0	0	0	0	0	0	0	0	0	0	0	0	0	0	0	0	0	0	0	0	0.001	
LmtTime: 3.54
Lmt
0.142784	0.249405	0.304751	0.453208	0.190784	0.116345	0.477828	0.215612	0.445967	0.410553	0.440475	0.42118	0.449249	0.463873	0.24274	0.281551	0.311881	0.148435	0.157723	0.133713	0.100552	0.101403	0.105752	0.463575	0.174121	0.205795	0.403985	0.197954	0.556791	0.51459	0.460273	0.509008	0.347986	0.551977	0.309759	0.336583	0.359902	0.374015	0.344779	0.152106	0.267648	0.276945	0.413124	0.176559	0.127469	0.462845	0.238639	0.429189	0.394307	0.436102	0.419233	0.458988	0.474908	0.208841	0.248001	0.268604	0.11103	0.12901	0.11573	0.0720289	0.0767864	0.0870973	0.473684	0.197611	0.202147	0.398043	0.222466	0.590572	0.59715	0.450101	0.492428	0.347122	0.585489	0.291293	0.329737	0.351359	0.366577	0.336715	0.143577	
MomentArms on: hip_flexion_r
0.0070304	0.0120364	-0.0438879	-0.0534865	-0.0277211	0.00080825	-0.0526418	-0.0458021	-0.0453158	-0.0559116	-0.0125771	-0.0288375	-0.0389128	-0.00899452	-0.0144149	-0.0211763	-0.0384907	0.0382727	-0.0285892	0.0328991	0.0461731	0.0700575	-0.0470442	-0.0583523	0.0507587	
MomentArms on: knee_angle_r
0.0376778	0.043798	0.0292588	0.0336964	0.0489619	-0.0314278	0.0421287	0.0455215	0.055275	-0.00714685	-0.0275446	-0.0247183	-0.0253201	
MomentArms on: ankle_angle_r
0.0388509	0.0418776	-0.00571731	-0.0115311	-0.0414054	-0.0410515	-0.005171	-0.00830995	-0.0380279	0.0462119	-0.0071006	
External Torques: -17.1785 17.0805 2.68676 
Current Torque on hip_flexion_r -100.294
Current Torque on knee_angle_r 85.818
Current Torque on ankle_angle_r -3.01164

----------------------------------------


EmgTime: 3.545
Adjusted EMG
0.323312	0.222086	0.001	0.001	0.001	0.0820555	0.001	0.00358321	0.001	0.129168	0.001	0.001	0.001	0.096483	0.001	0.001	0.001	0.001	0.001	0.001	0.001	0.001	0.001	0.001	0.804097	0.001	0.001	0.999	0.0544538	0.999	0.0700313	0.001	0.0685077	0.023136	0.0919784	0.000997281	0.538434	0.117547	0.0134582	0	0	0	0	0	0	0	0	0	0	0	0	0	0	0	0	0	0	0	0	0	0	0	0	0	0	0	0	0	0	0	0	0	0	0	0	0	0	0	0.001	
LmtTime: 3.545
Lmt
0.14289	0.249478	0.305592	0.454218	0.191402	0.116482	0.480794	0.217998	0.44627	0.410879	0.440431	0.421089	0.450522	0.465378	0.24349	0.282283	0.312858	0.148696	0.158191	0.134313	0.100757	0.101665	0.106087	0.467102	0.173549	0.205754	0.40392	0.19745	0.554231	0.515582	0.463597	0.513088	0.347688	0.550693	0.31012	0.336527	0.358361	0.372621	0.343358	0.152727	0.268548	0.276455	0.412375	0.17653	0.127829	0.462324	0.239065	0.429238	0.394361	0.436098	0.419221	0.45927	0.475205	0.207965	0.246925	0.267379	0.110877	0.128597	0.115191	0.0720609	0.0767056	0.0868902	0.474282	0.198241	0.202142	0.398034	0.222922	0.590772	0.59829	0.449815	0.49213	0.34708	0.586054	0.291352	0.329731	0.350929	0.366154	0.336305	0.143964	
MomentArms on: hip_flexion_r
0.00648793	0.011222	-0.0437572	-0.0531061	-0.0279051	0.00039297	-0.0522399	-0.0455125	-0.0449721	-0.0552819	-0.0122948	-0.028741	-0.0391843	-0.00872903	-0.0141592	-0.020944	-0.0389147	0.0382297	-0.0286272	0.0328876	0.0458467	0.0700393	-0.0466583	-0.0579482	0.05101	
MomentArms on: knee_angle_r
0.0381936	0.0437046	0.0294069	0.0334153	0.049362	-0.0332087	0.0415042	0.0463814	0.0561912	-0.00773231	-0.0291518	-0.0265593	-0.0269397	
MomentArms on: ankle_angle_r
0.0388223	0.0418417	-0.00579828	-0.0116242	-0.0415412	-0.0411786	-0.00521133	-0.00835189	-0.0382014	0.0461816	-0.00717486	
External Torques: -32.9804 24.7371 2.2688 
Current Torque on hip_flexion_r -112.2
Current Torque on knee_angle_r 98.741
Current Torque on ankle_angle_r -2.84208

----------------------------------------


EmgTime: 3.55
Adjusted EMG
0.278311	0.194986	0.001	0.001	0.001	0.0770169	0.001	0.00706375	0.001	0.125708	0.001	0.001	0.001	0.0982085	0.001	0.001	0.001	0.001	0.001	0.001	0.001	0.001	0.001	0.001	0.78539	0.001	0.001	0.999	0.0363574	0.999	0.0861633	0.001	0.0677601	0.0177882	0.0923989	0.000997281	0.572948	0.0787713	0.0124622	0	0	0	0	0	0	0	0	0	0	0	0	0	0	0	0	0	0	0	0	0	0	0	0	0	0	0	0	0	0	0	0	0	0	0	0	0	0	0	0.001	
LmtTime: 3.55
Lmt
0.1429	0.249456	0.306225	0.454989	0.19184	0.116529	0.483618	0.220388	0.446648	0.411286	0.440374	0.420976	0.451738	0.466808	0.244114	0.282884	0.313618	0.148919	0.158593	0.134827	0.100932	0.101895	0.10638	0.470448	0.173072	0.205703	0.403839	0.197024	0.551725	0.51685	0.466816	0.517017	0.347316	0.549591	0.310568	0.336457	0.35671	0.371106	0.341829	0.15343	0.269575	0.275887	0.411501	0.176496	0.128243	0.461747	0.239576	0.429474	0.394619	0.436078	0.419168	0.459438	0.475388	0.206959	0.245688	0.265966	0.110665	0.128116	0.114594	0.0720735	0.076601	0.0866542	0.475005	0.19896	0.202117	0.397991	0.223442	0.590979	0.599627	0.449512	0.491818	0.346877	0.58669	0.291632	0.329701	0.350408	0.365641	0.335808	0.144309	
MomentArms on: hip_flexion_r
0.0060581	0.0105776	-0.0436724	-0.0528107	-0.0280726	5.44e-05	-0.0519353	-0.0452803	-0.0447038	-0.0547932	-0.0120449	-0.0287307	-0.0393961	-0.00847658	-0.013918	-0.0207273	-0.039264	0.0382225	-0.0286491	0.0328932	0.0455797	0.0700221	-0.0463578	-0.0576332	0.0512689	
MomentArms on: knee_angle_r
0.0385874	0.043097	0.0294588	0.0330485	0.0496369	-0.0350468	0.0408302	0.047106	0.0569387	-0.00833956	-0.03083	-0.0284923	-0.0286412	
MomentArms on: ankle_angle_r
0.0387847	0.041795	-0.00589897	-0.0117399	-0.0417073	-0.0413331	-0.00526141	-0.00840388	-0.0384149	0.0461408	-0.00726713	
External Torques: -49.6767 33.1679 1.80796 
Current Torque on hip_flexion_r -123.669
Current Torque on knee_angle_r 113.984
Current Torque on ankle_angle_r -2.57762

----------------------------------------


EmgTime: 3.555
Adjusted EMG
0.227416	0.167398	0.001	0.001	0.001	0.0744731	0.001	0.0179188	0.001	0.119158	0.001	0.001	0.001	0.10005	0.001	0.001	0.001	0.001	0.001	0.001	0.001	0.001	0.001	0.001	0.732712	0.001	0.001	0.999	0.0218949	0.876019	0.103559	0.001	0.0671784	0.0134129	0.092609	0.000997281	0.584298	0.002722	0.0114591	0	0	0	0	0	0	0	0	0	0	0	0	0	0	0	0	0	0	0	0	0	0	0	0	0	0	0	0	0	0	0	0	0	0	0	0	0	0	0	0.001	
LmtTime: 3.555
Lmt
0.142818	0.249347	0.306628	0.455499	0.192083	0.116479	0.486245	0.222746	0.447105	0.411778	0.440303	0.420837	0.452871	0.468132	0.244595	0.283336	0.314136	0.149115	0.158919	0.135231	0.101088	0.102096	0.106629	0.473559	0.172715	0.205641	0.403739	0.196695	0.549313	0.518404	0.469879	0.52073	0.346862	0.548721	0.311112	0.33637	0.354963	0.369481	0.340201	0.154226	0.270749	0.275228	0.410479	0.176454	0.128722	0.461085	0.240167	0.429919	0.395105	0.43604	0.419065	0.459463	0.475429	0.205803	0.244266	0.264333	0.11038	0.127558	0.113938	0.072062	0.0764701	0.086389	0.475851	0.19978	0.202071	0.397909	0.224033	0.591215	0.601174	0.449162	0.49146	0.346492	0.587415	0.292163	0.329644	0.349799	0.36504	0.335227	0.144591	
MomentArms on: hip_flexion_r
0.00576171	0.0101325	-0.0436392	-0.0526152	-0.0282171	-0.00019055	-0.0517461	-0.0451346	-0.0445239	-0.0544676	-0.0118467	-0.0287328	-0.039488	-0.00825391	-0.0137097	-0.0205458	-0.0395291	0.0382552	-0.0286686	0.0329206	0.0453887	0.0700156	-0.0461594	-0.0574254	0.0515099	
MomentArms on: knee_angle_r
0.0388594	0.0423877	0.0294211	0.0326005	0.0497795	-0.0368495	0.040109	0.047687	0.05751	-0.00895871	-0.032484	-0.0304146	-0.0303371	
MomentArms on: ankle_angle_r
0.0387364	0.0417355	-0.0060208	-0.0118798	-0.0419043	-0.0415154	-0.00532189	-0.00846657	-0.0386699	0.0460867	-0.00737867	
External Torques: -66.9155 42.2326 1.32316 
Current Torque on hip_flexion_r -130.023
Current Torque on knee_angle_r 126.349
Current Torque on ankle_angle_r -2.207

----------------------------------------


EmgTime: 3.56
Adjusted EMG
0.187233	0.144123	0.001	0.001	0.001	0.074156	0.001	0.0351049	0.001	0.108975	0.001	0.001	0.001	0.102133	0.001	0.001	0.001	0.001	0.001	0.001	0.001	0.001	0.001	0.001	0.685738	0.001	0.001	0.999	0.0106648	0.221125	0.122718	0.001	0.0668636	0.0098838	0.0928511	0.000997281	0.592922	0.001	0.0106819	0	0	0	0	0	0	0	0	0	0	0	0	0	0	0	0	0	0	0	0	0	0	0	0	0	0	0	0	0	0	0	0	0	0	0	0	0	0	0	0.001	
LmtTime: 3.56
Lmt
0.142648	0.249158	0.306785	0.455734	0.19212	0.116329	0.488631	0.225046	0.447644	0.412359	0.440219	0.42067	0.453894	0.469324	0.244924	0.283625	0.314396	0.149296	0.159163	0.135511	0.101237	0.102277	0.106833	0.476389	0.172496	0.205566	0.403621	0.196473	0.547033	0.520242	0.472736	0.524168	0.346321	0.548123	0.311754	0.336267	0.353141	0.367764	0.338495	0.15512	0.272079	0.274471	0.409294	0.176407	0.129269	0.460321	0.240832	0.430596	0.395844	0.435979	0.418906	0.459316	0.475297	0.204484	0.242641	0.262457	0.11001	0.126921	0.113229	0.0720234	0.0763127	0.0860975	0.476821	0.200709	0.202	0.397784	0.2247	0.591494	0.602932	0.448749	0.491035	0.345901	0.588238	0.292968	0.329555	0.349105	0.364352	0.334562	0.144794	
MomentArms on: hip_flexion_r
0.00561381	0.0099069	-0.0436613	-0.052531	-0.0283338	-0.00032935	-0.0516847	-0.04508	-0.0444411	-0.0543199	-0.011712	-0.0287551	-0.0396355	-0.00807367	-0.0135485	-0.0204148	-0.0397043	0.0383298	-0.0286982	0.0329732	0.0452858	0.070027	-0.0460744	-0.0573369	0.0517102	
MomentArms on: knee_angle_r
0.0390141	0.0415937	0.0293022	0.0320819	0.0497885	-0.0385745	0.0393483	0.0481216	0.0579042	-0.00958121	-0.0340724	-0.0322803	-0.0319851	
MomentArms on: ankle_angle_r
0.0386754	0.0416612	-0.00616435	-0.0120444	-0.0421308	-0.0417237	-0.005393	-0.00854012	-0.0389656	0.0460165	-0.00750997	
External Torques: -84.4459 51.742 0.836466 
Current Torque on hip_flexion_r -134.71
Current Torque on knee_angle_r 136.283
Current Torque on ankle_angle_r -1.74736

----------------------------------------


EmgTime: 3.565
Adjusted EMG
0.155138	0.125015	0.00107529	0.001	0.00419646	0.0748325	0.001	0.0548139	0.001	0.155643	0.001	0.001	0.001	0.001	0.001	0.001	0.001	0.001	0.001	0.001	0.001	0.001	0.001	0.001	0.641282	0.001	0.001	0.999	0.00211972	0.001	0.142595	0.001	0.066756	0.00706564	0.0932117	0.000997281	0.602984	0.001	0.0101228	0	0	0	0	0	0	0	0	0	0	0	0	0	0	0	0	0	0	0	0	0	0	0	0	0	0	0	0	0	0	0	0	0	0	0	0	0	0	0	0.001	
LmtTime: 3.565
Lmt
0.142395	0.248899	0.306693	0.455693	0.191948	0.116076	0.490736	0.227259	0.448262	0.413025	0.440119	0.420476	0.454789	0.470364	0.245097	0.283744	0.314388	0.149472	0.159327	0.135657	0.101389	0.102446	0.106993	0.4789	0.172429	0.205479	0.403483	0.196367	0.544923	0.522346	0.475345	0.527282	0.345694	0.547824	0.312489	0.336145	0.351269	0.365982	0.336734	0.156112	0.273567	0.273617	0.407944	0.176356	0.129886	0.459448	0.241566	0.431525	0.396857	0.43589	0.418682	0.458969	0.474964	0.202998	0.240806	0.260328	0.109552	0.126208	0.112479	0.0719589	0.0761328	0.0857867	0.477919	0.20175	0.2019	0.397609	0.225441	0.591818	0.604897	0.448264	0.490535	0.345078	0.589159	0.294072	0.329427	0.348323	0.363576	0.333814	0.14491	
MomentArms on: hip_flexion_r
0.00562387	0.00991242	-0.0437386	-0.0525608	-0.028418	-0.00035333	-0.0517567	-0.0451246	-0.0444599	-0.0543571	-0.0116589	-0.0288323	-0.0397922	-0.00794554	-0.0134454	-0.0203466	-0.0397855	0.0384446	-0.0287492	0.0330513	0.0452769	0.0700592	-0.0461077	-0.0573732	0.0518485	
MomentArms on: knee_angle_r
0.0390611	0.0407361	0.0291139	0.0315058	0.0496677	-0.0401462	0.0385581	0.0484128	0.0581276	-0.0101977	-0.035521	-0.0340105	-0.0335066	
MomentArms on: ankle_angle_r
0.0386006	0.0415707	-0.00632873	-0.0122325	-0.0423826	-0.0419539	-0.0054742	-0.0086239	-0.0392977	0.0459276	-0.0076601	
External Torques: -101.954 61.4592 0.370831 
Current Torque on hip_flexion_r -139.249
Current Torque on knee_angle_r 145.275
Current Torque on ankle_angle_r -3.93167

----------------------------------------


EmgTime: 3.57
Adjusted EMG
0.125141	0.107103	0.0076165	0.0153696	0.00815604	0.0764659	0.001	0.0795729	0.001	0.194455	0.001	0.001	0.001	0.001	0.001	0.001	0.001	0.001	0.001	0.001	0.001	0.001	0.001	0.001	0.51988	0.001	0.001	0.999	0.001	0.001	0.0547787	0.001	0.0667328	0.00506449	0.0942125	0.000997281	0.602571	0.001	0.00986648	0	0	0	0	0	0	0	0	0	0	0	0	0	0	0	0	0	0	0	0	0	0	0	0	0	0	0	0	0	0	0	0	0	0	0	0	0	0	0	0.001	
LmtTime: 3.57
Lmt
0.142057	0.248567	0.306349	0.455374	0.191565	0.115717	0.492535	0.229363	0.448953	0.413769	0.440004	0.420255	0.455542	0.47124	0.245114	0.283694	0.314115	0.149644	0.159408	0.13567	0.101547	0.102602	0.107111	0.481057	0.172514	0.20538	0.403328	0.196378	0.543023	0.524699	0.477672	0.53003	0.344987	0.547834	0.313311	0.336006	0.349386	0.36417	0.334954	0.157196	0.27521	0.272666	0.406428	0.176303	0.13057	0.458466	0.24237	0.432725	0.398163	0.435765	0.418383	0.458394	0.474402	0.201342	0.238751	0.257935	0.109014	0.125433	0.111703	0.0718806	0.0759423	0.0854683	0.479147	0.202904	0.201766	0.39738	0.226261	0.59218	0.60706	0.447708	0.489962	0.343996	0.590181	0.295497	0.329254	0.34745	0.362707	0.332977	0.144937	
MomentArms on: hip_flexion_r
0.00579251	0.0101494	-0.0438721	-0.0527061	-0.0284708	-0.00026215	-0.0519628	-0.0452727	-0.0445793	-0.0545796	-0.0116848	-0.028944	-0.0399615	-0.00786888	-0.0134	-0.0203406	-0.0397736	0.0385993	-0.0288216	0.0331546	0.0453643	0.0701124	-0.0462598	-0.0575352	0.0519257	
MomentArms on: knee_angle_r
0.0390149	0.0398393	0.0288747	0.0308883	0.049424	-0.0412602	0.0377461	0.0485678	0.0581916	-0.0107963	-0.0365273	-0.0352984	-0.0345843	
MomentArms on: ankle_angle_r
0.0385109	0.0414633	-0.00651197	-0.0124419	-0.0426536	-0.0421996	-0.00556445	-0.00871675	-0.0396595	0.0458181	-0.00782722	
External Torques: -119.125 71.1168 -0.0512135 
Current Torque on hip_flexion_r -142.175
Current Torque on knee_angle_r 152.511
Current Torque on ankle_angle_r -6.84089

----------------------------------------


EmgTime: 3.575
Adjusted EMG
0.0918888	0.0867248	0.00806938	0.023592	0.0120788	0.0771571	0.0704721	0.108514	0.001	0.184777	0.001	0.001	0.001	0.001	0.001	0.001	0.001	0.001	0.001	0.001	0.001	0.001	0.001	0.001	0.255584	0.001	0.001	0.731467	0.001	0.001	0.001	0.0329015	0.0671763	0.00348959	0.0953722	0.000997281	0.583331	0.001	0.0100225	0	0	0	0	0	0	0	0	0	0	0	0	0	0	0	0	0	0	0	0	0	0	0	0	0	0	0	0	0	0	0	0	0	0	0	0	0	0	0	0.001	
LmtTime: 3.575
Lmt
0.141622	0.248146	0.30576	0.454783	0.190973	0.115253	0.494017	0.231341	0.449706	0.41458	0.439874	0.420009	0.456148	0.471947	0.244981	0.283483	0.313585	0.149802	0.159409	0.135556	0.101699	0.10274	0.107187	0.482833	0.172734	0.20527	0.403156	0.196494	0.541369	0.527271	0.479696	0.532388	0.344207	0.548134	0.314207	0.335851	0.347536	0.362375	0.3332	0.158359	0.27699	0.271624	0.404758	0.176245	0.131307	0.457384	0.243241	0.434211	0.399777	0.435597	0.417996	0.457562	0.473582	0.199526	0.236481	0.255276	0.10842	0.124616	0.110918	0.07181	0.0757606	0.0851587	0.480503	0.204168	0.201594	0.39709	0.227152	0.592563	0.609402	0.447094	0.489328	0.342625	0.591297	0.297261	0.329027	0.346478	0.361735	0.332043	0.144889	
MomentArms on: hip_flexion_r
0.0061097	0.0106039	-0.0440619	-0.0529611	-0.0284985	-6.454e-05	-0.0522953	-0.0455155	-0.0447919	-0.0549779	-0.0117762	-0.0290864	-0.0401277	-0.00783393	-0.013401	-0.0203849	-0.0396746	0.038793	-0.028905	0.0332811	0.0455445	0.0701832	-0.0465238	-0.0578164	0.0519619	
MomentArms on: knee_angle_r
0.0388923	0.038926	0.0285984	0.0302438	0.0490702	-0.0419456	0.0369228	0.0486	0.0581146	-0.0113701	-0.0371196	-0.0361656	-0.0352424	
MomentArms on: ankle_angle_r
0.0384061	0.0413387	-0.00671139	-0.0126693	-0.0429367	-0.042454	-0.00566234	-0.00881713	-0.0400431	0.0456866	-0.0080088	
External Torques: -135.894 80.4173 -0.406437 
Current Torque on hip_flexion_r -143.186
Current Torque on knee_angle_r 156.345
Current Torque on ankle_angle_r -6.98971

----------------------------------------


EmgTime: 3.58
Adjusted EMG
0.0770228	0.0770635	0.0808029	0.0780641	0.0796359	0.0771452	0.129693	0.139532	0.001	0.168998	0.001	0.001	0.001	0.001	0.020982	0.0244966	0.0213191	0.00642763	0.001	0.00583426	0.00231721	0.00762365	0.001	0.001	0.001	0.001	0.001	0.001	0.001	0.001	0.001	0.0888526	0.0677366	0.00245481	0.0967963	0.000997281	0.558633	0.001	0.010674	0	0	0	0	0	0	0	0	0	0	0	0	0	0	0	0	0	0	0	0	0	0	0	0	0	0	0	0	0	0	0	0	0	0	0	0	0	0	0	0.00340464	
LmtTime: 3.58
Lmt
0.141075	0.247612	0.304942	0.453934	0.190178	0.114682	0.495189	0.233182	0.450511	0.415446	0.439731	0.41974	0.456607	0.472486	0.244706	0.283128	0.312821	0.149922	0.159331	0.135336	0.101825	0.102846	0.10722	0.484214	0.173064	0.205151	0.40297	0.196701	0.539976	0.530025	0.481413	0.53435	0.343362	0.548675	0.315165	0.335681	0.345751	0.36063	0.331504	0.159575	0.278873	0.270502	0.402956	0.176177	0.132077	0.456224	0.244175	0.435992	0.401707	0.435375	0.41751	0.456444	0.472474	0.197567	0.234011	0.252363	0.107809	0.12379	0.110144	0.071777	0.075613	0.0848774	0.481971	0.205535	0.201378	0.396731	0.228104	0.592941	0.611888	0.446442	0.488653	0.340933	0.592497	0.299374	0.328736	0.345404	0.360658	0.331009	0.144787	
MomentArms on: hip_flexion_r
0.00655458	0.0112481	-0.0443076	-0.0533155	-0.0285131	0.00022117	-0.0527392	-0.0458328	-0.0450839	-0.0555332	-0.0119092	-0.0292284	-0.0402539	-0.00782099	-0.0134261	-0.020455	-0.0394998	0.0390249	-0.0289774	0.0334274	0.0458091	0.0702654	-0.0468863	-0.0582033	0.0519981	
MomentArms on: knee_angle_r
0.0387105	0.038016	0.0282978	0.0295864	0.0486221	-0.0423025	0.036099	0.0485269	0.0579187	-0.0119141	-0.0373965	-0.0367047	-0.035579	
MomentArms on: ankle_angle_r
0.0382863	0.0411973	-0.00692397	-0.0129112	-0.0432246	-0.0427101	-0.00576628	-0.00892332	-0.0404399	0.0455327	-0.00820199	
External Torques: -152.121 89.0645 -0.676169 
Current Torque on hip_flexion_r -152.055
Current Torque on knee_angle_r 157.962
Current Torque on ankle_angle_r -5.57207

----------------------------------------


EmgTime: 3.585
Adjusted EMG
0.0783051	0.0779136	0.0268607	0.0676866	0.0526349	0.0772066	0.169242	0.171854	0.001	0.149792	0.001	0.001	0.001	0.001	0.0208421	0.001	0.0182604	0.001	0.001	0.001	0.001	0.001	0.001	0.001	0.0932356	0.001	0.001	0.367532	0.001	0.001	0.001	0.130511	0.0685331	0.00184274	0.098264	0.000997281	0.532069	0.001	0.0119533	0	0	0	0	0	0	0	0	0	0	0	0	0	0	0	0	0	0	0	0	0	0	0	0	0	0	0	0	0	0	0	0	0	0	0	0	0	0	0	0.001	
LmtTime: 3.585
Lmt
0.14041	0.246949	0.30392	0.452848	0.1892	0.114015	0.496068	0.23488	0.451351	0.41635	0.439576	0.419454	0.456926	0.472867	0.2443	0.282648	0.311854	0.14998	0.159176	0.13503	0.101899	0.102903	0.107206	0.485201	0.17347	0.205023	0.402773	0.196979	0.538841	0.532918	0.482824	0.53592	0.342468	0.549397	0.316164	0.335499	0.344056	0.35896	0.329889	0.160805	0.280808	0.269316	0.401058	0.176092	0.132848	0.455013	0.245162	0.438066	0.403951	0.435087	0.41691	0.455011	0.47105	0.195502	0.231375	0.249225	0.107225	0.122991	0.109403	0.0718111	0.0755247	0.0846447	0.483522	0.206984	0.201111	0.396299	0.229096	0.593285	0.614469	0.445778	0.487965	0.338896	0.59376	0.301834	0.32837	0.344229	0.359475	0.329874	0.144656	
MomentArms on: hip_flexion_r
0.00710166	0.0120471	-0.0446039	-0.0537525	-0.0285243	0.00057395	-0.0532728	-0.0462037	-0.0454382	-0.0562193	-0.0120569	-0.0293335	-0.0402979	-0.00781032	-0.0134522	-0.0205251	-0.0392599	0.0392891	-0.029015	0.0335862	0.0461437	0.0703485	-0.0473285	-0.0586762	0.052072	
MomentArms on: knee_angle_r
0.0384892	0.0371307	0.0279852	0.0289281	0.0480983	-0.0426661	0.035285	0.0483685	0.0576292	-0.0124216	-0.0376946	-0.0372502	-0.0359402	
MomentArms on: ankle_angle_r
0.0381529	0.0410407	-0.00714541	-0.0131626	-0.0435087	-0.0429601	-0.00587412	-0.00903305	-0.0408396	0.0453575	-0.00840283	
External Torques: -167.651 96.7758 -0.846771 
Current Torque on hip_flexion_r -168.238
Current Torque on knee_angle_r 157.924
Current Torque on ankle_angle_r -3.66429

----------------------------------------


EmgTime: 3.59
Adjusted EMG
0.0789704	0.0783411	0.0140186	0.062576	0.0436528	0.0772996	0.207614	0.204828	0.001	0.106028	0.001	0.001	0.001	0.001	0.0257991	0.001	0.0222625	0.001	0.001	0.001	0.001	0.001	0.001	0.001	0.231516	0.001	0.001	0.406292	0.001	0.001	0.001	0.171979	0.0694839	0.00157102	0.0995557	0.000997281	0.505829	0.001	0.0139482	0	0	0	0	0	0	0	0	0	0	0	0	0	0	0	0	0	0	0	0	0	0	0	0	0	0	0	0	0	0	0	0	0	0	0	0	0	0	0	0.001	
LmtTime: 3.59
Lmt
0.139645	0.246174	0.302732	0.451561	0.188071	0.113279	0.49667	0.236425	0.452205	0.417268	0.439414	0.419156	0.45712	0.473106	0.243773	0.282059	0.310715	0.149959	0.158949	0.134658	0.101907	0.102902	0.107145	0.485815	0.173934	0.20489	0.402569	0.197318	0.537945	0.535891	0.483935	0.537109	0.341549	0.550248	0.317178	0.335308	0.34246	0.357377	0.328365	0.162007	0.28273	0.268094	0.399113	0.175982	0.13359	0.45379	0.246182	0.440413	0.406487	0.434722	0.416186	0.453245	0.469292	0.193385	0.228637	0.245932	0.106702	0.122258	0.108729	0.0719293	0.0755139	0.0844796	0.485114	0.208484	0.20079	0.39579	0.230106	0.593568	0.617077	0.445129	0.487291	0.336501	0.595058	0.304618	0.32792	0.342971	0.358202	0.328656	0.144513	
MomentArms on: hip_flexion_r
0.00772742	0.0129664	-0.0449362	-0.0542488	-0.0285322	0.00097762	-0.0538693	-0.0466059	-0.0458379	-0.0570058	-0.0122018	-0.0293727	-0.0402289	-0.00779304	-0.0134678	-0.0205809	-0.0389602	0.0395704	-0.0290041	0.0337452	0.0465272	0.0704174	-0.0478274	-0.0592101	0.0521908	
MomentArms on: knee_angle_r
0.0382473	0.0362906	0.0276756	0.0282838	0.0475199	-0.0432561	0.0344938	0.0481463	0.0572724	-0.0128856	-0.0382354	-0.0380246	-0.0365563	
MomentArms on: ankle_angle_r
0.038009	0.0408726	-0.00736977	-0.0134167	-0.0437796	-0.0431951	-0.0059829	-0.00914327	-0.04123	0.0451647	-0.00860588	
External Torques: -182.415 103.314 -0.909913 
Current Torque on hip_flexion_r -183.306
Current Torque on knee_angle_r 156.685
Current Torque on ankle_angle_r -1.93517

----------------------------------------


EmgTime: 3.595
Adjusted EMG
0.0781405	0.0777756	0.0541719	0.0699015	0.0619295	0.0772243	0.245122	0.238277	0.001	0.0133005	0.001	0.001	0.001	0.001	0.0377131	0.0159978	0.0359237	0.001	0.001	0.001	0.001	0.001	0.001	0.001	0.15437	0.001	0.001	0.274348	0.001	0.001	0.001	0.212183	0.0705941	0.00158882	0.100782	0.000997281	0.473352	0.001	0.016725	0	0	0	0	0	0	0	0	0	0	0	0	0	0	0	0	0	0	0	0	0	0	0	0	0	0	0	0	0	0	0	0	0	0	0	0	0	0	0	0.001	
LmtTime: 3.595
Lmt
0.138821	0.245331	0.301424	0.450121	0.18684	0.112511	0.497012	0.237806	0.453046	0.418172	0.439248	0.418855	0.457206	0.473223	0.243141	0.281379	0.309445	0.149856	0.158658	0.134237	0.101846	0.10284	0.107038	0.4861	0.174441	0.204756	0.402365	0.197709	0.537273	0.538874	0.484753	0.537933	0.34063	0.551178	0.318178	0.335115	0.340976	0.355897	0.326944	0.163134	0.284567	0.266873	0.397184	0.175848	0.134277	0.452602	0.247204	0.442992	0.409269	0.434274	0.415333	0.451141	0.467197	0.191295	0.22589	0.242587	0.106265	0.121628	0.10816	0.0721351	0.0755896	0.084397	0.486695	0.209987	0.200414	0.395205	0.231101	0.593778	0.619624	0.444522	0.486659	0.333762	0.596352	0.307674	0.327381	0.341667	0.356879	0.32739	0.144364	
MomentArms on: hip_flexion_r
0.0084085	0.0139693	-0.0452834	-0.0547755	-0.0285298	0.00141866	-0.0544984	-0.0470189	-0.0462661	-0.0578577	-0.0123377	-0.0293536	-0.0401201	-0.00776886	-0.013471	-0.0206179	-0.0386037	0.0398478	-0.0289421	0.0338899	0.0469339	0.0704566	-0.0483576	-0.0597766	0.052339	
MomentArms on: knee_angle_r
0.0379997	0.0355131	0.0273786	0.0276691	0.0469114	-0.0439777	0.033742	0.0478817	0.0568746	-0.0133017	-0.0389235	-0.0389305	-0.0373279	
MomentArms on: ankle_angle_r
0.037859	0.0406982	-0.00759033	-0.0136659	-0.0440287	-0.043408	-0.00608935	-0.00925063	-0.0415988	0.0449606	-0.00880504	
External Torques: -196.361 108.492 -0.863756 
Current Torque on hip_flexion_r -196.835
Current Torque on knee_angle_r 154.528
Current Torque on ankle_angle_r -0.96654

----------------------------------------


EmgTime: 3.6
Adjusted EMG
0.077654	0.0773938	0.0598808	0.0726196	0.0673567	0.0770184	0.279566	0.271723	0.001	0.001	0.001	0.001	0.001	0.001	0.0500765	0.0368541	0.0489247	0.001	0.001	0.001	0.001	0.001	0.001	0.001	0.115011	0.001	0.00452573	0.230939	0.001	0.001	0.001	0.247186	0.0718358	0.00186076	0.102131	0.000997281	0.436123	0.00526355	0.0204635	0	0	0	0	0	0	0	0	0	0	0	0	0	0	0	0	0	0	0	0	0	0	0	0	0	0	0	0	0	0	0	0	0	0	0	0	0	0	0	0.001	
LmtTime: 3.6
Lmt
0.137983	0.244469	0.300051	0.448585	0.185564	0.111753	0.497121	0.239015	0.453851	0.419038	0.439084	0.418562	0.457203	0.473238	0.242425	0.280632	0.308092	0.149672	0.158315	0.133787	0.101718	0.102718	0.106887	0.486105	0.174975	0.204625	0.402167	0.198139	0.53681	0.541786	0.485294	0.538419	0.33974	0.552141	0.319133	0.334925	0.339625	0.354543	0.325647	0.164143	0.286248	0.265696	0.395343	0.175689	0.134882	0.451488	0.248183	0.445734	0.412222	0.43374	0.414359	0.448724	0.464791	0.189318	0.223245	0.239319	0.105932	0.121129	0.107723	0.0724215	0.0757512	0.0844036	0.488206	0.211438	0.199984	0.394553	0.232047	0.593916	0.622014	0.443972	0.486082	0.330724	0.597599	0.310919	0.326755	0.340375	0.355561	0.326133	0.144217	
MomentArms on: hip_flexion_r
0.00911849	0.0150157	-0.0456245	-0.0553039	-0.0285107	0.00188128	-0.0551296	-0.047425	-0.0467049	-0.0587377	-0.0124577	-0.0292665	-0.0397997	-0.00773859	-0.013461	-0.0206334	-0.0381971	0.0401027	-0.02883	0.0340086	0.0473387	0.0704551	-0.0488932	-0.0603473	0.0524998	
MomentArms on: knee_angle_r
0.0377603	0.0348139	0.0271054	0.027101	0.0463002	-0.0447469	0.0330473	0.0475971	0.0564635	-0.013666	-0.0396728	-0.0398787	-0.0381639	
MomentArms on: ankle_angle_r
0.0377081	0.0405233	-0.00780088	-0.0139032	-0.0442502	-0.0435936	-0.0061905	-0.0093522	-0.0419367	0.0447523	-0.00899475	
External Torques: -209.354 112.181 -0.714036 
Current Torque on hip_flexion_r -209.658
Current Torque on knee_angle_r 151.635
Current Torque on ankle_angle_r 0.160467

----------------------------------------


EmgTime: 3.605
Adjusted EMG
0.0771991	0.0769695	0.0625474	0.073274	0.0690216	0.0766512	0.311349	0.304439	0.001	0.001	0.001	0.001	0.001	0.001	0.0640467	0.0541357	0.0631136	0.001	0.001	0.001	0.001	0.001	0.001	0.00362487	0.0987461	0.001	0.00631926	0.203241	0.001	0.001	0.001	0.276277	0.07325	0.00235649	0.103558	0.000997281	0.400034	0.011114	0.0252544	0	0	0	0	0	0	0	0	0	0	0	0	0	0	0	0	0	0	0	0	0	0	0	0	0	0	0	0	0	0	0	0	0	0	0	0	0	0	0	0.001	
LmtTime: 3.605
Lmt
0.137169	0.24363	0.298666	0.447013	0.184295	0.11104	0.497024	0.240043	0.454601	0.419844	0.438926	0.418283	0.457124	0.473168	0.241652	0.279846	0.306707	0.149414	0.157937	0.133332	0.101525	0.10254	0.106699	0.485882	0.175516	0.204501	0.40198	0.198595	0.536544	0.544554	0.485577	0.538599	0.338902	0.553093	0.320023	0.334744	0.338433	0.353342	0.324498	0.164999	0.287714	0.264606	0.393656	0.17551	0.135388	0.450474	0.249073	0.448544	0.415245	0.433129	0.413284	0.446053	0.462139	0.187538	0.220813	0.236263	0.105713	0.120779	0.107432	0.0727723	0.0759886	0.084496	0.489572	0.212782	0.199512	0.393849	0.232912	0.594007	0.624153	0.443479	0.485559	0.327479	0.598768	0.314237	0.326054	0.339168	0.354325	0.324954	0.144079	
MomentArms on: hip_flexion_r
0.00983062	0.0160658	-0.0459429	-0.0558106	-0.0284723	0.00234821	-0.0557371	-0.0478015	-0.047138	-0.0596113	-0.0125589	-0.02924	-0.0393737	-0.00770165	-0.0134365	-0.0206245	-0.0377512	0.0403233	-0.0286705	0.0340949	0.0477212	0.0704088	-0.0494122	-0.0608981	0.0526633	
MomentArms on: knee_angle_r
0.0375405	0.0342061	0.026863	0.0265942	0.0457146	-0.0454724	0.032427	0.0473147	0.056066	-0.0139757	-0.0403893	-0.0407716	-0.0389639	
MomentArms on: ankle_angle_r
0.0375612	0.0403534	-0.00799651	-0.0141231	-0.0444411	-0.0437506	-0.00628407	-0.00944571	-0.0422378	0.0445471	-0.00917063	
External Torques: -221.19 114.316 -0.47353 
Current Torque on hip_flexion_r -221.426
Current Torque on knee_angle_r 148.197
Current Torque on ankle_angle_r 0.788774

----------------------------------------


EmgTime: 3.61
Adjusted EMG
0.0765513	0.0763503	0.0653413	0.073462	0.0702066	0.0760858	0.340881	0.335787	0.001	0.001	0.001	0.001	0.001	0.001	0.0802296	0.0729513	0.0794793	0.001	0.001	0.001	0.001	0.001	0.001	0.0148322	0.0803237	0.001	0.0060815	0.167432	0.001	0.001	0.001	0.300054	0.0750374	0.00306439	0.1052	0.000997281	0.371387	0.0186956	0.0311179	0	0	0	0	0	0	0	0	0	0	0	0	0	0	0	0	0	0	0	0	0	0	0	0	0	0	0	0	0	0	0	0	0	0	0	0	0	0	0	0.001	
LmtTime: 3.61
Lmt
0.136406	0.242841	0.297315	0.445453	0.183073	0.110395	0.496749	0.240886	0.455283	0.420576	0.438779	0.418024	0.456979	0.473027	0.240848	0.279048	0.305333	0.149089	0.157534	0.132889	0.101273	0.102311	0.10648	0.48547	0.176049	0.204386	0.401807	0.199062	0.53647	0.547117	0.485624	0.538502	0.338131	0.554003	0.320832	0.334576	0.337422	0.35232	0.323522	0.165682	0.288923	0.263634	0.392175	0.175313	0.135783	0.449567	0.249824	0.45131	0.418216	0.432462	0.412146	0.443227	0.459339	0.186019	0.218686	0.233532	0.105608	0.120577	0.107283	0.0731647	0.0762831	0.0846611	0.490715	0.213971	0.199014	0.393121	0.233668	0.594094	0.625967	0.443024	0.485066	0.324156	0.599836	0.317492	0.325302	0.338122	0.353252	0.323932	0.143956	
MomentArms on: hip_flexion_r
0.0105223	0.0170872	-0.0462288	-0.0562796	-0.0284156	0.00280366	-0.0563033	-0.0481421	-0.0475523	-0.060452	-0.012631	-0.0289915	-0.0388582	-0.00765603	-0.0133947	-0.0205883	-0.0372783	0.0405048	-0.0284666	0.0341477	0.0480689	0.0703195	-0.0498998	-0.0614128	0.0528271	
MomentArms on: knee_angle_r
0.0373496	0.0336991	0.0266592	0.0261618	0.0451806	-0.0460201	0.0318951	0.0470542	0.055706	-0.0142292	-0.0409351	-0.0414662	-0.0395808	
MomentArms on: ankle_angle_r
0.0374222	0.0401932	-0.00817407	-0.0143224	-0.0446017	-0.0438794	-0.00636864	-0.00952986	-0.0425	0.0443512	-0.00932993	
External Torques: -231.539 114.891 -0.161509 
Current Torque on hip_flexion_r -231.718
Current Torque on knee_angle_r 144.337
Current Torque on ankle_angle_r 1.07253

----------------------------------------


EmgTime: 3.615
Adjusted EMG
0.0757684	0.0755619	0.0656453	0.0729175	0.0699976	0.0753043	0.368918	0.365758	0.001	0.001	0.001	0.001	0.001	0.0142818	0.0984892	0.0922426	0.0977861	0.001	0.001	0.001	0.001	0.001	0.001	0.00220937	0.0729727	0.001	0.0053737	0.148327	0.001	0.001	0.135822	0.319199	0.0773241	0.00399525	0.107104	0.000997281	0.35174	0.0279941	0.0382842	0	0	0	0	0	0	0	0	0	0	0	0	0	0	0	0	0	0	0	0	0	0	0	0	0	0	0	0	0	0	0	0	0	0	0	0	0	0	0	0.001	
LmtTime: 3.615
Lmt
0.135707	0.242115	0.296023	0.443938	0.181923	0.109829	0.496317	0.241545	0.455892	0.42123	0.438645	0.417789	0.456775	0.472823	0.240037	0.278257	0.304002	0.148705	0.157121	0.132474	0.100969	0.102039	0.106237	0.484898	0.176559	0.204281	0.401651	0.199529	0.536584	0.54944	0.485451	0.538153	0.337436	0.554858	0.321553	0.334423	0.336613	0.351499	0.322739	0.166186	0.289857	0.262799	0.390932	0.175102	0.136063	0.448754	0.250392	0.453917	0.421013	0.431772	0.410998	0.440366	0.456518	0.184802	0.216932	0.231213	0.105605	0.12051	0.107257	0.0735711	0.0766104	0.0848779	0.491571	0.214969	0.198513	0.392401	0.234294	0.594234	0.62744	0.442575	0.484567	0.320911	0.600795	0.320546	0.324536	0.337315	0.35242	0.323141	0.143856	
MomentArms on: hip_flexion_r
0.0111784	0.018059	-0.046479	-0.0567037	-0.0283445	0.00323598	-0.05682	-0.048438	-0.04794	-0.061244	-0.0126747	-0.0286932	-0.0382719	-0.00759852	-0.0133328	-0.020522	-0.0367896	0.0406494	-0.0282235	0.03417	0.0483768	0.0701934	-0.0503485	-0.0618837	0.0529943	
MomentArms on: knee_angle_r
0.037194	0.0332979	0.0264971	0.0258127	0.0447221	-0.0464104	0.0314641	0.0468336	0.0554049	-0.0144268	-0.0413266	-0.0419765	-0.0400291	
MomentArms on: ankle_angle_r
0.0372941	0.0400457	-0.00833214	-0.0144994	-0.0447341	-0.0439828	-0.00644362	-0.00960416	-0.0427244	0.0441691	-0.00947146	
External Torques: -239.998 113.939 0.197962 
Current Torque on hip_flexion_r -240.155
Current Torque on knee_angle_r 140.17
Current Torque on ankle_angle_r 1.28249

----------------------------------------


EmgTime: 3.62
Adjusted EMG
0.0749253	0.0746905	0.0643548	0.0719307	0.0689529	0.0744085	0.395865	0.394082	0.001	0.001	0.001	0.001	0.00493132	0.0989051	0.118724	0.11266	0.117989	0.001	0.001	0.001	0.001	0.001	0.001	0.181017	0.0718774	0.001	0.00348971	0.139941	0.001	0.001	0.252613	0.334095	0.0802441	0.0051395	0.109206	0.000997281	0.348784	0.0397655	0.0468164	0	0	0	0	0	0	0	0	0	0	0	0	0	0	0	0	0	0	0	0	0	0	0	0	0	0	0	0	0	0	0	0	0	0	0	0	0	0	0	0.001	
LmtTime: 3.62
Lmt
0.13507	0.24145	0.294801	0.442481	0.18085	0.109338	0.495743	0.242027	0.456427	0.421804	0.438524	0.417579	0.456516	0.472563	0.239234	0.277487	0.302728	0.148275	0.156708	0.132095	0.100622	0.101733	0.10598	0.484179	0.17704	0.204188	0.401513	0.199986	0.536883	0.551516	0.485074	0.537572	0.336821	0.555662	0.322186	0.334286	0.336011	0.350887	0.322156	0.166517	0.290515	0.262112	0.389942	0.174884	0.136233	0.448011	0.250743	0.456262	0.423525	0.431096	0.409899	0.437595	0.453801	0.183905	0.215589	0.22936	0.105685	0.120549	0.107324	0.0739627	0.0769426	0.0851209	0.492085	0.215753	0.198035	0.391725	0.234779	0.594485	0.628537	0.442093	0.484018	0.317904	0.601643	0.323279	0.323796	0.33681	0.351899	0.322646	0.14378	
MomentArms on: hip_flexion_r
0.0117931	0.0189733	-0.046696	-0.0570823	-0.0282639	0.00363938	-0.0572873	-0.0486814	-0.0482985	-0.0619825	-0.0126892	-0.0283563	-0.0380096	-0.00752507	-0.0132476	-0.020424	-0.0362927	0.0407629	-0.027946	0.0341676	0.0486461	0.0700371	-0.0507576	-0.0623106	0.0531695	
MomentArms on: knee_angle_r
0.0370774	0.0330024	0.0263765	0.0255514	0.0443553	-0.0466765	0.0311405	0.0466655	0.0551775	-0.0145708	-0.0415944	-0.0423324	-0.0403391	
MomentArms on: ankle_angle_r
0.0371782	0.0399126	-0.00847077	-0.0146543	-0.0448417	-0.0440646	-0.00650914	-0.00966884	-0.0429139	0.0440035	-0.00959537	
External Torques: -245.973 111.525 0.577118 
Current Torque on hip_flexion_r -246.129
Current Torque on knee_angle_r 135.884
Current Torque on ankle_angle_r 1.33528

----------------------------------------


EmgTime: 3.625
Adjusted EMG
0.0742862	0.0739962	0.0620338	0.0707388	0.0673958	0.073653	0.421704	0.420948	0.001	0.001	0.001	0.001	0.0146729	0.139938	0.140725	0.134117	0.13988	0.001	0.001	0.001	0.001	0.001	0.001	0.192929	0.0767412	0.001	0.00153263	0.14255	0.00101433	0.001	0.302314	0.345622	0.0837546	0.00653967	0.111528	0.000997281	0.358411	0.0537665	0.0566743	0	0	0	0	0	0	0	0	0	0	0	0	0	0	0	0	0	0	0	0	0	0	0	0	0	0	0	0	0	0	0	0	0	0	0	0	0	0	0	0.001	
LmtTime: 3.625
Lmt
0.134481	0.240833	0.293642	0.441081	0.179842	0.108904	0.495036	0.242343	0.456891	0.422303	0.438417	0.417395	0.456209	0.472257	0.238451	0.276744	0.301508	0.147813	0.156303	0.131746	0.100243	0.101404	0.105717	0.48332	0.177492	0.204106	0.401392	0.200429	0.537363	0.553361	0.484508	0.536775	0.336284	0.556434	0.322736	0.334165	0.33561	0.350479	0.321766	0.166689	0.290913	0.26158	0.38921	0.174667	0.136302	0.447306	0.250848	0.458263	0.425666	0.430476	0.408909	0.435022	0.451295	0.183319	0.214664	0.227999	0.105821	0.120663	0.10745	0.074311	0.0772508	0.0853619	0.492226	0.216312	0.197606	0.391125	0.235119	0.5949	0.629212	0.44154	0.483376	0.315271	0.602383	0.3256	0.323125	0.336657	0.351741	0.322496	0.143732	
MomentArms on: hip_flexion_r
0.0123698	0.0198341	-0.0468856	-0.0574202	-0.0281781	0.00401468	-0.0577112	-0.0488806	-0.0486304	-0.0626725	-0.0126762	-0.0279936	-0.0379697	-0.00743147	-0.0131367	-0.0202944	-0.0357911	0.0408534	-0.0276409	0.0341467	0.0488817	0.069856	-0.051131	-0.0626979	0.0533555	
MomentArms on: knee_angle_r
0.0369996	0.0328068	0.0262968	0.025376	0.0440868	-0.0468451	0.0309233	0.0465558	0.0550296	-0.0146653	-0.0417627	-0.0425593	-0.0405356	
MomentArms on: ankle_angle_r
0.0370752	0.0397944	-0.00859084	-0.0147883	-0.0449284	-0.0441287	-0.00656571	-0.00972449	-0.0430725	0.0438556	-0.00970253	
External Torques: -248.714 107.713 0.946595 
Current Torque on hip_flexion_r -248.888
Current Torque on knee_angle_r 131.262
Current Torque on ankle_angle_r 1.22545

----------------------------------------


EmgTime: 3.63
Adjusted EMG
0.0741794	0.0737623	0.0568145	0.0691581	0.0645062	0.0732544	0.446447	0.446357	0.001	0.0119574	0.001	0.001	0.00362757	0.145134	0.164255	0.155466	0.163105	0.001	0.001	0.001	0.001	0.001	0.001	0.182308	0.0956286	0.001	0.001	0.165339	0.00356525	0.001	0.366644	0.354925	0.0879104	0.00820994	0.113881	0.000997281	0.388082	0.0695044	0.0679996	0	0	0	0	0	0	0	0	0	0	0	0	0	0	0	0	0	0	0	0	0	0	0	0	0	0	0	0	0	0	0	0	0	0	0	0	0	0	0	0.001	
LmtTime: 3.63
Lmt
0.133917	0.240243	0.292523	0.439717	0.178873	0.108501	0.494202	0.242517	0.457288	0.422728	0.438325	0.417237	0.455866	0.471919	0.23769	0.276025	0.300326	0.147336	0.155913	0.131428	0.0998514	0.10107	0.10546	0.482323	0.177921	0.204036	0.401287	0.20086	0.538015	0.555016	0.483766	0.535775	0.335822	0.55721	0.323204	0.334061	0.335389	0.350253	0.321552	0.166726	0.291077	0.261206	0.388731	0.174464	0.136287	0.44661	0.250689	0.459872	0.427386	0.429948	0.408076	0.43272	0.44907	0.18302	0.214143	0.227134	0.105984	0.120814	0.107595	0.07459	0.0775069	0.0855722	0.491976	0.216648	0.197246	0.390627	0.235316	0.595519	0.629436	0.44088	0.482602	0.313113	0.603013	0.327456	0.322557	0.336888	0.351979	0.322722	0.143712	
MomentArms on: hip_flexion_r
0.0129208	0.0206572	-0.0470552	-0.0577249	-0.0280898	0.00436957	-0.0581025	-0.0490505	-0.0489426	-0.0633276	-0.0126397	-0.0276977	-0.0378903	-0.00731385	-0.0129992	-0.0201356	-0.035283	0.0409292	-0.0273176	0.0341133	0.0490903	0.069652	-0.0514758	-0.0630534	0.0535502	
MomentArms on: knee_angle_r
0.0369574	0.0326995	0.0262529	0.025279	0.043912	-0.0469375	0.0308032	0.0465024	0.0549577	-0.0147169	-0.0418522	-0.042681	-0.0406406	
MomentArms on: ankle_angle_r
0.0369854	0.0396915	-0.00869325	-0.0149025	-0.0449974	-0.0441779	-0.00661382	-0.00977167	-0.0432036	0.0437261	-0.0097938	
External Torques: -247.326 102.548 1.27753 
Current Torque on hip_flexion_r -247.564
Current Torque on knee_angle_r 125.789
Current Torque on ankle_angle_r 1.18764

----------------------------------------

LmtMa: lmtMa DONE
Estimation completed.
Using D:/3-PhD\Data\MocapData\ElaboratedData\009\pre\ceinms\execution\simulations\Run_baseline3\A1_B40_G51 as output directory
Using D:/3-PhD\Data\MocapData\ElaboratedData\009\pre\ceinms\execution\simulations\Run_baseline3\A1_B40_G51 as output directory

