
+-+-+-+-+-+-+
|C|E|I|N|M|S|
+-+-+-+-+-+-+-+-+-+-+
|C|a|l|i|b|r|a|t|e|d|
+-+-+-+-+-+-+-+-+-+-+-+-+
|E|M|G|-|I|n|f|o|r|m|e|d|
+-+-+-+-+-+-+-+-+-+-+-+-+-+-+-+-+-+-+-+-+
|N|e|u|r|o|m|u|s|c|u|l|o|s|k|e|l|e|t|a|l|
+-+-+-+-+-+-+-+-+-+-+-+-+-+-+-+-+-+-+-+-+
|T|o|o|l|b|o|x|
+-+-+-+-+-+-+-+

CEINMS version 0.21.0
Copyright (C) Apr 29 2020
Claudio Pizzolato, Monica Reggiani, Massimo Sartori, David Lloyd
Software developers: Claudio Pizzolato, Elena Ceseracciu, Monica Reggiani
Check configuration data...
Reading subject file: c:/Git/opensim_tutorial/tutorials/Cerebral_Palsy_Project/Simulations/PC002/trial2_l1/ceinms/./calibratedSubject.xml .
Contact model  not found
Reading subject file: c:/Git/opensim_tutorial/tutorials/Cerebral_Palsy_Project/Simulations/PC002/trial2_l1/ceinms/./calibratedSubject.xml .
activeForceLength
passiveForceLength
forceVelocity
tendonForceStrain
Assuming glut_med1_r pennation angle in radians: 0.139626
Assuming glut_med2_r pennation angle in radians: 0
Assuming glut_med3_r pennation angle in radians: 0.331613
Assuming glut_min1_r pennation angle in radians: 0.174533
Assuming glut_min2_r pennation angle in radians: 0
Assuming glut_min3_r pennation angle in radians: 0.0174533
Assuming semimem_r pennation angle in radians: 0.261799
Assuming semiten_r pennation angle in radians: 0.0872665
Assuming bifemlh_r pennation angle in radians: 0
Assuming bifemsh_r pennation angle in radians: 0.401426
Assuming sar_r pennation angle in radians: 0
Assuming add_long_r pennation angle in radians: 0.10472
Assuming add_brev_r pennation angle in radians: 0
Assuming add_mag1_r pennation angle in radians: 0.0872665
Assuming add_mag2_r pennation angle in radians: 0.0523599
Assuming add_mag3_r pennation angle in radians: 0.0872665
Assuming tfl_r pennation angle in radians: 0.0523599
Assuming pect_r pennation angle in radians: 0
Assuming grac_r pennation angle in radians: 0.0523599
Assuming glut_max1_r pennation angle in radians: 0.0872665
Assuming glut_max2_r pennation angle in radians: 0
Assuming glut_max3_r pennation angle in radians: 0.0872665
Assuming iliacus_r pennation angle in radians: 0.122173
Assuming psoas_r pennation angle in radians: 0.139626
Assuming quad_fem_r pennation angle in radians: 0
Assuming gem_r pennation angle in radians: 0
Assuming peri_r pennation angle in radians: 0.174533
Assuming rect_fem_r pennation angle in radians: 0.0872665
Assuming vas_med_r pennation angle in radians: 0.0872665
Assuming vas_int_r pennation angle in radians: 0.0523599
Assuming vas_lat_r pennation angle in radians: 0.0872665
Assuming med_gas_r pennation angle in radians: 0.296706
Assuming lat_gas_r pennation angle in radians: 0.139626
Assuming soleus_r pennation angle in radians: 0.436332
Assuming tib_post_r pennation angle in radians: 0.20944
Assuming flex_dig_r pennation angle in radians: 0.122173
Assuming flex_hal_r pennation angle in radians: 0.174533
Assuming tib_ant_r pennation angle in radians: 0.0872665
Assuming per_brev_r pennation angle in radians: 0.0872665
Assuming per_long_r pennation angle in radians: 0.174533
Assuming per_tert_r pennation angle in radians: 0.226893
Assuming ext_dig_r pennation angle in radians: 0.139626
Assuming ext_hal_r pennation angle in radians: 0.10472
Assuming glut_med1_l pennation angle in radians: 0.139626
Assuming glut_med2_l pennation angle in radians: 0
Assuming glut_med3_l pennation angle in radians: 0.331613
Assuming glut_min1_l pennation angle in radians: 0.174533
Assuming glut_min2_l pennation angle in radians: 0
Assuming glut_min3_l pennation angle in radians: 0.0174533
Assuming semimem_l pennation angle in radians: 0.261799
Assuming semiten_l pennation angle in radians: 0.0872665
Assuming bifemlh_l pennation angle in radians: 0
Assuming bifemsh_l pennation angle in radians: 0.401426
Assuming sar_l pennation angle in radians: 0
Assuming add_long_l pennation angle in radians: 0.10472
Assuming add_brev_l pennation angle in radians: 0
Assuming add_mag1_l pennation angle in radians: 0.0872665
Assuming add_mag2_l pennation angle in radians: 0.0523599
Assuming add_mag3_l pennation angle in radians: 0.0872665
Assuming tfl_l pennation angle in radians: 0.0523599
Assuming pect_l pennation angle in radians: 0
Assuming grac_l pennation angle in radians: 0.0523599
Assuming glut_max1_l pennation angle in radians: 0.0872665
Assuming glut_max2_l pennation angle in radians: 0
Assuming glut_max3_l pennation angle in radians: 0.0872665
Assuming iliacus_l pennation angle in radians: 0.122173
Assuming psoas_l pennation angle in radians: 0.139626
Assuming quad_fem_l pennation angle in radians: 0
Assuming gem_l pennation angle in radians: 0
Assuming peri_l pennation angle in radians: 0.174533
Assuming rect_fem_l pennation angle in radians: 0.0872665
Assuming vas_med_l pennation angle in radians: 0.0872665
Assuming vas_int_l pennation angle in radians: 0.0523599
Assuming vas_lat_l pennation angle in radians: 0.0872665
Assuming med_gas_l pennation angle in radians: 0.296706
Assuming lat_gas_l pennation angle in radians: 0.139626
Assuming soleus_l pennation angle in radians: 0.436332
Assuming tib_post_l pennation angle in radians: 0.20944
Assuming flex_dig_l pennation angle in radians: 0.122173
Assuming flex_hal_l pennation angle in radians: 0.174533
Assuming tib_ant_l pennation angle in radians: 0.0872665
Assuming per_brev_l pennation angle in radians: 0.0872665
Assuming per_long_l pennation angle in radians: 0.174533
Assuming per_tert_l pennation angle in radians: 0.226893
Assuming ext_dig_l pennation angle in radians: 0.139626
Assuming ext_hal_l pennation angle in radians: 0.10472
Assuming ercspn_r pennation angle in radians: 0
Assuming ercspn_l pennation angle in radians: 0
Assuming intobl_r pennation angle in radians: 0
Assuming intobl_l pennation angle in radians: 0
Assuming extobl_r pennation angle in radians: 0
Assuming extobl_l pennation angle in radians: 0
Found OpenSim model associated to the subject: c:\Git\opensim_tutorial\tutorials\Cerebral_Palsy_Project\Simulations\PC002\PC002_v3.osim

EMG: Reading emg file...c:/Git/opensim_tutorial/tutorials/Cerebral_Palsy_Project/Simulations/PC002/trial2_l1/ceinms/./../processed_emg_signals.mot
Muscle excitations to muscle mapping:
glut_med1_r -> glut_med1_r
glut_med2_r -> glut_med2_r
glut_med3_r -> glut_med3_r
glut_min1_r -> glut_min1_r
glut_min2_r -> glut_min2_r
glut_min3_r -> glut_min3_r
semimem_r -> semimem_r
semiten_r -> semiten_r
bifemlh_r -> bifemlh_r
bifemsh_r -> bifemsh_r
sar_r -> sar_r
add_long_r -> add_long_r
add_brev_r -> add_brev_r
add_mag1_r -> add_mag1_r
add_mag2_r -> add_mag2_r
add_mag3_r -> add_mag3_r
tfl_r -> tfl_r
pect_r -> pect_r
grac_r -> grac_r
glut_max1_r -> glut_max1_r
glut_max2_r -> glut_max2_r
glut_max3_r -> glut_max3_r
iliacus_r -> iliacus_r
psoas_r -> psoas_r
quad_fem_r -> quad_fem_r
gem_r -> gem_r
peri_r -> peri_r
rect_fem_r -> rect_fem_r
vas_med_r -> vas_med_r
vas_int_r -> vas_int_r
vas_lat_r -> vas_lat_r
med_gas_r -> med_gas_r
lat_gas_r -> lat_gas_r
soleus_r -> soleus_r
tib_post_r -> tib_post_r
flex_dig_r -> flex_dig_r
flex_hal_r -> flex_hal_r
tib_ant_r -> tib_ant_r
per_brev_r -> per_brev_r
per_long_r -> per_long_r
per_tert_r -> per_tert_r
ext_dig_r -> ext_dig_r
ext_hal_r -> ext_hal_r
glut_med1_l -> glut_med1_l
glut_med2_l -> glut_med2_l
glut_med3_l -> glut_med3_l
glut_min1_l -> glut_min1_l
glut_min2_l -> glut_min2_l
glut_min3_l -> glut_min3_l
semimem_l -> semimem_l
semiten_l -> semiten_l
bifemlh_l -> bifemlh_l
bifemsh_l -> bifemsh_l
sar_l -> sar_l
add_long_l -> add_long_l
add_brev_l -> add_brev_l
add_mag1_l -> add_mag1_l
add_mag2_l -> add_mag2_l
add_mag3_l -> add_mag3_l
tfl_l -> tfl_l
pect_l -> pect_l
grac_l -> grac_l
glut_max1_l -> glut_max1_l
glut_max2_l -> glut_max2_l
glut_max3_l -> glut_max3_l
iliacus_l -> iliacus_l
psoas_l -> psoas_l
quad_fem_l -> quad_fem_l
gem_l -> gem_l
peri_l -> peri_l
rect_fem_l -> rect_fem_l
vas_med_l -> vas_med_l
vas_int_l -> vas_int_l
vas_lat_l -> vas_lat_l
med_gas_l -> med_gas_l
lat_gas_l -> lat_gas_l
soleus_l -> soleus_l
tib_post_l -> tib_post_l
flex_dig_l -> flex_dig_l
flex_hal_l -> flex_hal_l
tib_ant_l -> tib_ant_l
per_brev_l -> per_brev_l
per_long_l -> per_long_l
per_tert_l -> per_tert_l
ext_dig_l -> ext_dig_l
ext_hal_l -> ext_hal_l
ercspn_r -> ercspn_r
ercspn_l -> ercspn_l
intobl_r -> intobl_r
intobl_l -> intobl_l
extobl_r -> extobl_r
extobl_l -> extobl_l
Using c:/Git/opensim_tutorial/tutorials/Cerebral_Palsy_Project/Simulations/PC002/trial2_l1/ceinms/./execution/ as output directory
Joint moments
hip_flexion_l -> Unchanged
hip_adduction_l -> Unchanged
hip_rotation_l -> Unchanged
knee_angle_l -> Unchanged
ankle_angle_l -> Unchanged
Muscle excitations
glut_med1_r ->  Adjusting
glut_med2_r ->  Adjusting
glut_med3_r ->  Adjusting
glut_min1_r ->  Adjusting
glut_min2_r ->  Adjusting
glut_min3_r ->  Adjusting
semimem_r ->  Adjusting
semiten_r ->  Adjusting
bifemlh_r ->  Adjusting
bifemsh_r ->  Adjusting
sar_r ->  Synthetising
add_long_r ->  Adjusting
add_brev_r ->  Adjusting
add_mag1_r ->  Synthetising
add_mag2_r ->  Synthetising
add_mag3_r ->  Synthetising
tfl_r ->  Synthetising
pect_r ->  Adjusting
grac_r ->  Adjusting
glut_max1_r ->  Adjusting
glut_max2_r ->  Adjusting
glut_max3_r ->  Adjusting
iliacus_r ->  Synthetising
psoas_r ->  Synthetising
quad_fem_r ->  Synthetising
gem_r ->  Synthetising
peri_r ->  Synthetising
rect_fem_r ->  Synthetising
vas_med_r ->  Adjusting
vas_int_r ->  Adjusting
vas_lat_r ->  Adjusting
med_gas_r ->  Adjusting
lat_gas_r ->  Adjusting
soleus_r ->  Adjusting
tib_post_r ->  Synthetising
flex_dig_r ->  Synthetising
flex_hal_r ->  Synthetising
tib_ant_r ->  Adjusting
per_brev_r ->  Synthetising
per_long_r ->  Synthetising
per_tert_r ->  Synthetising
ext_dig_r ->  Adjusting
ext_hal_r ->  Adjusting
glut_med1_l ->  Unchanged
glut_med2_l ->  Unchanged
glut_med3_l ->  Unchanged
glut_min1_l ->  Unchanged
glut_min2_l ->  Unchanged
glut_min3_l ->  Unchanged
semimem_l ->  Unchanged
semiten_l ->  Unchanged
bifemlh_l ->  Unchanged
bifemsh_l ->  Unchanged
sar_l ->  Unchanged
add_long_l ->  Unchanged
add_brev_l ->  Unchanged
add_mag1_l ->  Unchanged
add_mag2_l ->  Unchanged
add_mag3_l ->  Unchanged
tfl_l ->  Unchanged
pect_l ->  Unchanged
grac_l ->  Unchanged
glut_max1_l ->  Unchanged
glut_max2_l ->  Unchanged
glut_max3_l ->  Unchanged
iliacus_l ->  Unchanged
psoas_l ->  Unchanged
quad_fem_l ->  Unchanged
gem_l ->  Unchanged
peri_l ->  Unchanged
rect_fem_l ->  Unchanged
vas_med_l ->  Unchanged
vas_int_l ->  Unchanged
vas_lat_l ->  Unchanged
med_gas_l ->  Unchanged
lat_gas_l ->  Unchanged
soleus_l ->  Unchanged
tib_post_l ->  Unchanged
flex_dig_l ->  Unchanged
flex_hal_l ->  Unchanged
tib_ant_l ->  Unchanged
per_brev_l ->  Unchanged
per_long_l ->  Unchanged
per_tert_l ->  Unchanged
ext_dig_l ->  Unchanged
ext_hal_l ->  Unchanged
ercspn_r ->  Synthetising
ercspn_l ->  Unchanged
intobl_r ->  Synthetising
intobl_l ->  Unchanged
extobl_r ->  Synthetising
extobl_l ->  Unchanged
Using alpha = 1, beta = 50, gamma = 1000
Using c:/Git\opensim_tutorial\tutorials\Cerebral_Palsy_Project\Simulations\PC002\trial2_l1\ceinms\execution as output directory
starting consume

externalTorque DONE

EMG: EMG DONE


EmgTime: 2.595
Adjusted EMG
0.001	0.001	0.001	0.001	0.001	0.001	0.001	0.001	0.001	0.001	0.001	0.001	0.001	0.001	0.001	0.001	0.001	0.001	0.001	0.001	0.001	0.001	0.001	0.001	0.001	0.001	0.001	0.001	0.001	0.001	0.001	0.001	0.001	0.001	0.001	0.001	0.001	0.001	0.001	0.001	0.001	0.001	0.001	0.38521	0.38521	0.38521	0.38521	0.38521	0.38521	0.410677	0.410677	0.410677	0.410677	0	0	0	0	0	0	0	0.606819	0	0.38521	0.38521	0.38521	0	0	0	0	0	0	0.606819	0.606819	0.606819	0.550131	0.550131	0.550131	0	0	0	0.859656	0	0	0	0.859656	0.859656	0.001	0	0.001	0	0.000997281	0	
LmtTime: 2.59
Lmt
0.105022	0.11697	0.101719	0.0709788	0.0734176	0.0783535	0.323	0.353193	0.334638	0.169981	0.431835	0.151518	0.0945084	0.0851121	0.158941	0.296139	0.434098	0.0680639	0.323489	0.177646	0.187653	0.205937	0.146108	0.187234	0.0515287	0.0519582	0.114461	0.366998	0.183317	0.192342	0.206181	0.329304	0.326521	0.234231	0.266227	0.345201	0.338466	0.219194	0.163752	0.307195	0.133517	0.333223	0.309726	0.0871877	0.10702	0.0986006	0.0533041	0.0577296	0.067003	0.343889	0.381038	0.360294	0.169178	0.400794	0.162354	0.113459	0.114576	0.189473	0.324458	0.397739	0.0728241	0.347684	0.180683	0.199669	0.240079	0.131135	0.172694	0.0750359	0.0580791	0.111885	0.34902	0.185466	0.1944	0.208325	0.342876	0.34021	0.246867	0.270921	0.349432	0.343824	0.207144	0.166377	0.310984	0.127142	0.323391	0.298145	0.105486	0.12056	0.147267	0.18855	0.212485	0.238082	
MomentArms on: hip_flexion_l
-0.0115163	0.00234267	0.00634736	0.00774796	-0.0354122	0.0344086	0.00542881	0.0342731	0.03922	0.0630595	0.0628907	
MomentArms on: hip_adduction_l
0.0489322	0.0596149	0.0427839	0.04058	0.0260013	0.00832538	0.0433875	0.0356586	0.00908121	0.0171256	
MomentArms on: hip_rotation_l
0.0429431	0.038762	0.00366016	0.00283304	0.0219289	-0.0184674	0.0114972	0.0230977	0.00243556	-0.0312338	
MomentArms on: knee_angle_l
-0.0156232	-0.0188728	-0.0259553	-0.0121535	-0.0131393	-0.0129021	-0.0242248	-0.0285589	0.0245108	0.0242931	0.0261554	0.0270745	
MomentArms on: ankle_angle_l
0.0253417	0.0307023	0.0154928	0.0304994	-0.00715164	-0.0100581	-0.0269282	-0.0269812	-0.00454557	-0.00662089	-0.0236225	-0.00784704	
External Torques: -22.7998 12.4834 -13.6255 26.9255 -24.1106 
Current Torque on hip_flexion_l 0.164424
Current Torque on hip_adduction_l 3.57347
Current Torque on hip_rotation_l -1.71996
Current Torque on knee_angle_l 7.82342
Current Torque on ankle_angle_l -5.64573

----------------------------------------


EmgTime: 2.605
Adjusted EMG
0.001	0.001	0.001	0.001	0.001	0.001	0.001	0.001	0.001	0.001	0.001	0.001	0.001	0.001	0.001	0.001	0.001	0.001	0.001	0.001	0.001	0.001	0.001	0.001	0.001	0.001	0.001	0.001	0.001	0.001	0.001	0.001	0.001	0.001	0.001	0.001	0.001	0.001	0.001	0.001	0.001	0.001	0.001	0.384794	0.384794	0.384794	0.384794	0.384794	0.384794	0.411592	0.411592	0.411592	0.411592	0	0	0	0	0	0	0	0.607976	0	0.384794	0.384794	0.384794	0	0	0	0	0	0	0.607976	0.607976	0.607976	0.550383	0.550383	0.550383	0	0	0	0.858721	0	0	0	0.858721	0.858721	0.001	0	0.001	0	0.000997281	0	
LmtTime: 2.6
Lmt
0.105297	0.117105	0.101735	0.0712525	0.0736462	0.0785039	0.322798	0.352915	0.334358	0.170003	0.432145	0.151323	0.0941861	0.0846598	0.158544	0.295832	0.434534	0.0679687	0.323236	0.177575	0.187473	0.205435	0.146291	0.187417	0.0511235	0.0518094	0.11446	0.36718	0.183286	0.192313	0.206151	0.328553	0.325761	0.233525	0.266006	0.344989	0.338197	0.219815	0.163632	0.307036	0.133862	0.333743	0.310301	0.0868707	0.106618	0.0981931	0.0530836	0.0574876	0.0667383	0.343581	0.380686	0.359875	0.169347	0.401603	0.162846	0.113662	0.114533	0.189245	0.323963	0.398228	0.073168	0.347804	0.180213	0.199217	0.239643	0.131631	0.173221	0.0750039	0.0581	0.111686	0.349307	0.185231	0.194184	0.208099	0.343187	0.340513	0.247036	0.270978	0.349484	0.343898	0.206911	0.16641	0.311034	0.127026	0.323199	0.297906	0.104997	0.120806	0.146396	0.189292	0.211729	0.238569	
MomentArms on: hip_flexion_l
-0.0113366	0.00269606	0.00604302	0.00754926	-0.0351778	0.034342	0.00559077	0.0341745	0.0393601	0.0631048	0.0626458	
MomentArms on: hip_adduction_l
0.0488993	0.0596466	0.0429071	0.0407026	0.0259556	0.00822511	0.0435279	0.0355828	0.00895261	0.0170046	
MomentArms on: hip_rotation_l
0.0429187	0.0387279	0.0036567	0.00282666	0.0216212	-0.0186027	0.0113487	0.0229541	0.00223995	-0.0313106	
MomentArms on: knee_angle_l
-0.0156372	-0.0188911	-0.0259679	-0.0121633	-0.0131459	-0.0128973	-0.0242376	-0.0285762	0.0245416	0.0243136	0.026163	0.0270833	
MomentArms on: ankle_angle_l
0.0253401	0.0307025	0.0154914	0.030498	-0.00715028	-0.0100567	-0.0269241	-0.0269769	-0.00454494	-0.00662026	-0.0236177	-0.00784574	
External Torques: -23.8726 12.0982 -13.2086 26.8073 -25.4455 
Current Torque on hip_flexion_l 0.253315
Current Torque on hip_adduction_l 4.35135
Current Torque on hip_rotation_l -1.53782
Current Torque on knee_angle_l 6.93455
Current Torque on ankle_angle_l -6.78745

----------------------------------------


EmgTime: 2.615
Adjusted EMG
0.001	0.001	0.001	0.001	0.001	0.001	0.001	0.001	0.001	0.001	0.001	0.001	0.001	0.001	0.001	0.001	0.001	0.001	0.001	0.001	0.001	0.001	0.001	0.001	0.001	0.001	0.001	0.001	0.001	0.001	0.001	0.001	0.001	0.001	0.001	0.001	0.001	0.001	0.001	0.001	0.001	0.001	0.001	0.38442	0.38442	0.38442	0.38442	0.38442	0.38442	0.412496	0.412496	0.412496	0.412496	0	0	0	0	0	0	0	0.609111	0	0.38442	0.38442	0.38442	0	0	0	0	0	0	0.609111	0.609111	0.609111	0.550667	0.550667	0.550667	0	0	0	0.857814	0	0	0	0.857814	0.857814	0.001	0	0.001	0	0.000997281	0	
LmtTime: 2.61
Lmt
0.105572	0.117243	0.101757	0.0715208	0.0738705	0.0786521	0.322618	0.352665	0.334111	0.170012	0.432397	0.151121	0.0938754	0.0842351	0.158183	0.29557	0.434931	0.067865	0.322989	0.17752	0.187319	0.204984	0.146448	0.187572	0.0507292	0.051659	0.114458	0.367345	0.183274	0.192301	0.206139	0.327825	0.325023	0.232845	0.265793	0.344785	0.337938	0.220401	0.163517	0.306885	0.134188	0.334235	0.310842	0.0865373	0.106212	0.097794	0.0528484	0.0572372	0.0664725	0.343274	0.380334	0.359462	0.169511	0.402401	0.163324	0.113857	0.114492	0.18902	0.323472	0.398702	0.0735008	0.347921	0.179748	0.198776	0.239217	0.132113	0.173733	0.0749928	0.0581364	0.111497	0.349594	0.185004	0.193974	0.20788	0.343486	0.340805	0.247198	0.271033	0.349533	0.343969	0.206687	0.166442	0.311081	0.126915	0.323015	0.297675	0.104509	0.121041	0.14552	0.190036	0.210977	0.239044	
MomentArms on: hip_flexion_l
-0.0111597	0.00305645	0.00577365	0.00738763	-0.0349287	0.0342778	0.00575065	0.0340836	0.039497	0.0631305	0.0624199	
MomentArms on: hip_adduction_l
0.0488753	0.0596687	0.0430401	0.0408319	0.0259193	0.00814126	0.0436669	0.0355073	0.00883568	0.0168966	
MomentArms on: hip_rotation_l
0.0428975	0.0386959	0.00365049	0.00281841	0.0212604	-0.0187279	0.0111933	0.0228026	0.00203895	-0.0313827	
MomentArms on: knee_angle_l
-0.0156639	-0.0189192	-0.025986	-0.0121787	-0.0131562	-0.01289	-0.0242603	-0.0286067	0.0245849	0.0243451	0.0261744	0.0270967	
MomentArms on: ankle_angle_l
0.0253307	0.0307042	0.0154835	0.0304898	-0.00714252	-0.0100487	-0.0268969	-0.0269501	-0.00454135	-0.00661669	-0.0235901	-0.00783834	
External Torques: -25.0427 11.5125 -12.7703 26.5764 -26.6669 
Current Torque on hip_flexion_l 0.586738
Current Torque on hip_adduction_l 6.51371
Current Torque on hip_rotation_l 0.22584
Current Torque on knee_angle_l 8.56206
Current Torque on ankle_angle_l -9.69978

----------------------------------------


EmgTime: 2.625
Adjusted EMG
0.001	0.001	0.001	0.001	0.001	0.001	0.001	0.001	0.001	0.001	0.001	0.001	0.001	0.001	0.001	0.001	0.001	0.001	0.001	0.001	0.001	0.001	0.001	0.001	0.001	0.001	0.001	0.001	0.001	0.001	0.001	0.001	0.001	0.001	0.001	0.001	0.001	0.001	0.001	0.001	0.001	0.001	0.001	0.384088	0.384088	0.384088	0.384088	0.384088	0.384088	0.413387	0.413387	0.413387	0.413387	0	0	0	0	0	0	0	0.610224	0	0.384088	0.384088	0.384088	0	0	0	0	0	0	0.610224	0.610224	0.610224	0.550982	0.550982	0.550982	0	0	0	0.856937	0	0	0	0.856937	0.856937	0.001	0	0.001	0	0.000997281	0	
LmtTime: 2.62
Lmt
0.105846	0.11739	0.101792	0.0717792	0.0740875	0.0787982	0.322485	0.352475	0.333932	0.169995	0.432536	0.150904	0.0935882	0.0838667	0.157896	0.295398	0.435253	0.0677429	0.322754	0.177502	0.187221	0.204641	0.146547	0.18767	0.0503588	0.051507	0.114458	0.367474	0.183297	0.192323	0.206162	0.327154	0.324343	0.232233	0.265601	0.344602	0.337706	0.22092	0.163413	0.306749	0.134479	0.334671	0.311322	0.0861825	0.105805	0.0974107	0.0525927	0.056976	0.0662067	0.342966	0.379983	0.359057	0.169666	0.40318	0.163772	0.114033	0.114449	0.188796	0.322986	0.399156	0.073814	0.348027	0.179298	0.198358	0.238809	0.132575	0.174222	0.0750108	0.0581945	0.111325	0.349882	0.18479	0.193776	0.207674	0.343765	0.341077	0.247348	0.271084	0.349579	0.344035	0.206479	0.166472	0.311126	0.126811	0.322844	0.297458	0.104026	0.121263	0.144639	0.190786	0.210236	0.2395	
MomentArms on: hip_flexion_l
-0.0109852	0.00342252	0.0055376	0.00726123	-0.0346663	0.0342161	0.00590896	0.0339998	0.03963	0.0631367	0.0622103	
MomentArms on: hip_adduction_l
0.0488596	0.0596821	0.0431825	0.0409673	0.0258922	0.00807338	0.043804	0.035432	0.00873052	0.0168017	
MomentArms on: hip_rotation_l
0.0428758	0.0386625	0.00364185	0.00280852	0.0208558	-0.0188438	0.0110283	0.0226412	0.00183193	-0.0314499	
MomentArms on: knee_angle_l
-0.0157057	-0.018959	-0.02601	-0.012201	-0.013171	-0.0128795	-0.0242945	-0.0286527	0.0246437	0.0243896	0.0261906	0.0271157	
MomentArms on: ankle_angle_l
0.0253117	0.0307074	0.0154676	0.0304733	-0.00712689	-0.0100326	-0.0268414	-0.0268957	-0.00453411	-0.00660949	-0.0235345	-0.00782343	
External Torques: -26.184 10.8229 -12.3655 26.2922 -27.7667 
Current Torque on hip_flexion_l 0.703211
Current Torque on hip_adduction_l 8.11474
Current Torque on hip_rotation_l 1.08875
Current Torque on knee_angle_l 12.2082
Current Torque on ankle_angle_l -13.2376

----------------------------------------


EmgTime: 2.635
Adjusted EMG
0.001	0.001	0.001	0.001	0.001	0.001	0.001	0.001	0.001	0.001	0.001	0.001	0.001	0.001	0.001	0.001	0.001	0.001	0.001	0.001	0.001	0.001	0.001	0.001	0.001	0.001	0.001	0.001	0.001	0.001	0.001	0.001	0.001	0.001	0.001	0.001	0.001	0.001	0.001	0.001	0.001	0.001	0.001	0.383802	0.383802	0.383802	0.383802	0.383802	0.383802	0.414264	0.414264	0.414264	0.414264	0	0	0	0	0	0	0	0.611316	0	0.383802	0.383802	0.383802	0	0	0	0	0	0	0.611316	0.611316	0.611316	0.55133	0.55133	0.55133	0	0	0	0.856093	0	0	0	0.856093	0.856093	0.001	0	0.001	0	0.000997281	0	
LmtTime: 2.63
Lmt
0.106122	0.117551	0.101847	0.072025	0.0742959	0.0789429	0.322419	0.352372	0.33385	0.169943	0.432517	0.150663	0.0933341	0.0835779	0.157711	0.295355	0.435469	0.0675935	0.322535	0.177538	0.187202	0.204452	0.146565	0.187686	0.0500221	0.0513533	0.11446	0.36755	0.183368	0.192389	0.206229	0.326572	0.323756	0.231725	0.265442	0.344449	0.337514	0.221346	0.163328	0.306637	0.134718	0.335029	0.311715	0.0858043	0.105397	0.0970476	0.0523141	0.056703	0.0659419	0.34266	0.379632	0.358666	0.169808	0.403932	0.164183	0.114187	0.114403	0.188573	0.322511	0.399584	0.074103	0.348116	0.178868	0.197969	0.238426	0.133009	0.174683	0.0750625	0.0582771	0.111173	0.350171	0.184596	0.193595	0.207487	0.344015	0.341322	0.247481	0.271129	0.349619	0.344094	0.206291	0.166499	0.311166	0.126718	0.322691	0.297263	0.103553	0.121469	0.143748	0.191544	0.209508	0.239932	
MomentArms on: hip_flexion_l
-0.010811	0.00379516	0.00532679	0.00716258	-0.0343906	0.0341554	0.0060675	0.0339206	0.039759	0.0631249	0.0620097	
MomentArms on: hip_adduction_l
0.0488506	0.059688	0.0433337	0.0411089	0.0258728	0.0080191	0.0439409	0.0353557	0.00863535	0.0167183	
MomentArms on: hip_rotation_l
0.042849	0.0386236	0.00363126	0.0027973	0.0204189	-0.0189532	0.0108507	0.0224677	0.0016169	-0.0315134	
MomentArms on: knee_angle_l
-0.0157646	-0.0190121	-0.0260406	-0.0122311	-0.013191	-0.0128653	-0.0243418	-0.0287156	0.0247208	0.0244491	0.0262121	0.027141	
MomentArms on: ankle_angle_l
0.0252811	0.0307125	0.0154424	0.030447	-0.00710222	-0.0100072	-0.0267532	-0.0268094	-0.00452268	-0.00659812	-0.0234468	-0.0077999	
External Torques: -27.1646 10.0846 -12.0037 25.9853 -28.7374 
Current Torque on hip_flexion_l 0.665405
Current Torque on hip_adduction_l 8.91173
Current Torque on hip_rotation_l 0.762773
Current Torque on knee_angle_l 16.2228
Current Torque on ankle_angle_l -17.5275

----------------------------------------


EmgTime: 2.645
Adjusted EMG
0.001	0.001	0.001	0.001	0.001	0.001	0.001	0.001	0.001	0.001	0.001	0.001	0.001	0.001	0.001	0.001	0.001	0.001	0.001	0.001	0.001	0.001	0.001	0.001	0.001	0.001	0.001	0.001	0.001	0.001	0.001	0.001	0.001	0.001	0.001	0.001	0.001	0.001	0.001	0.001	0.001	0.001	0.001	0.383561	0.383561	0.383561	0.383561	0.383561	0.383561	0.415127	0.415127	0.415127	0.415127	0	0	0	0	0	0	0	0.612388	0	0.383561	0.383561	0.383561	0	0	0	0	0	0	0.612388	0.612388	0.612388	0.551708	0.551708	0.551708	0	0	0	0.855282	0	0	0	0.855282	0.855282	0.001	0	0.001	0	0.000997281	0	
LmtTime: 2.64
Lmt
0.106402	0.117733	0.101928	0.0722573	0.0744956	0.0790877	0.322438	0.352378	0.333889	0.169852	0.432308	0.150394	0.0931197	0.0833854	0.157651	0.295467	0.435557	0.0674101	0.32234	0.177641	0.187281	0.20445	0.146483	0.187603	0.0497259	0.0511974	0.114467	0.367556	0.183492	0.192506	0.206349	0.326107	0.323289	0.231349	0.265325	0.344336	0.337372	0.221657	0.163264	0.306555	0.134893	0.33529	0.312001	0.0854045	0.10499	0.0967055	0.052014	0.0564192	0.0656788	0.342354	0.379281	0.358288	0.169933	0.40465	0.164558	0.114321	0.114356	0.188355	0.322049	0.399985	0.074368	0.348186	0.17846	0.197612	0.238071	0.133415	0.175113	0.0751475	0.0583828	0.111041	0.350463	0.184425	0.193436	0.207323	0.344232	0.341534	0.247595	0.271168	0.349654	0.344144	0.206129	0.166522	0.3112	0.126637	0.322559	0.297093	0.103095	0.121662	0.142845	0.192307	0.208793	0.240334	
MomentArms on: hip_flexion_l
-0.0106336	0.00417658	0.00512864	0.00708019	-0.0341004	0.0340931	0.00622869	0.0338421	0.0398842	0.0630972	0.0618079	
MomentArms on: hip_adduction_l
0.0488452	0.0596881	0.0434933	0.0412575	0.0258598	0.00797489	0.0440804	0.0352765	0.00854728	0.0166436	
MomentArms on: hip_rotation_l
0.0428128	0.0385754	0.00361931	0.0027851	0.019962	-0.0190606	0.0106572	0.0222795	0.00139097	-0.0315747	
MomentArms on: knee_angle_l
-0.0158416	-0.0190796	-0.0260777	-0.0122698	-0.0132166	-0.0128471	-0.0244029	-0.0287965	0.0248182	0.0245246	0.0262392	0.0271731	
MomentArms on: ankle_angle_l
0.0252376	0.0307193	0.0154068	0.0304096	-0.00706774	-0.0099716	-0.0266295	-0.0266887	-0.0045067	-0.0065822	-0.023324	-0.007767	
External Torques: -27.8667 9.32043 -11.6611 25.6675 -29.5723 
Current Torque on hip_flexion_l 0.639946
Current Torque on hip_adduction_l 9.29132
Current Torque on hip_rotation_l 0.0866543
Current Torque on knee_angle_l 18.3778
Current Torque on ankle_angle_l -22.2059

----------------------------------------


EmgTime: 2.655
Adjusted EMG
0.001	0.001	0.001	0.001	0.001	0.001	0.001	0.001	0.001	0.001	0.001	0.001	0.001	0.001	0.001	0.001	0.001	0.001	0.001	0.001	0.001	0.001	0.001	0.001	0.001	0.001	0.001	0.001	0.001	0.001	0.001	0.001	0.001	0.001	0.001	0.001	0.001	0.001	0.001	0.001	0.001	0.001	0.001	0.38337	0.38337	0.38337	0.38337	0.38337	0.38337	0.415976	0.415976	0.415976	0.415976	0	0	0	0	0	0	0	0.613438	0	0.38337	0.38337	0.38337	0	0	0	0	0	0	0.613438	0.613438	0.613438	0.552117	0.552117	0.552117	0	0	0	0.854506	0	0	0	0.854506	0.854506	0.001	0	0.001	0	0.000997281	0	
LmtTime: 2.65
Lmt
0.10669	0.117938	0.10204	0.072477	0.0746879	0.0792343	0.32256	0.352514	0.334065	0.169723	0.431891	0.150092	0.0929496	0.0832997	0.15773	0.295751	0.435505	0.0671885	0.322178	0.177819	0.187468	0.204654	0.146291	0.18741	0.049474	0.0510386	0.114481	0.367479	0.183668	0.192671	0.206518	0.325782	0.322966	0.231126	0.265255	0.344269	0.337287	0.22184	0.163227	0.306506	0.134996	0.335444	0.31217	0.0849886	0.104586	0.0963813	0.0516975	0.0561275	0.0654175	0.342048	0.37893	0.357922	0.170039	0.405329	0.164906	0.114442	0.114314	0.188147	0.321606	0.400358	0.074614	0.348242	0.178072	0.197283	0.237745	0.133795	0.175515	0.0752603	0.0585056	0.110924	0.350757	0.184279	0.1933	0.207182	0.344414	0.341712	0.247689	0.2712	0.349683	0.344186	0.205995	0.166541	0.311228	0.126571	0.322449	0.296953	0.102658	0.121846	0.141924	0.193071	0.208087	0.2407	
MomentArms on: hip_flexion_l
-0.0104489	0.00456927	0.00492882	0.00700095	-0.0337935	0.0340261	0.00639481	0.0337599	0.040006	0.0630555	0.0615939	
MomentArms on: hip_adduction_l
0.0488398	0.0596834	0.043661	0.0414147	0.0258519	0.00793702	0.0442261	0.0351918	0.00846317	0.0165749	
MomentArms on: hip_rotation_l
0.042764	0.0385144	0.00360657	0.00277231	0.0194961	-0.0191705	0.0104448	0.0220744	0.00115104	-0.031636	
MomentArms on: knee_angle_l
-0.0159371	-0.0191616	-0.026121	-0.0123173	-0.0132479	-0.0128246	-0.0244778	-0.0288951	0.0249369	0.0246165	0.0262717	0.0272121	
MomentArms on: ankle_angle_l
0.0251797	0.0307279	0.0153603	0.0303604	-0.00702318	-0.00992562	-0.0264692	-0.0265323	-0.00448603	-0.00656159	-0.0231653	-0.00772449	
External Torques: -28.2176 8.54233 -11.3065 25.3429 -30.2693 
Current Torque on hip_flexion_l 0.636734
Current Torque on hip_adduction_l 9.45844
Current Torque on hip_rotation_l -0.623198
Current Torque on knee_angle_l 19.0898
Current Torque on ankle_angle_l -26.1786

----------------------------------------


EmgTime: 2.665
Adjusted EMG
0.001	0.001	0.001	0.001	0.001	0.001	0.001	0.001	0.001	0.001	0.001	0.001	0.001	0.001	0.001	0.001	0.001	0.001	0.001	0.001	0.001	0.001	0.001	0.001	0.001	0.001	0.001	0.001	0.001	0.001	0.001	0.001	0.001	0.001	0.001	0.001	0.001	0.001	0.001	0.001	0.001	0.001	0.001	0.383228	0.383228	0.383228	0.383228	0.383228	0.383228	0.41681	0.41681	0.41681	0.41681	0	0	0	0	0	0	0	0.614469	0	0.383228	0.383228	0.383228	0	0	0	0	0	0	0.614469	0.614469	0.614469	0.552557	0.552557	0.552557	0	0	0	0.853766	0	0	0	0.853766	0.853766	0.001	0	0.001	0	0.000997281	0	
LmtTime: 2.66
Lmt
0.106986	0.118168	0.102186	0.0726857	0.0748745	0.0793844	0.322796	0.352796	0.334391	0.169562	0.431259	0.149759	0.0928268	0.0833266	0.157954	0.296214	0.435306	0.0669277	0.322063	0.178075	0.187767	0.205072	0.145986	0.187102	0.0492689	0.0508765	0.114501	0.367304	0.183889	0.192877	0.20673	0.325607	0.322797	0.231064	0.265235	0.34425	0.337264	0.221891	0.163217	0.306493	0.135025	0.335487	0.312217	0.0845657	0.104185	0.0960687	0.0513736	0.0558326	0.0651582	0.34174	0.378579	0.357567	0.170127	0.405965	0.165243	0.11456	0.114283	0.187956	0.321185	0.400706	0.07485	0.348289	0.177696	0.196973	0.237444	0.134153	0.175896	0.0753908	0.0586362	0.110816	0.351056	0.184159	0.193187	0.207067	0.344559	0.341854	0.247763	0.271225	0.349706	0.344219	0.205889	0.166556	0.311251	0.126519	0.322363	0.296842	0.10225	0.122029	0.140984	0.193824	0.207384	0.241023	
MomentArms on: hip_flexion_l
-0.0102536	0.00497486	0.0047145	0.00691304	-0.033468	0.0339513	0.00656726	0.0336701	0.0401243	0.063001	0.0613587	
MomentArms on: hip_adduction_l
0.048831	0.0596746	0.043836	0.0415818	0.0258483	0.00790255	0.0443815	0.0350994	0.00838051	0.0165098	
MomentArms on: hip_rotation_l
0.0427004	0.0384387	0.00359354	0.00275923	0.0190299	-0.0192867	0.0102118	0.0218511	0.00089466	-0.0316988	
MomentArms on: knee_angle_l
-0.0160503	-0.0192575	-0.0261697	-0.0123733	-0.0132848	-0.0127976	-0.0245656	-0.0290104	0.0250765	0.0247239	0.0263092	0.0272575	
MomentArms on: ankle_angle_l
0.0251067	0.0307378	0.015303	0.0302988	-0.00696889	-0.00986956	-0.0262735	-0.0263412	-0.00446081	-0.00653641	-0.0229718	-0.00767267	
External Torques: -28.2002 7.76286 -10.9144 25.0201 -30.8315 
Current Torque on hip_flexion_l 0.63899
Current Torque on hip_adduction_l 9.55002
Current Torque on hip_rotation_l -1.3279
Current Torque on knee_angle_l 19.3368
Current Torque on ankle_angle_l -29.4382

----------------------------------------


EmgTime: 2.675
Adjusted EMG
0.001	0.001	0.001	0.001	0.001	0.001	0.001	0.001	0.001	0.001	0.001	0.001	0.001	0.001	0.001	0.001	0.001	0.001	0.001	0.001	0.001	0.001	0.001	0.001	0.001	0.001	0.001	0.001	0.001	0.001	0.001	0.001	0.001	0.001	0.001	0.001	0.001	0.001	0.001	0.001	0.001	0.001	0.001	0.383137	0.383137	0.383137	0.383137	0.383137	0.383137	0.417628	0.417628	0.417628	0.417628	0	0	0	0	0	0	0	0.615479	0	0.383137	0.383137	0.383137	0	0	0	0	0	0	0.615479	0.615479	0.615479	0.553027	0.553027	0.553027	0	0	0	0.853064	0	0	0	0.853064	0.853064	0.001	0	0.001	0	0.000997281	0	
LmtTime: 2.67
Lmt
0.107293	0.118425	0.102365	0.0728852	0.0750568	0.0795394	0.323156	0.353234	0.334872	0.169378	0.430419	0.149402	0.0927544	0.0834685	0.158324	0.296855	0.43496	0.0666299	0.322012	0.178408	0.188175	0.205699	0.14557	0.186682	0.0491128	0.0507113	0.11453	0.367021	0.184141	0.193112	0.206972	0.325587	0.322785	0.231159	0.265265	0.344279	0.3373	0.221813	0.163233	0.306513	0.134981	0.335421	0.312145	0.084148	0.103788	0.0957595	0.0510544	0.0555411	0.0649013	0.341429	0.378226	0.357215	0.170198	0.406554	0.165588	0.114691	0.114269	0.187789	0.32079	0.401033	0.075087	0.348337	0.177326	0.196669	0.237162	0.134499	0.176264	0.075525	0.0587625	0.110708	0.351358	0.184063	0.193098	0.206975	0.344669	0.341961	0.247817	0.271244	0.349722	0.344243	0.205812	0.166567	0.311267	0.126481	0.3223	0.296761	0.101878	0.12222	0.140022	0.194552	0.206679	0.241295	
MomentArms on: hip_flexion_l
-0.0100458	0.00539323	0.00447741	0.00680855	-0.0331223	0.0338667	0.00674608	0.0335699	0.0402384	0.062934	0.061097	
MomentArms on: hip_adduction_l
0.048816	0.0596617	0.0440175	0.0417596	0.0258492	0.00786998	0.0445491	0.0349976	0.00829809	0.0164474	
MomentArms on: hip_rotation_l
0.0426216	0.0383474	0.00358051	0.00274608	0.0185687	-0.0194112	0.00995762	0.0216093	0.00062076	-0.0317639	
MomentArms on: knee_angle_l
-0.016179	-0.0193657	-0.0262225	-0.0124371	-0.0133267	-0.0127665	-0.0246646	-0.02914	0.0252347	0.0248451	0.0263508	0.0273087	
MomentArms on: ankle_angle_l
0.0250184	0.0307486	0.0152353	0.0302253	-0.00690582	-0.00980438	-0.0260456	-0.0261188	-0.00443147	-0.00650707	-0.0227467	-0.00761246	
External Torques: -27.8393 7.00682 -10.4736 24.7162 -31.2695 
Current Torque on hip_flexion_l 0.644882
Current Torque on hip_adduction_l 9.62403
Current Torque on hip_rotation_l -2.02834
Current Torque on knee_angle_l 19.6046
Current Torque on ankle_angle_l -32.0067

----------------------------------------


EmgTime: 2.685
Adjusted EMG
0.001	0.001	0.001	0.001	0.001	0.001	0.001	0.001	0.001	0.001	0.001	0.001	0.001	0.001	0.001	0.001	0.001	0.001	0.001	0.001	0.001	0.001	0.001	0.001	0.001	0.001	0.001	0.001	0.001	0.001	0.001	0.001	0.001	0.001	0.001	0.001	0.001	0.001	0.001	0.001	0.001	0.001	0.001	0.383101	0.383101	0.383101	0.383101	0.383101	0.383101	0.41843	0.41843	0.41843	0.41843	0	0	0	0	0	0	0	0.61647	0	0.383101	0.383101	0.383101	0	0	0	0	0	0	0.61647	0.61647	0.61647	0.553526	0.553526	0.553526	0	0	0	0.8524	0	0	0	0.8524	0.8524	0.001	0	0.001	0	0.000997281	0	
LmtTime: 2.68
Lmt
0.107608	0.118708	0.102577	0.0730765	0.0752356	0.0796993	0.323648	0.353839	0.335508	0.169184	0.429382	0.149028	0.0927358	0.0837258	0.158839	0.297666	0.434471	0.0663004	0.322044	0.178812	0.188685	0.206522	0.145048	0.186156	0.0490087	0.050544	0.114568	0.366619	0.184408	0.19336	0.20723	0.325713	0.322923	0.231398	0.26534	0.344351	0.33739	0.221617	0.163273	0.306565	0.13487	0.335257	0.311964	0.0837502	0.103399	0.0954452	0.0507542	0.055261	0.0646481	0.34111	0.377868	0.356861	0.170252	0.4071	0.165961	0.114846	0.11428	0.187652	0.32042	0.401347	0.0753367	0.348392	0.17695	0.196358	0.236887	0.13484	0.176629	0.0756464	0.0588716	0.110591	0.351666	0.183989	0.193029	0.206904	0.344747	0.342037	0.247852	0.271256	0.349733	0.344259	0.205761	0.166574	0.311278	0.126456	0.322259	0.296707	0.101552	0.122428	0.139041	0.195237	0.205968	0.241508	
MomentArms on: hip_flexion_l
-0.00982588	0.00582202	0.00421588	0.00668537	-0.0327568	0.0337715	0.00692975	0.0334589	0.040347	0.0628538	0.0608086	
MomentArms on: hip_adduction_l
0.0487937	0.0596438	0.0442042	0.0419482	0.0258553	0.0078396	0.0447294	0.0348858	0.00821636	0.0163884	
MomentArms on: hip_rotation_l
0.0425283	0.0382413	0.00356755	0.00273293	0.0181136	-0.0195436	0.00968379	0.0213501	0.00033021	-0.0318307	
MomentArms on: knee_angle_l
-0.0163203	-0.0194833	-0.0262777	-0.0125073	-0.0133726	-0.0127317	-0.0247723	-0.0292808	0.0254077	0.0249771	0.0263953	0.0273642	
MomentArms on: ankle_angle_l
0.0249153	0.0307598	0.0151586	0.0301406	-0.0068355	-0.00973169	-0.0257909	-0.0258702	-0.00439872	-0.00647425	-0.0224955	-0.00754532	
External Torques: -27.1769 6.3153 -9.98866 24.4558 -31.5995 
Current Torque on hip_flexion_l 0.65935
Current Torque on hip_adduction_l 9.6922
Current Torque on hip_rotation_l -2.70034
Current Torque on knee_angle_l 19.952
Current Torque on ankle_angle_l -33.9207

----------------------------------------


EmgTime: 2.695
Adjusted EMG
0.001	0.001	0.001	0.001	0.001	0.001	0.001	0.001	0.001	0.001	0.001	0.001	0.001	0.001	0.001	0.001	0.001	0.001	0.001	0.001	0.001	0.001	0.001	0.001	0.001	0.001	0.001	0.001	0.001	0.001	0.001	0.001	0.001	0.001	0.001	0.001	0.001	0.001	0.001	0.001	0.001	0.001	0.001	0.383119	0.383119	0.383119	0.383119	0.383119	0.383119	0.419215	0.419215	0.419215	0.419215	0	0	0	0	0	0	0	0.617441	0	0.383119	0.383119	0.383119	0	0	0	0	0	0	0.617441	0.617441	0.617441	0.554054	0.554054	0.554054	0	0	0	0.851776	0	0	0	0.851776	0.851776	0.001	0	0.001	0	0.000997281	0	
LmtTime: 2.69
Lmt
0.107928	0.119011	0.102819	0.0732589	0.0754101	0.0798634	0.324273	0.354615	0.336296	0.168993	0.428167	0.14865	0.0927753	0.084098	0.159493	0.298635	0.433845	0.0659474	0.322177	0.179281	0.189285	0.207525	0.14443	0.185533	0.0489612	0.0503772	0.114615	0.366093	0.184673	0.193605	0.207485	0.325969	0.323194	0.231756	0.265452	0.344458	0.337525	0.221319	0.163333	0.306644	0.134703	0.335007	0.31169	0.0833879	0.10302	0.0951186	0.050488	0.0550017	0.0644012	0.34078	0.3775	0.356496	0.170292	0.407605	0.166379	0.115036	0.114317	0.187547	0.320075	0.401655	0.075609	0.348459	0.176562	0.196026	0.236608	0.135187	0.177001	0.0757378	0.0589512	0.110457	0.351982	0.183935	0.192978	0.206852	0.344796	0.342084	0.247871	0.271262	0.349739	0.344268	0.205733	0.166578	0.311284	0.126442	0.322237	0.296678	0.101283	0.122659	0.138046	0.195859	0.205251	0.241653	
MomentArms on: hip_flexion_l
-0.00959647	0.00625667	0.00393557	0.00654781	-0.0323733	0.0336666	0.00711537	0.0333384	0.0404485	0.0627593	0.0604987	
MomentArms on: hip_adduction_l
0.0487643	0.05962	0.0443944	0.0421461	0.0258679	0.00781319	0.0449211	0.0347649	0.00813719	0.0163346	
MomentArms on: hip_rotation_l
0.0424228	0.0381222	0.0035545	0.00271971	0.0176625	-0.0196808	0.00939339	0.021076	2.605e-05	-0.0318971	
MomentArms on: knee_angle_l
-0.01647	-0.0196071	-0.0263336	-0.0125818	-0.0134212	-0.012694	-0.0248854	-0.0294286	0.0255906	0.025116	0.026441	0.0274224	
MomentArms on: ankle_angle_l
0.024799	0.0307706	0.0150747	0.0300465	-0.00676	-0.00965356	-0.0255167	-0.0256025	-0.00436349	-0.00643889	-0.0222254	-0.00747321	
External Torques: -26.252 5.73695 -9.47074 24.2615 -31.8416 
Current Torque on hip_flexion_l 0.684466
Current Torque on hip_adduction_l 9.75245
Current Torque on hip_rotation_l -3.31148
Current Torque on knee_angle_l 20.3211
Current Torque on ankle_angle_l -35.2375

----------------------------------------


EmgTime: 2.705
Adjusted EMG
0.001	0.001	0.001	0.001	0.001	0.001	0.001	0.001	0.001	0.001	0.001	0.001	0.001	0.001	0.001	0.001	0.001	0.001	0.001	0.001	0.001	0.001	0.001	0.001	0.001	0.001	0.001	0.001	0.001	0.001	0.001	0.001	0.001	0.001	0.001	0.001	0.001	0.001	0.001	0.001	0.001	0.001	0.001	0.383194	0.383194	0.383194	0.383194	0.383194	0.383194	0.419984	0.419984	0.419984	0.419984	0	0	0	0	0	0	0	0.618394	0	0.383194	0.383194	0.383194	0	0	0	0	0	0	0.618394	0.618394	0.618394	0.554611	0.554611	0.554611	0	0	0	0.851192	0	0	0	0.851192	0.851192	0.001	0	0.001	0	0.000997281	0	
LmtTime: 2.7
Lmt
0.108247	0.119332	0.103089	0.0734303	0.075578	0.0800292	0.325034	0.355561	0.337228	0.168817	0.426797	0.148285	0.092878	0.084584	0.16028	0.299747	0.433087	0.0655808	0.32243	0.179804	0.189963	0.208685	0.14373	0.184825	0.0489759	0.050214	0.114671	0.365439	0.184918	0.19383	0.207721	0.326334	0.323574	0.232206	0.265593	0.344593	0.337696	0.220943	0.163409	0.306743	0.134492	0.334691	0.311343	0.0830765	0.102656	0.094775	0.0502706	0.0547728	0.0641642	0.340433	0.377117	0.356111	0.17032	0.408078	0.166855	0.115268	0.114381	0.187472	0.31975	0.401968	0.0759109	0.34854	0.176155	0.195659	0.236311	0.137043	0.17779	0.0757828	0.0589908	0.110299	0.352309	0.183897	0.192942	0.206815	0.34482	0.342108	0.247876	0.271264	0.34974	0.34427	0.205727	0.166579	0.311285	0.126439	0.322231	0.296671	0.10108	0.12292	0.137047	0.196401	0.20453	0.241721	
MomentArms on: hip_flexion_l
-0.0093622	0.00669098	0.0036485	0.00640581	-0.0319762	0.0335548	0.00729908	0.0332117	0.0405411	0.0626495	0.0601773	
MomentArms on: hip_adduction_l
0.0487296	0.0595894	0.0445861	0.0423509	0.0258879	0.00779346	0.0451208	0.0346374	0.0080634	0.0162884	
MomentArms on: hip_rotation_l
0.0423078	0.0379927	0.00354104	0.00270626	0.0172111	-0.0198176	0.00909095	0.0207905	-0.00028679	-0.0319601	
MomentArms on: knee_angle_l
-0.0166236	-0.0197329	-0.0263881	-0.0126584	-0.0134709	-0.0126544	-0.0250004	-0.0295789	0.0257769	0.0252575	0.0264863	0.0274815	
MomentArms on: ankle_angle_l
0.024672	0.0307806	0.0149861	0.0299454	-0.00668173	-0.00957251	-0.0252318	-0.0253242	-0.0043269	-0.00640209	-0.021945	-0.00739842	
External Torques: -25.0897 5.31492 -8.92957 24.1512 -32.0173 
Current Torque on hip_flexion_l 0.720397
Current Torque on hip_adduction_l 9.80473
Current Torque on hip_rotation_l -3.83085
Current Torque on knee_angle_l 20.6901
Current Torque on ankle_angle_l -36.0413

----------------------------------------


EmgTime: 2.715
Adjusted EMG
0.001	0.001	0.001	0.001	0.001	0.001	0.001	0.001	0.001	0.001	0.001	0.001	0.001	0.001	0.001	0.001	0.001	0.001	0.001	0.001	0.001	0.001	0.001	0.001	0.001	0.001	0.001	0.001	0.001	0.001	0.001	0.001	0.001	0.001	0.001	0.001	0.001	0.001	0.001	0.001	0.001	0.001	0.001	0.383327	0.383327	0.383327	0.383327	0.383327	0.383327	0.420736	0.420736	0.420736	0.420736	0	0	0	0	0	0	0	0.619329	0	0.383327	0.383327	0.383327	0	0	0	0	0	0	0.619329	0.619329	0.619329	0.555197	0.555197	0.555197	0	0	0	0.85065	0	0	0	0.85065	0.85065	0.001	0	0.001	0	0.000997281	0	
LmtTime: 2.71
Lmt
0.108559	0.119662	0.103381	0.0735873	0.0757358	0.0801936	0.325926	0.356675	0.338294	0.168668	0.425297	0.147948	0.0930493	0.085182	0.161191	0.300982	0.432208	0.0652122	0.322819	0.18037	0.190704	0.209981	0.142959	0.184044	0.0490587	0.0500586	0.114736	0.364656	0.185126	0.194021	0.207921	0.326781	0.324035	0.232714	0.265752	0.344746	0.337889	0.220512	0.163494	0.306856	0.134251	0.334329	0.310946	0.0828293	0.102314	0.0944127	0.0501145	0.0545832	0.0639418	0.340063	0.376711	0.355699	0.170338	0.408529	0.167393	0.115543	0.114467	0.187423	0.319438	0.402298	0.0762453	0.34863	0.175724	0.195249	0.235982	0.137442	0.178201	0.0757678	0.0589832	0.110116	0.352652	0.183872	0.192919	0.206792	0.344824	0.342111	0.247868	0.271262	0.349738	0.344266	0.205737	0.166577	0.311283	0.126444	0.32224	0.296682	0.100955	0.123214	0.136051	0.196845	0.203814	0.241704	
MomentArms on: hip_flexion_l
-0.00912886	0.00711799	0.0033706	0.00627279	-0.0315712	0.0334396	0.00747672	0.0330833	0.0406238	0.062524	0.0598573	
MomentArms on: hip_adduction_l
0.0486926	0.0595516	0.0447768	0.042559	0.025916	0.00778309	0.0453237	0.0345064	0.00799788	0.0162524	
MomentArms on: hip_rotation_l
0.0421861	0.0378555	0.00352679	0.00269237	0.0167536	-0.0199477	0.00878188	0.0204975	-0.00060208	-0.0320157	
MomentArms on: knee_angle_l
-0.0167761	-0.0198567	-0.0264394	-0.0127346	-0.0135202	-0.0126143	-0.0251136	-0.0297271	0.0259602	0.025397	0.0265299	0.0275395	
MomentArms on: ankle_angle_l
0.0245378	0.0307892	0.0148955	0.0298404	-0.00660329	-0.00949124	-0.0249455	-0.0250446	-0.00429018	-0.00636508	-0.0216637	-0.00732346	
External Torques: -23.712 5.07438 -8.37162 24.1344 -32.1488 
Current Torque on hip_flexion_l 0.766982
Current Torque on hip_adduction_l 9.85069
Current Torque on hip_rotation_l -4.22921
Current Torque on knee_angle_l 21.0759
Current Torque on ankle_angle_l -36.4315

----------------------------------------


EmgTime: 2.725
Adjusted EMG
0.001	0.001	0.001	0.001	0.001	0.001	0.001	0.001	0.001	0.001	0.001	0.001	0.001	0.001	0.001	0.001	0.001	0.001	0.001	0.001	0.001	0.001	0.001	0.001	0.001	0.001	0.001	0.001	0.001	0.001	0.001	0.001	0.001	0.001	0.001	0.001	0.001	0.001	0.001	0.001	0.001	0.001	0.001	0.38352	0.38352	0.38352	0.38352	0.38352	0.38352	0.421471	0.421471	0.421471	0.421471	0	0	0	0	0	0	0	0.620246	0	0.38352	0.38352	0.38352	0	0	0	0	0	0	0.620246	0.620246	0.620246	0.555811	0.555811	0.555811	0	0	0	0.85015	0	0	0	0.85015	0.85015	0.001	0	0.001	0	0.000997281	0	
LmtTime: 2.72
Lmt
0.108854	0.119994	0.103689	0.0737258	0.0758795	0.0803524	0.326943	0.357949	0.339482	0.168558	0.423694	0.147656	0.0932935	0.0858882	0.162216	0.302322	0.431216	0.0648537	0.323356	0.180967	0.191492	0.211387	0.142133	0.183205	0.0492145	0.0499149	0.114809	0.363745	0.185281	0.194163	0.208071	0.327283	0.32455	0.233249	0.265919	0.344906	0.338092	0.220054	0.163585	0.306975	0.133995	0.333944	0.310522	0.0826562	0.101998	0.0940325	0.0500285	0.0544404	0.0637386	0.339666	0.376274	0.35525	0.170348	0.408969	0.16799	0.115856	0.114566	0.187391	0.31913	0.402656	0.0766114	0.348724	0.17527	0.194791	0.235609	0.137874	0.178644	0.0756828	0.0589246	0.109907	0.353013	0.183859	0.192907	0.206779	0.34481	0.342097	0.247851	0.271256	0.349733	0.344259	0.205762	0.166574	0.311278	0.126456	0.32226	0.296709	0.100914	0.123541	0.135069	0.197181	0.20311	0.241595	
MomentArms on: hip_flexion_l
-0.0089024	0.00753099	0.00311832	0.00616264	-0.0311649	0.0333253	0.00764443	0.0329579	0.0406959	0.0623837	0.0595522	
MomentArms on: hip_adduction_l
0.0486562	0.0595072	0.0449643	0.0427663	0.0259519	0.00778394	0.0455248	0.0343757	0.00794287	0.0162281	
MomentArms on: hip_rotation_l
0.0420605	0.0377133	0.0035114	0.00267785	0.016285	-0.0200645	0.00847182	0.0202013	-0.00091326	-0.0320598	
MomentArms on: knee_angle_l
-0.0169228	-0.0199746	-0.0264862	-0.012808	-0.0135675	-0.0125749	-0.0252215	-0.0298689	0.0261345	0.0255301	0.0265702	0.0275948	
MomentArms on: ankle_angle_l
0.0244009	0.0307963	0.0148062	0.0297351	-0.0065273	-0.00941243	-0.0246675	-0.0247729	-0.00425454	-0.0063291	-0.0213909	-0.00725081	
External Torques: -22.1571 5.01436 -7.80214 24.2093 -32.2602 
Current Torque on hip_flexion_l 0.8237
Current Torque on hip_adduction_l 9.89123
Current Torque on hip_rotation_l -4.47923
Current Torque on knee_angle_l 21.5004
Current Torque on ankle_angle_l -36.5109

----------------------------------------


EmgTime: 2.735
Adjusted EMG
0.001	0.001	0.001	0.001	0.001	0.001	0.001	0.001	0.001	0.001	0.001	0.001	0.001	0.001	0.001	0.001	0.001	0.001	0.001	0.001	0.001	0.001	0.001	0.001	0.001	0.001	0.001	0.001	0.001	0.001	0.001	0.001	0.001	0.001	0.001	0.001	0.001	0.001	0.001	0.001	0.001	0.001	0.001	0.383774	0.383774	0.383774	0.383774	0.383774	0.383774	0.422188	0.422188	0.422188	0.422188	0	0	0	0	0	0	0	0.621147	0	0.383774	0.383774	0.383774	0	0	0	0	0	0	0.621147	0.621147	0.621147	0.556452	0.556452	0.556452	0	0	0	0.849692	0	0	0	0.849692	0.849692	0.001	0	0.001	0	0.000997281	0	
LmtTime: 2.73
Lmt
0.109125	0.120322	0.104008	0.073842	0.0760049	0.0805016	0.328078	0.359373	0.340775	0.168494	0.422018	0.147422	0.0936127	0.0866956	0.163341	0.303743	0.430122	0.0645168	0.32405	0.181583	0.192311	0.212878	0.141266	0.182322	0.0494455	0.0497864	0.114887	0.362713	0.18537	0.194245	0.208157	0.327814	0.325091	0.23378	0.266086	0.345065	0.338294	0.219592	0.163675	0.307094	0.133738	0.333557	0.310095	0.0825622	0.101713	0.0936378	0.0500173	0.0543488	0.0635588	0.339236	0.375799	0.35476	0.17035	0.40941	0.168638	0.116198	0.11467	0.187365	0.318816	0.403052	0.0770046	0.348811	0.174795	0.194283	0.235183	0.138342	0.179119	0.0755228	0.0588152	0.109673	0.3534	0.183856	0.192904	0.206776	0.344782	0.342069	0.247825	0.271247	0.349725	0.344247	0.205799	0.166568	0.31127	0.126475	0.32229	0.296747	0.100963	0.123902	0.134108	0.197404	0.202426	0.241389	
MomentArms on: hip_flexion_l
-0.00868775	0.00792452	0.00290503	0.00608657	-0.0307635	0.0332153	0.00779924	0.0328391	0.0407575	0.0622306	0.0592733	
MomentArms on: hip_adduction_l
0.0486232	0.0594572	0.0451462	0.0429691	0.0259947	0.00779645	0.0457198	0.0342489	0.00789934	0.0162158	
MomentArms on: hip_rotation_l
0.0419331	0.0375683	0.00349465	0.00266257	0.0158019	-0.0201629	0.00816599	0.0199057	-0.00121438	-0.0320891	
MomentArms on: knee_angle_l
-0.0170596	-0.0200835	-0.0265274	-0.0128763	-0.0136114	-0.0125374	-0.0253214	-0.0300006	0.0262943	0.0256533	0.0266064	0.0276457	
MomentArms on: ankle_angle_l
0.0242663	0.0308016	0.014721	0.0296333	-0.00645618	-0.00933862	-0.0244068	-0.0245181	-0.00422113	-0.0062953	-0.0211352	-0.00718279	
External Torques: -20.4913 5.10987 -7.22831 24.36 -32.3737 
Current Torque on hip_flexion_l 0.889486
Current Torque on hip_adduction_l 9.92614
Current Torque on hip_rotation_l -4.5571
Current Torque on knee_angle_l 21.9791
Current Torque on ankle_angle_l -36.373

----------------------------------------


EmgTime: 2.745
Adjusted EMG
0.001	0.001	0.001	0.001	0.001	0.001	0.001	0.001	0.001	0.001	0.001	0.001	0.001	0.001	0.001	0.001	0.001	0.001	0.001	0.001	0.001	0.001	0.001	0.001	0.001	0.001	0.001	0.001	0.001	0.001	0.001	0.001	0.001	0.001	0.001	0.001	0.001	0.001	0.001	0.001	0.001	0.001	0.001	0.384091	0.384091	0.384091	0.384091	0.384091	0.384091	0.422888	0.422888	0.422888	0.422888	0	0	0	0	0	0	0	0.622031	0	0.384091	0.384091	0.384091	0	0	0	0	0	0	0.622031	0.622031	0.622031	0.557121	0.557121	0.557121	0	0	0	0.849277	0	0	0	0.849277	0.849277	0.001	0	0.001	0	0.000997281	0	
LmtTime: 2.74
Lmt
0.109367	0.120638	0.104331	0.0739332	0.0761089	0.0806376	0.329319	0.360932	0.342157	0.168487	0.420299	0.147257	0.0940057	0.087593	0.164548	0.305222	0.428941	0.0642116	0.324902	0.182205	0.193145	0.214426	0.140376	0.181411	0.04975	0.0496753	0.114969	0.361568	0.185381	0.194254	0.208167	0.32835	0.325634	0.234279	0.266242	0.345215	0.338485	0.219152	0.16376	0.307206	0.133493	0.333187	0.309687	0.0825469	0.101461	0.093233	0.05008	0.0543099	0.063405	0.338769	0.375281	0.354222	0.170346	0.409865	0.169324	0.116559	0.114767	0.187333	0.318488	0.403496	0.0774178	0.34888	0.174303	0.193728	0.234699	0.138843	0.179625	0.075288	0.0586584	0.109421	0.353815	0.183862	0.192909	0.206782	0.344741	0.342028	0.247793	0.271236	0.349715	0.344233	0.205846	0.166562	0.31126	0.126498	0.322328	0.296796	0.101101	0.124291	0.133169	0.197518	0.201768	0.241086	
MomentArms on: hip_flexion_l
-0.00848804	0.00829497	0.00273799	0.00605038	-0.0303722	0.033112	0.00793936	0.0327291	0.0408093	0.0620678	0.0590275	
MomentArms on: hip_adduction_l
0.0485947	0.0594034	0.0453204	0.0431644	0.0260428	0.0078195	0.0459061	0.034128	0.00786683	0.0162144	
MomentArms on: hip_rotation_l
0.0418054	0.037422	0.00347651	0.00264651	0.0153036	-0.0202398	0.00786858	0.0196138	-0.00150108	-0.0321012	
MomentArms on: knee_angle_l
-0.0171833	-0.0201809	-0.0265623	-0.0129381	-0.013651	-0.012503	-0.0254112	-0.0301195	0.0264358	0.0257639	0.0266379	0.0276913	
MomentArms on: ankle_angle_l
0.0241393	0.0308052	0.0146429	0.0295387	-0.00639195	-0.00927194	-0.0241709	-0.0242874	-0.00419092	-0.0062647	-0.0209041	-0.00712136	
External Torques: -18.8006 5.33429 -6.66851 24.5615 -32.5094 
Current Torque on hip_flexion_l 0.962892
Current Torque on hip_adduction_l 9.95524
Current Torque on hip_rotation_l -4.45045
Current Torque on knee_angle_l 22.5212
Current Torque on ankle_angle_l -36.0953

----------------------------------------


EmgTime: 2.755
Adjusted EMG
0.001	0.001	0.001	0.001	0.001	0.001	0.001	0.001	0.001	0.001	0.001	0.001	0.001	0.001	0.001	0.001	0.001	0.001	0.001	0.001	0.001	0.001	0.001	0.001	0.001	0.001	0.001	0.001	0.001	0.001	0.001	0.001	0.001	0.001	0.001	0.001	0.001	0.001	0.001	0.001	0.001	0.001	0.001	0.384472	0.384472	0.384472	0.384472	0.384472	0.384472	0.423571	0.423571	0.423571	0.423571	0	0	0	0	0	0	0	0.622899	0	0.384472	0.384472	0.384472	0	0	0	0	0	0	0.622899	0.622899	0.622899	0.557817	0.557817	0.557817	0	0	0	0.848905	0	0	0	0.848905	0.848905	0.001	0	0.001	0	0.000997281	0	
LmtTime: 2.75
Lmt
0.109575	0.120936	0.104652	0.0739981	0.0761895	0.0807573	0.330654	0.36261	0.343608	0.168543	0.418574	0.147168	0.0944663	0.0885637	0.165817	0.306731	0.427691	0.063946	0.32591	0.182821	0.193977	0.216001	0.139479	0.18049	0.0501217	0.049583	0.115053	0.360318	0.185301	0.194182	0.20809	0.328873	0.326159	0.234726	0.266383	0.345349	0.338656	0.218753	0.163837	0.307307	0.133272	0.332853	0.309317	0.0826043	0.101241	0.0928233	0.0502109	0.0543212	0.063278	0.338263	0.374713	0.353637	0.170334	0.410342	0.170034	0.116924	0.114846	0.187283	0.318137	0.403991	0.0778429	0.348921	0.173799	0.193133	0.234153	0.139373	0.180158	0.0749837	0.0584611	0.109153	0.354263	0.183877	0.192924	0.206797	0.344689	0.341977	0.247755	0.271223	0.349703	0.344216	0.2059	0.166554	0.311248	0.126525	0.322373	0.296854	0.101325	0.124705	0.132252	0.197535	0.201141	0.240688	
MomentArms on: hip_flexion_l
-0.00830402	0.0086409	0.00261645	0.00605283	-0.0299939	0.0330155	0.00806438	0.0326277	0.0408522	0.0618985	0.0588158	
MomentArms on: hip_adduction_l
0.0485702	0.0593472	0.0454853	0.0433506	0.0260948	0.00785071	0.0460832	0.034014	0.00784358	0.0162218	
MomentArms on: hip_rotation_l
0.0416781	0.0372751	0.00345714	0.00262979	0.0147929	-0.0202952	0.00758224	0.0193275	-0.00177125	-0.0320959	
MomentArms on: knee_angle_l
-0.0172919	-0.0202655	-0.026591	-0.0129921	-0.0136854	-0.0124724	-0.0254894	-0.0302239	0.0265567	0.0258601	0.0266646	0.0277309	
MomentArms on: ankle_angle_l
0.0240245	0.0308076	0.0145742	0.0294544	-0.00633619	-0.009214	-0.0239658	-0.0240868	-0.00416465	-0.00623805	-0.0207032	-0.00706801	
External Torques: -17.1607 5.67879 -6.15028 24.7923 -32.6817 
Current Torque on hip_flexion_l 1.04177
Current Torque on hip_adduction_l 9.97812
Current Torque on hip_rotation_l -4.16755
Current Torque on knee_angle_l 23.1322
Current Torque on ankle_angle_l -35.7364

----------------------------------------


EmgTime: 2.765
Adjusted EMG
0.001	0.001	0.001	0.001	0.001	0.001	0.001	0.001	0.001	0.001	0.001	0.001	0.001	0.001	0.001	0.001	0.001	0.001	0.001	0.001	0.001	0.001	0.001	0.001	0.001	0.001	0.001	0.001	0.001	0.001	0.001	0.001	0.001	0.001	0.001	0.001	0.001	0.001	0.001	0.001	0.001	0.001	0.001	0.384918	0.384918	0.384918	0.384918	0.384918	0.384918	0.424236	0.424236	0.424236	0.424236	0	0	0	0	0	0	0	0.623752	0	0.384918	0.384918	0.384918	0	0	0	0	0	0	0.623752	0.623752	0.623752	0.558539	0.558539	0.558539	0	0	0	0.848575	0	0	0	0.848575	0.848575	0.001	0	0.001	0	0.000997281	0	
LmtTime: 2.76
Lmt
0.109746	0.121211	0.104963	0.0740371	0.0762464	0.0808592	0.332067	0.364387	0.345107	0.168672	0.41688	0.147154	0.0949831	0.0895856	0.167119	0.308241	0.426395	0.0637251	0.327064	0.183419	0.19479	0.21757	0.138593	0.179576	0.0505495	0.0495097	0.115136	0.358977	0.185121	0.194017	0.207916	0.32937	0.326655	0.235103	0.266501	0.345462	0.3388	0.218413	0.163901	0.307393	0.133085	0.332567	0.309001	0.0827237	0.101051	0.0924128	0.0503998	0.054377	0.0631765	0.337716	0.374094	0.353003	0.170316	0.410847	0.170752	0.117284	0.114901	0.187208	0.317756	0.40454	0.0782716	0.348926	0.173287	0.192504	0.233549	0.139925	0.180713	0.0746192	0.0582318	0.108877	0.354747	0.183902	0.192947	0.206821	0.344627	0.341915	0.247712	0.271208	0.34969	0.344197	0.205962	0.166545	0.311235	0.126555	0.322423	0.296919	0.101625	0.125138	0.131349	0.197473	0.200546	0.240201	
MomentArms on: hip_flexion_l
-0.00813402	0.00896309	0.00253135	0.00608529	-0.0296289	0.0329246	0.00817525	0.0325327	0.0408871	0.0617259	0.0586326	
MomentArms on: hip_adduction_l
0.0485475	0.0592898	0.0456397	0.0435279	0.0261492	0.00788697	0.0462531	0.0339058	0.00782702	0.0162355	
MomentArms on: hip_rotation_l
0.0415513	0.0371278	0.00343692	0.00261265	0.014276	-0.020332	0.00730772	0.0190478	-0.00202539	-0.0320747	
MomentArms on: knee_angle_l
-0.0173843	-0.0203367	-0.0266137	-0.0130378	-0.0137145	-0.0124462	-0.0255557	-0.0303129	0.0266564	0.0259412	0.0266865	0.0277642	
MomentArms on: ankle_angle_l
0.0239259	0.0308088	0.0145164	0.0293828	-0.00628985	-0.00916583	-0.0237951	-0.0239198	-0.0041428	-0.00621585	-0.0205362	-0.00702367	
External Torques: -15.6105 6.15753 -5.70232 25.0406 -32.8958 
Current Torque on hip_flexion_l 1.12345
Current Torque on hip_adduction_l 9.99579
Current Torque on hip_rotation_l -3.73827
Current Torque on knee_angle_l 23.812
Current Torque on ankle_angle_l -35.3365

----------------------------------------


EmgTime: 2.775
Adjusted EMG
0.001	0.001	0.001	0.001	0.001	0.001	0.001	0.001	0.001	0.001	0.001	0.001	0.001	0.001	0.001	0.001	0.001	0.001	0.001	0.001	0.001	0.001	0.001	0.001	0.001	0.001	0.001	0.001	0.001	0.001	0.001	0.001	0.001	0.001	0.001	0.001	0.001	0.001	0.001	0.001	0.001	0.001	0.001	0.38543	0.38543	0.38543	0.38543	0.38543	0.38543	0.424884	0.424884	0.424884	0.424884	0	0	0	0	0	0	0	0.62459	0	0.38543	0.38543	0.38543	0	0	0	0	0	0	0.62459	0.62459	0.62459	0.559288	0.559288	0.559288	0	0	0	0.848289	0	0	0	0.848289	0.848289	0.001	0	0.001	0	0.000997281	0	
LmtTime: 2.77
Lmt
0.109881	0.12146	0.10526	0.0740515	0.0762802	0.0809422	0.333542	0.366241	0.346632	0.16888	0.415258	0.147211	0.0955398	0.090631	0.168425	0.309719	0.425077	0.0635509	0.328348	0.183986	0.195569	0.2191	0.13774	0.17869	0.0510186	0.0494551	0.115216	0.357558	0.184831	0.19375	0.207637	0.329832	0.32711	0.235398	0.266594	0.34555	0.338914	0.218145	0.163952	0.307461	0.132936	0.332342	0.308751	0.082891	0.100885	0.0920049	0.0506336	0.0544688	0.0630972	0.337129	0.373424	0.352324	0.17029	0.411386	0.171466	0.117628	0.114926	0.187101	0.317343	0.40514	0.0786971	0.348888	0.172771	0.19185	0.23289	0.140495	0.181283	0.0742071	0.0579803	0.108598	0.355266	0.183938	0.19298	0.206855	0.344554	0.341844	0.247665	0.271192	0.349676	0.344175	0.20603	0.166536	0.311221	0.126588	0.322478	0.29699	0.101988	0.125583	0.130452	0.197356	0.199981	0.239635	
MomentArms on: hip_flexion_l
-0.00797417	0.00926427	0.00246634	0.00613272	-0.0292752	0.0328358	0.00827416	0.0324402	0.0409148	0.0615523	0.0584671	
MomentArms on: hip_adduction_l
0.0485228	0.0592316	0.0457834	0.0436979	0.0262055	0.00792511	0.0464195	0.0338007	0.00781437	0.0162529	
MomentArms on: hip_rotation_l
0.0414248	0.0369799	0.00341645	0.00259546	0.0137622	-0.0203559	0.00704366	0.0187741	-0.00226667	-0.0320412	
MomentArms on: knee_angle_l
-0.0174604	-0.0203948	-0.0266309	-0.0130752	-0.0137383	-0.0124244	-0.0256101	-0.0303866	0.0267357	0.0260076	0.026704	0.0277914	
MomentArms on: ankle_angle_l
0.0238461	0.0308094	0.0144704	0.0293254	-0.00625334	-0.00912786	-0.0236606	-0.0237881	-0.00412557	-0.00619834	-0.0204045	-0.00698873	
External Torques: -14.1474 6.79923 -5.34814 25.3004 -33.1476 
Current Torque on hip_flexion_l 1.20491
Current Torque on hip_adduction_l 10.0152
Current Torque on hip_rotation_l -3.20746
Current Torque on knee_angle_l 24.5419
Current Torque on ankle_angle_l -34.9204

----------------------------------------


EmgTime: 2.785
Adjusted EMG
0.001	0.001	0.001	0.001	0.001	0.001	0.001	0.001	0.001	0.001	0.001	0.001	0.001	0.001	0.001	0.001	0.001	0.001	0.001	0.001	0.001	0.001	0.001	0.001	0.001	0.001	0.001	0.001	0.001	0.001	0.001	0.001	0.001	0.001	0.001	0.001	0.001	0.001	0.001	0.001	0.001	0.001	0.001	0.38601	0.38601	0.38601	0.38601	0.38601	0.38601	0.425514	0.425514	0.425514	0.425514	0	0	0	0	0	0	0	0.625414	0	0.38601	0.38601	0.38601	0	0	0	0	0	0	0.625414	0.625414	0.625414	0.560063	0.560063	0.560063	0	0	0	0.848045	0	0	0	0.848045	0.848045	0.001	0	0.001	0	0.000997281	0	
LmtTime: 2.78
Lmt
0.109979	0.121679	0.105537	0.0740433	0.0762923	0.0810065	0.335062	0.368146	0.34816	0.169174	0.413753	0.147326	0.0961154	0.0916686	0.169699	0.311131	0.423769	0.0634219	0.32974	0.184514	0.196297	0.220555	0.136937	0.177851	0.0515118	0.049419	0.115292	0.356078	0.184423	0.193373	0.207244	0.330255	0.327522	0.235604	0.266659	0.345611	0.338993	0.217956	0.163987	0.307508	0.132832	0.332183	0.308575	0.0830903	0.100737	0.0916015	0.0508979	0.0545867	0.0630353	0.336504	0.372705	0.351604	0.170255	0.411956	0.172165	0.117951	0.11492	0.18696	0.316895	0.405786	0.0791142	0.348807	0.172254	0.19118	0.232184	0.141077	0.181864	0.0737614	0.0577165	0.108319	0.355822	0.183985	0.193024	0.2069	0.344471	0.341762	0.247613	0.271174	0.34966	0.344152	0.206103	0.166526	0.311205	0.126625	0.322538	0.297066	0.102397	0.126031	0.129553	0.197214	0.199447	0.239002	
MomentArms on: hip_flexion_l
-0.00781906	0.00954874	0.00240004	0.00617566	-0.0289286	0.0327451	0.00836441	0.0323452	0.0409354	0.0613789	0.0583043	
MomentArms on: hip_adduction_l
0.0484917	0.0591723	0.045917	0.0438637	0.0262636	0.00796261	0.0465869	0.033695	0.00780321	0.016272	
MomentArms on: hip_rotation_l
0.0412976	0.0368307	0.00339646	0.00257872	0.0132632	-0.0203751	0.00678654	0.0185048	-0.00250056	-0.0320012	
MomentArms on: knee_angle_l
-0.0175208	-0.0204407	-0.0266434	-0.0131048	-0.013757	-0.0124069	-0.0256533	-0.0304458	0.0267964	0.0260602	0.0267176	0.0278129	
MomentArms on: ankle_angle_l
0.0237861	0.0308096	0.0144364	0.0292827	-0.00622651	-0.00909996	-0.0235619	-0.0236913	-0.00411291	-0.00618544	-0.0203077	-0.00696305	
External Torques: -12.7374 7.6255 -5.09876 25.5681 -33.424 
Current Torque on hip_flexion_l 1.28313
Current Torque on hip_adduction_l 10.0425
Current Torque on hip_rotation_l -2.62571
Current Torque on knee_angle_l 25.303
Current Torque on ankle_angle_l -34.5008

----------------------------------------


EmgTime: 2.795
Adjusted EMG
0.001	0.001	0.001	0.001	0.001	0.001	0.001	0.001	0.001	0.001	0.001	0.001	0.001	0.001	0.001	0.001	0.001	0.001	0.001	0.001	0.001	0.001	0.001	0.001	0.001	0.001	0.001	0.001	0.001	0.001	0.001	0.001	0.001	0.001	0.001	0.001	0.001	0.001	0.001	0.001	0.001	0.001	0.001	0.386659	0.386659	0.386659	0.386659	0.386659	0.386659	0.426128	0.426128	0.426128	0.426128	0	0	0	0	0	0	0	0.626226	0	0.386659	0.386659	0.386659	0	0	0	0	0	0	0.626226	0.626226	0.626226	0.560863	0.560863	0.560863	0	0	0	0.847844	0	0	0	0.847844	0.847844	0.001	0	0.001	0	0.000997281	0	
LmtTime: 2.79
Lmt
0.110041	0.121865	0.105788	0.0740137	0.0762841	0.0810523	0.336605	0.370077	0.349669	0.169559	0.412411	0.147484	0.096686	0.0926651	0.170904	0.312443	0.422499	0.0633338	0.331212	0.184992	0.196962	0.221903	0.135901	0.175903	0.0520117	0.0494021	0.115364	0.354555	0.183892	0.19288	0.206733	0.330638	0.327891	0.235718	0.266694	0.345645	0.339037	0.217851	0.164007	0.307534	0.132775	0.332096	0.308478	0.0833065	0.100599	0.0912032	0.0511787	0.0547204	0.0629854	0.335844	0.37194	0.350847	0.170211	0.412558	0.172844	0.118249	0.114883	0.186786	0.316415	0.406471	0.0795198	0.348682	0.171737	0.190498	0.23144	0.141664	0.182451	0.0732957	0.0574491	0.108045	0.356412	0.184044	0.19308	0.206957	0.344377	0.34167	0.247558	0.271155	0.349643	0.344128	0.206182	0.166514	0.311189	0.126664	0.322602	0.297149	0.102833	0.126475	0.128646	0.197075	0.198944	0.238322	
MomentArms on: hip_flexion_l
-0.00766244	0.00982195	0.00230911	0.00619301	-0.0285836	0.0326478	0.0084501	0.0322428	0.040949	0.0612056	0.0581274	
MomentArms on: hip_adduction_l
0.0484502	0.0591107	0.0460425	0.0440294	0.0263245	0.00799815	0.0467601	0.0335844	0.00779201	0.0162921	
MomentArms on: hip_rotation_l
0.0411687	0.0366794	0.00337774	0.00256295	0.0127923	-0.0203986	0.00653103	0.0182373	-0.0027341	-0.0319615	
MomentArms on: knee_angle_l
-0.0175668	-0.0204758	-0.0266521	-0.0131273	-0.0137713	-0.0123934	-0.0256864	-0.0304916	0.0268412	0.0261004	0.0267278	0.0278293	
MomentArms on: ankle_angle_l
0.023746	0.0308096	0.0144138	0.0292543	-0.00620879	-0.00908152	-0.0234968	-0.0236275	-0.00410453	-0.00617692	-0.0202437	-0.00694608	
External Torques: -11.3356 8.63001 -4.94869 25.8373 -33.7077 
Current Torque on hip_flexion_l 1.35546
Current Torque on hip_adduction_l 10.0691
Current Torque on hip_rotation_l -2.04049
Current Torque on knee_angle_l 26.1239
Current Torque on ankle_angle_l -34.0809

----------------------------------------


EmgTime: 2.805
Adjusted EMG
0.001	0.001	0.001	0.001	0.001	0.001	0.001	0.001	0.001	0.001	0.001	0.001	0.001	0.001	0.001	0.001	0.001	0.001	0.001	0.001	0.001	0.001	0.001	0.001	0.001	0.001	0.001	0.001	0.001	0.001	0.001	0.001	0.001	0.001	0.001	0.001	0.001	0.001	0.001	0.001	0.001	0.001	0.001	0.387377	0.387377	0.387377	0.387377	0.387377	0.387377	0.426724	0.426724	0.426724	0.426724	0	0	0	0	0	0	0	0.627024	0	0.387377	0.387377	0.387377	0	0	0	0	0	0	0.627024	0.627024	0.627024	0.561688	0.561688	0.561688	0	0	0	0.847685	0	0	0	0.847685	0.847685	0.001	0	0.001	0	0.000997281	0	
LmtTime: 2.8
Lmt
0.110066	0.122017	0.106012	0.0739627	0.0762558	0.0810795	0.338151	0.372003	0.351137	0.17004	0.411274	0.147664	0.0972265	0.0935879	0.172004	0.31362	0.421298	0.0632803	0.332732	0.185412	0.197551	0.223112	0.135233	0.175245	0.0525023	0.0494066	0.115431	0.353008	0.183236	0.192265	0.206103	0.330985	0.328219	0.235741	0.266702	0.345652	0.339045	0.21783	0.164011	0.30754	0.132763	0.332078	0.308458	0.0835267	0.100466	0.0908098	0.0514645	0.0548613	0.0629426	0.335153	0.371134	0.35006	0.170159	0.413186	0.173501	0.118522	0.11482	0.186581	0.315905	0.407186	0.0799127	0.348517	0.17122	0.189811	0.230665	0.142255	0.18304	0.0728217	0.0571847	0.107776	0.357034	0.184116	0.193148	0.207026	0.344271	0.341566	0.247498	0.271135	0.349625	0.344101	0.206267	0.166502	0.311171	0.126706	0.322672	0.297238	0.103276	0.126903	0.127732	0.196964	0.198475	0.237614	
MomentArms on: hip_flexion_l
-0.00749808	0.0100899	0.00217144	0.00616488	-0.0282342	0.0325397	0.0085358	0.0321284	0.0409553	0.0610308	0.0579194	
MomentArms on: hip_adduction_l
0.0483949	0.059045	0.0461624	0.0441992	0.0263895	0.00803187	0.046943	0.0334646	0.00778043	0.0163135	
MomentArms on: hip_rotation_l
0.0410365	0.0365248	0.00336105	0.00254867	0.0123626	-0.0204357	0.00627056	0.0179687	-0.00297506	-0.03193	
MomentArms on: knee_angle_l
-0.0175999	-0.0205015	-0.0266576	-0.0131437	-0.0137818	-0.0123834	-0.0257104	-0.0305253	0.0268732	0.02613	0.0267352	0.0278413	
MomentArms on: ankle_angle_l
0.0237243	0.0308096	0.0144016	0.0292389	-0.00619928	-0.00907163	-0.0234623	-0.0235933	-0.00410004	-0.00617235	-0.0202094	-0.00693698	
External Torques: -9.90108 9.77365 -4.87592 26.0985 -33.9809 
Current Torque on hip_flexion_l 1.42007
Current Torque on hip_adduction_l 10.0995
Current Torque on hip_rotation_l -1.4887
Current Torque on knee_angle_l 26.9842
Current Torque on ankle_angle_l -33.6569

----------------------------------------


EmgTime: 2.815
Adjusted EMG
0.001	0.001	0.001	0.001	0.001	0.001	0.001	0.001	0.001	0.001	0.001	0.001	0.001	0.001	0.001	0.001	0.001	0.001	0.001	0.001	0.001	0.001	0.001	0.001	0.001	0.001	0.001	0.001	0.001	0.001	0.001	0.001	0.001	0.001	0.001	0.001	0.001	0.001	0.001	0.001	0.001	0.001	0.001	0.388166	0.388166	0.388166	0.388166	0.388166	0.388166	0.427303	0.427303	0.427303	0.427303	0	0	0	0	0	0	0	0.627811	0	0.388166	0.388166	0.388166	0	0	0	0	0	0	0.627811	0.627811	0.627811	0.562539	0.562539	0.562539	0	0	0	0.847567	0	0	0	0.847567	0.847567	0.001	0	0.001	0	0.000997281	0	
LmtTime: 2.81
Lmt
0.110052	0.122131	0.106205	0.0738879	0.0762063	0.0810877	0.339676	0.373894	0.352543	0.170616	0.410378	0.147844	0.0977126	0.0944073	0.172965	0.314631	0.420191	0.0632531	0.334262	0.18577	0.198056	0.224159	0.134655	0.174679	0.0529716	0.0494363	0.115495	0.351458	0.182459	0.191531	0.205359	0.331299	0.328513	0.235678	0.266682	0.345634	0.339021	0.217888	0.164	0.307525	0.132795	0.332126	0.308512	0.0837422	0.100331	0.0904204	0.0517473	0.055003	0.0629028	0.334434	0.370292	0.349248	0.170097	0.413835	0.174135	0.118772	0.114734	0.18635	0.315369	0.407923	0.0802929	0.348318	0.170703	0.189122	0.229867	0.142845	0.18363	0.0723476	0.0569277	0.107513	0.357683	0.1842	0.193226	0.207107	0.344155	0.341452	0.247433	0.271113	0.349605	0.344072	0.206359	0.166489	0.311151	0.126751	0.322746	0.297333	0.103707	0.127305	0.126822	0.1969	0.198049	0.236903	
MomentArms on: hip_flexion_l
-0.00732042	0.0103588	0.00196906	0.00607527	-0.0278742	0.0267935	0.0086262	0.0286666	0.0409535	0.0608517	0.0576648	
MomentArms on: hip_adduction_l
0.0483239	0.0589727	0.0462804	0.0443772	0.0264605	0.00806556	0.0471379	0.0333321	0.00776946	0.0163381	
MomentArms on: hip_rotation_l
0.0408992	0.0363657	0.00348125	0.00258912	0.0119861	-0.020495	0.00599814	0.0176955	-0.00323087	-0.0319141	
MomentArms on: knee_angle_l
-0.0176216	-0.0205195	-0.0266608	-0.0131548	-0.013789	-0.0123764	-0.0257265	-0.0305483	0.0268955	0.0261506	0.0267404	0.0278497	
MomentArms on: ankle_angle_l
0.0237189	0.0308096	0.0143986	0.0292351	-0.00619694	-0.00906919	-0.0234543	-0.0235851	-0.00409893	-0.00617122	-0.0202009	-0.00693473	
External Torques: -8.40183 10.9895 -4.84323 26.3421 -34.225 
Current Torque on hip_flexion_l 1.46402
Current Torque on hip_adduction_l 10.2182
Current Torque on hip_rotation_l -0.991306
Current Torque on knee_angle_l 27.8594
Current Torque on ankle_angle_l -33.2189

----------------------------------------


EmgTime: 2.825
Adjusted EMG
0.001	0.001	0.001	0.001	0.001	0.001	0.001	0.001	0.001	0.001	0.001	0.001	0.001	0.001	0.001	0.001	0.001	0.001	0.001	0.001	0.001	0.001	0.001	0.001	0.001	0.001	0.001	0.001	0.001	0.001	0.001	0.001	0.001	0.001	0.001	0.001	0.001	0.001	0.001	0.001	0.001	0.001	0.001	0.389026	0.389026	0.389026	0.389026	0.389026	0.389026	0.427866	0.427866	0.427866	0.427866	0	0	0	0	0	0	0	0.628586	0	0.389026	0.389026	0.389026	0	0	0	0	0	0	0.628586	0.628586	0.628586	0.563414	0.563414	0.563414	0	0	0	0.847489	0	0	0	0.847489	0.847489	0.001	0	0.001	0	0.000997281	0	
LmtTime: 2.82
Lmt
0.109993	0.122206	0.106367	0.0737848	0.076133	0.0810759	0.341155	0.375718	0.353866	0.17128	0.409754	0.148004	0.0981227	0.0950989	0.173761	0.315452	0.419199	0.0632438	0.335763	0.186061	0.198472	0.225024	0.134178	0.174212	0.0534124	0.0494971	0.115558	0.34993	0.181244	0.190685	0.204241	0.331588	0.32878	0.23554	0.266638	0.345592	0.338968	0.218015	0.163976	0.307493	0.132865	0.332233	0.30863	0.0839491	0.100193	0.0900343	0.0520236	0.0551422	0.0628637	0.333692	0.369421	0.348415	0.170027	0.414502	0.174749	0.119002	0.114629	0.186097	0.314811	0.408675	0.0806614	0.34809	0.170185	0.188431	0.22905	0.143435	0.184218	0.0718777	0.0566794	0.107257	0.358355	0.184296	0.193316	0.207199	0.344026	0.341326	0.247363	0.271089	0.349583	0.344041	0.206457	0.166475	0.31113	0.1268	0.322827	0.297436	0.104111	0.127669	0.125938	0.196897	0.197677	0.236214	
MomentArms on: hip_flexion_l
-0.00712518	0.0106342	0.00169039	0.0059141	-0.0274982	0.0269074	0.00872562	0.0287024	0.0409428	0.0606646	0.0573514	
MomentArms on: hip_adduction_l
0.0482373	0.0588913	0.0464005	0.0445667	0.0265396	0.00810241	0.0473456	0.0331843	0.00776128	0.0163685	
MomentArms on: hip_rotation_l
0.0407548	0.0362004	0.0034998	0.00259665	0.0116717	-0.0205828	0.00570718	0.0174146	-0.00350775	-0.0319204	
MomentArms on: knee_angle_l
-0.0176334	-0.020531	-0.0266623	-0.0131617	-0.0137934	-0.0123719	-0.0257359	-0.0305619	0.0269105	0.0261638	0.0267437	0.0278551	
MomentArms on: ankle_angle_l
0.0237274	0.0308096	0.0144034	0.0292411	-0.00620065	-0.00907305	-0.0234688	-0.0235989	-0.00410069	-0.006173	-0.0202143	-0.00693828	
External Torques: -6.82179 12.1947 -4.8068 26.5592 -34.4224 
Current Torque on hip_flexion_l 1.51934
Current Torque on hip_adduction_l 10.221
Current Torque on hip_rotation_l -0.554247
Current Torque on knee_angle_l 28.7224
Current Torque on ankle_angle_l -32.7509

----------------------------------------


EmgTime: 2.835
Adjusted EMG
0.001	0.001	0.001	0.001	0.001	0.001	0.001	0.001	0.001	0.001	0.001	0.001	0.001	0.001	0.001	0.001	0.001	0.001	0.001	0.001	0.001	0.001	0.001	0.001	0.001	0.001	0.001	0.001	0.001	0.001	0.001	0.001	0.001	0.001	0.001	0.001	0.001	0.001	0.001	0.001	0.001	0.001	0.001	0.389958	0.389958	0.389958	0.389958	0.389958	0.389958	0.428413	0.428413	0.428413	0.428413	0	0	0	0	0	0	0	0.629351	0	0.389958	0.389958	0.389958	0	0	0	0	0	0	0.629351	0.629351	0.629351	0.564312	0.564312	0.564312	0	0	0	0.847451	0	0	0	0.847451	0.847451	0.001	0	0.001	0	0.000997281	0	
LmtTime: 2.83
Lmt
0.109886	0.122237	0.106497	0.0736474	0.0760321	0.0810426	0.342563	0.377442	0.355089	0.172022	0.409417	0.148123	0.0984394	0.0956453	0.174371	0.316064	0.418335	0.0632436	0.337195	0.186286	0.198797	0.225696	0.133808	0.173852	0.0538229	0.0495957	0.115622	0.348449	0.180342	0.18974	0.203361	0.331858	0.329029	0.235339	0.266575	0.345532	0.338891	0.218199	0.163942	0.307447	0.132966	0.332387	0.308801	0.0841481	0.100053	0.0896508	0.0522941	0.055279	0.0628251	0.332932	0.368526	0.347565	0.16995	0.415182	0.175343	0.119212	0.114509	0.185826	0.314235	0.409439	0.0810191	0.347838	0.169667	0.187739	0.228217	0.144022	0.184803	0.0714119	0.0564387	0.107007	0.359046	0.1844	0.193413	0.207299	0.343885	0.341188	0.247286	0.271063	0.34956	0.344007	0.206565	0.16646	0.311107	0.126854	0.322915	0.297548	0.104472	0.12798	0.125112	0.196957	0.197374	0.235577	
MomentArms on: hip_flexion_l
-0.00690966	0.010921	0.00133133	0.00567821	-0.0271024	0.0270054	0.00883766	0.0287193	0.0409224	0.0604651	0.0569708	
MomentArms on: hip_adduction_l
0.0481366	0.0587983	0.0465269	0.0447704	0.0266286	0.00814664	0.047565	0.03302	0.00775893	0.0164083	
MomentArms on: hip_rotation_l
0.0406008	0.0360273	0.00351905	0.00260574	0.0114242	-0.020703	0.00539228	0.0171234	-0.00381005	-0.0319537	
MomentArms on: knee_angle_l
-0.0176364	-0.0205371	-0.0266626	-0.0131649	-0.0137956	-0.0123695	-0.0257394	-0.0305671	0.0269204	0.0261709	0.0267454	0.027858	
MomentArms on: ankle_angle_l
0.0237473	0.0308096	0.0144145	0.0292552	-0.00620937	-0.00908212	-0.023502	-0.0236308	-0.00410481	-0.0061772	-0.0202458	-0.00694663	
External Torques: -5.16651 13.3074 -4.7262 26.7443 -34.5611 
Current Torque on hip_flexion_l 1.61302
Current Torque on hip_adduction_l 10.2886
Current Torque on hip_rotation_l -0.163897
Current Torque on knee_angle_l 29.5482
Current Torque on ankle_angle_l -32.23

----------------------------------------


EmgTime: 2.845
Adjusted EMG
0.001	0.001	0.001	0.001	0.001	0.001	0.001	0.001	0.001	0.001	0.001	0.001	0.001	0.001	0.001	0.001	0.001	0.001	0.001	0.001	0.001	0.001	0.001	0.001	0.001	0.001	0.001	0.001	0.001	0.001	0.001	0.001	0.001	0.001	0.001	0.001	0.001	0.001	0.001	0.001	0.001	0.001	0.001	0.390963	0.390963	0.390963	0.390963	0.390963	0.390963	0.428944	0.428944	0.428944	0.428944	0	0	0	0	0	0	0	0.630106	0	0.390963	0.390963	0.390963	0	0	0	0	0	0	0.630106	0.630106	0.630106	0.565235	0.565235	0.565235	0	0	0	0.847451	0	0	0	0.847451	0.847451	0.001	0	0.001	0	0.000997281	0	
LmtTime: 2.84
Lmt
0.109723	0.122225	0.106599	0.0734687	0.0758993	0.0809867	0.34387	0.37903	0.356193	0.172823	0.409369	0.148184	0.0986502	0.0960368	0.174782	0.316458	0.417607	0.0632444	0.338517	0.186445	0.199034	0.226174	0.133545	0.173598	0.0542069	0.0497399	0.115691	0.347043	0.179368	0.188721	0.202404	0.332116	0.329269	0.235094	0.266498	0.345459	0.338797	0.218421	0.1639	0.307391	0.133089	0.332574	0.309008	0.0843445	0.0999123	0.0892702	0.0525631	0.0554165	0.0627884	0.332158	0.367611	0.346702	0.169869	0.415872	0.17592	0.119407	0.114375	0.185539	0.313645	0.410212	0.0813665	0.347564	0.169148	0.187046	0.227367	0.144607	0.185386	0.0709464	0.056202	0.10676	0.35975	0.184511	0.193517	0.207406	0.34373	0.341037	0.2472	0.271034	0.349534	0.343969	0.206685	0.166443	0.311082	0.126914	0.323014	0.297672	0.10478	0.128227	0.124384	0.197076	0.197159	0.235018	
MomentArms on: hip_flexion_l
-0.0066729	0.0112229	0.0008953	0.0053714	-0.0266839	0.0270938	0.00896483	0.0287237	0.0408914	0.0602491	0.0565191	
MomentArms on: hip_adduction_l
0.048025	0.0586915	0.0466635	0.0449895	0.0267292	0.00820296	0.0477937	0.0328395	0.00776587	0.0164612	
MomentArms on: hip_rotation_l
0.0404347	0.0358441	0.00353864	0.00261599	0.0112437	-0.0208568	0.00504971	0.01682	-0.00413989	-0.0320163	
MomentArms on: knee_angle_l
-0.0176317	-0.0205386	-0.0266619	-0.013165	-0.0137959	-0.0123689	-0.0257377	-0.0305649	0.0269262	0.0261726	0.0267458	0.0278587	
MomentArms on: ankle_angle_l
0.0237764	0.0308096	0.0144309	0.0292758	-0.00622218	-0.00909545	-0.0235503	-0.0236775	-0.00411086	-0.00618336	-0.0202921	-0.0069589	
External Torques: -3.4644 14.2577 -4.57069 26.8952 -34.6363 
Current Torque on hip_flexion_l 1.9485
Current Torque on hip_adduction_l 10.3666
Current Torque on hip_rotation_l 0.221884
Current Torque on knee_angle_l 30.3155
Current Torque on ankle_angle_l -31.6248

----------------------------------------


EmgTime: 2.855
Adjusted EMG
0.001	0.001	0.001	0.001	0.001	0.001	0.001	0.001	0.001	0.001	0.001	0.001	0.001	0.001	0.001	0.001	0.001	0.001	0.001	0.001	0.001	0.001	0.001	0.001	0.001	0.001	0.001	0.001	0.001	0.001	0.001	0.001	0.001	0.001	0.001	0.001	0.001	0.001	0.001	0.001	0.001	0.001	0.001	0.392041	0.392041	0.392041	0.392041	0.392041	0.392041	0.429459	0.429459	0.429459	0.429459	0	0	0	0	0	0	0	0.630852	0	0.392041	0.392041	0.392041	0	0	0	0	0	0	0.630852	0.630852	0.630852	0.566181	0.566181	0.566181	0	0	0	0.847489	0	0	0	0.847489	0.847489	0.001	0	0.001	0	0.000997281	0	
LmtTime: 2.85
Lmt
0.1095	0.12217	0.106678	0.0732429	0.0757313	0.080908	0.345049	0.380449	0.357162	0.173658	0.409596	0.148175	0.0987482	0.0962719	0.174995	0.316636	0.417015	0.0632387	0.339693	0.186547	0.199191	0.226464	0.133387	0.173446	0.0545724	0.0499369	0.115771	0.345743	0.178349	0.187658	0.2014	0.332372	0.329509	0.234828	0.266415	0.345379	0.338695	0.218662	0.163854	0.307331	0.133222	0.332776	0.309232	0.084546	0.0997758	0.088893	0.052837	0.0555593	0.0627562	0.331374	0.366684	0.34583	0.169785	0.416567	0.176479	0.119585	0.114226	0.185237	0.313043	0.410992	0.0817035	0.347273	0.168632	0.186351	0.226502	0.145188	0.185964	0.0704752	0.0559644	0.106515	0.360463	0.184627	0.193624	0.207517	0.34356	0.34087	0.247102	0.271	0.349504	0.343926	0.206821	0.166423	0.311053	0.126981	0.323125	0.297812	0.105024	0.128394	0.123796	0.197244	0.197046	0.234567	
MomentArms on: hip_flexion_l
-0.00641548	0.0115422	0.00039217	0.00500345	-0.0262418	0.0271787	0.00910836	0.0287227	0.0408494	0.0600132	0.0559971	
MomentArms on: hip_adduction_l
0.0479066	0.0585695	0.0468135	0.0452246	0.0268427	0.00827583	0.0480286	0.0326439	0.00778545	0.0165304	
MomentArms on: hip_rotation_l
0.040254	0.0356487	0.00355802	0.00262681	0.0111253	-0.0210423	0.00467759	0.0165027	-0.00449725	-0.0321082	
MomentArms on: knee_angle_l
-0.0176196	-0.0205358	-0.0266604	-0.0131623	-0.0137943	-0.01237	-0.0257311	-0.0305556	0.0269282	0.0261693	0.026745	0.0278574	
MomentArms on: ankle_angle_l
0.0238127	0.0308096	0.0144514	0.0293016	-0.00623834	-0.00911226	-0.023611	-0.0237364	-0.00411849	-0.00619113	-0.0203504	-0.00697437	
External Torques: -1.76413 14.9929 -4.32163 27.0094 -34.6442 
Current Torque on hip_flexion_l 1.88137
Current Torque on hip_adduction_l 10.4564
Current Torque on hip_rotation_l 0.539788
Current Torque on knee_angle_l 31.0106
Current Torque on ankle_angle_l -30.8947

----------------------------------------


EmgTime: 2.865
Adjusted EMG
0.001	0.001	0.001	0.001	0.001	0.001	0.001	0.001	0.001	0.001	0.001	0.001	0.001	0.001	0.001	0.001	0.001	0.001	0.001	0.001	0.001	0.001	0.001	0.001	0.001	0.001	0.001	0.001	0.001	0.001	0.001	0.001	0.001	0.001	0.001	0.001	0.001	0.001	0.001	0.001	0.001	0.001	0.001	0.393193	0.393193	0.393193	0.393193	0.393193	0.393193	0.429959	0.429959	0.429959	0.429959	0	0	0	0	0	0	0	0.631589	0	0.393193	0.393193	0.393193	0	0	0	0	0	0	0.631589	0.631589	0.631589	0.56715	0.56715	0.56715	0	0	0	0.847563	0	0	0	0.847563	0.847563	0.001	0	0.001	0	0.000997281	0	
LmtTime: 2.86
Lmt
0.109213	0.122074	0.10674	0.0729661	0.0755268	0.0808083	0.346073	0.381667	0.357982	0.174496	0.410069	0.148088	0.0987314	0.0963562	0.175017	0.316608	0.416553	0.0632193	0.340689	0.186598	0.199279	0.226581	0.133324	0.173385	0.0549302	0.0501924	0.115867	0.344578	0.177322	0.186588	0.200382	0.332631	0.329756	0.234564	0.266332	0.3453	0.338594	0.218899	0.163809	0.307271	0.133353	0.332975	0.309452	0.0847612	0.0996483	0.08852	0.0531232	0.0557128	0.0627313	0.330587	0.365751	0.344952	0.169699	0.417265	0.177019	0.119747	0.114064	0.184923	0.312434	0.41178	0.0820295	0.346967	0.168119	0.185655	0.225621	0.145765	0.186537	0.0699915	0.0557206	0.10627	0.361179	0.184744	0.193734	0.20763	0.343372	0.340685	0.246989	0.270962	0.349469	0.343877	0.206976	0.166401	0.31102	0.127059	0.323253	0.297973	0.105196	0.128471	0.123393	0.197445	0.197052	0.234248	
MomentArms on: hip_flexion_l
-0.00613935	0.0118796	-0.00016364	0.00458834	-0.0257761	0.0272653	0.00926812	0.0287226	0.0407962	0.0597548	0.0554101	
MomentArms on: hip_adduction_l
0.0477857	0.0584321	0.0469793	0.0454754	0.0269699	0.00836893	0.0482665	0.0324355	0.00782037	0.0166185	
MomentArms on: hip_rotation_l
0.0400566	0.0354392	0.00357657	0.00263757	0.0110595	-0.0212552	0.00427581	0.0161708	-0.00488027	-0.032227	
MomentArms on: knee_angle_l
-0.0176006	-0.0205286	-0.0266581	-0.0131567	-0.013791	-0.0123728	-0.0257197	-0.0305396	0.0269259	0.0261611	0.026743	0.027854	
MomentArms on: ankle_angle_l
0.0238548	0.0308094	0.0144754	0.0293317	-0.00625728	-0.00913196	-0.0236819	-0.0238052	-0.00412743	-0.00620023	-0.0204187	-0.0069925	
External Torques: -0.133243 15.4793 -3.9739 27.0776 -34.5819 
Current Torque on hip_flexion_l 1.93145
Current Torque on hip_adduction_l 10.5623
Current Torque on hip_rotation_l 0.87201
Current Torque on knee_angle_l 31.628
Current Torque on ankle_angle_l -29.9895

----------------------------------------


EmgTime: 2.875
Adjusted EMG
0.001	0.001	0.001	0.001	0.001	0.001	0.001	0.001	0.001	0.001	0.001	0.001	0.001	0.001	0.001	0.001	0.001	0.001	0.001	0.001	0.001	0.001	0.001	0.001	0.001	0.001	0.001	0.001	0.001	0.001	0.001	0.001	0.001	0.001	0.001	0.001	0.001	0.001	0.001	0.001	0.001	0.001	0.001	0.394418	0.394418	0.394418	0.394418	0.394418	0.394418	0.430444	0.430444	0.430444	0.430444	0	0	0	0	0	0	0	0.632318	0	0.394418	0.394418	0.394418	0	0	0	0	0	0	0.632318	0.632318	0.632318	0.568142	0.568142	0.568142	0	0	0	0.847671	0	0	0	0.847671	0.847671	0.001	0	0.001	0	0.000997281	0	
LmtTime: 2.87
Lmt
0.108866	0.121945	0.106797	0.0726384	0.0752875	0.0806912	0.346919	0.38266	0.358641	0.175304	0.410748	0.147918	0.0986024	0.0963013	0.174865	0.316394	0.416212	0.0631794	0.341482	0.186614	0.199314	0.22655	0.133342	0.173404	0.0552915	0.0505089	0.115984	0.343577	0.176327	0.185555	0.199392	0.332901	0.330019	0.234329	0.266258	0.34523	0.338504	0.219108	0.163769	0.307217	0.133469	0.33315	0.309646	0.0849976	0.0995343	0.0881524	0.0534273	0.0558811	0.0627161	0.329804	0.364819	0.344075	0.169614	0.417958	0.17754	0.119894	0.113888	0.184599	0.311823	0.41257	0.082343	0.346648	0.167614	0.18496	0.224726	0.146333	0.1871	0.0694896	0.0554652	0.106024	0.36189	0.184862	0.193842	0.207743	0.343161	0.340478	0.246856	0.270917	0.349429	0.343819	0.207158	0.166375	0.310981	0.12715	0.323403	0.29816	0.105292	0.128447	0.12321	0.197664	0.197184	0.234083	
MomentArms on: hip_flexion_l
-0.00584736	0.0122344	-0.00075539	0.00414207	-0.0252883	0.0273575	0.0094427	0.0287284	0.040732	0.0594723	0.0547671	
MomentArms on: hip_adduction_l
0.0476664	0.0582795	0.047162	0.0457406	0.027111	0.00848469	0.0485042	0.032217	0.00787238	0.0167271	
MomentArms on: hip_rotation_l
0.0398411	0.0352142	0.00359378	0.0026477	0.0110335	-0.0214897	0.00384576	0.0158238	-0.0052858	-0.0323682	
MomentArms on: knee_angle_l
-0.0175744	-0.0205169	-0.0266548	-0.0131482	-0.0137858	-0.0123774	-0.0257035	-0.0305169	0.0269181	0.0261477	0.0267397	0.0278485	
MomentArms on: ankle_angle_l
0.0239015	0.0308091	0.0145022	0.0293652	-0.00627859	-0.00915412	-0.0237615	-0.0238826	-0.00413749	-0.00621045	-0.0204956	-0.00701289	
External Torques: 1.35414 15.7141 -3.53985 27.0848 -34.4434 
Current Torque on hip_flexion_l 2.0177
Current Torque on hip_adduction_l 10.6871
Current Torque on hip_rotation_l 1.2128
Current Torque on knee_angle_l 32.1717
Current Torque on ankle_angle_l -28.8506

----------------------------------------


EmgTime: 2.885
Adjusted EMG
0.001	0.001	0.001	0.001	0.001	0.001	0.001	0.001	0.001	0.001	0.001	0.001	0.001	0.001	0.001	0.001	0.001	0.001	0.001	0.001	0.001	0.001	0.001	0.001	0.001	0.001	0.001	0.001	0.001	0.001	0.001	0.001	0.001	0.001	0.001	0.001	0.001	0.001	0.001	0.001	0.001	0.001	0.001	0.395718	0.395718	0.395718	0.395718	0.395718	0.395718	0.430915	0.430915	0.430915	0.430915	0	0	0	0	0	0	0	0.63304	0	0.395718	0.395718	0.395718	0	0	0	0	0	0	0.63304	0.63304	0.63304	0.569156	0.569156	0.569156	0	0	0	0.847813	0	0	0	0.847813	0.847813	0.001	0	0.001	0	0.000997281	0	
LmtTime: 2.88
Lmt
0.108464	0.12179	0.106857	0.0722647	0.0750191	0.0805631	0.347572	0.383407	0.359133	0.176046	0.41158	0.147664	0.0983677	0.0961233	0.174562	0.316023	0.415978	0.0631125	0.342055	0.186607	0.199314	0.226396	0.133423	0.173483	0.0556651	0.0508852	0.116127	0.342766	0.175407	0.184601	0.198474	0.333187	0.330301	0.234147	0.266201	0.345175	0.338434	0.219269	0.163738	0.307176	0.133558	0.333285	0.309795	0.0852599	0.0994368	0.0877908	0.0537526	0.0560662	0.0627115	0.329032	0.363899	0.343207	0.169531	0.418638	0.178038	0.120027	0.113701	0.18427	0.311219	0.413357	0.0826428	0.346321	0.167119	0.184269	0.223824	0.14689	0.187651	0.0689667	0.0551947	0.105774	0.362589	0.184977	0.193949	0.207854	0.342922	0.340243	0.246698	0.270864	0.349381	0.34375	0.207373	0.166344	0.310935	0.127257	0.32358	0.29838	0.105304	0.128314	0.123272	0.197888	0.197445	0.234089	
MomentArms on: hip_flexion_l
-0.00554286	0.0126049	-0.00136632	0.00368054	-0.0247803	0.0274572	0.0096297	0.028743	0.040657	0.0591655	0.0540794	
MomentArms on: hip_adduction_l
0.0475522	0.0581131	0.0473615	0.0460187	0.0272655	0.00862407	0.0487392	0.0319911	0.0079421	0.0168562	
MomentArms on: hip_rotation_l
0.0396067	0.0349728	0.00360924	0.00265674	0.011033	-0.0217389	0.00338993	0.0154619	-0.00570994	-0.0325261	
MomentArms on: knee_angle_l
-0.0175409	-0.0205001	-0.0266503	-0.0131364	-0.0137785	-0.0123839	-0.0256823	-0.0304873	0.0269036	0.0261284	0.0267349	0.0278407	
MomentArms on: ankle_angle_l
0.023952	0.0308086	0.0145316	0.0294017	-0.00630199	-0.00917845	-0.0238487	-0.0239674	-0.00414853	-0.00622167	-0.02058	-0.00703529	
External Torques: 2.6415 15.7322 -3.04828 27.0159 -34.2158 
Current Torque on hip_flexion_l 2.09324
Current Torque on hip_adduction_l 10.8346
Current Torque on hip_rotation_l 1.54917
Current Torque on knee_angle_l 32.6541
Current Torque on ankle_angle_l -27.4139

----------------------------------------


EmgTime: 2.895
Adjusted EMG
0.001	0.001	0.001	0.001	0.001	0.001	0.001	0.001	0.001	0.001	0.001	0.001	0.001	0.001	0.001	0.001	0.001	0.001	0.001	0.001	0.001	0.001	0.001	0.001	0.001	0.001	0.001	0.001	0.001	0.001	0.001	0.001	0.001	0.001	0.001	0.001	0.001	0.001	0.001	0.001	0.001	0.001	0.001	0.397092	0.397092	0.397092	0.397092	0.397092	0.397092	0.431372	0.431372	0.431372	0.431372	0	0	0	0	0	0	0	0.633755	0	0.397092	0.397092	0.397092	0	0	0	0	0	0	0.633755	0.633755	0.633755	0.570191	0.570191	0.570191	0	0	0	0.847986	0	0	0	0.847986	0.847986	0.001	0	0.001	0	0.000997281	0	
LmtTime: 2.89
Lmt
0.108021	0.121621	0.106932	0.0718544	0.0747306	0.0804322	0.348022	0.383902	0.359456	0.176693	0.412507	0.147329	0.0980363	0.0958414	0.174138	0.315531	0.415838	0.0630124	0.342401	0.186595	0.199299	0.226152	0.13355	0.173603	0.0560561	0.0513152	0.116301	0.342163	0.1746	0.183766	0.197666	0.333491	0.330606	0.234043	0.266168	0.345144	0.338394	0.219361	0.16372	0.307153	0.133609	0.333363	0.309881	0.0855485	0.0993562	0.0874356	0.0540982	0.0562673	0.0627164	0.328282	0.363002	0.342358	0.169449	0.419292	0.178514	0.120147	0.113508	0.183943	0.310632	0.414131	0.0829276	0.345992	0.166639	0.183588	0.222925	0.14743	0.188183	0.068424	0.0549073	0.105519	0.363267	0.18509	0.194053	0.207963	0.342649	0.339973	0.246509	0.270801	0.349323	0.343668	0.207627	0.166307	0.310881	0.127385	0.32379	0.29864	0.105227	0.128071	0.12359	0.198111	0.197832	0.234273	
MomentArms on: hip_flexion_l
-0.00522929	0.0129882	-0.00198159	0.00321765	-0.0242541	0.0275645	0.00982604	0.0287675	0.0405717	0.0588349	0.0533592	
MomentArms on: hip_adduction_l
0.0474452	0.0579343	0.0475764	0.0463076	0.0274326	0.00878668	0.0489698	0.0317603	0.00802913	0.017005	
MomentArms on: hip_rotation_l
0.039354	0.0347151	0.00362275	0.00266441	0.0110437	-0.0219959	0.00291148	0.0150855	-0.00614862	-0.0326945	
MomentArms on: knee_angle_l
-0.0174998	-0.0204778	-0.0266443	-0.0131211	-0.013769	-0.0123926	-0.0256557	-0.0304507	0.0268808	0.0261028	0.0267284	0.0278302	
MomentArms on: ankle_angle_l
0.0240059	0.0308079	0.0145632	0.0294408	-0.00632734	-0.0092048	-0.0239428	-0.0240591	-0.00416048	-0.00623381	-0.0206713	-0.00705954	
External Torques: 3.71999 15.5963 -2.53436 26.8624 -33.8734 
Current Torque on hip_flexion_l 2.16539
Current Torque on hip_adduction_l 11.0107
Current Torque on hip_rotation_l 1.86546
Current Torque on knee_angle_l 33.0949
Current Torque on ankle_angle_l -25.6155

----------------------------------------


EmgTime: 2.905
Adjusted EMG
0.001	0.001	0.001	0.001	0.001	0.001	0.001	0.001	0.001	0.001	0.001	0.001	0.001	0.001	0.001	0.001	0.001	0.001	0.001	0.001	0.001	0.001	0.001	0.001	0.001	0.001	0.001	0.001	0.001	0.001	0.001	0.001	0.001	0.001	0.001	0.001	0.001	0.001	0.001	0.001	0.001	0.001	0.001	0.39854	0.39854	0.39854	0.39854	0.39854	0.39854	0.431815	0.431815	0.431815	0.431815	0	0	0	0	0	0	0	0.634464	0	0.39854	0.39854	0.39854	0	0	0	0	0	0	0.634464	0.634464	0.634464	0.571248	0.571248	0.571248	0	0	0	0.848188	0	0	0	0.848188	0.848188	0.001	0	0.001	0	0.000997281	0	
LmtTime: 2.9
Lmt
0.107554	0.121452	0.107032	0.0714218	0.0744343	0.0803079	0.34827	0.384148	0.359617	0.177218	0.413474	0.146917	0.0976194	0.0954757	0.173625	0.314954	0.415779	0.0628737	0.342523	0.186594	0.199285	0.225849	0.133702	0.173746	0.0564639	0.0517885	0.116505	0.341779	0.173942	0.183086	0.197005	0.333819	0.330937	0.234033	0.266165	0.345141	0.338391	0.21937	0.163718	0.30715	0.133614	0.33337	0.309889	0.0858594	0.0992909	0.0870868	0.0544593	0.05648	0.0627277	0.327564	0.362142	0.341539	0.169369	0.419907	0.178967	0.120259	0.113316	0.183629	0.310074	0.414877	0.0831969	0.345668	0.166177	0.182925	0.222043	0.147948	0.188692	0.0678669	0.0546034	0.105258	0.363915	0.1852	0.194156	0.208069	0.342335	0.339663	0.246283	0.270725	0.349255	0.343571	0.207928	0.166263	0.310816	0.127536	0.324039	0.298946	0.105056	0.12772	0.124158	0.198329	0.19833	0.234635	
MomentArms on: hip_flexion_l
-0.0049098	0.013381	-0.00258958	0.00276413	-0.0237122	0.0276779	0.0100284	0.0288011	0.0404766	0.0584816	0.0526183	
MomentArms on: hip_adduction_l
0.0473462	0.0577448	0.0478045	0.0466052	0.0276112	0.00897105	0.0491948	0.0315266	0.00813228	0.0171718	
MomentArms on: hip_rotation_l
0.039084	0.0344419	0.00363422	0.00267056	0.011053	-0.0222544	0.00241381	0.0146954	-0.00659803	-0.0328675	
MomentArms on: knee_angle_l
-0.0174508	-0.0204496	-0.0266367	-0.0131021	-0.0137571	-0.0124035	-0.0256236	-0.0304069	0.0268486	0.0260703	0.0267202	0.027817	
MomentArms on: ankle_angle_l
0.0240628	0.0308069	0.0145969	0.0294824	-0.00635458	-0.0092331	-0.0240437	-0.0241575	-0.00417331	-0.00624684	-0.0207694	-0.0070856	
External Torques: 4.63034 15.3743 -2.03101 26.6191 -33.3751 
Current Torque on hip_flexion_l 2.24078
Current Torque on hip_adduction_l 11.2227
Current Torque on hip_rotation_l 2.13706
Current Torque on knee_angle_l 33.5181
Current Torque on ankle_angle_l -23.3982

----------------------------------------
Estimation completed.
Estimation completed.

LmtMa: lmtMa DONE
Using c:/Git\opensim_tutorial\tutorials\Cerebral_Palsy_Project\Simulations\PC002\trial2_l1\ceinms\execution as output directory
