Constructing tool from setup file D:\3-PhD\Data\MocapData\ElaboratedData\009\pre\inverseDynamics\Run_baseline1\setup_ID_rra.xml.

-----------------------------------------------------------------------
Starting Inverse Dynamics
-----------------------------------------------------------------------
-----------------------------------------------------------------------

Loaded model 009_Rajagopal2015_FAI_rra from file ..\..\009_Rajagopal2015_FAI_rra.osim
               MODEL: 009_Rajagopal2015_FAI_rra
         coordinates: 39
              forces: 97
           actuators: 97
             muscles: 80
            analyses: 0
              probes: 0
              bodies: 23
              joints: 22
         constraints: 2
             markers: 67
         controllers: 0
  contact geometries: 0
misc modelcomponents: 0
Running tool subject01_walk1.

Storage: file=.\IK.mot (nr=97 nc=40)


Low-pass filtering coordinates data with a cutoff frequency of 6...

Old version storage/motion file encountered
Storage: file=.\Run_baseline1.mot (nr=991 nc=37)
.. assuming rotations in Degrees.
ExternalForce::Right
Data source being set to E:\3-PhD\Data\MocapData\ElaboratedData\009\pre\dynamicElaborations\Run_baseline1\Run_baseline1.mot
ExternalForce::Right_transformedP
Data source being set to E:\3-PhD\Data\MocapData\ElaboratedData\009\pre\dynamicElaborations\Run_baseline1\Run_baseline1.mot_transformedP
InverseDynamicsTool: 98 time frames in 0.043s

Inverse dynamics compute time = 2732ms

