Constructing tool from setup file E:\3-PhD\Data\MocapData\ElaboratedData\009\pre\inverseKinematics\RunL1\setup_IK.xml.

Loaded model 009 from file E:\3-PhD\Data\MocapData\ElaboratedData\009\pre\009_Rajagopal2015_FAI.osim
               MODEL: 009
         coordinates: 39
              forces: 99
           actuators: 99
             muscles: 82
            analyses: 0
              probes: 0
              bodies: 23
              joints: 22
         constraints: 2
             markers: 67
         controllers: 0
  contact geometries: 0
misc modelcomponents: 0
Running tool .
Loaded marker file .\RunL1.trc (54 markers, 116 frames)
Frame 0 (t=2.185):	total squared error = 0.0238453, marker error: RMS=0.0241162, max=0.0507042 (RHEE)
Frame 1 (t=2.19):	total squared error = 0.0245755, marker error: RMS=0.0244827, max=0.0513258 (RHEE)
Frame 2 (t=2.195):	total squared error = 0.0251832, marker error: RMS=0.0247835, max=0.0517196 (RHEE)
Frame 3 (t=2.2):	total squared error = 0.0256325, marker error: RMS=0.0250037, max=0.0520936 (RHEE)
Frame 4 (t=2.205):	total squared error = 0.0258864, marker error: RMS=0.0251272, max=0.0539657 (RMT5)
Frame 5 (t=2.21):	total squared error = 0.025934, marker error: RMS=0.0251503, max=0.0565429 (RMT5)
Frame 6 (t=2.215):	total squared error = 0.0258204, marker error: RMS=0.0250951, max=0.0581088 (RMT5)
Frame 7 (t=2.22):	total squared error = 0.0255585, marker error: RMS=0.0249675, max=0.0586639 (RMT5)
Frame 8 (t=2.225):	total squared error = 0.0252113, marker error: RMS=0.0247974, max=0.0583164 (RMT5)
Frame 9 (t=2.23):	total squared error = 0.0248669, marker error: RMS=0.0246274, max=0.0585087 (RHEE)
Frame 10 (t=2.235):	total squared error = 0.0246041, marker error: RMS=0.024497, max=0.061036 (RHEE)
Frame 11 (t=2.24):	total squared error = 0.0244457, marker error: RMS=0.0244179, max=0.0625595 (RHEE)
Frame 12 (t=2.245):	total squared error = 0.0243749, marker error: RMS=0.0243826, max=0.0630847 (RHEE)
Frame 13 (t=2.25):	total squared error = 0.0243816, marker error: RMS=0.0243859, max=0.0632203 (RHEE)
Frame 14 (t=2.255):	total squared error = 0.0244336, marker error: RMS=0.0244119, max=0.0630616 (RHEE)
Frame 15 (t=2.26):	total squared error = 0.0245021, marker error: RMS=0.0244461, max=0.0627086 (RHEE)
Frame 16 (t=2.265):	total squared error = 0.0245684, marker error: RMS=0.0244792, max=0.062261 (RHEE)
Frame 17 (t=2.27):	total squared error = 0.0246214, marker error: RMS=0.0245056, max=0.0618003 (RHEE)
Frame 18 (t=2.275):	total squared error = 0.0246504, marker error: RMS=0.02452, max=0.0613768 (RHEE)
Frame 19 (t=2.28):	total squared error = 0.0246418, marker error: RMS=0.0245157, max=0.0610029 (RHEE)
Frame 20 (t=2.285):	total squared error = 0.0245782, marker error: RMS=0.024484, max=0.0606606 (RHEE)
Frame 21 (t=2.29):	total squared error = 0.0244478, marker error: RMS=0.024419, max=0.0603127 (RHEE)
Frame 22 (t=2.295):	total squared error = 0.0242516, marker error: RMS=0.0243208, max=0.0599192 (RHEE)
Frame 23 (t=2.3):	total squared error = 0.0239991, marker error: RMS=0.0241939, max=0.0594514 (RHEE)
Frame 24 (t=2.305):	total squared error = 0.0237032, marker error: RMS=0.0240443, max=0.0588964 (RHEE)
Frame 25 (t=2.31):	total squared error = 0.0233662, marker error: RMS=0.0238727, max=0.0582583 (RHEE)
Frame 26 (t=2.315):	total squared error = 0.0229828, marker error: RMS=0.0236761, max=0.057552 (RHEE)
Frame 27 (t=2.32):	total squared error = 0.0225492, marker error: RMS=0.0234517, max=0.0567966 (RHEE)
Frame 28 (t=2.325):	total squared error = 0.0220715, marker error: RMS=0.0232019, max=0.0560095 (RHEE)
Frame 29 (t=2.33):	total squared error = 0.0215671, marker error: RMS=0.0229353, max=0.0552018 (RHEE)
Frame 30 (t=2.335):	total squared error = 0.0210577, marker error: RMS=0.0226628, max=0.0543735 (RHEE)
Frame 31 (t=2.34):	total squared error = 0.0205663, marker error: RMS=0.0223968, max=0.0535157 (RHEE)
Frame 32 (t=2.345):	total squared error = 0.0201076, marker error: RMS=0.0221457, max=0.052615 (RHEE)
Frame 33 (t=2.35):	total squared error = 0.0196939, marker error: RMS=0.0219167, max=0.0516573 (RHEE)
Frame 34 (t=2.355):	total squared error = 0.0193206, marker error: RMS=0.0217079, max=0.0506302 (RHEE)
Frame 35 (t=2.36):	total squared error = 0.0189766, marker error: RMS=0.0215138, max=0.0495243 (RHEE)
Frame 36 (t=2.365):	total squared error = 0.0186432, marker error: RMS=0.021324, max=0.0483388 (RHEE)
Frame 37 (t=2.37):	total squared error = 0.018309, marker error: RMS=0.021132, max=0.0470844 (RHEE)
Frame 38 (t=2.375):	total squared error = 0.0179689, marker error: RMS=0.0209348, max=0.0457833 (RHEE)
Frame 39 (t=2.38):	total squared error = 0.0176277, marker error: RMS=0.0207351, max=0.0444686 (RHEE)
Frame 40 (t=2.385):	total squared error = 0.0172987, marker error: RMS=0.0205407, max=0.0431823 (RHEE)
Frame 41 (t=2.39):	total squared error = 0.0169932, marker error: RMS=0.0203585, max=0.0419729 (RHEE)
Frame 42 (t=2.395):	total squared error = 0.0167233, marker error: RMS=0.0201962, max=0.0408929 (RHEE)
Frame 43 (t=2.4):	total squared error = 0.0164974, marker error: RMS=0.0200593, max=0.0399925 (RHEE)
Frame 44 (t=2.405):	total squared error = 0.0163175, marker error: RMS=0.0199496, max=0.039431 (LHEE)
Frame 45 (t=2.41):	total squared error = 0.0161866, marker error: RMS=0.0198695, max=0.0399061 (LHEE)
Frame 46 (t=2.415):	total squared error = 0.0161046, marker error: RMS=0.019819, max=0.0404512 (LHEE)
Frame 47 (t=2.42):	total squared error = 0.0160706, marker error: RMS=0.0197981, max=0.0410037 (LHEE)
Frame 48 (t=2.425):	total squared error = 0.0160817, marker error: RMS=0.019805, max=0.0414912 (LHEE)
Frame 49 (t=2.43):	total squared error = 0.0161303, marker error: RMS=0.0198348, max=0.0418452 (LHEE)
Frame 50 (t=2.435):	total squared error = 0.0162034, marker error: RMS=0.0198798, max=0.0420125 (LHEE)
Frame 51 (t=2.44):	total squared error = 0.0162849, marker error: RMS=0.0199297, max=0.0419639 (LHEE)
Frame 52 (t=2.445):	total squared error = 0.0163552, marker error: RMS=0.0199727, max=0.041695 (LHEE)
Frame 53 (t=2.45):	total squared error = 0.0164018, marker error: RMS=0.0200011, max=0.0412273 (LHEE)
Frame 54 (t=2.455):	total squared error = 0.0164191, marker error: RMS=0.0200116, max=0.0412127 (RHEE)
Frame 55 (t=2.46):	total squared error = 0.0164104, marker error: RMS=0.0200063, max=0.0417256 (RHEE)
Frame 56 (t=2.465):	total squared error = 0.0163912, marker error: RMS=0.0199946, max=0.0422061 (RHEE)
Frame 57 (t=2.47):	total squared error = 0.0163768, marker error: RMS=0.0199859, max=0.0426361 (RHEE)
Frame 58 (t=2.475):	total squared error = 0.0163781, marker error: RMS=0.0199866, max=0.0429936 (RHEE)
Frame 59 (t=2.48):	total squared error = 0.0163951, marker error: RMS=0.019997, max=0.0432504 (RHEE)
Frame 60 (t=2.485):	total squared error = 0.01642, marker error: RMS=0.0200122, max=0.0433747 (RHEE)
Frame 61 (t=2.49):	total squared error = 0.0164421, marker error: RMS=0.0200257, max=0.0433478 (RHEE)
Frame 62 (t=2.495):	total squared error = 0.0164618, marker error: RMS=0.0200376, max=0.0431873 (RHEE)
Frame 63 (t=2.5):	total squared error = 0.0164981, marker error: RMS=0.0200597, max=0.0429663 (RHEE)
Frame 64 (t=2.505):	total squared error = 0.016588, marker error: RMS=0.0201143, max=0.0428177 (RHEE)
Frame 65 (t=2.51):	total squared error = 0.0167746, marker error: RMS=0.0202271, max=0.0443668 (LHEE)
Frame 66 (t=2.515):	total squared error = 0.0170899, marker error: RMS=0.0204164, max=0.0462757 (LHEE)
Frame 67 (t=2.52):	total squared error = 0.0175408, marker error: RMS=0.0206839, max=0.048294 (LHEE)
Frame 68 (t=2.525):	total squared error = 0.0180984, marker error: RMS=0.0210101, max=0.0502245 (LHEE)
Frame 69 (t=2.53):	total squared error = 0.0187006, marker error: RMS=0.0213568, max=0.0518843 (LHEE)
Frame 70 (t=2.535):	total squared error = 0.0192625, marker error: RMS=0.0216753, max=0.0531481 (LHEE)
Frame 71 (t=2.54):	total squared error = 0.019699, marker error: RMS=0.0219195, max=0.0539672 (LHEE)
Frame 72 (t=2.545):	total squared error = 0.0199407, marker error: RMS=0.0220535, max=0.0543656 (LHEE)
Frame 73 (t=2.55):	total squared error = 0.0199702, marker error: RMS=0.0220699, max=0.0545993 (RHEE)
Frame 74 (t=2.555):	total squared error = 0.0197887, marker error: RMS=0.0219693, max=0.0550077 (RHEE)
Frame 75 (t=2.56):	total squared error = 0.0194339, marker error: RMS=0.0217715, max=0.0547983 (RHEE)
Frame 76 (t=2.565):	total squared error = 0.0189069, marker error: RMS=0.0214743, max=0.0539484 (RHEE)
Frame 77 (t=2.57):	total squared error = 0.018242, marker error: RMS=0.0210933, max=0.0526396 (LHEE)
Frame 78 (t=2.575):	total squared error = 0.0174312, marker error: RMS=0.0206192, max=0.051946 (LHEE)
Frame 79 (t=2.58):	total squared error = 0.0164915, marker error: RMS=0.0200557, max=0.0511632 (LHEE)
Frame 80 (t=2.585):	total squared error = 0.0154767, marker error: RMS=0.0194289, max=0.0502716 (LHEE)
Frame 81 (t=2.59):	total squared error = 0.0144803, marker error: RMS=0.018793, max=0.0492582 (LHEE)
Frame 82 (t=2.595):	total squared error = 0.0136096, marker error: RMS=0.0182193, max=0.048125 (LHEE)
Frame 83 (t=2.6):	total squared error = 0.0129437, marker error: RMS=0.0177679, max=0.0468905 (LHEE)
Frame 84 (t=2.605):	total squared error = 0.0125057, marker error: RMS=0.0174647, max=0.0455782 (LHEE)
Frame 85 (t=2.61):	total squared error = 0.0122693, marker error: RMS=0.0172989, max=0.0442051 (LHEE)
Frame 86 (t=2.615):	total squared error = 0.0121907, marker error: RMS=0.0172434, max=0.0427784 (LHEE)
Frame 87 (t=2.62):	total squared error = 0.0122347, marker error: RMS=0.0172744, max=0.0413054 (LHEE)
Frame 88 (t=2.625):	total squared error = 0.0123772, marker error: RMS=0.0173748, max=0.0398071 (LHEE)
Frame 89 (t=2.63):	total squared error = 0.0125933, marker error: RMS=0.0175258, max=0.0383216 (LHEE)
Frame 90 (t=2.635):	total squared error = 0.0128487, marker error: RMS=0.0177026, max=0.0375761 (LTHI3)
Frame 91 (t=2.64):	total squared error = 0.0131018, marker error: RMS=0.0178761, max=0.0389705 (LTHI3)
Frame 92 (t=2.645):	total squared error = 0.0133083, marker error: RMS=0.0180164, max=0.0399574 (LTHI3)
Frame 93 (t=2.65):	total squared error = 0.0134379, marker error: RMS=0.018104, max=0.0405079 (LTHI3)
Frame 94 (t=2.655):	total squared error = 0.0134805, marker error: RMS=0.0181326, max=0.0406282 (LTHI3)
Frame 95 (t=2.66):	total squared error = 0.0134432, marker error: RMS=0.0181076, max=0.0405774 (LTHI4)
Frame 96 (t=2.665):	total squared error = 0.0133433, marker error: RMS=0.0180401, max=0.0405755 (LTHI4)
Frame 97 (t=2.67):	total squared error = 0.0132029, marker error: RMS=0.0179449, max=0.0402554 (LTHI4)
Frame 98 (t=2.675):	total squared error = 0.013046, marker error: RMS=0.017838, max=0.0396729 (LTHI4)
Frame 99 (t=2.68):	total squared error = 0.0128977, marker error: RMS=0.0177363, max=0.0388954 (LTHI4)
Frame 100 (t=2.685):	total squared error = 0.0127793, marker error: RMS=0.0176547, max=0.0379917 (LTHI4)
Frame 101 (t=2.69):	total squared error = 0.0127089, marker error: RMS=0.017606, max=0.037023 (LTHI4)
Frame 102 (t=2.695):	total squared error = 0.0126953, marker error: RMS=0.0175966, max=0.0365225 (RHEE)
Frame 103 (t=2.7):	total squared error = 0.012751, marker error: RMS=0.0176352, max=0.0382429 (RHEE)
Frame 104 (t=2.705):	total squared error = 0.0128395, marker error: RMS=0.0176963, max=0.040202 (RHEE)
Frame 105 (t=2.71):	total squared error = 0.0130051, marker error: RMS=0.01781, max=0.0423241 (RHEE)
Frame 106 (t=2.715):	total squared error = 0.0132231, marker error: RMS=0.0179587, max=0.0445078 (RHEE)
Frame 107 (t=2.72):	total squared error = 0.0134942, marker error: RMS=0.0181419, max=0.046642 (RHEE)
Frame 108 (t=2.725):	total squared error = 0.0138119, marker error: RMS=0.0183542, max=0.048621 (RHEE)
Frame 109 (t=2.73):	total squared error = 0.0141738, marker error: RMS=0.0185931, max=0.0503593 (RHEE)
Frame 110 (t=2.735):	total squared error = 0.0145747, marker error: RMS=0.0188542, max=0.0517998 (RHEE)
Frame 111 (t=2.74):	total squared error = 0.0150102, marker error: RMS=0.0191338, max=0.0529164 (RHEE)
Frame 112 (t=2.745):	total squared error = 0.015472, marker error: RMS=0.0194259, max=0.053717 (RHEE)
InverseKinematicsTool completed 112 frames in 42.175s

IK compute time = 45363ms

