
+-+-+-+-+-+-+
|C|E|I|N|M|S|
+-+-+-+-+-+-+-+-+-+-+
|C|a|l|i|b|r|a|t|e|d|
+-+-+-+-+-+-+-+-+-+-+-+-+
|E|M|G|-|I|n|f|o|r|m|e|d|
+-+-+-+-+-+-+-+-+-+-+-+-+-+-+-+-+-+-+-+-+
|N|e|u|r|o|m|u|s|c|u|l|o|s|k|e|l|e|t|a|l|
+-+-+-+-+-+-+-+-+-+-+-+-+-+-+-+-+-+-+-+-+
|T|o|o|l|b|o|x|
+-+-+-+-+-+-+-+

CEINMS version 0.21.0
Copyright (C) Apr 29 2020
Claudio Pizzolato, Monica Reggiani, Massimo Sartori, David Lloyd
Software developers: Claudio Pizzolato, Elena Ceseracciu, Monica Reggiani
Check configuration data...
Reading subject file: c:/opensim_tutorial/tutorials/Cerebral_Palsy_Project/Simulations/TD006/normal2_r1/ceinms/./calibratedSubject.xml .
Contact model  not found
Reading subject file: c:/opensim_tutorial/tutorials/Cerebral_Palsy_Project/Simulations/TD006/normal2_r1/ceinms/./calibratedSubject.xml .
activeForceLength
passiveForceLength
forceVelocity
tendonForceStrain
Assuming glut_med1_r pennation angle in radians: 0.139626
Assuming glut_med2_r pennation angle in radians: 0
Assuming glut_med3_r pennation angle in radians: 0.331613
Assuming glut_min1_r pennation angle in radians: 0.174533
Assuming glut_min2_r pennation angle in radians: 0
Assuming glut_min3_r pennation angle in radians: 0.0174533
Assuming semimem_r pennation angle in radians: 0.261799
Assuming semiten_r pennation angle in radians: 0.0872665
Assuming bifemlh_r pennation angle in radians: 0
Assuming bifemsh_r pennation angle in radians: 0.401426
Assuming sar_r pennation angle in radians: 0
Assuming add_long_r pennation angle in radians: 0.10472
Assuming add_brev_r pennation angle in radians: 0
Assuming add_mag1_r pennation angle in radians: 0.0872665
Assuming add_mag2_r pennation angle in radians: 0.0523599
Assuming add_mag3_r pennation angle in radians: 0.0872665
Assuming tfl_r pennation angle in radians: 0.0523599
Assuming pect_r pennation angle in radians: 0
Assuming grac_r pennation angle in radians: 0.0523599
Assuming glut_max1_r pennation angle in radians: 0.0872665
Assuming glut_max2_r pennation angle in radians: 0
Assuming glut_max3_r pennation angle in radians: 0.0872665
Assuming iliacus_r pennation angle in radians: 0.122173
Assuming psoas_r pennation angle in radians: 0.139626
Assuming quad_fem_r pennation angle in radians: 0
Assuming gem_r pennation angle in radians: 0
Assuming peri_r pennation angle in radians: 0.174533
Assuming rect_fem_r pennation angle in radians: 0.0872665
Assuming vas_med_r pennation angle in radians: 0.0872665
Assuming vas_int_r pennation angle in radians: 0.0523599
Assuming vas_lat_r pennation angle in radians: 0.0872665
Assuming med_gas_r pennation angle in radians: 0.296706
Assuming lat_gas_r pennation angle in radians: 0.139626
Assuming soleus_r pennation angle in radians: 0.436332
Assuming tib_post_r pennation angle in radians: 0.20944
Assuming flex_dig_r pennation angle in radians: 0.122173
Assuming flex_hal_r pennation angle in radians: 0.174533
Assuming tib_ant_r pennation angle in radians: 0.0872665
Assuming per_brev_r pennation angle in radians: 0.0872665
Assuming per_long_r pennation angle in radians: 0.174533
Assuming per_tert_r pennation angle in radians: 0.226893
Assuming ext_dig_r pennation angle in radians: 0.139626
Assuming ext_hal_r pennation angle in radians: 0.10472
Assuming glut_med1_l pennation angle in radians: 0.139626
Assuming glut_med2_l pennation angle in radians: 0
Assuming glut_med3_l pennation angle in radians: 0.331613
Assuming glut_min1_l pennation angle in radians: 0.174533
Assuming glut_min2_l pennation angle in radians: 0
Assuming glut_min3_l pennation angle in radians: 0.0174533
Assuming semimem_l pennation angle in radians: 0.261799
Assuming semiten_l pennation angle in radians: 0.0872665
Assuming bifemlh_l pennation angle in radians: 0
Assuming bifemsh_l pennation angle in radians: 0.401426
Assuming sar_l pennation angle in radians: 0
Assuming add_long_l pennation angle in radians: 0.10472
Assuming add_brev_l pennation angle in radians: 0
Assuming add_mag1_l pennation angle in radians: 0.0872665
Assuming add_mag2_l pennation angle in radians: 0.0523599
Assuming add_mag3_l pennation angle in radians: 0.0872665
Assuming tfl_l pennation angle in radians: 0.0523599
Assuming pect_l pennation angle in radians: 0
Assuming grac_l pennation angle in radians: 0.0523599
Assuming glut_max1_l pennation angle in radians: 0.0872665
Assuming glut_max2_l pennation angle in radians: 0
Assuming glut_max3_l pennation angle in radians: 0.0872665
Assuming iliacus_l pennation angle in radians: 0.122173
Assuming psoas_l pennation angle in radians: 0.139626
Assuming quad_fem_l pennation angle in radians: 0
Assuming gem_l pennation angle in radians: 0
Assuming peri_l pennation angle in radians: 0.174533
Assuming rect_fem_l pennation angle in radians: 0.0872665
Assuming vas_med_l pennation angle in radians: 0.0872665
Assuming vas_int_l pennation angle in radians: 0.0523599
Assuming vas_lat_l pennation angle in radians: 0.0872665
Assuming med_gas_l pennation angle in radians: 0.296706
Assuming lat_gas_l pennation angle in radians: 0.139626
Assuming soleus_l pennation angle in radians: 0.436332
Assuming tib_post_l pennation angle in radians: 0.20944
Assuming flex_dig_l pennation angle in radians: 0.122173
Assuming flex_hal_l pennation angle in radians: 0.174533
Assuming tib_ant_l pennation angle in radians: 0.0872665
Assuming per_brev_l pennation angle in radians: 0.0872665
Assuming per_long_l pennation angle in radians: 0.174533
Assuming per_tert_l pennation angle in radians: 0.226893
Assuming ext_dig_l pennation angle in radians: 0.139626
Assuming ext_hal_l pennation angle in radians: 0.10472
Assuming ercspn_r pennation angle in radians: 0
Assuming ercspn_l pennation angle in radians: 0
Assuming intobl_r pennation angle in radians: 0
Assuming intobl_l pennation angle in radians: 0
Assuming extobl_r pennation angle in radians: 0
Assuming extobl_l pennation angle in radians: 0
Found OpenSim model associated to the subject: c:\opensim_tutorial\tutorials\Cerebral_Palsy_Project\Simulations\TD006\TD006_v3.osim

EMG: Reading emg file...c:/opensim_tutorial/tutorials/Cerebral_Palsy_Project/Simulations/TD006/normal2_r1/ceinms/./../processed_emg_signals.mot
Muscle excitations to muscle mapping:
glut_med1_r -> glut_med1_r
glut_med2_r -> glut_med2_r
glut_med3_r -> glut_med3_r
glut_min1_r -> glut_min1_r
glut_min2_r -> glut_min2_r
glut_min3_r -> glut_min3_r
semimem_r -> semimem_r
semiten_r -> semiten_r
bifemlh_r -> bifemlh_r
bifemsh_r -> bifemsh_r
sar_r -> sar_r
add_long_r -> add_long_r
add_brev_r -> add_brev_r
add_mag1_r -> add_mag1_r
add_mag2_r -> add_mag2_r
add_mag3_r -> add_mag3_r
tfl_r -> tfl_r
pect_r -> pect_r
grac_r -> grac_r
glut_max1_r -> glut_max1_r
glut_max2_r -> glut_max2_r
glut_max3_r -> glut_max3_r
iliacus_r -> iliacus_r
psoas_r -> psoas_r
quad_fem_r -> quad_fem_r
gem_r -> gem_r
peri_r -> peri_r
rect_fem_r -> rect_fem_r
vas_med_r -> vas_med_r
vas_int_r -> vas_int_r
vas_lat_r -> vas_lat_r
med_gas_r -> med_gas_r
lat_gas_r -> lat_gas_r
soleus_r -> soleus_r
tib_post_r -> tib_post_r
flex_dig_r -> flex_dig_r
flex_hal_r -> flex_hal_r
tib_ant_r -> tib_ant_r
per_brev_r -> per_brev_r
per_long_r -> per_long_r
per_tert_r -> per_tert_r
ext_dig_r -> ext_dig_r
ext_hal_r -> ext_hal_r
glut_med1_l -> glut_med1_l
glut_med2_l -> glut_med2_l
glut_med3_l -> glut_med3_l
glut_min1_l -> glut_min1_l
glut_min2_l -> glut_min2_l
glut_min3_l -> glut_min3_l
semimem_l -> semimem_l
semiten_l -> semiten_l
bifemlh_l -> bifemlh_l
bifemsh_l -> bifemsh_l
sar_l -> sar_l
add_long_l -> add_long_l
add_brev_l -> add_brev_l
add_mag1_l -> add_mag1_l
add_mag2_l -> add_mag2_l
add_mag3_l -> add_mag3_l
tfl_l -> tfl_l
pect_l -> pect_l
grac_l -> grac_l
glut_max1_l -> glut_max1_l
glut_max2_l -> glut_max2_l
glut_max3_l -> glut_max3_l
iliacus_l -> iliacus_l
psoas_l -> psoas_l
quad_fem_l -> quad_fem_l
gem_l -> gem_l
peri_l -> peri_l
rect_fem_l -> rect_fem_l
vas_med_l -> vas_med_l
vas_int_l -> vas_int_l
vas_lat_l -> vas_lat_l
med_gas_l -> med_gas_l
lat_gas_l -> lat_gas_l
soleus_l -> soleus_l
tib_post_l -> tib_post_l
flex_dig_l -> flex_dig_l
flex_hal_l -> flex_hal_l
tib_ant_l -> tib_ant_l
per_brev_l -> per_brev_l
per_long_l -> per_long_l
per_tert_l -> per_tert_l
ext_dig_l -> ext_dig_l
ext_hal_l -> ext_hal_l
ercspn_r -> ercspn_r
ercspn_l -> ercspn_l
intobl_r -> intobl_r
intobl_l -> intobl_l
extobl_r -> extobl_r
extobl_l -> extobl_l
Using c:/opensim_tutorial/tutorials/Cerebral_Palsy_Project/Simulations/TD006/normal2_r1/ceinms/./execution/ as output directory
Joint moments
hip_flexion_r -> Tracking
knee_angle_r -> Tracking
ankle_angle_r -> Tracking
Muscle excitations
glut_med1_r ->  Adjusting
glut_med2_r ->  Adjusting
glut_med3_r ->  Adjusting
glut_min1_r ->  Adjusting
glut_min2_r ->  Adjusting
glut_min3_r ->  Adjusting
semimem_r ->  Adjusting
semiten_r ->  Adjusting
bifemlh_r ->  Adjusting
bifemsh_r ->  Adjusting
sar_r ->  Synthetising
add_long_r ->  Adjusting
add_brev_r ->  Adjusting
add_mag1_r ->  Synthetising
add_mag2_r ->  Synthetising
add_mag3_r ->  Synthetising
tfl_r ->  Synthetising
pect_r ->  Synthetising
grac_r ->  Adjusting
glut_max1_r ->  Adjusting
glut_max2_r ->  Adjusting
glut_max3_r ->  Adjusting
iliacus_r ->  Synthetising
psoas_r ->  Synthetising
quad_fem_r ->  Synthetising
gem_r ->  Synthetising
peri_r ->  Synthetising
rect_fem_r ->  Adjusting
vas_med_r ->  Adjusting
vas_int_r ->  Adjusting
vas_lat_r ->  Adjusting
med_gas_r ->  Adjusting
lat_gas_r ->  Adjusting
soleus_r ->  Adjusting
tib_post_r ->  Synthetising
flex_dig_r ->  Synthetising
flex_hal_r ->  Synthetising
tib_ant_r ->  Adjusting
per_brev_r ->  Synthetising
per_long_r ->  Synthetising
per_tert_r ->  Synthetising
ext_dig_r ->  Adjusting
ext_hal_r ->  Adjusting
glut_med1_l ->  Unchanged
glut_med2_l ->  Unchanged
glut_med3_l ->  Unchanged
glut_min1_l ->  Unchanged
glut_min2_l ->  Unchanged
glut_min3_l ->  Unchanged
semimem_l ->  Unchanged
semiten_l ->  Unchanged
bifemlh_l ->  Unchanged
bifemsh_l ->  Unchanged
sar_l ->  Unchanged
add_long_l ->  Unchanged
add_brev_l ->  Unchanged
add_mag1_l ->  Unchanged
add_mag2_l ->  Unchanged
add_mag3_l ->  Unchanged
tfl_l ->  Unchanged
pect_l ->  Unchanged
grac_l ->  Unchanged
glut_max1_l ->  Unchanged
glut_max2_l ->  Unchanged
glut_max3_l ->  Unchanged
iliacus_l ->  Unchanged
psoas_l ->  Unchanged
quad_fem_l ->  Unchanged
gem_l ->  Unchanged
peri_l ->  Unchanged
rect_fem_l ->  Unchanged
vas_med_l ->  Unchanged
vas_int_l ->  Unchanged
vas_lat_l ->  Unchanged
med_gas_l ->  Unchanged
lat_gas_l ->  Unchanged
soleus_l ->  Unchanged
tib_post_l ->  Unchanged
flex_dig_l ->  Unchanged
flex_hal_l ->  Unchanged
tib_ant_l ->  Unchanged
per_brev_l ->  Unchanged
per_long_l ->  Unchanged
per_tert_l ->  Unchanged
ext_dig_l ->  Unchanged
ext_hal_l ->  Unchanged
ercspn_r ->  Synthetising
ercspn_l ->  Unchanged
intobl_r ->  Synthetising
intobl_l ->  Unchanged
extobl_r ->  Synthetising
extobl_l ->  Unchanged
Using alpha = 1, beta = 5, gamma = 10
Using c:/opensim_tutorial\tutorials\Cerebral_Palsy_Project\Simulations\TD006\normal2_r1\ceinms\execution as output directory
starting consume

externalTorque DONE

EMG: EMG DONE


EmgTime: 1.34
Adjusted EMG
0.322547	0.35813	0.35813	0.314803	0.35813	0.35813	0.001	0.18808	0.160574	0.17842	0.001	0.285878	0.286931	0.001	0.001	0.001	0.001	0.000997281	0.001	0.35813	0.35813	0.35813	0.001	0.001	0.001	0.001	0.001	0.359051	0.500826	0.719874	0.786303	0.0938196	0.0938196	0.0938196	0.0216145	0.001	0.001	0.194844	0.0018229	0.0129414	0.001	0.201403	0.203577	0	0	0	0	0	0	0	0	0	0	0	0	0	0	0	0	0	0	0	0	0	0	0	0	0	0	0	0	0	0	0	0	0	0	0	0	0	0	0	0	0	0	0	0.001	0	0.001	0	0.001	0	
LmtTime: 1.34
Lmt
0.100521	0.111506	0.0957843	0.0659605	0.0674575	0.0718859	0.314494	0.348216	0.322241	0.168436	0.386685	0.139076	0.0933797	0.0863584	0.1502	0.272184	0.380021	0.0636351	0.311275	0.170586	0.180208	0.205089	0.13633	0.177811	0.0517535	0.0472312	0.108835	0.297249	0.141513	0.149315	0.16178	0.310962	0.308034	0.213041	0.246371	0.314523	0.307769	0.208181	0.152985	0.282449	0.1292	0.311169	0.289571	0.0897499	0.0936944	0.0751904	0.0610569	0.0593943	0.0603142	0.284888	0.314754	0.288841	0.167439	0.412648	0.165554	0.104333	0.0886958	0.142261	0.245791	0.395894	0.0801405	0.309641	0.14288	0.14933	0.17016	0.159059	0.2	0.0505667	0.0453443	0.0976112	0.320468	0.141655	0.149357	0.161865	0.322006	0.319229	0.222747	0.251057	0.31868	0.312226	0.204167	0.155584	0.286084	0.127078	0.308928	0.286514	0.0938006	0.094939	0.158741	0.171935	0.218651	0.223861	
MomentArms on: hip_flexion_r
-0.00681237	0.0120245	0.00084379	0.0046274	-0.0314681	0.032751	0.0127666	0.0325931	0.0406431	0.0591593	0.0491012	
MomentArms on: knee_angle_r
-0.0226445	-0.0212447	-0.0225632	-0.0148252	-0.0146138	-0.00616447	-0.0253668	-0.0309324	0.0335337	0.0301689	0.0307374	0.0298486	
MomentArms on: ankle_angle_r
0.0187167	0.0208557	0.0134595	0.0248679	-0.0139072	-0.0158769	-0.0459914	-0.0450113	-0.00734277	-0.00828197	-0.0426211	-0.0139154	
External Torques: 0.044837 8.71354 -1.01108 
Current Torque on hip_flexion_r 0.671902
Current Torque on knee_angle_r 0.824643
Current Torque on ankle_angle_r -1.00602

----------------------------------------


EmgTime: 1.35
Adjusted EMG
0.368723	0.371899	0.371899	0.350066	0.371899	0.371899	0.0866643	0.199774	0.22202	0.181373	0.001	0.270127	0.270127	0.001	0.001	0.001	0.001	0.000997281	0.00546486	0.371899	0.371899	0.371899	0.001	0.001	0.001	0.001	0.001	0.335914	0.44586	0.664091	0.807265	0.106717	0.106717	0.106717	0.00691755	0.001	0.001	0.143034	0.00204408	0.00592249	0.001	0.146074	0.147027	0	0	0	0	0	0	0	0	0	0	0	0	0	0	0	0	0	0	0	0	0	0	0	0	0	0	0	0	0	0	0	0	0	0	0	0	0	0	0	0	0	0	0	0.001	0	0.001	0	0.001	0	
LmtTime: 1.35
Lmt
0.100096	0.111443	0.0960452	0.0655948	0.0672709	0.0719083	0.313833	0.347333	0.321613	0.168426	0.387784	0.138452	0.0926831	0.085628	0.149271	0.271219	0.38047	0.0634068	0.310475	0.170604	0.18015	0.204481	0.136591	0.178114	0.0521773	0.047842	0.109228	0.297869	0.141528	0.14933	0.161795	0.3112	0.308276	0.21327	0.246446	0.314597	0.307856	0.208029	0.153026	0.282497	0.129119	0.311056	0.289445	0.089812	0.0942734	0.0760511	0.0608273	0.0593813	0.0605927	0.284633	0.314445	0.289021	0.166113	0.411019	0.164941	0.104418	0.0891042	0.143026	0.247176	0.395234	0.0797537	0.308716	0.144232	0.151003	0.172631	0.158042	0.199015	0.0509384	0.0456364	0.0981082	0.321451	0.143553	0.151269	0.163825	0.318286	0.315458	0.220224	0.250201	0.317841	0.31122	0.20619	0.15509	0.285489	0.128158	0.310415	0.288204	0.0932097	0.0945529	0.159081	0.172425	0.218763	0.224343	
MomentArms on: hip_flexion_r
-0.00649704	0.0124527	0.00029944	0.00419024	-0.0311374	0.0326137	0.0129314	0.0324385	0.0407375	0.0591471	0.0485397	
MomentArms on: knee_angle_r
-0.0226712	-0.0211999	-0.0224242	-0.0149512	-0.0147431	-0.00606905	-0.0249321	-0.0308663	0.0336292	0.0302555	0.0308716	0.0299579	
MomentArms on: ankle_angle_r
0.0187579	0.0209075	0.0134936	0.0249335	-0.0138614	-0.0158394	-0.0458752	-0.0449045	-0.00733485	-0.00828478	-0.0424803	-0.0138745	
External Torques: 0.149027 9.83723 -1.59462 
Current Torque on hip_flexion_r 0.767992
Current Torque on knee_angle_r 2.17312
Current Torque on ankle_angle_r -1.59023

----------------------------------------


EmgTime: 1.36
Adjusted EMG
0.377369	0.377069	0.377069	0.374518	0.377069	0.377069	0.174371	0.213636	0.214413	0.2117	0.001	0.248999	0.249061	0.001	0.001	0.001	0.001	0.000997281	0.142555	0.377069	0.377069	0.377069	0.001	0.001	0.001	0.001	0.001	0.304067	0.305569	0.334482	0.363429	0.123289	0.123288	0.123289	0.001	0.001	0.001	0.115706	0.001	0.001	0.001	0.101847	0.0979785	0	0	0	0	0	0	0	0	0	0	0	0	0	0	0	0	0	0	0	0	0	0	0	0	0	0	0	0	0	0	0	0	0	0	0	0	0	0	0	0	0	0	0	0.001	0	0.001	0	0.001	0	
LmtTime: 1.36
Lmt
0.0997164	0.111394	0.0962974	0.0652732	0.0671156	0.0719435	0.31319	0.346477	0.320993	0.168423	0.388848	0.137874	0.0920101	0.0849071	0.148365	0.270277	0.380938	0.0631936	0.309721	0.170624	0.180089	0.203869	0.136871	0.178433	0.052555	0.0484048	0.109599	0.29847	0.141532	0.149334	0.161799	0.311456	0.308538	0.21351	0.246526	0.314676	0.307948	0.207869	0.15307	0.282548	0.129032	0.310937	0.28931	0.0898637	0.0948421	0.0769044	0.0605865	0.0593551	0.0608567	0.28442	0.314173	0.289269	0.164769	0.409285	0.164297	0.104495	0.0895399	0.143833	0.24862	0.394509	0.0793456	0.307764	0.145582	0.152685	0.175114	0.156993	0.197997	0.0513461	0.0459264	0.098594	0.322353	0.145418	0.153157	0.165744	0.31458	0.311695	0.21765	0.249338	0.31699	0.310212	0.2081	0.1546	0.284909	0.129183	0.311826	0.289797	0.0926391	0.0941768	0.15941	0.172894	0.218872	0.224797	
MomentArms on: hip_flexion_r
-0.00615288	0.0129162	-0.00029144	0.00371711	-0.0307643	0.032458	0.0131119	0.0322673	0.0408249	0.0591066	0.0479134	
MomentArms on: knee_angle_r
-0.0226966	-0.0211505	-0.0222714	-0.0150907	-0.0148862	-0.00596795	-0.0249744	-0.0307904	0.0337308	0.0303494	0.0310177	0.0300767	
MomentArms on: ankle_angle_r
0.0188065	0.0209687	0.0135337	0.0250109	-0.0138067	-0.0157945	-0.0457346	-0.0447749	-0.00732513	-0.00828768	-0.0423116	-0.0138256	
External Torques: -0.0201746 10.6407 -2.22725 
Current Torque on hip_flexion_r 0.068921
Current Torque on knee_angle_r 9.82212
Current Torque on ankle_angle_r -2.24948

----------------------------------------


EmgTime: 1.37
Adjusted EMG
0.376733	0.37359	0.37359	0.364228	0.37359	0.37359	0.414893	0.207191	0.210212	0.223607	0.202322	0.224553	0.224914	0.001	0.001	0.001	0.001	0.000997281	0.658193	0.37359	0.37359	0.37359	0.001	0.001	0.001	0.001	0.001	0.266569	0.25491	0.0226932	0.001	0.143195	0.143195	0.143195	0.001	0.001	0.001	0.104334	0.001	0.001	0.00141435	0.0722414	0.0590671	0	0	0	0	0	0	0	0	0	0	0	0	0	0	0	0	0	0	0	0	0	0	0	0	0	0	0	0	0	0	0	0	0	0	0	0	0	0	0	0	0	0	0	0.001	0	0.001	0	0.001	0	
LmtTime: 1.37
Lmt
0.0993995	0.111353	0.0965129	0.0650143	0.0669989	0.0719848	0.312577	0.345666	0.320389	0.168437	0.389862	0.137384	0.0913954	0.0842189	0.147507	0.269375	0.381428	0.0630185	0.30904	0.170624	0.179999	0.203249	0.137175	0.178769	0.0528526	0.0488867	0.109923	0.299035	0.141512	0.149314	0.161779	0.311749	0.308836	0.213773	0.246612	0.314762	0.308048	0.207693	0.153118	0.282603	0.128937	0.310805	0.289163	0.0899354	0.095432	0.0777769	0.0603563	0.0593386	0.0611287	0.284264	0.313969	0.289614	0.163407	0.407421	0.163577	0.104538	0.0899765	0.144668	0.250139	0.39371	0.0788919	0.306765	0.146966	0.154408	0.177628	0.155885	0.196922	0.0517671	0.0462043	0.0990794	0.323154	0.147252	0.155021	0.167625	0.311021	0.308074	0.215154	0.248508	0.316168	0.309249	0.209824	0.154138	0.284369	0.130112	0.313106	0.291235	0.0921096	0.0938198	0.159723	0.173325	0.218978	0.225207	
MomentArms on: hip_flexion_r
-0.00579154	0.0134007	-0.00090413	0.00322908	-0.0303575	0.0329605	0.0133025	0.0335027	0.0408994	0.0590318	0.0472449	
MomentArms on: knee_angle_r
-0.0227191	-0.0210983	-0.0221097	-0.0152383	-0.0150377	-0.00586524	-0.0250143	-0.0307068	0.0338342	0.0304468	0.03117	0.0302004	
MomentArms on: ankle_angle_r
0.0188617	0.0210384	0.0135791	0.0250989	-0.0137437	-0.0157425	-0.0455704	-0.0446232	-0.00731358	-0.00829042	-0.0421164	-0.0137693	
External Torques: -0.306017 11.1146 -2.87395 
Current Torque on hip_flexion_r 0.0358697
Current Torque on knee_angle_r 15.8572
Current Torque on ankle_angle_r -2.93586

----------------------------------------


EmgTime: 1.38
Adjusted EMG
0.369129	0.36217	0.36217	0.35159	0.36217	0.36217	0.425938	0.191263	0.195566	0.207447	0.16198	0.198901	0.199344	0.001	0.001	0.001	0.001	0.000997281	0.677473	0.36217	0.36217	0.36217	0.001	0.001	0.001	0.001	0.001	0.226761	0.209629	0.001	0.001	0.16579	0.16579	0.16579	0.001	0.001	0.001	0.0928243	0.001	0.001	0.00169821	0.0522541	0.0315141	0	0	0	0	0	0	0	0	0	0	0	0	0	0	0	0	0	0	0	0	0	0	0	0	0	0	0	0	0	0	0	0	0	0	0	0	0	0	0	0	0	0	0	0.001	0	0.001	0	0.001	0	
LmtTime: 1.38
Lmt
0.0991546	0.11131	0.0966667	0.0648286	0.0669219	0.0720238	0.312005	0.344915	0.319804	0.168472	0.390815	0.13702	0.0908708	0.0835863	0.146716	0.268526	0.381935	0.062903	0.308456	0.17058	0.179859	0.202615	0.137506	0.179126	0.0530476	0.0492647	0.110176	0.299551	0.14146	0.149261	0.161725	0.312091	0.309184	0.214065	0.246709	0.314858	0.30816	0.207495	0.153171	0.282665	0.128831	0.310658	0.288998	0.0900518	0.0960688	0.0786905	0.0601556	0.0593514	0.0614278	0.284193	0.313861	0.290082	0.162032	0.405409	0.162745	0.104523	0.0903934	0.145517	0.251743	0.392828	0.0783725	0.305708	0.148411	0.156198	0.180185	0.154701	0.195771	0.052185	0.0464625	0.0995742	0.323834	0.149053	0.156859	0.169466	0.307739	0.30473	0.212868	0.247752	0.315417	0.308378	0.21131	0.153724	0.283891	0.130914	0.314213	0.292475	0.0916382	0.0934878	0.160021	0.173698	0.219086	0.225559	
MomentArms on: hip_flexion_r
-0.00542567	0.0138923	-0.00151027	0.00275068	-0.029927	0.0329636	0.013498	0.0334345	0.0409568	0.0589185	0.0465624	
MomentArms on: knee_angle_r
-0.0227375	-0.021045	-0.0219442	-0.0153879	-0.0151912	-0.00576474	-0.0250497	-0.0306184	0.033929	0.0305384	0.0313159	0.0303184	
MomentArms on: ankle_angle_r
0.0189222	0.0211151	0.0136286	0.0251956	-0.0136734	-0.0156842	-0.0453847	-0.0444513	-0.00730029	-0.00829275	-0.0418977	-0.0137063	
External Torques: -0.55897 11.2808 -3.50184 
Current Torque on hip_flexion_r -0.1392
Current Torque on knee_angle_r 16.5267
Current Torque on ankle_angle_r -3.58764

----------------------------------------


EmgTime: 1.39
Adjusted EMG
0.349803	0.344227	0.344227	0.339407	0.344227	0.344227	0.353701	0.168254	0.170524	0.178157	0.186911	0.174161	0.174374	0.001	0.001	0.001	0.001	0.000997281	0.526508	0.344227	0.344227	0.344227	0.001	0.001	0.001	0.001	0.001	0.187846	0.175424	0.0297185	0.0537248	0.189982	0.189981	0.189981	0.001	0.001	0.001	0.0800515	0.001	0.001	0.00185381	0.0372653	0.0152716	0	0	0	0	0	0	0	0	0	0	0	0	0	0	0	0	0	0	0	0	0	0	0	0	0	0	0	0	0	0	0	0	0	0	0	0	0	0	0	0	0	0	0	0.001	0	0.001	0	0.001	0	
LmtTime: 1.39
Lmt
0.0989809	0.111255	0.0967387	0.0647169	0.06688	0.0720507	0.311481	0.344232	0.319242	0.168535	0.391702	0.136811	0.0904625	0.08303	0.146009	0.267738	0.382454	0.0628647	0.307984	0.170473	0.17965	0.201964	0.137866	0.179503	0.0531301	0.0495268	0.110345	0.300007	0.141367	0.149168	0.161628	0.312488	0.309588	0.214388	0.246816	0.314963	0.308283	0.207275	0.15323	0.282734	0.128712	0.310494	0.288813	0.090232	0.0967713	0.0796614	0.0600003	0.0594095	0.0617687	0.284231	0.31388	0.290698	0.160656	0.403242	0.161776	0.104433	0.0907751	0.146371	0.253434	0.391857	0.0777725	0.304596	0.149933	0.158064	0.182784	0.153428	0.194531	0.0525883	0.0466962	0.100087	0.324368	0.150808	0.158657	0.171252	0.304563	0.301751	0.210909	0.247108	0.314775	0.307638	0.212519	0.153376	0.283494	0.131569	0.315117	0.293484	0.0912371	0.0931832	0.160313	0.173996	0.219203	0.225844	
MomentArms on: hip_flexion_r
-0.00506748	0.0143795	-0.00208015	0.00230813	-0.0294827	0.0329638	0.0136942	0.0333651	0.0409954	0.0587646	0.0458974	
MomentArms on: knee_angle_r
-0.0227501	-0.0209918	-0.0217797	-0.0155323	-0.0153394	-0.00566913	-0.0250785	-0.0305279	0.0340026	0.0306125	0.0314391	0.0304179	
MomentArms on: ankle_angle_r
0.0189864	0.021197	0.013681	0.0252983	-0.0135975	-0.0156208	-0.045181	-0.0442623	-0.00728543	-0.00829443	-0.0416602	-0.0136381	
External Torques: -0.692074 11.1716 -4.09333 
Current Torque on hip_flexion_r -0.479931
Current Torque on knee_angle_r 14.6362
Current Torque on ankle_angle_r -4.1821

----------------------------------------


EmgTime: 1.4
Adjusted EMG
0.326588	0.321786	0.321786	0.31922	0.321786	0.321786	0.280047	0.144515	0.145345	0.15071	0.121077	0.151857	0.151986	0.001	0.001	0.001	0.001	0.000997281	0.398879	0.321786	0.321786	0.321786	0.001	0.001	0.001	0.001	0.001	0.152577	0.145109	0.0727502	0.0968729	0.214447	0.214446	0.214447	0.001	0.001	0.001	0.066801	0.001	0.001	0.00171822	0.0277613	0.00930722	0	0	0	0	0	0	0	0	0	0	0	0	0	0	0	0	0	0	0	0	0	0	0	0	0	0	0	0	0	0	0	0	0	0	0	0	0	0	0	0	0	0	0	0.001	0	0.001	0	0.001	0	
LmtTime: 1.4
Lmt
0.0988684	0.111175	0.0967151	0.0646709	0.0668632	0.072055	0.311006	0.343624	0.318706	0.168628	0.392525	0.136774	0.0901893	0.0825673	0.145396	0.267013	0.382974	0.0629162	0.307635	0.170288	0.17936	0.201297	0.138255	0.1799	0.0531036	0.0496716	0.110418	0.300398	0.141228	0.149029	0.161485	0.312941	0.310048	0.21474	0.246932	0.315079	0.308418	0.207033	0.153294	0.28281	0.128582	0.310314	0.288611	0.0904886	0.0975507	0.0806991	0.059903	0.0595251	0.0621622	0.284403	0.314051	0.291477	0.159302	0.400929	0.160653	0.104254	0.0911107	0.14722	0.255207	0.390803	0.0770826	0.303444	0.151534	0.160004	0.185412	0.152063	0.1932	0.0529698	0.0469026	0.100622	0.324731	0.152496	0.160392	0.172963	0.302133	0.29927	0.209371	0.246603	0.314271	0.307061	0.213431	0.153107	0.283189	0.132062	0.3158	0.294246	0.0909133	0.0929042	0.160614	0.174201	0.219338	0.226054	
MomentArms on: hip_flexion_r
-0.00472775	0.0148542	-0.00258481	0.00192755	-0.0290329	0.0329696	0.0138875	0.0333041	0.0410151	0.0585688	0.0452827	
MomentArms on: knee_angle_r
-0.0227572	-0.0209411	-0.0216209	-0.0156656	-0.0154764	-0.00558156	-0.0251006	-0.0304395	0.0340564	0.03067	0.031539	0.0304986	
MomentArms on: ankle_angle_r
0.0190524	0.0212816	0.0137346	0.0254042	-0.0135178	-0.0155539	-0.044964	-0.0440606	-0.0072693	-0.00829527	-0.0414096	-0.0135664	
External Torques: -0.683057 10.8222 -4.64953 
Current Torque on hip_flexion_r -0.557734
Current Torque on knee_angle_r 12.9489
Current Torque on ankle_angle_r -4.72453

----------------------------------------


EmgTime: 1.41
Adjusted EMG
0.301886	0.297421	0.297421	0.295831	0.297421	0.297421	0.22654	0.123099	0.123328	0.127966	0.107936	0.133202	0.133294	0.001	0.001	0.001	0.001	0.000997281	0.339345	0.297421	0.297421	0.297421	0.001	0.001	0.001	0.001	0.001	0.122899	0.117343	0.0709218	0.0945664	0.23767	0.23767	0.237671	0.001	0.001	0.001	0.0530629	0.001	0.001	0.00104508	0.024069	0.0117333	0	0	0	0	0	0	0	0	0	0	0	0	0	0	0	0	0	0	0	0	0	0	0	0	0	0	0	0	0	0	0	0	0	0	0	0	0	0	0	0	0	0	0	0.001	0	0.001	0	0.001	0	
LmtTime: 1.41
Lmt
0.0987997	0.111059	0.0965881	0.0646755	0.066858	0.0720263	0.310582	0.343089	0.318197	0.168755	0.393289	0.136919	0.0900616	0.0822106	0.144885	0.26635	0.383484	0.0630645	0.307413	0.170015	0.178985	0.200617	0.138671	0.180316	0.0529829	0.0497077	0.110396	0.300721	0.141041	0.148841	0.161291	0.313443	0.310558	0.215114	0.247056	0.315201	0.308562	0.206773	0.153363	0.28289	0.128442	0.310121	0.288393	0.0908282	0.0984115	0.0818065	0.0598731	0.0597065	0.0626149	0.284726	0.314398	0.292427	0.157995	0.398489	0.159374	0.103979	0.0913921	0.148057	0.257049	0.389675	0.0762995	0.302278	0.15321	0.162005	0.188044	0.15061	0.191782	0.0533254	0.0470815	0.101186	0.324903	0.15409	0.162039	0.174571	0.300237	0.297342	0.208315	0.246257	0.313924	0.306666	0.214039	0.152924	0.282984	0.132392	0.316257	0.294755	0.0906687	0.0926455	0.160941	0.174298	0.219504	0.226183	
MomentArms on: hip_flexion_r
-0.00441522	0.0153115	-0.00299768	0.00163349	-0.0285836	0.0329886	0.0140757	0.0332592	0.0410176	0.0583304	0.0447492	
MomentArms on: knee_angle_r
-0.0227597	-0.0208948	-0.0214719	-0.0157835	-0.0155976	-0.00550461	-0.0251169	-0.0303576	0.0340937	0.0307132	0.031617	0.030562	
MomentArms on: ankle_angle_r
0.0191184	0.0213667	0.0137879	0.0255103	-0.0134365	-0.0154853	-0.0447398	-0.0438517	-0.00725232	-0.00829518	-0.0411528	-0.0134931	
External Torques: -0.548833 10.2716 -5.1821 
Current Torque on hip_flexion_r -0.462561
Current Torque on knee_angle_r 11.9022
Current Torque on ankle_angle_r -5.23251

----------------------------------------


EmgTime: 1.42
Adjusted EMG
0.278242	0.274046	0.274046	0.272944	0.274046	0.274046	0.186312	0.105542	0.105418	0.109909	0.114149	0.118916	0.118988	0.001	0.001	0.001	0.001	0.000997281	0.31642	0.274046	0.274046	0.274046	0.001	0.001	0.001	0.001	0.001	0.0998518	0.094968	0.061407	0.0998522	0.258113	0.258111	0.257312	0.001	0.001	0.001	0.10587	0.001	0.001	0.00365931	0.0526429	0.0203148	0	0	0	0	0	0	0	0	0	0	0	0	0	0	0	0	0	0	0	0	0	0	0	0	0	0	0	0	0	0	0	0	0	0	0	0	0	0	0	0	0	0	0	0.001	0	0.001	0	0.001	0	
LmtTime: 1.42
Lmt
0.0987532	0.110895	0.0963567	0.0647108	0.0668487	0.0719554	0.310203	0.342624	0.317714	0.168914	0.394001	0.137245	0.0900818	0.0819675	0.144475	0.265743	0.383975	0.0633109	0.307362	0.169653	0.178524	0.199927	0.139114	0.180752	0.0527911	0.0496508	0.110281	0.30098	0.140804	0.148604	0.161045	0.313987	0.311111	0.215501	0.247185	0.315328	0.308711	0.206502	0.153435	0.282974	0.128296	0.309919	0.288166	0.0912519	0.0993515	0.0829806	0.0599163	0.0599582	0.0631296	0.285214	0.314936	0.293545	0.156765	0.395959	0.157944	0.103606	0.0916146	0.148871	0.258937	0.38849	0.0754258	0.301132	0.154945	0.164046	0.190651	0.149081	0.190288	0.0536529	0.0472347	0.10178	0.32487	0.155565	0.163567	0.17605	0.298915	0.296006	0.207763	0.246076	0.313744	0.306461	0.214351	0.15283	0.282878	0.132561	0.316492	0.295016	0.0905006	0.0924002	0.161318	0.174274	0.219713	0.22623	
MomentArms on: hip_flexion_r
-0.00413621	0.0157495	-0.00329599	0.00144741	-0.0281374	0.033026	0.0142572	0.0332351	0.0410045	0.0580485	0.0443235	
MomentArms on: knee_angle_r
-0.0227589	-0.0208549	-0.0213352	-0.0158827	-0.0156998	-0.00544004	-0.0251285	-0.0302857	0.0341182	0.0307448	0.0316758	0.0306104	
MomentArms on: ankle_angle_r
0.0191825	0.0214497	0.0138393	0.0256133	-0.013356	-0.015417	-0.0445147	-0.0436416	-0.00723498	-0.0082942	-0.0408972	-0.0134204	
External Torques: -0.332961 9.55894 -5.70347 
Current Torque on hip_flexion_r -0.267816
Current Torque on knee_angle_r 11.018
Current Torque on ankle_angle_r -5.8809

----------------------------------------


EmgTime: 1.43
Adjusted EMG
0.259524	0.254676	0.254676	0.253573	0.254676	0.254676	0.158157	0.0937714	0.0933255	0.0980417	0.106963	0.10927	0.109347	0.001	0.001	0.001	0.001	0.000997281	0.309528	0.254676	0.254676	0.254676	0.001	0.001	0.001	0.001	0.001	0.0836482	0.0789168	0.0546327	0.0836541	0.274385	0.274385	0.273496	0.001	0.001	0.001	0.101467	0.001	0.001	0.00265195	0.0558672	0.032344	0	0	0	0	0	0	0	0	0	0	0	0	0	0	0	0	0	0	0	0	0	0	0	0	0	0	0	0	0	0	0	0	0	0	0	0	0	0	0	0	0	0	0	0.001	0	0.001	0	0.001	0	
LmtTime: 1.43
Lmt
0.098706	0.110675	0.0960251	0.0647554	0.0668203	0.0718353	0.309865	0.34222	0.317254	0.169105	0.394675	0.137744	0.0902442	0.0818397	0.144164	0.265183	0.384437	0.0636519	0.307378	0.169203	0.177985	0.199234	0.139584	0.181208	0.0525557	0.0495219	0.110082	0.301182	0.140519	0.148318	0.16075	0.31456	0.311693	0.215891	0.247314	0.315456	0.308862	0.206225	0.153507	0.283059	0.128148	0.309713	0.287935	0.0917553	0.100362	0.084213	0.0600341	0.0602807	0.0637048	0.285871	0.315669	0.29482	0.15564	0.39338	0.156381	0.103137	0.0917758	0.149653	0.260846	0.387267	0.074469	0.300044	0.156718	0.166102	0.193199	0.147495	0.188735	0.0539518	0.0473658	0.102404	0.324626	0.156894	0.16495	0.177376	0.298168	0.295265	0.207702	0.246056	0.313723	0.306438	0.214386	0.152819	0.282866	0.132579	0.316518	0.295045	0.0904031	0.0921602	0.161763	0.174122	0.219974	0.226192	
MomentArms on: hip_flexion_r
-0.00389447	0.0161685	-0.00346188	0.00138636	-0.0276941	0.0330838	0.0144311	0.0332329	0.0409775	0.0577216	0.0440248	
MomentArms on: knee_angle_r
-0.0227558	-0.0208224	-0.021212	-0.0159619	-0.0157814	-0.00538877	-0.0251367	-0.0302264	0.0341335	0.0307672	0.0317185	0.0306458	
MomentArms on: ankle_angle_r
0.0192428	0.0215284	0.0138876	0.0257106	-0.0132785	-0.0153509	-0.0442955	-0.0434365	-0.00721782	-0.00829242	-0.0406502	-0.0133504	
External Torques: -0.0929161 8.72004 -6.2215 
Current Torque on hip_flexion_r -0.0258173
Current Torque on knee_angle_r 10.1487
Current Torque on ankle_angle_r -6.35007

----------------------------------------


EmgTime: 1.44
Adjusted EMG
0.246488	0.24213	0.24213	0.241106	0.24213	0.24213	0.136722	0.0893154	0.0885904	0.0933018	0.104206	0.104141	0.104213	0.001	0.001	0.001	0.001	0.000997281	0.297801	0.24213	0.24213	0.24213	0.001	0.001	0.001	0.001	0.001	0.0737748	0.0694294	0.0554717	0.0737748	0.285393	0.285393	0.285333	0.001	0.001	0.001	0.0524483	0.001	0.001	0.001	0.0471674	0.0456017	0	0	0	0	0	0	0	0	0	0	0	0	0	0	0	0	0	0	0	0	0	0	0	0	0	0	0	0	0	0	0	0	0	0	0	0	0	0	0	0	0	0	0	0.001	0	0.001	0	0.001	0	
LmtTime: 1.44
Lmt
0.0986369	0.110393	0.0956022	0.0647892	0.0667597	0.0716619	0.309559	0.341866	0.316815	0.169325	0.395321	0.138402	0.0905369	0.0818233	0.143943	0.264658	0.384862	0.0640797	0.307506	0.168672	0.177376	0.198541	0.140081	0.181686	0.0523049	0.0493438	0.109812	0.301335	0.140188	0.147987	0.160408	0.315151	0.312292	0.216273	0.247441	0.315582	0.30901	0.205951	0.153578	0.283143	0.128	0.30951	0.287705	0.0923289	0.101431	0.0854902	0.0602234	0.0606698	0.0643349	0.286694	0.316596	0.296232	0.154644	0.390803	0.154708	0.10258	0.0918763	0.150397	0.262746	0.386028	0.0734409	0.29905	0.158505	0.168142	0.195653	0.145873	0.187146	0.054223	0.0474795	0.103055	0.324173	0.158057	0.166165	0.178531	0.297965	0.295081	0.208083	0.246181	0.313848	0.30658	0.214171	0.152884	0.282939	0.132463	0.316356	0.294865	0.090368	0.0919186	0.16229	0.173837	0.220294	0.226073	
MomentArms on: hip_flexion_r
-0.00369117	0.0165703	-0.00348355	0.0014616	-0.0272513	0.0331603	0.0145971	0.0332496	0.0409368	0.0573483	0.0438627	
MomentArms on: knee_angle_r
-0.0227514	-0.0207979	-0.0211018	-0.016021	-0.0158425	-0.00535081	-0.0251426	-0.030181	0.0341426	0.0307823	0.0317478	0.0306706	
MomentArms on: ankle_angle_r
0.0192982	0.0216011	0.0139316	0.0258002	-0.013206	-0.0152887	-0.0440879	-0.043242	-0.00720135	-0.00829005	-0.040418	-0.0132847	
External Torques: 0.121665 7.79037 -6.73698 
Current Torque on hip_flexion_r 0.181428
Current Torque on knee_angle_r 9.11971
Current Torque on ankle_angle_r -6.74453

----------------------------------------


EmgTime: 1.45
Adjusted EMG
0.242901	0.238714	0.238714	0.237499	0.238714	0.238714	0.128553	0.0936429	0.0926508	0.0974775	0.0909625	0.103047	0.103127	0.001	0.001	0.001	0.001	0.000997281	0.294442	0.238714	0.238714	0.238714	0.001	0.001	0.001	0.001	0.001	0.0692006	0.0651169	0.0691993	0.0691959	0.290468	0.290468	0.290277	0.001	0.001	0.001	0.0729528	0.001	0.001	0.001	0.0623177	0.0583358	0	0	0	0	0	0	0	0	0	0	0	0	0	0	0	0	0	0	0	0	0	0	0	0	0	0	0	0	0	0	0	0	0	0	0	0	0	0	0	0	0	0	0	0.001	0	0.001	0	0.001	0	
LmtTime: 1.45
Lmt
0.0985291	0.110046	0.0951001	0.0647959	0.0666575	0.0714343	0.309275	0.34155	0.316389	0.169572	0.395954	0.139198	0.0909427	0.0819092	0.143801	0.264157	0.385247	0.0645835	0.307733	0.168069	0.176707	0.19785	0.140605	0.182187	0.0520641	0.0491393	0.109483	0.301449	0.139817	0.147615	0.160023	0.315747	0.312897	0.216639	0.247563	0.315702	0.309152	0.205686	0.153646	0.283224	0.127858	0.309313	0.287483	0.0929588	0.102538	0.0867949	0.0604769	0.0611171	0.0650104	0.287674	0.317706	0.297756	0.153797	0.388277	0.152954	0.101947	0.0919202	0.151096	0.264609	0.384791	0.0723573	0.298187	0.16028	0.17014	0.197986	0.14424	0.185544	0.0544688	0.0475816	0.103728	0.323524	0.15904	0.167193	0.179501	0.298241	0.295386	0.208833	0.246426	0.314094	0.306859	0.213742	0.153014	0.283084	0.132231	0.316034	0.294507	0.0903858	0.0916707	0.162906	0.173422	0.220673	0.225875	
MomentArms on: hip_flexion_r
-0.00352487	0.0169575	-0.00335649	0.00167718	-0.0268053	0.0332505	0.0147554	0.0332791	0.0408819	0.0569277	0.043835	
MomentArms on: knee_angle_r
-0.0227462	-0.0207814	-0.0210032	-0.0160613	-0.0158843	-0.00532535	-0.0251471	-0.0301488	0.0341472	0.0307919	0.0317665	0.0306864	
MomentArms on: ankle_angle_r
0.019348	0.0216667	0.0139709	0.0258808	-0.0131397	-0.0152317	-0.0438961	-0.0430621	-0.00718596	-0.00828729	-0.0402049	-0.0132246	
External Torques: 0.275648 6.80341 -7.24702 
Current Torque on hip_flexion_r 0.33945
Current Torque on knee_angle_r 8.07361
Current Torque on ankle_angle_r -7.26857

----------------------------------------


EmgTime: 1.46
Adjusted EMG
0.249696	0.245888	0.245888	0.24432	0.245888	0.245888	0.133723	0.107304	0.106035	0.111093	0.0774357	0.105239	0.105333	0.001	0.001	0.001	0.001	0.000997281	0.29666	0.245888	0.245888	0.245888	0.001	0.001	0.001	0.001	0.001	0.0686045	0.0646916	0.0686045	0.0686113	0.289465	0.28979	0.289393	0.001	0.001	0.001	0.0737887	0.001	0.001	0.001	0.0703151	0.0690653	0	0	0	0	0	0	0	0	0	0	0	0	0	0	0	0	0	0	0	0	0	0	0	0	0	0	0	0	0	0	0	0	0	0	0	0	0	0	0	0	0	0	0	0.001	0	0.001	0	0.001	0	
LmtTime: 1.46
Lmt
0.0983713	0.109638	0.0945333	0.0647645	0.0665092	0.0711554	0.309004	0.341257	0.315972	0.169842	0.396587	0.140108	0.0914406	0.0820831	0.143724	0.263667	0.385593	0.06515	0.308043	0.167405	0.175987	0.197158	0.141156	0.182713	0.0518531	0.0489282	0.109111	0.301535	0.139409	0.147208	0.159601	0.316339	0.313497	0.216981	0.247678	0.315815	0.309285	0.205436	0.153711	0.2833	0.127724	0.309127	0.287273	0.0936275	0.103664	0.0881067	0.0607826	0.0616098	0.065718	0.288795	0.318983	0.299364	0.153111	0.385848	0.151155	0.101253	0.091915	0.151748	0.266409	0.383572	0.071237	0.297484	0.162016	0.172069	0.200175	0.14262	0.183953	0.0546932	0.0476777	0.104416	0.322692	0.159831	0.168022	0.180279	0.29891	0.296091	0.209863	0.246764	0.314432	0.307245	0.213143	0.153193	0.283286	0.131906	0.315584	0.294005	0.0904464	0.0914154	0.163608	0.172889	0.221106	0.225606	
MomentArms on: hip_flexion_r
-0.00339163	0.0173331	-0.0030849	0.00202842	-0.0263524	0.0333466	0.0149072	0.0333124	0.0408112	0.0564607	0.0439273	
MomentArms on: knee_angle_r
-0.0227404	-0.0207719	-0.0209139	-0.0160852	-0.0159092	-0.00531084	-0.0251507	-0.0301281	0.0341489	0.0307971	0.0317768	0.0306953	
MomentArms on: ankle_angle_r
0.019392	0.021725	0.0140055	0.0259521	-0.0130801	-0.0151802	-0.0437221	-0.0428986	-0.00717185	-0.00828434	-0.0400127	-0.0131705	
External Torques: 0.354145 5.79049 -7.74896 
Current Torque on hip_flexion_r 0.425477
Current Torque on knee_angle_r 7.03535
Current Torque on ankle_angle_r -7.75617

----------------------------------------


EmgTime: 1.47
Adjusted EMG
0.266952	0.263977	0.263977	0.262056	0.263977	0.263977	0.149074	0.129815	0.12836	0.133321	0.058156	0.109781	0.109885	0.001	0.001	0.001	0.001	0.000997281	0.289839	0.263977	0.263977	0.263977	0.001	0.001	0.001	0.001	0.001	0.0705901	0.0671011	0.0705901	0.0705975	0.282823	0.283551	0.28253	0.001	0.001	0.001	0.0922623	0.001	0.001	0.001	0.0813563	0.0770482	0	0	0	0	0	0	0	0	0	0	0	0	0	0	0	0	0	0	0	0	0	0	0	0	0	0	0	0	0	0	0	0	0	0	0	0	0	0	0	0	0	0	0	0.001	0	0.001	0	0.001	0	
LmtTime: 1.47
Lmt
0.098159	0.109174	0.0939169	0.06469	0.0663151	0.0708314	0.308735	0.340973	0.315554	0.170131	0.39723	0.141106	0.092007	0.0823266	0.143695	0.263175	0.385906	0.0657649	0.30842	0.166691	0.175227	0.196462	0.141734	0.183265	0.0516841	0.0487266	0.108712	0.301605	0.13897	0.146769	0.159147	0.316919	0.314084	0.217296	0.247783	0.315918	0.309408	0.205203	0.15377	0.28337	0.127599	0.308955	0.287079	0.0943144	0.104785	0.0894034	0.0611251	0.0621317	0.0664412	0.290042	0.320409	0.301029	0.152594	0.383555	0.149349	0.100521	0.0918722	0.152354	0.268127	0.382383	0.0701012	0.296968	0.163687	0.173905	0.202205	0.141037	0.182398	0.0549016	0.0477731	0.105109	0.321697	0.160425	0.168647	0.18086	0.299878	0.297095	0.211075	0.247162	0.314829	0.3077	0.212419	0.153406	0.283527	0.131514	0.315041	0.2934	0.0905399	0.0911548	0.164383	0.172253	0.221582	0.225276	
MomentArms on: hip_flexion_r
-0.00328518	0.0177001	-0.00268311	0.00250068	-0.0258896	0.0334392	0.0150537	0.0333397	0.0407231	0.055951	0.0441134	
MomentArms on: knee_angle_r
-0.0227339	-0.0207681	-0.0208312	-0.0160961	-0.0159208	-0.00530508	-0.0251536	-0.0301159	0.0341485	0.0307992	0.0317808	0.0306987	
MomentArms on: ankle_angle_r
0.0194308	0.0217768	0.0140359	0.0260153	-0.0130266	-0.0151339	-0.0435647	-0.0427505	-0.00715898	-0.00828133	-0.0398398	-0.0131219	
External Torques: 0.362248 4.78019 -8.24321 
Current Torque on hip_flexion_r 0.437319
Current Torque on knee_angle_r 5.9215
Current Torque on ankle_angle_r -8.26952

----------------------------------------


EmgTime: 1.48
Adjusted EMG
0.294202	0.291945	0.291945	0.289491	0.291945	0.291945	0.176123	0.160191	0.158305	0.16363	0.0422178	0.115628	0.115749	0.001	0.001	0.001	0.001	0.000997281	0.292671	0.291945	0.291945	0.291945	0.001	0.001	0.001	0.001	0.001	0.0738771	0.0706099	0.0738775	0.0738771	0.271594	0.272746	0.271638	0.00486681	0.001	0.001	0.0793917	0.001	0.00425939	0.001	0.0813416	0.0819729	0	0	0	0	0	0	0	0	0	0	0	0	0	0	0	0	0	0	0	0	0	0	0	0	0	0	0	0	0	0	0	0	0	0	0	0	0	0	0	0	0	0	0	0.001	0	0.001	0	0.001	0	
LmtTime: 1.48
Lmt
0.0978941	0.108664	0.0932661	0.0645733	0.0660802	0.0704713	0.308459	0.340684	0.315129	0.170435	0.397894	0.142166	0.0926173	0.0826182	0.143694	0.262668	0.386193	0.0664133	0.308844	0.165936	0.174432	0.195754	0.142338	0.183843	0.0515619	0.0485457	0.108297	0.301668	0.138505	0.146304	0.158667	0.317482	0.314655	0.217579	0.247877	0.316012	0.309519	0.204992	0.153823	0.283434	0.127486	0.308798	0.286902	0.0949979	0.105876	0.0906625	0.0614866	0.0626643	0.0671617	0.291398	0.321965	0.302729	0.152249	0.381429	0.147573	0.099772	0.0918066	0.15292	0.269747	0.381229	0.0689722	0.296658	0.165273	0.175631	0.204071	0.139514	0.1809	0.0551011	0.0478723	0.105795	0.320555	0.160821	0.169063	0.181247	0.301048	0.298299	0.212376	0.24759	0.315256	0.308191	0.211619	0.153636	0.28379	0.131081	0.314443	0.292732	0.0906568	0.0908947	0.165213	0.171537	0.222085	0.224897	
MomentArms on: hip_flexion_r
-0.00319725	0.018061	-0.00217647	0.00306879	-0.0254157	0.0335189	0.0151971	0.0333521	0.0406166	0.0554054	0.0443588	
MomentArms on: knee_angle_r
-0.0227266	-0.0207683	-0.0207526	-0.0160979	-0.0159231	-0.00530542	-0.0251557	-0.0301088	0.0341464	0.0307991	0.0317805	0.0306985	
MomentArms on: ankle_angle_r
0.0194658	0.0218235	0.0140632	0.0260722	-0.0129779	-0.0150915	-0.0434201	-0.0426143	-0.00714708	-0.00827829	-0.0396818	-0.0130775	
External Torques: 0.3251 3.79973 -8.73217 
Current Torque on hip_flexion_r 0.408159
Current Torque on knee_angle_r 4.90699
Current Torque on ankle_angle_r -8.72845

----------------------------------------


EmgTime: 1.49
Adjusted EMG
0.328968	0.327405	0.327405	0.324334	0.327405	0.327405	0.21052	0.196266	0.194413	0.199694	0.0283629	0.121756	0.121895	0.001	0.001	0.001	0.001	0.000997281	0.296904	0.327405	0.327405	0.327405	0.001	0.001	0.001	0.001	0.001	0.077437	0.0743348	0.0774406	0.077437	0.257402	0.258859	0.257421	0.00203856	0.001	0.001	0.0830579	0.001	0.00190696	0.001	0.0838555	0.0841169	0	0	0	0	0	0	0	0	0	0	0	0	0	0	0	0	0	0	0	0	0	0	0	0	0	0	0	0	0	0	0	0	0	0	0	0	0	0	0	0	0	0	0	0.001	0	0.001	0	0.001	0	
LmtTime: 1.49
Lmt
0.0975838	0.108119	0.0925953	0.064421	0.0658134	0.0700859	0.308168	0.340378	0.314688	0.170752	0.398589	0.143261	0.093247	0.0829346	0.143702	0.262135	0.386469	0.0670807	0.309296	0.16515	0.173608	0.195023	0.142967	0.184448	0.0514841	0.0483912	0.10788	0.301733	0.138018	0.145818	0.158164	0.318026	0.315205	0.217833	0.247962	0.316095	0.309618	0.204801	0.153871	0.283491	0.127384	0.308657	0.286742	0.0956562	0.106916	0.0918625	0.0618488	0.0631881	0.0678606	0.292848	0.323637	0.304445	0.152077	0.379496	0.145865	0.0990324	0.0917349	0.153452	0.271261	0.380114	0.0678733	0.296571	0.166753	0.177232	0.205771	0.138069	0.179477	0.0552992	0.0479781	0.106461	0.319283	0.161018	0.16927	0.181439	0.302333	0.299613	0.213682	0.248021	0.315685	0.308687	0.210791	0.153871	0.284059	0.130633	0.313825	0.292041	0.0907883	0.0906435	0.166069	0.170766	0.222596	0.224484	
MomentArms on: hip_flexion_r
-0.00311808	0.0184182	-0.00160092	0.00369773	-0.0249315	0.0335785	0.0153393	0.0333432	0.0404924	0.0548344	0.0446235	
MomentArms on: knee_angle_r
-0.0227183	-0.0207706	-0.0206757	-0.0160951	-0.0159205	-0.00530893	-0.025157	-0.0301031	0.0341432	0.0307978	0.0317781	0.0306964	
MomentArms on: ankle_angle_r
0.0194985	0.0218675	0.0140886	0.0261255	-0.0129316	-0.0150513	-0.0432821	-0.0424843	-0.00713565	-0.00827514	-0.0395315	-0.0130354	
External Torques: 0.282569 2.87344 -9.22013 
Current Torque on hip_flexion_r 0.373551
Current Torque on knee_angle_r 3.96402
Current Torque on ankle_angle_r -9.2186

----------------------------------------


EmgTime: 1.5
Adjusted EMG
0.367624	0.366726	0.366726	0.363089	0.366726	0.366726	0.247688	0.235114	0.233348	0.238435	0.0134457	0.12724	0.127391	0.001	0.001	0.001	0.001	0.000997281	0.296087	0.366726	0.366726	0.366726	0.001	0.001	0.001	0.001	0.001	0.0805633	0.0776691	0.0805672	0.0805632	0.242375	0.244028	0.242397	0.0023232	0.001	0.001	0.0828367	0.001	0.00211512	0.001	0.0837246	0.0840201	0	0	0	0	0	0	0	0	0	0	0	0	0	0	0	0	0	0	0	0	0	0	0	0	0	0	0	0	0	0	0	0	0	0	0	0	0	0	0	0	0	0	0	0.001	0	0.001	0	0.001	0	
LmtTime: 1.5
Lmt
0.0972395	0.107551	0.091917	0.0642429	0.0655261	0.0696872	0.307855	0.340056	0.314223	0.171077	0.39932	0.144366	0.0938736	0.083253	0.143701	0.261567	0.386746	0.0677535	0.309758	0.164342	0.172761	0.194257	0.143621	0.185077	0.0514424	0.0482649	0.107469	0.30181	0.137513	0.145314	0.157644	0.318549	0.315735	0.218058	0.248038	0.31617	0.309706	0.204631	0.153914	0.283542	0.127293	0.308531	0.2866	0.0962699	0.107883	0.092984	0.062194	0.0636849	0.0685199	0.294384	0.325415	0.306167	0.152078	0.377769	0.144262	0.0983268	0.0916742	0.153959	0.272663	0.379033	0.0668269	0.296718	0.168113	0.178698	0.207313	0.136719	0.178146	0.0555027	0.0480919	0.107095	0.317891	0.161016	0.169269	0.181437	0.303661	0.300962	0.214925	0.248432	0.316093	0.309161	0.209977	0.154096	0.28432	0.130194	0.31322	0.291363	0.0909266	0.0904108	0.166923	0.169969	0.223096	0.224053	
MomentArms on: hip_flexion_r
-0.00303717	0.0187735	-0.00100083	0.00434515	-0.0244392	0.0336135	0.0154827	0.0333106	0.0403533	0.0542514	0.044868	
MomentArms on: knee_angle_r
-0.0227093	-0.020773	-0.0205985	-0.0160921	-0.0159177	-0.00531257	-0.0251577	-0.0300954	0.0341395	0.0307965	0.0317755	0.0306942	
MomentArms on: ankle_angle_r
0.0195309	0.0219113	0.0141137	0.0261784	-0.0128853	-0.0150108	-0.0431431	-0.0423532	-0.00712404	-0.00827174	-0.0393806	-0.0129932	
External Torques: 0.269566 2.01593 -9.71331 
Current Torque on hip_flexion_r 0.365355
Current Torque on knee_angle_r 3.06112
Current Torque on ankle_angle_r -9.71162

----------------------------------------


EmgTime: 1.51
Adjusted EMG
0.40583	0.405377	0.405377	0.400201	0.405377	0.405377	0.283451	0.273331	0.271714	0.276487	0.001	0.131328	0.131528	0.001	0.001	0.001	0.001	0.000997281	0.294323	0.405377	0.405377	0.405377	0.001	0.001	0.001	0.001	0.001	0.0828904	0.080202	0.0828903	0.0828903	0.229026	0.230798	0.229045	0.00197	0.001	0.001	0.08144	0.001	0.00181204	0.001	0.0822113	0.0824687	0	0	0	0	0	0	0	0	0	0	0	0	0	0	0	0	0	0	0	0	0	0	0	0	0	0	0	0	0	0	0	0	0	0	0	0	0	0	0	0	0	0	0	0.001	0	0.001	0	0.001	0	
LmtTime: 1.51
Lmt
0.0968747	0.106973	0.0912419	0.0640516	0.0652309	0.0692866	0.307514	0.339675	0.313729	0.171409	0.400093	0.145462	0.0944771	0.0835517	0.143672	0.260955	0.38704	0.0684201	0.310212	0.163518	0.171891	0.193445	0.144296	0.185729	0.0514254	0.0481645	0.107072	0.301904	0.136996	0.144797	0.157111	0.319054	0.316245	0.218257	0.248105	0.316235	0.309784	0.204479	0.153952	0.283587	0.127211	0.308418	0.286472	0.0968229	0.108761	0.094011	0.0625077	0.0641388	0.0691243	0.296	0.327295	0.307891	0.152252	0.376258	0.142793	0.0976783	0.0916398	0.15445	0.273954	0.377984	0.0658537	0.297108	0.169342	0.180023	0.208703	0.135474	0.176918	0.0557166	0.0482127	0.107684	0.316385	0.160817	0.169058	0.181243	0.304976	0.302291	0.216053	0.248806	0.316464	0.309594	0.209216	0.154303	0.284561	0.129784	0.312654	0.290728	0.0910647	0.0902069	0.167746	0.169175	0.223566	0.223622	
MomentArms on: hip_flexion_r
-0.00294416	0.0191285	-0.00042478	0.00496543	-0.0239423	0.0336239	0.0156285	0.0332565	0.0402041	0.0536713	0.0450572	
MomentArms on: knee_angle_r
-0.0226998	-0.0207735	-0.0205191	-0.0160932	-0.0159193	-0.00531339	-0.0251581	-0.0300829	0.0341361	0.0307962	0.031775	0.0306937	
MomentArms on: ankle_angle_r
0.0195648	0.0219572	0.0141399	0.0262339	-0.0128362	-0.0149678	-0.0429953	-0.0422138	-0.00711158	-0.00826786	-0.0392202	-0.0129484	
External Torques: 0.300904 1.22857 -10.2204 
Current Torque on hip_flexion_r 0.423903
Current Torque on knee_angle_r 2.20684
Current Torque on ankle_angle_r -10.219

----------------------------------------


EmgTime: 1.52
Adjusted EMG
0.43833	0.438499	0.438499	0.426526	0.438499	0.438499	0.313302	0.307264	0.305894	0.310033	0.001	0.133456	0.133883	0.001	0.001	0.001	0.001	0.000997281	0.297989	0.438499	0.438499	0.438499	0.001	0.001	0.001	0.001	0.001	0.084345	0.0820069	0.084345	0.084345	0.220056	0.221786	0.220084	0.00273483	0.001	0.001	0.0786995	0.001	0.00276126	0.001	0.0799339	0.0803325	0	0	0	0	0	0	0	0	0	0	0	0	0	0	0	0	0	0	0	0	0	0	0	0	0	0	0	0	0	0	0	0	0	0	0	0	0	0	0	0	0	0	0	0.001	0	0.001	0	0.001	0	
LmtTime: 1.52
Lmt
0.0965035	0.106396	0.0905784	0.0638598	0.0649402	0.0688949	0.307141	0.339254	0.313199	0.171744	0.400911	0.146529	0.0950417	0.0838126	0.1436	0.260294	0.387362	0.0690712	0.310645	0.162685	0.171002	0.192576	0.144993	0.186404	0.05142	0.0480857	0.106694	0.30202	0.136468	0.144271	0.15657	0.319543	0.316738	0.218436	0.248165	0.316294	0.309854	0.204342	0.153986	0.283628	0.127138	0.308317	0.286358	0.0973046	0.10954	0.0949308	0.0627797	0.0645386	0.0696618	0.297695	0.329276	0.309617	0.152602	0.374968	0.141483	0.0971063	0.0916435	0.154929	0.275133	0.376963	0.0649717	0.297744	0.170433	0.181204	0.20995	0.134346	0.175802	0.0559419	0.0483372	0.108218	0.314767	0.160416	0.168637	0.180852	0.306243	0.303564	0.217033	0.249132	0.316786	0.309973	0.208537	0.154485	0.284773	0.129418	0.31215	0.290161	0.0911967	0.090041	0.168512	0.168407	0.22399	0.223206	
MomentArms on: hip_flexion_r
-0.00282979	0.0194841	7.983e-05	0.00551489	-0.0234445	0.0336129	0.0157774	0.0331862	0.0400513	0.0531088	0.0451639	
MomentArms on: knee_angle_r
-0.0226903	-0.0207704	-0.0204354	-0.0161026	-0.0159293	-0.0053087	-0.0251584	-0.0300634	0.0341338	0.0307979	0.0317783	0.0306965	
MomentArms on: ankle_angle_r
0.0196016	0.0220074	0.0141681	0.0262943	-0.012782	-0.0149202	-0.0428318	-0.0420596	-0.00709767	-0.00826328	-0.0390429	-0.0128989	
External Torques: 0.376483 0.500919 -10.7521 
Current Torque on hip_flexion_r 0.636438
Current Torque on knee_angle_r 1.34863
Current Torque on ankle_angle_r -10.7499

----------------------------------------


EmgTime: 1.53
Adjusted EMG
0.459775	0.461547	0.461547	0.438146	0.461547	0.461547	0.332496	0.333547	0.332494	0.335753	0.001	0.133449	0.134221	0.001	0.001	0.001	0.001	0.000997281	0.302432	0.461547	0.461547	0.461547	0.001	0.001	0.001	0.001	0.001	0.0850801	0.0832427	0.0850801	0.0850801	0.218113	0.219627	0.218155	0.00374554	0.001	0.001	0.0760953	0.001	0.00356312	0.001	0.077868	0.0784484	0	0	0	0	0	0	0	0	0	0	0	0	0	0	0	0	0	0	0	0	0	0	0	0	0	0	0	0	0	0	0	0	0	0	0	0	0	0	0	0	0	0	0	0.001	0	0.001	0	0.001	0	
LmtTime: 1.53
Lmt
0.0961383	0.105831	0.0899324	0.0636791	0.0646646	0.0685205	0.306733	0.338789	0.312629	0.172081	0.401773	0.147556	0.0955558	0.0840221	0.143475	0.259579	0.387723	0.0697001	0.311043	0.161847	0.170094	0.19164	0.145708	0.187098	0.0514141	0.0480229	0.106337	0.302163	0.135933	0.143738	0.156023	0.320018	0.317218	0.218599	0.248219	0.316348	0.309918	0.204217	0.154017	0.283665	0.127071	0.308224	0.286253	0.0977111	0.110211	0.0957345	0.0630056	0.064878	0.0701252	0.299469	0.33136	0.31135	0.153129	0.373901	0.140352	0.0966256	0.0916918	0.1554	0.2762	0.37597	0.0641954	0.298626	0.171383	0.182238	0.211061	0.133341	0.174806	0.0561746	0.0484593	0.108689	0.313034	0.15981	0.168	0.180258	0.307441	0.304763	0.217848	0.249404	0.317055	0.310289	0.207958	0.154637	0.284953	0.129106	0.311721	0.289678	0.091318	0.0899204	0.169202	0.167687	0.224356	0.222819	
MomentArms on: hip_flexion_r
-0.00268673	0.0198407	0.00047244	0.00595688	-0.0229488	0.0335865	0.0159287	0.0331075	0.0399016	0.0525768	0.0451706	
MomentArms on: knee_angle_r
-0.0226811	-0.0207622	-0.0203454	-0.0161236	-0.0159512	-0.00529618	-0.0251589	-0.0300349	0.0341333	0.0308023	0.0317869	0.030704	
MomentArms on: ankle_angle_r
0.0196423	0.0220631	0.0141992	0.026361	-0.0127213	-0.0148668	-0.0426479	-0.0418861	-0.00708186	-0.00825776	-0.0388438	-0.0128435	
External Torques: 0.48627 -0.185025 -11.3198 
Current Torque on hip_flexion_r 0.953519
Current Torque on knee_angle_r 0.483863
Current Torque on ankle_angle_r -11.3167

----------------------------------------


EmgTime: 1.54
Adjusted EMG
0.46696	0.470973	0.470973	0.434276	0.470973	0.470973	0.348866	0.349613	0.348866	0.35124	0.001	0.131492	0.132608	0.001	0.001	0.001	0.001	0.000997281	0.304606	0.470973	0.470973	0.470973	0.001	0.001	0.001	0.001	0.001	0.0853849	0.0840602	0.0853849	0.0853849	0.225454	0.226669	0.225511	0.00600882	0.001	0.001	0.0733071	0.001	0.00560782	0.001	0.0765116	0.0775134	0	0	0	0	0	0	0	0	0	0	0	0	0	0	0	0	0	0	0	0	0	0	0	0	0	0	0	0	0	0	0	0	0	0	0	0	0	0	0	0	0	0	0	0.001	0	0.001	0	0.001	0	
LmtTime: 1.54
Lmt
0.0957892	0.105284	0.0893079	0.0635186	0.0644121	0.0681697	0.306289	0.338277	0.312016	0.172417	0.402679	0.148536	0.0960123	0.0841712	0.14329	0.258808	0.38813	0.0703026	0.3114	0.161007	0.169167	0.190631	0.14644	0.18781	0.0513982	0.0479708	0.106002	0.302335	0.135394	0.1432	0.155474	0.320483	0.317688	0.218751	0.24827	0.316398	0.309978	0.204099	0.154047	0.2837	0.127008	0.308138	0.286154	0.0980455	0.110775	0.0964169	0.063188	0.0651572	0.0705122	0.301327	0.333554	0.313095	0.153838	0.373057	0.139411	0.0962455	0.0917855	0.155861	0.277157	0.375008	0.0635353	0.299749	0.17219	0.183124	0.21204	0.132463	0.173934	0.0564046	0.04857	0.109089	0.311182	0.158992	0.167143	0.179454	0.308567	0.305886	0.218491	0.249619	0.317267	0.310539	0.207491	0.154759	0.285096	0.128856	0.311376	0.289289	0.091425	0.0898506	0.169803	0.167028	0.224656	0.222472	
MomentArms on: hip_flexion_r
-0.00251016	0.0201983	0.00072376	0.00626562	-0.0224568	0.0335513	0.0160807	0.0330281	0.039761	0.052085	0.0450692	
MomentArms on: knee_angle_r
-0.0226722	-0.0207475	-0.0202465	-0.0161587	-0.0159877	-0.00527399	-0.0251597	-0.0299956	0.0341347	0.0308098	0.0318017	0.0307169	
MomentArms on: ankle_angle_r
0.0196869	0.0221247	0.014233	0.0264344	-0.0126534	-0.0148068	-0.0424416	-0.0416915	-0.00706391	-0.00825112	-0.0386205	-0.0127814	
External Torques: 0.621655 -0.84754 -11.9335 
Current Torque on hip_flexion_r 1.30172
Current Torque on knee_angle_r -0.358153
Current Torque on ankle_angle_r -11.9281

----------------------------------------


EmgTime: 1.55
Adjusted EMG
0.458491	0.464765	0.464765	0.413258	0.464765	0.464765	0.353544	0.354045	0.353544	0.355177	0.001	0.128041	0.129485	0.001	0.001	0.001	0.001	0.000997281	0.307752	0.464765	0.464765	0.464765	0.001	0.001	0.001	0.001	0.001	0.0855971	0.0847024	0.0855971	0.0855971	0.243618	0.244558	0.243736	0.00880298	0.001	0.001	0.0711972	0.00152499	0.00801102	0.001	0.0763816	0.0780204	0	0	0	0	0	0	0	0	0	0	0	0	0	0	0	0	0	0	0	0	0	0	0	0	0	0	0	0	0	0	0	0	0	0	0	0	0	0	0	0	0	0	0	0.001	0	0.001	0	0.001	0	
LmtTime: 1.55
Lmt
0.0954625	0.104759	0.0887065	0.0633844	0.0641878	0.067846	0.305809	0.337716	0.31136	0.17275	0.403627	0.149464	0.0964087	0.0842561	0.143042	0.257982	0.388585	0.070877	0.311711	0.160165	0.16822	0.189544	0.147188	0.188539	0.0513663	0.0479251	0.105689	0.302538	0.134853	0.14266	0.154925	0.320943	0.318152	0.218897	0.248319	0.316447	0.310036	0.203986	0.154075	0.283733	0.126947	0.308054	0.286059	0.0983184	0.111237	0.0969757	0.0633357	0.0653825	0.0708252	0.303269	0.33586	0.314861	0.154733	0.372431	0.138667	0.0959695	0.091919	0.156307	0.278003	0.374087	0.0629976	0.301103	0.172857	0.183864	0.212886	0.131719	0.17319	0.0566158	0.0486575	0.109413	0.309202	0.157954	0.166057	0.178429	0.309627	0.306939	0.218968	0.249779	0.317425	0.310726	0.20714	0.154849	0.285203	0.128667	0.311116	0.288996	0.091515	0.0898344	0.170309	0.166441	0.224888	0.222174	
MomentArms on: hip_flexion_r
-0.00229803	0.020556	0.00081821	0.00642815	-0.0219685	0.0335127	0.0162304	0.032954	0.0396334	0.0516386	0.0448597	
MomentArms on: knee_angle_r
-0.0226633	-0.0207253	-0.0201361	-0.0162096	-0.0160403	-0.00524085	-0.0251606	-0.029944	0.0341377	0.0308206	0.0318228	0.0307356	
MomentArms on: ankle_angle_r
0.019735	0.0221916	0.0142693	0.0265138	-0.0125787	-0.0147406	-0.0422135	-0.0414762	-0.00704383	-0.00824324	-0.0383739	-0.012713	
External Torques: 0.783038 -1.4995 -12.6003 
Current Torque on hip_flexion_r 1.67714
Current Torque on knee_angle_r -1.16088
Current Torque on ankle_angle_r -12.5917

----------------------------------------


EmgTime: 1.56
Adjusted EMG
0.435752	0.442722	0.442722	0.382582	0.442722	0.442722	0.346537	0.346884	0.346538	0.347692	0.001	0.123962	0.125526	0.001	0.001	0.001	0.001	0.000997281	0.301222	0.442722	0.442722	0.442722	0.001	0.001	0.001	0.001	0.001	0.0860328	0.0854145	0.0860328	0.0860328	0.27312	0.27388	0.273301	0.0120829	0.00105488	0.001	0.0698492	0.00232915	0.0108019	0.001	0.0777774	0.080222	0	0	0	0	0	0	0	0	0	0	0	0	0	0	0	0	0	0	0	0	0	0	0	0	0	0	0	0	0	0	0	0	0	0	0	0	0	0	0	0	0	0	0	0.001	0	0.001	0	0.001	0	
LmtTime: 1.56
Lmt
0.0951612	0.104259	0.0881286	0.0632792	0.0639938	0.0675504	0.305291	0.337108	0.310658	0.173078	0.404611	0.150341	0.096746	0.0842778	0.142731	0.257103	0.389089	0.0714241	0.311976	0.159323	0.167255	0.188379	0.14795	0.189282	0.0513166	0.0478831	0.105398	0.302771	0.134312	0.142121	0.15438	0.3214	0.318613	0.219041	0.248368	0.316494	0.310093	0.203873	0.154103	0.283767	0.126887	0.30797	0.285964	0.0985468	0.111604	0.0974115	0.063464	0.0655656	0.0710712	0.305296	0.338277	0.316651	0.155814	0.372019	0.138119	0.095796	0.0920819	0.156729	0.278736	0.373221	0.0625844	0.302672	0.173386	0.184455	0.213596	0.13111	0.172578	0.0567866	0.048708	0.109658	0.307088	0.15669	0.164738	0.177173	0.310631	0.30794	0.219289	0.249887	0.317531	0.310852	0.2069	0.15491	0.285276	0.128539	0.310939	0.288796	0.0915866	0.0898727	0.170721	0.165926	0.225051	0.221926	
MomentArms on: hip_flexion_r
-0.00205093	0.0209127	0.00075407	0.00644417	-0.0214819	0.0334741	0.0163741	0.0328883	0.0395208	0.0512381	0.0445482	
MomentArms on: knee_angle_r
-0.0226536	-0.0206949	-0.0200115	-0.0162768	-0.0161097	-0.00519607	-0.0251612	-0.0298784	0.0341412	0.0308341	0.0318494	0.0307597	
MomentArms on: ankle_angle_r
0.0197856	0.0222626	0.0143072	0.0265977	-0.0124983	-0.0146692	-0.0419669	-0.0412435	-0.00702187	-0.00823413	-0.0381079	-0.0126393	
External Torques: 0.984485 -2.14606 -13.3254 
Current Torque on hip_flexion_r 1.97645
Current Torque on knee_angle_r -1.90512
Current Torque on ankle_angle_r -13.3124

----------------------------------------


EmgTime: 1.57
Adjusted EMG
0.401173	0.406405	0.406405	0.348059	0.406405	0.406405	0.329338	0.32976	0.32934	0.330775	0.001	0.120297	0.121725	0.001	0.001	0.001	0.001	0.000997281	0.293193	0.406405	0.406405	0.406405	0.001	0.001	0.001	0.001	0.001	0.0869307	0.086181	0.0869305	0.0869316	0.313282	0.314291	0.313534	0.0152911	0.00144704	0.001	0.0698177	0.00326975	0.0135695	0.001	0.080795	0.0841114	0	0	0	0	0	0	0	0	0	0	0	0	0	0	0	0	0	0	0	0	0	0	0	0	0	0	0	0	0	0	0	0	0	0	0	0	0	0	0	0	0	0	0	0.001	0	0.001	0	0.001	0	
LmtTime: 1.57
Lmt
0.0948843	0.103782	0.0875736	0.0632024	0.063829	0.067282	0.304736	0.336452	0.309913	0.173399	0.405625	0.151172	0.0970286	0.0842416	0.142364	0.256176	0.389638	0.0719458	0.312196	0.15848	0.16627	0.187138	0.148724	0.190038	0.0512512	0.0478437	0.105127	0.303036	0.133774	0.141586	0.153843	0.321855	0.319072	0.219188	0.248418	0.316543	0.310151	0.203758	0.154131	0.283801	0.126826	0.307885	0.285868	0.0987527	0.11189	0.0977275	0.0635927	0.0657227	0.0712608	0.3074	0.340798	0.318467	0.157077	0.371811	0.137762	0.0957187	0.0922597	0.157117	0.279355	0.372428	0.0622937	0.30443	0.173782	0.184899	0.214165	0.130639	0.1721	0.0568918	0.0487063	0.10982	0.304837	0.155193	0.163182	0.175678	0.311592	0.308901	0.219469	0.249947	0.317591	0.310922	0.206765	0.154945	0.285316	0.128466	0.31084	0.288684	0.0916391	0.0899642	0.171043	0.165481	0.225149	0.22173	
MomentArms on: hip_flexion_r
-0.00177162	0.0212666	0.00054165	0.00632419	-0.021096	0.0334362	0.0165081	0.0328311	0.0394221	0.0508794	0.044145	
MomentArms on: knee_angle_r
-0.0226419	-0.0206558	-0.0190201	-0.0163601	-0.0161957	-0.00513946	-0.0251604	-0.0297972	0.0341436	0.03085	0.03188	0.0307884	
MomentArms on: ankle_angle_r
0.0198374	0.0223359	0.0143456	0.0266837	-0.0124141	-0.014594	-0.0417071	-0.0409982	-0.00699846	-0.00822389	-0.0378281	-0.012562	
External Torques: 1.25467 -2.78296 -14.1101 
Current Torque on hip_flexion_r 2.18752
Current Torque on knee_angle_r -2.48013
Current Torque on ankle_angle_r -14.092

----------------------------------------


EmgTime: 1.58
Adjusted EMG
0.357003	0.358867	0.358867	0.307867	0.358867	0.358867	0.304626	0.305043	0.304627	0.30608	0.001	0.118095	0.119287	0.001	0.001	0.001	0.001	0.000997281	0.273445	0.358867	0.358867	0.358867	0.001	0.001	0.001	0.001	0.001	0.0884156	0.087675	0.0884162	0.0884164	0.362222	0.363324	0.362553	0.0183102	0.00187113	0.001	0.0711249	0.00423764	0.0162135	0.001	0.0852347	0.0894438	0	0	0	0	0	0	0	0	0	0	0	0	0	0	0	0	0	0	0	0	0	0	0	0	0	0	0	0	0	0	0	0	0	0	0	0	0	0	0	0	0	0	0	0.001	0	0.001	0	0.001	0	
LmtTime: 1.58
Lmt
0.0946282	0.103326	0.0870398	0.0631506	0.0636901	0.0670379	0.304145	0.335751	0.309126	0.17371	0.406664	0.151962	0.0972637	0.0841565	0.141948	0.255206	0.390225	0.0724459	0.312377	0.157634	0.165266	0.185827	0.149509	0.190805	0.051176	0.0478077	0.104875	0.303334	0.133245	0.141058	0.153317	0.322309	0.31953	0.219339	0.248468	0.316593	0.310211	0.203639	0.15416	0.283836	0.126762	0.307797	0.285768	0.0989612	0.11211	0.0979287	0.063744	0.0658728	0.071407	0.309566	0.343405	0.320304	0.158508	0.371787	0.137588	0.0957278	0.0924357	0.157459	0.27986	0.371723	0.0621199	0.306342	0.174052	0.185197	0.214585	0.130308	0.171758	0.0569048	0.048637	0.109899	0.302452	0.153468	0.161395	0.173944	0.312516	0.309834	0.219526	0.249966	0.317609	0.310945	0.206723	0.154955	0.285329	0.128443	0.310808	0.288648	0.0916729	0.0901063	0.171287	0.165099	0.225187	0.221584	
MomentArms on: hip_flexion_r
-0.00146439	0.0216161	0.00020021	0.00608666	-0.0205831	0.0333971	0.0166291	0.0327797	0.0393338	0.0505542	0.0436628	
MomentArms on: knee_angle_r
-0.0226268	-0.0206078	-0.0189985	-0.0164581	-0.0162969	-0.0050713	-0.0251571	-0.0296991	0.0341434	0.0308676	0.0319128	0.0308209	
MomentArms on: ankle_angle_r
0.0198889	0.0224096	0.0143835	0.0267695	-0.0123282	-0.0145171	-0.0414407	-0.0407466	-0.00697418	-0.00821272	-0.0375418	-0.0124831	
External Torques: 1.62933 -3.4015 -14.9556 
Current Torque on hip_flexion_r 2.4342
Current Torque on knee_angle_r -3.09187
Current Torque on ankle_angle_r -14.9321

----------------------------------------


EmgTime: 1.59
Adjusted EMG
0.305944	0.304154	0.304154	0.26891	0.304154	0.304154	0.275754	0.276252	0.275756	0.277522	0.001	0.11857	0.119376	0.001	0.001	0.001	0.001	0.000997281	0.25021	0.304154	0.304154	0.304154	0.001	0.001	0.001	0.001	0.001	0.0904875	0.0896063	0.0904878	0.0904881	0.417026	0.418397	0.417426	0.0208763	0.00230455	0.001	0.0741406	0.00521443	0.0184156	0.001	0.09083	0.0957764	0	0	0	0	0	0	0	0	0	0	0	0	0	0	0	0	0	0	0	0	0	0	0	0	0	0	0	0	0	0	0	0	0	0	0	0	0	0	0	0	0	0	0	0.001	0	0.001	0	0.001	0	
LmtTime: 1.59
Lmt
0.0943865	0.102888	0.0865255	0.063118	0.0635717	0.0668141	0.303519	0.335006	0.3083	0.174008	0.407717	0.15272	0.097461	0.0840348	0.141495	0.254202	0.390842	0.0729287	0.312525	0.156786	0.164244	0.184455	0.150304	0.191581	0.0510996	0.047777	0.104641	0.303665	0.132728	0.140543	0.152809	0.32276	0.319985	0.219496	0.248521	0.316645	0.310273	0.203515	0.15419	0.283872	0.126696	0.307705	0.285664	0.0991974	0.11228	0.0980221	0.0639403	0.0660353	0.0715237	0.311768	0.346066	0.322148	0.160085	0.371927	0.137582	0.0958104	0.0925925	0.157745	0.280249	0.37112	0.0620536	0.308363	0.174203	0.185353	0.21485	0.129988	0.171449	0.0568003	0.0484861	0.109897	0.299948	0.151525	0.159393	0.17198	0.313404	0.310742	0.219477	0.24995	0.317593	0.310925	0.20676	0.154946	0.285318	0.128463	0.310835	0.288679	0.0916891	0.0902947	0.171464	0.164771	0.225173	0.221483	
MomentArms on: hip_flexion_r
-0.00113434	0.0219596	-0.00024562	0.00575473	-0.0200539	0.0333535	0.0167344	0.0327296	0.0392508	0.0502509	0.0431155	
MomentArms on: knee_angle_r
-0.0226067	-0.020551	-0.0189727	-0.016569	-0.0164113	-0.00499223	-0.0251501	-0.0295829	0.0341392	0.0308869	0.0319458	0.0308564	
MomentArms on: ankle_angle_r
0.0199388	0.0224816	0.0144197	0.026853	-0.0122429	-0.0144404	-0.0411745	-0.0404951	-0.00694965	-0.00820094	-0.0372565	-0.0124045	
External Torques: 2.14011 -3.99214 -15.8631 
Current Torque on hip_flexion_r 2.70373
Current Torque on knee_angle_r -3.61149
Current Torque on ankle_angle_r -15.8346

----------------------------------------


EmgTime: 1.6
Adjusted EMG
0.249186	0.246725	0.246725	0.233454	0.246725	0.246725	0.24615	0.246791	0.24615	0.248471	0.001	0.122748	0.123053	0.001	0.001	0.001	0.001	0.000997281	0.22467	0.246725	0.246725	0.246725	0.001	0.001	0.001	0.001	0.001	0.0930284	0.0918912	0.0930293	0.0930297	0.474065	0.47585	0.474523	0.022798	0.00265059	0.001	0.0786637	0.00593471	0.020172	0.001	0.0970627	0.102519	0	0	0	0	0	0	0	0	0	0	0	0	0	0	0	0	0	0	0	0	0	0	0	0	0	0	0	0	0	0	0	0	0	0	0	0	0	0	0	0	0	0	0	0.001	0	0.001	0	0.001	0	
LmtTime: 1.6
Lmt
0.0941515	0.102461	0.0860284	0.0630971	0.063467	0.0666052	0.302858	0.334222	0.307437	0.174287	0.408775	0.153457	0.0976323	0.0838922	0.141021	0.253175	0.391479	0.0733993	0.312649	0.155935	0.163207	0.183035	0.151104	0.192363	0.0510327	0.0477546	0.104423	0.30403	0.132232	0.140049	0.152325	0.323204	0.320433	0.219658	0.248576	0.316699	0.310337	0.203385	0.154222	0.28391	0.126627	0.30761	0.285555	0.0994836	0.112415	0.0980162	0.0642011	0.0662277	0.0716245	0.31397	0.34874	0.323979	0.161771	0.372201	0.137727	0.0959511	0.0927131	0.157964	0.280525	0.370633	0.0620826	0.31044	0.174247	0.185373	0.214955	0.129921	0.171384	0.0565572	0.0482423	0.109815	0.297352	0.14939	0.157203	0.169809	0.314527	0.311642	0.21934	0.249904	0.317548	0.310872	0.206862	0.15492	0.285287	0.128518	0.310911	0.288764	0.0916899	0.0905237	0.171591	0.164485	0.225115	0.221419	
MomentArms on: hip_flexion_r
-0.00078659	0.0222961	-0.00076921	0.00535327	-0.0195014	0.0333011	0.0168228	0.0326752	0.0391667	0.0499561	0.0425167	
MomentArms on: knee_angle_r
-0.0225802	-0.0204855	-0.0189413	-0.0166903	-0.0165364	-0.00490312	-0.025138	-0.0294478	0.03413	0.0309081	0.0319774	0.0308945	
MomentArms on: ankle_angle_r
0.0199858	0.0225504	0.0144536	0.0269321	-0.0121602	-0.0143658	-0.0409152	-0.0402501	-0.00692552	-0.00818887	-0.0369792	-0.0123284	
External Torques: 2.80616 -4.54747 -16.8331 
Current Torque on hip_flexion_r 3.02724
Current Torque on knee_angle_r -4.04111
Current Torque on ankle_angle_r -16.8006

----------------------------------------


EmgTime: 1.61
Adjusted EMG
0.191861	0.190871	0.190871	0.188409	0.190871	0.190871	0.218739	0.21948	0.21874	0.221453	0.0294521	0.131047	0.131106	0.001	0.001	0.001	0.001	0.000997281	0.220746	0.190871	0.190871	0.190871	0.001	0.001	0.001	0.001	0.001	0.095838	0.0945241	0.095839	0.095839	0.529403	0.531463	0.529891	0.0239721	0.00281608	0.001	0.0841728	0.00625169	0.0212741	0.001	0.103375	0.109015	0	0	0	0	0	0	0	0	0	0	0	0	0	0	0	0	0	0	0	0	0	0	0	0	0	0	0	0	0	0	0	0	0	0	0	0	0	0	0	0	0	0	0	0.001	0	0.001	0	0.001	0	
LmtTime: 1.61
Lmt
0.0939142	0.102041	0.0855462	0.0630792	0.0633681	0.0664054	0.302165	0.333402	0.306543	0.174545	0.409825	0.154183	0.0977911	0.0837467	0.140543	0.25214	0.392123	0.0738628	0.312758	0.15508	0.162159	0.181586	0.151906	0.193148	0.0509876	0.047744	0.10422	0.30443	0.131766	0.139583	0.151873	0.323634	0.320867	0.219824	0.248632	0.316754	0.310403	0.203252	0.154254	0.283949	0.126556	0.307512	0.285444	0.0998367	0.112528	0.0979208	0.0645407	0.066464	0.0717209	0.316126	0.351369	0.325763	0.163519	0.372579	0.138001	0.0961326	0.0927825	0.158109	0.28069	0.370271	0.0621915	0.312511	0.174194	0.185265	0.214901	0.129976	0.171443	0.0561612	0.0478987	0.109658	0.294708	0.147103	0.15487	0.167473	0.315382	0.312511	0.219134	0.249835	0.31748	0.310791	0.207016	0.154881	0.28524	0.128601	0.311025	0.288893	0.0916785	0.090786	0.171684	0.16423	0.225024	0.221387	
MomentArms on: hip_flexion_r
-0.00042577	0.0226251	-0.00134474	0.00490638	-0.0189188	0.0332361	0.0168943	0.0326113	0.0390745	0.0496551	0.0418789	
MomentArms on: knee_angle_r
-0.0225458	-0.0204116	-0.0189032	-0.016819	-0.0166693	-0.00480496	-0.0251195	-0.0292935	0.0341159	0.0309325	0.0320066	0.0309355	
MomentArms on: ankle_angle_r
0.0200292	0.0226146	0.0144846	0.0270054	-0.0120818	-0.0142949	-0.0406683	-0.0400168	-0.00690234	-0.00817687	-0.0367157	-0.0122561	
External Torques: 3.63337 -5.06199 -17.8644 
Current Torque on hip_flexion_r 3.6771
Current Torque on knee_angle_r -4.46273
Current Torque on ankle_angle_r -17.8296

----------------------------------------


EmgTime: 1.62
Adjusted EMG
0.141084	0.140211	0.140211	0.138925	0.140211	0.140211	0.195561	0.196307	0.195561	0.198324	0.0649523	0.143737	0.143768	0.001	0.001	0.001	0.001	0.000997281	0.232061	0.140211	0.140211	0.140211	0.001	0.001	0.001	0.001	0.001	0.0986621	0.0973258	0.098662	0.098662	0.579203	0.581266	0.579697	0.024607	0.00294093	0.001	0.0895813	0.00641713	0.0218769	0.001	0.108954	0.114603	0	0	0	0	0	0	0	0	0	0	0	0	0	0	0	0	0	0	0	0	0	0	0	0	0	0	0	0	0	0	0	0	0	0	0	0	0	0	0	0	0	0	0	0.001	0	0.001	0	0.001	0	
LmtTime: 1.62
Lmt
0.093665	0.101621	0.0850765	0.0630544	0.063266	0.0662081	0.301441	0.332552	0.305625	0.174774	0.410852	0.154909	0.0979524	0.0836187	0.140083	0.251112	0.392763	0.0743246	0.312864	0.154223	0.161104	0.180129	0.152705	0.19393	0.0509768	0.047749	0.10403	0.304869	0.13134	0.139158	0.151464	0.324041	0.321278	0.219991	0.248689	0.316809	0.310469	0.203118	0.154286	0.283988	0.126484	0.307413	0.285331	0.100266	0.112629	0.097747	0.0649656	0.0667525	0.071822	0.318184	0.353889	0.327463	0.165279	0.373037	0.138376	0.0963361	0.0927879	0.158173	0.280749	0.370055	0.0623623	0.314511	0.174057	0.185043	0.214692	0.130143	0.171615	0.0556068	0.0474543	0.109433	0.292069	0.144716	0.152446	0.165023	0.316247	0.313389	0.218876	0.249748	0.317394	0.31069	0.207208	0.154831	0.285182	0.128704	0.311167	0.289053	0.0916588	0.0910724	0.171759	0.163992	0.224912	0.221375	
MomentArms on: hip_flexion_r
-5.555e-05	0.0229475	-0.00194912	0.00443568	-0.0182998	0.0331554	0.0169506	0.0325336	0.0389677	0.0493338	0.0412123	
MomentArms on: knee_angle_r
-0.0225025	-0.0203299	-0.0188574	-0.0169523	-0.0168069	-0.00469878	-0.0250936	-0.0291201	0.0340977	0.0309619	0.0320332	0.0309805	
MomentArms on: ankle_angle_r
0.0200685	0.0226735	0.0145124	0.0270721	-0.0120091	-0.0142289	-0.0404379	-0.0397991	-0.00688054	-0.00816525	-0.0364705	-0.012189	
External Torques: 4.59638 -5.53567 -18.9516 
Current Torque on hip_flexion_r 4.62066
Current Torque on knee_angle_r -4.91628
Current Torque on ankle_angle_r -18.9158

----------------------------------------


EmgTime: 1.63
Adjusted EMG
0.0974962	0.0973659	0.0973659	0.0972343	0.0973659	0.0973659	0.177574	0.178299	0.177573	0.180269	0.092508	0.160715	0.160718	0.001	0.001	0.001	0.001	0.000997281	0.244077	0.0973659	0.0973659	0.0973659	0.001	0.001	0.001	0.001	0.001	0.101226	0.0999054	0.101226	0.101226	0.620048	0.622007	0.620538	0.0251194	0.00303968	0.001	0.0934458	0.00649867	0.022353	0.001	0.113016	0.118671	0	0	0	0	0	0	0	0	0	0	0	0	0	0	0	0	0	0	0	0	0	0	0	0	0	0	0	0	0	0	0	0	0	0	0	0	0	0	0	0	0	0	0	0.001	0	0.001	0	0.001	0	
LmtTime: 1.63
Lmt
0.0933946	0.101197	0.0846168	0.0630126	0.0631515	0.0660064	0.300691	0.331676	0.30469	0.17497	0.411841	0.155647	0.0981324	0.0835301	0.139664	0.250111	0.393384	0.0747891	0.312976	0.153367	0.160052	0.178694	0.153494	0.194702	0.0510124	0.0477729	0.103852	0.30535	0.13097	0.138788	0.151111	0.324413	0.321653	0.220153	0.248744	0.316863	0.310534	0.202987	0.154318	0.284026	0.126414	0.307316	0.285221	0.100772	0.112727	0.0975074	0.0654739	0.067095	0.0719332	0.320089	0.356232	0.329032	0.167002	0.373557	0.138823	0.0965413	0.0927195	0.158151	0.280707	0.370008	0.0625751	0.316377	0.173851	0.184726	0.214339	0.130409	0.171883	0.0548993	0.0469149	0.109148	0.2895	0.142287	0.149992	0.162518	0.317127	0.314278	0.218581	0.249649	0.317297	0.310574	0.207425	0.154776	0.285116	0.12882	0.311327	0.289234	0.091636	0.0913721	0.171837	0.163757	0.224792	0.221373	
MomentArms on: hip_flexion_r
0.00032156	0.0232647	-0.00256318	0.00395925	-0.01764	0.0330576	0.0169942	0.0324394	0.0388405	0.0489791	0.040525	
MomentArms on: knee_angle_r
-0.0224495	-0.0202406	-0.0188033	-0.0170869	-0.0169462	-0.00458553	-0.0250594	-0.0289278	0.0340772	0.0309992	0.0320579	0.0310313	
MomentArms on: ankle_angle_r
0.0201036	0.0227265	0.0145369	0.0271318	-0.0119427	-0.0141686	-0.0402266	-0.0395993	-0.00686041	-0.00815424	-0.0362461	-0.0121277	
External Torques: 5.64907 -5.96871 -20.0847 
Current Torque on hip_flexion_r 5.65211
Current Torque on knee_angle_r -5.35579
Current Torque on ankle_angle_r -20.0484

----------------------------------------


EmgTime: 1.64
Adjusted EMG
0.0637469	0.0638454	0.0638454	0.0639174	0.0638454	0.0638454	0.164724	0.165463	0.164724	0.167462	0.0954898	0.181091	0.181089	0.001	0.001	0.001	0.0010253	0.000997281	0.264625	0.0638454	0.0638454	0.0638454	0.00266988	0.0094907	0.001	0.001	0.001	0.103266	0.101879	0.103266	0.103266	0.649172	0.651072	0.649659	0.0257288	0.00305934	0.001	0.0942312	0.00650602	0.0228883	0.001	0.114899	0.120705	0	0	0	0	0	0	0	0	0	0	0	0	0	0	0	0	0	0	0	0	0	0	0	0	0	0	0	0	0	0	0	0	0	0	0	0	0	0	0	0	0	0	0	0.001	0	0.001	0	0.001	0	
LmtTime: 1.64
Lmt
0.0930937	0.100762	0.0841642	0.0629433	0.0630152	0.0657931	0.299918	0.330783	0.303747	0.175125	0.412775	0.156406	0.0983471	0.083503	0.139309	0.24916	0.39397	0.0752604	0.313105	0.152516	0.159013	0.177312	0.154265	0.195455	0.0511051	0.0478189	0.103683	0.305876	0.130672	0.138489	0.150827	0.324735	0.321977	0.220305	0.248795	0.316913	0.310595	0.202863	0.154348	0.284062	0.126349	0.307225	0.285117	0.101344	0.112823	0.0972163	0.0660549	0.067487	0.0720571	0.321825	0.35833	0.330425	0.168637	0.374124	0.139307	0.0967272	0.0925702	0.158042	0.280573	0.370145	0.0628087	0.318156	0.173593	0.184333	0.213856	0.130988	0.172312	0.0540549	0.0462942	0.108817	0.287085	0.139896	0.147591	0.160045	0.318005	0.315164	0.218265	0.249543	0.317192	0.310451	0.207657	0.154716	0.285045	0.128945	0.311498	0.289427	0.0916156	0.0916722	0.171935	0.163512	0.224677	0.22137	
MomentArms on: hip_flexion_r
0.0007042	0.023579	-0.0031721	0.00349116	-0.0169359	0.0329426	0.017029	0.0323277	0.0386881	0.0485801	0.0398223	
MomentArms on: knee_angle_r
-0.0223855	-0.020141	-0.0187386	-0.0172145	-0.0170785	-0.00446247	-0.025015	-0.0287164	0.0340517	0.0310409	0.0320745	0.0310841	
MomentArms on: ankle_angle_r
0.0201345	0.0227737	0.0145584	0.0271847	-0.0118829	-0.014114	-0.0400351	-0.0394184	-0.00684209	-0.00814399	-0.0360435	-0.0120724	
External Torques: 6.73695 -6.35507 -21.2472 
Current Torque on hip_flexion_r 6.73524
Current Torque on knee_angle_r -5.72042
Current Torque on ankle_angle_r -21.2101

----------------------------------------


EmgTime: 1.65
Adjusted EMG
0.0398906	0.0400512	0.0400512	0.0401455	0.0400512	0.0400512	0.156193	0.156999	0.156193	0.15922	0.100862	0.203498	0.203495	0.001	0.001	0.001	0.00155946	0.00126962	0.294294	0.0400512	0.0400512	0.0400512	0.00396688	0.013742	0.001	0.001	0.001	0.104545	0.102921	0.104545	0.104545	0.66455	0.666527	0.665048	0.0268436	0.00333982	0.001	0.0907339	0.00681324	0.0238892	0.001	0.114004	0.120299	0	0	0	0	0	0	0	0	0	0	0	0	0	0	0	0	0	0	0	0	0	0	0	0	0	0	0	0	0	0	0	0	0	0	0	0	0	0	0	0	0	0	0	0.001	0	0.001	0	0.001	0	
LmtTime: 1.65
Lmt
0.0927545	0.10031	0.083716	0.0628365	0.0628481	0.0655615	0.299128	0.329881	0.302807	0.175231	0.413635	0.157196	0.0986117	0.0835581	0.139043	0.24828	0.394507	0.075741	0.313259	0.151674	0.157999	0.176019	0.155008	0.196182	0.0512631	0.047889	0.10352	0.306451	0.130464	0.13828	0.15063	0.32499	0.322235	0.220439	0.248841	0.316958	0.310648	0.202754	0.154374	0.284094	0.12629	0.307144	0.285025	0.101967	0.112919	0.0968897	0.0666897	0.0679176	0.0721933	0.323356	0.360126	0.3316	0.170136	0.374722	0.139791	0.0968733	0.0923361	0.157845	0.280353	0.37046	0.0630417	0.31951	0.173299	0.183889	0.213264	0.131424	0.172723	0.0531004	0.0456133	0.108453	0.284918	0.137639	0.145332	0.15771	0.31885	0.316014	0.217939	0.249434	0.317085	0.310324	0.207892	0.154654	0.284973	0.129071	0.311673	0.289624	0.0916036	0.0919584	0.172074	0.163243	0.224584	0.221352	
MomentArms on: hip_flexion_r
0.00109209	0.0238933	-0.00376539	0.00304139	-0.016186	0.0328117	0.017059	0.032199	0.0385071	0.0481284	0.0391069	
MomentArms on: knee_angle_r
-0.0223064	-0.0200129	-0.0186541	-0.017305	-0.0171738	-0.00431235	-0.0249547	-0.0278487	0.0339974	0.0310567	0.032047	0.031111	
MomentArms on: ankle_angle_r
0.0201617	0.0228156	0.014577	0.0272313	-0.0118293	-0.0140651	-0.0398628	-0.0392557	-0.00682556	-0.00813457	-0.0358619	-0.0120228	
External Torques: 7.80949 -6.67718 -22.4148 
Current Torque on hip_flexion_r 7.80689
Current Torque on knee_angle_r -5.9594
Current Torque on ankle_angle_r -22.3754

----------------------------------------


EmgTime: 1.66
Adjusted EMG
0.0252644	0.0254707	0.0254707	0.0255854	0.0254707	0.0254707	0.150739	0.151565	0.150739	0.153762	0.0986615	0.226306	0.226302	0.001	0.001	0.001	0.00224451	0.00197341	0.316244	0.0254707	0.0254707	0.0254707	0.00566882	0.0189281	0.001	0.001	0.001	0.10489	0.103128	0.10489	0.10489	0.665187	0.66678	0.665353	0.0241147	0.00292453	0.001	0.0915291	0.00589705	0.0216074	0.001	0.111571	0.117182	0	0	0	0	0	0	0	0	0	0	0	0	0	0	0	0	0	0	0	0	0	0	0	0	0	0	0	0	0	0	0	0	0	0	0	0	0	0	0	0	0	0	0	0.001	0	0.001	0	0.001	0	
LmtTime: 1.66
Lmt
0.0923704	0.0998378	0.083269	0.0626833	0.0626419	0.0653051	0.298326	0.328978	0.301882	0.175282	0.414404	0.158022	0.0989394	0.0837135	0.138888	0.247495	0.394981	0.0762323	0.313444	0.150849	0.157024	0.17485	0.155713	0.196871	0.0514915	0.0479843	0.103361	0.30708	0.130363	0.138179	0.150534	0.325162	0.322409	0.220548	0.248877	0.316994	0.310692	0.202664	0.154396	0.284119	0.126243	0.307078	0.28495	0.102616	0.113015	0.0965455	0.067354	0.0683721	0.0723396	0.324637	0.361584	0.332524	0.171456	0.375335	0.140238	0.09696	0.0920161	0.15756	0.280055	0.37093	0.0632538	0.320643	0.172985	0.183417	0.212587	0.131896	0.173171	0.0520714	0.0449003	0.108075	0.283067	0.135591	0.143286	0.155602	0.319615	0.316781	0.217615	0.249326	0.316978	0.310198	0.208125	0.154594	0.284901	0.129196	0.311845	0.289817	0.091606	0.0922159	0.172271	0.162937	0.224528	0.221306	
MomentArms on: hip_flexion_r
0.00148573	0.0242105	-0.00433646	0.00261623	-0.0153902	0.0326672	0.0170884	0.0320549	0.038295	0.047618	0.0383794	
MomentArms on: knee_angle_r
-0.0222114	-0.0198531	-0.0185471	-0.0173535	-0.0172273	-0.00413287	-0.0248766	-0.0278776	0.0339136	0.0310443	0.0319703	0.0311098	
MomentArms on: ankle_angle_r
0.0201855	0.0228526	0.0145933	0.0272723	-0.0117815	-0.0140213	-0.0397078	-0.0391094	-0.00681066	-0.00812595	-0.0356991	-0.0119785	
External Torques: 8.82567 -6.9045 -23.551 
Current Torque on hip_flexion_r 8.82187
Current Torque on knee_angle_r -6.16884
Current Torque on ankle_angle_r -23.517

----------------------------------------


EmgTime: 1.67
Adjusted EMG
0.0189187	0.0189187	0.0189187	0.0189752	0.0189187	0.0189187	0.14706	0.148143	0.147059	0.150888	0.113518	0.247857	0.247854	0.001	0.001	0.001	0.0013515	0.00127163	0.359197	0.0189187	0.0189187	0.0189187	0.00336521	0.0115561	0.001	0.001	0.001	0.102617	0.101716	0.104217	0.104217	0.65027	0.652096	0.650376	0.0288185	0.00374199	0.001	0.0713053	0.00733082	0.0257175	0.001	0.103532	0.111207	0	0	0	0	0	0	0	0	0	0	0	0	0	0	0	0	0	0	0	0	0	0	0	0	0	0	0	0	0	0	0	0	0	0	0	0	0	0	0	0	0	0	0	0.001	0	0.001	0	0.001	0	
LmtTime: 1.67
Lmt
0.0919373	0.0993408	0.0828194	0.0624766	0.0623899	0.0650179	0.297519	0.32808	0.30098	0.17527	0.415066	0.158886	0.0993404	0.0839828	0.13886	0.246825	0.395379	0.0767344	0.313664	0.150045	0.156102	0.17384	0.15637	0.197513	0.051791	0.048104	0.1032	0.307764	0.130386	0.138202	0.150556	0.325233	0.322481	0.220623	0.248903	0.317019	0.310722	0.202603	0.15441	0.284137	0.12621	0.307032	0.284899	0.103265	0.113109	0.0962026	0.0680201	0.0688331	0.0724932	0.325632	0.362683	0.333179	0.172555	0.375945	0.140612	0.0969708	0.0916123	0.157188	0.279688	0.371509	0.0634272	0.321511	0.172669	0.182942	0.211851	0.132378	0.173632	0.0510094	0.0441881	0.107704	0.281586	0.133826	0.141525	0.153809	0.320238	0.317406	0.217301	0.249221	0.316874	0.310076	0.208348	0.154535	0.284832	0.129316	0.31201	0.290004	0.0916283	0.0924299	0.172543	0.162583	0.224524	0.221218	
MomentArms on: hip_flexion_r
0.00188614	0.0245331	-0.00488198	0.00221877	-0.0145494	0.0325116	0.0171207	0.0318978	0.0380507	0.0470456	0.0376389	
MomentArms on: knee_angle_r
-0.0221001	-0.0196608	-0.0184168	-0.0173606	-0.0172396	-0.00392467	-0.0247802	-0.0278903	0.0338039	0.0310074	0.0318461	0.031084	
MomentArms on: ankle_angle_r
0.0202067	0.0228858	0.0146076	0.0273089	-0.0117383	-0.0139817	-0.0395673	-0.0389767	-0.00679714	-0.00811802	-0.0355523	-0.0119385	
External Torques: 9.7422 -7.00206 -24.6046 
Current Torque on hip_flexion_r 9.7399
Current Torque on knee_angle_r -6.0398
Current Torque on ankle_angle_r -24.5611

----------------------------------------


EmgTime: 1.68
Adjusted EMG
0.0188085	0.0188085	0.0188085	0.0188742	0.0188085	0.0188085	0.144037	0.145343	0.144037	0.148486	0.123471	0.266839	0.266835	0.001	0.001	0.001	0.00190732	0.00203306	0.393408	0.0188085	0.0188085	0.0188085	0.00487724	0.0162007	0.001	0.001	0.001	0.097567	0.099229	0.102552	0.102552	0.620124	0.622158	0.620208	0.0292247	0.00390963	0.001	0.0514889	0.00760573	0.0262296	0.001	0.093476	0.102427	0	0	0	0	0	0	0	0	0	0	0	0	0	0	0	0	0	0	0	0	0	0	0	0	0	0	0	0	0	0	0	0	0	0	0	0	0	0	0	0	0	0	0	0.001	0	0.001	0	0.001	0	
LmtTime: 1.68
Lmt
0.091453	0.0988159	0.0823631	0.0622115	0.0620868	0.0646952	0.29671	0.327195	0.300111	0.17519	0.41561	0.15979	0.0998209	0.0843741	0.138973	0.246286	0.395692	0.0772461	0.313916	0.149267	0.155243	0.173015	0.156971	0.198101	0.0521586	0.048246	0.103033	0.308506	0.130544	0.138361	0.150706	0.325188	0.322436	0.220656	0.248914	0.31703	0.310735	0.202576	0.154417	0.284145	0.126195	0.307012	0.284876	0.103887	0.1132	0.0958802	0.0686606	0.0692831	0.072651	0.326324	0.363446	0.333562	0.173414	0.376547	0.140883	0.0968924	0.091129	0.156734	0.279258	0.372164	0.0635475	0.32209	0.172364	0.182484	0.211078	0.132849	0.174086	0.049958	0.0435114	0.10736	0.280497	0.132388	0.14009	0.152374	0.320689	0.317856	0.217	0.249121	0.316776	0.30996	0.20856	0.154479	0.284766	0.12943	0.312167	0.29018	0.091675	0.0925871	0.172904	0.16217	0.224584	0.221078	
MomentArms on: hip_flexion_r
0.00229455	0.0248632	-0.0054011	0.00184962	-0.0136652	0.0323475	0.0171587	0.03173	0.0377737	0.0464099	0.0368837	
MomentArms on: knee_angle_r
-0.0219724	-0.0194359	-0.0182624	-0.0173283	-0.0172125	-0.00368883	-0.0246651	-0.0278857	0.0336736	0.0309509	0.0316774	0.031038	
MomentArms on: ankle_angle_r
0.0202257	0.0229159	0.0146204	0.0273419	-0.0116988	-0.0139455	-0.0394378	-0.0388546	-0.00678467	-0.00811062	-0.0354176	-0.0119019	
External Torques: 10.5082 -6.93499 -25.5038 
Current Torque on hip_flexion_r 10.5047
Current Torque on knee_angle_r -5.78196
Current Torque on ankle_angle_r -25.4574

----------------------------------------


EmgTime: 1.69
Adjusted EMG
0.0234057	0.0234056	0.0234056	0.0234493	0.0234056	0.0234056	0.14087	0.142348	0.14087	0.145691	0.124056	0.282524	0.282522	0.001	0.001	0.001	0.00152922	0.00185372	0.419309	0.0234056	0.0234056	0.0234056	0.00408943	0.0136477	0.001	0.001	0.001	0.0893879	0.0958175	0.100041	0.100041	0.575932	0.578197	0.576114	0.0283939	0.00382872	0.001	0.0301173	0.00746818	0.0258582	0.001	0.081248	0.0911289	0	0	0	0	0	0	0	0	0	0	0	0	0	0	0	0	0	0	0	0	0	0	0	0	0	0	0	0	0	0	0	0	0	0	0	0	0	0	0	0	0	0	0	0.001	0	0.001	0	0.001	0	
LmtTime: 1.69
Lmt
0.0909181	0.0982609	0.0818953	0.0618856	0.0617299	0.0643334	0.295903	0.326326	0.299279	0.175035	0.416024	0.16073	0.100383	0.0848894	0.139232	0.24589	0.395912	0.0777654	0.314199	0.14852	0.154456	0.172396	0.157511	0.198627	0.052587	0.0484064	0.102856	0.309304	0.130845	0.138663	0.150992	0.325016	0.322263	0.220641	0.248909	0.317025	0.310729	0.202588	0.154414	0.284141	0.126202	0.307022	0.284886	0.104458	0.113289	0.0955963	0.0692513	0.0697067	0.0728108	0.326719	0.363866	0.333687	0.174039	0.377153	0.141027	0.0967166	0.0905731	0.156203	0.278774	0.37288	0.0636049	0.322372	0.172082	0.182058	0.210291	0.133289	0.174513	0.0489587	0.0429036	0.107064	0.279796	0.131294	0.138998	0.151303	0.320962	0.318127	0.216716	0.249027	0.316682	0.30985	0.208758	0.154426	0.284704	0.129537	0.312314	0.290346	0.0917494	0.092677	0.173362	0.161691	0.224716	0.220873	
MomentArms on: hip_flexion_r
0.00271211	0.0252017	-0.00589461	0.00150774	-0.0127397	0.0321767	0.0172042	0.0315536	0.0374641	0.0457115	0.0361117	
MomentArms on: knee_angle_r
-0.0218283	-0.0191789	-0.0180833	-0.0172596	-0.017149	-0.00342689	-0.0245309	-0.0278628	0.0335281	0.0308805	0.0314683	0.030977	
MomentArms on: ankle_angle_r
0.0202434	0.022944	0.0146322	0.0273726	-0.0116616	-0.0139113	-0.0393155	-0.0387392	-0.0067729	-0.00810356	-0.0352909	-0.0118675	
External Torques: 11.0545 -6.68091 -26.1618 
Current Torque on hip_flexion_r 11.0515
Current Torque on knee_angle_r -5.38539
Current Torque on ankle_angle_r -26.1154

----------------------------------------


EmgTime: 1.7
Adjusted EMG
0.0310329	0.0310329	0.0310329	0.0310466	0.0310329	0.0310329	0.137083	0.138762	0.137083	0.142307	0.122577	0.294954	0.294953	0.001	0.001	0.001	0.001	0.000997281	0.443798	0.0310329	0.0310329	0.0310329	0.00173479	0.00597858	0.001	0.001	0.001	0.0774543	0.0914511	0.0969318	0.0969317	0.51976	0.522446	0.520185	0.0268001	0.00349438	0.001	0.0113451	0.00697051	0.024792	0.001	0.0675498	0.0778977	0	0	0	0	0	0	0	0	0	0	0	0	0	0	0	0	0	0	0	0	0	0	0	0	0	0	0	0	0	0	0	0	0	0	0	0	0	0	0	0	0	0	0	0.001	0	0.001	0	0.001	0	
LmtTime: 1.7
Lmt
0.0903352	0.0976741	0.081411	0.0614996	0.0613183	0.06393	0.295099	0.325477	0.298488	0.174802	0.416303	0.161704	0.101024	0.0855245	0.139637	0.245641	0.396038	0.0782899	0.314505	0.147802	0.153745	0.171989	0.157987	0.199091	0.0530664	0.0485802	0.102664	0.310157	0.131289	0.139107	0.151416	0.32471	0.321955	0.220572	0.248886	0.317002	0.310701	0.202645	0.1544	0.284125	0.126232	0.307063	0.284934	0.104961	0.113377	0.0953657	0.0697736	0.0700921	0.0729715	0.326835	0.363953	0.333579	0.174452	0.377778	0.141029	0.09644	0.0899527	0.155599	0.278241	0.373646	0.0635943	0.322366	0.171832	0.181676	0.209507	0.133685	0.174902	0.0480458	0.0423922	0.106831	0.279466	0.130538	0.138242	0.150575	0.321065	0.318227	0.216448	0.248937	0.316594	0.309746	0.208945	0.154376	0.284646	0.129638	0.312453	0.290502	0.0918535	0.0926928	0.173919	0.161141	0.224925	0.220598	
MomentArms on: hip_flexion_r
0.00313964	0.0255489	-0.00636413	0.00119116	-0.0117747	0.0320007	0.0172576	0.0313701	0.0371224	0.0449516	0.0353212	
MomentArms on: knee_angle_r
-0.0216681	-0.0188903	-0.0178793	-0.0171584	-0.0170531	-0.00314087	-0.0243777	-0.0278209	0.0333739	0.0308023	0.031224	0.0309068	
MomentArms on: ankle_angle_r
0.0202602	0.022971	0.0146434	0.027402	-0.0116257	-0.0138783	-0.0391967	-0.0386272	-0.00676146	-0.00809663	-0.0351683	-0.0118342	
External Torques: 11.2878 -6.24095 -26.4827 
Current Torque on hip_flexion_r 11.2865
Current Torque on knee_angle_r -4.78096
Current Torque on ankle_angle_r -26.4391

----------------------------------------


EmgTime: 1.71
Adjusted EMG
0.0402101	0.0402107	0.0402107	0.0399956	0.0402107	0.0402107	0.132468	0.134421	0.132468	0.138246	0.0937587	0.304804	0.304828	0.001	0.001	0.001	0.001	0.000997281	0.471806	0.0402107	0.0402107	0.0402107	0.001	0.001	0.001	0.001	0.001	0.0595265	0.0861448	0.0935218	0.0935175	0.454948	0.458025	0.455787	0.0435759	0.0067879	0.00105993	0.001	0.0131834	0.0396832	0.001	0.035064	0.0636413	0	0	0	0	0	0	0	0	0	0	0	0	0	0	0	0	0	0	0	0	0	0	0	0	0	0	0	0	0	0	0	0	0	0	0	0	0	0	0	0	0	0	0	0.001	0	0.001	0	0.001	0	
LmtTime: 1.71
Lmt
0.0897091	0.0970551	0.0809054	0.061057	0.060854	0.0634844	0.294297	0.324646	0.297734	0.174488	0.416448	0.162705	0.101738	0.0862698	0.140179	0.245536	0.396068	0.0788175	0.314827	0.147112	0.153109	0.171788	0.1584	0.199492	0.0535852	0.0487616	0.102451	0.31106	0.13187	0.139687	0.151974	0.324268	0.32151	0.220449	0.248844	0.316961	0.310652	0.202746	0.154376	0.284096	0.126286	0.307138	0.285019	0.105386	0.113466	0.095199	0.0702167	0.0704324	0.0731327	0.326699	0.363735	0.333268	0.174682	0.378432	0.140883	0.0960648	0.0892772	0.154933	0.277668	0.374446	0.0635152	0.322093	0.171621	0.181343	0.208739	0.134031	0.175246	0.0472435	0.0419956	0.106674	0.27948	0.130107	0.137809	0.150163	0.32101	0.318169	0.216191	0.248852	0.316509	0.309648	0.209122	0.154329	0.284591	0.129733	0.312584	0.290649	0.0919873	0.0926326	0.174573	0.160518	0.225208	0.220249	
MomentArms on: hip_flexion_r
0.00357751	0.0259034	-0.0068115	0.00089766	-0.0107722	0.03182	0.0173185	0.0311804	0.0367492	0.0441325	0.0345115	
MomentArms on: knee_angle_r
-0.0214923	-0.018572	-0.0176506	-0.0170295	-0.0169295	-0.00283346	-0.0242059	-0.0277595	0.0332175	0.0307232	0.0309501	0.0308332	
MomentArms on: ankle_angle_r
0.0202768	0.0229977	0.0146543	0.0274309	-0.01159	-0.0138454	-0.0390781	-0.0385152	-0.00675003	-0.00808963	-0.0350462	-0.011801	
External Torques: 11.1059 -5.64118 -26.3717 
Current Torque on hip_flexion_r 11.1353
Current Torque on knee_angle_r -3.95737
Current Torque on ankle_angle_r -26.2801

----------------------------------------


EmgTime: 1.72
Adjusted EMG
0.0497468	0.0497468	0.0497468	0.0492724	0.0497468	0.0497468	0.126991	0.129307	0.126991	0.133498	0.0204382	0.313238	0.313309	0.001	0.001	0.001	0.001	0.000997281	0.504384	0.0497468	0.0497468	0.0497468	0.001	0.001	0.001	0.001	0.001	0.0331757	0.0798899	0.09011	0.0901117	0.384716	0.388228	0.386015	0.0546856	0.0100193	0.0012243	0.001	0.018854	0.0501532	0.001	0.001	0.0496716	0	0	0	0	0	0	0	0	0	0	0	0	0	0	0	0	0	0	0	0	0	0	0	0	0	0	0	0	0	0	0	0	0	0	0	0	0	0	0	0	0	0	0	0.001	0	0.001	0	0.001	0	
LmtTime: 1.72
Lmt
0.0890457	0.0964043	0.0803749	0.0605636	0.0603408	0.0629978	0.293497	0.323831	0.297013	0.174094	0.416461	0.16373	0.102516	0.0871112	0.140845	0.245565	0.396006	0.0793463	0.315158	0.146444	0.152539	0.171773	0.158757	0.199838	0.0541317	0.0489455	0.102215	0.312007	0.132575	0.140391	0.15266	0.323697	0.320935	0.220271	0.248784	0.316902	0.310581	0.202891	0.154341	0.284054	0.126363	0.307245	0.285141	0.10573	0.113559	0.0951006	0.0705784	0.0707263	0.073295	0.326349	0.363251	0.33279	0.174755	0.379115	0.140596	0.0955982	0.0885561	0.154212	0.27706	0.375265	0.063372	0.321586	0.171449	0.18106	0.207994	0.134325	0.175544	0.0465622	0.0417203	0.106595	0.279796	0.129966	0.137668	0.150029	0.320814	0.317968	0.215943	0.24877	0.316428	0.309552	0.209292	0.154283	0.284537	0.129824	0.31271	0.290791	0.0921493	0.0924998	0.175315	0.159827	0.225561	0.219826	
MomentArms on: hip_flexion_r
0.00402545	0.0262632	-0.00723831	0.00062521	-0.00973399	0.0316345	0.0173852	0.0309848	0.0363452	0.043257	0.0336827	
MomentArms on: knee_angle_r
-0.0213015	-0.0182263	-0.0173978	-0.0168785	-0.0167838	-0.00250815	-0.0240163	-0.0276786	0.0330656	0.0306495	0.0306532	0.030762	
MomentArms on: ankle_angle_r
0.0202934	0.0230247	0.0146652	0.02746	-0.0115536	-0.0138118	-0.0389568	-0.0384007	-0.00673831	-0.0080824	-0.0349215	-0.0117672	
External Torques: 10.4232 -4.92823 -25.746 
Current Torque on hip_flexion_r 10.5224
Current Torque on knee_angle_r -2.94689
Current Torque on ankle_angle_r -25.5972

----------------------------------------
Estimation completed.

LmtMa: lmtMa DONE
Using c:/opensim_tutorial\tutorials\Cerebral_Palsy_Project\Simulations\TD006\normal2_r1\ceinms\execution as output directory
