Constructing tool from setup file .\setup_ID.xml.

-----------------------------------------------------------------------
Starting Inverse Dynamics
-----------------------------------------------------------------------
-----------------------------------------------------------------------

Loaded model 009 from file ..\..\009_Rajagopal2015_FAI.osim
               MODEL: 009
         coordinates: 39
              forces: 99
           actuators: 99
             muscles: 82
            analyses: 0
              probes: 0
              bodies: 23
              joints: 22
         constraints: 2
             markers: 67
         controllers: 0
  contact geometries: 0
misc modelcomponents: 0
Running tool RunA1.

Storage: file=.\IK.mot (nr=95 nc=40)


Low-pass filtering coordinates data with a cutoff frequency of 6...

Old version storage/motion file encountered
Storage: file=.\RunA1.mot (nr=961 nc=37)
.. assuming rotations in Degrees.
ExternalForce::Right
Data source being set to E:\3-PhD\Data\MocapData\ElaboratedData\009\pre\dynamicElaborations\RunA1\RunA1.mot
ExternalForce::Right_transformedP
Data source being set to E:\3-PhD\Data\MocapData\ElaboratedData\009\pre\dynamicElaborations\RunA1\RunA1.mot_transformedP
InverseDynamicsTool: 96 time frames in 0.055s

Inverse dynamics compute time = 3798ms

