
+-+-+-+-+-+-+
|C|E|I|N|M|S|
+-+-+-+-+-+-+-+-+-+-+
|C|a|l|i|b|r|a|t|e|d|
+-+-+-+-+-+-+-+-+-+-+-+-+
|E|M|G|-|I|n|f|o|r|m|e|d|
+-+-+-+-+-+-+-+-+-+-+-+-+-+-+-+-+-+-+-+-+
|N|e|u|r|o|m|u|s|c|u|l|o|s|k|e|l|e|t|a|l|
+-+-+-+-+-+-+-+-+-+-+-+-+-+-+-+-+-+-+-+-+
|T|o|o|l|b|o|x|
+-+-+-+-+-+-+-+

CEINMScalibrate version 0.21.0
Copyright (C) Apr 29 2020
Claudio Pizzolato, Monica Reggiani, Massimo Sartori, David Lloyd
Software developers: Claudio Pizzolato, Monica Reggiani
readNMSmodelCfg
boost::filesystem::canonical: No such file or directory: "c:\opensim_tutorial\tutorials\Cerebral_Palsy_Project\Simulations\TD026\normal3_l1\ceinms\.\calibratedSubject.xml"Reading subject file: c:\opensim_tutorial\tutorials\Cerebral_Palsy_Project\Simulations\TD026\normal3_l1\ceinms\uncalibratedSubject.xml .
Contact model  not found
Calibration configuration
 - Algorithm
 -- Simulated Annealing
 --- noEpsilon 4
 --- NS 15
 --- NT 5
 --- maxNoEval 200000
 --- rt 0.3
 --- T 200000
 --- epsilon 1e-05
 - NMSmodel
 - CalibrationSteps
 -- Step
 Objective Function: TorqueErrorNormalised
 - Targets Type: Torque
 - Targets: all 
 - Weight: 1
 - Exponent: 1
 Objective Function: Penalty
 - Targets Type: Normalised Fibre Length
 - Targets: all 
 - Weight: 100
 - Exponent: 2
 - Range: 0.6, 1.4
 - Trials
 -- c:\opensim_tutorial\tutorials\Cerebral_Palsy_Project\Simulations\TD026\normal3_l1\ceinms\.\trial.xml


Reading subject file: c:\opensim_tutorial\tutorials\Cerebral_Palsy_Project\Simulations\TD026\normal3_l1\ceinms\uncalibratedSubject.xml .
activeForceLength
passiveForceLength
forceVelocity
tendonForceStrain
Assuming glut_med1_r pennation angle in radians: 0.139626
Assuming glut_med2_r pennation angle in radians: 0
Assuming glut_med3_r pennation angle in radians: 0.331613
Assuming glut_min1_r pennation angle in radians: 0.174533
Assuming glut_min2_r pennation angle in radians: 0
Assuming glut_min3_r pennation angle in radians: 0.0174533
Assuming semimem_r pennation angle in radians: 0.261799
Assuming semiten_r pennation angle in radians: 0.0872665
Assuming bifemlh_r pennation angle in radians: 0
Assuming bifemsh_r pennation angle in radians: 0.401426
Assuming sar_r pennation angle in radians: 0
Assuming add_long_r pennation angle in radians: 0.10472
Assuming add_brev_r pennation angle in radians: 0
Assuming add_mag1_r pennation angle in radians: 0.0872665
Assuming add_mag2_r pennation angle in radians: 0.0523599
Assuming add_mag3_r pennation angle in radians: 0.0872665
Assuming tfl_r pennation angle in radians: 0.0523599
Assuming pect_r pennation angle in radians: 0
Assuming grac_r pennation angle in radians: 0.0523599
Assuming glut_max1_r pennation angle in radians: 0.0872665
Assuming glut_max2_r pennation angle in radians: 0
Assuming glut_max3_r pennation angle in radians: 0.0872665
Assuming iliacus_r pennation angle in radians: 0.122173
Assuming psoas_r pennation angle in radians: 0.139626
Assuming quad_fem_r pennation angle in radians: 0
Assuming gem_r pennation angle in radians: 0
Assuming peri_r pennation angle in radians: 0.174533
Assuming rect_fem_r pennation angle in radians: 0.0872665
Assuming vas_med_r pennation angle in radians: 0.0872665
Assuming vas_int_r pennation angle in radians: 0.0523599
Assuming vas_lat_r pennation angle in radians: 0.0872665
Assuming med_gas_r pennation angle in radians: 0.296706
Assuming lat_gas_r pennation angle in radians: 0.139626
Assuming soleus_r pennation angle in radians: 0.436332
Assuming tib_post_r pennation angle in radians: 0.20944
Assuming flex_dig_r pennation angle in radians: 0.122173
Assuming flex_hal_r pennation angle in radians: 0.174533
Assuming tib_ant_r pennation angle in radians: 0.0872665
Assuming per_brev_r pennation angle in radians: 0.0872665
Assuming per_long_r pennation angle in radians: 0.174533
Assuming per_tert_r pennation angle in radians: 0.226893
Assuming ext_dig_r pennation angle in radians: 0.139626
Assuming ext_hal_r pennation angle in radians: 0.10472
Assuming glut_med1_l pennation angle in radians: 0.139626
Assuming glut_med2_l pennation angle in radians: 0
Assuming glut_med3_l pennation angle in radians: 0.331613
Assuming glut_min1_l pennation angle in radians: 0.174533
Assuming glut_min2_l pennation angle in radians: 0
Assuming glut_min3_l pennation angle in radians: 0.0174533
Assuming semimem_l pennation angle in radians: 0.261799
Assuming semiten_l pennation angle in radians: 0.0872665
Assuming bifemlh_l pennation angle in radians: 0
Assuming bifemsh_l pennation angle in radians: 0.401426
Assuming sar_l pennation angle in radians: 0
Assuming add_long_l pennation angle in radians: 0.10472
Assuming add_brev_l pennation angle in radians: 0
Assuming add_mag1_l pennation angle in radians: 0.0872665
Assuming add_mag2_l pennation angle in radians: 0.0523599
Assuming add_mag3_l pennation angle in radians: 0.0872665
Assuming tfl_l pennation angle in radians: 0.0523599
Assuming pect_l pennation angle in radians: 0
Assuming grac_l pennation angle in radians: 0.0523599
Assuming glut_max1_l pennation angle in radians: 0.0872665
Assuming glut_max2_l pennation angle in radians: 0
Assuming glut_max3_l pennation angle in radians: 0.0872665
Assuming iliacus_l pennation angle in radians: 0.122173
Assuming psoas_l pennation angle in radians: 0.139626
Assuming quad_fem_l pennation angle in radians: 0
Assuming gem_l pennation angle in radians: 0
Assuming peri_l pennation angle in radians: 0.174533
Assuming rect_fem_l pennation angle in radians: 0.0872665
Assuming vas_med_l pennation angle in radians: 0.0872665
Assuming vas_int_l pennation angle in radians: 0.0523599
Assuming vas_lat_l pennation angle in radians: 0.0872665
Assuming med_gas_l pennation angle in radians: 0.296706
Assuming lat_gas_l pennation angle in radians: 0.139626
Assuming soleus_l pennation angle in radians: 0.436332
Assuming tib_post_l pennation angle in radians: 0.20944
Assuming flex_dig_l pennation angle in radians: 0.122173
Assuming flex_hal_l pennation angle in radians: 0.174533
Assuming tib_ant_l pennation angle in radians: 0.0872665
Assuming per_brev_l pennation angle in radians: 0.0872665
Assuming per_long_l pennation angle in radians: 0.174533
Assuming per_tert_l pennation angle in radians: 0.226893
Assuming ext_dig_l pennation angle in radians: 0.139626
Assuming ext_hal_l pennation angle in radians: 0.10472
Assuming ercspn_r pennation angle in radians: 0
Assuming ercspn_l pennation angle in radians: 0
Assuming intobl_r pennation angle in radians: 0
Assuming intobl_l pennation angle in radians: 0
Assuming extobl_r pennation angle in radians: 0
Assuming extobl_l pennation angle in radians: 0
Found OpenSim model associated to the subject: c:\opensim_tutorial\tutorials\Cerebral_Palsy_Project\Simulations\TD026\TD026_v3.osim

EMG: Reading emg file...c:/opensim_tutorial/tutorials/Cerebral_Palsy_Project/Simulations/TD026/normal3_l1/ceinms/./../processed_emg_signals.mot
Muscle excitations to muscle mapping:
glut_med1_r -> glut_med1_r
glut_med2_r -> glut_med2_r
glut_med3_r -> glut_med3_r
glut_min1_r -> glut_min1_r
glut_min2_r -> glut_min2_r
glut_min3_r -> glut_min3_r
semimem_r -> semimem_r
semiten_r -> semiten_r
bifemlh_r -> bifemlh_r
bifemsh_r -> bifemsh_r
sar_r -> sar_r
add_long_r -> add_long_r
add_brev_r -> add_brev_r
add_mag1_r -> add_mag1_r
add_mag2_r -> add_mag2_r
add_mag3_r -> add_mag3_r
tfl_r -> tfl_r
pect_r -> pect_r
grac_r -> grac_r
glut_max1_r -> glut_max1_r
glut_max2_r -> glut_max2_r
glut_max3_r -> glut_max3_r
iliacus_r -> iliacus_r
psoas_r -> psoas_r
quad_fem_r -> quad_fem_r
gem_r -> gem_r
peri_r -> peri_r
rect_fem_r -> rect_fem_r
vas_med_r -> vas_med_r
vas_int_r -> vas_int_r
vas_lat_r -> vas_lat_r
med_gas_r -> med_gas_r
lat_gas_r -> lat_gas_r
soleus_r -> soleus_r
tib_post_r -> tib_post_r
flex_dig_r -> flex_dig_r
flex_hal_r -> flex_hal_r
tib_ant_r -> tib_ant_r
per_brev_r -> per_brev_r
per_long_r -> per_long_r
per_tert_r -> per_tert_r
ext_dig_r -> ext_dig_r
ext_hal_r -> ext_hal_r
glut_med1_l -> glut_med1_l
glut_med2_l -> glut_med2_l
glut_med3_l -> glut_med3_l
glut_min1_l -> glut_min1_l
glut_min2_l -> glut_min2_l
glut_min3_l -> glut_min3_l
semimem_l -> semimem_l
semiten_l -> semiten_l
bifemlh_l -> bifemlh_l
bifemsh_l -> bifemsh_l
sar_l -> sar_l
add_long_l -> add_long_l
add_brev_l -> add_brev_l
add_mag1_l -> add_mag1_l
add_mag2_l -> add_mag2_l
add_mag3_l -> add_mag3_l
tfl_l -> tfl_l
pect_l -> pect_l
grac_l -> grac_l
glut_max1_l -> glut_max1_l
glut_max2_l -> glut_max2_l
glut_max3_l -> glut_max3_l
iliacus_l -> iliacus_l
psoas_l -> psoas_l
quad_fem_l -> quad_fem_l
gem_l -> gem_l
peri_l -> peri_l
rect_fem_l -> rect_fem_l
vas_med_l -> vas_med_l
vas_int_l -> vas_int_l
vas_lat_l -> vas_lat_l
med_gas_l -> med_gas_l
lat_gas_l -> lat_gas_l
soleus_l -> soleus_l
tib_post_l -> tib_post_l
flex_dig_l -> flex_dig_l
flex_hal_l -> flex_hal_l
tib_ant_l -> tib_ant_l
per_brev_l -> per_brev_l
per_long_l -> per_long_l
per_tert_l -> per_tert_l
ext_dig_l -> ext_dig_l
ext_hal_l -> ext_hal_l
ercspn_r -> ercspn_r
ercspn_l -> ercspn_l
intobl_r -> intobl_r
intobl_l -> intobl_l
extobl_r -> extobl_r
extobl_l -> extobl_l

externalTorque DONE

EMG: EMG DONE

LmtMa: lmtMa DONE
Cropping trial: 0.17, 0.6
Loaded model TD026 from file c:\opensim_tutorial\tutorials\Cerebral_Palsy_Project\Simulations\TD026\TD026_v3.osim
Storage: file=c:/opensim_tutorial/tutorials/Cerebral_Palsy_Project/Simulations/TD026/normal3_l1/ceinms/./../Visual3d_SIMM_input.mot (nr=44 nc=42)
Return false
fLatest_.at(0) - fOpt_ = 76.9884 - 38.104 > 1e-05
------------------------------------------------------------------------------
 Objective Function: TorqueErrorNormalised
 - Targets Type: Torque
 - Targets: hip_flexion_l hip_adduction_l hip_rotation_l knee_angle_l ankle_angle_l 
 - Weight: 1
 - Exponent: 1
 - Value: 76.892
 -- Root Mean Square Errors
 --- Trial #1
 ---- hip_flexion_l: 5.64706 Nm
 ---- hip_adduction_l: 20.0493 Nm
 ---- hip_rotation_l: 2.69756 Nm
 ---- knee_angle_l: 15.4419 Nm
 ---- ankle_angle_l: 33.0562 Nm

 Objective Function: Penalty
 - Targets Type: Normalised Fibre Length
 - Targets: glut_med1_r glut_med2_r glut_med3_r glut_min1_r glut_min2_r glut_min3_r semimem_r semiten_r bifemlh_r bifemsh_r sar_r add_long_r add_brev_r add_mag1_r add_mag2_r add_mag3_r tfl_r pect_r grac_r glut_max1_r glut_max2_r glut_max3_r iliacus_r psoas_r quad_fem_r gem_r peri_r rect_fem_r vas_med_r vas_int_r vas_lat_r med_gas_r lat_gas_r soleus_r tib_post_r flex_dig_r flex_hal_r tib_ant_r per_brev_r per_long_r per_tert_r ext_dig_r ext_hal_r glut_med1_l glut_med2_l glut_med3_l glut_min1_l glut_min2_l glut_min3_l semimem_l semiten_l bifemlh_l bifemsh_l sar_l add_long_l add_brev_l add_mag1_l add_mag2_l add_mag3_l tfl_l pect_l grac_l glut_max1_l glut_max2_l glut_max3_l iliacus_l psoas_l quad_fem_l gem_l peri_l rect_fem_l vas_med_l vas_int_l vas_lat_l med_gas_l lat_gas_l soleus_l tib_post_l flex_dig_l flex_hal_l tib_ant_l per_brev_l per_long_l per_tert_l ext_dig_l ext_hal_l ercspn_r ercspn_l intobl_r intobl_l extobl_r extobl_l 
 - Weight: 100
 - Exponent: 2
 - Range: 0.6, 1.4
 - Value: 0.0963371

------------------------------------------------------------------------------
   Fobj = 76.9884
------------------------------------------------------------------------------
Return false
fLatest_.at(0) - fOpt_ = 81.5259 - 34.1304 > 1e-05
------------------------------------------------------------------------------
 Objective Function: TorqueErrorNormalised
 - Targets Type: Torque
 - Targets: hip_flexion_l hip_adduction_l hip_rotation_l knee_angle_l ankle_angle_l 
 - Weight: 1
 - Exponent: 1
 - Value: 81.3091
 -- Root Mean Square Errors
 --- Trial #1
 ---- hip_flexion_l: 3.5189 Nm
 ---- hip_adduction_l: 20.8762 Nm
 ---- hip_rotation_l: 3.52892 Nm
 ---- knee_angle_l: 16.0002 Nm
 ---- ankle_angle_l: 37.385 Nm

 Objective Function: Penalty
 - Targets Type: Normalised Fibre Length
 - Targets: glut_med1_r glut_med2_r glut_med3_r glut_min1_r glut_min2_r glut_min3_r semimem_r semiten_r bifemlh_r bifemsh_r sar_r add_long_r add_brev_r add_mag1_r add_mag2_r add_mag3_r tfl_r pect_r grac_r glut_max1_r glut_max2_r glut_max3_r iliacus_r psoas_r quad_fem_r gem_r peri_r rect_fem_r vas_med_r vas_int_r vas_lat_r med_gas_r lat_gas_r soleus_r tib_post_r flex_dig_r flex_hal_r tib_ant_r per_brev_r per_long_r per_tert_r ext_dig_r ext_hal_r glut_med1_l glut_med2_l glut_med3_l glut_min1_l glut_min2_l glut_min3_l semimem_l semiten_l bifemlh_l bifemsh_l sar_l add_long_l add_brev_l add_mag1_l add_mag2_l add_mag3_l tfl_l pect_l grac_l glut_max1_l glut_max2_l glut_max3_l iliacus_l psoas_l quad_fem_l gem_l peri_l rect_fem_l vas_med_l vas_int_l vas_lat_l med_gas_l lat_gas_l soleus_l tib_post_l flex_dig_l flex_hal_l tib_ant_l per_brev_l per_long_l per_tert_l ext_dig_l ext_hal_l ercspn_r ercspn_l intobl_r intobl_l extobl_r extobl_l 
 - Weight: 100
 - Exponent: 2
 - Range: 0.6, 1.4
 - Value: 0.21677

------------------------------------------------------------------------------
   Fobj = 81.5259
------------------------------------------------------------------------------
Return false
fLatest_.at(0) - fOpt_ = 144.786 - 32.6851 > 1e-05
------------------------------------------------------------------------------
 Objective Function: TorqueErrorNormalised
 - Targets Type: Torque
 - Targets: hip_flexion_l hip_adduction_l hip_rotation_l knee_angle_l ankle_angle_l 
 - Weight: 1
 - Exponent: 1
 - Value: 144.731
 -- Root Mean Square Errors
 --- Trial #1
 ---- hip_flexion_l: 4.93465 Nm
 ---- hip_adduction_l: 25.6987 Nm
 ---- hip_rotation_l: 1.43324 Nm
 ---- knee_angle_l: 18.1834 Nm
 ---- ankle_angle_l: 94.4807 Nm

 Objective Function: Penalty
 - Targets Type: Normalised Fibre Length
 - Targets: glut_med1_r glut_med2_r glut_med3_r glut_min1_r glut_min2_r glut_min3_r semimem_r semiten_r bifemlh_r bifemsh_r sar_r add_long_r add_brev_r add_mag1_r add_mag2_r add_mag3_r tfl_r pect_r grac_r glut_max1_r glut_max2_r glut_max3_r iliacus_r psoas_r quad_fem_r gem_r peri_r rect_fem_r vas_med_r vas_int_r vas_lat_r med_gas_r lat_gas_r soleus_r tib_post_r flex_dig_r flex_hal_r tib_ant_r per_brev_r per_long_r per_tert_r ext_dig_r ext_hal_r glut_med1_l glut_med2_l glut_med3_l glut_min1_l glut_min2_l glut_min3_l semimem_l semiten_l bifemlh_l bifemsh_l sar_l add_long_l add_brev_l add_mag1_l add_mag2_l add_mag3_l tfl_l pect_l grac_l glut_max1_l glut_max2_l glut_max3_l iliacus_l psoas_l quad_fem_l gem_l peri_l rect_fem_l vas_med_l vas_int_l vas_lat_l med_gas_l lat_gas_l soleus_l tib_post_l flex_dig_l flex_hal_l tib_ant_l per_brev_l per_long_l per_tert_l ext_dig_l ext_hal_l ercspn_r ercspn_l intobl_r intobl_l extobl_r extobl_l 
 - Weight: 100
 - Exponent: 2
 - Range: 0.6, 1.4
 - Value: 0.0552704

------------------------------------------------------------------------------
   Fobj = 144.786
------------------------------------------------------------------------------
Return false
fLatest_.at(0) - fOpt_ = 206.757 - 32.2121 > 1e-05
------------------------------------------------------------------------------
 Objective Function: TorqueErrorNormalised
 - Targets Type: Torque
 - Targets: hip_flexion_l hip_adduction_l hip_rotation_l knee_angle_l ankle_angle_l 
 - Weight: 1
 - Exponent: 1
 - Value: 206.306
 -- Root Mean Square Errors
 --- Trial #1
 ---- hip_flexion_l: 3.83552 Nm
 ---- hip_adduction_l: 26.2578 Nm
 ---- hip_rotation_l: 1.739 Nm
 ---- knee_angle_l: 47.2396 Nm
 ---- ankle_angle_l: 127.234 Nm

 Objective Function: Penalty
 - Targets Type: Normalised Fibre Length
 - Targets: glut_med1_r glut_med2_r glut_med3_r glut_min1_r glut_min2_r glut_min3_r semimem_r semiten_r bifemlh_r bifemsh_r sar_r add_long_r add_brev_r add_mag1_r add_mag2_r add_mag3_r tfl_r pect_r grac_r glut_max1_r glut_max2_r glut_max3_r iliacus_r psoas_r quad_fem_r gem_r peri_r rect_fem_r vas_med_r vas_int_r vas_lat_r med_gas_r lat_gas_r soleus_r tib_post_r flex_dig_r flex_hal_r tib_ant_r per_brev_r per_long_r per_tert_r ext_dig_r ext_hal_r glut_med1_l glut_med2_l glut_med3_l glut_min1_l glut_min2_l glut_min3_l semimem_l semiten_l bifemlh_l bifemsh_l sar_l add_long_l add_brev_l add_mag1_l add_mag2_l add_mag3_l tfl_l pect_l grac_l glut_max1_l glut_max2_l glut_max3_l iliacus_l psoas_l quad_fem_l gem_l peri_l rect_fem_l vas_med_l vas_int_l vas_lat_l med_gas_l lat_gas_l soleus_l tib_post_l flex_dig_l flex_hal_l tib_ant_l per_brev_l per_long_l per_tert_l ext_dig_l ext_hal_l ercspn_r ercspn_l intobl_r intobl_l extobl_r extobl_l 
 - Weight: 100
 - Exponent: 2
 - Range: 0.6, 1.4
 - Value: 0.451377

------------------------------------------------------------------------------
   Fobj = 206.757
------------------------------------------------------------------------------
Return false
fLatest_.at(0) - fOpt_ = 263.844 - 30.6541 > 1e-05
------------------------------------------------------------------------------
 Objective Function: TorqueErrorNormalised
 - Targets Type: Torque
 - Targets: hip_flexion_l hip_adduction_l hip_rotation_l knee_angle_l ankle_angle_l 
 - Weight: 1
 - Exponent: 1
 - Value: 263.552
 -- Root Mean Square Errors
 --- Trial #1
 ---- hip_flexion_l: 5.09679 Nm
 ---- hip_adduction_l: 17.9093 Nm
 ---- hip_rotation_l: 0.881603 Nm
 ---- knee_angle_l: 44.5962 Nm
 ---- ankle_angle_l: 195.068 Nm

 Objective Function: Penalty
 - Targets Type: Normalised Fibre Length
 - Targets: glut_med1_r glut_med2_r glut_med3_r glut_min1_r glut_min2_r glut_min3_r semimem_r semiten_r bifemlh_r bifemsh_r sar_r add_long_r add_brev_r add_mag1_r add_mag2_r add_mag3_r tfl_r pect_r grac_r glut_max1_r glut_max2_r glut_max3_r iliacus_r psoas_r quad_fem_r gem_r peri_r rect_fem_r vas_med_r vas_int_r vas_lat_r med_gas_r lat_gas_r soleus_r tib_post_r flex_dig_r flex_hal_r tib_ant_r per_brev_r per_long_r per_tert_r ext_dig_r ext_hal_r glut_med1_l glut_med2_l glut_med3_l glut_min1_l glut_min2_l glut_min3_l semimem_l semiten_l bifemlh_l bifemsh_l sar_l add_long_l add_brev_l add_mag1_l add_mag2_l add_mag3_l tfl_l pect_l grac_l glut_max1_l glut_max2_l glut_max3_l iliacus_l psoas_l quad_fem_l gem_l peri_l rect_fem_l vas_med_l vas_int_l vas_lat_l med_gas_l lat_gas_l soleus_l tib_post_l flex_dig_l flex_hal_l tib_ant_l per_brev_l per_long_l per_tert_l ext_dig_l ext_hal_l ercspn_r ercspn_l intobl_r intobl_l extobl_r extobl_l 
 - Weight: 100
 - Exponent: 2
 - Range: 0.6, 1.4
 - Value: 0.292244

------------------------------------------------------------------------------
   Fobj = 263.844
------------------------------------------------------------------------------
Return false
fLatest_.at(0) - fOpt_ = 126.386 - 30.3804 > 1e-05
------------------------------------------------------------------------------
 Objective Function: TorqueErrorNormalised
 - Targets Type: Torque
 - Targets: hip_flexion_l hip_adduction_l hip_rotation_l knee_angle_l ankle_angle_l 
 - Weight: 1
 - Exponent: 1
 - Value: 126.303
 -- Root Mean Square Errors
 --- Trial #1
 ---- hip_flexion_l: 5.38554 Nm
 ---- hip_adduction_l: 22.4751 Nm
 ---- hip_rotation_l: 3.10151 Nm
 ---- knee_angle_l: 17.5183 Nm
 ---- ankle_angle_l: 77.8226 Nm

 Objective Function: Penalty
 - Targets Type: Normalised Fibre Length
 - Targets: glut_med1_r glut_med2_r glut_med3_r glut_min1_r glut_min2_r glut_min3_r semimem_r semiten_r bifemlh_r bifemsh_r sar_r add_long_r add_brev_r add_mag1_r add_mag2_r add_mag3_r tfl_r pect_r grac_r glut_max1_r glut_max2_r glut_max3_r iliacus_r psoas_r quad_fem_r gem_r peri_r rect_fem_r vas_med_r vas_int_r vas_lat_r med_gas_r lat_gas_r soleus_r tib_post_r flex_dig_r flex_hal_r tib_ant_r per_brev_r per_long_r per_tert_r ext_dig_r ext_hal_r glut_med1_l glut_med2_l glut_med3_l glut_min1_l glut_min2_l glut_min3_l semimem_l semiten_l bifemlh_l bifemsh_l sar_l add_long_l add_brev_l add_mag1_l add_mag2_l add_mag3_l tfl_l pect_l grac_l glut_max1_l glut_max2_l glut_max3_l iliacus_l psoas_l quad_fem_l gem_l peri_l rect_fem_l vas_med_l vas_int_l vas_lat_l med_gas_l lat_gas_l soleus_l tib_post_l flex_dig_l flex_hal_l tib_ant_l per_brev_l per_long_l per_tert_l ext_dig_l ext_hal_l ercspn_r ercspn_l intobl_r intobl_l extobl_r extobl_l 
 - Weight: 100
 - Exponent: 2
 - Range: 0.6, 1.4
 - Value: 0.0825938

------------------------------------------------------------------------------
   Fobj = 126.386
------------------------------------------------------------------------------
Return false
fLatest_.at(0) - fOpt_ = 108.463 - 30.3804 > 1e-05
------------------------------------------------------------------------------
 Objective Function: TorqueErrorNormalised
 - Targets Type: Torque
 - Targets: hip_flexion_l hip_adduction_l hip_rotation_l knee_angle_l ankle_angle_l 
 - Weight: 1
 - Exponent: 1
 - Value: 108.351
 -- Root Mean Square Errors
 --- Trial #1
 ---- hip_flexion_l: 6.10226 Nm
 ---- hip_adduction_l: 22.8134 Nm
 ---- hip_rotation_l: 2.083 Nm
 ---- knee_angle_l: 3.59074 Nm
 ---- ankle_angle_l: 73.7611 Nm

 Objective Function: Penalty
 - Targets Type: Normalised Fibre Length
 - Targets: glut_med1_r glut_med2_r glut_med3_r glut_min1_r glut_min2_r glut_min3_r semimem_r semiten_r bifemlh_r bifemsh_r sar_r add_long_r add_brev_r add_mag1_r add_mag2_r add_mag3_r tfl_r pect_r grac_r glut_max1_r glut_max2_r glut_max3_r iliacus_r psoas_r quad_fem_r gem_r peri_r rect_fem_r vas_med_r vas_int_r vas_lat_r med_gas_r lat_gas_r soleus_r tib_post_r flex_dig_r flex_hal_r tib_ant_r per_brev_r per_long_r per_tert_r ext_dig_r ext_hal_r glut_med1_l glut_med2_l glut_med3_l glut_min1_l glut_min2_l glut_min3_l semimem_l semiten_l bifemlh_l bifemsh_l sar_l add_long_l add_brev_l add_mag1_l add_mag2_l add_mag3_l tfl_l pect_l grac_l glut_max1_l glut_max2_l glut_max3_l iliacus_l psoas_l quad_fem_l gem_l peri_l rect_fem_l vas_med_l vas_int_l vas_lat_l med_gas_l lat_gas_l soleus_l tib_post_l flex_dig_l flex_hal_l tib_ant_l per_brev_l per_long_l per_tert_l ext_dig_l ext_hal_l ercspn_r ercspn_l intobl_r intobl_l extobl_r extobl_l 
 - Weight: 100
 - Exponent: 2
 - Range: 0.6, 1.4
 - Value: 0.112375

------------------------------------------------------------------------------
   Fobj = 108.463
------------------------------------------------------------------------------
Return false
fLatest_.at(0) - fOpt_ = 118.196 - 30.3138 > 1e-05
------------------------------------------------------------------------------
 Objective Function: TorqueErrorNormalised
 - Targets Type: Torque
 - Targets: hip_flexion_l hip_adduction_l hip_rotation_l knee_angle_l ankle_angle_l 
 - Weight: 1
 - Exponent: 1
 - Value: 118.114
 -- Root Mean Square Errors
 --- Trial #1
 ---- hip_flexion_l: 10.4538 Nm
 ---- hip_adduction_l: 19.5741 Nm
 ---- hip_rotation_l: 0.639544 Nm
 ---- knee_angle_l: 11.6609 Nm
 ---- ankle_angle_l: 75.7861 Nm

 Objective Function: Penalty
 - Targets Type: Normalised Fibre Length
 - Targets: glut_med1_r glut_med2_r glut_med3_r glut_min1_r glut_min2_r glut_min3_r semimem_r semiten_r bifemlh_r bifemsh_r sar_r add_long_r add_brev_r add_mag1_r add_mag2_r add_mag3_r tfl_r pect_r grac_r glut_max1_r glut_max2_r glut_max3_r iliacus_r psoas_r quad_fem_r gem_r peri_r rect_fem_r vas_med_r vas_int_r vas_lat_r med_gas_r lat_gas_r soleus_r tib_post_r flex_dig_r flex_hal_r tib_ant_r per_brev_r per_long_r per_tert_r ext_dig_r ext_hal_r glut_med1_l glut_med2_l glut_med3_l glut_min1_l glut_min2_l glut_min3_l semimem_l semiten_l bifemlh_l bifemsh_l sar_l add_long_l add_brev_l add_mag1_l add_mag2_l add_mag3_l tfl_l pect_l grac_l glut_max1_l glut_max2_l glut_max3_l iliacus_l psoas_l quad_fem_l gem_l peri_l rect_fem_l vas_med_l vas_int_l vas_lat_l med_gas_l lat_gas_l soleus_l tib_post_l flex_dig_l flex_hal_l tib_ant_l per_brev_l per_long_l per_tert_l ext_dig_l ext_hal_l ercspn_r ercspn_l intobl_r intobl_l extobl_r extobl_l 
 - Weight: 100
 - Exponent: 2
 - Range: 0.6, 1.4
 - Value: 0.0817049

------------------------------------------------------------------------------
   Fobj = 118.196
------------------------------------------------------------------------------
Return false
fLatest_.at(0) - fOpt_ = 63.2624 - 29.9086 > 1e-05
------------------------------------------------------------------------------
 Objective Function: TorqueErrorNormalised
 - Targets Type: Torque
 - Targets: hip_flexion_l hip_adduction_l hip_rotation_l knee_angle_l ankle_angle_l 
 - Weight: 1
 - Exponent: 1
 - Value: 63.1703
 -- Root Mean Square Errors
 --- Trial #1
 ---- hip_flexion_l: 10.6374 Nm
 ---- hip_adduction_l: 19.2829 Nm
 ---- hip_rotation_l: 5.45541 Nm
 ---- knee_angle_l: 4.49205 Nm
 ---- ankle_angle_l: 23.3026 Nm

 Objective Function: Penalty
 - Targets Type: Normalised Fibre Length
 - Targets: glut_med1_r glut_med2_r glut_med3_r glut_min1_r glut_min2_r glut_min3_r semimem_r semiten_r bifemlh_r bifemsh_r sar_r add_long_r add_brev_r add_mag1_r add_mag2_r add_mag3_r tfl_r pect_r grac_r glut_max1_r glut_max2_r glut_max3_r iliacus_r psoas_r quad_fem_r gem_r peri_r rect_fem_r vas_med_r vas_int_r vas_lat_r med_gas_r lat_gas_r soleus_r tib_post_r flex_dig_r flex_hal_r tib_ant_r per_brev_r per_long_r per_tert_r ext_dig_r ext_hal_r glut_med1_l glut_med2_l glut_med3_l glut_min1_l glut_min2_l glut_min3_l semimem_l semiten_l bifemlh_l bifemsh_l sar_l add_long_l add_brev_l add_mag1_l add_mag2_l add_mag3_l tfl_l pect_l grac_l glut_max1_l glut_max2_l glut_max3_l iliacus_l psoas_l quad_fem_l gem_l peri_l rect_fem_l vas_med_l vas_int_l vas_lat_l med_gas_l lat_gas_l soleus_l tib_post_l flex_dig_l flex_hal_l tib_ant_l per_brev_l per_long_l per_tert_l ext_dig_l ext_hal_l ercspn_r ercspn_l intobl_r intobl_l extobl_r extobl_l 
 - Weight: 100
 - Exponent: 2
 - Range: 0.6, 1.4
 - Value: 0.0920529

------------------------------------------------------------------------------
   Fobj = 63.2624
------------------------------------------------------------------------------
Return false
fLatest_.at(0) - fOpt_ = 34.5679 - 27.5515 > 1e-05
------------------------------------------------------------------------------
 Objective Function: TorqueErrorNormalised
 - Targets Type: Torque
 - Targets: hip_flexion_l hip_adduction_l hip_rotation_l knee_angle_l ankle_angle_l 
 - Weight: 1
 - Exponent: 1
 - Value: 34.4245
 -- Root Mean Square Errors
 --- Trial #1
 ---- hip_flexion_l: 2.75514 Nm
 ---- hip_adduction_l: 17.6906 Nm
 ---- hip_rotation_l: 4.34546 Nm
 ---- knee_angle_l: 2.97831 Nm
 ---- ankle_angle_l: 6.65503 Nm

 Objective Function: Penalty
 - Targets Type: Normalised Fibre Length
 - Targets: glut_med1_r glut_med2_r glut_med3_r glut_min1_r glut_min2_r glut_min3_r semimem_r semiten_r bifemlh_r bifemsh_r sar_r add_long_r add_brev_r add_mag1_r add_mag2_r add_mag3_r tfl_r pect_r grac_r glut_max1_r glut_max2_r glut_max3_r iliacus_r psoas_r quad_fem_r gem_r peri_r rect_fem_r vas_med_r vas_int_r vas_lat_r med_gas_r lat_gas_r soleus_r tib_post_r flex_dig_r flex_hal_r tib_ant_r per_brev_r per_long_r per_tert_r ext_dig_r ext_hal_r glut_med1_l glut_med2_l glut_med3_l glut_min1_l glut_min2_l glut_min3_l semimem_l semiten_l bifemlh_l bifemsh_l sar_l add_long_l add_brev_l add_mag1_l add_mag2_l add_mag3_l tfl_l pect_l grac_l glut_max1_l glut_max2_l glut_max3_l iliacus_l psoas_l quad_fem_l gem_l peri_l rect_fem_l vas_med_l vas_int_l vas_lat_l med_gas_l lat_gas_l soleus_l tib_post_l flex_dig_l flex_hal_l tib_ant_l per_brev_l per_long_l per_tert_l ext_dig_l ext_hal_l ercspn_r ercspn_l intobl_r intobl_l extobl_r extobl_l 
 - Weight: 100
 - Exponent: 2
 - Range: 0.6, 1.4
 - Value: 0.14338

------------------------------------------------------------------------------
   Fobj = 34.5679
------------------------------------------------------------------------------
Return false
fLatest_.at(0) - fOpt_ = 29.0376 - 23.8702 > 1e-05
------------------------------------------------------------------------------
 Objective Function: TorqueErrorNormalised
 - Targets Type: Torque
 - Targets: hip_flexion_l hip_adduction_l hip_rotation_l knee_angle_l ankle_angle_l 
 - Weight: 1
 - Exponent: 1
 - Value: 28.9864
 -- Root Mean Square Errors
 --- Trial #1
 ---- hip_flexion_l: 4.13005 Nm
 ---- hip_adduction_l: 17.4802 Nm
 ---- hip_rotation_l: 1.71461 Nm
 ---- knee_angle_l: 2.84697 Nm
 ---- ankle_angle_l: 2.81453 Nm

 Objective Function: Penalty
 - Targets Type: Normalised Fibre Length
 - Targets: glut_med1_r glut_med2_r glut_med3_r glut_min1_r glut_min2_r glut_min3_r semimem_r semiten_r bifemlh_r bifemsh_r sar_r add_long_r add_brev_r add_mag1_r add_mag2_r add_mag3_r tfl_r pect_r grac_r glut_max1_r glut_max2_r glut_max3_r iliacus_r psoas_r quad_fem_r gem_r peri_r rect_fem_r vas_med_r vas_int_r vas_lat_r med_gas_r lat_gas_r soleus_r tib_post_r flex_dig_r flex_hal_r tib_ant_r per_brev_r per_long_r per_tert_r ext_dig_r ext_hal_r glut_med1_l glut_med2_l glut_med3_l glut_min1_l glut_min2_l glut_min3_l semimem_l semiten_l bifemlh_l bifemsh_l sar_l add_long_l add_brev_l add_mag1_l add_mag2_l add_mag3_l tfl_l pect_l grac_l glut_max1_l glut_max2_l glut_max3_l iliacus_l psoas_l quad_fem_l gem_l peri_l rect_fem_l vas_med_l vas_int_l vas_lat_l med_gas_l lat_gas_l soleus_l tib_post_l flex_dig_l flex_hal_l tib_ant_l per_brev_l per_long_l per_tert_l ext_dig_l ext_hal_l ercspn_r ercspn_l intobl_r intobl_l extobl_r extobl_l 
 - Weight: 100
 - Exponent: 2
 - Range: 0.6, 1.4
 - Value: 0.0512441

------------------------------------------------------------------------------
   Fobj = 29.0376
------------------------------------------------------------------------------
Return false
fLatest_.at(0) - fOpt_ = 22.4816 - 21.4268 > 1e-05
------------------------------------------------------------------------------
 Objective Function: TorqueErrorNormalised
 - Targets Type: Torque
 - Targets: hip_flexion_l hip_adduction_l hip_rotation_l knee_angle_l ankle_angle_l 
 - Weight: 1
 - Exponent: 1
 - Value: 22.3544
 -- Root Mean Square Errors
 --- Trial #1
 ---- hip_flexion_l: 2.75277 Nm
 ---- hip_adduction_l: 15.4605 Nm
 ---- hip_rotation_l: 0.224433 Nm
 ---- knee_angle_l: 1.37343 Nm
 ---- ankle_angle_l: 2.54325 Nm

 Objective Function: Penalty
 - Targets Type: Normalised Fibre Length
 - Targets: glut_med1_r glut_med2_r glut_med3_r glut_min1_r glut_min2_r glut_min3_r semimem_r semiten_r bifemlh_r bifemsh_r sar_r add_long_r add_brev_r add_mag1_r add_mag2_r add_mag3_r tfl_r pect_r grac_r glut_max1_r glut_max2_r glut_max3_r iliacus_r psoas_r quad_fem_r gem_r peri_r rect_fem_r vas_med_r vas_int_r vas_lat_r med_gas_r lat_gas_r soleus_r tib_post_r flex_dig_r flex_hal_r tib_ant_r per_brev_r per_long_r per_tert_r ext_dig_r ext_hal_r glut_med1_l glut_med2_l glut_med3_l glut_min1_l glut_min2_l glut_min3_l semimem_l semiten_l bifemlh_l bifemsh_l sar_l add_long_l add_brev_l add_mag1_l add_mag2_l add_mag3_l tfl_l pect_l grac_l glut_max1_l glut_max2_l glut_max3_l iliacus_l psoas_l quad_fem_l gem_l peri_l rect_fem_l vas_med_l vas_int_l vas_lat_l med_gas_l lat_gas_l soleus_l tib_post_l flex_dig_l flex_hal_l tib_ant_l per_brev_l per_long_l per_tert_l ext_dig_l ext_hal_l ercspn_r ercspn_l intobl_r intobl_l extobl_r extobl_l 
 - Weight: 100
 - Exponent: 2
 - Range: 0.6, 1.4
 - Value: 0.127184

------------------------------------------------------------------------------
   Fobj = 22.4816
------------------------------------------------------------------------------

Calibration finished.
Best solution found:
fOpt_ = 21.4268
------------------------------------------------------------------------------
 Objective Function: TorqueErrorNormalised
 - Targets Type: Torque
 - Targets: hip_flexion_l hip_adduction_l hip_rotation_l knee_angle_l ankle_angle_l 
 - Weight: 1
 - Exponent: 1
 - Value: 21.3016
 -- Root Mean Square Errors
 --- Trial #1
 ---- hip_flexion_l: 1.81915 Nm
 ---- hip_adduction_l: 15.5125 Nm
 ---- hip_rotation_l: 0.562644 Nm
 ---- knee_angle_l: 2.00628 Nm
 ---- ankle_angle_l: 1.40105 Nm

 Objective Function: Penalty
 - Targets Type: Normalised Fibre Length
 - Targets: glut_med1_r glut_med2_r glut_med3_r glut_min1_r glut_min2_r glut_min3_r semimem_r semiten_r bifemlh_r bifemsh_r sar_r add_long_r add_brev_r add_mag1_r add_mag2_r add_mag3_r tfl_r pect_r grac_r glut_max1_r glut_max2_r glut_max3_r iliacus_r psoas_r quad_fem_r gem_r peri_r rect_fem_r vas_med_r vas_int_r vas_lat_r med_gas_r lat_gas_r soleus_r tib_post_r flex_dig_r flex_hal_r tib_ant_r per_brev_r per_long_r per_tert_r ext_dig_r ext_hal_r glut_med1_l glut_med2_l glut_med3_l glut_min1_l glut_min2_l glut_min3_l semimem_l semiten_l bifemlh_l bifemsh_l sar_l add_long_l add_brev_l add_mag1_l add_mag2_l add_mag3_l tfl_l pect_l grac_l glut_max1_l glut_max2_l glut_max3_l iliacus_l psoas_l quad_fem_l gem_l peri_l rect_fem_l vas_med_l vas_int_l vas_lat_l med_gas_l lat_gas_l soleus_l tib_post_l flex_dig_l flex_hal_l tib_ant_l per_brev_l per_long_l per_tert_l ext_dig_l ext_hal_l ercspn_r ercspn_l intobl_r intobl_l extobl_r extobl_l 
 - Weight: 100
 - Exponent: 2
 - Range: 0.6, 1.4
 - Value: 0.137731

------------------------------------------------------------------------------
   Fobj = 21.4393
------------------------------------------------------------------------------
total number of evaluations:205200
Reading subject file: c:\opensim_tutorial\tutorials\Cerebral_Palsy_Project\Simulations\TD026\normal3_l1\ceinms\uncalibratedSubject.xml .
Calibration time: 11minutes
