Constructing tool from setup file E:\3-PhD\Data\MocapData\ElaboratedData\009\pre\inverseKinematics\Run_baseline3\setup_IK.xml.

Loaded model 009 from file E:\3-PhD\Data\MocapData\ElaboratedData\009\pre\009_Rajagopal2015_FAI.osim
               MODEL: 009
         coordinates: 39
              forces: 99
           actuators: 99
             muscles: 82
            analyses: 0
              probes: 0
              bodies: 23
              joints: 22
         constraints: 2
             markers: 67
         controllers: 0
  contact geometries: 0
misc modelcomponents: 0
Running tool .
Loaded marker file .\Run_baseline3.trc (54 markers, 43 frames)
Frame 0 (t=3.43):	total squared error = 0.0287456, marker error: RMS=0.0264785, max=0.0794536 (RBHD)
Frame 1 (t=3.435):	total squared error = 0.028545, marker error: RMS=0.026386, max=0.0814575 (RBHD)
Frame 2 (t=3.44):	total squared error = 0.0284832, marker error: RMS=0.0263574, max=0.0836416 (RBHD)
Frame 3 (t=3.445):	total squared error = 0.0285875, marker error: RMS=0.0264056, max=0.0859622 (RBHD)
Frame 4 (t=3.45):	total squared error = 0.0288991, marker error: RMS=0.0265491, max=0.0884951 (RBHD)
Frame 5 (t=3.455):	total squared error = 0.0294349, marker error: RMS=0.0267941, max=0.0912375 (RBHD)
Frame 6 (t=3.46):	total squared error = 0.0301972, marker error: RMS=0.0271388, max=0.0941441 (RBHD)
Frame 7 (t=3.465):	total squared error = 0.0311556, marker error: RMS=0.0275661, max=0.0971062 (RBHD)
Frame 8 (t=3.47):	total squared error = 0.0322772, marker error: RMS=0.0280579, max=0.100085 (RBHD)
Frame 9 (t=3.475):	total squared error = 0.0334851, marker error: RMS=0.0285781, max=0.102995 (RBHD)
Frame 10 (t=3.48):	total squared error = 0.0346983, marker error: RMS=0.0290912, max=0.105781 (RBHD)
Frame 11 (t=3.485):	total squared error = 0.0358352, marker error: RMS=0.029564, max=0.108349 (RBHD)
Frame 12 (t=3.49):	total squared error = 0.0368814, marker error: RMS=0.0299925, max=0.110695 (RBHD)
Frame 13 (t=3.495):	total squared error = 0.0378371, marker error: RMS=0.0303785, max=0.112762 (RBHD)
Frame 14 (t=3.5):	total squared error = 0.0387274, marker error: RMS=0.0307339, max=0.114533 (RBHD)
Frame 15 (t=3.505):	total squared error = 0.0395593, marker error: RMS=0.0310622, max=0.115987 (RBHD)
Frame 16 (t=3.51):	total squared error = 0.0403162, marker error: RMS=0.031358, max=0.117114 (RBHD)
Frame 17 (t=3.515):	total squared error = 0.040961, marker error: RMS=0.0316077, max=0.117916 (RBHD)
Frame 18 (t=3.52):	total squared error = 0.0414071, marker error: RMS=0.0317794, max=0.118249 (RBHD)
Frame 19 (t=3.525):	total squared error = 0.0414428, marker error: RMS=0.0317931, max=0.117236 (RBHD)
Frame 20 (t=3.53):	total squared error = 0.041476, marker error: RMS=0.0318058, max=0.116281 (RBHD)
Frame 21 (t=3.535):	total squared error = 0.0414816, marker error: RMS=0.0318079, max=0.115699 (RBHD)
Frame 22 (t=3.54):	total squared error = 0.0413952, marker error: RMS=0.0317748, max=0.115485 (RBHD)
Frame 23 (t=3.545):	total squared error = 0.0411872, marker error: RMS=0.0316949, max=0.115587 (RBHD)
Frame 24 (t=3.55):	total squared error = 0.0408612, marker error: RMS=0.0315692, max=0.115932 (RBHD)
Frame 25 (t=3.555):	total squared error = 0.0404423, marker error: RMS=0.031407, max=0.116414 (RBHD)
Frame 26 (t=3.56):	total squared error = 0.0399414, marker error: RMS=0.0312119, max=0.116767 (RBHD)
Frame 27 (t=3.565):	total squared error = 0.0391916, marker error: RMS=0.0309175, max=0.116244 (RBHD)
Frame 28 (t=3.57):	total squared error = 0.038256, marker error: RMS=0.0305462, max=0.115383 (RBHD)
Frame 29 (t=3.575):	total squared error = 0.0371757, marker error: RMS=0.0301119, max=0.114317 (RBHD)
Frame 30 (t=3.58):	total squared error = 0.0359696, marker error: RMS=0.0296194, max=0.113003 (RBHD)
Frame 31 (t=3.585):	total squared error = 0.0346765, marker error: RMS=0.0290821, max=0.111414 (RBHD)
Frame 32 (t=3.59):	total squared error = 0.0333751, marker error: RMS=0.0285312, max=0.109639 (RBHD)
Frame 33 (t=3.595):	total squared error = 0.0321036, marker error: RMS=0.0279824, max=0.107629 (RBHD)
Frame 34 (t=3.6):	total squared error = 0.0309267, marker error: RMS=0.0274647, max=0.105439 (RBHD)
Frame 35 (t=3.605):	total squared error = 0.0299082, marker error: RMS=0.0270087, max=0.103172 (RBHD)
Frame 36 (t=3.61):	total squared error = 0.0290834, marker error: RMS=0.0266337, max=0.100905 (RBHD)
Frame 37 (t=3.615):	total squared error = 0.0284785, marker error: RMS=0.0263552, max=0.0987646 (RBHD)
Frame 38 (t=3.62):	total squared error = 0.02806, marker error: RMS=0.0261609, max=0.0967068 (RBHD)
Frame 39 (t=3.625):	total squared error = 0.0278151, marker error: RMS=0.0260464, max=0.0948183 (RBHD)
Frame 40 (t=3.63):	total squared error = 0.0277115, marker error: RMS=0.0259979, max=0.0931109 (RBHD)
InverseKinematicsTool completed 40 frames in 17.487s

IK compute time = 20265ms

