
+-+-+-+-+-+-+
|C|E|I|N|M|S|
+-+-+-+-+-+-+-+-+-+-+
|C|a|l|i|b|r|a|t|e|d|
+-+-+-+-+-+-+-+-+-+-+-+-+
|E|M|G|-|I|n|f|o|r|m|e|d|
+-+-+-+-+-+-+-+-+-+-+-+-+-+-+-+-+-+-+-+-+
|N|e|u|r|o|m|u|s|c|u|l|o|s|k|e|l|e|t|a|l|
+-+-+-+-+-+-+-+-+-+-+-+-+-+-+-+-+-+-+-+-+
|T|o|o|l|b|o|x|
+-+-+-+-+-+-+-+

CEINMS version 0.21.0
Copyright (C) Apr 29 2020
Claudio Pizzolato, Monica Reggiani, Massimo Sartori, David Lloyd
Software developers: Claudio Pizzolato, Elena Ceseracciu, Monica Reggiani
Check configuration data...
Reading subject file: C:/Git/opensim_tutorial/tutorials/repeated_sprinting/Simulations/PC002/trial2_r1/ceinms/./calibratedSubject.xml .
Contact model  not found
Reading subject file: C:/Git/opensim_tutorial/tutorials/repeated_sprinting/Simulations/PC002/trial2_r1/ceinms/./calibratedSubject.xml .
activeForceLength
passiveForceLength
forceVelocity
tendonForceStrain
Assuming glut_med1_r pennation angle in radians: 0.139626
Assuming glut_med2_r pennation angle in radians: 0
Assuming glut_med3_r pennation angle in radians: 0.331613
Assuming glut_min1_r pennation angle in radians: 0.174533
Assuming glut_min2_r pennation angle in radians: 0
Assuming glut_min3_r pennation angle in radians: 0.0174533
Assuming semimem_r pennation angle in radians: 0.261799
Assuming semiten_r pennation angle in radians: 0.0872665
Assuming bifemlh_r pennation angle in radians: 0
Assuming bifemsh_r pennation angle in radians: 0.401426
Assuming sar_r pennation angle in radians: 0
Assuming add_long_r pennation angle in radians: 0.10472
Assuming add_brev_r pennation angle in radians: 0
Assuming add_mag1_r pennation angle in radians: 0.0872665
Assuming add_mag2_r pennation angle in radians: 0.0523599
Assuming add_mag3_r pennation angle in radians: 0.0872665
Assuming tfl_r pennation angle in radians: 0.0523599
Assuming pect_r pennation angle in radians: 0
Assuming grac_r pennation angle in radians: 0.0523599
Assuming glut_max1_r pennation angle in radians: 0.0872665
Assuming glut_max2_r pennation angle in radians: 0
Assuming glut_max3_r pennation angle in radians: 0.0872665
Assuming iliacus_r pennation angle in radians: 0.122173
Assuming psoas_r pennation angle in radians: 0.139626
Assuming quad_fem_r pennation angle in radians: 0
Assuming gem_r pennation angle in radians: 0
Assuming peri_r pennation angle in radians: 0.174533
Assuming rect_fem_r pennation angle in radians: 0.0872665
Assuming vas_med_r pennation angle in radians: 0.0872665
Assuming vas_int_r pennation angle in radians: 0.0523599
Assuming vas_lat_r pennation angle in radians: 0.0872665
Assuming med_gas_r pennation angle in radians: 0.296706
Assuming lat_gas_r pennation angle in radians: 0.139626
Assuming soleus_r pennation angle in radians: 0.436332
Assuming tib_post_r pennation angle in radians: 0.20944
Assuming flex_dig_r pennation angle in radians: 0.122173
Assuming flex_hal_r pennation angle in radians: 0.174533
Assuming tib_ant_r pennation angle in radians: 0.0872665
Assuming per_brev_r pennation angle in radians: 0.0872665
Assuming per_long_r pennation angle in radians: 0.174533
Assuming per_tert_r pennation angle in radians: 0.226893
Assuming ext_dig_r pennation angle in radians: 0.139626
Assuming ext_hal_r pennation angle in radians: 0.10472
Assuming glut_med1_l pennation angle in radians: 0.139626
Assuming glut_med2_l pennation angle in radians: 0
Assuming glut_med3_l pennation angle in radians: 0.331613
Assuming glut_min1_l pennation angle in radians: 0.174533
Assuming glut_min2_l pennation angle in radians: 0
Assuming glut_min3_l pennation angle in radians: 0.0174533
Assuming semimem_l pennation angle in radians: 0.261799
Assuming semiten_l pennation angle in radians: 0.0872665
Assuming bifemlh_l pennation angle in radians: 0
Assuming bifemsh_l pennation angle in radians: 0.401426
Assuming sar_l pennation angle in radians: 0
Assuming add_long_l pennation angle in radians: 0.10472
Assuming add_brev_l pennation angle in radians: 0
Assuming add_mag1_l pennation angle in radians: 0.0872665
Assuming add_mag2_l pennation angle in radians: 0.0523599
Assuming add_mag3_l pennation angle in radians: 0.0872665
Assuming tfl_l pennation angle in radians: 0.0523599
Assuming pect_l pennation angle in radians: 0
Assuming grac_l pennation angle in radians: 0.0523599
Assuming glut_max1_l pennation angle in radians: 0.0872665
Assuming glut_max2_l pennation angle in radians: 0
Assuming glut_max3_l pennation angle in radians: 0.0872665
Assuming iliacus_l pennation angle in radians: 0.122173
Assuming psoas_l pennation angle in radians: 0.139626
Assuming quad_fem_l pennation angle in radians: 0
Assuming gem_l pennation angle in radians: 0
Assuming peri_l pennation angle in radians: 0.174533
Assuming rect_fem_l pennation angle in radians: 0.0872665
Assuming vas_med_l pennation angle in radians: 0.0872665
Assuming vas_int_l pennation angle in radians: 0.0523599
Assuming vas_lat_l pennation angle in radians: 0.0872665
Assuming med_gas_l pennation angle in radians: 0.296706
Assuming lat_gas_l pennation angle in radians: 0.139626
Assuming soleus_l pennation angle in radians: 0.436332
Assuming tib_post_l pennation angle in radians: 0.20944
Assuming flex_dig_l pennation angle in radians: 0.122173
Assuming flex_hal_l pennation angle in radians: 0.174533
Assuming tib_ant_l pennation angle in radians: 0.0872665
Assuming per_brev_l pennation angle in radians: 0.0872665
Assuming per_long_l pennation angle in radians: 0.174533
Assuming per_tert_l pennation angle in radians: 0.226893
Assuming ext_dig_l pennation angle in radians: 0.139626
Assuming ext_hal_l pennation angle in radians: 0.10472
Assuming ercspn_r pennation angle in radians: 0
Assuming ercspn_l pennation angle in radians: 0
Assuming intobl_r pennation angle in radians: 0
Assuming intobl_l pennation angle in radians: 0
Assuming extobl_r pennation angle in radians: 0
Assuming extobl_l pennation angle in radians: 0
Found OpenSim model associated to the subject: C:\Git\opensim_tutorial\tutorials\repeated_sprinting\Simulations\PC002\PC002_v3.osim

EMG: Reading emg file...C:/Git/opensim_tutorial/tutorials/repeated_sprinting/Simulations/PC002/trial2_r1/ceinms/./../processed_emg_signals.mot
Muscle excitations to muscle mapping:
glut_med1_r -> glut_med1_r
glut_med2_r -> glut_med2_r
glut_med3_r -> glut_med3_r
glut_min1_r -> glut_min1_r
glut_min2_r -> glut_min2_r
glut_min3_r -> glut_min3_r
semimem_r -> semimem_r
semiten_r -> semiten_r
bifemlh_r -> bifemlh_r
bifemsh_r -> bifemsh_r
sar_r -> sar_r
add_long_r -> add_long_r
add_brev_r -> add_brev_r
add_mag1_r -> add_mag1_r
add_mag2_r -> add_mag2_r
add_mag3_r -> add_mag3_r
tfl_r -> tfl_r
pect_r -> pect_r
grac_r -> grac_r
glut_max1_r -> glut_max1_r
glut_max2_r -> glut_max2_r
glut_max3_r -> glut_max3_r
iliacus_r -> iliacus_r
psoas_r -> psoas_r
quad_fem_r -> quad_fem_r
gem_r -> gem_r
peri_r -> peri_r
rect_fem_r -> rect_fem_r
vas_med_r -> vas_med_r
vas_int_r -> vas_int_r
vas_lat_r -> vas_lat_r
med_gas_r -> med_gas_r
lat_gas_r -> lat_gas_r
soleus_r -> soleus_r
tib_post_r -> tib_post_r
flex_dig_r -> flex_dig_r
flex_hal_r -> flex_hal_r
tib_ant_r -> tib_ant_r
per_brev_r -> per_brev_r
per_long_r -> per_long_r
per_tert_r -> per_tert_r
ext_dig_r -> ext_dig_r
ext_hal_r -> ext_hal_r
glut_med1_l -> glut_med1_l
glut_med2_l -> glut_med2_l
glut_med3_l -> glut_med3_l
glut_min1_l -> glut_min1_l
glut_min2_l -> glut_min2_l
glut_min3_l -> glut_min3_l
semimem_l -> semimem_l
semiten_l -> semiten_l
bifemlh_l -> bifemlh_l
bifemsh_l -> bifemsh_l
sar_l -> sar_l
add_long_l -> add_long_l
add_brev_l -> add_brev_l
add_mag1_l -> add_mag1_l
add_mag2_l -> add_mag2_l
add_mag3_l -> add_mag3_l
tfl_l -> tfl_l
pect_l -> pect_l
grac_l -> grac_l
glut_max1_l -> glut_max1_l
glut_max2_l -> glut_max2_l
glut_max3_l -> glut_max3_l
iliacus_l -> iliacus_l
psoas_l -> psoas_l
quad_fem_l -> quad_fem_l
gem_l -> gem_l
peri_l -> peri_l
rect_fem_l -> rect_fem_l
vas_med_l -> vas_med_l
vas_int_l -> vas_int_l
vas_lat_l -> vas_lat_l
med_gas_l -> med_gas_l
lat_gas_l -> lat_gas_l
soleus_l -> soleus_l
tib_post_l -> tib_post_l
flex_dig_l -> flex_dig_l
flex_hal_l -> flex_hal_l
tib_ant_l -> tib_ant_l
per_brev_l -> per_brev_l
per_long_l -> per_long_l
per_tert_l -> per_tert_l
ext_dig_l -> ext_dig_l
ext_hal_l -> ext_hal_l
ercspn_r -> ercspn_r
ercspn_l -> ercspn_l
intobl_r -> intobl_r
intobl_l -> intobl_l
extobl_r -> extobl_r
extobl_l -> extobl_l
Using C:/Git/opensim_tutorial/tutorials/repeated_sprinting/Simulations/PC002/trial2_r1/ceinms/./execution/ as output directory
Joint moments
knee_angle_r -> Tracking
Muscle excitations
glut_med1_r ->  Adjusting
glut_med2_r ->  Adjusting
glut_med3_r ->  Adjusting
glut_min1_r ->  Adjusting
glut_min2_r ->  Adjusting
glut_min3_r ->  Adjusting
semimem_r ->  Adjusting
semiten_r ->  Adjusting
bifemlh_r ->  Adjusting
bifemsh_r ->  Adjusting
sar_r ->  Synthetising
add_long_r ->  Adjusting
add_brev_r ->  Adjusting
add_mag1_r ->  Synthetising
add_mag2_r ->  Synthetising
add_mag3_r ->  Synthetising
tfl_r ->  Synthetising
pect_r ->  Adjusting
grac_r ->  Adjusting
glut_max1_r ->  Adjusting
glut_max2_r ->  Adjusting
glut_max3_r ->  Adjusting
iliacus_r ->  Synthetising
psoas_r ->  Synthetising
quad_fem_r ->  Synthetising
gem_r ->  Synthetising
peri_r ->  Synthetising
rect_fem_r ->  Synthetising
vas_med_r ->  Adjusting
vas_int_r ->  Adjusting
vas_lat_r ->  Adjusting
med_gas_r ->  Adjusting
lat_gas_r ->  Adjusting
soleus_r ->  Adjusting
tib_post_r ->  Synthetising
flex_dig_r ->  Synthetising
flex_hal_r ->  Synthetising
tib_ant_r ->  Adjusting
per_brev_r ->  Synthetising
per_long_r ->  Synthetising
per_tert_r ->  Synthetising
ext_dig_r ->  Adjusting
ext_hal_r ->  Adjusting
glut_med1_l ->  Unchanged
glut_med2_l ->  Unchanged
glut_med3_l ->  Unchanged
glut_min1_l ->  Unchanged
glut_min2_l ->  Unchanged
glut_min3_l ->  Unchanged
semimem_l ->  Unchanged
semiten_l ->  Unchanged
bifemlh_l ->  Unchanged
bifemsh_l ->  Unchanged
sar_l ->  Unchanged
add_long_l ->  Unchanged
add_brev_l ->  Unchanged
add_mag1_l ->  Unchanged
add_mag2_l ->  Unchanged
add_mag3_l ->  Unchanged
tfl_l ->  Unchanged
pect_l ->  Unchanged
grac_l ->  Unchanged
glut_max1_l ->  Unchanged
glut_max2_l ->  Unchanged
glut_max3_l ->  Unchanged
iliacus_l ->  Unchanged
psoas_l ->  Unchanged
quad_fem_l ->  Unchanged
gem_l ->  Unchanged
peri_l ->  Unchanged
rect_fem_l ->  Unchanged
vas_med_l ->  Unchanged
vas_int_l ->  Unchanged
vas_lat_l ->  Unchanged
med_gas_l ->  Unchanged
lat_gas_l ->  Unchanged
soleus_l ->  Unchanged
tib_post_l ->  Unchanged
flex_dig_l ->  Unchanged
flex_hal_l ->  Unchanged
tib_ant_l ->  Unchanged
per_brev_l ->  Unchanged
per_long_l ->  Unchanged
per_tert_l ->  Unchanged
ext_dig_l ->  Unchanged
ext_hal_l ->  Unchanged
ercspn_r ->  Synthetising
ercspn_l ->  Unchanged
intobl_r ->  Synthetising
intobl_l ->  Unchanged
extobl_r ->  Synthetising
extobl_l ->  Unchanged
Using alpha = 1, beta = 50, gamma = 1000
Using C:/Git\opensim_tutorial\tutorials\repeated_sprinting\Simulations\PC002\trial2_r1\ceinms\execution as output directory
starting consume

externalTorque DONE

EMG: EMG DONE


EmgTime: 2.095
Adjusted EMG
0.0373521	0.0373521	0.0373521	0.0373521	0.0373521	0.0373521	0.066769	0.0663833	0.066769	0.0663139	0.001	0.001	0.001	0.001	0.001	0.001	0.001	0.0775525	0.001	0.0373521	0.0373521	0.0373521	0.001	0.001	0.001	0.001	0.001	0.270088	0.0779807	0.0818079	0.077631	0.11577	0.115644	0.11577	0.001	0.001	0.001	0.0879318	0.001	0.001	0.001	0.0879318	0.0879318	0	0	0	0	0	0	0	0	0	0	0	0	0	0	0	0	0	0	0	0	0	0	0	0	0	0	0	0	0	0	0	0	0	0	0	0	0	0	0	0	0	0	0	0.001	0	0.001	0	0.000997281	0	
LmtTime: 2.09
Lmt
0.104622	0.121438	0.109538	0.0683207	0.0726446	0.0801357	0.34773	0.383246	0.360163	0.176153	0.413408	0.142023	0.0942505	0.0945228	0.172749	0.314598	0.412777	0.0599305	0.340052	0.188989	0.202122	0.227569	0.131915	0.171752	0.0610336	0.055675	0.118992	0.34251	0.175274	0.184464	0.198341	0.336685	0.333843	0.237289	0.26719	0.346115	0.339644	0.21637	0.164279	0.3079	0.131963	0.330852	0.307093	0.0878599	0.101264	0.0887057	0.0559915	0.0580115	0.0641485	0.326687	0.360876	0.341351	0.16781	0.417936	0.176703	0.118846	0.112129	0.18295	0.31069	0.415286	0.0818791	0.342418	0.16808	0.184405	0.222622	0.146645	0.187381	0.0667954	0.0540896	0.105957	0.365007	0.187407	0.196157	0.210199	0.339133	0.336537	0.244415	0.270107	0.34869	0.342782	0.21029	0.165906	0.310299	0.128743	0.326005	0.301309	0.10257	0.12554	0.130825	0.19688	0.200553	0.239067	
MomentArms on: knee_angle_r
-0.0201898	-0.0222634	-0.0142522	-0.0145351	-0.0271279	0.030222	-0.0113402	-0.0271871	-0.0324379	0.0051583	0.0283698	0.0268746	0.0272061	
External Torques: 24.6748 
Current Torque on knee_angle_r 24.3673

----------------------------------------


EmgTime: 2.105
Adjusted EMG
0.0374339	0.0374339	0.0374339	0.0374339	0.0374339	0.0374339	0.0669783	0.0663349	0.0669784	0.0659803	0.001	0.001	0.001	0.001	0.001	0.001	0.001	0.0779364	0.001	0.0374339	0.0374339	0.0374339	0.001	0.001	0.001	0.001	0.001	0.166959	0.0785646	0.0835702	0.0780789	0.115868	0.115622	0.115868	0.001	0.001	0.001	0.0881032	0.001	0.001	0.001	0.0881032	0.0881032	0	0	0	0	0	0	0	0	0	0	0	0	0	0	0	0	0	0	0	0	0	0	0	0	0	0	0	0	0	0	0	0	0	0	0	0	0	0	0	0	0	0	0	0.001	0	0.001	0	0.000997281	0	
LmtTime: 2.1
Lmt
0.104931	0.121638	0.109657	0.0686126	0.072926	0.0803637	0.347528	0.382938	0.359851	0.176329	0.414147	0.141558	0.0936383	0.0937839	0.17206	0.314029	0.413466	0.0596735	0.339693	0.188991	0.201966	0.226916	0.132196	0.172003	0.0605993	0.0556354	0.119101	0.34266	0.175054	0.184236	0.198121	0.337144	0.334307	0.237603	0.267289	0.346209	0.339767	0.216066	0.164334	0.307974	0.131797	0.330597	0.306807	0.087992	0.100934	0.0880359	0.0561311	0.0579129	0.0638035	0.326847	0.361177	0.341422	0.167865	0.417472	0.17771	0.119633	0.112831	0.183687	0.311154	0.414905	0.0823948	0.343205	0.16756	0.183891	0.222643	0.146974	0.187679	0.066461	0.0535884	0.105337	0.364796	0.187328	0.196087	0.210122	0.338198	0.335598	0.243552	0.269826	0.34843	0.342426	0.211317	0.165745	0.31007	0.129276	0.326863	0.302315	0.101506	0.125002	0.131721	0.197427	0.200734	0.240403	
MomentArms on: knee_angle_r
-0.0203502	-0.0223693	-0.0143465	-0.0145939	-0.0271282	0.0304331	-0.0112621	-0.0272709	-0.0325569	0.00520641	0.0285225	0.0270792	0.0273726	
External Torques: 27.1066 
Current Torque on knee_angle_r 26.4041

----------------------------------------


EmgTime: 2.115
Adjusted EMG
0.03751	0.03751	0.03751	0.03751	0.03751	0.03751	0.0671895	0.0684328	0.0671895	0.0694785	0.0312122	0.001	0.001	0.001	0.001	0.001	0.001	0.0783187	0.0145411	0.03751	0.03751	0.03751	0.001	0.001	0.001	0.001	0.001	0.001	0.0773405	0.0635084	0.0780795	0.115956	0.116304	0.115956	0.001	0.001	0.001	0.0882799	0.001	0.001	0.001	0.0882799	0.0882799	0	0	0	0	0	0	0	0	0	0	0	0	0	0	0	0	0	0	0	0	0	0	0	0	0	0	0	0	0	0	0	0	0	0	0	0	0	0	0	0	0	0	0	0.001	0	0.001	0	0.000997281	0	
LmtTime: 2.11
Lmt
0.105221	0.121821	0.109762	0.0688895	0.0731917	0.0805767	0.347328	0.382634	0.359537	0.176512	0.414891	0.141122	0.0930455	0.0930586	0.171379	0.313458	0.414144	0.059437	0.339351	0.188978	0.201799	0.226261	0.132484	0.172265	0.0601753	0.0555969	0.119201	0.342806	0.174826	0.184	0.197893	0.337599	0.334767	0.23791	0.267386	0.346301	0.339886	0.215766	0.164387	0.308047	0.131634	0.330345	0.306525	0.0881402	0.100629	0.087399	0.0562817	0.0578316	0.063479	0.327008	0.361475	0.341498	0.167916	0.417009	0.178668	0.120379	0.113499	0.184399	0.311611	0.414537	0.0828804	0.343964	0.167078	0.183407	0.222669	0.147292	0.187967	0.0661276	0.0530949	0.104735	0.364588	0.187253	0.19602	0.21005	0.337259	0.334653	0.242682	0.269544	0.348169	0.342071	0.212314	0.165585	0.309845	0.129799	0.327698	0.303283	0.100464	0.124464	0.132619	0.197967	0.20096	0.241673	
MomentArms on: knee_angle_r
-0.0205115	-0.0224737	-0.0144424	-0.0146531	-0.0271231	0.0306464	-0.0111811	-0.0273526	-0.0326735	0.00525481	0.0286775	0.0272876	0.0275422	
External Torques: 28.4667 
Current Torque on knee_angle_r 30.7395

----------------------------------------


EmgTime: 2.125
Adjusted EMG
0.0375802	0.0375802	0.0375802	0.0375802	0.0375802	0.0375802	0.0674017	0.0694243	0.0674017	0.0711728	0.0409306	0.001	0.001	0.001	0.001	0.001	0.001	0.0786985	0.0195876	0.0375802	0.0375802	0.0375802	0.001	0.001	0.001	0.001	0.001	0.001	0.0770153	0.0585411	0.0782951	0.116033	0.116652	0.116033	0.001	0.001	0.001	0.0884615	0.001	0.001	0.001	0.0884615	0.0884615	0	0	0	0	0	0	0	0	0	0	0	0	0	0	0	0	0	0	0	0	0	0	0	0	0	0	0	0	0	0	0	0	0	0	0	0	0	0	0	0	0	0	0	0.001	0	0.001	0	0.000997281	0	
LmtTime: 2.12
Lmt
0.105473	0.121973	0.109843	0.0691359	0.0734267	0.0807621	0.347129	0.382335	0.359224	0.176706	0.415649	0.140736	0.0924911	0.0923609	0.170711	0.312881	0.414803	0.059238	0.339038	0.188942	0.201615	0.225609	0.132785	0.172543	0.0597754	0.0555639	0.119285	0.342948	0.174584	0.183749	0.19765	0.338047	0.33522	0.238203	0.267479	0.346388	0.34	0.215477	0.164439	0.308117	0.131478	0.330103	0.306253	0.0883106	0.100372	0.0868246	0.056447	0.057779	0.0631938	0.32717	0.361765	0.34158	0.16796	0.416554	0.179536	0.121055	0.114108	0.18506	0.312049	0.414192	0.083315	0.344663	0.166659	0.182978	0.222703	0.147579	0.188227	0.0658	0.0526217	0.104177	0.364384	0.18719	0.195963	0.209989	0.336351	0.33374	0.241841	0.269274	0.347917	0.341732	0.213248	0.165432	0.30963	0.130292	0.32848	0.304182	0.0994654	0.123926	0.13352	0.19849	0.20124	0.242856	
MomentArms on: knee_angle_r
-0.0206689	-0.0225735	-0.0145369	-0.0147109	-0.0271128	0.0308565	-0.0110997	-0.0274296	-0.0327842	0.00530213	0.0288307	0.0274942	0.0277104	
External Torques: 28.7375 
Current Torque on knee_angle_r 31.7797

----------------------------------------


EmgTime: 2.135
Adjusted EMG
0.0376445	0.0376445	0.0376445	0.0376445	0.0376445	0.0376445	0.0676153	0.0675899	0.0676153	0.0675711	0.001	0.001	0.001	0.001	0.001	0.001	0.001	0.0790761	0.001	0.0376445	0.0376445	0.0376445	0.001	0.001	0.001	0.001	0.001	0.0239547	0.0790978	0.0792982	0.0790811	0.116099	0.11609	0.116099	0.001	0.001	0.001	0.0886478	0.001	0.001	0.001	0.0886478	0.0886478	0	0	0	0	0	0	0	0	0	0	0	0	0	0	0	0	0	0	0	0	0	0	0	0	0	0	0	0	0	0	0	0	0	0	0	0	0	0	0	0	0	0	0	0.001	0	0.001	0	0.000997281	0	
LmtTime: 2.13
Lmt
0.105673	0.122081	0.109889	0.0693393	0.0736193	0.0809099	0.346932	0.382042	0.358908	0.176916	0.416432	0.140418	0.0919911	0.0917024	0.170059	0.312292	0.415439	0.0590906	0.338762	0.188875	0.201409	0.224961	0.133104	0.172846	0.059411	0.0555401	0.11935	0.343084	0.174321	0.183478	0.197386	0.338484	0.335661	0.238476	0.267565	0.34647	0.340107	0.215205	0.164487	0.308182	0.13133	0.329875	0.305996	0.0885076	0.100178	0.0863366	0.0566298	0.0577639	0.0629632	0.327332	0.362043	0.341672	0.167994	0.416112	0.180282	0.121639	0.114637	0.18565	0.312464	0.41388	0.0836823	0.345277	0.166324	0.182623	0.222748	0.14782	0.188442	0.0654821	0.0521786	0.10368	0.364189	0.187141	0.19592	0.209942	0.33551	0.332892	0.241063	0.269024	0.347684	0.341421	0.214087	0.165292	0.309436	0.130738	0.329183	0.304984	0.0985293	0.123391	0.134422	0.198983	0.201582	0.243938	
MomentArms on: knee_angle_r
-0.0208187	-0.0226661	-0.0146258	-0.0147636	-0.0270982	0.031058	-0.011019	-0.0275002	-0.0328866	0.00534895	0.0289779	0.0276934	0.0278727	
External Torques: 28.0241 
Current Torque on knee_angle_r 27.987

----------------------------------------


EmgTime: 2.145
Adjusted EMG
0.037703	0.037703	0.037703	0.037703	0.037703	0.037703	0.0678298	0.0673093	0.0678298	0.0669076	0.001	0.001	0.001	0.001	0.001	0.001	0.001	0.0794511	0.001	0.037703	0.037703	0.037703	0.001	0.001	0.001	0.001	0.001	0.173396	0.0798796	0.0838067	0.0795502	0.116153	0.115967	0.116153	0.001	0.001	0.001	0.0888387	0.001	0.001	0.001	0.0888387	0.0888387	0	0	0	0	0	0	0	0	0	0	0	0	0	0	0	0	0	0	0	0	0	0	0	0	0	0	0	0	0	0	0	0	0	0	0	0	0	0	0	0	0	0	0	0.001	0	0.001	0	0.000997281	0	
LmtTime: 2.14
Lmt
0.10581	0.122138	0.109896	0.0694913	0.0737615	0.0810134	0.346734	0.381754	0.358589	0.177145	0.417247	0.140182	0.0915578	0.0910907	0.169425	0.311686	0.416051	0.0590058	0.338527	0.188771	0.201176	0.224317	0.133446	0.173178	0.0590896	0.0555281	0.119391	0.343215	0.174033	0.18318	0.197097	0.338904	0.336086	0.238722	0.267644	0.346544	0.340204	0.214957	0.16453	0.308242	0.131197	0.329667	0.305762	0.0887339	0.10006	0.0859522	0.0568316	0.0577923	0.0627982	0.327495	0.362309	0.341779	0.168016	0.415683	0.180885	0.122119	0.115076	0.186159	0.312851	0.413608	0.0839715	0.345787	0.166086	0.182356	0.222811	0.148002	0.188602	0.0651773	0.0517728	0.10326	0.364001	0.18711	0.195892	0.209912	0.334768	0.332145	0.24038	0.268806	0.34748	0.341149	0.214805	0.16517	0.309267	0.131122	0.329784	0.305667	0.0976731	0.122862	0.135324	0.199435	0.201985	0.244904	
MomentArms on: knee_angle_r
-0.0209582	-0.0227495	-0.014705	-0.0148083	-0.0270803	0.0312469	-0.0109398	-0.0275634	-0.0329791	0.0053964	0.029116	0.0278809	0.0280255	
External Torques: 26.5088 
Current Torque on knee_angle_r 25.7258

----------------------------------------


EmgTime: 2.155
Adjusted EMG
0.0377555	0.0377555	0.0377555	0.0377555	0.0377555	0.0377555	0.0680451	0.0680276	0.0680451	0.0680131	0.001	0.001	0.001	0.001	0.001	0.001	0.001	0.0798232	0.001	0.0377555	0.0377555	0.0377555	0.001	0.001	0.001	0.001	0.001	0.00871308	0.0798369	0.0799675	0.0798265	0.116194	0.116188	0.116194	0.001	0.001	0.001	0.0890339	0.001	0.001	0.001	0.0890339	0.0890339	0	0	0	0	0	0	0	0	0	0	0	0	0	0	0	0	0	0	0	0	0	0	0	0	0	0	0	0	0	0	0	0	0	0	0	0	0	0	0	0	0	0	0	0.001	0	0.001	0	0.000997281	0	
LmtTime: 2.15
Lmt
0.105879	0.122139	0.10986	0.0695881	0.0738494	0.0810689	0.346534	0.381468	0.358264	0.177396	0.418103	0.140039	0.0911991	0.0905303	0.168809	0.311059	0.416642	0.058991	0.338335	0.188627	0.200913	0.223675	0.133814	0.173544	0.0588149	0.0555287	0.119407	0.343342	0.173718	0.182855	0.19678	0.339302	0.336489	0.238937	0.267712	0.346608	0.340288	0.214741	0.164568	0.308293	0.13108	0.329485	0.305557	0.0889902	0.100025	0.0856812	0.0570522	0.0578663	0.0627043	0.327665	0.362566	0.341905	0.168023	0.415264	0.181334	0.122488	0.115421	0.186584	0.313212	0.413374	0.0841774	0.346185	0.165953	0.182186	0.222899	0.148115	0.188696	0.0648888	0.0514082	0.102924	0.363817	0.1871	0.195883	0.209902	0.334151	0.331523	0.239817	0.268627	0.347311	0.340927	0.215385	0.16507	0.309129	0.131434	0.33027	0.306216	0.0969117	0.122342	0.136223	0.199831	0.202448	0.245746	
MomentArms on: knee_angle_r
-0.021086	-0.0228233	-0.0147745	-0.0148451	-0.0270606	0.0314213	-0.0108636	-0.0276191	-0.0330613	0.00544324	0.0292432	0.0280544	0.0281668	
External Torques: 24.4058 
Current Torque on knee_angle_r 24.3792

----------------------------------------


EmgTime: 2.165
Adjusted EMG
0.0378021	0.0378021	0.0378021	0.0378021	0.0378021	0.0378021	0.0682611	0.0682437	0.0682611	0.0682289	0.001	0.001	0.001	0.001	0.001	0.001	0.001	0.0801923	0.001	0.0378021	0.0378021	0.0378021	0.001	0.001	0.001	0.001	0.001	0.013884	0.0802054	0.0803298	0.0801955	0.116224	0.116218	0.116224	0.001	0.001	0.001	0.0892331	0.001	0.001	0.001	0.0892331	0.0892331	0	0	0	0	0	0	0	0	0	0	0	0	0	0	0	0	0	0	0	0	0	0	0	0	0	0	0	0	0	0	0	0	0	0	0	0	0	0	0	0	0	0	0	0.001	0	0.001	0	0.000997281	0	
LmtTime: 2.16
Lmt
0.10588	0.122083	0.109778	0.06963	0.0738831	0.0810761	0.346327	0.38118	0.357927	0.177667	0.419	0.139994	0.0909186	0.0900221	0.16821	0.310409	0.417213	0.0590493	0.338186	0.18844	0.200616	0.223032	0.134211	0.173946	0.0585867	0.0555416	0.119397	0.34347	0.173376	0.182502	0.196436	0.33967	0.336862	0.239113	0.267768	0.34666	0.340358	0.214562	0.164599	0.308336	0.130983	0.329334	0.305388	0.0892746	0.100073	0.0855263	0.0572896	0.0579848	0.062682	0.327847	0.362822	0.342059	0.168015	0.414844	0.181627	0.122751	0.115676	0.186929	0.313557	0.41317	0.0842995	0.346476	0.165928	0.182118	0.22302	0.148154	0.188719	0.0646209	0.0510865	0.102676	0.363633	0.187112	0.195894	0.209914	0.333676	0.331045	0.239391	0.268491	0.347184	0.340759	0.215816	0.164994	0.309026	0.131667	0.330631	0.306623	0.0962574	0.121837	0.137116	0.200162	0.202965	0.246459	
MomentArms on: knee_angle_r
-0.0212018	-0.0228881	-0.0148349	-0.014875	-0.02704	0.0315809	-0.0107915	-0.0276677	-0.0331336	0.00548861	0.0293592	0.0282132	0.0282961	
External Torques: 21.9266 
Current Torque on knee_angle_r 21.9003

----------------------------------------


EmgTime: 2.175
Adjusted EMG
0.0378428	0.0378428	0.0378428	0.0378428	0.0378428	0.0378428	0.0684775	0.0684239	0.0684775	0.0683774	0.001	0.001	0.001	0.001	0.001	0.001	0.001	0.0805582	0.001	0.0378428	0.0378428	0.0378428	0.001	0.001	0.001	0.001	0.001	0.0416523	0.0805972	0.0809606	0.0805678	0.11624	0.116223	0.11624	0.001	0.001	0.001	0.0894362	0.001	0.001	0.001	0.0894362	0.0894362	0	0	0	0	0	0	0	0	0	0	0	0	0	0	0	0	0	0	0	0	0	0	0	0	0	0	0	0	0	0	0	0	0	0	0	0	0	0	0	0	0	0	0	0.001	0	0.001	0	0.000997281	0	
LmtTime: 2.17
Lmt
0.105816	0.121971	0.109652	0.0696211	0.0738662	0.0810374	0.346108	0.380884	0.357575	0.177955	0.419939	0.140047	0.0907162	0.0895646	0.167626	0.309733	0.417772	0.0591805	0.338074	0.188208	0.200286	0.222386	0.134638	0.174384	0.0584016	0.0555648	0.119361	0.343604	0.173011	0.182126	0.196068	0.340001	0.337198	0.239245	0.26781	0.3467	0.34041	0.214426	0.164622	0.308368	0.13091	0.329221	0.305259	0.0895831	0.100202	0.0854851	0.0575395	0.0581431	0.0627275	0.32805	0.36309	0.342252	0.167991	0.414408	0.181772	0.122915	0.115855	0.187209	0.313897	0.412981	0.0843412	0.346669	0.166009	0.182154	0.223188	0.148115	0.188667	0.064379	0.0508074	0.102513	0.363438	0.187145	0.195924	0.209946	0.33335	0.330719	0.23911	0.268402	0.3471	0.340649	0.216098	0.164945	0.308959	0.131819	0.330867	0.306889	0.095719	0.121351	0.138001	0.200416	0.203529	0.247041	
MomentArms on: knee_angle_r
-0.0213065	-0.0229449	-0.0148872	-0.0148989	-0.0270193	0.0317265	-0.0107236	-0.0277099	-0.0331971	0.00553209	0.0294648	0.0283581	0.0284141	
External Torques: 19.266 
Current Torque on knee_angle_r 19.1852

----------------------------------------


EmgTime: 2.185
Adjusted EMG
0.0378775	0.0378775	0.0378775	0.0378775	0.0378775	0.0378775	0.0686943	0.0686739	0.0686943	0.0686557	0.001	0.001	0.001	0.001	0.001	0.001	0.001	0.0809207	0.001	0.0378775	0.0378775	0.0378775	0.001	0.001	0.001	0.001	0.001	0.0174275	0.080935	0.0810669	0.0809243	0.116243	0.116237	0.116243	0.001	0.001	0.001	0.0896428	0.001	0.001	0.001	0.0896428	0.0896428	0	0	0	0	0	0	0	0	0	0	0	0	0	0	0	0	0	0	0	0	0	0	0	0	0	0	0	0	0	0	0	0	0	0	0	0	0	0	0	0	0	0	0	0.001	0	0.001	0	0.000997281	0	
LmtTime: 2.18
Lmt
0.105695	0.12181	0.109482	0.0695688	0.0738049	0.0809576	0.345871	0.380572	0.357202	0.178256	0.420914	0.140195	0.0905885	0.0891548	0.167058	0.309034	0.418324	0.0593808	0.337995	0.187935	0.19992	0.221732	0.135093	0.174858	0.0582531	0.0555955	0.119301	0.343749	0.172629	0.181732	0.195683	0.340287	0.337489	0.23933	0.267837	0.346725	0.340443	0.214339	0.164637	0.308389	0.130863	0.329147	0.305176	0.0899091	0.100404	0.0855509	0.0577956	0.0583335	0.0628329	0.328286	0.363384	0.342496	0.167953	0.413938	0.181781	0.122995	0.115974	0.187443	0.31425	0.412787	0.0843087	0.346784	0.166192	0.182295	0.223417	0.147997	0.188537	0.0641704	0.05057	0.10243	0.363223	0.187201	0.195973	0.21	0.333171	0.330541	0.238972	0.268358	0.347058	0.340594	0.216236	0.16492	0.308925	0.131894	0.330983	0.307019	0.0953024	0.12089	0.138871	0.200585	0.204129	0.247493	
MomentArms on: knee_angle_r
-0.0214018	-0.0229951	-0.014933	-0.0149181	-0.0269987	0.0318603	-0.0106595	-0.027747	-0.0332533	0.00557381	0.0295614	0.0284913	0.0285225	
External Torques: 16.5979 
Current Torque on knee_angle_r 16.5671

----------------------------------------


EmgTime: 2.195
Adjusted EMG
0.0379063	0.0379063	0.0379063	0.0379063	0.0379063	0.0379063	0.0689111	0.0689027	0.0689111	0.0688951	0.001	0.001	0.001	0.001	0.001	0.001	0.001	0.0812795	0.001	0.0379063	0.0379063	0.0379063	0.001	0.001	0.001	0.001	0.001	0.00837306	0.0812852	0.0813373	0.081281	0.116233	0.116231	0.116233	0.001	0.001	0.001	0.0898527	0.001	0.001	0.001	0.0898527	0.0898527	0	0	0	0	0	0	0	0	0	0	0	0	0	0	0	0	0	0	0	0	0	0	0	0	0	0	0	0	0	0	0	0	0	0	0	0	0	0	0	0	0	0	0	0.001	0	0.001	0	0.000997281	0	
LmtTime: 2.19
Lmt
0.105529	0.121605	0.109274	0.0694823	0.0737076	0.0808429	0.345612	0.380238	0.356805	0.178562	0.421917	0.140432	0.0905301	0.0887885	0.166504	0.308314	0.418875	0.0596439	0.337939	0.18762	0.199519	0.22107	0.136831	0.178179	0.058133	0.0556294	0.119218	0.343913	0.172239	0.181331	0.195289	0.340521	0.337728	0.239365	0.267848	0.346736	0.340457	0.214303	0.164644	0.308398	0.130844	0.329117	0.305142	0.0902439	0.100671	0.0857146	0.0580498	0.0585461	0.0629884	0.328567	0.363723	0.342805	0.167899	0.413409	0.18167	0.123008	0.116056	0.187656	0.314636	0.412562	0.08421	0.346843	0.166471	0.182538	0.223723	0.1478	0.18833	0.0640047	0.0503732	0.10242	0.362973	0.187278	0.196042	0.210074	0.333127	0.330499	0.238965	0.268356	0.347056	0.340592	0.216243	0.164919	0.308924	0.131898	0.330989	0.307025	0.0950094	0.120457	0.139722	0.200667	0.204757	0.24782	
MomentArms on: knee_angle_r
-0.0214901	-0.0230402	-0.0149736	-0.0149335	-0.0269781	0.0319854	-0.0105981	-0.0277801	-0.033304	0.00561431	0.0296514	0.0286157	0.0286238	
External Torques: 14.0718 
Current Torque on knee_angle_r 14.0591

----------------------------------------


EmgTime: 2.205
Adjusted EMG
0.0379292	0.0379292	0.0379292	0.0379292	0.0379292	0.0379292	0.0691279	0.0691232	0.0691279	0.0691187	0.001	0.001	0.001	0.001	0.001	0.001	0.001	0.0816345	0.001	0.0379292	0.0379292	0.0379292	0.001	0.001	0.001	0.001	0.001	0.00535801	0.0816376	0.0816661	0.0816353	0.116209	0.116208	0.116209	0.001	0.001	0.001	0.0900657	0.001	0.001	0.001	0.0900657	0.0900657	0	0	0	0	0	0	0	0	0	0	0	0	0	0	0	0	0	0	0	0	0	0	0	0	0	0	0	0	0	0	0	0	0	0	0	0	0	0	0	0	0	0	0	0.001	0	0.001	0	0.000997281	0	
LmtTime: 2.2
Lmt
0.105329	0.121365	0.109031	0.0693728	0.0735842	0.0807011	0.345323	0.379875	0.356378	0.178864	0.422935	0.14075	0.0905335	0.0884616	0.165966	0.30758	0.419428	0.0599612	0.3379	0.18727	0.199087	0.220398	0.137256	0.178608	0.0580322	0.055662	0.119114	0.344103	0.171852	0.180934	0.194899	0.340697	0.337909	0.239351	0.267843	0.346731	0.340452	0.214318	0.164641	0.308394	0.130852	0.329129	0.305156	0.0905772	0.10099	0.0859657	0.0582926	0.0587696	0.0631821	0.328905	0.364124	0.343192	0.167832	0.412799	0.181458	0.122972	0.116124	0.187873	0.315075	0.412281	0.0840541	0.346873	0.166839	0.182883	0.224125	0.147523	0.188044	0.0638927	0.0502165	0.102474	0.362676	0.187375	0.196129	0.210168	0.333197	0.330575	0.239072	0.26839	0.347088	0.340634	0.216137	0.164938	0.308949	0.13184	0.3309	0.306925	0.0948385	0.120058	0.140547	0.20066	0.2054	0.248027	
MomentArms on: knee_angle_r
-0.0215742	-0.0230818	-0.0150106	-0.014946	-0.0269568	0.0321053	-0.0105377	-0.0278105	-0.0333511	0.00565455	0.0297376	0.028735	0.0287209	
External Torques: 11.8064 
Current Torque on knee_angle_r 11.7992

----------------------------------------


EmgTime: 2.215
Adjusted EMG
0.0379463	0.0379463	0.0379463	0.0379463	0.0379463	0.0379463	0.0693445	0.0693519	0.0693445	0.069359	0.001	0.001	0.001	0.001	0.001	0.001	0.001	0.0819855	0.001	0.0379463	0.0379463	0.0379463	0.001	0.001	0.001	0.001	0.001	0.001	0.0819806	0.0819371	0.0819841	0.116171	0.116173	0.116171	0.001	0.001	0.001	0.0902816	0.001	0.001	0.001	0.0902816	0.0902816	0	0	0	0	0	0	0	0	0	0	0	0	0	0	0	0	0	0	0	0	0	0	0	0	0	0	0	0	0	0	0	0	0	0	0	0	0	0	0	0	0	0	0	0.001	0	0.001	0	0.000997281	0	
LmtTime: 2.21
Lmt
0.105108	0.121099	0.10876	0.0692516	0.0734449	0.0805401	0.345001	0.379476	0.355919	0.179153	0.423954	0.141137	0.0905903	0.0881694	0.165445	0.306838	0.419989	0.0603229	0.337867	0.186888	0.198627	0.219717	0.137694	0.179049	0.0579406	0.0556884	0.118991	0.344326	0.171482	0.180553	0.194524	0.34081	0.338027	0.239289	0.267823	0.346713	0.340427	0.214382	0.16463	0.308379	0.130886	0.329183	0.305217	0.0908979	0.10135	0.0862927	0.0585138	0.0589918	0.0634018	0.329312	0.364607	0.343672	0.167752	0.412085	0.181165	0.122906	0.116202	0.188119	0.315586	0.411917	0.0838505	0.346901	0.167286	0.183326	0.224638	0.147168	0.187681	0.0638462	0.0500996	0.102584	0.362318	0.187491	0.196232	0.21028	0.33336	0.330744	0.23927	0.268453	0.347147	0.340711	0.215938	0.164973	0.308997	0.131733	0.330734	0.306738	0.0947853	0.119696	0.141338	0.200566	0.206049	0.248122	
MomentArms on: knee_angle_r
-0.0216571	-0.0231215	-0.0150452	-0.0149561	-0.0269337	0.0322236	-0.0104766	-0.0278393	-0.0333963	0.00569578	0.0298227	0.0288533	0.0288171	
External Torques: 9.88776 
Current Torque on knee_angle_r 9.8992

----------------------------------------


EmgTime: 2.225
Adjusted EMG
0.0379576	0.0379576	0.0379576	0.0379576	0.0379576	0.0379576	0.0695608	0.0696887	0.0695608	0.069816	0.00277004	0.001	0.001	0.001	0.001	0.001	0.001	0.0823323	0.00140946	0.0379576	0.0379576	0.0379576	0.001	0.001	0.001	0.001	0.001	0.001	0.0822472	0.0814939	0.0823081	0.116119	0.116153	0.116119	0.001	0.001	0.001	0.0905	0.001	0.001	0.001	0.0905	0.0905	0	0	0	0	0	0	0	0	0	0	0	0	0	0	0	0	0	0	0	0	0	0	0	0	0	0	0	0	0	0	0	0	0	0	0	0	0	0	0	0	0	0	0	0.001	0	0.001	0	0.000997281	0	
LmtTime: 2.22
Lmt
0.104881	0.120817	0.108465	0.0691298	0.0732996	0.0803681	0.344642	0.379036	0.355425	0.179418	0.424959	0.141581	0.0906914	0.0879072	0.164944	0.306097	0.420558	0.0607183	0.33783	0.18648	0.198142	0.219028	0.138143	0.179499	0.0578486	0.0557038	0.118853	0.344589	0.17114	0.180202	0.194178	0.340861	0.338082	0.239183	0.26779	0.346681	0.340386	0.21449	0.164611	0.308353	0.130944	0.329274	0.305319	0.0911945	0.101738	0.0866838	0.0587037	0.0592012	0.063635	0.3298	0.365186	0.344255	0.167661	0.41125	0.18081	0.122828	0.116311	0.188418	0.316186	0.411444	0.083609	0.346952	0.167805	0.183861	0.225274	0.146739	0.187244	0.0638762	0.0500224	0.10274	0.361888	0.187624	0.19635	0.210408	0.333588	0.33098	0.239535	0.268537	0.347227	0.340816	0.215671	0.16502	0.309061	0.131588	0.33051	0.306486	0.0948423	0.119374	0.142088	0.20039	0.206692	0.248114	
MomentArms on: knee_angle_r
-0.0217415	-0.0231604	-0.0150784	-0.0149642	-0.0269075	0.0323441	-0.0104125	-0.0278674	-0.033441	0.00573938	0.0299095	0.0289743	0.0289156	
External Torques: 8.36977 
Current Torque on knee_angle_r 8.5717

----------------------------------------


EmgTime: 2.235
Adjusted EMG
0.037963	0.037963	0.037963	0.037963	0.037963	0.037963	0.0697766	0.0701304	0.0697766	0.0704899	0.007719	0.001	0.001	0.001	0.001	0.001	0.001	0.0826747	0.00396482	0.037963	0.037963	0.037963	0.001	0.001	0.001	0.001	0.001	0.001	0.082436	0.0803322	0.0826044	0.116052	0.116145	0.116052	0.001	0.001	0.001	0.0907209	0.001	0.001	0.001	0.0907209	0.0907209	0	0	0	0	0	0	0	0	0	0	0	0	0	0	0	0	0	0	0	0	0	0	0	0	0	0	0	0	0	0	0	0	0	0	0	0	0	0	0	0	0	0	0	0.001	0	0.001	0	0.000997281	0	
LmtTime: 2.23
Lmt
0.10466	0.120529	0.108154	0.0690175	0.0731577	0.0801925	0.344241	0.378549	0.354894	0.179651	0.425936	0.142067	0.0908269	0.0876698	0.164463	0.305364	0.421138	0.0611367	0.337779	0.186053	0.197637	0.218332	0.138601	0.179955	0.0577472	0.055704	0.118702	0.344898	0.170839	0.179894	0.193873	0.340852	0.338075	0.239042	0.267745	0.346639	0.34033	0.214634	0.164586	0.308319	0.131022	0.329395	0.305456	0.0914571	0.102141	0.0871266	0.0588538	0.0593872	0.0638704	0.330375	0.365874	0.344949	0.167561	0.41028	0.180412	0.122754	0.116472	0.18879	0.316887	0.410842	0.0833395	0.347052	0.168383	0.184481	0.226039	0.14624	0.186736	0.0639912	0.0499841	0.102933	0.361375	0.187768	0.196478	0.210548	0.333859	0.331258	0.239843	0.268635	0.347319	0.340937	0.215358	0.165074	0.309136	0.131419	0.330248	0.306191	0.0950002	0.119095	0.14279	0.200139	0.207319	0.248013	
MomentArms on: knee_angle_r
-0.0218298	-0.0231996	-0.0151109	-0.0149703	-0.0268768	0.03247	-0.0103436	-0.0278955	-0.0334865	0.00578682	0.0300007	0.0291017	0.0290193	
External Torques: 7.27708 
Current Torque on knee_angle_r 7.84455

----------------------------------------


EmgTime: 2.245
Adjusted EMG
0.0379628	0.0379628	0.0379628	0.0379628	0.0379628	0.0379628	0.0699919	0.0705873	0.0699919	0.0712024	0.0130596	0.001	0.001	0.001	0.001	0.001	0.001	0.0830128	0.00676909	0.0379628	0.0379628	0.0379628	0.001	0.001	0.001	0.001	0.001	0.001	0.0826008	0.0789783	0.0828867	0.115971	0.116125	0.115971	0.001	0.001	0.001	0.090944	0.001	0.001	0.001	0.090944	0.090944	0	0	0	0	0	0	0	0	0	0	0	0	0	0	0	0	0	0	0	0	0	0	0	0	0	0	0	0	0	0	0	0	0	0	0	0	0	0	0	0	0	0	0	0.001	0	0.001	0	0.000997281	0	
LmtTime: 2.24
Lmt
0.104454	0.120242	0.107833	0.0689231	0.073027	0.08002	0.343795	0.378013	0.354325	0.179842	0.426876	0.142584	0.0909867	0.0874514	0.164002	0.304646	0.42173	0.0615677	0.337706	0.185612	0.197117	0.217631	0.139063	0.180415	0.0576287	0.0556859	0.118541	0.345259	0.170591	0.179639	0.193621	0.340787	0.338013	0.238875	0.267692	0.346589	0.340264	0.214804	0.164557	0.308278	0.131114	0.329537	0.305617	0.0916779	0.102549	0.0876078	0.0589585	0.0595415	0.0640974	0.331044	0.36668	0.345756	0.167458	0.409168	0.179991	0.122698	0.1167	0.189248	0.317694	0.410097	0.0830521	0.347222	0.16901	0.185177	0.226934	0.14568	0.186166	0.0641959	0.0499822	0.103154	0.360772	0.187919	0.196611	0.210694	0.334148	0.331557	0.240171	0.268739	0.347417	0.341066	0.215021	0.165133	0.309216	0.131238	0.329965	0.305872	0.0952488	0.11886	0.143439	0.199819	0.207922	0.247828	
MomentArms on: knee_angle_r
-0.0219239	-0.0232395	-0.0151428	-0.0149741	-0.02684	0.0326039	-0.0102678	-0.0279238	-0.0335334	0.00583945	0.0300982	0.0292384	0.0291305	
External Torques: 6.61202 
Current Torque on knee_angle_r 7.58302

----------------------------------------


EmgTime: 2.255
Adjusted EMG
0.037957	0.037957	0.037957	0.037957	0.037957	0.037957	0.0702062	0.0709899	0.0702062	0.0718113	0.0172241	0.001	0.001	0.001	0.001	0.001	0.001	0.0833459	0.00893677	0.037957	0.037957	0.037957	0.001	0.001	0.001	0.001	0.001	0.001	0.0827833	0.0778437	0.0831672	0.115875	0.116075	0.115875	0.001	0.001	0.001	0.0911688	0.001	0.001	0.001	0.0911688	0.0911688	0	0	0	0	0	0	0	0	0	0	0	0	0	0	0	0	0	0	0	0	0	0	0	0	0	0	0	0	0	0	0	0	0	0	0	0	0	0	0	0	0	0	0	0.001	0	0.001	0	0.000997281	0	
LmtTime: 2.25
Lmt
0.104273	0.119964	0.107506	0.0688529	0.0729135	0.079856	0.343303	0.377421	0.353716	0.179987	0.42777	0.143116	0.0911605	0.0872456	0.163559	0.303945	0.422335	0.0620021	0.3376	0.185162	0.196586	0.216925	0.139527	0.180875	0.0574872	0.0556478	0.118372	0.345676	0.170402	0.179446	0.19343	0.340678	0.337904	0.238693	0.267634	0.346535	0.340193	0.214987	0.164525	0.308235	0.131213	0.329692	0.30579	0.0918524	0.10295	0.0881137	0.0590158	0.0596588	0.0643074	0.331808	0.367607	0.346674	0.167356	0.407918	0.179565	0.122674	0.117005	0.189801	0.318609	0.409204	0.0827567	0.34748	0.16967	0.185934	0.227951	0.145069	0.185543	0.0644894	0.0500121	0.103392	0.360076	0.188068	0.196743	0.210838	0.334441	0.331858	0.240501	0.268844	0.347516	0.341197	0.21468	0.165191	0.309296	0.131055	0.329679	0.305548	0.0955772	0.118674	0.144031	0.199434	0.208492	0.24757	
MomentArms on: knee_angle_r
-0.0220249	-0.0232801	-0.0151739	-0.0149751	-0.0267957	0.0327474	-0.0101836	-0.0279523	-0.0335816	0.00589841	0.0302031	0.0293862	0.0292506	
External Torques: 6.35715 
Current Torque on knee_angle_r 7.65851

----------------------------------------


EmgTime: 2.265
Adjusted EMG
0.0379456	0.0379456	0.0379456	0.0379456	0.0379456	0.0379456	0.0704198	0.0712428	0.0704198	0.0721163	0.0181441	0.001	0.001	0.001	0.001	0.001	0.001	0.0836743	0.00944268	0.0379456	0.0379456	0.0379456	0.001	0.001	0.001	0.001	0.001	0.001	0.0830546	0.0776208	0.0834707	0.115764	0.115975	0.115764	0.001	0.001	0.001	0.0913954	0.001	0.001	0.001	0.0913954	0.0913954	0	0	0	0	0	0	0	0	0	0	0	0	0	0	0	0	0	0	0	0	0	0	0	0	0	0	0	0	0	0	0	0	0	0	0	0	0	0	0	0	0	0	0	0.001	0	0.001	0	0.000997281	0	
LmtTime: 2.26
Lmt
0.104122	0.1197	0.107179	0.0688105	0.0728214	0.0797046	0.342761	0.376771	0.353065	0.180081	0.428616	0.143652	0.0913381	0.0870452	0.163131	0.303264	0.422955	0.0624317	0.337453	0.18471	0.196049	0.216214	0.139992	0.181335	0.057319	0.0555894	0.118199	0.346154	0.17028	0.179321	0.193306	0.340534	0.337761	0.23851	0.267576	0.34648	0.340121	0.215171	0.164492	0.30819	0.131312	0.329846	0.305964	0.0919809	0.103336	0.0886306	0.0590279	0.0597374	0.0644943	0.332664	0.368654	0.347696	0.167262	0.406539	0.179151	0.122688	0.117391	0.190451	0.319625	0.408166	0.0824633	0.347841	0.17035	0.186736	0.229075	0.144422	0.184881	0.0648645	0.0500669	0.103637	0.359287	0.188207	0.196865	0.210972	0.334723	0.332148	0.240816	0.268945	0.34761	0.341322	0.214349	0.165248	0.309374	0.130878	0.329402	0.305234	0.0959753	0.118537	0.144565	0.19899	0.209025	0.247246	
MomentArms on: knee_angle_r
-0.0221328	-0.023321	-0.0152038	-0.0149725	-0.0267424	0.032901	-0.0100903	-0.0279804	-0.0336307	0.00596442	0.0303159	0.0295456	0.0293802	
External Torques: 6.60495 
Current Torque on knee_angle_r 7.99819

----------------------------------------


EmgTime: 2.275
Adjusted EMG
0.0379288	0.0379288	0.0379288	0.0379288	0.0379288	0.0379288	0.0706323	0.0714918	0.0706323	0.072415	0.0190108	0.001	0.001	0.001	0.001	0.001	0.001	0.0839977	0.00988596	0.0379288	0.0379288	0.0379288	0.001	0.001	0.001	0.001	0.001	0.001	0.0833125	0.0772976	0.0837655	0.115639	0.115861	0.115639	0.001	0.001	0.001	0.0916233	0.001	0.001	0.001	0.0916233	0.0916233	0	0	0	0	0	0	0	0	0	0	0	0	0	0	0	0	0	0	0	0	0	0	0	0	0	0	0	0	0	0	0	0	0	0	0	0	0	0	0	0	0	0	0	0.001	0	0.001	0	0.000997281	0	
LmtTime: 2.27
Lmt
0.104003	0.119454	0.106856	0.0687975	0.0727527	0.0795685	0.342168	0.37606	0.352371	0.180122	0.429415	0.14418	0.0915101	0.0868427	0.162712	0.302599	0.423592	0.0628501	0.337257	0.184259	0.195508	0.215495	0.140457	0.181793	0.0571227	0.0555122	0.118024	0.346696	0.170227	0.179266	0.193252	0.340371	0.337596	0.238338	0.267522	0.346429	0.340054	0.215342	0.164462	0.308149	0.131405	0.32999	0.306126	0.092068	0.103701	0.0891449	0.0590019	0.05978	0.0646546	0.333607	0.369814	0.348806	0.167184	0.405052	0.178768	0.122748	0.117856	0.191193	0.320728	0.406994	0.0821815	0.348316	0.171035	0.187564	0.230283	0.143755	0.184197	0.0653076	0.0501372	0.103878	0.358408	0.188323	0.196967	0.211084	0.334988	0.33242	0.241105	0.269038	0.347697	0.341437	0.214042	0.165299	0.309446	0.130714	0.329145	0.304942	0.096434	0.118451	0.145043	0.198488	0.209514	0.246864	
MomentArms on: knee_angle_r
-0.0222468	-0.0233611	-0.0152313	-0.0149657	-0.0266792	0.0330636	-0.00998765	-0.0280073	-0.0336796	0.0060377	0.0304359	0.0297157	0.0295185	
External Torques: 7.05697 
Current Torque on knee_angle_r 8.54202

----------------------------------------


EmgTime: 2.285
Adjusted EMG
0.0379066	0.0379066	0.0379066	0.0379066	0.0379066	0.0379066	0.0708437	0.0716709	0.0708437	0.0725712	0.018414	0.001	0.001	0.001	0.001	0.001	0.001	0.084316	0.0096037	0.0379066	0.0379066	0.0379066	0.001	0.001	0.001	0.001	0.001	0.001	0.083612	0.0774181	0.0840709	0.115499	0.115716	0.115499	0.001	0.001	0.001	0.0918525	0.001	0.001	0.001	0.0918525	0.0918525	0	0	0	0	0	0	0	0	0	0	0	0	0	0	0	0	0	0	0	0	0	0	0	0	0	0	0	0	0	0	0	0	0	0	0	0	0	0	0	0	0	0	0	0.001	0	0.001	0	0.000997281	0	
LmtTime: 2.28
Lmt
0.103916	0.119226	0.10654	0.0688127	0.0727077	0.079449	0.341522	0.375284	0.351632	0.18011	0.430172	0.144693	0.0916681	0.086631	0.162296	0.301947	0.424247	0.0632526	0.337008	0.183812	0.194966	0.214766	0.140921	0.182251	0.0568994	0.0554195	0.11785	0.347303	0.170243	0.179282	0.193268	0.340202	0.337425	0.238192	0.267475	0.346385	0.339996	0.215488	0.164437	0.308114	0.131483	0.330112	0.306263	0.0921232	0.104043	0.0896449	0.058949	0.0597931	0.0647885	0.334627	0.371074	0.349988	0.167129	0.403483	0.178429	0.122856	0.118392	0.192016	0.321899	0.405713	0.0819198	0.348907	0.171709	0.188397	0.231545	0.143088	0.18351	0.0657994	0.0502119	0.104106	0.357446	0.188404	0.19722	0.211163	0.335233	0.33267	0.241361	0.26912	0.347773	0.341539	0.213769	0.165346	0.30951	0.130568	0.328916	0.30468	0.0969458	0.118418	0.145468	0.197926	0.209957	0.24643	
MomentArms on: knee_angle_r
-0.022365	-0.0233992	-0.0152556	-0.0149541	-0.0266056	0.033233	-0.00987648	-0.0280319	-0.0337267	0.00611774	0.0305611	0.0298944	0.0296637	
External Torques: 7.78665 
Current Torque on knee_angle_r 9.24714

----------------------------------------


EmgTime: 2.295
Adjusted EMG
0.0378791	0.0378791	0.0378791	0.0378791	0.0378791	0.0378791	0.0710538	0.071792	0.0710538	0.072606	0.0165791	0.001	0.001	0.001	0.001	0.001	0.001	0.0846289	0.0086768	0.0378791	0.0378791	0.0378791	0.001	0.001	0.001	0.001	0.001	0.001	0.0839547	0.0780022	0.0843893	0.115343	0.115544	0.115343	0.001	0.001	0.001	0.0920827	0.001	0.001	0.001	0.0920827	0.0920827	0	0	0	0	0	0	0	0	0	0	0	0	0	0	0	0	0	0	0	0	0	0	0	0	0	0	0	0	0	0	0	0	0	0	0	0	0	0	0	0	0	0	0	0.001	0	0.001	0	0.000997281	0	
LmtTime: 2.29
Lmt
0.103857	0.119018	0.106234	0.0688532	0.0726848	0.0793464	0.340821	0.37444	0.350847	0.180046	0.430896	0.145183	0.0918052	0.0864037	0.161876	0.301302	0.424923	0.0636364	0.336702	0.183372	0.194424	0.214024	0.141387	0.18271	0.0566524	0.0553154	0.11768	0.347976	0.170326	0.179367	0.193352	0.340041	0.337261	0.238082	0.26744	0.346352	0.339953	0.215597	0.164417	0.308088	0.131542	0.330203	0.306365	0.09216	0.104361	0.0901214	0.0588841	0.0597872	0.0648991	0.335711	0.37242	0.351219	0.167106	0.401868	0.178145	0.123011	0.118987	0.1929	0.323116	0.404352	0.0816849	0.349616	0.172362	0.189217	0.23283	0.14244	0.182839	0.0663164	0.0502793	0.104313	0.356413	0.188438	0.197252	0.211195	0.335458	0.332898	0.241578	0.269189	0.347838	0.341626	0.213535	0.165385	0.309564	0.130444	0.32872	0.304457	0.0975045	0.118439	0.145846	0.197303	0.210354	0.245949	
MomentArms on: knee_angle_r
-0.0224847	-0.0234339	-0.0152757	-0.0149373	-0.026522	0.0334056	-0.00975857	-0.0280533	-0.0337703	0.0062033	0.0306892	0.0300779	0.0298127	
External Torques: 8.74736 
Current Torque on knee_angle_r 10.0798

----------------------------------------


EmgTime: 2.305
Adjusted EMG
0.0378465	0.0378465	0.0378465	0.0378465	0.0378465	0.0378465	0.0712626	0.0718681	0.0712626	0.0725457	0.0137709	0.001	0.001	0.001	0.001	0.001	0.001	0.0849363	0.00722742	0.0378465	0.0378465	0.0378465	0.001	0.001	0.001	0.001	0.001	0.001	0.0843403	0.0790559	0.0847217	0.115173	0.115344	0.115173	0.001	0.001	0.001	0.0923135	0.001	0.001	0.001	0.0923135	0.0923135	0	0	0	0	0	0	0	0	0	0	0	0	0	0	0	0	0	0	0	0	0	0	0	0	0	0	0	0	0	0	0	0	0	0	0	0	0	0	0	0	0	0	0	0.001	0	0.001	0	0.000997281	0	
LmtTime: 2.3
Lmt
0.103821	0.118828	0.105941	0.0689146	0.0726813	0.0792596	0.340065	0.373528	0.350015	0.179934	0.431594	0.145647	0.0919166	0.086156	0.161445	0.300656	0.425619	0.0640004	0.336336	0.182939	0.193884	0.213264	0.141856	0.183173	0.0563867	0.0552052	0.117517	0.348717	0.170471	0.179517	0.1935	0.339899	0.337115	0.238017	0.26742	0.346333	0.339928	0.215661	0.164406	0.308073	0.131577	0.330257	0.306426	0.0921945	0.10466	0.0905683	0.058824	0.0597751	0.064993	0.336846	0.373832	0.352476	0.167124	0.400244	0.177922	0.123207	0.119622	0.193825	0.324351	0.40295	0.0814814	0.350433	0.172983	0.190004	0.234103	0.14183	0.182202	0.0668335	0.0503284	0.104495	0.35532	0.188412	0.197228	0.21117	0.335665	0.333104	0.241753	0.269245	0.347891	0.341696	0.213345	0.165416	0.309608	0.130343	0.328561	0.304275	0.0981053	0.118512	0.146184	0.196614	0.210702	0.245424	
MomentArms on: knee_angle_r
-0.0226026	-0.0234641	-0.0152908	-0.0149156	-0.0264297	0.033577	-0.0096367	-0.0280704	-0.0338089	0.00629234	0.0308166	0.0302615	0.0299618	
External Torques: 9.89328 
Current Torque on knee_angle_r 11.0116

----------------------------------------


EmgTime: 2.315
Adjusted EMG
0.0378089	0.0378089	0.0378089	0.0378089	0.0378089	0.0378089	0.0714699	0.0719162	0.0714699	0.0724232	0.0102948	0.001	0.001	0.001	0.001	0.001	0.001	0.0852382	0.00541134	0.0378089	0.0378089	0.0378089	0.001	0.001	0.001	0.001	0.001	0.001	0.0847636	0.0805348	0.0850662	0.114988	0.11512	0.114988	0.001	0.001	0.001	0.0925449	0.001	0.001	0.001	0.0925449	0.0925449	0	0	0	0	0	0	0	0	0	0	0	0	0	0	0	0	0	0	0	0	0	0	0	0	0	0	0	0	0	0	0	0	0	0	0	0	0	0	0	0	0	0	0	0.001	0	0.001	0	0.000997281	0	
LmtTime: 2.31
Lmt
0.103803	0.118652	0.105662	0.0689919	0.0726938	0.0791873	0.339253	0.372547	0.349135	0.179778	0.432275	0.146083	0.0919994	0.0858846	0.160999	0.300004	0.426337	0.0643447	0.335913	0.182514	0.193345	0.212484	0.14233	0.18364	0.0561085	0.055094	0.117364	0.349521	0.170675	0.179725	0.193706	0.339784	0.336997	0.238002	0.267415	0.346328	0.339922	0.215676	0.164403	0.308069	0.131585	0.330269	0.30644	0.0922429	0.104946	0.090983	0.0587853	0.0597711	0.0650786	0.338017	0.37529	0.353735	0.167189	0.398654	0.177762	0.123436	0.120274	0.194764	0.325576	0.401547	0.081311	0.351346	0.173566	0.190743	0.235333	0.141271	0.181616	0.0673259	0.0503504	0.104649	0.354184	0.188315	0.196959	0.211076	0.335858	0.333293	0.241884	0.269287	0.34793	0.341749	0.213202	0.16544	0.309641	0.130267	0.328441	0.304137	0.0987444	0.118637	0.14649	0.195857	0.211004	0.244856	
MomentArms on: knee_angle_r
-0.0227153	-0.0234889	-0.0153009	-0.0148899	-0.0263308	0.0337424	-0.00951444	-0.0280828	-0.0338413	0.00638216	0.0309397	0.0304399	0.0301066	
External Torques: 11.1766 
Current Torque on knee_angle_r 12.0199

----------------------------------------


EmgTime: 2.325
Adjusted EMG
0.0377664	0.0377664	0.0377664	0.0377664	0.0377664	0.0377664	0.0716756	0.0719506	0.0716756	0.072268	0.00644884	0.001	0.001	0.001	0.001	0.001	0.001	0.0855343	0.0033759	0.0377664	0.0377664	0.0377664	0.001	0.001	0.001	0.001	0.001	0.001	0.0852181	0.082389	0.08542	0.114789	0.114874	0.114789	0.001	0.001	0.001	0.0927764	0.001	0.001	0.001	0.0927764	0.0927764	0	0	0	0	0	0	0	0	0	0	0	0	0	0	0	0	0	0	0	0	0	0	0	0	0	0	0	0	0	0	0	0	0	0	0	0	0	0	0	0	0	0	0	0.001	0	0.001	0	0.000997281	0	
LmtTime: 2.32
Lmt
0.103797	0.11849	0.105396	0.0690797	0.0727183	0.0791275	0.338388	0.371499	0.34821	0.179581	0.432947	0.146492	0.0920529	0.0855887	0.160536	0.29934	0.427075	0.0646704	0.335434	0.182097	0.192808	0.211684	0.14281	0.184114	0.0558245	0.0549868	0.117221	0.350387	0.17093	0.179986	0.193965	0.339701	0.33691	0.238038	0.267427	0.346339	0.339936	0.21564	0.16441	0.308078	0.131566	0.330239	0.306406	0.0923201	0.105225	0.0913662	0.0587822	0.0597881	0.0651654	0.339207	0.376772	0.354974	0.167309	0.39714	0.177662	0.123686	0.120921	0.19569	0.326762	0.400186	0.0811725	0.352338	0.174108	0.191424	0.23649	0.137016	0.179296	0.0677718	0.0503398	0.104778	0.35302	0.188139	0.196805	0.210906	0.336038	0.333466	0.24197	0.269315	0.347956	0.341784	0.213107	0.165456	0.309663	0.130217	0.328362	0.304047	0.0994177	0.118811	0.146768	0.195031	0.211258	0.244249	
MomentArms on: knee_angle_r
-0.0228196	-0.023508	-0.0153063	-0.0148617	-0.0262288	0.0338967	-0.00939598	-0.0280905	-0.0338669	0.00646959	0.0310548	0.0306075	0.0302426	
External Torques: 12.556 
Current Torque on knee_angle_r 13.0874

----------------------------------------


EmgTime: 2.335
Adjusted EMG
0.0377191	0.0377191	0.0377191	0.0377191	0.0377191	0.0377191	0.0718797	0.0719843	0.0718797	0.0721069	0.00249644	0.001	0.001	0.001	0.001	0.001	0.001	0.0858245	0.00128287	0.0377191	0.0377191	0.0377191	0.001	0.001	0.001	0.001	0.001	0.001	0.0856945	0.0845253	0.085778	0.114575	0.114609	0.114575	0.001	0.001	0.001	0.093008	0.001	0.001	0.001	0.093008	0.093008	0	0	0	0	0	0	0	0	0	0	0	0	0	0	0	0	0	0	0	0	0	0	0	0	0	0	0	0	0	0	0	0	0	0	0	0	0	0	0	0	0	0	0	0.001	0	0.001	0	0.000997281	0	
LmtTime: 2.33
Lmt
0.103798	0.118339	0.105146	0.0691734	0.0727514	0.0790783	0.337473	0.37039	0.347243	0.179349	0.433613	0.146876	0.0920779	0.0852691	0.160053	0.298663	0.42783	0.0649792	0.334904	0.181688	0.192273	0.210864	0.143297	0.184595	0.0555409	0.0548876	0.117092	0.35131	0.17123	0.180294	0.194269	0.339648	0.336853	0.238123	0.267453	0.346364	0.339969	0.215556	0.164425	0.308098	0.13152	0.330169	0.306327	0.0924365	0.105505	0.0917208	0.0588246	0.0598368	0.0652623	0.3404	0.378257	0.356174	0.167486	0.39574	0.17761	0.123943	0.12154	0.196573	0.327881	0.398905	0.0810616	0.353385	0.174608	0.192039	0.23755	0.136353	0.178663	0.0681548	0.0502952	0.104884	0.351844	0.187879	0.196576	0.210655	0.33621	0.333627	0.242012	0.269329	0.347968	0.341801	0.21306	0.165463	0.309674	0.130192	0.328323	0.304002	0.100121	0.119028	0.147025	0.194138	0.211466	0.243605	
MomentArms on: knee_angle_r
-0.0229123	-0.0235217	-0.0153077	-0.0148329	-0.0261276	0.0340353	-0.00928575	-0.0280941	-0.0338859	0.00655123	0.0311584	0.0307592	0.0303656	
External Torques: 13.9951 
Current Torque on knee_angle_r 14.2018

----------------------------------------


EmgTime: 2.345
Adjusted EMG
0.0376673	0.0376673	0.0376673	0.0376673	0.0376673	0.0376673	0.0720819	0.0720807	0.0720819	0.0720793	0.001	0.001	0.001	0.001	0.001	0.001	0.001	0.0861087	0.001	0.0376673	0.0376673	0.0376673	0.001	0.001	0.001	0.001	0.001	0.00277586	0.0861103	0.086125	0.0861093	0.114346	0.114346	0.114346	0.001	0.001	0.001	0.0932393	0.001	0.001	0.001	0.0932393	0.0932393	0	0	0	0	0	0	0	0	0	0	0	0	0	0	0	0	0	0	0	0	0	0	0	0	0	0	0	0	0	0	0	0	0	0	0	0	0	0	0	0	0	0	0	0.001	0	0.001	0	0.000997281	0	
LmtTime: 2.34
Lmt
0.103801	0.118197	0.104912	0.0692693	0.0727904	0.0790382	0.336513	0.369224	0.346238	0.179085	0.434275	0.147235	0.0920768	0.0849284	0.159553	0.297972	0.428599	0.0652726	0.33433	0.181289	0.191743	0.210026	0.143789	0.185083	0.0552631	0.0547992	0.116975	0.352281	0.171569	0.180643	0.194612	0.33962	0.336823	0.23825	0.267494	0.346402	0.340019	0.21543	0.164447	0.308128	0.131452	0.330063	0.306209	0.0925969	0.10579	0.092051	0.0589165	0.0599231	0.0653761	0.341581	0.379723	0.357318	0.167722	0.39449	0.177593	0.124192	0.122107	0.19739	0.32891	0.397741	0.080972	0.35446	0.175068	0.192587	0.238494	0.135757	0.178096	0.0684642	0.0502196	0.104975	0.350673	0.187534	0.196271	0.210322	0.336375	0.333778	0.242012	0.269328	0.347968	0.3418	0.213061	0.165463	0.309674	0.130192	0.328323	0.304002	0.100848	0.119284	0.147263	0.193186	0.211628	0.242928	
MomentArms on: knee_angle_r
-0.0229913	-0.0235306	-0.0153064	-0.0148055	-0.0260316	0.0341542	-0.00918804	-0.0280945	-0.0338989	0.00662374	0.0312475	0.0308903	0.0304719	
External Torques: 15.4548 
Current Torque on knee_angle_r 15.4523

----------------------------------------


EmgTime: 2.355
Adjusted EMG
0.0376109	0.0376109	0.0376109	0.0376109	0.0376109	0.0376109	0.0722823	0.0722803	0.0722823	0.072278	0.001	0.001	0.001	0.001	0.001	0.001	0.001	0.0863867	0.001	0.0376109	0.0376109	0.0376109	0.001	0.001	0.001	0.001	0.001	0.00446491	0.0863896	0.0864153	0.0863877	0.114103	0.114102	0.114103	0.001	0.001	0.001	0.0934702	0.001	0.001	0.001	0.0934702	0.0934702	0	0	0	0	0	0	0	0	0	0	0	0	0	0	0	0	0	0	0	0	0	0	0	0	0	0	0	0	0	0	0	0	0	0	0	0	0	0	0	0	0	0	0	0.001	0	0.001	0	0.000997281	0	
LmtTime: 2.35
Lmt
0.103803	0.118063	0.104693	0.0693654	0.0728334	0.0790061	0.335515	0.368012	0.345204	0.178794	0.434931	0.147573	0.0920524	0.0845707	0.15904	0.29727	0.429375	0.0655518	0.333719	0.180899	0.191218	0.209174	0.144285	0.185574	0.0549946	0.0547227	0.116872	0.353294	0.171942	0.181026	0.194989	0.339611	0.33681	0.238408	0.267544	0.34645	0.340081	0.215272	0.164475	0.308166	0.131367	0.329931	0.30606	0.0927993	0.106081	0.0923609	0.059055	0.0600479	0.0655105	0.342734	0.381147	0.358394	0.168016	0.393418	0.177594	0.124417	0.122603	0.198115	0.329827	0.396718	0.0808954	0.355535	0.175491	0.193068	0.239311	0.135235	0.177598	0.0686968	0.0501202	0.105056	0.349523	0.18711	0.195892	0.209912	0.336535	0.333921	0.241972	0.269316	0.347956	0.341784	0.213105	0.165456	0.309664	0.130216	0.32836	0.304045	0.101592	0.119571	0.147482	0.192185	0.211744	0.242224	
MomentArms on: knee_angle_r
-0.0230548	-0.0235358	-0.0153035	-0.0147817	-0.0259452	0.0342503	-0.00910672	-0.028093	-0.033907	0.00668419	0.0313198	0.0309971	0.0305585	
External Torques: 16.8978 
Current Torque on knee_angle_r 16.8938

----------------------------------------


EmgTime: 2.365
Adjusted EMG
0.0375502	0.0375502	0.0375502	0.0375502	0.0375502	0.0375502	0.0724807	0.0725948	0.0724807	0.0727316	0.00280389	0.001	0.001	0.001	0.001	0.001	0.001	0.0866585	0.001	0.0375502	0.0375502	0.0375502	0.001	0.001	0.001	0.001	0.001	0.001	0.0864828	0.0848625	0.0866	0.113846	0.113887	0.113846	0.001	0.001	0.001	0.0937003	0.001	0.001	0.001	0.0937003	0.0937003	0	0	0	0	0	0	0	0	0	0	0	0	0	0	0	0	0	0	0	0	0	0	0	0	0	0	0	0	0	0	0	0	0	0	0	0	0	0	0	0	0	0	0	0.001	0	0.001	0	0.000997281	0	
LmtTime: 2.36
Lmt
0.103806	0.117937	0.10449	0.0694609	0.0728798	0.0789815	0.334488	0.366765	0.34415	0.17848	0.435576	0.147891	0.0920083	0.0842008	0.158518	0.296563	0.430153	0.065817	0.333077	0.180521	0.190701	0.208316	0.14478	0.186065	0.0547373	0.0546577	0.116783	0.354337	0.172344	0.181439	0.195395	0.339609	0.336805	0.238587	0.267601	0.346503	0.340151	0.215093	0.164506	0.308209	0.13127	0.329781	0.305891	0.093035	0.106375	0.0926538	0.0592311	0.0602066	0.0656656	0.343843	0.38251	0.359389	0.168362	0.392544	0.177593	0.124603	0.123012	0.198731	0.330616	0.395856	0.0808229	0.356579	0.175877	0.193485	0.239994	0.134788	0.177172	0.0688557	0.0500078	0.105136	0.348412	0.186614	0.195446	0.209433	0.336692	0.334059	0.241898	0.269292	0.347934	0.341754	0.213186	0.165442	0.309645	0.130259	0.328428	0.304123	0.102341	0.119881	0.14768	0.191155	0.211814	0.241503	
MomentArms on: knee_angle_r
-0.0231017	-0.0235385	-0.0153004	-0.0147632	-0.0258723	0.0343215	-0.00904485	-0.0280908	-0.0339115	0.0067302	0.0313737	0.031077	0.0306233	
External Torques: 17.9525 
Current Torque on knee_angle_r 18.1895

----------------------------------------


EmgTime: 2.375
Adjusted EMG
0.0374854	0.0374854	0.0374854	0.0374854	0.0374854	0.0374854	0.072677	0.0726895	0.072677	0.0727044	0.001	0.001	0.001	0.001	0.001	0.001	0.001	0.0869238	0.001	0.0374854	0.0374854	0.0374854	0.001	0.001	0.001	0.001	0.001	0.001	0.0869034	0.0867146	0.0869173	0.113575	0.11358	0.113575	0.001	0.001	0.001	0.0939295	0.001	0.001	0.001	0.0939295	0.0939295	0	0	0	0	0	0	0	0	0	0	0	0	0	0	0	0	0	0	0	0	0	0	0	0	0	0	0	0	0	0	0	0	0	0	0	0	0	0	0	0	0	0	0	0.001	0	0.001	0	0.000997281	0	
LmtTime: 2.37
Lmt
0.10381	0.11782	0.104302	0.0695566	0.0729299	0.0789644	0.333444	0.365496	0.343085	0.178145	0.4362	0.148188	0.0919477	0.0838242	0.157995	0.295861	0.430925	0.0660678	0.332414	0.180156	0.190196	0.207459	0.145271	0.186552	0.0544909	0.0546022	0.116705	0.3554	0.17277	0.181878	0.195826	0.339601	0.336795	0.238774	0.26766	0.346559	0.340224	0.214906	0.164539	0.308254	0.131169	0.329623	0.305713	0.0932892	0.106669	0.0929316	0.05943	0.0603891	0.0658376	0.344891	0.383788	0.360296	0.168752	0.39188	0.17757	0.124736	0.123324	0.199221	0.331264	0.395161	0.0807458	0.35756	0.176228	0.193844	0.240544	0.134414	0.176812	0.06895	0.0498956	0.105221	0.347356	0.186063	0.194946	0.208901	0.336847	0.334194	0.241797	0.269259	0.347904	0.341714	0.213297	0.165424	0.309619	0.130317	0.328521	0.304229	0.103085	0.120206	0.147851	0.190117	0.211839	0.240775	
MomentArms on: knee_angle_r
-0.0231314	-0.0235397	-0.0152979	-0.0147514	-0.0258159	0.0343664	-0.00900459	-0.028089	-0.0339136	0.00676016	0.0314083	0.0311284	0.0306649	
External Torques: 19.3601 
Current Torque on knee_angle_r 19.3863

----------------------------------------


EmgTime: 2.385
Adjusted EMG
0.0374166	0.0374166	0.0374166	0.0374166	0.0374166	0.0374166	0.0728712	0.0728775	0.0728712	0.0728849	0.001	0.001	0.001	0.001	0.001	0.001	0.001	0.0871826	0.001	0.0374166	0.0374166	0.0374166	0.001	0.001	0.001	0.001	0.001	0.001	0.0871718	0.0870708	0.0871793	0.113291	0.113293	0.113291	0.001	0.001	0.001	0.0941575	0.001	0.001	0.001	0.0941575	0.0941575	0	0	0	0	0	0	0	0	0	0	0	0	0	0	0	0	0	0	0	0	0	0	0	0	0	0	0	0	0	0	0	0	0	0	0	0	0	0	0	0	0	0	0	0.001	0	0.001	0	0.000997281	0	
LmtTime: 2.38
Lmt
0.103819	0.117715	0.104131	0.0696544	0.0729849	0.0789552	0.332392	0.364219	0.342022	0.177792	0.436795	0.148464	0.0918739	0.0834462	0.157478	0.295172	0.431684	0.0663028	0.331735	0.179807	0.189706	0.206614	0.145749	0.187027	0.0542536	0.0545528	0.116638	0.356471	0.173217	0.182339	0.196276	0.339576	0.336768	0.238955	0.267717	0.346613	0.340296	0.214722	0.164571	0.308298	0.131069	0.329469	0.305539	0.0935428	0.106951	0.0931945	0.0596331	0.0605818	0.0660196	0.345861	0.38496	0.361107	0.169172	0.391431	0.177509	0.124805	0.123531	0.199576	0.331764	0.394634	0.080656	0.358446	0.176544	0.19415	0.240964	0.134109	0.176515	0.0689936	0.0497985	0.105316	0.346374	0.185474	0.194408	0.208333	0.337003	0.33433	0.24168	0.269222	0.347869	0.341667	0.213424	0.165403	0.30959	0.130385	0.328628	0.304351	0.103809	0.120536	0.147989	0.189098	0.21182	0.240054	
MomentArms on: knee_angle_r
-0.0231438	-0.02354	-0.0152968	-0.014747	-0.0257777	0.0343847	-0.00898703	-0.0280882	-0.0339141	0.00677323	0.0314233	0.0311507	0.030683	
External Torques: 20.6732 
Current Torque on knee_angle_r 20.6864

----------------------------------------


EmgTime: 2.395
Adjusted EMG
0.037344	0.037344	0.037344	0.037344	0.037344	0.037344	0.0730631	0.0731483	0.0730631	0.0732475	0.00209579	0.001	0.001	0.001	0.001	0.001	0.001	0.0874348	0.001	0.037344	0.037344	0.037344	0.001	0.001	0.001	0.001	0.001	0.001	0.0872796	0.0858196	0.0873889	0.112993	0.113023	0.112993	0.001	0.001	0.001	0.0943841	0.001	0.001	0.001	0.0943841	0.0943841	0	0	0	0	0	0	0	0	0	0	0	0	0	0	0	0	0	0	0	0	0	0	0	0	0	0	0	0	0	0	0	0	0	0	0	0	0	0	0	0	0	0	0	0.001	0	0.001	0	0.000997281	0	
LmtTime: 2.39
Lmt
0.103837	0.117623	0.103975	0.0697569	0.0730463	0.0789546	0.331348	0.36295	0.340974	0.177425	0.437348	0.148717	0.0917896	0.0830723	0.156976	0.294509	0.432421	0.0665198	0.331047	0.179477	0.189237	0.20579	0.14621	0.187485	0.0540217	0.0545052	0.116579	0.357537	0.173681	0.182817	0.196743	0.339524	0.336713	0.239121	0.26777	0.346663	0.340361	0.214553	0.1646	0.308338	0.130979	0.329327	0.30538	0.0937743	0.107212	0.0934414	0.0598196	0.0607685	0.0662022	0.346734	0.386004	0.361813	0.169607	0.391193	0.177392	0.124803	0.123632	0.199792	0.332114	0.394265	0.0805472	0.359209	0.176824	0.19441	0.241261	0.133866	0.176271	0.0690035	0.0497314	0.105425	0.345485	0.184871	0.193851	0.207752	0.337164	0.334471	0.24156	0.269183	0.347833	0.341619	0.213555	0.165381	0.30956	0.130454	0.328737	0.304476	0.104496	0.120863	0.148087	0.188127	0.211761	0.239357	
MomentArms on: knee_angle_r
-0.0231392	-0.02354	-0.0152972	-0.01475	-0.0257584	0.0343763	-0.00899231	-0.0280888	-0.0339133	0.0067693	0.0314188	0.031144	0.0306776	
External Torques: 21.9079 
Current Torque on knee_angle_r 22.0878

----------------------------------------


EmgTime: 2.405
Adjusted EMG
0.0372677	0.0372677	0.0372677	0.0372677	0.0372677	0.0372677	0.0732527	0.0734667	0.0732527	0.0737094	0.00522725	0.001	0.001	0.001	0.001	0.001	0.001	0.0876801	0.001	0.0372677	0.0372677	0.0372677	0.001	0.001	0.001	0.001	0.001	0.001	0.0872735	0.0833845	0.0875653	0.112682	0.112755	0.112682	0.001	0.001	0.001	0.094609	0.001	0.001	0.001	0.094609	0.094609	0	0	0	0	0	0	0	0	0	0	0	0	0	0	0	0	0	0	0	0	0	0	0	0	0	0	0	0	0	0	0	0	0	0	0	0	0	0	0	0	0	0	0	0.001	0	0.001	0	0.000997281	0	
LmtTime: 2.4
Lmt
0.103869	0.117547	0.103835	0.0698673	0.0731163	0.0789632	0.330323	0.361705	0.339956	0.177045	0.437848	0.148944	0.0916971	0.0827075	0.156496	0.293883	0.433129	0.0667163	0.330358	0.179168	0.188792	0.205	0.146645	0.187916	0.0537904	0.0544543	0.116526	0.358584	0.174159	0.183311	0.197224	0.339434	0.336622	0.239261	0.267815	0.346704	0.340416	0.21441	0.164625	0.308372	0.130902	0.329207	0.305244	0.0939617	0.107441	0.0936708	0.0599686	0.0609324	0.0663753	0.347494	0.386897	0.362409	0.170039	0.391154	0.17721	0.124725	0.123628	0.199869	0.332315	0.394039	0.0804148	0.359822	0.177065	0.194629	0.241448	0.133675	0.176074	0.0689988	0.0497087	0.105551	0.344709	0.184279	0.1933	0.207183	0.337335	0.334625	0.241453	0.269149	0.347801	0.341576	0.21367	0.165362	0.309533	0.130516	0.328833	0.304586	0.105132	0.121179	0.148138	0.187235	0.211666	0.238699	
MomentArms on: knee_angle_r
-0.023118	-0.0235393	-0.0152989	-0.0147602	-0.0257573	0.034342	-0.00901965	-0.0280906	-0.0339113	0.00674896	0.0313954	0.0311093	0.0306494	
External Torques: 23.0847 
Current Torque on knee_angle_r 23.5352

----------------------------------------


EmgTime: 2.415
Adjusted EMG
0.0371879	0.0371879	0.0371879	0.0371879	0.0371879	0.0371879	0.0734399	0.0738097	0.0734399	0.0742152	0.00894491	0.001	0.001	0.001	0.001	0.001	0.001	0.0879186	0.001	0.0371879	0.0371879	0.0371879	0.001	0.001	0.001	0.001	0.001	0.001	0.0871912	0.0800996	0.0877228	0.112358	0.112479	0.112358	0.001	0.001	0.001	0.094832	0.001	0.001	0.001	0.094832	0.094832	0	0	0	0	0	0	0	0	0	0	0	0	0	0	0	0	0	0	0	0	0	0	0	0	0	0	0	0	0	0	0	0	0	0	0	0	0	0	0	0	0	0	0	0.001	0	0.001	0	0.000997281	0	
LmtTime: 2.41
Lmt
0.103919	0.117489	0.103708	0.0699885	0.0731966	0.0789816	0.329332	0.360501	0.338979	0.176655	0.438283	0.149141	0.0915984	0.0823563	0.156047	0.293306	0.4338	0.0668896	0.329672	0.178883	0.188376	0.204252	0.147048	0.188315	0.0535543	0.0543948	0.116477	0.359601	0.174647	0.183815	0.197713	0.339302	0.336488	0.239368	0.267849	0.346737	0.340458	0.2143	0.164644	0.308398	0.130842	0.329115	0.305139	0.0940844	0.107627	0.0938811	0.0600609	0.0610574	0.0665287	0.348124	0.387621	0.362888	0.170448	0.391296	0.176953	0.124569	0.123527	0.199814	0.332373	0.393937	0.080256	0.360266	0.177268	0.194814	0.241537	0.133528	0.175913	0.0689989	0.0497427	0.105695	0.344062	0.183723	0.192778	0.206648	0.337523	0.334798	0.241376	0.269124	0.347778	0.341545	0.213753	0.165348	0.309513	0.13056	0.328903	0.304665	0.1057	0.121474	0.148137	0.18645	0.211541	0.2381	
MomentArms on: knee_angle_r
-0.0230806	-0.0235377	-0.0153015	-0.0147765	-0.0257731	0.0342828	-0.00906762	-0.0280931	-0.0339076	0.00671326	0.031354	0.0310478	0.0305996	
External Torques: 24.2176 
Current Torque on knee_angle_r 24.99

----------------------------------------


EmgTime: 2.425
Adjusted EMG
0.0371048	0.0371048	0.0371048	0.0371048	0.0371048	0.0371048	0.0736246	0.0741643	0.0736246	0.0747321	0.0128722	0.001	0.001	0.001	0.001	0.001	0.001	0.08815	0.001	0.0371048	0.0371048	0.0371048	0.001	0.001	0.001	0.001	0.001	0.001	0.0870603	0.0761956	0.0878705	0.112022	0.112191	0.112022	0.001	0.001	0.001	0.0950528	0.001	0.001	0.001	0.0950528	0.0950528	0	0	0	0	0	0	0	0	0	0	0	0	0	0	0	0	0	0	0	0	0	0	0	0	0	0	0	0	0	0	0	0	0	0	0	0	0	0	0	0	0	0	0	0.001	0	0.001	0	0.000997281	0	
LmtTime: 2.42
Lmt
0.103993	0.11745	0.103595	0.0701235	0.0732889	0.0790099	0.328387	0.359352	0.338056	0.176259	0.438645	0.149307	0.0914954	0.0820225	0.155634	0.292789	0.434427	0.0670373	0.328994	0.178624	0.187993	0.203559	0.147412	0.188675	0.0533078	0.0543215	0.116428	0.360573	0.175142	0.184327	0.198209	0.339124	0.336309	0.239438	0.267871	0.346758	0.340486	0.214228	0.164657	0.308415	0.130804	0.329054	0.305071	0.0941253	0.107761	0.0940716	0.0600803	0.06113	0.0666536	0.34861	0.388161	0.363248	0.170817	0.391597	0.176619	0.124338	0.123337	0.199634	0.332299	0.393937	0.08007	0.360526	0.177432	0.194971	0.241544	0.133416	0.17578	0.0690225	0.0498432	0.10586	0.34356	0.183226	0.192309	0.206172	0.337736	0.334999	0.241346	0.269115	0.347769	0.341533	0.213784	0.165343	0.309506	0.130577	0.328929	0.304696	0.106186	0.121743	0.148079	0.185797	0.211392	0.237576	
MomentArms on: knee_angle_r
-0.0230277	-0.0235343	-0.0153043	-0.0147977	-0.0258037	0.0341999	-0.00913428	-0.0280953	-0.0339013	0.00666369	0.0312955	0.0309611	0.0305294	
External Torques: 25.3154 
Current Torque on knee_angle_r 26.4293

----------------------------------------


EmgTime: 2.435
Adjusted EMG
0.0370187	0.0370187	0.0370187	0.0370187	0.0370187	0.0370187	0.0738067	0.0745221	0.0738067	0.075239	0.0166952	0.001	0.001	0.001	0.001	0.001	0.001	0.0883743	0.001	0.0370187	0.0370187	0.0370187	0.001	0.001	0.001	0.001	0.001	0.001	0.0869047	0.0718666	0.0880149	0.111674	0.111886	0.111674	0.001	0.001	0.001	0.0952713	0.001	0.001	0.001	0.0952713	0.0952713	0	0	0	0	0	0	0	0	0	0	0	0	0	0	0	0	0	0	0	0	0	0	0	0	0	0	0	0	0	0	0	0	0	0	0	0	0	0	0	0	0	0	0	0.001	0	0.001	0	0.000997281	0	
LmtTime: 2.43
Lmt
0.104093	0.117432	0.103492	0.0702746	0.0733943	0.0790481	0.327498	0.358271	0.337198	0.175859	0.438925	0.149438	0.0913896	0.0817092	0.155262	0.29234	0.435006	0.0671575	0.328329	0.178391	0.187645	0.202926	0.147732	0.188991	0.0530456	0.0542297	0.116376	0.361492	0.175639	0.184842	0.198706	0.338899	0.336083	0.239469	0.267881	0.346767	0.340498	0.214196	0.164662	0.308423	0.130786	0.329027	0.30504	0.0940714	0.107839	0.0942426	0.0600148	0.0611397	0.0667433	0.348946	0.388509	0.363487	0.171128	0.39203	0.176208	0.124037	0.123071	0.199345	0.332105	0.394017	0.0798572	0.360596	0.177558	0.195107	0.241484	0.133329	0.175668	0.069086	0.0500166	0.106045	0.343212	0.182809	0.191914	0.205773	0.33798	0.335234	0.241381	0.269126	0.347779	0.341547	0.213748	0.165349	0.309515	0.130557	0.328899	0.304661	0.106579	0.12198	0.147961	0.185298	0.211226	0.237142	
MomentArms on: knee_angle_r
-0.02296	-0.0235282	-0.0153063	-0.0148225	-0.0258465	0.0340947	-0.00921743	-0.0280964	-0.0338916	0.00660191	0.0312209	0.0308512	0.0304402	
External Torques: 26.3801 
Current Torque on knee_angle_r 27.8336

----------------------------------------


EmgTime: 2.445
Adjusted EMG
0.0369296	0.0369296	0.0369296	0.0369296	0.0369296	0.0369296	0.0739861	0.0748826	0.0739861	0.0757334	0.0204165	0.001	0.001	0.001	0.001	0.001	0.001	0.0885913	0.001	0.0369296	0.0369296	0.0369296	0.001	0.001	0.001	0.001	0.001	0.001	0.0867318	0.0671383	0.0881576	0.111314	0.111567	0.111314	0.001	0.001	0.001	0.0954872	0.001	0.001	0.001	0.0954872	0.0954872	0	0	0	0	0	0	0	0	0	0	0	0	0	0	0	0	0	0	0	0	0	0	0	0	0	0	0	0	0	0	0	0	0	0	0	0	0	0	0	0	0	0	0	0.001	0	0.001	0	0.000997281	0	
LmtTime: 2.44
Lmt
0.104224	0.117435	0.103397	0.0704434	0.0735137	0.0790958	0.326674	0.357268	0.336413	0.175458	0.43912	0.149533	0.0912821	0.0814181	0.154935	0.291965	0.435534	0.0672494	0.327681	0.178184	0.187334	0.20236	0.148005	0.189259	0.0527631	0.0541157	0.116319	0.362349	0.176136	0.185357	0.199202	0.33863	0.335813	0.239461	0.267878	0.346764	0.340495	0.214204	0.164661	0.308421	0.130791	0.329034	0.305049	0.0939152	0.107856	0.094396	0.0598574	0.0610805	0.0667937	0.349129	0.388665	0.363608	0.171369	0.392566	0.175724	0.123672	0.122741	0.198961	0.331809	0.394157	0.0796191	0.360479	0.177652	0.195228	0.241375	0.133261	0.175569	0.069203	0.0502659	0.106251	0.343023	0.182126	0.191607	0.205171	0.338262	0.335509	0.24149	0.269161	0.347812	0.341591	0.21363	0.165369	0.309542	0.130494	0.328799	0.304547	0.106872	0.122182	0.147785	0.184965	0.211048	0.236807	
MomentArms on: knee_angle_r
-0.0228781	-0.0235185	-0.0153066	-0.0148494	-0.0258992	0.0339685	-0.00931475	-0.0280951	-0.0338774	0.00652973	0.0311314	0.0307197	0.0303336	
External Torques: 27.3956 
Current Torque on knee_angle_r 29.1836

----------------------------------------


EmgTime: 2.455
Adjusted EMG
0.0368377	0.0368377	0.0368377	0.0368377	0.0368377	0.0368377	0.0741627	0.0752523	0.0741627	0.0762278	0.0241902	0.001	0.001	0.001	0.001	0.001	0.001	0.0888009	0.001	0.0368377	0.0368377	0.0368377	0.001	0.001	0.001	0.001	0.001	0.001	0.0865333	0.0618192	0.0882956	0.110943	0.111234	0.110943	0.001	0.001	0.001	0.0957002	0.001	0.001	0.001	0.0957002	0.0957002	0	0	0	0	0	0	0	0	0	0	0	0	0	0	0	0	0	0	0	0	0	0	0	0	0	0	0	0	0	0	0	0	0	0	0	0	0	0	0	0	0	0	0	0.001	0	0.001	0	0.000997281	0	
LmtTime: 2.45
Lmt
0.104384	0.117457	0.10331	0.0706309	0.0736472	0.0791523	0.325919	0.356348	0.335703	0.175059	0.439231	0.149593	0.0911741	0.0811498	0.154654	0.291664	0.436009	0.0673131	0.327053	0.178003	0.187059	0.201861	0.148231	0.189479	0.0524569	0.0539769	0.116255	0.36314	0.176628	0.185868	0.199693	0.33832	0.335503	0.239415	0.267864	0.346751	0.340477	0.214252	0.164652	0.30841	0.130816	0.329074	0.305093	0.0936549	0.107815	0.0945349	0.0596062	0.0609507	0.0668039	0.349163	0.388636	0.363619	0.171533	0.393177	0.175175	0.123251	0.122362	0.1985	0.331427	0.394335	0.0793582	0.360184	0.177717	0.195344	0.241234	0.133203	0.175477	0.0693825	0.0505898	0.106477	0.34299	0.181928	0.191399	0.204978	0.338585	0.335829	0.241683	0.269223	0.34787	0.341668	0.213421	0.165404	0.30959	0.130383	0.328625	0.304348	0.10706	0.122346	0.147552	0.184803	0.210864	0.236578	
MomentArms on: knee_angle_r
-0.0227826	-0.0235039	-0.0153039	-0.0148767	-0.0259593	0.0338226	-0.00942396	-0.0280905	-0.0338575	0.00644892	0.0310279	0.0305684	0.0302109	
External Torques: 28.3318 
Current Torque on knee_angle_r 30.4619

----------------------------------------
Estimation completed.

LmtMa: lmtMa DONE
Using C:/Git\opensim_tutorial\tutorials\repeated_sprinting\Simulations\PC002\trial2_r1\ceinms\execution as output directory
